Config: 
 {
  "model_save_path": "/tmp/",
  "model": "dnn",
  "loss": "ce",
  "model_name": "blip_mc_dnn_ce_mc",
  "dependency_meta": "",
  "timesteps": 10,
  "num_classes": 10,
  "rnn_config": {
    "ninp": 1,
    "nhid": 1000,
    "nlayers": 3,
    "nclasses": 10
  },
  "dnn_config": {
    "layers": [
      300,
      200,
      100,
      10
    ]
  },
  "batch_size": 32,
  "num_epochs": 100,
  "learning_rate": 0.001
}
Model: 
 Linear(
  (layers): ModuleList(
    (0): Linear(in_features=10, out_features=300, bias=True)
    (1): Linear(in_features=300, out_features=200, bias=True)
    (2): Linear(in_features=200, out_features=100, bias=True)
    (3): Linear(in_features=100, out_features=10, bias=True)
  )
  (sigmoid_activation): Sigmoid()
  (softmax_activation): Softmax(dim=-1)
)
Epoch[1/100] | Loss:2.3344 |Acc: 10.6250|Pred Confidence: nan | C 0:0.1361 | C 1:0.1292 | C 2:nan| C 3:nan| C 4:0.1407| C 5:0.1412| C 6:0.1409| C 7:0.1383| C 8:nan| C 9:nan| C 10:nan| C 11:nan
Epoch[2/100] | Loss:2.2971 |Acc: 12.6250|Pred Confidence: nan | C 0:0.1411 | C 1:nan | C 2:0.1326| C 3:nan| C 4:nan| C 5:nan| C 6:0.1400| C 7:0.1334| C 8:nan| C 9:nan| C 10:nan| C 11:nan
Epoch[3/100] | Loss:2.0360 |Acc: 36.7500|Pred Confidence: nan | C 0:0.1757 | C 1:0.1400 | C 2:0.1583| C 3:0.1839| C 4:0.1727| C 5:0.1737| C 6:0.1964| C 7:0.2071| C 8:nan| C 9:0.1287| C 10:nan| C 11:nan
Epoch[4/100] | Loss:1.2789 |Acc: 73.0000|Pred Confidence: 0.33 | C 0:0.3111 | C 1:0.2826 | C 2:0.3340| C 3:0.3542| C 4:0.3321| C 5:0.3670| C 6:0.4041| C 7:0.3600| C 8:0.2367| C 9:0.2193| C 10:nan| C 11:nan
Epoch[5/100] | Loss:0.7776 |Acc: 93.7500|Pred Confidence: 0.49 | C 0:0.4566 | C 1:0.4194 | C 2:0.4935| C 3:0.4891| C 4:0.5307| C 5:0.5714| C 6:0.6232| C 7:0.5455| C 8:0.3639| C 9:0.3301| C 10:nan| C 11:nan
Epoch[6/100] | Loss:0.4599 |Acc: 100.0000|Pred Confidence: 0.64 | C 0:0.6882 | C 1:0.5830 | C 2:0.6328| C 3:0.6226| C 4:0.6707| C 5:0.6993| C 6:0.7707| C 7:0.7129| C 8:0.5327| C 9:0.4675| C 10:nan| C 11:nan
Epoch[7/100] | Loss:0.2755 |Acc: 100.0000|Pred Confidence: 0.76 | C 0:0.8426 | C 1:0.7298 | C 2:0.7486| C 3:0.7419| C 4:0.7751| C 5:0.7912| C 6:0.8498| C 7:0.8119| C 8:0.6719| C 9:0.6476| C 10:nan| C 11:nan
Epoch[8/100] | Loss:0.1766 |Acc: 100.0000|Pred Confidence: 0.84 | C 0:0.9041 | C 1:0.8255 | C 2:0.8262| C 3:0.8205| C 4:0.8431| C 5:0.8519| C 6:0.8942| C 7:0.8678| C 8:0.7756| C 9:0.7717| C 10:nan| C 11:nan
Epoch[9/100] | Loss:0.1222 |Acc: 100.0000|Pred Confidence: 0.89 | C 0:0.9340 | C 1:0.8806 | C 2:0.8741| C 3:0.8701| C 4:0.8854| C 5:0.8906| C 6:0.9216| C 7:0.9028| C 8:0.8410| C 9:0.8447| C 10:nan| C 11:nan
Epoch[10/100] | Loss:0.0899 |Acc: 100.0000|Pred Confidence: 0.91 | C 0:0.9512 | C 1:0.9130 | C 2:0.9047| C 3:0.9017| C 4:0.9128| C 5:0.9160| C 6:0.9394| C 7:0.9257| C 8:0.8822| C 9:0.8880| C 10:nan| C 11:nan
Epoch[11/100] | Loss:0.0693 |Acc: 100.0000|Pred Confidence: 0.93 | C 0:0.9621 | C 1:0.9334 | C 2:0.9252| C 3:0.9228| C 4:0.9313| C 5:0.9335| C 6:0.9517| C 7:0.9412| C 8:0.9094| C 9:0.9155| C 10:nan| C 11:nan
Epoch[12/100] | Loss:0.0552 |Acc: 100.0000|Pred Confidence: 0.95 | C 0:0.9695 | C 1:0.9471 | C 2:0.9398| C 3:0.9377| C 4:0.9444| C 5:0.9460| C 6:0.9605| C 7:0.9523| C 8:0.9281| C 9:0.9339| C 10:nan| C 11:nan
Epoch[13/100] | Loss:0.0451 |Acc: 100.0000|Pred Confidence: 0.96 | C 0:0.9749 | C 1:0.9569 | C 2:0.9505| C 3:0.9486| C 4:0.9540| C 5:0.9552| C 6:0.9670| C 7:0.9605| C 8:0.9414| C 9:0.9467| C 10:nan| C 11:nan
Epoch[14/100] | Loss:0.0376 |Acc: 100.0000|Pred Confidence: 0.96 | C 0:0.9789 | C 1:0.9641 | C 2:0.9585| C 3:0.9568| C 4:0.9613| C 5:0.9622| C 6:0.9720| C 7:0.9667| C 8:0.9513| C 9:0.9560| C 10:nan| C 11:nan
Epoch[15/100] | Loss:0.0319 |Acc: 100.0000|Pred Confidence: 0.97 | C 0:0.9820 | C 1:0.9695 | C 2:0.9647| C 3:0.9632| C 4:0.9669| C 5:0.9677| C 6:0.9760| C 7:0.9716| C 8:0.9588| C 9:0.9630| C 10:nan| C 11:nan
Epoch[16/100] | Loss:0.0274 |Acc: 100.0000|Pred Confidence: 0.97 | C 0:0.9845 | C 1:0.9738 | C 2:0.9696| C 3:0.9683| C 4:0.9714| C 5:0.9721| C 6:0.9791| C 7:0.9754| C 8:0.9646| C 9:0.9684| C 10:nan| C 11:nan
Epoch[17/100] | Loss:0.0239 |Acc: 100.0000|Pred Confidence: 0.98 | C 0:0.9865 | C 1:0.9772 | C 2:0.9735| C 3:0.9723| C 4:0.9750| C 5:0.9756| C 6:0.9817| C 7:0.9785| C 8:0.9692| C 9:0.9727| C 10:nan| C 11:nan
Epoch[18/100] | Loss:0.0209 |Acc: 100.0000|Pred Confidence: 0.98 | C 0:0.9881 | C 1:0.9800 | C 2:0.9767| C 3:0.9757| C 4:0.9779| C 5:0.9784| C 6:0.9839| C 7:0.9810| C 8:0.9730| C 9:0.9761| C 10:nan| C 11:nan
Epoch[19/100] | Loss:0.0185 |Acc: 100.0000|Pred Confidence: 0.98 | C 0:0.9894 | C 1:0.9823 | C 2:0.9794| C 3:0.9784| C 4:0.9804| C 5:0.9809| C 6:0.9856| C 7:0.9831| C 8:0.9761| C 9:0.9790| C 10:nan| C 11:nan
Epoch[20/100] | Loss:0.0165 |Acc: 100.0000|Pred Confidence: 0.98 | C 0:0.9906 | C 1:0.9843 | C 2:0.9816| C 3:0.9808| C 4:0.9824| C 5:0.9829| C 6:0.9872| C 7:0.9849| C 8:0.9787| C 9:0.9813| C 10:nan| C 11:nan
Epoch[21/100] | Loss:0.0148 |Acc: 100.0000|Pred Confidence: 0.99 | C 0:0.9915 | C 1:0.9859 | C 2:0.9835| C 3:0.9827| C 4:0.9842| C 5:0.9846| C 6:0.9884| C 7:0.9864| C 8:0.9809| C 9:0.9833| C 10:nan| C 11:nan
Epoch[22/100] | Loss:0.0133 |Acc: 100.0000|Pred Confidence: 0.99 | C 0:0.9923 | C 1:0.9873 | C 2:0.9852| C 3:0.9844| C 4:0.9857| C 5:0.9861| C 6:0.9896| C 7:0.9877| C 8:0.9828| C 9:0.9850| C 10:nan| C 11:nan
Epoch[23/100] | Loss:0.0121 |Acc: 100.0000|Pred Confidence: 0.99 | C 0:0.9930 | C 1:0.9886 | C 2:0.9865| C 3:0.9859| C 4:0.9870| C 5:0.9874| C 6:0.9905| C 7:0.9889| C 8:0.9844| C 9:0.9865| C 10:nan| C 11:nan
Epoch[24/100] | Loss:0.0110 |Acc: 100.0000|Pred Confidence: 0.99 | C 0:0.9936 | C 1:0.9896 | C 2:0.9878| C 3:0.9871| C 4:0.9881| C 5:0.9885| C 6:0.9914| C 7:0.9898| C 8:0.9858| C 9:0.9877| C 10:nan| C 11:nan
Epoch[25/100] | Loss:0.0100 |Acc: 100.0000|Pred Confidence: 0.99 | C 0:0.9941 | C 1:0.9905 | C 2:0.9888| C 3:0.9882| C 4:0.9891| C 5:0.9895| C 6:0.9921| C 7:0.9907| C 8:0.9871| C 9:0.9888| C 10:nan| C 11:nan
Epoch[26/100] | Loss:0.0092 |Acc: 100.0000|Pred Confidence: 0.99 | C 0:0.9946 | C 1:0.9913 | C 2:0.9898| C 3:0.9892| C 4:0.9900| C 5:0.9904| C 6:0.9927| C 7:0.9915| C 8:0.9881| C 9:0.9898| C 10:nan| C 11:nan
Epoch[27/100] | Loss:0.0085 |Acc: 100.0000|Pred Confidence: 0.99 | C 0:0.9950 | C 1:0.9920 | C 2:0.9906| C 3:0.9901| C 4:0.9908| C 5:0.9911| C 6:0.9933| C 7:0.9921| C 8:0.9891| C 9:0.9906| C 10:nan| C 11:nan
Epoch[28/100] | Loss:0.0078 |Acc: 100.0000|Pred Confidence: 0.99 | C 0:0.9954 | C 1:0.9927 | C 2:0.9913| C 3:0.9909| C 4:0.9915| C 5:0.9918| C 6:0.9938| C 7:0.9927| C 8:0.9899| C 9:0.9914| C 10:nan| C 11:nan
Epoch[29/100] | Loss:0.0072 |Acc: 100.0000|Pred Confidence: 0.99 | C 0:0.9957 | C 1:0.9932 | C 2:0.9920| C 3:0.9916| C 4:0.9921| C 5:0.9924| C 6:0.9943| C 7:0.9933| C 8:0.9907| C 9:0.9921| C 10:nan| C 11:nan
Epoch[30/100] | Loss:0.0067 |Acc: 100.0000|Pred Confidence: 0.99 | C 0:0.9960 | C 1:0.9937 | C 2:0.9926| C 3:0.9922| C 4:0.9927| C 5:0.9930| C 6:0.9947| C 7:0.9938| C 8:0.9914| C 9:0.9927| C 10:nan| C 11:nan
Epoch[31/100] | Loss:0.0062 |Acc: 100.0000|Pred Confidence: 0.99 | C 0:0.9963 | C 1:0.9942 | C 2:0.9931| C 3:0.9928| C 4:0.9932| C 5:0.9935| C 6:0.9951| C 7:0.9942| C 8:0.9920| C 9:0.9932| C 10:nan| C 11:nan
Epoch[32/100] | Loss:0.0058 |Acc: 100.0000|Pred Confidence: 0.99 | C 0:0.9965 | C 1:0.9946 | C 2:0.9936| C 3:0.9933| C 4:0.9937| C 5:0.9940| C 6:0.9954| C 7:0.9946| C 8:0.9926| C 9:0.9937| C 10:nan| C 11:nan
Epoch[33/100] | Loss:0.0054 |Acc: 100.0000|Pred Confidence: 0.99 | C 0:0.9968 | C 1:0.9950 | C 2:0.9940| C 3:0.9938| C 4:0.9941| C 5:0.9944| C 6:0.9957| C 7:0.9950| C 8:0.9931| C 9:0.9941| C 10:nan| C 11:nan
Epoch[34/100] | Loss:0.0050 |Acc: 100.0000|Pred Confidence: 0.99 | C 0:0.9970 | C 1:0.9953 | C 2:0.9944| C 3:0.9942| C 4:0.9945| C 5:0.9947| C 6:0.9960| C 7:0.9953| C 8:0.9935| C 9:0.9945| C 10:nan| C 11:nan
Epoch[35/100] | Loss:0.0047 |Acc: 100.0000|Pred Confidence: 1.00 | C 0:0.9972 | C 1:0.9956 | C 2:0.9948| C 3:0.9946| C 4:0.9948| C 5:0.9951| C 6:0.9963| C 7:0.9956| C 8:0.9939| C 9:0.9949| C 10:nan| C 11:nan
Epoch[36/100] | Loss:0.0044 |Acc: 100.0000|Pred Confidence: 1.00 | C 0:0.9973 | C 1:0.9959 | C 2:0.9951| C 3:0.9949| C 4:0.9952| C 5:0.9954| C 6:0.9965| C 7:0.9959| C 8:0.9943| C 9:0.9952| C 10:nan| C 11:nan
Epoch[37/100] | Loss:0.0041 |Acc: 100.0000|Pred Confidence: 1.00 | C 0:0.9975 | C 1:0.9961 | C 2:0.9954| C 3:0.9952| C 4:0.9955| C 5:0.9957| C 6:0.9967| C 7:0.9961| C 8:0.9947| C 9:0.9955| C 10:nan| C 11:nan
Epoch[38/100] | Loss:0.0039 |Acc: 100.0000|Pred Confidence: 1.00 | C 0:0.9976 | C 1:0.9964 | C 2:0.9957| C 3:0.9955| C 4:0.9957| C 5:0.9960| C 6:0.9969| C 7:0.9964| C 8:0.9950| C 9:0.9958| C 10:nan| C 11:nan
Epoch[39/100] | Loss:0.0036 |Acc: 100.0000|Pred Confidence: 1.00 | C 0:0.9978 | C 1:0.9966 | C 2:0.9960| C 3:0.9958| C 4:0.9960| C 5:0.9962| C 6:0.9971| C 7:0.9966| C 8:0.9953| C 9:0.9960| C 10:nan| C 11:nan
Epoch[40/100] | Loss:0.0034 |Acc: 100.0000|Pred Confidence: 1.00 | C 0:0.9979 | C 1:0.9968 | C 2:0.9962| C 3:0.9961| C 4:0.9962| C 5:0.9964| C 6:0.9973| C 7:0.9968| C 8:0.9956| C 9:0.9963| C 10:nan| C 11:nan
Epoch[41/100] | Loss:0.0032 |Acc: 100.0000|Pred Confidence: 1.00 | C 0:0.9980 | C 1:0.9970 | C 2:0.9964| C 3:0.9963| C 4:0.9965| C 5:0.9966| C 6:0.9974| C 7:0.9970| C 8:0.9958| C 9:0.9965| C 10:nan| C 11:nan
Epoch[42/100] | Loss:0.0030 |Acc: 100.0000|Pred Confidence: 1.00 | C 0:0.9981 | C 1:0.9971 | C 2:0.9966| C 3:0.9965| C 4:0.9967| C 5:0.9968| C 6:0.9976| C 7:0.9971| C 8:0.9961| C 9:0.9967| C 10:nan| C 11:nan
Epoch[43/100] | Loss:0.0029 |Acc: 100.0000|Pred Confidence: 1.00 | C 0:0.9982 | C 1:0.9973 | C 2:0.9968| C 3:0.9967| C 4:0.9968| C 5:0.9970| C 6:0.9977| C 7:0.9973| C 8:0.9963| C 9:0.9969| C 10:nan| C 11:nan
Epoch[44/100] | Loss:0.0027 |Acc: 100.0000|Pred Confidence: 1.00 | C 0:0.9983 | C 1:0.9975 | C 2:0.9970| C 3:0.9969| C 4:0.9970| C 5:0.9972| C 6:0.9979| C 7:0.9974| C 8:0.9965| C 9:0.9971| C 10:nan| C 11:nan
Epoch[45/100] | Loss:0.0026 |Acc: 100.0000|Pred Confidence: 1.00 | C 0:0.9984 | C 1:0.9976 | C 2:0.9972| C 3:0.9971| C 4:0.9972| C 5:0.9973| C 6:0.9980| C 7:0.9976| C 8:0.9967| C 9:0.9972| C 10:nan| C 11:nan
Epoch[46/100] | Loss:0.0024 |Acc: 100.0000|Pred Confidence: 1.00 | C 0:0.9985 | C 1:0.9977 | C 2:0.9973| C 3:0.9972| C 4:0.9973| C 5:0.9975| C 6:0.9981| C 7:0.9977| C 8:0.9969| C 9:0.9974| C 10:nan| C 11:nan
Epoch[47/100] | Loss:0.0023 |Acc: 100.0000|Pred Confidence: 1.00 | C 0:0.9986 | C 1:0.9978 | C 2:0.9975| C 3:0.9974| C 4:0.9975| C 5:0.9976| C 6:0.9982| C 7:0.9978| C 8:0.9970| C 9:0.9975| C 10:nan| C 11:nan
Epoch[48/100] | Loss:0.0022 |Acc: 100.0000|Pred Confidence: 1.00 | C 0:0.9986 | C 1:0.9980 | C 2:0.9976| C 3:0.9975| C 4:0.9976| C 5:0.9977| C 6:0.9983| C 7:0.9979| C 8:0.9972| C 9:0.9977| C 10:nan| C 11:nan
Epoch[49/100] | Loss:0.0021 |Acc: 100.0000|Pred Confidence: 1.00 | C 0:0.9987 | C 1:0.9981 | C 2:0.9977| C 3:0.9976| C 4:0.9977| C 5:0.9979| C 6:0.9984| C 7:0.9980| C 8:0.9973| C 9:0.9978| C 10:nan| C 11:nan
Epoch[50/100] | Loss:0.0019 |Acc: 100.0000|Pred Confidence: 1.00 | C 0:0.9988 | C 1:0.9982 | C 2:0.9978| C 3:0.9978| C 4:0.9979| C 5:0.9980| C 6:0.9985| C 7:0.9981| C 8:0.9975| C 9:0.9979| C 10:nan| C 11:nan
Epoch[51/100] | Loss:0.0019 |Acc: 100.0000|Pred Confidence: 1.00 | C 0:0.9988 | C 1:0.9983 | C 2:0.9979| C 3:0.9979| C 4:0.9980| C 5:0.9981| C 6:0.9985| C 7:0.9982| C 8:0.9976| C 9:0.9980| C 10:nan| C 11:nan
Epoch[52/100] | Loss:0.0018 |Acc: 100.0000|Pred Confidence: 1.00 | C 0:0.9989 | C 1:0.9983 | C 2:0.9980| C 3:0.9980| C 4:0.9981| C 5:0.9982| C 6:0.9986| C 7:0.9983| C 8:0.9977| C 9:0.9981| C 10:nan| C 11:nan
Epoch[53/100] | Loss:0.0017 |Acc: 100.0000|Pred Confidence: 1.00 | C 0:0.9989 | C 1:0.9984 | C 2:0.9981| C 3:0.9981| C 4:0.9982| C 5:0.9983| C 6:0.9987| C 7:0.9984| C 8:0.9978| C 9:0.9982| C 10:nan| C 11:nan
Epoch[54/100] | Loss:0.0016 |Acc: 100.0000|Pred Confidence: 1.00 | C 0:0.9990 | C 1:0.9985 | C 2:0.9982| C 3:0.9982| C 4:0.9983| C 5:0.9984| C 6:0.9987| C 7:0.9985| C 8:0.9979| C 9:0.9983| C 10:nan| C 11:nan
Epoch[55/100] | Loss:0.0015 |Acc: 100.0000|Pred Confidence: 1.00 | C 0:0.9990 | C 1:0.9986 | C 2:0.9983| C 3:0.9983| C 4:0.9983| C 5:0.9984| C 6:0.9988| C 7:0.9986| C 8:0.9980| C 9:0.9984| C 10:nan| C 11:nan
Epoch[56/100] | Loss:0.0014 |Acc: 100.0000|Pred Confidence: 1.00 | C 0:0.9991 | C 1:0.9986 | C 2:0.9984| C 3:0.9984| C 4:0.9984| C 5:0.9985| C 6:0.9989| C 7:0.9986| C 8:0.9981| C 9:0.9985| C 10:nan| C 11:nan
Epoch[57/100] | Loss:0.0014 |Acc: 100.0000|Pred Confidence: 1.00 | C 0:0.9991 | C 1:0.9987 | C 2:0.9985| C 3:0.9984| C 4:0.9985| C 5:0.9986| C 6:0.9989| C 7:0.9987| C 8:0.9982| C 9:0.9985| C 10:nan| C 11:nan
Epoch[58/100] | Loss:0.0013 |Acc: 100.0000|Pred Confidence: 1.00 | C 0:0.9992 | C 1:0.9988 | C 2:0.9986| C 3:0.9985| C 4:0.9986| C 5:0.9987| C 6:0.9990| C 7:0.9988| C 8:0.9983| C 9:0.9986| C 10:nan| C 11:nan
Epoch[59/100] | Loss:0.0012 |Acc: 100.0000|Pred Confidence: 1.00 | C 0:0.9992 | C 1:0.9988 | C 2:0.9986| C 3:0.9986| C 4:0.9986| C 5:0.9987| C 6:0.9990| C 7:0.9988| C 8:0.9984| C 9:0.9987| C 10:nan| C 11:nan
Epoch[60/100] | Loss:0.0012 |Acc: 100.0000|Pred Confidence: 1.00 | C 0:0.9992 | C 1:0.9989 | C 2:0.9987| C 3:0.9986| C 4:0.9987| C 5:0.9988| C 6:0.9991| C 7:0.9989| C 8:0.9985| C 9:0.9987| C 10:nan| C 11:nan
Epoch[61/100] | Loss:0.0011 |Acc: 100.0000|Pred Confidence: 1.00 | C 0:0.9993 | C 1:0.9989 | C 2:0.9987| C 3:0.9987| C 4:0.9988| C 5:0.9988| C 6:0.9991| C 7:0.9989| C 8:0.9985| C 9:0.9988| C 10:nan| C 11:nan
Epoch[62/100] | Loss:0.0011 |Acc: 100.0000|Pred Confidence: 1.00 | C 0:0.9993 | C 1:0.9990 | C 2:0.9988| C 3:0.9988| C 4:0.9988| C 5:0.9989| C 6:0.9991| C 7:0.9990| C 8:0.9986| C 9:0.9989| C 10:nan| C 11:nan
Epoch[63/100] | Loss:0.0010 |Acc: 100.0000|Pred Confidence: 1.00 | C 0:0.9993 | C 1:0.9990 | C 2:0.9989| C 3:0.9988| C 4:0.9989| C 5:0.9989| C 6:0.9992| C 7:0.9990| C 8:0.9987| C 9:0.9989| C 10:nan| C 11:nan
Epoch[64/100] | Loss:0.0010 |Acc: 100.0000|Pred Confidence: 1.00 | C 0:0.9994 | C 1:0.9991 | C 2:0.9989| C 3:0.9989| C 4:0.9989| C 5:0.9990| C 6:0.9992| C 7:0.9991| C 8:0.9987| C 9:0.9990| C 10:nan| C 11:nan
Epoch[65/100] | Loss:0.0009 |Acc: 100.0000|Pred Confidence: 1.00 | C 0:0.9994 | C 1:0.9991 | C 2:0.9990| C 3:0.9989| C 4:0.9990| C 5:0.9990| C 6:0.9993| C 7:0.9991| C 8:0.9988| C 9:0.9990| C 10:nan| C 11:nan
Epoch[66/100] | Loss:0.0009 |Acc: 100.0000|Pred Confidence: 1.00 | C 0:0.9994 | C 1:0.9992 | C 2:0.9990| C 3:0.9990| C 4:0.9990| C 5:0.9991| C 6:0.9993| C 7:0.9991| C 8:0.9988| C 9:0.9990| C 10:nan| C 11:nan
Epoch[67/100] | Loss:0.0008 |Acc: 100.0000|Pred Confidence: 1.00 | C 0:0.9995 | C 1:0.9992 | C 2:0.9991| C 3:0.9990| C 4:0.9991| C 5:0.9991| C 6:0.9993| C 7:0.9992| C 8:0.9989| C 9:0.9991| C 10:nan| C 11:nan
Epoch[68/100] | Loss:0.0008 |Acc: 100.0000|Pred Confidence: 1.00 | C 0:0.9995 | C 1:0.9992 | C 2:0.9991| C 3:0.9991| C 4:0.9991| C 5:0.9992| C 6:0.9994| C 7:0.9992| C 8:0.9989| C 9:0.9991| C 10:nan| C 11:nan
Epoch[69/100] | Loss:0.0008 |Acc: 100.0000|Pred Confidence: 1.00 | C 0:0.9995 | C 1:0.9993 | C 2:0.9991| C 3:0.9991| C 4:0.9991| C 5:0.9992| C 6:0.9994| C 7:0.9993| C 8:0.9990| C 9:0.9992| C 10:nan| C 11:nan
Epoch[70/100] | Loss:0.0007 |Acc: 100.0000|Pred Confidence: 1.00 | C 0:0.9995 | C 1:0.9993 | C 2:0.9992| C 3:0.9992| C 4:0.9992| C 5:0.9992| C 6:0.9994| C 7:0.9993| C 8:0.9990| C 9:0.9992| C 10:nan| C 11:nan
Epoch[71/100] | Loss:0.0007 |Acc: 100.0000|Pred Confidence: 1.00 | C 0:0.9995 | C 1:0.9993 | C 2:0.9992| C 3:0.9992| C 4:0.9992| C 5:0.9993| C 6:0.9994| C 7:0.9993| C 8:0.9991| C 9:0.9992| C 10:nan| C 11:nan
Epoch[72/100] | Loss:0.0007 |Acc: 100.0000|Pred Confidence: 1.00 | C 0:0.9996 | C 1:0.9994 | C 2:0.9992| C 3:0.9992| C 4:0.9993| C 5:0.9993| C 6:0.9995| C 7:0.9994| C 8:0.9991| C 9:0.9993| C 10:nan| C 11:nan
Epoch[73/100] | Loss:0.0006 |Acc: 100.0000|Pred Confidence: 1.00 | C 0:0.9996 | C 1:0.9994 | C 2:0.9993| C 3:0.9993| C 4:0.9993| C 5:0.9993| C 6:0.9995| C 7:0.9994| C 8:0.9991| C 9:0.9993| C 10:nan| C 11:nan
Epoch[74/100] | Loss:0.0006 |Acc: 100.0000|Pred Confidence: 1.00 | C 0:0.9996 | C 1:0.9994 | C 2:0.9993| C 3:0.9993| C 4:0.9993| C 5:0.9994| C 6:0.9995| C 7:0.9994| C 8:0.9992| C 9:0.9993| C 10:nan| C 11:nan
Epoch[75/100] | Loss:0.0006 |Acc: 100.0000|Pred Confidence: 1.00 | C 0:0.9996 | C 1:0.9994 | C 2:0.9993| C 3:0.9993| C 4:0.9993| C 5:0.9994| C 6:0.9995| C 7:0.9994| C 8:0.9992| C 9:0.9994| C 10:nan| C 11:nan
Epoch[76/100] | Loss:0.0006 |Acc: 100.0000|Pred Confidence: 1.00 | C 0:0.9996 | C 1:0.9995 | C 2:0.9994| C 3:0.9994| C 4:0.9994| C 5:0.9994| C 6:0.9996| C 7:0.9995| C 8:0.9993| C 9:0.9994| C 10:nan| C 11:nan
Epoch[77/100] | Loss:0.0005 |Acc: 100.0000|Pred Confidence: 1.00 | C 0:0.9996 | C 1:0.9995 | C 2:0.9994| C 3:0.9994| C 4:0.9994| C 5:0.9994| C 6:0.9996| C 7:0.9995| C 8:0.9993| C 9:0.9994| C 10:nan| C 11:nan
Epoch[78/100] | Loss:0.0005 |Acc: 100.0000|Pred Confidence: 1.00 | C 0:0.9997 | C 1:0.9995 | C 2:0.9994| C 3:0.9994| C 4:0.9994| C 5:0.9995| C 6:0.9996| C 7:0.9995| C 8:0.9993| C 9:0.9995| C 10:nan| C 11:nan
Epoch[79/100] | Loss:0.0005 |Acc: 100.0000|Pred Confidence: 1.00 | C 0:0.9997 | C 1:0.9995 | C 2:0.9994| C 3:0.9994| C 4:0.9995| C 5:0.9995| C 6:0.9996| C 7:0.9995| C 8:0.9993| C 9:0.9995| C 10:nan| C 11:nan
Epoch[80/100] | Loss:0.0005 |Acc: 100.0000|Pred Confidence: 1.00 | C 0:0.9997 | C 1:0.9995 | C 2:0.9995| C 3:0.9995| C 4:0.9995| C 5:0.9995| C 6:0.9996| C 7:0.9995| C 8:0.9994| C 9:0.9995| C 10:nan| C 11:nan
Epoch[81/100] | Loss:0.0005 |Acc: 100.0000|Pred Confidence: 1.00 | C 0:0.9997 | C 1:0.9996 | C 2:0.9995| C 3:0.9995| C 4:0.9995| C 5:0.9995| C 6:0.9996| C 7:0.9996| C 8:0.9994| C 9:0.9995| C 10:nan| C 11:nan
Epoch[82/100] | Loss:0.0004 |Acc: 100.0000|Pred Confidence: 1.00 | C 0:0.9997 | C 1:0.9996 | C 2:0.9995| C 3:0.9995| C 4:0.9995| C 5:0.9996| C 6:0.9997| C 7:0.9996| C 8:0.9994| C 9:0.9995| C 10:nan| C 11:nan
Epoch[83/100] | Loss:0.0004 |Acc: 100.0000|Pred Confidence: 1.00 | C 0:0.9997 | C 1:0.9996 | C 2:0.9995| C 3:0.9995| C 4:0.9995| C 5:0.9996| C 6:0.9997| C 7:0.9996| C 8:0.9994| C 9:0.9996| C 10:nan| C 11:nan
Epoch[84/100] | Loss:0.0004 |Acc: 100.0000|Pred Confidence: 1.00 | C 0:0.9997 | C 1:0.9996 | C 2:0.9996| C 3:0.9995| C 4:0.9996| C 5:0.9996| C 6:0.9997| C 7:0.9996| C 8:0.9995| C 9:0.9996| C 10:nan| C 11:nan
Epoch[85/100] | Loss:0.0004 |Acc: 100.0000|Pred Confidence: 1.00 | C 0:0.9997 | C 1:0.9996 | C 2:0.9996| C 3:0.9996| C 4:0.9996| C 5:0.9996| C 6:0.9997| C 7:0.9996| C 8:0.9995| C 9:0.9996| C 10:nan| C 11:nan
Epoch[86/100] | Loss:0.0004 |Acc: 100.0000|Pred Confidence: 1.00 | C 0:0.9998 | C 1:0.9996 | C 2:0.9996| C 3:0.9996| C 4:0.9996| C 5:0.9996| C 6:0.9997| C 7:0.9996| C 8:0.9995| C 9:0.9996| C 10:nan| C 11:nan
Epoch[87/100] | Loss:0.0004 |Acc: 100.0000|Pred Confidence: 1.00 | C 0:0.9998 | C 1:0.9997 | C 2:0.9996| C 3:0.9996| C 4:0.9996| C 5:0.9996| C 6:0.9997| C 7:0.9997| C 8:0.9995| C 9:0.9996| C 10:nan| C 11:nan
Epoch[88/100] | Loss:0.0003 |Acc: 100.0000|Pred Confidence: 1.00 | C 0:0.9998 | C 1:0.9997 | C 2:0.9996| C 3:0.9996| C 4:0.9996| C 5:0.9997| C 6:0.9997| C 7:0.9997| C 8:0.9996| C 9:0.9996| C 10:nan| C 11:nan
Epoch[89/100] | Loss:0.0003 |Acc: 100.0000|Pred Confidence: 1.00 | C 0:0.9998 | C 1:0.9997 | C 2:0.9996| C 3:0.9996| C 4:0.9996| C 5:0.9997| C 6:0.9997| C 7:0.9997| C 8:0.9996| C 9:0.9997| C 10:nan| C 11:nan
Epoch[90/100] | Loss:0.0003 |Acc: 100.0000|Pred Confidence: 1.00 | C 0:0.9998 | C 1:0.9997 | C 2:0.9997| C 3:0.9996| C 4:0.9997| C 5:0.9997| C 6:0.9998| C 7:0.9997| C 8:0.9996| C 9:0.9997| C 10:nan| C 11:nan
Epoch[91/100] | Loss:0.0003 |Acc: 100.0000|Pred Confidence: 1.00 | C 0:0.9998 | C 1:0.9997 | C 2:0.9997| C 3:0.9997| C 4:0.9997| C 5:0.9997| C 6:0.9998| C 7:0.9997| C 8:0.9996| C 9:0.9997| C 10:nan| C 11:nan
Epoch[92/100] | Loss:0.0003 |Acc: 100.0000|Pred Confidence: 1.00 | C 0:0.9998 | C 1:0.9997 | C 2:0.9997| C 3:0.9997| C 4:0.9997| C 5:0.9997| C 6:0.9998| C 7:0.9997| C 8:0.9996| C 9:0.9997| C 10:nan| C 11:nan
Epoch[93/100] | Loss:0.0003 |Acc: 100.0000|Pred Confidence: 1.00 | C 0:0.9998 | C 1:0.9997 | C 2:0.9997| C 3:0.9997| C 4:0.9997| C 5:0.9997| C 6:0.9998| C 7:0.9997| C 8:0.9996| C 9:0.9997| C 10:nan| C 11:nan
Epoch[94/100] | Loss:0.0003 |Acc: 100.0000|Pred Confidence: 1.00 | C 0:0.9998 | C 1:0.9998 | C 2:0.9997| C 3:0.9997| C 4:0.9997| C 5:0.9997| C 6:0.9998| C 7:0.9997| C 8:0.9997| C 9:0.9997| C 10:nan| C 11:nan
Epoch[95/100] | Loss:0.0003 |Acc: 100.0000|Pred Confidence: 1.00 | C 0:0.9998 | C 1:0.9998 | C 2:0.9997| C 3:0.9997| C 4:0.9997| C 5:0.9997| C 6:0.9998| C 7:0.9998| C 8:0.9997| C 9:0.9997| C 10:nan| C 11:nan
Epoch[96/100] | Loss:0.0002 |Acc: 100.0000|Pred Confidence: 1.00 | C 0:0.9998 | C 1:0.9998 | C 2:0.9997| C 3:0.9997| C 4:0.9997| C 5:0.9998| C 6:0.9998| C 7:0.9998| C 8:0.9997| C 9:0.9998| C 10:nan| C 11:nan
Epoch[97/100] | Loss:0.0002 |Acc: 100.0000|Pred Confidence: 1.00 | C 0:0.9998 | C 1:0.9998 | C 2:0.9997| C 3:0.9997| C 4:0.9997| C 5:0.9998| C 6:0.9998| C 7:0.9998| C 8:0.9997| C 9:0.9998| C 10:nan| C 11:nan
Epoch[98/100] | Loss:0.0002 |Acc: 100.0000|Pred Confidence: 1.00 | C 0:0.9999 | C 1:0.9998 | C 2:0.9998| C 3:0.9998| C 4:0.9998| C 5:0.9998| C 6:0.9998| C 7:0.9998| C 8:0.9997| C 9:0.9998| C 10:nan| C 11:nan
Epoch[99/100] | Loss:0.0002 |Acc: 100.0000|Pred Confidence: 1.00 | C 0:0.9999 | C 1:0.9998 | C 2:0.9998| C 3:0.9998| C 4:0.9998| C 5:0.9998| C 6:0.9998| C 7:0.9998| C 8:0.9997| C 9:0.9998| C 10:nan| C 11:nan
Epoch[100/100] | Loss:0.0002 |Acc: 100.0000|Pred Confidence: 1.00 | C 0:0.9999 | C 1:0.9998 | C 2:0.9998| C 3:0.9998| C 4:0.9998| C 5:0.9998| C 6:0.9998| C 7:0.9998| C 8:0.9997| C 9:0.9998| C 10:nan| C 11:nan
Test 1 Accuracy 100.0 | Confidence ({0: array([0.9998672], dtype=float32), 1: array([0.9998093], dtype=float32), 2: array([0.9997794], dtype=float32), 3: array([0.99977845], dtype=float32), 4: array([0.99978167], dtype=float32), 5: array([0.9997974], dtype=float32), 6: array([0.9998419], dtype=float32), 7: array([0.99980956], dtype=float32), 8: array([0.99973637], dtype=float32), 9: array([0.99979526], dtype=float32)}, 0.9997996)
Train 1 Accuracy 100.0 | Confidence ({0: array([0.9998675], dtype=float32), 1: array([0.9998094], dtype=float32), 2: array([0.9997794], dtype=float32), 3: array([0.99977845], dtype=float32), 4: array([0.9997816], dtype=float32), 5: array([0.99979734], dtype=float32), 6: array([0.99984175], dtype=float32), 7: array([0.99980956], dtype=float32), 8: array([0.99973625], dtype=float32), 9: array([0.9997952], dtype=float32)}, 0.9997996)
