Config: 
 {
  "model_name": "ford_a_dnn_ce",
  "model_save_path": "/tmp/",
  "model": "dnn",
  "loss": "ce",
  "timesteps": 500,
  "num_classes": 2,
  "rnn_config": {
    "ninp": 1,
    "nhid": 20,
    "nlayers": 1,
    "nclasses": 2
  },
  "dnn_config": {
    "layers": [
      10,
      10,
      2
    ]
  },
  "batch_size": 32,
  "num_epochs": 500,
  "learning_rate": 0.0005,
  "dependency_meta": ""
}
Model: 
 Linear(
  (layers): ModuleList(
    (0): Linear(in_features=500, out_features=10, bias=True)
    (1): Linear(in_features=10, out_features=10, bias=True)
    (2): Linear(in_features=10, out_features=2, bias=True)
  )
  (sigmoid_activation): Sigmoid()
  (softmax_activation): Softmax(dim=-1)
)
Epoch [1/500] | Loss: 0.6947 |  Accuracy: 0.5022 | Prediction Confidence: 0.52 | Class 0:0.5136 | Class 1:0.5211
Epoch [2/500] | Loss: 0.6919 |  Accuracy: 0.5075 | Prediction Confidence: 0.52 | Class 0:0.5181 | Class 1:0.5065
Epoch [3/500] | Loss: 0.6907 |  Accuracy: 0.5191 | Prediction Confidence: 0.52 | Class 0:0.5227 | Class 1:0.5098
Epoch [4/500] | Loss: 0.6894 |  Accuracy: 0.5399 | Prediction Confidence: 0.52 | Class 0:0.5282 | Class 1:0.5143
Epoch [5/500] | Loss: 0.6878 |  Accuracy: 0.5518 | Prediction Confidence: 0.53 | Class 0:0.5350 | Class 1:0.5195
Epoch [6/500] | Loss: 0.6862 |  Accuracy: 0.5551 | Prediction Confidence: 0.53 | Class 0:0.5418 | Class 1:0.5260
Epoch [7/500] | Loss: 0.6845 |  Accuracy: 0.5598 | Prediction Confidence: 0.54 | Class 0:0.5472 | Class 1:0.5322
Epoch [8/500] | Loss: 0.6828 |  Accuracy: 0.5640 | Prediction Confidence: 0.55 | Class 0:0.5522 | Class 1:0.5380
Epoch [9/500] | Loss: 0.6809 |  Accuracy: 0.5684 | Prediction Confidence: 0.55 | Class 0:0.5574 | Class 1:0.5430
Epoch [10/500] | Loss: 0.6789 |  Accuracy: 0.5745 | Prediction Confidence: 0.55 | Class 0:0.5620 | Class 1:0.5470
Epoch [11/500] | Loss: 0.6766 |  Accuracy: 0.5828 | Prediction Confidence: 0.56 | Class 0:0.5667 | Class 1:0.5507
Epoch [12/500] | Loss: 0.6742 |  Accuracy: 0.5875 | Prediction Confidence: 0.56 | Class 0:0.5715 | Class 1:0.5552
Epoch [13/500] | Loss: 0.6716 |  Accuracy: 0.5939 | Prediction Confidence: 0.57 | Class 0:0.5763 | Class 1:0.5591
Epoch [14/500] | Loss: 0.6687 |  Accuracy: 0.5975 | Prediction Confidence: 0.57 | Class 0:0.5818 | Class 1:0.5634
Epoch [15/500] | Loss: 0.6657 |  Accuracy: 0.6033 | Prediction Confidence: 0.58 | Class 0:0.5872 | Class 1:0.5674
Epoch [16/500] | Loss: 0.6624 |  Accuracy: 0.6094 | Prediction Confidence: 0.58 | Class 0:0.5927 | Class 1:0.5714
Epoch [17/500] | Loss: 0.6590 |  Accuracy: 0.6158 | Prediction Confidence: 0.59 | Class 0:0.5983 | Class 1:0.5760
Epoch [18/500] | Loss: 0.6554 |  Accuracy: 0.6158 | Prediction Confidence: 0.59 | Class 0:0.6045 | Class 1:0.5809
Epoch [19/500] | Loss: 0.6515 |  Accuracy: 0.6202 | Prediction Confidence: 0.60 | Class 0:0.6106 | Class 1:0.5850
Epoch [20/500] | Loss: 0.6475 |  Accuracy: 0.6233 | Prediction Confidence: 0.60 | Class 0:0.6169 | Class 1:0.5891
Epoch [21/500] | Loss: 0.6434 |  Accuracy: 0.6302 | Prediction Confidence: 0.61 | Class 0:0.6227 | Class 1:0.5924
Epoch [22/500] | Loss: 0.6391 |  Accuracy: 0.6349 | Prediction Confidence: 0.61 | Class 0:0.6280 | Class 1:0.5970
Epoch [23/500] | Loss: 0.6348 |  Accuracy: 0.6416 | Prediction Confidence: 0.62 | Class 0:0.6328 | Class 1:0.6009
Epoch [24/500] | Loss: 0.6304 |  Accuracy: 0.6468 | Prediction Confidence: 0.62 | Class 0:0.6385 | Class 1:0.6045
Epoch [25/500] | Loss: 0.6260 |  Accuracy: 0.6515 | Prediction Confidence: 0.63 | Class 0:0.6444 | Class 1:0.6088
Epoch [26/500] | Loss: 0.6215 |  Accuracy: 0.6546 | Prediction Confidence: 0.63 | Class 0:0.6501 | Class 1:0.6136
Epoch [27/500] | Loss: 0.6169 |  Accuracy: 0.6557 | Prediction Confidence: 0.64 | Class 0:0.6566 | Class 1:0.6184
Epoch [28/500] | Loss: 0.6123 |  Accuracy: 0.6604 | Prediction Confidence: 0.64 | Class 0:0.6607 | Class 1:0.6232
Epoch [29/500] | Loss: 0.6077 |  Accuracy: 0.6645 | Prediction Confidence: 0.65 | Class 0:0.6655 | Class 1:0.6284
Epoch [30/500] | Loss: 0.6031 |  Accuracy: 0.6701 | Prediction Confidence: 0.65 | Class 0:0.6700 | Class 1:0.6328
Epoch [31/500] | Loss: 0.5986 |  Accuracy: 0.6759 | Prediction Confidence: 0.66 | Class 0:0.6752 | Class 1:0.6370
Epoch [32/500] | Loss: 0.5940 |  Accuracy: 0.6823 | Prediction Confidence: 0.66 | Class 0:0.6794 | Class 1:0.6413
Epoch [33/500] | Loss: 0.5896 |  Accuracy: 0.6903 | Prediction Confidence: 0.66 | Class 0:0.6827 | Class 1:0.6456
Epoch [34/500] | Loss: 0.5852 |  Accuracy: 0.6942 | Prediction Confidence: 0.67 | Class 0:0.6869 | Class 1:0.6507
Epoch [35/500] | Loss: 0.5808 |  Accuracy: 0.6961 | Prediction Confidence: 0.67 | Class 0:0.6923 | Class 1:0.6555
Epoch [36/500] | Loss: 0.5765 |  Accuracy: 0.7008 | Prediction Confidence: 0.68 | Class 0:0.6960 | Class 1:0.6594
Epoch [37/500] | Loss: 0.5723 |  Accuracy: 0.7050 | Prediction Confidence: 0.68 | Class 0:0.7002 | Class 1:0.6635
Epoch [38/500] | Loss: 0.5681 |  Accuracy: 0.7078 | Prediction Confidence: 0.69 | Class 0:0.7047 | Class 1:0.6678
Epoch [39/500] | Loss: 0.5638 |  Accuracy: 0.7114 | Prediction Confidence: 0.69 | Class 0:0.7078 | Class 1:0.6721
Epoch [40/500] | Loss: 0.5597 |  Accuracy: 0.7180 | Prediction Confidence: 0.69 | Class 0:0.7095 | Class 1:0.6766
Epoch [41/500] | Loss: 0.5556 |  Accuracy: 0.7213 | Prediction Confidence: 0.70 | Class 0:0.7132 | Class 1:0.6812
Epoch [42/500] | Loss: 0.5516 |  Accuracy: 0.7241 | Prediction Confidence: 0.70 | Class 0:0.7165 | Class 1:0.6854
Epoch [43/500] | Loss: 0.5476 |  Accuracy: 0.7266 | Prediction Confidence: 0.71 | Class 0:0.7201 | Class 1:0.6903
Epoch [44/500] | Loss: 0.5438 |  Accuracy: 0.7294 | Prediction Confidence: 0.71 | Class 0:0.7231 | Class 1:0.6943
Epoch [45/500] | Loss: 0.5399 |  Accuracy: 0.7338 | Prediction Confidence: 0.71 | Class 0:0.7266 | Class 1:0.6976
Epoch [46/500] | Loss: 0.5361 |  Accuracy: 0.7355 | Prediction Confidence: 0.72 | Class 0:0.7305 | Class 1:0.7010
Epoch [47/500] | Loss: 0.5323 |  Accuracy: 0.7380 | Prediction Confidence: 0.72 | Class 0:0.7347 | Class 1:0.7045
Epoch [48/500] | Loss: 0.5284 |  Accuracy: 0.7393 | Prediction Confidence: 0.72 | Class 0:0.7387 | Class 1:0.7081
Epoch [49/500] | Loss: 0.5246 |  Accuracy: 0.7418 | Prediction Confidence: 0.73 | Class 0:0.7420 | Class 1:0.7124
Epoch [50/500] | Loss: 0.5209 |  Accuracy: 0.7479 | Prediction Confidence: 0.73 | Class 0:0.7432 | Class 1:0.7152
Epoch [51/500] | Loss: 0.5172 |  Accuracy: 0.7504 | Prediction Confidence: 0.73 | Class 0:0.7464 | Class 1:0.7185
Epoch [52/500] | Loss: 0.5135 |  Accuracy: 0.7529 | Prediction Confidence: 0.74 | Class 0:0.7481 | Class 1:0.7233
Epoch [53/500] | Loss: 0.5100 |  Accuracy: 0.7540 | Prediction Confidence: 0.74 | Class 0:0.7514 | Class 1:0.7263
Epoch [54/500] | Loss: 0.5065 |  Accuracy: 0.7587 | Prediction Confidence: 0.74 | Class 0:0.7534 | Class 1:0.7290
Epoch [55/500] | Loss: 0.5030 |  Accuracy: 0.7598 | Prediction Confidence: 0.75 | Class 0:0.7575 | Class 1:0.7326
Epoch [56/500] | Loss: 0.4996 |  Accuracy: 0.7601 | Prediction Confidence: 0.75 | Class 0:0.7617 | Class 1:0.7352
Epoch [57/500] | Loss: 0.4963 |  Accuracy: 0.7612 | Prediction Confidence: 0.75 | Class 0:0.7645 | Class 1:0.7387
Epoch [58/500] | Loss: 0.4930 |  Accuracy: 0.7648 | Prediction Confidence: 0.75 | Class 0:0.7661 | Class 1:0.7415
Epoch [59/500] | Loss: 0.4899 |  Accuracy: 0.7676 | Prediction Confidence: 0.76 | Class 0:0.7681 | Class 1:0.7452
Epoch [60/500] | Loss: 0.4868 |  Accuracy: 0.7715 | Prediction Confidence: 0.76 | Class 0:0.7698 | Class 1:0.7483
Epoch [61/500] | Loss: 0.4837 |  Accuracy: 0.7729 | Prediction Confidence: 0.76 | Class 0:0.7723 | Class 1:0.7521
Epoch [62/500] | Loss: 0.4808 |  Accuracy: 0.7740 | Prediction Confidence: 0.77 | Class 0:0.7749 | Class 1:0.7552
Epoch [63/500] | Loss: 0.4780 |  Accuracy: 0.7759 | Prediction Confidence: 0.77 | Class 0:0.7771 | Class 1:0.7580
Epoch [64/500] | Loss: 0.4752 |  Accuracy: 0.7792 | Prediction Confidence: 0.77 | Class 0:0.7786 | Class 1:0.7590
Epoch [65/500] | Loss: 0.4726 |  Accuracy: 0.7828 | Prediction Confidence: 0.77 | Class 0:0.7800 | Class 1:0.7611
Epoch [66/500] | Loss: 0.4700 |  Accuracy: 0.7842 | Prediction Confidence: 0.77 | Class 0:0.7822 | Class 1:0.7634
Epoch [67/500] | Loss: 0.4676 |  Accuracy: 0.7875 | Prediction Confidence: 0.77 | Class 0:0.7834 | Class 1:0.7651
Epoch [68/500] | Loss: 0.4652 |  Accuracy: 0.7881 | Prediction Confidence: 0.78 | Class 0:0.7864 | Class 1:0.7671
Epoch [69/500] | Loss: 0.4629 |  Accuracy: 0.7909 | Prediction Confidence: 0.78 | Class 0:0.7882 | Class 1:0.7686
Epoch [70/500] | Loss: 0.4606 |  Accuracy: 0.7925 | Prediction Confidence: 0.78 | Class 0:0.7905 | Class 1:0.7706
Epoch [71/500] | Loss: 0.4583 |  Accuracy: 0.7956 | Prediction Confidence: 0.78 | Class 0:0.7926 | Class 1:0.7717
Epoch [72/500] | Loss: 0.4561 |  Accuracy: 0.7983 | Prediction Confidence: 0.78 | Class 0:0.7928 | Class 1:0.7736
Epoch [73/500] | Loss: 0.4540 |  Accuracy: 0.8022 | Prediction Confidence: 0.78 | Class 0:0.7932 | Class 1:0.7744
Epoch [74/500] | Loss: 0.4519 |  Accuracy: 0.8058 | Prediction Confidence: 0.79 | Class 0:0.7937 | Class 1:0.7761
Epoch [75/500] | Loss: 0.4499 |  Accuracy: 0.8072 | Prediction Confidence: 0.79 | Class 0:0.7951 | Class 1:0.7781
Epoch [76/500] | Loss: 0.4479 |  Accuracy: 0.8083 | Prediction Confidence: 0.79 | Class 0:0.7970 | Class 1:0.7797
Epoch [77/500] | Loss: 0.4460 |  Accuracy: 0.8102 | Prediction Confidence: 0.79 | Class 0:0.7982 | Class 1:0.7806
Epoch [78/500] | Loss: 0.4441 |  Accuracy: 0.8108 | Prediction Confidence: 0.79 | Class 0:0.7997 | Class 1:0.7830
Epoch [79/500] | Loss: 0.4423 |  Accuracy: 0.8136 | Prediction Confidence: 0.79 | Class 0:0.8005 | Class 1:0.7840
Epoch [80/500] | Loss: 0.4406 |  Accuracy: 0.8147 | Prediction Confidence: 0.79 | Class 0:0.8021 | Class 1:0.7852
Epoch [81/500] | Loss: 0.4389 |  Accuracy: 0.8150 | Prediction Confidence: 0.80 | Class 0:0.8032 | Class 1:0.7875
Epoch [82/500] | Loss: 0.4372 |  Accuracy: 0.8186 | Prediction Confidence: 0.80 | Class 0:0.8034 | Class 1:0.7881
Epoch [83/500] | Loss: 0.4356 |  Accuracy: 0.8188 | Prediction Confidence: 0.80 | Class 0:0.8047 | Class 1:0.7902
Epoch [84/500] | Loss: 0.4340 |  Accuracy: 0.8199 | Prediction Confidence: 0.80 | Class 0:0.8065 | Class 1:0.7910
Epoch [85/500] | Loss: 0.4325 |  Accuracy: 0.8216 | Prediction Confidence: 0.80 | Class 0:0.8074 | Class 1:0.7925
Epoch [86/500] | Loss: 0.4310 |  Accuracy: 0.8211 | Prediction Confidence: 0.80 | Class 0:0.8086 | Class 1:0.7951
Epoch [87/500] | Loss: 0.4295 |  Accuracy: 0.8202 | Prediction Confidence: 0.80 | Class 0:0.8102 | Class 1:0.7969
Epoch [88/500] | Loss: 0.4280 |  Accuracy: 0.8227 | Prediction Confidence: 0.80 | Class 0:0.8115 | Class 1:0.7966
Epoch [89/500] | Loss: 0.4266 |  Accuracy: 0.8241 | Prediction Confidence: 0.80 | Class 0:0.8118 | Class 1:0.7977
Epoch [90/500] | Loss: 0.4251 |  Accuracy: 0.8241 | Prediction Confidence: 0.81 | Class 0:0.8126 | Class 1:0.7995
Epoch [91/500] | Loss: 0.4237 |  Accuracy: 0.8252 | Prediction Confidence: 0.81 | Class 0:0.8134 | Class 1:0.8014
Epoch [92/500] | Loss: 0.4223 |  Accuracy: 0.8252 | Prediction Confidence: 0.81 | Class 0:0.8150 | Class 1:0.8031
Epoch [93/500] | Loss: 0.4210 |  Accuracy: 0.8249 | Prediction Confidence: 0.81 | Class 0:0.8166 | Class 1:0.8043
Epoch [94/500] | Loss: 0.4196 |  Accuracy: 0.8252 | Prediction Confidence: 0.81 | Class 0:0.8180 | Class 1:0.8054
Epoch [95/500] | Loss: 0.4183 |  Accuracy: 0.8252 | Prediction Confidence: 0.81 | Class 0:0.8192 | Class 1:0.8072
Epoch [96/500] | Loss: 0.4170 |  Accuracy: 0.8244 | Prediction Confidence: 0.82 | Class 0:0.8207 | Class 1:0.8095
Epoch [97/500] | Loss: 0.4158 |  Accuracy: 0.8244 | Prediction Confidence: 0.82 | Class 0:0.8217 | Class 1:0.8114
Epoch [98/500] | Loss: 0.4146 |  Accuracy: 0.8241 | Prediction Confidence: 0.82 | Class 0:0.8231 | Class 1:0.8130
Epoch [99/500] | Loss: 0.4134 |  Accuracy: 0.8241 | Prediction Confidence: 0.82 | Class 0:0.8241 | Class 1:0.8144
Epoch [100/500] | Loss: 0.4122 |  Accuracy: 0.8252 | Prediction Confidence: 0.82 | Class 0:0.8245 | Class 1:0.8154
Epoch [101/500] | Loss: 0.4111 |  Accuracy: 0.8241 | Prediction Confidence: 0.82 | Class 0:0.8263 | Class 1:0.8167
Epoch [102/500] | Loss: 0.4100 |  Accuracy: 0.8249 | Prediction Confidence: 0.82 | Class 0:0.8267 | Class 1:0.8178
Epoch [103/500] | Loss: 0.4089 |  Accuracy: 0.8247 | Prediction Confidence: 0.82 | Class 0:0.8278 | Class 1:0.8190
Epoch [104/500] | Loss: 0.4078 |  Accuracy: 0.8233 | Prediction Confidence: 0.83 | Class 0:0.8298 | Class 1:0.8205
Epoch [105/500] | Loss: 0.4067 |  Accuracy: 0.8241 | Prediction Confidence: 0.83 | Class 0:0.8308 | Class 1:0.8209
Epoch [106/500] | Loss: 0.4056 |  Accuracy: 0.8255 | Prediction Confidence: 0.83 | Class 0:0.8305 | Class 1:0.8222
Epoch [107/500] | Loss: 0.4045 |  Accuracy: 0.8269 | Prediction Confidence: 0.83 | Class 0:0.8311 | Class 1:0.8224
Epoch [108/500] | Loss: 0.4034 |  Accuracy: 0.8266 | Prediction Confidence: 0.83 | Class 0:0.8319 | Class 1:0.8237
Epoch [109/500] | Loss: 0.4024 |  Accuracy: 0.8274 | Prediction Confidence: 0.83 | Class 0:0.8327 | Class 1:0.8237
Epoch [110/500] | Loss: 0.4013 |  Accuracy: 0.8266 | Prediction Confidence: 0.83 | Class 0:0.8349 | Class 1:0.8247
Epoch [111/500] | Loss: 0.4003 |  Accuracy: 0.8271 | Prediction Confidence: 0.83 | Class 0:0.8355 | Class 1:0.8259
Epoch [112/500] | Loss: 0.3992 |  Accuracy: 0.8283 | Prediction Confidence: 0.83 | Class 0:0.8357 | Class 1:0.8264
Epoch [113/500] | Loss: 0.3982 |  Accuracy: 0.8283 | Prediction Confidence: 0.83 | Class 0:0.8364 | Class 1:0.8273
Epoch [114/500] | Loss: 0.3972 |  Accuracy: 0.8283 | Prediction Confidence: 0.83 | Class 0:0.8373 | Class 1:0.8283
Epoch [115/500] | Loss: 0.3962 |  Accuracy: 0.8294 | Prediction Confidence: 0.83 | Class 0:0.8379 | Class 1:0.8282
Epoch [116/500] | Loss: 0.3952 |  Accuracy: 0.8319 | Prediction Confidence: 0.83 | Class 0:0.8380 | Class 1:0.8278
Epoch [117/500] | Loss: 0.3942 |  Accuracy: 0.8316 | Prediction Confidence: 0.83 | Class 0:0.8388 | Class 1:0.8288
Epoch [118/500] | Loss: 0.3933 |  Accuracy: 0.8338 | Prediction Confidence: 0.83 | Class 0:0.8391 | Class 1:0.8283
Epoch [119/500] | Loss: 0.3923 |  Accuracy: 0.8343 | Prediction Confidence: 0.83 | Class 0:0.8399 | Class 1:0.8288
Epoch [120/500] | Loss: 0.3913 |  Accuracy: 0.8346 | Prediction Confidence: 0.84 | Class 0:0.8404 | Class 1:0.8296
Epoch [121/500] | Loss: 0.3903 |  Accuracy: 0.8349 | Prediction Confidence: 0.84 | Class 0:0.8413 | Class 1:0.8303
Epoch [122/500] | Loss: 0.3893 |  Accuracy: 0.8357 | Prediction Confidence: 0.84 | Class 0:0.8410 | Class 1:0.8314
Epoch [123/500] | Loss: 0.3883 |  Accuracy: 0.8360 | Prediction Confidence: 0.84 | Class 0:0.8413 | Class 1:0.8319
Epoch [124/500] | Loss: 0.3873 |  Accuracy: 0.8368 | Prediction Confidence: 0.84 | Class 0:0.8415 | Class 1:0.8328
Epoch [125/500] | Loss: 0.3863 |  Accuracy: 0.8371 | Prediction Confidence: 0.84 | Class 0:0.8422 | Class 1:0.8334
Epoch [126/500] | Loss: 0.3854 |  Accuracy: 0.8393 | Prediction Confidence: 0.84 | Class 0:0.8426 | Class 1:0.8330
Epoch [127/500] | Loss: 0.3845 |  Accuracy: 0.8402 | Prediction Confidence: 0.84 | Class 0:0.8425 | Class 1:0.8340
Epoch [128/500] | Loss: 0.3836 |  Accuracy: 0.8404 | Prediction Confidence: 0.84 | Class 0:0.8430 | Class 1:0.8347
Epoch [129/500] | Loss: 0.3826 |  Accuracy: 0.8407 | Prediction Confidence: 0.84 | Class 0:0.8440 | Class 1:0.8354
Epoch [130/500] | Loss: 0.3818 |  Accuracy: 0.8413 | Prediction Confidence: 0.84 | Class 0:0.8443 | Class 1:0.8365
Epoch [131/500] | Loss: 0.3809 |  Accuracy: 0.8421 | Prediction Confidence: 0.84 | Class 0:0.8454 | Class 1:0.8365
Epoch [132/500] | Loss: 0.3800 |  Accuracy: 0.8418 | Prediction Confidence: 0.84 | Class 0:0.8464 | Class 1:0.8371
Epoch [133/500] | Loss: 0.3792 |  Accuracy: 0.8429 | Prediction Confidence: 0.84 | Class 0:0.8469 | Class 1:0.8371
Epoch [134/500] | Loss: 0.3783 |  Accuracy: 0.8435 | Prediction Confidence: 0.84 | Class 0:0.8471 | Class 1:0.8376
Epoch [135/500] | Loss: 0.3775 |  Accuracy: 0.8449 | Prediction Confidence: 0.84 | Class 0:0.8471 | Class 1:0.8380
Epoch [136/500] | Loss: 0.3767 |  Accuracy: 0.8452 | Prediction Confidence: 0.84 | Class 0:0.8473 | Class 1:0.8391
Epoch [137/500] | Loss: 0.3759 |  Accuracy: 0.8457 | Prediction Confidence: 0.84 | Class 0:0.8475 | Class 1:0.8399
Epoch [138/500] | Loss: 0.3751 |  Accuracy: 0.8457 | Prediction Confidence: 0.84 | Class 0:0.8485 | Class 1:0.8405
Epoch [139/500] | Loss: 0.3743 |  Accuracy: 0.8460 | Prediction Confidence: 0.85 | Class 0:0.8493 | Class 1:0.8409
Epoch [140/500] | Loss: 0.3735 |  Accuracy: 0.8471 | Prediction Confidence: 0.85 | Class 0:0.8497 | Class 1:0.8408
Epoch [141/500] | Loss: 0.3727 |  Accuracy: 0.8479 | Prediction Confidence: 0.85 | Class 0:0.8498 | Class 1:0.8413
Epoch [142/500] | Loss: 0.3719 |  Accuracy: 0.8488 | Prediction Confidence: 0.85 | Class 0:0.8500 | Class 1:0.8418
Epoch [143/500] | Loss: 0.3711 |  Accuracy: 0.8488 | Prediction Confidence: 0.85 | Class 0:0.8507 | Class 1:0.8418
Epoch [144/500] | Loss: 0.3703 |  Accuracy: 0.8501 | Prediction Confidence: 0.85 | Class 0:0.8502 | Class 1:0.8427
Epoch [145/500] | Loss: 0.3695 |  Accuracy: 0.8512 | Prediction Confidence: 0.85 | Class 0:0.8506 | Class 1:0.8426
Epoch [146/500] | Loss: 0.3687 |  Accuracy: 0.8521 | Prediction Confidence: 0.85 | Class 0:0.8511 | Class 1:0.8431
Epoch [147/500] | Loss: 0.3679 |  Accuracy: 0.8515 | Prediction Confidence: 0.85 | Class 0:0.8513 | Class 1:0.8445
Epoch [148/500] | Loss: 0.3671 |  Accuracy: 0.8515 | Prediction Confidence: 0.85 | Class 0:0.8524 | Class 1:0.8449
Epoch [149/500] | Loss: 0.3663 |  Accuracy: 0.8521 | Prediction Confidence: 0.85 | Class 0:0.8516 | Class 1:0.8454
Epoch [150/500] | Loss: 0.3656 |  Accuracy: 0.8521 | Prediction Confidence: 0.85 | Class 0:0.8522 | Class 1:0.8458
Epoch [151/500] | Loss: 0.3648 |  Accuracy: 0.8529 | Prediction Confidence: 0.85 | Class 0:0.8529 | Class 1:0.8454
Epoch [152/500] | Loss: 0.3640 |  Accuracy: 0.8532 | Prediction Confidence: 0.85 | Class 0:0.8535 | Class 1:0.8458
Epoch [153/500] | Loss: 0.3633 |  Accuracy: 0.8532 | Prediction Confidence: 0.85 | Class 0:0.8545 | Class 1:0.8460
Epoch [154/500] | Loss: 0.3626 |  Accuracy: 0.8543 | Prediction Confidence: 0.85 | Class 0:0.8551 | Class 1:0.8457
Epoch [155/500] | Loss: 0.3619 |  Accuracy: 0.8543 | Prediction Confidence: 0.85 | Class 0:0.8557 | Class 1:0.8464
Epoch [156/500] | Loss: 0.3612 |  Accuracy: 0.8551 | Prediction Confidence: 0.85 | Class 0:0.8554 | Class 1:0.8473
Epoch [157/500] | Loss: 0.3606 |  Accuracy: 0.8565 | Prediction Confidence: 0.85 | Class 0:0.8554 | Class 1:0.8471
Epoch [158/500] | Loss: 0.3600 |  Accuracy: 0.8573 | Prediction Confidence: 0.85 | Class 0:0.8557 | Class 1:0.8475
Epoch [159/500] | Loss: 0.3594 |  Accuracy: 0.8576 | Prediction Confidence: 0.85 | Class 0:0.8563 | Class 1:0.8479
Epoch [160/500] | Loss: 0.3588 |  Accuracy: 0.8587 | Prediction Confidence: 0.85 | Class 0:0.8563 | Class 1:0.8483
Epoch [161/500] | Loss: 0.3582 |  Accuracy: 0.8579 | Prediction Confidence: 0.85 | Class 0:0.8571 | Class 1:0.8492
Epoch [162/500] | Loss: 0.3576 |  Accuracy: 0.8576 | Prediction Confidence: 0.85 | Class 0:0.8579 | Class 1:0.8501
Epoch [163/500] | Loss: 0.3570 |  Accuracy: 0.8587 | Prediction Confidence: 0.85 | Class 0:0.8582 | Class 1:0.8500
Epoch [164/500] | Loss: 0.3564 |  Accuracy: 0.8584 | Prediction Confidence: 0.85 | Class 0:0.8587 | Class 1:0.8508
Epoch [165/500] | Loss: 0.3559 |  Accuracy: 0.8579 | Prediction Confidence: 0.86 | Class 0:0.8594 | Class 1:0.8515
Epoch [166/500] | Loss: 0.3553 |  Accuracy: 0.8584 | Prediction Confidence: 0.86 | Class 0:0.8597 | Class 1:0.8516
Epoch [167/500] | Loss: 0.3548 |  Accuracy: 0.8590 | Prediction Confidence: 0.86 | Class 0:0.8598 | Class 1:0.8519
Epoch [168/500] | Loss: 0.3543 |  Accuracy: 0.8587 | Prediction Confidence: 0.86 | Class 0:0.8605 | Class 1:0.8522
Epoch [169/500] | Loss: 0.3537 |  Accuracy: 0.8593 | Prediction Confidence: 0.86 | Class 0:0.8606 | Class 1:0.8527
Epoch [170/500] | Loss: 0.3532 |  Accuracy: 0.8598 | Prediction Confidence: 0.86 | Class 0:0.8608 | Class 1:0.8532
Epoch [171/500] | Loss: 0.3527 |  Accuracy: 0.8601 | Prediction Confidence: 0.86 | Class 0:0.8611 | Class 1:0.8534
Epoch [172/500] | Loss: 0.3521 |  Accuracy: 0.8598 | Prediction Confidence: 0.86 | Class 0:0.8619 | Class 1:0.8537
Epoch [173/500] | Loss: 0.3516 |  Accuracy: 0.8604 | Prediction Confidence: 0.86 | Class 0:0.8617 | Class 1:0.8541
Epoch [174/500] | Loss: 0.3511 |  Accuracy: 0.8598 | Prediction Confidence: 0.86 | Class 0:0.8623 | Class 1:0.8547
Epoch [175/500] | Loss: 0.3506 |  Accuracy: 0.8593 | Prediction Confidence: 0.86 | Class 0:0.8629 | Class 1:0.8553
Epoch [176/500] | Loss: 0.3500 |  Accuracy: 0.8596 | Prediction Confidence: 0.86 | Class 0:0.8633 | Class 1:0.8556
Epoch [177/500] | Loss: 0.3495 |  Accuracy: 0.8596 | Prediction Confidence: 0.86 | Class 0:0.8637 | Class 1:0.8560
Epoch [178/500] | Loss: 0.3490 |  Accuracy: 0.8604 | Prediction Confidence: 0.86 | Class 0:0.8637 | Class 1:0.8557
Epoch [179/500] | Loss: 0.3485 |  Accuracy: 0.8607 | Prediction Confidence: 0.86 | Class 0:0.8641 | Class 1:0.8553
Epoch [180/500] | Loss: 0.3480 |  Accuracy: 0.8609 | Prediction Confidence: 0.86 | Class 0:0.8640 | Class 1:0.8558
Epoch [181/500] | Loss: 0.3475 |  Accuracy: 0.8618 | Prediction Confidence: 0.86 | Class 0:0.8640 | Class 1:0.8557
Epoch [182/500] | Loss: 0.3470 |  Accuracy: 0.8620 | Prediction Confidence: 0.86 | Class 0:0.8642 | Class 1:0.8560
Epoch [183/500] | Loss: 0.3466 |  Accuracy: 0.8623 | Prediction Confidence: 0.86 | Class 0:0.8652 | Class 1:0.8559
Epoch [184/500] | Loss: 0.3461 |  Accuracy: 0.8629 | Prediction Confidence: 0.86 | Class 0:0.8652 | Class 1:0.8563
Epoch [185/500] | Loss: 0.3456 |  Accuracy: 0.8643 | Prediction Confidence: 0.86 | Class 0:0.8651 | Class 1:0.8562
Epoch [186/500] | Loss: 0.3452 |  Accuracy: 0.8648 | Prediction Confidence: 0.86 | Class 0:0.8653 | Class 1:0.8563
Epoch [187/500] | Loss: 0.3447 |  Accuracy: 0.8645 | Prediction Confidence: 0.86 | Class 0:0.8657 | Class 1:0.8570
Epoch [188/500] | Loss: 0.3443 |  Accuracy: 0.8651 | Prediction Confidence: 0.86 | Class 0:0.8662 | Class 1:0.8570
Epoch [189/500] | Loss: 0.3438 |  Accuracy: 0.8657 | Prediction Confidence: 0.86 | Class 0:0.8660 | Class 1:0.8569
Epoch [190/500] | Loss: 0.3434 |  Accuracy: 0.8651 | Prediction Confidence: 0.86 | Class 0:0.8667 | Class 1:0.8574
Epoch [191/500] | Loss: 0.3430 |  Accuracy: 0.8651 | Prediction Confidence: 0.86 | Class 0:0.8671 | Class 1:0.8578
Epoch [192/500] | Loss: 0.3426 |  Accuracy: 0.8648 | Prediction Confidence: 0.86 | Class 0:0.8674 | Class 1:0.8584
Epoch [193/500] | Loss: 0.3421 |  Accuracy: 0.8648 | Prediction Confidence: 0.86 | Class 0:0.8676 | Class 1:0.8590
Epoch [194/500] | Loss: 0.3417 |  Accuracy: 0.8651 | Prediction Confidence: 0.86 | Class 0:0.8676 | Class 1:0.8592
Epoch [195/500] | Loss: 0.3413 |  Accuracy: 0.8659 | Prediction Confidence: 0.86 | Class 0:0.8669 | Class 1:0.8596
Epoch [196/500] | Loss: 0.3409 |  Accuracy: 0.8648 | Prediction Confidence: 0.86 | Class 0:0.8679 | Class 1:0.8606
Epoch [197/500] | Loss: 0.3405 |  Accuracy: 0.8645 | Prediction Confidence: 0.86 | Class 0:0.8681 | Class 1:0.8613
Epoch [198/500] | Loss: 0.3401 |  Accuracy: 0.8645 | Prediction Confidence: 0.87 | Class 0:0.8683 | Class 1:0.8617
Epoch [199/500] | Loss: 0.3397 |  Accuracy: 0.8648 | Prediction Confidence: 0.87 | Class 0:0.8686 | Class 1:0.8618
Epoch [200/500] | Loss: 0.3392 |  Accuracy: 0.8651 | Prediction Confidence: 0.87 | Class 0:0.8689 | Class 1:0.8619
Epoch [201/500] | Loss: 0.3388 |  Accuracy: 0.8654 | Prediction Confidence: 0.87 | Class 0:0.8691 | Class 1:0.8623
Epoch [202/500] | Loss: 0.3384 |  Accuracy: 0.8651 | Prediction Confidence: 0.87 | Class 0:0.8697 | Class 1:0.8626
Epoch [203/500] | Loss: 0.3380 |  Accuracy: 0.8654 | Prediction Confidence: 0.87 | Class 0:0.8698 | Class 1:0.8629
Epoch [204/500] | Loss: 0.3376 |  Accuracy: 0.8654 | Prediction Confidence: 0.87 | Class 0:0.8701 | Class 1:0.8633
Epoch [205/500] | Loss: 0.3372 |  Accuracy: 0.8657 | Prediction Confidence: 0.87 | Class 0:0.8705 | Class 1:0.8635
Epoch [206/500] | Loss: 0.3368 |  Accuracy: 0.8662 | Prediction Confidence: 0.87 | Class 0:0.8705 | Class 1:0.8636
Epoch [207/500] | Loss: 0.3364 |  Accuracy: 0.8662 | Prediction Confidence: 0.87 | Class 0:0.8709 | Class 1:0.8639
Epoch [208/500] | Loss: 0.3360 |  Accuracy: 0.8673 | Prediction Confidence: 0.87 | Class 0:0.8707 | Class 1:0.8640
Epoch [209/500] | Loss: 0.3357 |  Accuracy: 0.8673 | Prediction Confidence: 0.87 | Class 0:0.8712 | Class 1:0.8644
Epoch [210/500] | Loss: 0.3353 |  Accuracy: 0.8673 | Prediction Confidence: 0.87 | Class 0:0.8716 | Class 1:0.8645
Epoch [211/500] | Loss: 0.3349 |  Accuracy: 0.8673 | Prediction Confidence: 0.87 | Class 0:0.8720 | Class 1:0.8648
Epoch [212/500] | Loss: 0.3346 |  Accuracy: 0.8673 | Prediction Confidence: 0.87 | Class 0:0.8723 | Class 1:0.8651
Epoch [213/500] | Loss: 0.3342 |  Accuracy: 0.8673 | Prediction Confidence: 0.87 | Class 0:0.8724 | Class 1:0.8656
Epoch [214/500] | Loss: 0.3339 |  Accuracy: 0.8676 | Prediction Confidence: 0.87 | Class 0:0.8727 | Class 1:0.8658
Epoch [215/500] | Loss: 0.3335 |  Accuracy: 0.8670 | Prediction Confidence: 0.87 | Class 0:0.8730 | Class 1:0.8670
Epoch [216/500] | Loss: 0.3332 |  Accuracy: 0.8670 | Prediction Confidence: 0.87 | Class 0:0.8733 | Class 1:0.8674
Epoch [217/500] | Loss: 0.3329 |  Accuracy: 0.8673 | Prediction Confidence: 0.87 | Class 0:0.8736 | Class 1:0.8675
Epoch [218/500] | Loss: 0.3325 |  Accuracy: 0.8676 | Prediction Confidence: 0.87 | Class 0:0.8737 | Class 1:0.8678
Epoch [219/500] | Loss: 0.3322 |  Accuracy: 0.8679 | Prediction Confidence: 0.87 | Class 0:0.8738 | Class 1:0.8681
Epoch [220/500] | Loss: 0.3318 |  Accuracy: 0.8684 | Prediction Confidence: 0.87 | Class 0:0.8737 | Class 1:0.8684
Epoch [221/500] | Loss: 0.3315 |  Accuracy: 0.8684 | Prediction Confidence: 0.87 | Class 0:0.8739 | Class 1:0.8687
Epoch [222/500] | Loss: 0.3312 |  Accuracy: 0.8690 | Prediction Confidence: 0.87 | Class 0:0.8740 | Class 1:0.8686
Epoch [223/500] | Loss: 0.3309 |  Accuracy: 0.8695 | Prediction Confidence: 0.87 | Class 0:0.8741 | Class 1:0.8686
Epoch [224/500] | Loss: 0.3305 |  Accuracy: 0.8693 | Prediction Confidence: 0.87 | Class 0:0.8744 | Class 1:0.8690
Epoch [225/500] | Loss: 0.3302 |  Accuracy: 0.8698 | Prediction Confidence: 0.87 | Class 0:0.8746 | Class 1:0.8687
Epoch [226/500] | Loss: 0.3299 |  Accuracy: 0.8698 | Prediction Confidence: 0.87 | Class 0:0.8746 | Class 1:0.8693
Epoch [227/500] | Loss: 0.3296 |  Accuracy: 0.8701 | Prediction Confidence: 0.87 | Class 0:0.8747 | Class 1:0.8696
Epoch [228/500] | Loss: 0.3293 |  Accuracy: 0.8695 | Prediction Confidence: 0.87 | Class 0:0.8751 | Class 1:0.8700
Epoch [229/500] | Loss: 0.3290 |  Accuracy: 0.8695 | Prediction Confidence: 0.87 | Class 0:0.8754 | Class 1:0.8702
Epoch [230/500] | Loss: 0.3287 |  Accuracy: 0.8695 | Prediction Confidence: 0.87 | Class 0:0.8756 | Class 1:0.8705
Epoch [231/500] | Loss: 0.3284 |  Accuracy: 0.8698 | Prediction Confidence: 0.87 | Class 0:0.8757 | Class 1:0.8707
Epoch [232/500] | Loss: 0.3280 |  Accuracy: 0.8701 | Prediction Confidence: 0.87 | Class 0:0.8759 | Class 1:0.8709
Epoch [233/500] | Loss: 0.3277 |  Accuracy: 0.8704 | Prediction Confidence: 0.87 | Class 0:0.8760 | Class 1:0.8711
Epoch [234/500] | Loss: 0.3274 |  Accuracy: 0.8706 | Prediction Confidence: 0.87 | Class 0:0.8760 | Class 1:0.8714
Epoch [235/500] | Loss: 0.3271 |  Accuracy: 0.8706 | Prediction Confidence: 0.87 | Class 0:0.8762 | Class 1:0.8716
Epoch [236/500] | Loss: 0.3269 |  Accuracy: 0.8706 | Prediction Confidence: 0.87 | Class 0:0.8765 | Class 1:0.8719
Epoch [237/500] | Loss: 0.3266 |  Accuracy: 0.8706 | Prediction Confidence: 0.87 | Class 0:0.8767 | Class 1:0.8721
Epoch [238/500] | Loss: 0.3263 |  Accuracy: 0.8704 | Prediction Confidence: 0.87 | Class 0:0.8771 | Class 1:0.8724
Epoch [239/500] | Loss: 0.3260 |  Accuracy: 0.8704 | Prediction Confidence: 0.88 | Class 0:0.8773 | Class 1:0.8726
Epoch [240/500] | Loss: 0.3257 |  Accuracy: 0.8704 | Prediction Confidence: 0.88 | Class 0:0.8776 | Class 1:0.8729
Epoch [241/500] | Loss: 0.3254 |  Accuracy: 0.8706 | Prediction Confidence: 0.88 | Class 0:0.8778 | Class 1:0.8729
Epoch [242/500] | Loss: 0.3251 |  Accuracy: 0.8706 | Prediction Confidence: 0.88 | Class 0:0.8780 | Class 1:0.8732
Epoch [243/500] | Loss: 0.3249 |  Accuracy: 0.8706 | Prediction Confidence: 0.88 | Class 0:0.8782 | Class 1:0.8734
Epoch [244/500] | Loss: 0.3246 |  Accuracy: 0.8706 | Prediction Confidence: 0.88 | Class 0:0.8784 | Class 1:0.8736
Epoch [245/500] | Loss: 0.3243 |  Accuracy: 0.8706 | Prediction Confidence: 0.88 | Class 0:0.8786 | Class 1:0.8739
Epoch [246/500] | Loss: 0.3240 |  Accuracy: 0.8706 | Prediction Confidence: 0.88 | Class 0:0.8788 | Class 1:0.8741
Epoch [247/500] | Loss: 0.3237 |  Accuracy: 0.8706 | Prediction Confidence: 0.88 | Class 0:0.8790 | Class 1:0.8738
Epoch [248/500] | Loss: 0.3235 |  Accuracy: 0.8706 | Prediction Confidence: 0.88 | Class 0:0.8792 | Class 1:0.8741
Epoch [249/500] | Loss: 0.3232 |  Accuracy: 0.8704 | Prediction Confidence: 0.88 | Class 0:0.8795 | Class 1:0.8743
Epoch [250/500] | Loss: 0.3229 |  Accuracy: 0.8704 | Prediction Confidence: 0.88 | Class 0:0.8797 | Class 1:0.8745
Epoch [251/500] | Loss: 0.3226 |  Accuracy: 0.8706 | Prediction Confidence: 0.88 | Class 0:0.8799 | Class 1:0.8744
Epoch [252/500] | Loss: 0.3223 |  Accuracy: 0.8709 | Prediction Confidence: 0.88 | Class 0:0.8801 | Class 1:0.8744
Epoch [253/500] | Loss: 0.3220 |  Accuracy: 0.8712 | Prediction Confidence: 0.88 | Class 0:0.8803 | Class 1:0.8743
Epoch [254/500] | Loss: 0.3217 |  Accuracy: 0.8715 | Prediction Confidence: 0.88 | Class 0:0.8806 | Class 1:0.8743
Epoch [255/500] | Loss: 0.3214 |  Accuracy: 0.8715 | Prediction Confidence: 0.88 | Class 0:0.8808 | Class 1:0.8745
Epoch [256/500] | Loss: 0.3212 |  Accuracy: 0.8720 | Prediction Confidence: 0.88 | Class 0:0.8801 | Class 1:0.8747
Epoch [257/500] | Loss: 0.3209 |  Accuracy: 0.8726 | Prediction Confidence: 0.88 | Class 0:0.8800 | Class 1:0.8748
Epoch [258/500] | Loss: 0.3206 |  Accuracy: 0.8726 | Prediction Confidence: 0.88 | Class 0:0.8802 | Class 1:0.8750
Epoch [259/500] | Loss: 0.3204 |  Accuracy: 0.8731 | Prediction Confidence: 0.88 | Class 0:0.8802 | Class 1:0.8748
Epoch [260/500] | Loss: 0.3201 |  Accuracy: 0.8734 | Prediction Confidence: 0.88 | Class 0:0.8802 | Class 1:0.8750
Epoch [261/500] | Loss: 0.3199 |  Accuracy: 0.8740 | Prediction Confidence: 0.88 | Class 0:0.8803 | Class 1:0.8750
Epoch [262/500] | Loss: 0.3196 |  Accuracy: 0.8740 | Prediction Confidence: 0.88 | Class 0:0.8805 | Class 1:0.8752
Epoch [263/500] | Loss: 0.3193 |  Accuracy: 0.8737 | Prediction Confidence: 0.88 | Class 0:0.8808 | Class 1:0.8754
Epoch [264/500] | Loss: 0.3191 |  Accuracy: 0.8737 | Prediction Confidence: 0.88 | Class 0:0.8810 | Class 1:0.8756
Epoch [265/500] | Loss: 0.3188 |  Accuracy: 0.8737 | Prediction Confidence: 0.88 | Class 0:0.8812 | Class 1:0.8758
Epoch [266/500] | Loss: 0.3186 |  Accuracy: 0.8734 | Prediction Confidence: 0.88 | Class 0:0.8814 | Class 1:0.8767
Epoch [267/500] | Loss: 0.3183 |  Accuracy: 0.8734 | Prediction Confidence: 0.88 | Class 0:0.8813 | Class 1:0.8771
Epoch [268/500] | Loss: 0.3181 |  Accuracy: 0.8737 | Prediction Confidence: 0.88 | Class 0:0.8815 | Class 1:0.8771
Epoch [269/500] | Loss: 0.3178 |  Accuracy: 0.8740 | Prediction Confidence: 0.88 | Class 0:0.8810 | Class 1:0.8773
Epoch [270/500] | Loss: 0.3175 |  Accuracy: 0.8740 | Prediction Confidence: 0.88 | Class 0:0.8814 | Class 1:0.8775
Epoch [271/500] | Loss: 0.3173 |  Accuracy: 0.8740 | Prediction Confidence: 0.88 | Class 0:0.8816 | Class 1:0.8776
Epoch [272/500] | Loss: 0.3170 |  Accuracy: 0.8740 | Prediction Confidence: 0.88 | Class 0:0.8817 | Class 1:0.8778
Epoch [273/500] | Loss: 0.3168 |  Accuracy: 0.8740 | Prediction Confidence: 0.88 | Class 0:0.8819 | Class 1:0.8780
Epoch [274/500] | Loss: 0.3165 |  Accuracy: 0.8740 | Prediction Confidence: 0.88 | Class 0:0.8821 | Class 1:0.8782
Epoch [275/500] | Loss: 0.3163 |  Accuracy: 0.8745 | Prediction Confidence: 0.88 | Class 0:0.8820 | Class 1:0.8782
Epoch [276/500] | Loss: 0.3160 |  Accuracy: 0.8751 | Prediction Confidence: 0.88 | Class 0:0.8821 | Class 1:0.8781
Epoch [277/500] | Loss: 0.3158 |  Accuracy: 0.8753 | Prediction Confidence: 0.88 | Class 0:0.8823 | Class 1:0.8779
Epoch [278/500] | Loss: 0.3156 |  Accuracy: 0.8759 | Prediction Confidence: 0.88 | Class 0:0.8823 | Class 1:0.8779
Epoch [279/500] | Loss: 0.3153 |  Accuracy: 0.8756 | Prediction Confidence: 0.88 | Class 0:0.8826 | Class 1:0.8781
Epoch [280/500] | Loss: 0.3151 |  Accuracy: 0.8753 | Prediction Confidence: 0.88 | Class 0:0.8831 | Class 1:0.8783
Epoch [281/500] | Loss: 0.3148 |  Accuracy: 0.8753 | Prediction Confidence: 0.88 | Class 0:0.8832 | Class 1:0.8784
Epoch [282/500] | Loss: 0.3146 |  Accuracy: 0.8753 | Prediction Confidence: 0.88 | Class 0:0.8834 | Class 1:0.8786
Epoch [283/500] | Loss: 0.3144 |  Accuracy: 0.8753 | Prediction Confidence: 0.88 | Class 0:0.8835 | Class 1:0.8788
Epoch [284/500] | Loss: 0.3141 |  Accuracy: 0.8753 | Prediction Confidence: 0.88 | Class 0:0.8837 | Class 1:0.8789
Epoch [285/500] | Loss: 0.3139 |  Accuracy: 0.8756 | Prediction Confidence: 0.88 | Class 0:0.8839 | Class 1:0.8789
Epoch [286/500] | Loss: 0.3137 |  Accuracy: 0.8759 | Prediction Confidence: 0.88 | Class 0:0.8840 | Class 1:0.8789
Epoch [287/500] | Loss: 0.3134 |  Accuracy: 0.8759 | Prediction Confidence: 0.88 | Class 0:0.8842 | Class 1:0.8791
Epoch [288/500] | Loss: 0.3132 |  Accuracy: 0.8759 | Prediction Confidence: 0.88 | Class 0:0.8843 | Class 1:0.8792
Epoch [289/500] | Loss: 0.3130 |  Accuracy: 0.8759 | Prediction Confidence: 0.88 | Class 0:0.8845 | Class 1:0.8794
Epoch [290/500] | Loss: 0.3127 |  Accuracy: 0.8759 | Prediction Confidence: 0.88 | Class 0:0.8846 | Class 1:0.8795
Epoch [291/500] | Loss: 0.3125 |  Accuracy: 0.8759 | Prediction Confidence: 0.88 | Class 0:0.8847 | Class 1:0.8797
Epoch [292/500] | Loss: 0.3123 |  Accuracy: 0.8762 | Prediction Confidence: 0.88 | Class 0:0.8849 | Class 1:0.8797
Epoch [293/500] | Loss: 0.3120 |  Accuracy: 0.8759 | Prediction Confidence: 0.88 | Class 0:0.8853 | Class 1:0.8799
Epoch [294/500] | Loss: 0.3118 |  Accuracy: 0.8762 | Prediction Confidence: 0.88 | Class 0:0.8854 | Class 1:0.8799
Epoch [295/500] | Loss: 0.3116 |  Accuracy: 0.8762 | Prediction Confidence: 0.88 | Class 0:0.8856 | Class 1:0.8800
Epoch [296/500] | Loss: 0.3114 |  Accuracy: 0.8767 | Prediction Confidence: 0.88 | Class 0:0.8857 | Class 1:0.8794
Epoch [297/500] | Loss: 0.3111 |  Accuracy: 0.8767 | Prediction Confidence: 0.88 | Class 0:0.8859 | Class 1:0.8795
Epoch [298/500] | Loss: 0.3109 |  Accuracy: 0.8767 | Prediction Confidence: 0.88 | Class 0:0.8860 | Class 1:0.8796
Epoch [299/500] | Loss: 0.3107 |  Accuracy: 0.8765 | Prediction Confidence: 0.88 | Class 0:0.8861 | Class 1:0.8801
Epoch [300/500] | Loss: 0.3104 |  Accuracy: 0.8765 | Prediction Confidence: 0.88 | Class 0:0.8862 | Class 1:0.8802
Epoch [301/500] | Loss: 0.3102 |  Accuracy: 0.8759 | Prediction Confidence: 0.88 | Class 0:0.8869 | Class 1:0.8805
Epoch [302/500] | Loss: 0.3100 |  Accuracy: 0.8756 | Prediction Confidence: 0.88 | Class 0:0.8870 | Class 1:0.8809
Epoch [303/500] | Loss: 0.3097 |  Accuracy: 0.8759 | Prediction Confidence: 0.88 | Class 0:0.8870 | Class 1:0.8811
Epoch [304/500] | Loss: 0.3095 |  Accuracy: 0.8762 | Prediction Confidence: 0.88 | Class 0:0.8871 | Class 1:0.8811
Epoch [305/500] | Loss: 0.3093 |  Accuracy: 0.8762 | Prediction Confidence: 0.88 | Class 0:0.8872 | Class 1:0.8814
Epoch [306/500] | Loss: 0.3090 |  Accuracy: 0.8762 | Prediction Confidence: 0.88 | Class 0:0.8873 | Class 1:0.8816
Epoch [307/500] | Loss: 0.3088 |  Accuracy: 0.8762 | Prediction Confidence: 0.88 | Class 0:0.8874 | Class 1:0.8817
Epoch [308/500] | Loss: 0.3086 |  Accuracy: 0.8762 | Prediction Confidence: 0.88 | Class 0:0.8876 | Class 1:0.8819
Epoch [309/500] | Loss: 0.3083 |  Accuracy: 0.8765 | Prediction Confidence: 0.88 | Class 0:0.8877 | Class 1:0.8818
Epoch [310/500] | Loss: 0.3081 |  Accuracy: 0.8762 | Prediction Confidence: 0.88 | Class 0:0.8874 | Class 1:0.8822
Epoch [311/500] | Loss: 0.3079 |  Accuracy: 0.8762 | Prediction Confidence: 0.89 | Class 0:0.8875 | Class 1:0.8824
Epoch [312/500] | Loss: 0.3076 |  Accuracy: 0.8762 | Prediction Confidence: 0.89 | Class 0:0.8876 | Class 1:0.8824
Epoch [313/500] | Loss: 0.3074 |  Accuracy: 0.8765 | Prediction Confidence: 0.89 | Class 0:0.8876 | Class 1:0.8825
Epoch [314/500] | Loss: 0.3072 |  Accuracy: 0.8767 | Prediction Confidence: 0.89 | Class 0:0.8874 | Class 1:0.8827
Epoch [315/500] | Loss: 0.3070 |  Accuracy: 0.8770 | Prediction Confidence: 0.89 | Class 0:0.8875 | Class 1:0.8821
Epoch [316/500] | Loss: 0.3067 |  Accuracy: 0.8773 | Prediction Confidence: 0.89 | Class 0:0.8877 | Class 1:0.8821
Epoch [317/500] | Loss: 0.3065 |  Accuracy: 0.8773 | Prediction Confidence: 0.89 | Class 0:0.8878 | Class 1:0.8823
Epoch [318/500] | Loss: 0.3063 |  Accuracy: 0.8776 | Prediction Confidence: 0.89 | Class 0:0.8876 | Class 1:0.8824
Epoch [319/500] | Loss: 0.3060 |  Accuracy: 0.8778 | Prediction Confidence: 0.89 | Class 0:0.8877 | Class 1:0.8824
Epoch [320/500] | Loss: 0.3058 |  Accuracy: 0.8778 | Prediction Confidence: 0.89 | Class 0:0.8878 | Class 1:0.8825
Epoch [321/500] | Loss: 0.3056 |  Accuracy: 0.8781 | Prediction Confidence: 0.89 | Class 0:0.8878 | Class 1:0.8827
Epoch [322/500] | Loss: 0.3053 |  Accuracy: 0.8781 | Prediction Confidence: 0.89 | Class 0:0.8879 | Class 1:0.8828
Epoch [323/500] | Loss: 0.3051 |  Accuracy: 0.8787 | Prediction Confidence: 0.89 | Class 0:0.8876 | Class 1:0.8830
Epoch [324/500] | Loss: 0.3049 |  Accuracy: 0.8787 | Prediction Confidence: 0.89 | Class 0:0.8877 | Class 1:0.8831
Epoch [325/500] | Loss: 0.3047 |  Accuracy: 0.8789 | Prediction Confidence: 0.89 | Class 0:0.8879 | Class 1:0.8830
Epoch [326/500] | Loss: 0.3044 |  Accuracy: 0.8789 | Prediction Confidence: 0.89 | Class 0:0.8877 | Class 1:0.8833
Epoch [327/500] | Loss: 0.3042 |  Accuracy: 0.8789 | Prediction Confidence: 0.89 | Class 0:0.8878 | Class 1:0.8834
Epoch [328/500] | Loss: 0.3040 |  Accuracy: 0.8789 | Prediction Confidence: 0.89 | Class 0:0.8879 | Class 1:0.8836
Epoch [329/500] | Loss: 0.3038 |  Accuracy: 0.8787 | Prediction Confidence: 0.89 | Class 0:0.8881 | Class 1:0.8838
Epoch [330/500] | Loss: 0.3036 |  Accuracy: 0.8789 | Prediction Confidence: 0.89 | Class 0:0.8882 | Class 1:0.8838
Epoch [331/500] | Loss: 0.3033 |  Accuracy: 0.8787 | Prediction Confidence: 0.89 | Class 0:0.8883 | Class 1:0.8842
Epoch [332/500] | Loss: 0.3031 |  Accuracy: 0.8787 | Prediction Confidence: 0.89 | Class 0:0.8881 | Class 1:0.8844
Epoch [333/500] | Loss: 0.3029 |  Accuracy: 0.8784 | Prediction Confidence: 0.89 | Class 0:0.8882 | Class 1:0.8850
Epoch [334/500] | Loss: 0.3027 |  Accuracy: 0.8784 | Prediction Confidence: 0.89 | Class 0:0.8883 | Class 1:0.8851
Epoch [335/500] | Loss: 0.3025 |  Accuracy: 0.8787 | Prediction Confidence: 0.89 | Class 0:0.8878 | Class 1:0.8854
Epoch [336/500] | Loss: 0.3023 |  Accuracy: 0.8787 | Prediction Confidence: 0.89 | Class 0:0.8880 | Class 1:0.8855
Epoch [337/500] | Loss: 0.3020 |  Accuracy: 0.8784 | Prediction Confidence: 0.89 | Class 0:0.8882 | Class 1:0.8857
Epoch [338/500] | Loss: 0.3018 |  Accuracy: 0.8787 | Prediction Confidence: 0.89 | Class 0:0.8884 | Class 1:0.8856
Epoch [339/500] | Loss: 0.3016 |  Accuracy: 0.8789 | Prediction Confidence: 0.89 | Class 0:0.8883 | Class 1:0.8857
Epoch [340/500] | Loss: 0.3014 |  Accuracy: 0.8789 | Prediction Confidence: 0.89 | Class 0:0.8884 | Class 1:0.8859
Epoch [341/500] | Loss: 0.3012 |  Accuracy: 0.8787 | Prediction Confidence: 0.89 | Class 0:0.8885 | Class 1:0.8863
Epoch [342/500] | Loss: 0.3010 |  Accuracy: 0.8792 | Prediction Confidence: 0.89 | Class 0:0.8884 | Class 1:0.8864
Epoch [343/500] | Loss: 0.3008 |  Accuracy: 0.8792 | Prediction Confidence: 0.89 | Class 0:0.8885 | Class 1:0.8866
Epoch [344/500] | Loss: 0.3005 |  Accuracy: 0.8792 | Prediction Confidence: 0.89 | Class 0:0.8887 | Class 1:0.8867
Epoch [345/500] | Loss: 0.3003 |  Accuracy: 0.8792 | Prediction Confidence: 0.89 | Class 0:0.8888 | Class 1:0.8869
Epoch [346/500] | Loss: 0.3001 |  Accuracy: 0.8792 | Prediction Confidence: 0.89 | Class 0:0.8889 | Class 1:0.8870
Epoch [347/500] | Loss: 0.2999 |  Accuracy: 0.8792 | Prediction Confidence: 0.89 | Class 0:0.8895 | Class 1:0.8870
Epoch [348/500] | Loss: 0.2997 |  Accuracy: 0.8795 | Prediction Confidence: 0.89 | Class 0:0.8896 | Class 1:0.8869
Epoch [349/500] | Loss: 0.2995 |  Accuracy: 0.8798 | Prediction Confidence: 0.89 | Class 0:0.8897 | Class 1:0.8869
Epoch [350/500] | Loss: 0.2992 |  Accuracy: 0.8798 | Prediction Confidence: 0.89 | Class 0:0.8898 | Class 1:0.8870
Epoch [351/500] | Loss: 0.2990 |  Accuracy: 0.8795 | Prediction Confidence: 0.89 | Class 0:0.8903 | Class 1:0.8872
Epoch [352/500] | Loss: 0.2988 |  Accuracy: 0.8803 | Prediction Confidence: 0.89 | Class 0:0.8898 | Class 1:0.8869
Epoch [353/500] | Loss: 0.2986 |  Accuracy: 0.8798 | Prediction Confidence: 0.89 | Class 0:0.8903 | Class 1:0.8871
Epoch [354/500] | Loss: 0.2984 |  Accuracy: 0.8798 | Prediction Confidence: 0.89 | Class 0:0.8904 | Class 1:0.8872
Epoch [355/500] | Loss: 0.2981 |  Accuracy: 0.8795 | Prediction Confidence: 0.89 | Class 0:0.8905 | Class 1:0.8876
Epoch [356/500] | Loss: 0.2979 |  Accuracy: 0.8795 | Prediction Confidence: 0.89 | Class 0:0.8907 | Class 1:0.8877
Epoch [357/500] | Loss: 0.2977 |  Accuracy: 0.8792 | Prediction Confidence: 0.89 | Class 0:0.8911 | Class 1:0.8879
Epoch [358/500] | Loss: 0.2975 |  Accuracy: 0.8792 | Prediction Confidence: 0.89 | Class 0:0.8912 | Class 1:0.8881
Epoch [359/500] | Loss: 0.2972 |  Accuracy: 0.8795 | Prediction Confidence: 0.89 | Class 0:0.8913 | Class 1:0.8880
Epoch [360/500] | Loss: 0.2970 |  Accuracy: 0.8798 | Prediction Confidence: 0.89 | Class 0:0.8915 | Class 1:0.8880
Epoch [361/500] | Loss: 0.2968 |  Accuracy: 0.8798 | Prediction Confidence: 0.89 | Class 0:0.8916 | Class 1:0.8882
Epoch [362/500] | Loss: 0.2965 |  Accuracy: 0.8803 | Prediction Confidence: 0.89 | Class 0:0.8917 | Class 1:0.8881
Epoch [363/500] | Loss: 0.2963 |  Accuracy: 0.8806 | Prediction Confidence: 0.89 | Class 0:0.8918 | Class 1:0.8880
Epoch [364/500] | Loss: 0.2961 |  Accuracy: 0.8806 | Prediction Confidence: 0.89 | Class 0:0.8920 | Class 1:0.8882
Epoch [365/500] | Loss: 0.2959 |  Accuracy: 0.8809 | Prediction Confidence: 0.89 | Class 0:0.8919 | Class 1:0.8883
Epoch [366/500] | Loss: 0.2957 |  Accuracy: 0.8812 | Prediction Confidence: 0.89 | Class 0:0.8916 | Class 1:0.8885
Epoch [367/500] | Loss: 0.2954 |  Accuracy: 0.8809 | Prediction Confidence: 0.89 | Class 0:0.8918 | Class 1:0.8889
Epoch [368/500] | Loss: 0.2952 |  Accuracy: 0.8809 | Prediction Confidence: 0.89 | Class 0:0.8920 | Class 1:0.8890
Epoch [369/500] | Loss: 0.2950 |  Accuracy: 0.8809 | Prediction Confidence: 0.89 | Class 0:0.8921 | Class 1:0.8892
Epoch [370/500] | Loss: 0.2948 |  Accuracy: 0.8809 | Prediction Confidence: 0.89 | Class 0:0.8923 | Class 1:0.8893
Epoch [371/500] | Loss: 0.2946 |  Accuracy: 0.8809 | Prediction Confidence: 0.89 | Class 0:0.8924 | Class 1:0.8895
Epoch [372/500] | Loss: 0.2944 |  Accuracy: 0.8809 | Prediction Confidence: 0.89 | Class 0:0.8926 | Class 1:0.8897
Epoch [373/500] | Loss: 0.2942 |  Accuracy: 0.8809 | Prediction Confidence: 0.89 | Class 0:0.8928 | Class 1:0.8898
Epoch [374/500] | Loss: 0.2939 |  Accuracy: 0.8809 | Prediction Confidence: 0.89 | Class 0:0.8929 | Class 1:0.8900
Epoch [375/500] | Loss: 0.2937 |  Accuracy: 0.8812 | Prediction Confidence: 0.89 | Class 0:0.8931 | Class 1:0.8898
Epoch [376/500] | Loss: 0.2935 |  Accuracy: 0.8812 | Prediction Confidence: 0.89 | Class 0:0.8932 | Class 1:0.8900
Epoch [377/500] | Loss: 0.2933 |  Accuracy: 0.8812 | Prediction Confidence: 0.89 | Class 0:0.8931 | Class 1:0.8904
Epoch [378/500] | Loss: 0.2931 |  Accuracy: 0.8812 | Prediction Confidence: 0.89 | Class 0:0.8933 | Class 1:0.8905
Epoch [379/500] | Loss: 0.2929 |  Accuracy: 0.8817 | Prediction Confidence: 0.89 | Class 0:0.8933 | Class 1:0.8905
Epoch [380/500] | Loss: 0.2927 |  Accuracy: 0.8823 | Prediction Confidence: 0.89 | Class 0:0.8934 | Class 1:0.8905
Epoch [381/500] | Loss: 0.2925 |  Accuracy: 0.8823 | Prediction Confidence: 0.89 | Class 0:0.8936 | Class 1:0.8906
Epoch [382/500] | Loss: 0.2923 |  Accuracy: 0.8823 | Prediction Confidence: 0.89 | Class 0:0.8937 | Class 1:0.8908
Epoch [383/500] | Loss: 0.2921 |  Accuracy: 0.8823 | Prediction Confidence: 0.89 | Class 0:0.8939 | Class 1:0.8909
Epoch [384/500] | Loss: 0.2919 |  Accuracy: 0.8823 | Prediction Confidence: 0.89 | Class 0:0.8940 | Class 1:0.8911
Epoch [385/500] | Loss: 0.2917 |  Accuracy: 0.8823 | Prediction Confidence: 0.89 | Class 0:0.8942 | Class 1:0.8912
Epoch [386/500] | Loss: 0.2915 |  Accuracy: 0.8825 | Prediction Confidence: 0.89 | Class 0:0.8941 | Class 1:0.8913
Epoch [387/500] | Loss: 0.2913 |  Accuracy: 0.8828 | Prediction Confidence: 0.89 | Class 0:0.8945 | Class 1:0.8910
Epoch [388/500] | Loss: 0.2911 |  Accuracy: 0.8828 | Prediction Confidence: 0.89 | Class 0:0.8947 | Class 1:0.8911
Epoch [389/500] | Loss: 0.2909 |  Accuracy: 0.8831 | Prediction Confidence: 0.89 | Class 0:0.8947 | Class 1:0.8913
Epoch [390/500] | Loss: 0.2907 |  Accuracy: 0.8831 | Prediction Confidence: 0.89 | Class 0:0.8948 | Class 1:0.8914
Epoch [391/500] | Loss: 0.2905 |  Accuracy: 0.8834 | Prediction Confidence: 0.89 | Class 0:0.8950 | Class 1:0.8913
Epoch [392/500] | Loss: 0.2903 |  Accuracy: 0.8842 | Prediction Confidence: 0.89 | Class 0:0.8946 | Class 1:0.8913
Epoch [393/500] | Loss: 0.2901 |  Accuracy: 0.8842 | Prediction Confidence: 0.89 | Class 0:0.8948 | Class 1:0.8914
Epoch [394/500] | Loss: 0.2899 |  Accuracy: 0.8845 | Prediction Confidence: 0.89 | Class 0:0.8946 | Class 1:0.8915
Epoch [395/500] | Loss: 0.2898 |  Accuracy: 0.8850 | Prediction Confidence: 0.89 | Class 0:0.8947 | Class 1:0.8913
Epoch [396/500] | Loss: 0.2896 |  Accuracy: 0.8850 | Prediction Confidence: 0.89 | Class 0:0.8948 | Class 1:0.8914
Epoch [397/500] | Loss: 0.2894 |  Accuracy: 0.8850 | Prediction Confidence: 0.89 | Class 0:0.8950 | Class 1:0.8916
Epoch [398/500] | Loss: 0.2892 |  Accuracy: 0.8848 | Prediction Confidence: 0.89 | Class 0:0.8951 | Class 1:0.8919
Epoch [399/500] | Loss: 0.2890 |  Accuracy: 0.8848 | Prediction Confidence: 0.89 | Class 0:0.8952 | Class 1:0.8920
Epoch [400/500] | Loss: 0.2888 |  Accuracy: 0.8848 | Prediction Confidence: 0.89 | Class 0:0.8957 | Class 1:0.8920
Epoch [401/500] | Loss: 0.2886 |  Accuracy: 0.8848 | Prediction Confidence: 0.89 | Class 0:0.8958 | Class 1:0.8921
Epoch [402/500] | Loss: 0.2884 |  Accuracy: 0.8848 | Prediction Confidence: 0.89 | Class 0:0.8959 | Class 1:0.8922
Epoch [403/500] | Loss: 0.2882 |  Accuracy: 0.8845 | Prediction Confidence: 0.89 | Class 0:0.8961 | Class 1:0.8926
Epoch [404/500] | Loss: 0.2881 |  Accuracy: 0.8850 | Prediction Confidence: 0.89 | Class 0:0.8962 | Class 1:0.8923
Epoch [405/500] | Loss: 0.2879 |  Accuracy: 0.8856 | Prediction Confidence: 0.89 | Class 0:0.8958 | Class 1:0.8924
Epoch [406/500] | Loss: 0.2877 |  Accuracy: 0.8856 | Prediction Confidence: 0.89 | Class 0:0.8959 | Class 1:0.8925
Epoch [407/500] | Loss: 0.2875 |  Accuracy: 0.8861 | Prediction Confidence: 0.89 | Class 0:0.8956 | Class 1:0.8924
Epoch [408/500] | Loss: 0.2872 |  Accuracy: 0.8859 | Prediction Confidence: 0.89 | Class 0:0.8957 | Class 1:0.8927
Epoch [409/500] | Loss: 0.2869 |  Accuracy: 0.8859 | Prediction Confidence: 0.89 | Class 0:0.8957 | Class 1:0.8928
Epoch [410/500] | Loss: 0.2866 |  Accuracy: 0.8867 | Prediction Confidence: 0.89 | Class 0:0.8957 | Class 1:0.8926
Epoch [411/500] | Loss: 0.2863 |  Accuracy: 0.8870 | Prediction Confidence: 0.89 | Class 0:0.8956 | Class 1:0.8928
Epoch [412/500] | Loss: 0.2861 |  Accuracy: 0.8873 | Prediction Confidence: 0.89 | Class 0:0.8956 | Class 1:0.8930
Epoch [413/500] | Loss: 0.2859 |  Accuracy: 0.8878 | Prediction Confidence: 0.89 | Class 0:0.8955 | Class 1:0.8928
Epoch [414/500] | Loss: 0.2857 |  Accuracy: 0.8878 | Prediction Confidence: 0.89 | Class 0:0.8957 | Class 1:0.8930
Epoch [415/500] | Loss: 0.2855 |  Accuracy: 0.8881 | Prediction Confidence: 0.89 | Class 0:0.8958 | Class 1:0.8924
Epoch [416/500] | Loss: 0.2853 |  Accuracy: 0.8881 | Prediction Confidence: 0.89 | Class 0:0.8959 | Class 1:0.8926
Epoch [417/500] | Loss: 0.2852 |  Accuracy: 0.8881 | Prediction Confidence: 0.89 | Class 0:0.8961 | Class 1:0.8927
Epoch [418/500] | Loss: 0.2850 |  Accuracy: 0.8884 | Prediction Confidence: 0.89 | Class 0:0.8962 | Class 1:0.8927
Epoch [419/500] | Loss: 0.2848 |  Accuracy: 0.8881 | Prediction Confidence: 0.89 | Class 0:0.8963 | Class 1:0.8931
Epoch [420/500] | Loss: 0.2846 |  Accuracy: 0.8881 | Prediction Confidence: 0.90 | Class 0:0.8964 | Class 1:0.8933
Epoch [421/500] | Loss: 0.2844 |  Accuracy: 0.8881 | Prediction Confidence: 0.90 | Class 0:0.8965 | Class 1:0.8934
Epoch [422/500] | Loss: 0.2842 |  Accuracy: 0.8884 | Prediction Confidence: 0.90 | Class 0:0.8969 | Class 1:0.8931
Epoch [423/500] | Loss: 0.2840 |  Accuracy: 0.8884 | Prediction Confidence: 0.90 | Class 0:0.8970 | Class 1:0.8933
Epoch [424/500] | Loss: 0.2838 |  Accuracy: 0.8884 | Prediction Confidence: 0.90 | Class 0:0.8972 | Class 1:0.8934
Epoch [425/500] | Loss: 0.2836 |  Accuracy: 0.8884 | Prediction Confidence: 0.90 | Class 0:0.8976 | Class 1:0.8932
Epoch [426/500] | Loss: 0.2834 |  Accuracy: 0.8884 | Prediction Confidence: 0.90 | Class 0:0.8978 | Class 1:0.8933
Epoch [427/500] | Loss: 0.2832 |  Accuracy: 0.8884 | Prediction Confidence: 0.90 | Class 0:0.8979 | Class 1:0.8935
Epoch [428/500] | Loss: 0.2830 |  Accuracy: 0.8886 | Prediction Confidence: 0.90 | Class 0:0.8978 | Class 1:0.8936
Epoch [429/500] | Loss: 0.2828 |  Accuracy: 0.8886 | Prediction Confidence: 0.90 | Class 0:0.8979 | Class 1:0.8938
Epoch [430/500] | Loss: 0.2827 |  Accuracy: 0.8892 | Prediction Confidence: 0.90 | Class 0:0.8978 | Class 1:0.8936
Epoch [431/500] | Loss: 0.2825 |  Accuracy: 0.8895 | Prediction Confidence: 0.90 | Class 0:0.8979 | Class 1:0.8934
Epoch [432/500] | Loss: 0.2823 |  Accuracy: 0.8898 | Prediction Confidence: 0.90 | Class 0:0.8981 | Class 1:0.8933
Epoch [433/500] | Loss: 0.2821 |  Accuracy: 0.8898 | Prediction Confidence: 0.90 | Class 0:0.8979 | Class 1:0.8937
Epoch [434/500] | Loss: 0.2819 |  Accuracy: 0.8903 | Prediction Confidence: 0.90 | Class 0:0.8978 | Class 1:0.8936
Epoch [435/500] | Loss: 0.2817 |  Accuracy: 0.8900 | Prediction Confidence: 0.90 | Class 0:0.8979 | Class 1:0.8939
Epoch [436/500] | Loss: 0.2815 |  Accuracy: 0.8900 | Prediction Confidence: 0.90 | Class 0:0.8980 | Class 1:0.8940
Epoch [437/500] | Loss: 0.2813 |  Accuracy: 0.8903 | Prediction Confidence: 0.90 | Class 0:0.8980 | Class 1:0.8942
Epoch [438/500] | Loss: 0.2811 |  Accuracy: 0.8903 | Prediction Confidence: 0.90 | Class 0:0.8981 | Class 1:0.8943
Epoch [439/500] | Loss: 0.2809 |  Accuracy: 0.8906 | Prediction Confidence: 0.90 | Class 0:0.8982 | Class 1:0.8943
Epoch [440/500] | Loss: 0.2807 |  Accuracy: 0.8906 | Prediction Confidence: 0.90 | Class 0:0.8983 | Class 1:0.8944
Epoch [441/500] | Loss: 0.2805 |  Accuracy: 0.8909 | Prediction Confidence: 0.90 | Class 0:0.8983 | Class 1:0.8945
Epoch [442/500] | Loss: 0.2803 |  Accuracy: 0.8909 | Prediction Confidence: 0.90 | Class 0:0.8984 | Class 1:0.8947
Epoch [443/500] | Loss: 0.2801 |  Accuracy: 0.8914 | Prediction Confidence: 0.90 | Class 0:0.8982 | Class 1:0.8948
Epoch [444/500] | Loss: 0.2799 |  Accuracy: 0.8909 | Prediction Confidence: 0.90 | Class 0:0.8986 | Class 1:0.8951
Epoch [445/500] | Loss: 0.2797 |  Accuracy: 0.8911 | Prediction Confidence: 0.90 | Class 0:0.8986 | Class 1:0.8953
Epoch [446/500] | Loss: 0.2795 |  Accuracy: 0.8917 | Prediction Confidence: 0.90 | Class 0:0.8988 | Class 1:0.8948
Epoch [447/500] | Loss: 0.2793 |  Accuracy: 0.8922 | Prediction Confidence: 0.90 | Class 0:0.8987 | Class 1:0.8939
Epoch [448/500] | Loss: 0.2791 |  Accuracy: 0.8922 | Prediction Confidence: 0.90 | Class 0:0.8988 | Class 1:0.8940
Epoch [449/500] | Loss: 0.2789 |  Accuracy: 0.8928 | Prediction Confidence: 0.90 | Class 0:0.8989 | Class 1:0.8937
Epoch [450/500] | Loss: 0.2787 |  Accuracy: 0.8925 | Prediction Confidence: 0.90 | Class 0:0.8993 | Class 1:0.8938
Epoch [451/500] | Loss: 0.2785 |  Accuracy: 0.8931 | Prediction Confidence: 0.90 | Class 0:0.8993 | Class 1:0.8938
Epoch [452/500] | Loss: 0.2783 |  Accuracy: 0.8934 | Prediction Confidence: 0.90 | Class 0:0.8992 | Class 1:0.8939
Epoch [453/500] | Loss: 0.2781 |  Accuracy: 0.8934 | Prediction Confidence: 0.90 | Class 0:0.8993 | Class 1:0.8941
Epoch [454/500] | Loss: 0.2779 |  Accuracy: 0.8934 | Prediction Confidence: 0.90 | Class 0:0.8994 | Class 1:0.8942
Epoch [455/500] | Loss: 0.2777 |  Accuracy: 0.8934 | Prediction Confidence: 0.90 | Class 0:0.8996 | Class 1:0.8944
Epoch [456/500] | Loss: 0.2774 |  Accuracy: 0.8936 | Prediction Confidence: 0.90 | Class 0:0.8993 | Class 1:0.8945
Epoch [457/500] | Loss: 0.2772 |  Accuracy: 0.8936 | Prediction Confidence: 0.90 | Class 0:0.8995 | Class 1:0.8946
Epoch [458/500] | Loss: 0.2770 |  Accuracy: 0.8939 | Prediction Confidence: 0.90 | Class 0:0.8994 | Class 1:0.8948
Epoch [459/500] | Loss: 0.2767 |  Accuracy: 0.8939 | Prediction Confidence: 0.90 | Class 0:0.8995 | Class 1:0.8949
Epoch [460/500] | Loss: 0.2765 |  Accuracy: 0.8939 | Prediction Confidence: 0.90 | Class 0:0.8996 | Class 1:0.8951
Epoch [461/500] | Loss: 0.2763 |  Accuracy: 0.8945 | Prediction Confidence: 0.90 | Class 0:0.8996 | Class 1:0.8948
Epoch [462/500] | Loss: 0.2760 |  Accuracy: 0.8945 | Prediction Confidence: 0.90 | Class 0:0.8998 | Class 1:0.8950
Epoch [463/500] | Loss: 0.2758 |  Accuracy: 0.8945 | Prediction Confidence: 0.90 | Class 0:0.9000 | Class 1:0.8951
Epoch [464/500] | Loss: 0.2756 |  Accuracy: 0.8947 | Prediction Confidence: 0.90 | Class 0:0.9001 | Class 1:0.8951
Epoch [465/500] | Loss: 0.2754 |  Accuracy: 0.8947 | Prediction Confidence: 0.90 | Class 0:0.9003 | Class 1:0.8952
Epoch [466/500] | Loss: 0.2752 |  Accuracy: 0.8953 | Prediction Confidence: 0.90 | Class 0:0.9000 | Class 1:0.8954
Epoch [467/500] | Loss: 0.2751 |  Accuracy: 0.8956 | Prediction Confidence: 0.90 | Class 0:0.9001 | Class 1:0.8952
Epoch [468/500] | Loss: 0.2749 |  Accuracy: 0.8958 | Prediction Confidence: 0.90 | Class 0:0.9003 | Class 1:0.8950
Epoch [469/500] | Loss: 0.2747 |  Accuracy: 0.8958 | Prediction Confidence: 0.90 | Class 0:0.9004 | Class 1:0.8952
Epoch [470/500] | Loss: 0.2745 |  Accuracy: 0.8961 | Prediction Confidence: 0.90 | Class 0:0.9006 | Class 1:0.8951
Epoch [471/500] | Loss: 0.2743 |  Accuracy: 0.8961 | Prediction Confidence: 0.90 | Class 0:0.9007 | Class 1:0.8952
Epoch [472/500] | Loss: 0.2741 |  Accuracy: 0.8961 | Prediction Confidence: 0.90 | Class 0:0.9008 | Class 1:0.8954
Epoch [473/500] | Loss: 0.2739 |  Accuracy: 0.8961 | Prediction Confidence: 0.90 | Class 0:0.9010 | Class 1:0.8955
Epoch [474/500] | Loss: 0.2738 |  Accuracy: 0.8964 | Prediction Confidence: 0.90 | Class 0:0.9009 | Class 1:0.8956
Epoch [475/500] | Loss: 0.2736 |  Accuracy: 0.8964 | Prediction Confidence: 0.90 | Class 0:0.9011 | Class 1:0.8958
Epoch [476/500] | Loss: 0.2734 |  Accuracy: 0.8970 | Prediction Confidence: 0.90 | Class 0:0.9012 | Class 1:0.8955
Epoch [477/500] | Loss: 0.2732 |  Accuracy: 0.8972 | Prediction Confidence: 0.90 | Class 0:0.9013 | Class 1:0.8954
Epoch [478/500] | Loss: 0.2730 |  Accuracy: 0.8975 | Prediction Confidence: 0.90 | Class 0:0.9015 | Class 1:0.8952
Epoch [479/500] | Loss: 0.2728 |  Accuracy: 0.8975 | Prediction Confidence: 0.90 | Class 0:0.9016 | Class 1:0.8953
Epoch [480/500] | Loss: 0.2726 |  Accuracy: 0.8978 | Prediction Confidence: 0.90 | Class 0:0.9016 | Class 1:0.8955
Epoch [481/500] | Loss: 0.2724 |  Accuracy: 0.8978 | Prediction Confidence: 0.90 | Class 0:0.9018 | Class 1:0.8956
Epoch [482/500] | Loss: 0.2722 |  Accuracy: 0.8978 | Prediction Confidence: 0.90 | Class 0:0.9019 | Class 1:0.8958
Epoch [483/500] | Loss: 0.2720 |  Accuracy: 0.8983 | Prediction Confidence: 0.90 | Class 0:0.9021 | Class 1:0.8955
Epoch [484/500] | Loss: 0.2719 |  Accuracy: 0.8986 | Prediction Confidence: 0.90 | Class 0:0.9020 | Class 1:0.8957
Epoch [485/500] | Loss: 0.2717 |  Accuracy: 0.8986 | Prediction Confidence: 0.90 | Class 0:0.9022 | Class 1:0.8958
Epoch [486/500] | Loss: 0.2715 |  Accuracy: 0.8986 | Prediction Confidence: 0.90 | Class 0:0.9023 | Class 1:0.8960
Epoch [487/500] | Loss: 0.2713 |  Accuracy: 0.8989 | Prediction Confidence: 0.90 | Class 0:0.9024 | Class 1:0.8958
Epoch [488/500] | Loss: 0.2712 |  Accuracy: 0.8992 | Prediction Confidence: 0.90 | Class 0:0.9026 | Class 1:0.8957
Epoch [489/500] | Loss: 0.2710 |  Accuracy: 0.8994 | Prediction Confidence: 0.90 | Class 0:0.9027 | Class 1:0.8957
Epoch [490/500] | Loss: 0.2708 |  Accuracy: 0.8997 | Prediction Confidence: 0.90 | Class 0:0.9028 | Class 1:0.8956
Epoch [491/500] | Loss: 0.2707 |  Accuracy: 0.9000 | Prediction Confidence: 0.90 | Class 0:0.9028 | Class 1:0.8957
Epoch [492/500] | Loss: 0.2705 |  Accuracy: 0.9000 | Prediction Confidence: 0.90 | Class 0:0.9029 | Class 1:0.8958
Epoch [493/500] | Loss: 0.2703 |  Accuracy: 0.9000 | Prediction Confidence: 0.90 | Class 0:0.9030 | Class 1:0.8960
Epoch [494/500] | Loss: 0.2702 |  Accuracy: 0.9003 | Prediction Confidence: 0.90 | Class 0:0.9029 | Class 1:0.8961
Epoch [495/500] | Loss: 0.2700 |  Accuracy: 0.9006 | Prediction Confidence: 0.90 | Class 0:0.9031 | Class 1:0.8960
Epoch [496/500] | Loss: 0.2699 |  Accuracy: 0.9011 | Prediction Confidence: 0.90 | Class 0:0.9032 | Class 1:0.8957
Epoch [497/500] | Loss: 0.2697 |  Accuracy: 0.9011 | Prediction Confidence: 0.90 | Class 0:0.9033 | Class 1:0.8959
Epoch [498/500] | Loss: 0.2695 |  Accuracy: 0.9011 | Prediction Confidence: 0.90 | Class 0:0.9034 | Class 1:0.8960
Epoch [499/500] | Loss: 0.2694 |  Accuracy: 0.9011 | Prediction Confidence: 0.90 | Class 0:0.9035 | Class 1:0.8961
Epoch [500/500] | Loss: 0.2692 |  Accuracy: 0.9011 | Prediction Confidence: 0.90 | Class 0:0.9037 | Class 1:0.8962
Test Accuracy 57.8030303030303 | Confidence ({0: array([0.892946], dtype=float32), 1: array([0.8865269], dtype=float32)}, 0.8897364)
