Config: 
 {
  "model_save_path": "/Users/prathyushsp/Git/TimeSeriesSaliencyMaps/nte/trained_models/burst/",
  "model": "dnn",
  "loss": "ce",
  "model_name": "burst_strength_dnn_ce",
  "dependency_meta": {
    "md5": "56ba5cedee68e056c6915adf5a2a7475",
    "timestamp": "2020-05-06 20:52:06.455865"
  },
  "timesteps": 100,
  "num_classes": 2,
  "rnn_config": {
    "ninp": 1,
    "nhid": 10,
    "nlayers": 1,
    "nclasses": 2
  },
  "dnn_config": {
    "layers": [
      50,
      20,
      2
    ]
  },
  "batch_size": 32,
  "num_epochs": 10,
  "learning_rate": 0.001
}
Model: 
 Linear(
  (layers): ModuleList(
    (0): Linear(in_features=100, out_features=50, bias=True)
    (1): Linear(in_features=50, out_features=20, bias=True)
    (2): Linear(in_features=20, out_features=2, bias=True)
  )
  (sigmoid_activation): Sigmoid()
  (softmax_activation): Softmax(dim=-1)
)
Epoch [1/10] | Loss: 0.6048 |  Accuracy: 0.7837 | Prediction Confidence: 0.56 | Class 0:0.5493 | Class 1:0.5752
Epoch [2/10] | Loss: 0.3656 |  Accuracy: 1.0000 | Prediction Confidence: 0.70 | Class 0:0.7089 | Class 1:0.6832
Epoch [3/10] | Loss: 0.1585 |  Accuracy: 1.0000 | Prediction Confidence: 0.85 | Class 0:0.8786 | Class 1:0.8309
Epoch [4/10] | Loss: 0.0743 |  Accuracy: 1.0000 | Prediction Confidence: 0.93 | Class 0:0.9463 | Class 1:0.9115
Epoch [5/10] | Loss: 0.0430 |  Accuracy: 1.0000 | Prediction Confidence: 0.96 | Class 0:0.9703 | Class 1:0.9461
Epoch [6/10] | Loss: 0.0285 |  Accuracy: 1.0000 | Prediction Confidence: 0.97 | Class 0:0.9810 | Class 1:0.9632
Epoch [7/10] | Loss: 0.0205 |  Accuracy: 1.0000 | Prediction Confidence: 0.98 | Class 0:0.9867 | Class 1:0.9730
Epoch [8/10] | Loss: 0.0156 |  Accuracy: 1.0000 | Prediction Confidence: 0.98 | Class 0:0.9900 | Class 1:0.9792
Epoch [9/10] | Loss: 0.0124 |  Accuracy: 1.0000 | Prediction Confidence: 0.99 | Class 0:0.9922 | Class 1:0.9834
Epoch [10/10] | Loss: 0.0101 |  Accuracy: 1.0000 | Prediction Confidence: 0.99 | Class 0:0.9938 | Class 1:0.9863
Test Accuracy 100.0 | Confidence ({0: array([0.99435735], dtype=float32), 1: array([0.9875047], dtype=float32)}, 0.99093103)
