Config: 
 {
  "model_save_path": "/Users/prathyushsp/Git/TimeSeriesSaliencyMaps/nte/trained_models/burst/",
  "model": "rnn",
  "loss": "ce",
  "model_name": "burst_strength_rnn_ce",
  "dependency_meta": {
    "md5": "56ba5cedee68e056c6915adf5a2a7475",
    "timestamp": "2020-05-06 20:52:06.455865"
  },
  "timesteps": 100,
  "num_classes": 2,
  "rnn_config": {
    "ninp": 1,
    "nhid": 10,
    "nlayers": 1,
    "nclasses": 2
  },
  "dnn_config": {
    "layers": [
      50,
      20,
      2
    ]
  },
  "batch_size": 32,
  "num_epochs": 10,
  "learning_rate": 0.001
}
Model: 
 RNN(
  (rnn_cell): GRU(1, 10, batch_first=True)
  (fc1): Linear(in_features=10, out_features=2, bias=True)
)
Epoch [1/10] | Loss: 0.6952 |  Accuracy: 0.5062 | Prediction Confidence: 0.54 | Class 0:nan | Class 1:0.5398
Epoch [2/10] | Loss: 0.6931 |  Accuracy: 0.5062 | Prediction Confidence: 0.51 | Class 0:nan | Class 1:0.5128
Epoch [3/10] | Loss: 0.6914 |  Accuracy: 0.5325 | Prediction Confidence: 0.51 | Class 0:0.5012 | Class 1:0.5092
Epoch [4/10] | Loss: 0.6063 |  Accuracy: 0.6925 | Prediction Confidence: 0.57 | Class 0:0.5284 | Class 1:0.6045
Epoch [5/10] | Loss: 0.0951 |  Accuracy: 1.0000 | Prediction Confidence: 0.91 | Class 0:0.8713 | Class 1:0.9512
Epoch [6/10] | Loss: 0.0204 |  Accuracy: 1.0000 | Prediction Confidence: 0.98 | Class 0:0.9738 | Class 1:0.9857
Epoch [7/10] | Loss: 0.0113 |  Accuracy: 1.0000 | Prediction Confidence: 0.99 | Class 0:0.9862 | Class 1:0.9912
Epoch [8/10] | Loss: 0.0077 |  Accuracy: 1.0000 | Prediction Confidence: 0.99 | Class 0:0.9908 | Class 1:0.9938
Epoch [9/10] | Loss: 0.0058 |  Accuracy: 1.0000 | Prediction Confidence: 0.99 | Class 0:0.9933 | Class 1:0.9952
Epoch [10/10] | Loss: 0.0045 |  Accuracy: 1.0000 | Prediction Confidence: 1.00 | Class 0:0.9948 | Class 1:0.9962
Test Accuracy 100.0 | Confidence ({0: array([0.99537754], dtype=float32), 1: array([0.99652916], dtype=float32)}, 0.9959533)
