Config: 
 {
  "model_save_path": "/tmp/",
  "model": "rnn",
  "loss": "ce",
  "model_name": "Meat_mc_rnn_ce_mc",
  "dependency_meta": "",
  "timesteps": 448,
  "num_classes": 3,
  "rnn_config": {
    "ninp": 1,
    "nhid": 1000,
    "nlayers": 3,
    "nclasses": 3
  },
  "dnn_config": {
    "layers": [
      2100,
      900,
      300,
      3
    ]
  },
  "batch_size": 32,
  "num_epochs": 500,
  "learning_rate": 0.001
}
Model: 
 RNN(
  (rnn_cell): GRU(1, 1000, num_layers=3, batch_first=True)
  (fc1): Linear(in_features=1000, out_features=3, bias=True)
)
Epoch[1/500] | Loss:2.9455 |Acc: 16.6667|Pred Confidence: nan | C 0:0.6670 | C 1:nan | C 2:nan| C 3:nan| C 4:nan| C 5:nan| C 6:nan| C 7:nan| C 8:nan| C 9:nan| C 10:nan| C 11:nan
Epoch[2/500] | Loss:1.3027 |Acc: 0.0000|Pred Confidence: nan | C 0:nan | C 1:nan | C 2:nan| C 3:nan| C 4:nan| C 5:nan| C 6:nan| C 7:nan| C 8:nan| C 9:nan| C 10:nan| C 11:nan
Epoch[3/500] | Loss:1.0953 |Acc: 33.3333|Pred Confidence: nan | C 0:0.3750 | C 1:nan | C 2:nan| C 3:nan| C 4:nan| C 5:nan| C 6:nan| C 7:nan| C 8:nan| C 9:nan| C 10:nan| C 11:nan
Epoch[4/500] | Loss:1.1014 |Acc: 33.3333|Pred Confidence: nan | C 0:0.3462 | C 1:nan | C 2:nan| C 3:nan| C 4:nan| C 5:nan| C 6:nan| C 7:nan| C 8:nan| C 9:nan| C 10:nan| C 11:nan
Epoch[5/500] | Loss:1.1046 |Acc: 33.3333|Pred Confidence: nan | C 0:0.3375 | C 1:nan | C 2:nan| C 3:nan| C 4:nan| C 5:nan| C 6:nan| C 7:nan| C 8:nan| C 9:nan| C 10:nan| C 11:nan
Epoch[6/500] | Loss:1.1053 |Acc: 16.6667|Pred Confidence: nan | C 0:0.3348 | C 1:nan | C 2:nan| C 3:nan| C 4:nan| C 5:nan| C 6:nan| C 7:nan| C 8:nan| C 9:nan| C 10:nan| C 11:nan
Epoch[7/500] | Loss:1.1050 |Acc: 16.6667|Pred Confidence: nan | C 0:0.3338 | C 1:nan | C 2:nan| C 3:nan| C 4:nan| C 5:nan| C 6:nan| C 7:nan| C 8:nan| C 9:nan| C 10:nan| C 11:nan
Epoch[8/500] | Loss:1.1045 |Acc: 16.6667|Pred Confidence: nan | C 0:0.3337 | C 1:nan | C 2:nan| C 3:nan| C 4:nan| C 5:nan| C 6:nan| C 7:nan| C 8:nan| C 9:nan| C 10:nan| C 11:nan
Epoch[9/500] | Loss:1.1040 |Acc: 28.3333|Pred Confidence: nan | C 0:0.3338 | C 1:nan | C 2:nan| C 3:nan| C 4:nan| C 5:nan| C 6:nan| C 7:nan| C 8:nan| C 9:nan| C 10:nan| C 11:nan
Epoch[10/500] | Loss:1.1035 |Acc: 16.6667|Pred Confidence: nan | C 0:0.3340 | C 1:nan | C 2:nan| C 3:nan| C 4:nan| C 5:nan| C 6:nan| C 7:nan| C 8:nan| C 9:nan| C 10:nan| C 11:nan
Epoch[11/500] | Loss:1.1032 |Acc: 16.6667|Pred Confidence: nan | C 0:0.3342 | C 1:nan | C 2:nan| C 3:nan| C 4:nan| C 5:nan| C 6:nan| C 7:nan| C 8:nan| C 9:nan| C 10:nan| C 11:nan
Epoch[12/500] | Loss:1.1029 |Acc: 16.6667|Pred Confidence: nan | C 0:0.3343 | C 1:nan | C 2:nan| C 3:nan| C 4:nan| C 5:nan| C 6:nan| C 7:nan| C 8:nan| C 9:nan| C 10:nan| C 11:nan
Epoch[13/500] | Loss:1.1026 |Acc: 16.6667|Pred Confidence: nan | C 0:0.3344 | C 1:nan | C 2:nan| C 3:nan| C 4:nan| C 5:nan| C 6:nan| C 7:nan| C 8:nan| C 9:nan| C 10:nan| C 11:nan
Epoch[14/500] | Loss:1.1024 |Acc: 16.6667|Pred Confidence: nan | C 0:0.3344 | C 1:nan | C 2:nan| C 3:nan| C 4:nan| C 5:nan| C 6:nan| C 7:nan| C 8:nan| C 9:nan| C 10:nan| C 11:nan
Epoch[15/500] | Loss:1.1022 |Acc: 16.6667|Pred Confidence: nan | C 0:0.3344 | C 1:nan | C 2:nan| C 3:nan| C 4:nan| C 5:nan| C 6:nan| C 7:nan| C 8:nan| C 9:nan| C 10:nan| C 11:nan
Epoch[16/500] | Loss:1.1021 |Acc: 16.6667|Pred Confidence: nan | C 0:0.3344 | C 1:nan | C 2:nan| C 3:nan| C 4:nan| C 5:nan| C 6:nan| C 7:nan| C 8:nan| C 9:nan| C 10:nan| C 11:nan
Epoch[17/500] | Loss:1.1020 |Acc: 16.6667|Pred Confidence: nan | C 0:0.3344 | C 1:nan | C 2:nan| C 3:nan| C 4:nan| C 5:nan| C 6:nan| C 7:nan| C 8:nan| C 9:nan| C 10:nan| C 11:nan
Epoch[18/500] | Loss:1.1019 |Acc: 16.6667|Pred Confidence: nan | C 0:0.3343 | C 1:nan | C 2:nan| C 3:nan| C 4:nan| C 5:nan| C 6:nan| C 7:nan| C 8:nan| C 9:nan| C 10:nan| C 11:nan
Epoch[19/500] | Loss:1.1017 |Acc: 16.6667|Pred Confidence: nan | C 0:0.3343 | C 1:nan | C 2:nan| C 3:nan| C 4:nan| C 5:nan| C 6:nan| C 7:nan| C 8:nan| C 9:nan| C 10:nan| C 11:nan
Epoch[20/500] | Loss:1.1017 |Acc: 16.6667|Pred Confidence: nan | C 0:0.3342 | C 1:nan | C 2:nan| C 3:nan| C 4:nan| C 5:nan| C 6:nan| C 7:nan| C 8:nan| C 9:nan| C 10:nan| C 11:nan
Epoch[21/500] | Loss:1.1016 |Acc: 16.6667|Pred Confidence: nan | C 0:0.3342 | C 1:nan | C 2:nan| C 3:nan| C 4:nan| C 5:nan| C 6:nan| C 7:nan| C 8:nan| C 9:nan| C 10:nan| C 11:nan
Epoch[22/500] | Loss:1.1015 |Acc: 16.6667|Pred Confidence: nan | C 0:0.3341 | C 1:nan | C 2:nan| C 3:nan| C 4:nan| C 5:nan| C 6:nan| C 7:nan| C 8:nan| C 9:nan| C 10:nan| C 11:nan
Epoch[23/500] | Loss:1.1014 |Acc: 16.6667|Pred Confidence: nan | C 0:0.3340 | C 1:nan | C 2:nan| C 3:nan| C 4:nan| C 5:nan| C 6:nan| C 7:nan| C 8:nan| C 9:nan| C 10:nan| C 11:nan
Epoch[24/500] | Loss:1.1013 |Acc: 16.6667|Pred Confidence: nan | C 0:0.3340 | C 1:nan | C 2:nan| C 3:nan| C 4:nan| C 5:nan| C 6:nan| C 7:nan| C 8:nan| C 9:nan| C 10:nan| C 11:nan
Epoch[25/500] | Loss:1.1013 |Acc: 16.6667|Pred Confidence: nan | C 0:0.3339 | C 1:nan | C 2:nan| C 3:nan| C 4:nan| C 5:nan| C 6:nan| C 7:nan| C 8:nan| C 9:nan| C 10:nan| C 11:nan
Epoch[26/500] | Loss:1.1012 |Acc: 16.6667|Pred Confidence: nan | C 0:0.3339 | C 1:nan | C 2:nan| C 3:nan| C 4:nan| C 5:nan| C 6:nan| C 7:nan| C 8:nan| C 9:nan| C 10:nan| C 11:nan
Epoch[27/500] | Loss:1.1012 |Acc: 16.6667|Pred Confidence: nan | C 0:0.3338 | C 1:nan | C 2:nan| C 3:nan| C 4:nan| C 5:nan| C 6:nan| C 7:nan| C 8:nan| C 9:nan| C 10:nan| C 11:nan
Epoch[28/500] | Loss:1.1011 |Acc: 16.6667|Pred Confidence: nan | C 0:0.3338 | C 1:nan | C 2:nan| C 3:nan| C 4:nan| C 5:nan| C 6:nan| C 7:nan| C 8:nan| C 9:nan| C 10:nan| C 11:nan
Epoch[29/500] | Loss:1.1010 |Acc: 15.0000|Pred Confidence: nan | C 0:0.3338 | C 1:nan | C 2:nan| C 3:nan| C 4:nan| C 5:nan| C 6:nan| C 7:nan| C 8:nan| C 9:nan| C 10:nan| C 11:nan
Epoch[30/500] | Loss:1.1010 |Acc: 15.0000|Pred Confidence: nan | C 0:0.3337 | C 1:nan | C 2:nan| C 3:nan| C 4:nan| C 5:nan| C 6:nan| C 7:nan| C 8:nan| C 9:nan| C 10:nan| C 11:nan
Epoch[31/500] | Loss:1.1009 |Acc: 13.3333|Pred Confidence: nan | C 0:0.3337 | C 1:nan | C 2:nan| C 3:nan| C 4:nan| C 5:nan| C 6:nan| C 7:nan| C 8:nan| C 9:nan| C 10:nan| C 11:nan
Epoch[32/500] | Loss:1.1009 |Acc: 11.6667|Pred Confidence: nan | C 0:0.3336 | C 1:nan | C 2:nan| C 3:nan| C 4:nan| C 5:nan| C 6:nan| C 7:nan| C 8:nan| C 9:nan| C 10:nan| C 11:nan
Epoch[33/500] | Loss:1.1008 |Acc: 11.6667|Pred Confidence: nan | C 0:0.3336 | C 1:nan | C 2:nan| C 3:nan| C 4:nan| C 5:nan| C 6:nan| C 7:nan| C 8:nan| C 9:nan| C 10:nan| C 11:nan
Epoch[34/500] | Loss:1.1008 |Acc: 10.0000|Pred Confidence: nan | C 0:0.3336 | C 1:nan | C 2:nan| C 3:nan| C 4:nan| C 5:nan| C 6:nan| C 7:nan| C 8:nan| C 9:nan| C 10:nan| C 11:nan
Epoch[35/500] | Loss:1.1008 |Acc: 10.0000|Pred Confidence: nan | C 0:0.3336 | C 1:nan | C 2:nan| C 3:nan| C 4:nan| C 5:nan| C 6:nan| C 7:nan| C 8:nan| C 9:nan| C 10:nan| C 11:nan
Epoch[36/500] | Loss:1.1007 |Acc: 8.3333|Pred Confidence: nan | C 0:0.3336 | C 1:nan | C 2:nan| C 3:nan| C 4:nan| C 5:nan| C 6:nan| C 7:nan| C 8:nan| C 9:nan| C 10:nan| C 11:nan
Epoch[37/500] | Loss:1.1007 |Acc: 6.6667|Pred Confidence: nan | C 0:0.3336 | C 1:nan | C 2:nan| C 3:nan| C 4:nan| C 5:nan| C 6:nan| C 7:nan| C 8:nan| C 9:nan| C 10:nan| C 11:nan
Epoch[38/500] | Loss:1.1006 |Acc: 6.6667|Pred Confidence: nan | C 0:0.3336 | C 1:nan | C 2:nan| C 3:nan| C 4:nan| C 5:nan| C 6:nan| C 7:nan| C 8:nan| C 9:nan| C 10:nan| C 11:nan
Epoch[39/500] | Loss:1.1006 |Acc: 6.6667|Pred Confidence: nan | C 0:0.3336 | C 1:nan | C 2:nan| C 3:nan| C 4:nan| C 5:nan| C 6:nan| C 7:nan| C 8:nan| C 9:nan| C 10:nan| C 11:nan
Epoch[40/500] | Loss:1.1006 |Acc: 6.6667|Pred Confidence: nan | C 0:0.3336 | C 1:nan | C 2:nan| C 3:nan| C 4:nan| C 5:nan| C 6:nan| C 7:nan| C 8:nan| C 9:nan| C 10:nan| C 11:nan
Epoch[41/500] | Loss:1.1005 |Acc: 6.6667|Pred Confidence: nan | C 0:0.3336 | C 1:nan | C 2:nan| C 3:nan| C 4:nan| C 5:nan| C 6:nan| C 7:nan| C 8:nan| C 9:nan| C 10:nan| C 11:nan
Epoch[42/500] | Loss:1.1005 |Acc: 8.3333|Pred Confidence: nan | C 0:0.3336 | C 1:0.3336 | C 2:nan| C 3:nan| C 4:nan| C 5:nan| C 6:nan| C 7:nan| C 8:nan| C 9:nan| C 10:nan| C 11:nan
Epoch[43/500] | Loss:1.1005 |Acc: 8.3333|Pred Confidence: nan | C 0:0.3336 | C 1:0.3336 | C 2:nan| C 3:nan| C 4:nan| C 5:nan| C 6:nan| C 7:nan| C 8:nan| C 9:nan| C 10:nan| C 11:nan
Epoch[44/500] | Loss:1.1004 |Acc: 6.6667|Pred Confidence: nan | C 0:0.3336 | C 1:0.3337 | C 2:nan| C 3:nan| C 4:nan| C 5:nan| C 6:nan| C 7:nan| C 8:nan| C 9:nan| C 10:nan| C 11:nan
Epoch[45/500] | Loss:1.1004 |Acc: 6.6667|Pred Confidence: nan | C 0:0.3336 | C 1:0.3337 | C 2:nan| C 3:nan| C 4:nan| C 5:nan| C 6:nan| C 7:nan| C 8:nan| C 9:nan| C 10:nan| C 11:nan
Epoch[46/500] | Loss:1.1004 |Acc: 8.3333|Pred Confidence: nan | C 0:0.3336 | C 1:0.3338 | C 2:nan| C 3:nan| C 4:nan| C 5:nan| C 6:nan| C 7:nan| C 8:nan| C 9:nan| C 10:nan| C 11:nan
Epoch[47/500] | Loss:1.1003 |Acc: 8.3333|Pred Confidence: nan | C 0:0.3336 | C 1:0.3339 | C 2:nan| C 3:nan| C 4:nan| C 5:nan| C 6:nan| C 7:nan| C 8:nan| C 9:nan| C 10:nan| C 11:nan
Epoch[48/500] | Loss:1.1003 |Acc: 11.6667|Pred Confidence: nan | C 0:0.3337 | C 1:0.3340 | C 2:nan| C 3:nan| C 4:nan| C 5:nan| C 6:nan| C 7:nan| C 8:nan| C 9:nan| C 10:nan| C 11:nan
Epoch[49/500] | Loss:1.1002 |Acc: 13.3333|Pred Confidence: nan | C 0:0.3337 | C 1:0.3340 | C 2:nan| C 3:nan| C 4:nan| C 5:nan| C 6:nan| C 7:nan| C 8:nan| C 9:nan| C 10:nan| C 11:nan
Epoch[50/500] | Loss:1.1001 |Acc: 18.3333|Pred Confidence: nan | C 0:0.3340 | C 1:0.3340 | C 2:nan| C 3:nan| C 4:nan| C 5:nan| C 6:nan| C 7:nan| C 8:nan| C 9:nan| C 10:nan| C 11:nan
Epoch[51/500] | Loss:1.0999 |Acc: 23.3333|Pred Confidence: nan | C 0:0.3345 | C 1:0.3340 | C 2:nan| C 3:nan| C 4:nan| C 5:nan| C 6:nan| C 7:nan| C 8:nan| C 9:nan| C 10:nan| C 11:nan
Epoch[52/500] | Loss:1.1004 |Acc: 11.6667|Pred Confidence: nan | C 0:0.3354 | C 1:0.3339 | C 2:nan| C 3:nan| C 4:nan| C 5:nan| C 6:nan| C 7:nan| C 8:nan| C 9:nan| C 10:nan| C 11:nan
Epoch[53/500] | Loss:2.7643 |Acc: 45.0000|Pred Confidence: nan | C 0:0.3343 | C 1:0.4691 | C 2:0.7181| C 3:nan| C 4:nan| C 5:nan| C 6:nan| C 7:nan| C 8:nan| C 9:nan| C 10:nan| C 11:nan
Epoch[54/500] | Loss:1.1869 |Acc: 55.0000|Pred Confidence: 0.68 | C 0:0.6054 | C 1:0.7099 | C 2:0.7383| C 3:nan| C 4:nan| C 5:nan| C 6:nan| C 7:nan| C 8:nan| C 9:nan| C 10:nan| C 11:nan
Epoch[55/500] | Loss:4.1860 |Acc: 0.0000|Pred Confidence: nan | C 0:nan | C 1:nan | C 2:nan| C 3:nan| C 4:nan| C 5:nan| C 6:nan| C 7:nan| C 8:nan| C 9:nan| C 10:nan| C 11:nan
Epoch[56/500] | Loss:1.5908 |Acc: 26.6667|Pred Confidence: nan | C 0:0.6057 | C 1:0.7781 | C 2:nan| C 3:nan| C 4:nan| C 5:nan| C 6:nan| C 7:nan| C 8:nan| C 9:nan| C 10:nan| C 11:nan
Epoch[57/500] | Loss:1.6654 |Acc: 25.0000|Pred Confidence: nan | C 0:0.5756 | C 1:nan | C 2:0.4514| C 3:nan| C 4:nan| C 5:nan| C 6:nan| C 7:nan| C 8:nan| C 9:nan| C 10:nan| C 11:nan
Epoch[58/500] | Loss:1.5000 |Acc: 10.0000|Pred Confidence: nan | C 0:0.6039 | C 1:nan | C 2:0.4914| C 3:nan| C 4:nan| C 5:nan| C 6:nan| C 7:nan| C 8:nan| C 9:nan| C 10:nan| C 11:nan
Epoch[59/500] | Loss:1.3339 |Acc: 6.6667|Pred Confidence: nan | C 0:0.4444 | C 1:nan | C 2:0.4243| C 3:nan| C 4:nan| C 5:nan| C 6:nan| C 7:nan| C 8:nan| C 9:nan| C 10:nan| C 11:nan
Epoch[60/500] | Loss:1.3554 |Acc: 10.0000|Pred Confidence: nan | C 0:0.5212 | C 1:nan | C 2:0.4172| C 3:nan| C 4:nan| C 5:nan| C 6:nan| C 7:nan| C 8:nan| C 9:nan| C 10:nan| C 11:nan
Epoch[61/500] | Loss:1.4315 |Acc: 16.6667|Pred Confidence: nan | C 0:0.5659 | C 1:0.3696 | C 2:nan| C 3:nan| C 4:nan| C 5:nan| C 6:nan| C 7:nan| C 8:nan| C 9:nan| C 10:nan| C 11:nan
Epoch[62/500] | Loss:1.2599 |Acc: 28.3333|Pred Confidence: 0.41 | C 0:0.4176 | C 1:0.4182 | C 2:0.3809| C 3:nan| C 4:nan| C 5:nan| C 6:nan| C 7:nan| C 8:nan| C 9:nan| C 10:nan| C 11:nan
Epoch[63/500] | Loss:1.3152 |Acc: 15.0000|Pred Confidence: nan | C 0:0.5254 | C 1:0.4910 | C 2:0.3941| C 3:nan| C 4:nan| C 5:nan| C 6:nan| C 7:nan| C 8:nan| C 9:nan| C 10:nan| C 11:nan
Epoch[64/500] | Loss:1.2423 |Acc: 8.3333|Pred Confidence: nan | C 0:0.4357 | C 1:0.5336 | C 2:nan| C 3:nan| C 4:nan| C 5:nan| C 6:nan| C 7:nan| C 8:nan| C 9:nan| C 10:nan| C 11:nan
Epoch[65/500] | Loss:1.2106 |Acc: 18.3333|Pred Confidence: 0.46 | C 0:0.4462 | C 1:0.5589 | C 2:0.3664| C 3:nan| C 4:nan| C 5:nan| C 6:nan| C 7:nan| C 8:nan| C 9:nan| C 10:nan| C 11:nan
Epoch[66/500] | Loss:1.2229 |Acc: 28.3333|Pred Confidence: 0.48 | C 0:0.6007 | C 1:0.4717 | C 2:0.3765| C 3:nan| C 4:nan| C 5:nan| C 6:nan| C 7:nan| C 8:nan| C 9:nan| C 10:nan| C 11:nan
Epoch[67/500] | Loss:1.3600 |Acc: 6.6667|Pred Confidence: nan | C 0:0.5170 | C 1:0.5351 | C 2:nan| C 3:nan| C 4:nan| C 5:nan| C 6:nan| C 7:nan| C 8:nan| C 9:nan| C 10:nan| C 11:nan
Epoch[68/500] | Loss:1.1784 |Acc: 26.6667|Pred Confidence: nan | C 0:0.5075 | C 1:0.3792 | C 2:nan| C 3:nan| C 4:nan| C 5:nan| C 6:nan| C 7:nan| C 8:nan| C 9:nan| C 10:nan| C 11:nan
Epoch[69/500] | Loss:1.1386 |Acc: 40.0000|Pred Confidence: nan | C 0:0.6370 | C 1:0.4227 | C 2:0.4513| C 3:nan| C 4:nan| C 5:nan| C 6:nan| C 7:nan| C 8:nan| C 9:nan| C 10:nan| C 11:nan
Epoch[70/500] | Loss:1.3053 |Acc: 15.0000|Pred Confidence: nan | C 0:0.6050 | C 1:0.3987 | C 2:0.4763| C 3:nan| C 4:nan| C 5:nan| C 6:nan| C 7:nan| C 8:nan| C 9:nan| C 10:nan| C 11:nan
Epoch[71/500] | Loss:1.1554 |Acc: 26.6667|Pred Confidence: nan | C 0:0.4363 | C 1:0.4291 | C 2:nan| C 3:nan| C 4:nan| C 5:nan| C 6:nan| C 7:nan| C 8:nan| C 9:nan| C 10:nan| C 11:nan
Epoch[72/500] | Loss:1.1983 |Acc: 20.0000|Pred Confidence: 0.49 | C 0:0.5937 | C 1:0.4758 | C 2:0.3937| C 3:nan| C 4:nan| C 5:nan| C 6:nan| C 7:nan| C 8:nan| C 9:nan| C 10:nan| C 11:nan
Epoch[73/500] | Loss:1.2099 |Acc: 21.6667|Pred Confidence: nan | C 0:0.5963 | C 1:0.4641 | C 2:0.3862| C 3:nan| C 4:nan| C 5:nan| C 6:nan| C 7:nan| C 8:nan| C 9:nan| C 10:nan| C 11:nan
Epoch[74/500] | Loss:1.2314 |Acc: 8.3333|Pred Confidence: nan | C 0:0.5898 | C 1:0.4637 | C 2:nan| C 3:nan| C 4:nan| C 5:nan| C 6:nan| C 7:nan| C 8:nan| C 9:nan| C 10:nan| C 11:nan
Epoch[75/500] | Loss:1.1057 |Acc: 30.0000|Pred Confidence: nan | C 0:0.5340 | C 1:0.4196 | C 2:0.3749| C 3:nan| C 4:nan| C 5:nan| C 6:nan| C 7:nan| C 8:nan| C 9:nan| C 10:nan| C 11:nan
Epoch[76/500] | Loss:1.1178 |Acc: 35.0000|Pred Confidence: 0.46 | C 0:0.5469 | C 1:0.4295 | C 2:0.3989| C 3:nan| C 4:nan| C 5:nan| C 6:nan| C 7:nan| C 8:nan| C 9:nan| C 10:nan| C 11:nan
Epoch[77/500] | Loss:1.2307 |Acc: 23.3333|Pred Confidence: 0.49 | C 0:0.6110 | C 1:0.4097 | C 2:0.4600| C 3:nan| C 4:nan| C 5:nan| C 6:nan| C 7:nan| C 8:nan| C 9:nan| C 10:nan| C 11:nan
Epoch[78/500] | Loss:1.1551 |Acc: 25.0000|Pred Confidence: 0.48 | C 0:0.6428 | C 1:0.4137 | C 2:0.3796| C 3:nan| C 4:nan| C 5:nan| C 6:nan| C 7:nan| C 8:nan| C 9:nan| C 10:nan| C 11:nan
Epoch[79/500] | Loss:1.3130 |Acc: 6.6667|Pred Confidence: nan | C 0:0.6751 | C 1:nan | C 2:0.3720| C 3:nan| C 4:nan| C 5:nan| C 6:nan| C 7:nan| C 8:nan| C 9:nan| C 10:nan| C 11:nan
Epoch[80/500] | Loss:1.1941 |Acc: 20.0000|Pred Confidence: nan | C 0:0.5728 | C 1:0.4243 | C 2:0.3482| C 3:nan| C 4:nan| C 5:nan| C 6:nan| C 7:nan| C 8:nan| C 9:nan| C 10:nan| C 11:nan
Epoch[81/500] | Loss:1.2662 |Acc: 21.6667|Pred Confidence: nan | C 0:0.7480 | C 1:0.4780 | C 2:0.3553| C 3:nan| C 4:nan| C 5:nan| C 6:nan| C 7:nan| C 8:nan| C 9:nan| C 10:nan| C 11:nan
Epoch[82/500] | Loss:1.2797 |Acc: 18.3333|Pred Confidence: nan | C 0:0.7488 | C 1:0.4881 | C 2:0.3493| C 3:nan| C 4:nan| C 5:nan| C 6:nan| C 7:nan| C 8:nan| C 9:nan| C 10:nan| C 11:nan
Epoch[83/500] | Loss:1.1862 |Acc: 23.3333|Pred Confidence: nan | C 0:0.4822 | C 1:0.4785 | C 2:nan| C 3:nan| C 4:nan| C 5:nan| C 6:nan| C 7:nan| C 8:nan| C 9:nan| C 10:nan| C 11:nan
Epoch[84/500] | Loss:1.1527 |Acc: 28.3333|Pred Confidence: nan | C 0:0.5651 | C 1:nan | C 2:0.4091| C 3:nan| C 4:nan| C 5:nan| C 6:nan| C 7:nan| C 8:nan| C 9:nan| C 10:nan| C 11:nan
Epoch[85/500] | Loss:1.2230 |Acc: 15.0000|Pred Confidence: nan | C 0:0.6181 | C 1:0.4404 | C 2:nan| C 3:nan| C 4:nan| C 5:nan| C 6:nan| C 7:nan| C 8:nan| C 9:nan| C 10:nan| C 11:nan
Epoch[86/500] | Loss:1.2428 |Acc: 23.3333|Pred Confidence: nan | C 0:0.7442 | C 1:0.4105 | C 2:nan| C 3:nan| C 4:nan| C 5:nan| C 6:nan| C 7:nan| C 8:nan| C 9:nan| C 10:nan| C 11:nan
Epoch[87/500] | Loss:1.1089 |Acc: 30.0000|Pred Confidence: 0.43 | C 0:0.5135 | C 1:0.4154 | C 2:0.3676| C 3:nan| C 4:nan| C 5:nan| C 6:nan| C 7:nan| C 8:nan| C 9:nan| C 10:nan| C 11:nan
Epoch[88/500] | Loss:1.2222 |Acc: 10.0000|Pred Confidence: nan | C 0:0.7305 | C 1:0.4113 | C 2:nan| C 3:nan| C 4:nan| C 5:nan| C 6:nan| C 7:nan| C 8:nan| C 9:nan| C 10:nan| C 11:nan
Epoch[89/500] | Loss:1.1444 |Acc: 33.3333|Pred Confidence: 0.43 | C 0:0.4955 | C 1:0.4137 | C 2:0.3777| C 3:nan| C 4:nan| C 5:nan| C 6:nan| C 7:nan| C 8:nan| C 9:nan| C 10:nan| C 11:nan
Epoch[90/500] | Loss:1.1564 |Acc: 28.3333|Pred Confidence: nan | C 0:0.4506 | C 1:0.3916 | C 2:nan| C 3:nan| C 4:nan| C 5:nan| C 6:nan| C 7:nan| C 8:nan| C 9:nan| C 10:nan| C 11:nan
Epoch[91/500] | Loss:1.1525 |Acc: 31.6667|Pred Confidence: 0.45 | C 0:0.5162 | C 1:0.4431 | C 2:0.3826| C 3:nan| C 4:nan| C 5:nan| C 6:nan| C 7:nan| C 8:nan| C 9:nan| C 10:nan| C 11:nan
Epoch[92/500] | Loss:1.2164 |Acc: 15.0000|Pred Confidence: nan | C 0:0.6635 | C 1:0.4729 | C 2:nan| C 3:nan| C 4:nan| C 5:nan| C 6:nan| C 7:nan| C 8:nan| C 9:nan| C 10:nan| C 11:nan
Epoch[93/500] | Loss:1.0971 |Acc: 36.6667|Pred Confidence: nan | C 0:0.5369 | C 1:0.4311 | C 2:nan| C 3:nan| C 4:nan| C 5:nan| C 6:nan| C 7:nan| C 8:nan| C 9:nan| C 10:nan| C 11:nan
Epoch[94/500] | Loss:1.1271 |Acc: 33.3333|Pred Confidence: nan | C 0:0.6432 | C 1:0.4122 | C 2:0.4085| C 3:nan| C 4:nan| C 5:nan| C 6:nan| C 7:nan| C 8:nan| C 9:nan| C 10:nan| C 11:nan
Epoch[95/500] | Loss:1.2469 |Acc: 18.3333|Pred Confidence: nan | C 0:0.7780 | C 1:0.3737 | C 2:0.3851| C 3:nan| C 4:nan| C 5:nan| C 6:nan| C 7:nan| C 8:nan| C 9:nan| C 10:nan| C 11:nan
Epoch[96/500] | Loss:1.1537 |Acc: 21.6667|Pred Confidence: nan | C 0:0.5934 | C 1:0.3547 | C 2:nan| C 3:nan| C 4:nan| C 5:nan| C 6:nan| C 7:nan| C 8:nan| C 9:nan| C 10:nan| C 11:nan
Epoch[97/500] | Loss:1.1092 |Acc: 30.0000|Pred Confidence: nan | C 0:0.4926 | C 1:0.3979 | C 2:nan| C 3:nan| C 4:nan| C 5:nan| C 6:nan| C 7:nan| C 8:nan| C 9:nan| C 10:nan| C 11:nan
Epoch[98/500] | Loss:1.1027 |Acc: 20.0000|Pred Confidence: nan | C 0:0.5634 | C 1:0.4201 | C 2:0.3653| C 3:nan| C 4:nan| C 5:nan| C 6:nan| C 7:nan| C 8:nan| C 9:nan| C 10:nan| C 11:nan
Epoch[99/500] | Loss:1.1502 |Acc: 18.3333|Pred Confidence: nan | C 0:0.6611 | C 1:0.3996 | C 2:0.4050| C 3:nan| C 4:nan| C 5:nan| C 6:nan| C 7:nan| C 8:nan| C 9:nan| C 10:nan| C 11:nan
Epoch[100/500] | Loss:1.1472 |Acc: 10.0000|Pred Confidence: nan | C 0:0.6319 | C 1:nan | C 2:0.3752| C 3:nan| C 4:nan| C 5:nan| C 6:nan| C 7:nan| C 8:nan| C 9:nan| C 10:nan| C 11:nan
Epoch[101/500] | Loss:1.0919 |Acc: 18.3333|Pred Confidence: nan | C 0:0.5442 | C 1:0.3557 | C 2:0.3930| C 3:nan| C 4:nan| C 5:nan| C 6:nan| C 7:nan| C 8:nan| C 9:nan| C 10:nan| C 11:nan
Epoch[102/500] | Loss:1.1162 |Acc: 21.6667|Pred Confidence: nan | C 0:0.6580 | C 1:0.4228 | C 2:nan| C 3:nan| C 4:nan| C 5:nan| C 6:nan| C 7:nan| C 8:nan| C 9:nan| C 10:nan| C 11:nan
Epoch[103/500] | Loss:1.2036 |Acc: 10.0000|Pred Confidence: nan | C 0:0.7289 | C 1:nan | C 2:nan| C 3:nan| C 4:nan| C 5:nan| C 6:nan| C 7:nan| C 8:nan| C 9:nan| C 10:nan| C 11:nan
Epoch[104/500] | Loss:1.1435 |Acc: 23.3333|Pred Confidence: nan | C 0:0.5278 | C 1:0.3775 | C 2:nan| C 3:nan| C 4:nan| C 5:nan| C 6:nan| C 7:nan| C 8:nan| C 9:nan| C 10:nan| C 11:nan
Epoch[105/500] | Loss:1.0831 |Acc: 20.0000|Pred Confidence: nan | C 0:0.5989 | C 1:0.4596 | C 2:nan| C 3:nan| C 4:nan| C 5:nan| C 6:nan| C 7:nan| C 8:nan| C 9:nan| C 10:nan| C 11:nan
Epoch[106/500] | Loss:1.1388 |Acc: 25.0000|Pred Confidence: nan | C 0:0.6402 | C 1:0.4456 | C 2:nan| C 3:nan| C 4:nan| C 5:nan| C 6:nan| C 7:nan| C 8:nan| C 9:nan| C 10:nan| C 11:nan
Epoch[107/500] | Loss:1.1437 |Acc: 20.0000|Pred Confidence: nan | C 0:0.6622 | C 1:0.3915 | C 2:nan| C 3:nan| C 4:nan| C 5:nan| C 6:nan| C 7:nan| C 8:nan| C 9:nan| C 10:nan| C 11:nan
Epoch[108/500] | Loss:1.1295 |Acc: 28.3333|Pred Confidence: nan | C 0:0.5854 | C 1:0.4026 | C 2:nan| C 3:nan| C 4:nan| C 5:nan| C 6:nan| C 7:nan| C 8:nan| C 9:nan| C 10:nan| C 11:nan
Epoch[109/500] | Loss:1.0992 |Acc: 36.6667|Pred Confidence: nan | C 0:0.5616 | C 1:0.3893 | C 2:0.3711| C 3:nan| C 4:nan| C 5:nan| C 6:nan| C 7:nan| C 8:nan| C 9:nan| C 10:nan| C 11:nan
Epoch[110/500] | Loss:1.0935 |Acc: 31.6667|Pred Confidence: nan | C 0:0.6666 | C 1:0.4157 | C 2:0.3812| C 3:nan| C 4:nan| C 5:nan| C 6:nan| C 7:nan| C 8:nan| C 9:nan| C 10:nan| C 11:nan
Epoch[111/500] | Loss:1.1542 |Acc: 26.6667|Pred Confidence: 0.49 | C 0:0.6142 | C 1:0.4844 | C 2:0.3767| C 3:nan| C 4:nan| C 5:nan| C 6:nan| C 7:nan| C 8:nan| C 9:nan| C 10:nan| C 11:nan
Epoch[112/500] | Loss:1.1936 |Acc: 31.6667|Pred Confidence: nan | C 0:0.8134 | C 1:0.4292 | C 2:nan| C 3:nan| C 4:nan| C 5:nan| C 6:nan| C 7:nan| C 8:nan| C 9:nan| C 10:nan| C 11:nan
Epoch[113/500] | Loss:1.1010 |Acc: 36.6667|Pred Confidence: nan | C 0:0.5798 | C 1:0.3928 | C 2:nan| C 3:nan| C 4:nan| C 5:nan| C 6:nan| C 7:nan| C 8:nan| C 9:nan| C 10:nan| C 11:nan
Epoch[114/500] | Loss:1.1054 |Acc: 21.6667|Pred Confidence: nan | C 0:0.6078 | C 1:0.4212 | C 2:nan| C 3:nan| C 4:nan| C 5:nan| C 6:nan| C 7:nan| C 8:nan| C 9:nan| C 10:nan| C 11:nan
Epoch[115/500] | Loss:1.1359 |Acc: 16.6667|Pred Confidence: nan | C 0:0.5966 | C 1:0.4279 | C 2:nan| C 3:nan| C 4:nan| C 5:nan| C 6:nan| C 7:nan| C 8:nan| C 9:nan| C 10:nan| C 11:nan
Epoch[116/500] | Loss:1.0626 |Acc: 21.6667|Pred Confidence: nan | C 0:0.5417 | C 1:0.4071 | C 2:nan| C 3:nan| C 4:nan| C 5:nan| C 6:nan| C 7:nan| C 8:nan| C 9:nan| C 10:nan| C 11:nan
Epoch[117/500] | Loss:1.1005 |Acc: 35.0000|Pred Confidence: nan | C 0:0.5597 | C 1:0.4040 | C 2:nan| C 3:nan| C 4:nan| C 5:nan| C 6:nan| C 7:nan| C 8:nan| C 9:nan| C 10:nan| C 11:nan
Epoch[118/500] | Loss:1.1377 |Acc: 15.0000|Pred Confidence: nan | C 0:0.5661 | C 1:nan | C 2:0.3594| C 3:nan| C 4:nan| C 5:nan| C 6:nan| C 7:nan| C 8:nan| C 9:nan| C 10:nan| C 11:nan
Epoch[119/500] | Loss:1.0740 |Acc: 26.6667|Pred Confidence: 0.48 | C 0:0.6225 | C 1:0.4665 | C 2:0.3576| C 3:nan| C 4:nan| C 5:nan| C 6:nan| C 7:nan| C 8:nan| C 9:nan| C 10:nan| C 11:nan
Epoch[120/500] | Loss:1.1086 |Acc: 23.3333|Pred Confidence: nan | C 0:0.6431 | C 1:0.4711 | C 2:0.3770| C 3:nan| C 4:nan| C 5:nan| C 6:nan| C 7:nan| C 8:nan| C 9:nan| C 10:nan| C 11:nan
Epoch[121/500] | Loss:1.1291 |Acc: 21.6667|Pred Confidence: nan | C 0:0.6988 | C 1:0.5754 | C 2:0.3450| C 3:nan| C 4:nan| C 5:nan| C 6:nan| C 7:nan| C 8:nan| C 9:nan| C 10:nan| C 11:nan
Epoch[122/500] | Loss:1.1101 |Acc: 23.3333|Pred Confidence: nan | C 0:0.5752 | C 1:0.4197 | C 2:nan| C 3:nan| C 4:nan| C 5:nan| C 6:nan| C 7:nan| C 8:nan| C 9:nan| C 10:nan| C 11:nan
Epoch[123/500] | Loss:1.0985 |Acc: 28.3333|Pred Confidence: nan | C 0:0.5833 | C 1:0.4364 | C 2:0.3422| C 3:nan| C 4:nan| C 5:nan| C 6:nan| C 7:nan| C 8:nan| C 9:nan| C 10:nan| C 11:nan
Epoch[124/500] | Loss:1.0886 |Acc: 31.6667|Pred Confidence: nan | C 0:0.7512 | C 1:0.4325 | C 2:nan| C 3:nan| C 4:nan| C 5:nan| C 6:nan| C 7:nan| C 8:nan| C 9:nan| C 10:nan| C 11:nan
Epoch[125/500] | Loss:1.1270 |Acc: 18.3333|Pred Confidence: nan | C 0:0.6114 | C 1:0.4276 | C 2:nan| C 3:nan| C 4:nan| C 5:nan| C 6:nan| C 7:nan| C 8:nan| C 9:nan| C 10:nan| C 11:nan
Epoch[126/500] | Loss:1.0579 |Acc: 38.3333|Pred Confidence: nan | C 0:0.5508 | C 1:0.3959 | C 2:nan| C 3:nan| C 4:nan| C 5:nan| C 6:nan| C 7:nan| C 8:nan| C 9:nan| C 10:nan| C 11:nan
Epoch[127/500] | Loss:1.0993 |Acc: 31.6667|Pred Confidence: nan | C 0:0.6390 | C 1:0.4346 | C 2:0.3525| C 3:nan| C 4:nan| C 5:nan| C 6:nan| C 7:nan| C 8:nan| C 9:nan| C 10:nan| C 11:nan
Epoch[128/500] | Loss:1.1342 |Acc: 31.6667|Pred Confidence: nan | C 0:0.6034 | C 1:0.3971 | C 2:nan| C 3:nan| C 4:nan| C 5:nan| C 6:nan| C 7:nan| C 8:nan| C 9:nan| C 10:nan| C 11:nan
Epoch[129/500] | Loss:1.0715 |Acc: 30.0000|Pred Confidence: nan | C 0:0.7130 | C 1:0.4110 | C 2:0.3601| C 3:nan| C 4:nan| C 5:nan| C 6:nan| C 7:nan| C 8:nan| C 9:nan| C 10:nan| C 11:nan
Epoch[130/500] | Loss:1.0646 |Acc: 26.6667|Pred Confidence: 0.46 | C 0:0.5672 | C 1:0.4364 | C 2:0.3641| C 3:nan| C 4:nan| C 5:nan| C 6:nan| C 7:nan| C 8:nan| C 9:nan| C 10:nan| C 11:nan
Epoch[131/500] | Loss:1.0653 |Acc: 38.3333|Pred Confidence: 0.45 | C 0:0.5581 | C 1:0.4055 | C 2:0.3739| C 3:nan| C 4:nan| C 5:nan| C 6:nan| C 7:nan| C 8:nan| C 9:nan| C 10:nan| C 11:nan
Epoch[132/500] | Loss:1.0579 |Acc: 40.0000|Pred Confidence: 0.46 | C 0:0.5793 | C 1:0.4071 | C 2:0.4024| C 3:nan| C 4:nan| C 5:nan| C 6:nan| C 7:nan| C 8:nan| C 9:nan| C 10:nan| C 11:nan
Epoch[133/500] | Loss:1.0510 |Acc: 40.0000|Pred Confidence: 0.47 | C 0:0.5881 | C 1:0.3926 | C 2:0.4199| C 3:nan| C 4:nan| C 5:nan| C 6:nan| C 7:nan| C 8:nan| C 9:nan| C 10:nan| C 11:nan
Epoch[134/500] | Loss:1.0485 |Acc: 40.0000|Pred Confidence: 0.47 | C 0:0.5945 | C 1:0.3872 | C 2:0.4211| C 3:nan| C 4:nan| C 5:nan| C 6:nan| C 7:nan| C 8:nan| C 9:nan| C 10:nan| C 11:nan
Epoch[135/500] | Loss:1.0460 |Acc: 41.6667|Pred Confidence: 0.48 | C 0:0.5988 | C 1:0.3989 | C 2:0.4274| C 3:nan| C 4:nan| C 5:nan| C 6:nan| C 7:nan| C 8:nan| C 9:nan| C 10:nan| C 11:nan
Epoch[136/500] | Loss:1.0418 |Acc: 40.0000|Pred Confidence: 0.48 | C 0:0.6053 | C 1:0.4018 | C 2:0.4338| C 3:nan| C 4:nan| C 5:nan| C 6:nan| C 7:nan| C 8:nan| C 9:nan| C 10:nan| C 11:nan
Epoch[137/500] | Loss:1.0377 |Acc: 40.0000|Pred Confidence: 0.48 | C 0:0.6128 | C 1:0.3993 | C 2:0.4405| C 3:nan| C 4:nan| C 5:nan| C 6:nan| C 7:nan| C 8:nan| C 9:nan| C 10:nan| C 11:nan
Epoch[138/500] | Loss:1.0347 |Acc: 40.0000|Pred Confidence: 0.49 | C 0:0.6181 | C 1:0.4010 | C 2:0.4453| C 3:nan| C 4:nan| C 5:nan| C 6:nan| C 7:nan| C 8:nan| C 9:nan| C 10:nan| C 11:nan
Epoch[139/500] | Loss:1.0319 |Acc: 40.0000|Pred Confidence: 0.49 | C 0:0.6213 | C 1:0.4059 | C 2:0.4491| C 3:nan| C 4:nan| C 5:nan| C 6:nan| C 7:nan| C 8:nan| C 9:nan| C 10:nan| C 11:nan
Epoch[140/500] | Loss:1.0291 |Acc: 40.0000|Pred Confidence: 0.50 | C 0:0.6245 | C 1:0.4081 | C 2:0.4534| C 3:nan| C 4:nan| C 5:nan| C 6:nan| C 7:nan| C 8:nan| C 9:nan| C 10:nan| C 11:nan
Epoch[141/500] | Loss:1.0263 |Acc: 40.0000|Pred Confidence: 0.50 | C 0:0.6276 | C 1:0.4085 | C 2:0.4578| C 3:nan| C 4:nan| C 5:nan| C 6:nan| C 7:nan| C 8:nan| C 9:nan| C 10:nan| C 11:nan
Epoch[142/500] | Loss:1.0240 |Acc: 41.6667|Pred Confidence: 0.50 | C 0:0.6300 | C 1:0.4103 | C 2:0.4611| C 3:nan| C 4:nan| C 5:nan| C 6:nan| C 7:nan| C 8:nan| C 9:nan| C 10:nan| C 11:nan
Epoch[143/500] | Loss:1.0217 |Acc: 41.6667|Pred Confidence: 0.50 | C 0:0.6318 | C 1:0.4128 | C 2:0.4647| C 3:nan| C 4:nan| C 5:nan| C 6:nan| C 7:nan| C 8:nan| C 9:nan| C 10:nan| C 11:nan
Epoch[144/500] | Loss:1.0196 |Acc: 40.0000|Pred Confidence: 0.51 | C 0:0.6337 | C 1:0.4145 | C 2:0.4793| C 3:nan| C 4:nan| C 5:nan| C 6:nan| C 7:nan| C 8:nan| C 9:nan| C 10:nan| C 11:nan
Epoch[145/500] | Loss:1.0174 |Acc: 41.6667|Pred Confidence: 0.51 | C 0:0.6355 | C 1:0.4157 | C 2:0.4735| C 3:nan| C 4:nan| C 5:nan| C 6:nan| C 7:nan| C 8:nan| C 9:nan| C 10:nan| C 11:nan
Epoch[146/500] | Loss:1.0154 |Acc: 43.3333|Pred Confidence: 0.51 | C 0:0.6372 | C 1:0.4207 | C 2:0.4775| C 3:nan| C 4:nan| C 5:nan| C 6:nan| C 7:nan| C 8:nan| C 9:nan| C 10:nan| C 11:nan
Epoch[147/500] | Loss:1.0134 |Acc: 43.3333|Pred Confidence: 0.51 | C 0:0.6386 | C 1:0.4225 | C 2:0.4810| C 3:nan| C 4:nan| C 5:nan| C 6:nan| C 7:nan| C 8:nan| C 9:nan| C 10:nan| C 11:nan
Epoch[148/500] | Loss:1.0115 |Acc: 43.3333|Pred Confidence: 0.52 | C 0:0.6400 | C 1:0.4241 | C 2:0.4844| C 3:nan| C 4:nan| C 5:nan| C 6:nan| C 7:nan| C 8:nan| C 9:nan| C 10:nan| C 11:nan
Epoch[149/500] | Loss:1.0096 |Acc: 43.3333|Pred Confidence: 0.52 | C 0:0.6413 | C 1:0.4255 | C 2:0.4875| C 3:nan| C 4:nan| C 5:nan| C 6:nan| C 7:nan| C 8:nan| C 9:nan| C 10:nan| C 11:nan
Epoch[150/500] | Loss:1.0077 |Acc: 43.3333|Pred Confidence: 0.52 | C 0:0.6424 | C 1:0.4270 | C 2:0.4903| C 3:nan| C 4:nan| C 5:nan| C 6:nan| C 7:nan| C 8:nan| C 9:nan| C 10:nan| C 11:nan
Epoch[151/500] | Loss:1.0059 |Acc: 45.0000|Pred Confidence: 0.51 | C 0:0.6181 | C 1:0.4285 | C 2:0.4929| C 3:nan| C 4:nan| C 5:nan| C 6:nan| C 7:nan| C 8:nan| C 9:nan| C 10:nan| C 11:nan
Epoch[152/500] | Loss:1.0042 |Acc: 46.6667|Pred Confidence: 0.51 | C 0:0.6192 | C 1:0.4299 | C 2:0.4808| C 3:nan| C 4:nan| C 5:nan| C 6:nan| C 7:nan| C 8:nan| C 9:nan| C 10:nan| C 11:nan
Epoch[153/500] | Loss:1.0024 |Acc: 46.6667|Pred Confidence: 0.51 | C 0:0.6202 | C 1:0.4312 | C 2:0.4829| C 3:nan| C 4:nan| C 5:nan| C 6:nan| C 7:nan| C 8:nan| C 9:nan| C 10:nan| C 11:nan
Epoch[154/500] | Loss:1.0007 |Acc: 46.6667|Pred Confidence: 0.51 | C 0:0.6211 | C 1:0.4325 | C 2:0.4848| C 3:nan| C 4:nan| C 5:nan| C 6:nan| C 7:nan| C 8:nan| C 9:nan| C 10:nan| C 11:nan
Epoch[155/500] | Loss:0.9990 |Acc: 46.6667|Pred Confidence: 0.51 | C 0:0.6221 | C 1:0.4338 | C 2:0.4866| C 3:nan| C 4:nan| C 5:nan| C 6:nan| C 7:nan| C 8:nan| C 9:nan| C 10:nan| C 11:nan
Epoch[156/500] | Loss:0.9974 |Acc: 46.6667|Pred Confidence: 0.52 | C 0:0.6230 | C 1:0.4351 | C 2:0.4884| C 3:nan| C 4:nan| C 5:nan| C 6:nan| C 7:nan| C 8:nan| C 9:nan| C 10:nan| C 11:nan
Epoch[157/500] | Loss:0.9957 |Acc: 46.6667|Pred Confidence: 0.52 | C 0:0.6238 | C 1:0.4363 | C 2:0.4900| C 3:nan| C 4:nan| C 5:nan| C 6:nan| C 7:nan| C 8:nan| C 9:nan| C 10:nan| C 11:nan
Epoch[158/500] | Loss:0.9941 |Acc: 46.6667|Pred Confidence: 0.52 | C 0:0.6247 | C 1:0.4375 | C 2:0.4915| C 3:nan| C 4:nan| C 5:nan| C 6:nan| C 7:nan| C 8:nan| C 9:nan| C 10:nan| C 11:nan
Epoch[159/500] | Loss:0.9925 |Acc: 46.6667|Pred Confidence: 0.52 | C 0:0.6255 | C 1:0.4387 | C 2:0.4930| C 3:nan| C 4:nan| C 5:nan| C 6:nan| C 7:nan| C 8:nan| C 9:nan| C 10:nan| C 11:nan
Epoch[160/500] | Loss:0.9909 |Acc: 46.6667|Pred Confidence: 0.52 | C 0:0.6263 | C 1:0.4398 | C 2:0.4944| C 3:nan| C 4:nan| C 5:nan| C 6:nan| C 7:nan| C 8:nan| C 9:nan| C 10:nan| C 11:nan
Epoch[161/500] | Loss:0.9894 |Acc: 46.6667|Pred Confidence: 0.52 | C 0:0.6271 | C 1:0.4410 | C 2:0.4957| C 3:nan| C 4:nan| C 5:nan| C 6:nan| C 7:nan| C 8:nan| C 9:nan| C 10:nan| C 11:nan
Epoch[162/500] | Loss:0.9878 |Acc: 48.3333|Pred Confidence: 0.52 | C 0:0.6089 | C 1:0.4421 | C 2:0.4969| C 3:nan| C 4:nan| C 5:nan| C 6:nan| C 7:nan| C 8:nan| C 9:nan| C 10:nan| C 11:nan
Epoch[163/500] | Loss:0.9863 |Acc: 50.0000|Pred Confidence: 0.51 | C 0:0.6097 | C 1:0.4432 | C 2:0.4920| C 3:nan| C 4:nan| C 5:nan| C 6:nan| C 7:nan| C 8:nan| C 9:nan| C 10:nan| C 11:nan
Epoch[164/500] | Loss:0.9848 |Acc: 50.0000|Pred Confidence: 0.52 | C 0:0.6105 | C 1:0.4442 | C 2:0.4931| C 3:nan| C 4:nan| C 5:nan| C 6:nan| C 7:nan| C 8:nan| C 9:nan| C 10:nan| C 11:nan
Epoch[165/500] | Loss:0.9833 |Acc: 50.0000|Pred Confidence: 0.52 | C 0:0.6113 | C 1:0.4453 | C 2:0.4943| C 3:nan| C 4:nan| C 5:nan| C 6:nan| C 7:nan| C 8:nan| C 9:nan| C 10:nan| C 11:nan
Epoch[166/500] | Loss:0.9818 |Acc: 50.0000|Pred Confidence: 0.52 | C 0:0.6121 | C 1:0.4464 | C 2:0.4953| C 3:nan| C 4:nan| C 5:nan| C 6:nan| C 7:nan| C 8:nan| C 9:nan| C 10:nan| C 11:nan
Epoch[167/500] | Loss:0.9803 |Acc: 50.0000|Pred Confidence: 0.52 | C 0:0.6129 | C 1:0.4474 | C 2:0.4964| C 3:nan| C 4:nan| C 5:nan| C 6:nan| C 7:nan| C 8:nan| C 9:nan| C 10:nan| C 11:nan
Epoch[168/500] | Loss:0.9789 |Acc: 50.0000|Pred Confidence: 0.52 | C 0:0.6136 | C 1:0.4484 | C 2:0.4974| C 3:nan| C 4:nan| C 5:nan| C 6:nan| C 7:nan| C 8:nan| C 9:nan| C 10:nan| C 11:nan
Epoch[169/500] | Loss:0.9775 |Acc: 50.0000|Pred Confidence: 0.52 | C 0:0.6144 | C 1:0.4494 | C 2:0.4984| C 3:nan| C 4:nan| C 5:nan| C 6:nan| C 7:nan| C 8:nan| C 9:nan| C 10:nan| C 11:nan
Epoch[170/500] | Loss:0.9760 |Acc: 50.0000|Pred Confidence: 0.52 | C 0:0.6151 | C 1:0.4504 | C 2:0.4993| C 3:nan| C 4:nan| C 5:nan| C 6:nan| C 7:nan| C 8:nan| C 9:nan| C 10:nan| C 11:nan
Epoch[171/500] | Loss:0.9746 |Acc: 50.0000|Pred Confidence: 0.52 | C 0:0.6159 | C 1:0.4514 | C 2:0.5002| C 3:nan| C 4:nan| C 5:nan| C 6:nan| C 7:nan| C 8:nan| C 9:nan| C 10:nan| C 11:nan
Epoch[172/500] | Loss:0.9732 |Acc: 50.0000|Pred Confidence: 0.52 | C 0:0.6166 | C 1:0.4524 | C 2:0.5012| C 3:nan| C 4:nan| C 5:nan| C 6:nan| C 7:nan| C 8:nan| C 9:nan| C 10:nan| C 11:nan
Epoch[173/500] | Loss:0.9718 |Acc: 50.0000|Pred Confidence: 0.52 | C 0:0.6174 | C 1:0.4533 | C 2:0.5020| C 3:nan| C 4:nan| C 5:nan| C 6:nan| C 7:nan| C 8:nan| C 9:nan| C 10:nan| C 11:nan
Epoch[174/500] | Loss:0.9705 |Acc: 50.0000|Pred Confidence: 0.53 | C 0:0.6181 | C 1:0.4543 | C 2:0.5029| C 3:nan| C 4:nan| C 5:nan| C 6:nan| C 7:nan| C 8:nan| C 9:nan| C 10:nan| C 11:nan
Epoch[175/500] | Loss:0.9691 |Acc: 50.0000|Pred Confidence: 0.53 | C 0:0.6189 | C 1:0.4552 | C 2:0.5038| C 3:nan| C 4:nan| C 5:nan| C 6:nan| C 7:nan| C 8:nan| C 9:nan| C 10:nan| C 11:nan
Epoch[176/500] | Loss:0.9678 |Acc: 50.0000|Pred Confidence: 0.53 | C 0:0.6196 | C 1:0.4562 | C 2:0.5046| C 3:nan| C 4:nan| C 5:nan| C 6:nan| C 7:nan| C 8:nan| C 9:nan| C 10:nan| C 11:nan
Epoch[177/500] | Loss:0.9664 |Acc: 50.0000|Pred Confidence: 0.53 | C 0:0.6203 | C 1:0.4571 | C 2:0.5054| C 3:nan| C 4:nan| C 5:nan| C 6:nan| C 7:nan| C 8:nan| C 9:nan| C 10:nan| C 11:nan
Epoch[178/500] | Loss:0.9651 |Acc: 50.0000|Pred Confidence: 0.53 | C 0:0.6210 | C 1:0.4580 | C 2:0.5062| C 3:nan| C 4:nan| C 5:nan| C 6:nan| C 7:nan| C 8:nan| C 9:nan| C 10:nan| C 11:nan
Epoch[179/500] | Loss:0.9638 |Acc: 51.6667|Pred Confidence: 0.52 | C 0:0.5840 | C 1:0.4589 | C 2:0.5070| C 3:nan| C 4:nan| C 5:nan| C 6:nan| C 7:nan| C 8:nan| C 9:nan| C 10:nan| C 11:nan
Epoch[180/500] | Loss:0.9625 |Acc: 51.6667|Pred Confidence: 0.52 | C 0:0.5847 | C 1:0.4598 | C 2:0.5078| C 3:nan| C 4:nan| C 5:nan| C 6:nan| C 7:nan| C 8:nan| C 9:nan| C 10:nan| C 11:nan
Epoch[181/500] | Loss:0.9612 |Acc: 51.6667|Pred Confidence: 0.52 | C 0:0.5854 | C 1:0.4607 | C 2:0.5085| C 3:nan| C 4:nan| C 5:nan| C 6:nan| C 7:nan| C 8:nan| C 9:nan| C 10:nan| C 11:nan
Epoch[182/500] | Loss:0.9599 |Acc: 51.6667|Pred Confidence: 0.52 | C 0:0.5861 | C 1:0.4616 | C 2:0.5093| C 3:nan| C 4:nan| C 5:nan| C 6:nan| C 7:nan| C 8:nan| C 9:nan| C 10:nan| C 11:nan
Epoch[183/500] | Loss:0.9586 |Acc: 51.6667|Pred Confidence: 0.52 | C 0:0.5868 | C 1:0.4625 | C 2:0.5100| C 3:nan| C 4:nan| C 5:nan| C 6:nan| C 7:nan| C 8:nan| C 9:nan| C 10:nan| C 11:nan
Epoch[184/500] | Loss:0.9574 |Acc: 51.6667|Pred Confidence: 0.52 | C 0:0.5875 | C 1:0.4634 | C 2:0.5108| C 3:nan| C 4:nan| C 5:nan| C 6:nan| C 7:nan| C 8:nan| C 9:nan| C 10:nan| C 11:nan
Epoch[185/500] | Loss:0.9561 |Acc: 51.6667|Pred Confidence: 0.52 | C 0:0.5882 | C 1:0.4643 | C 2:0.5115| C 3:nan| C 4:nan| C 5:nan| C 6:nan| C 7:nan| C 8:nan| C 9:nan| C 10:nan| C 11:nan
Epoch[186/500] | Loss:0.9549 |Acc: 51.6667|Pred Confidence: 0.52 | C 0:0.5889 | C 1:0.4651 | C 2:0.5122| C 3:nan| C 4:nan| C 5:nan| C 6:nan| C 7:nan| C 8:nan| C 9:nan| C 10:nan| C 11:nan
Epoch[187/500] | Loss:0.9536 |Acc: 51.6667|Pred Confidence: 0.52 | C 0:0.5896 | C 1:0.4660 | C 2:0.5129| C 3:nan| C 4:nan| C 5:nan| C 6:nan| C 7:nan| C 8:nan| C 9:nan| C 10:nan| C 11:nan
Epoch[188/500] | Loss:0.9524 |Acc: 51.6667|Pred Confidence: 0.52 | C 0:0.5903 | C 1:0.4668 | C 2:0.5136| C 3:nan| C 4:nan| C 5:nan| C 6:nan| C 7:nan| C 8:nan| C 9:nan| C 10:nan| C 11:nan
Epoch[189/500] | Loss:0.9512 |Acc: 51.6667|Pred Confidence: 0.52 | C 0:0.5909 | C 1:0.4677 | C 2:0.5143| C 3:nan| C 4:nan| C 5:nan| C 6:nan| C 7:nan| C 8:nan| C 9:nan| C 10:nan| C 11:nan
Epoch[190/500] | Loss:0.9500 |Acc: 51.6667|Pred Confidence: 0.53 | C 0:0.5916 | C 1:0.4685 | C 2:0.5150| C 3:nan| C 4:nan| C 5:nan| C 6:nan| C 7:nan| C 8:nan| C 9:nan| C 10:nan| C 11:nan
Epoch[191/500] | Loss:0.9488 |Acc: 51.6667|Pred Confidence: 0.53 | C 0:0.5923 | C 1:0.4694 | C 2:0.5157| C 3:nan| C 4:nan| C 5:nan| C 6:nan| C 7:nan| C 8:nan| C 9:nan| C 10:nan| C 11:nan
Epoch[192/500] | Loss:0.9476 |Acc: 51.6667|Pred Confidence: 0.53 | C 0:0.5930 | C 1:0.4702 | C 2:0.5164| C 3:nan| C 4:nan| C 5:nan| C 6:nan| C 7:nan| C 8:nan| C 9:nan| C 10:nan| C 11:nan
Epoch[193/500] | Loss:0.9464 |Acc: 51.6667|Pred Confidence: 0.53 | C 0:0.5937 | C 1:0.4710 | C 2:0.5171| C 3:nan| C 4:nan| C 5:nan| C 6:nan| C 7:nan| C 8:nan| C 9:nan| C 10:nan| C 11:nan
Epoch[194/500] | Loss:0.9452 |Acc: 51.6667|Pred Confidence: 0.53 | C 0:0.5943 | C 1:0.4718 | C 2:0.5177| C 3:nan| C 4:nan| C 5:nan| C 6:nan| C 7:nan| C 8:nan| C 9:nan| C 10:nan| C 11:nan
Epoch[195/500] | Loss:0.9441 |Acc: 51.6667|Pred Confidence: 0.53 | C 0:0.5950 | C 1:0.4726 | C 2:0.5184| C 3:nan| C 4:nan| C 5:nan| C 6:nan| C 7:nan| C 8:nan| C 9:nan| C 10:nan| C 11:nan
Epoch[196/500] | Loss:0.9429 |Acc: 51.6667|Pred Confidence: 0.53 | C 0:0.5957 | C 1:0.4735 | C 2:0.5191| C 3:nan| C 4:nan| C 5:nan| C 6:nan| C 7:nan| C 8:nan| C 9:nan| C 10:nan| C 11:nan
Epoch[197/500] | Loss:0.9418 |Acc: 51.6667|Pred Confidence: 0.53 | C 0:0.5963 | C 1:0.4743 | C 2:0.5197| C 3:nan| C 4:nan| C 5:nan| C 6:nan| C 7:nan| C 8:nan| C 9:nan| C 10:nan| C 11:nan
Epoch[198/500] | Loss:0.9406 |Acc: 53.3333|Pred Confidence: 0.52 | C 0:0.5753 | C 1:0.4751 | C 2:0.5204| C 3:nan| C 4:nan| C 5:nan| C 6:nan| C 7:nan| C 8:nan| C 9:nan| C 10:nan| C 11:nan
Epoch[199/500] | Loss:0.9395 |Acc: 53.3333|Pred Confidence: 0.52 | C 0:0.5760 | C 1:0.4759 | C 2:0.5210| C 3:nan| C 4:nan| C 5:nan| C 6:nan| C 7:nan| C 8:nan| C 9:nan| C 10:nan| C 11:nan
Epoch[200/500] | Loss:0.9384 |Acc: 53.3333|Pred Confidence: 0.52 | C 0:0.5766 | C 1:0.4767 | C 2:0.5217| C 3:nan| C 4:nan| C 5:nan| C 6:nan| C 7:nan| C 8:nan| C 9:nan| C 10:nan| C 11:nan
Epoch[201/500] | Loss:0.9373 |Acc: 53.3333|Pred Confidence: 0.53 | C 0:0.5772 | C 1:0.4774 | C 2:0.5223| C 3:nan| C 4:nan| C 5:nan| C 6:nan| C 7:nan| C 8:nan| C 9:nan| C 10:nan| C 11:nan
Epoch[202/500] | Loss:0.9362 |Acc: 53.3333|Pred Confidence: 0.53 | C 0:0.5779 | C 1:0.4782 | C 2:0.5229| C 3:nan| C 4:nan| C 5:nan| C 6:nan| C 7:nan| C 8:nan| C 9:nan| C 10:nan| C 11:nan
Epoch[203/500] | Loss:0.9351 |Acc: 56.6667|Pred Confidence: 0.52 | C 0:0.5623 | C 1:0.4790 | C 2:0.5151| C 3:nan| C 4:nan| C 5:nan| C 6:nan| C 7:nan| C 8:nan| C 9:nan| C 10:nan| C 11:nan
Epoch[204/500] | Loss:0.9340 |Acc: 56.6667|Pred Confidence: 0.52 | C 0:0.5629 | C 1:0.4798 | C 2:0.5157| C 3:nan| C 4:nan| C 5:nan| C 6:nan| C 7:nan| C 8:nan| C 9:nan| C 10:nan| C 11:nan
Epoch[205/500] | Loss:0.9329 |Acc: 58.3333|Pred Confidence: 0.52 | C 0:0.5540 | C 1:0.4806 | C 2:0.5163| C 3:nan| C 4:nan| C 5:nan| C 6:nan| C 7:nan| C 8:nan| C 9:nan| C 10:nan| C 11:nan
Epoch[206/500] | Loss:0.9318 |Acc: 60.0000|Pred Confidence: 0.51 | C 0:0.5545 | C 1:0.4813 | C 2:0.5063| C 3:nan| C 4:nan| C 5:nan| C 6:nan| C 7:nan| C 8:nan| C 9:nan| C 10:nan| C 11:nan
Epoch[207/500] | Loss:0.9308 |Acc: 60.0000|Pred Confidence: 0.51 | C 0:0.5551 | C 1:0.4821 | C 2:0.5069| C 3:nan| C 4:nan| C 5:nan| C 6:nan| C 7:nan| C 8:nan| C 9:nan| C 10:nan| C 11:nan
Epoch[208/500] | Loss:0.9297 |Acc: 60.0000|Pred Confidence: 0.52 | C 0:0.5557 | C 1:0.4828 | C 2:0.5076| C 3:nan| C 4:nan| C 5:nan| C 6:nan| C 7:nan| C 8:nan| C 9:nan| C 10:nan| C 11:nan
Epoch[209/500] | Loss:0.9287 |Acc: 60.0000|Pred Confidence: 0.52 | C 0:0.5562 | C 1:0.4836 | C 2:0.5083| C 3:nan| C 4:nan| C 5:nan| C 6:nan| C 7:nan| C 8:nan| C 9:nan| C 10:nan| C 11:nan
Epoch[210/500] | Loss:0.9276 |Acc: 60.0000|Pred Confidence: 0.52 | C 0:0.5568 | C 1:0.4844 | C 2:0.5090| C 3:nan| C 4:nan| C 5:nan| C 6:nan| C 7:nan| C 8:nan| C 9:nan| C 10:nan| C 11:nan
Epoch[211/500] | Loss:0.9266 |Acc: 60.0000|Pred Confidence: 0.52 | C 0:0.5573 | C 1:0.4851 | C 2:0.5096| C 3:nan| C 4:nan| C 5:nan| C 6:nan| C 7:nan| C 8:nan| C 9:nan| C 10:nan| C 11:nan
Epoch[212/500] | Loss:0.9255 |Acc: 60.0000|Pred Confidence: 0.52 | C 0:0.5579 | C 1:0.4858 | C 2:0.5103| C 3:nan| C 4:nan| C 5:nan| C 6:nan| C 7:nan| C 8:nan| C 9:nan| C 10:nan| C 11:nan
Epoch[213/500] | Loss:0.9245 |Acc: 60.0000|Pred Confidence: 0.52 | C 0:0.5584 | C 1:0.4866 | C 2:0.5110| C 3:nan| C 4:nan| C 5:nan| C 6:nan| C 7:nan| C 8:nan| C 9:nan| C 10:nan| C 11:nan
Epoch[214/500] | Loss:0.9235 |Acc: 60.0000|Pred Confidence: 0.52 | C 0:0.5590 | C 1:0.4873 | C 2:0.5116| C 3:nan| C 4:nan| C 5:nan| C 6:nan| C 7:nan| C 8:nan| C 9:nan| C 10:nan| C 11:nan
Epoch[215/500] | Loss:0.9225 |Acc: 60.0000|Pred Confidence: 0.52 | C 0:0.5595 | C 1:0.4881 | C 2:0.5123| C 3:nan| C 4:nan| C 5:nan| C 6:nan| C 7:nan| C 8:nan| C 9:nan| C 10:nan| C 11:nan
Epoch[216/500] | Loss:0.9215 |Acc: 60.0000|Pred Confidence: 0.52 | C 0:0.5601 | C 1:0.4888 | C 2:0.5130| C 3:nan| C 4:nan| C 5:nan| C 6:nan| C 7:nan| C 8:nan| C 9:nan| C 10:nan| C 11:nan
Epoch[217/500] | Loss:0.9205 |Acc: 60.0000|Pred Confidence: 0.52 | C 0:0.5606 | C 1:0.4895 | C 2:0.5136| C 3:nan| C 4:nan| C 5:nan| C 6:nan| C 7:nan| C 8:nan| C 9:nan| C 10:nan| C 11:nan
Epoch[218/500] | Loss:0.9195 |Acc: 60.0000|Pred Confidence: 0.52 | C 0:0.5612 | C 1:0.4902 | C 2:0.5143| C 3:nan| C 4:nan| C 5:nan| C 6:nan| C 7:nan| C 8:nan| C 9:nan| C 10:nan| C 11:nan
Epoch[219/500] | Loss:0.9185 |Acc: 60.0000|Pred Confidence: 0.52 | C 0:0.5617 | C 1:0.4909 | C 2:0.5149| C 3:nan| C 4:nan| C 5:nan| C 6:nan| C 7:nan| C 8:nan| C 9:nan| C 10:nan| C 11:nan
Epoch[220/500] | Loss:0.9175 |Acc: 60.0000|Pred Confidence: 0.52 | C 0:0.5622 | C 1:0.4917 | C 2:0.5156| C 3:nan| C 4:nan| C 5:nan| C 6:nan| C 7:nan| C 8:nan| C 9:nan| C 10:nan| C 11:nan
Epoch[221/500] | Loss:0.9166 |Acc: 60.0000|Pred Confidence: 0.52 | C 0:0.5628 | C 1:0.4924 | C 2:0.5162| C 3:nan| C 4:nan| C 5:nan| C 6:nan| C 7:nan| C 8:nan| C 9:nan| C 10:nan| C 11:nan
Epoch[222/500] | Loss:0.9156 |Acc: 60.0000|Pred Confidence: 0.52 | C 0:0.5633 | C 1:0.4931 | C 2:0.5168| C 3:nan| C 4:nan| C 5:nan| C 6:nan| C 7:nan| C 8:nan| C 9:nan| C 10:nan| C 11:nan
Epoch[223/500] | Loss:0.9146 |Acc: 60.0000|Pred Confidence: 0.53 | C 0:0.5638 | C 1:0.4938 | C 2:0.5175| C 3:nan| C 4:nan| C 5:nan| C 6:nan| C 7:nan| C 8:nan| C 9:nan| C 10:nan| C 11:nan
Epoch[224/500] | Loss:0.9137 |Acc: 58.3333|Pred Confidence: 0.53 | C 0:0.5811 | C 1:0.4945 | C 2:0.5181| C 3:nan| C 4:nan| C 5:nan| C 6:nan| C 7:nan| C 8:nan| C 9:nan| C 10:nan| C 11:nan
Epoch[225/500] | Loss:0.9127 |Acc: 58.3333|Pred Confidence: 0.53 | C 0:0.5817 | C 1:0.4952 | C 2:0.5188| C 3:nan| C 4:nan| C 5:nan| C 6:nan| C 7:nan| C 8:nan| C 9:nan| C 10:nan| C 11:nan
Epoch[226/500] | Loss:0.9118 |Acc: 58.3333|Pred Confidence: 0.53 | C 0:0.5823 | C 1:0.4959 | C 2:0.5194| C 3:nan| C 4:nan| C 5:nan| C 6:nan| C 7:nan| C 8:nan| C 9:nan| C 10:nan| C 11:nan
Epoch[227/500] | Loss:0.9109 |Acc: 58.3333|Pred Confidence: 0.53 | C 0:0.5829 | C 1:0.4966 | C 2:0.5200| C 3:nan| C 4:nan| C 5:nan| C 6:nan| C 7:nan| C 8:nan| C 9:nan| C 10:nan| C 11:nan
Epoch[228/500] | Loss:0.9099 |Acc: 58.3333|Pred Confidence: 0.53 | C 0:0.5835 | C 1:0.4973 | C 2:0.5207| C 3:nan| C 4:nan| C 5:nan| C 6:nan| C 7:nan| C 8:nan| C 9:nan| C 10:nan| C 11:nan
Epoch[229/500] | Loss:0.9090 |Acc: 58.3333|Pred Confidence: 0.53 | C 0:0.5841 | C 1:0.4979 | C 2:0.5213| C 3:nan| C 4:nan| C 5:nan| C 6:nan| C 7:nan| C 8:nan| C 9:nan| C 10:nan| C 11:nan
Epoch[230/500] | Loss:0.9081 |Acc: 58.3333|Pred Confidence: 0.54 | C 0:0.5847 | C 1:0.4986 | C 2:0.5219| C 3:nan| C 4:nan| C 5:nan| C 6:nan| C 7:nan| C 8:nan| C 9:nan| C 10:nan| C 11:nan
Epoch[231/500] | Loss:0.9072 |Acc: 58.3333|Pred Confidence: 0.54 | C 0:0.5853 | C 1:0.4993 | C 2:0.5225| C 3:nan| C 4:nan| C 5:nan| C 6:nan| C 7:nan| C 8:nan| C 9:nan| C 10:nan| C 11:nan
Epoch[232/500] | Loss:0.9063 |Acc: 58.3333|Pred Confidence: 0.54 | C 0:0.5859 | C 1:0.5000 | C 2:0.5231| C 3:nan| C 4:nan| C 5:nan| C 6:nan| C 7:nan| C 8:nan| C 9:nan| C 10:nan| C 11:nan
Epoch[233/500] | Loss:0.9054 |Acc: 58.3333|Pred Confidence: 0.54 | C 0:0.5865 | C 1:0.5006 | C 2:0.5238| C 3:nan| C 4:nan| C 5:nan| C 6:nan| C 7:nan| C 8:nan| C 9:nan| C 10:nan| C 11:nan
Epoch[234/500] | Loss:0.9045 |Acc: 58.3333|Pred Confidence: 0.54 | C 0:0.5871 | C 1:0.5013 | C 2:0.5244| C 3:nan| C 4:nan| C 5:nan| C 6:nan| C 7:nan| C 8:nan| C 9:nan| C 10:nan| C 11:nan
Epoch[235/500] | Loss:0.9036 |Acc: 58.3333|Pred Confidence: 0.54 | C 0:0.5876 | C 1:0.5020 | C 2:0.5250| C 3:nan| C 4:nan| C 5:nan| C 6:nan| C 7:nan| C 8:nan| C 9:nan| C 10:nan| C 11:nan
Epoch[236/500] | Loss:0.9027 |Acc: 58.3333|Pred Confidence: 0.54 | C 0:0.5882 | C 1:0.5026 | C 2:0.5256| C 3:nan| C 4:nan| C 5:nan| C 6:nan| C 7:nan| C 8:nan| C 9:nan| C 10:nan| C 11:nan
Epoch[237/500] | Loss:0.9018 |Acc: 58.3333|Pred Confidence: 0.54 | C 0:0.5888 | C 1:0.5033 | C 2:0.5262| C 3:nan| C 4:nan| C 5:nan| C 6:nan| C 7:nan| C 8:nan| C 9:nan| C 10:nan| C 11:nan
Epoch[238/500] | Loss:0.9009 |Acc: 58.3333|Pred Confidence: 0.54 | C 0:0.5894 | C 1:0.5040 | C 2:0.5268| C 3:nan| C 4:nan| C 5:nan| C 6:nan| C 7:nan| C 8:nan| C 9:nan| C 10:nan| C 11:nan
Epoch[239/500] | Loss:0.9001 |Acc: 60.0000|Pred Confidence: 0.54 | C 0:0.5900 | C 1:0.5046 | C 2:0.5203| C 3:nan| C 4:nan| C 5:nan| C 6:nan| C 7:nan| C 8:nan| C 9:nan| C 10:nan| C 11:nan
Epoch[240/500] | Loss:0.8992 |Acc: 60.0000|Pred Confidence: 0.54 | C 0:0.5905 | C 1:0.5053 | C 2:0.5208| C 3:nan| C 4:nan| C 5:nan| C 6:nan| C 7:nan| C 8:nan| C 9:nan| C 10:nan| C 11:nan
Epoch[241/500] | Loss:0.8983 |Acc: 60.0000|Pred Confidence: 0.54 | C 0:0.5911 | C 1:0.5059 | C 2:0.5214| C 3:nan| C 4:nan| C 5:nan| C 6:nan| C 7:nan| C 8:nan| C 9:nan| C 10:nan| C 11:nan
Epoch[242/500] | Loss:0.8975 |Acc: 60.0000|Pred Confidence: 0.54 | C 0:0.5917 | C 1:0.5066 | C 2:0.5220| C 3:nan| C 4:nan| C 5:nan| C 6:nan| C 7:nan| C 8:nan| C 9:nan| C 10:nan| C 11:nan
Epoch[243/500] | Loss:0.8966 |Acc: 60.0000|Pred Confidence: 0.54 | C 0:0.5922 | C 1:0.5072 | C 2:0.5226| C 3:nan| C 4:nan| C 5:nan| C 6:nan| C 7:nan| C 8:nan| C 9:nan| C 10:nan| C 11:nan
Epoch[244/500] | Loss:0.8958 |Acc: 60.0000|Pred Confidence: 0.54 | C 0:0.5928 | C 1:0.5078 | C 2:0.5231| C 3:nan| C 4:nan| C 5:nan| C 6:nan| C 7:nan| C 8:nan| C 9:nan| C 10:nan| C 11:nan
Epoch[245/500] | Loss:0.8949 |Acc: 60.0000|Pred Confidence: 0.54 | C 0:0.5934 | C 1:0.5085 | C 2:0.5237| C 3:nan| C 4:nan| C 5:nan| C 6:nan| C 7:nan| C 8:nan| C 9:nan| C 10:nan| C 11:nan
Epoch[246/500] | Loss:0.8941 |Acc: 61.6667|Pred Confidence: 0.54 | C 0:0.5939 | C 1:0.5091 | C 2:0.5200| C 3:nan| C 4:nan| C 5:nan| C 6:nan| C 7:nan| C 8:nan| C 9:nan| C 10:nan| C 11:nan
Epoch[247/500] | Loss:0.8933 |Acc: 63.3333|Pred Confidence: 0.54 | C 0:0.5858 | C 1:0.5097 | C 2:0.5207| C 3:nan| C 4:nan| C 5:nan| C 6:nan| C 7:nan| C 8:nan| C 9:nan| C 10:nan| C 11:nan
Epoch[248/500] | Loss:0.8925 |Acc: 63.3333|Pred Confidence: 0.54 | C 0:0.5864 | C 1:0.5104 | C 2:0.5215| C 3:nan| C 4:nan| C 5:nan| C 6:nan| C 7:nan| C 8:nan| C 9:nan| C 10:nan| C 11:nan
Epoch[249/500] | Loss:0.8916 |Acc: 63.3333|Pred Confidence: 0.54 | C 0:0.5869 | C 1:0.5110 | C 2:0.5222| C 3:nan| C 4:nan| C 5:nan| C 6:nan| C 7:nan| C 8:nan| C 9:nan| C 10:nan| C 11:nan
Epoch[250/500] | Loss:0.8908 |Acc: 63.3333|Pred Confidence: 0.54 | C 0:0.5875 | C 1:0.5116 | C 2:0.5229| C 3:nan| C 4:nan| C 5:nan| C 6:nan| C 7:nan| C 8:nan| C 9:nan| C 10:nan| C 11:nan
Epoch[251/500] | Loss:0.8900 |Acc: 63.3333|Pred Confidence: 0.54 | C 0:0.5880 | C 1:0.5122 | C 2:0.5237| C 3:nan| C 4:nan| C 5:nan| C 6:nan| C 7:nan| C 8:nan| C 9:nan| C 10:nan| C 11:nan
Epoch[252/500] | Loss:0.8892 |Acc: 63.3333|Pred Confidence: 0.54 | C 0:0.5886 | C 1:0.5128 | C 2:0.5244| C 3:nan| C 4:nan| C 5:nan| C 6:nan| C 7:nan| C 8:nan| C 9:nan| C 10:nan| C 11:nan
Epoch[253/500] | Loss:0.8884 |Acc: 63.3333|Pred Confidence: 0.54 | C 0:0.5891 | C 1:0.5134 | C 2:0.5252| C 3:nan| C 4:nan| C 5:nan| C 6:nan| C 7:nan| C 8:nan| C 9:nan| C 10:nan| C 11:nan
Epoch[254/500] | Loss:0.8876 |Acc: 63.3333|Pred Confidence: 0.54 | C 0:0.5896 | C 1:0.5141 | C 2:0.5259| C 3:nan| C 4:nan| C 5:nan| C 6:nan| C 7:nan| C 8:nan| C 9:nan| C 10:nan| C 11:nan
Epoch[255/500] | Loss:0.8868 |Acc: 63.3333|Pred Confidence: 0.54 | C 0:0.5902 | C 1:0.5147 | C 2:0.5266| C 3:nan| C 4:nan| C 5:nan| C 6:nan| C 7:nan| C 8:nan| C 9:nan| C 10:nan| C 11:nan
Epoch[256/500] | Loss:0.8860 |Acc: 63.3333|Pred Confidence: 0.54 | C 0:0.5907 | C 1:0.5153 | C 2:0.5273| C 3:nan| C 4:nan| C 5:nan| C 6:nan| C 7:nan| C 8:nan| C 9:nan| C 10:nan| C 11:nan
Epoch[257/500] | Loss:0.8852 |Acc: 63.3333|Pred Confidence: 0.55 | C 0:0.5913 | C 1:0.5159 | C 2:0.5281| C 3:nan| C 4:nan| C 5:nan| C 6:nan| C 7:nan| C 8:nan| C 9:nan| C 10:nan| C 11:nan
Epoch[258/500] | Loss:0.8845 |Acc: 63.3333|Pred Confidence: 0.55 | C 0:0.5918 | C 1:0.5165 | C 2:0.5288| C 3:nan| C 4:nan| C 5:nan| C 6:nan| C 7:nan| C 8:nan| C 9:nan| C 10:nan| C 11:nan
Epoch[259/500] | Loss:0.8837 |Acc: 63.3333|Pred Confidence: 0.55 | C 0:0.5923 | C 1:0.5171 | C 2:0.5295| C 3:nan| C 4:nan| C 5:nan| C 6:nan| C 7:nan| C 8:nan| C 9:nan| C 10:nan| C 11:nan
Epoch[260/500] | Loss:0.8829 |Acc: 61.6667|Pred Confidence: 0.55 | C 0:0.5928 | C 1:0.5177 | C 2:0.5395| C 3:nan| C 4:nan| C 5:nan| C 6:nan| C 7:nan| C 8:nan| C 9:nan| C 10:nan| C 11:nan
Epoch[261/500] | Loss:0.8821 |Acc: 61.6667|Pred Confidence: 0.55 | C 0:0.5934 | C 1:0.5183 | C 2:0.5403| C 3:nan| C 4:nan| C 5:nan| C 6:nan| C 7:nan| C 8:nan| C 9:nan| C 10:nan| C 11:nan
Epoch[262/500] | Loss:0.8814 |Acc: 61.6667|Pred Confidence: 0.55 | C 0:0.5939 | C 1:0.5188 | C 2:0.5412| C 3:nan| C 4:nan| C 5:nan| C 6:nan| C 7:nan| C 8:nan| C 9:nan| C 10:nan| C 11:nan
Epoch[263/500] | Loss:0.8806 |Acc: 61.6667|Pred Confidence: 0.55 | C 0:0.5944 | C 1:0.5194 | C 2:0.5421| C 3:nan| C 4:nan| C 5:nan| C 6:nan| C 7:nan| C 8:nan| C 9:nan| C 10:nan| C 11:nan
Epoch[264/500] | Loss:0.8799 |Acc: 61.6667|Pred Confidence: 0.55 | C 0:0.5949 | C 1:0.5200 | C 2:0.5430| C 3:nan| C 4:nan| C 5:nan| C 6:nan| C 7:nan| C 8:nan| C 9:nan| C 10:nan| C 11:nan
Epoch[265/500] | Loss:0.8791 |Acc: 61.6667|Pred Confidence: 0.55 | C 0:0.5954 | C 1:0.5206 | C 2:0.5438| C 3:nan| C 4:nan| C 5:nan| C 6:nan| C 7:nan| C 8:nan| C 9:nan| C 10:nan| C 11:nan
Epoch[266/500] | Loss:0.8784 |Acc: 63.3333|Pred Confidence: 0.55 | C 0:0.5960 | C 1:0.5212 | C 2:0.5361| C 3:nan| C 4:nan| C 5:nan| C 6:nan| C 7:nan| C 8:nan| C 9:nan| C 10:nan| C 11:nan
Epoch[267/500] | Loss:0.8776 |Acc: 63.3333|Pred Confidence: 0.55 | C 0:0.5965 | C 1:0.5218 | C 2:0.5370| C 3:nan| C 4:nan| C 5:nan| C 6:nan| C 7:nan| C 8:nan| C 9:nan| C 10:nan| C 11:nan
Epoch[268/500] | Loss:0.8769 |Acc: 63.3333|Pred Confidence: 0.55 | C 0:0.5970 | C 1:0.5223 | C 2:0.5378| C 3:nan| C 4:nan| C 5:nan| C 6:nan| C 7:nan| C 8:nan| C 9:nan| C 10:nan| C 11:nan
Epoch[269/500] | Loss:0.8761 |Acc: 63.3333|Pred Confidence: 0.55 | C 0:0.5975 | C 1:0.5229 | C 2:0.5386| C 3:nan| C 4:nan| C 5:nan| C 6:nan| C 7:nan| C 8:nan| C 9:nan| C 10:nan| C 11:nan
Epoch[270/500] | Loss:0.8754 |Acc: 63.3333|Pred Confidence: 0.55 | C 0:0.5980 | C 1:0.5235 | C 2:0.5395| C 3:nan| C 4:nan| C 5:nan| C 6:nan| C 7:nan| C 8:nan| C 9:nan| C 10:nan| C 11:nan
Epoch[271/500] | Loss:0.8747 |Acc: 63.3333|Pred Confidence: 0.55 | C 0:0.5985 | C 1:0.5240 | C 2:0.5403| C 3:nan| C 4:nan| C 5:nan| C 6:nan| C 7:nan| C 8:nan| C 9:nan| C 10:nan| C 11:nan
Epoch[272/500] | Loss:0.8739 |Acc: 63.3333|Pred Confidence: 0.55 | C 0:0.5990 | C 1:0.5246 | C 2:0.5411| C 3:nan| C 4:nan| C 5:nan| C 6:nan| C 7:nan| C 8:nan| C 9:nan| C 10:nan| C 11:nan
Epoch[273/500] | Loss:0.8732 |Acc: 63.3333|Pred Confidence: 0.56 | C 0:0.5995 | C 1:0.5252 | C 2:0.5419| C 3:nan| C 4:nan| C 5:nan| C 6:nan| C 7:nan| C 8:nan| C 9:nan| C 10:nan| C 11:nan
Epoch[274/500] | Loss:0.8725 |Acc: 63.3333|Pred Confidence: 0.56 | C 0:0.6000 | C 1:0.5257 | C 2:0.5427| C 3:nan| C 4:nan| C 5:nan| C 6:nan| C 7:nan| C 8:nan| C 9:nan| C 10:nan| C 11:nan
Epoch[275/500] | Loss:0.8718 |Acc: 63.3333|Pred Confidence: 0.56 | C 0:0.6005 | C 1:0.5263 | C 2:0.5435| C 3:nan| C 4:nan| C 5:nan| C 6:nan| C 7:nan| C 8:nan| C 9:nan| C 10:nan| C 11:nan
Epoch[276/500] | Loss:0.8711 |Acc: 63.3333|Pred Confidence: 0.56 | C 0:0.6010 | C 1:0.5268 | C 2:0.5443| C 3:nan| C 4:nan| C 5:nan| C 6:nan| C 7:nan| C 8:nan| C 9:nan| C 10:nan| C 11:nan
Epoch[277/500] | Loss:0.8704 |Acc: 63.3333|Pred Confidence: 0.56 | C 0:0.6015 | C 1:0.5274 | C 2:0.5451| C 3:nan| C 4:nan| C 5:nan| C 6:nan| C 7:nan| C 8:nan| C 9:nan| C 10:nan| C 11:nan
Epoch[278/500] | Loss:0.8697 |Acc: 63.3333|Pred Confidence: 0.56 | C 0:0.6020 | C 1:0.5279 | C 2:0.5459| C 3:nan| C 4:nan| C 5:nan| C 6:nan| C 7:nan| C 8:nan| C 9:nan| C 10:nan| C 11:nan
Epoch[279/500] | Loss:0.8690 |Acc: 63.3333|Pred Confidence: 0.56 | C 0:0.6024 | C 1:0.5285 | C 2:0.5467| C 3:nan| C 4:nan| C 5:nan| C 6:nan| C 7:nan| C 8:nan| C 9:nan| C 10:nan| C 11:nan
Epoch[280/500] | Loss:0.8683 |Acc: 63.3333|Pred Confidence: 0.56 | C 0:0.6029 | C 1:0.5290 | C 2:0.5475| C 3:nan| C 4:nan| C 5:nan| C 6:nan| C 7:nan| C 8:nan| C 9:nan| C 10:nan| C 11:nan
Epoch[281/500] | Loss:0.8676 |Acc: 63.3333|Pred Confidence: 0.56 | C 0:0.6034 | C 1:0.5296 | C 2:0.5483| C 3:nan| C 4:nan| C 5:nan| C 6:nan| C 7:nan| C 8:nan| C 9:nan| C 10:nan| C 11:nan
Epoch[282/500] | Loss:0.8669 |Acc: 63.3333|Pred Confidence: 0.56 | C 0:0.6039 | C 1:0.5301 | C 2:0.5491| C 3:nan| C 4:nan| C 5:nan| C 6:nan| C 7:nan| C 8:nan| C 9:nan| C 10:nan| C 11:nan
Epoch[283/500] | Loss:0.8662 |Acc: 63.3333|Pred Confidence: 0.56 | C 0:0.6044 | C 1:0.5307 | C 2:0.5498| C 3:nan| C 4:nan| C 5:nan| C 6:nan| C 7:nan| C 8:nan| C 9:nan| C 10:nan| C 11:nan
Epoch[284/500] | Loss:0.8655 |Acc: 63.3333|Pred Confidence: 0.56 | C 0:0.6048 | C 1:0.5312 | C 2:0.5506| C 3:nan| C 4:nan| C 5:nan| C 6:nan| C 7:nan| C 8:nan| C 9:nan| C 10:nan| C 11:nan
Epoch[285/500] | Loss:0.8648 |Acc: 63.3333|Pred Confidence: 0.56 | C 0:0.6053 | C 1:0.5317 | C 2:0.5514| C 3:nan| C 4:nan| C 5:nan| C 6:nan| C 7:nan| C 8:nan| C 9:nan| C 10:nan| C 11:nan
Epoch[286/500] | Loss:0.8642 |Acc: 63.3333|Pred Confidence: 0.56 | C 0:0.6058 | C 1:0.5323 | C 2:0.5522| C 3:nan| C 4:nan| C 5:nan| C 6:nan| C 7:nan| C 8:nan| C 9:nan| C 10:nan| C 11:nan
Epoch[287/500] | Loss:0.8635 |Acc: 63.3333|Pred Confidence: 0.56 | C 0:0.6063 | C 1:0.5328 | C 2:0.5529| C 3:nan| C 4:nan| C 5:nan| C 6:nan| C 7:nan| C 8:nan| C 9:nan| C 10:nan| C 11:nan
Epoch[288/500] | Loss:0.8628 |Acc: 63.3333|Pred Confidence: 0.56 | C 0:0.6067 | C 1:0.5333 | C 2:0.5537| C 3:nan| C 4:nan| C 5:nan| C 6:nan| C 7:nan| C 8:nan| C 9:nan| C 10:nan| C 11:nan
Epoch[289/500] | Loss:0.8622 |Acc: 63.3333|Pred Confidence: 0.57 | C 0:0.6072 | C 1:0.5339 | C 2:0.5544| C 3:nan| C 4:nan| C 5:nan| C 6:nan| C 7:nan| C 8:nan| C 9:nan| C 10:nan| C 11:nan
Epoch[290/500] | Loss:0.8615 |Acc: 63.3333|Pred Confidence: 0.57 | C 0:0.6077 | C 1:0.5344 | C 2:0.5552| C 3:nan| C 4:nan| C 5:nan| C 6:nan| C 7:nan| C 8:nan| C 9:nan| C 10:nan| C 11:nan
Epoch[291/500] | Loss:0.8608 |Acc: 63.3333|Pred Confidence: 0.57 | C 0:0.6081 | C 1:0.5349 | C 2:0.5560| C 3:nan| C 4:nan| C 5:nan| C 6:nan| C 7:nan| C 8:nan| C 9:nan| C 10:nan| C 11:nan
Epoch[292/500] | Loss:0.8602 |Acc: 63.3333|Pred Confidence: 0.57 | C 0:0.6086 | C 1:0.5354 | C 2:0.5567| C 3:nan| C 4:nan| C 5:nan| C 6:nan| C 7:nan| C 8:nan| C 9:nan| C 10:nan| C 11:nan
Epoch[293/500] | Loss:0.8595 |Acc: 63.3333|Pred Confidence: 0.57 | C 0:0.6091 | C 1:0.5360 | C 2:0.5574| C 3:nan| C 4:nan| C 5:nan| C 6:nan| C 7:nan| C 8:nan| C 9:nan| C 10:nan| C 11:nan
Epoch[294/500] | Loss:0.8589 |Acc: 63.3333|Pred Confidence: 0.57 | C 0:0.6095 | C 1:0.5365 | C 2:0.5582| C 3:nan| C 4:nan| C 5:nan| C 6:nan| C 7:nan| C 8:nan| C 9:nan| C 10:nan| C 11:nan
Epoch[295/500] | Loss:0.8582 |Acc: 63.3333|Pred Confidence: 0.57 | C 0:0.6100 | C 1:0.5370 | C 2:0.5589| C 3:nan| C 4:nan| C 5:nan| C 6:nan| C 7:nan| C 8:nan| C 9:nan| C 10:nan| C 11:nan
Epoch[296/500] | Loss:0.8576 |Acc: 63.3333|Pred Confidence: 0.57 | C 0:0.6104 | C 1:0.5375 | C 2:0.5597| C 3:nan| C 4:nan| C 5:nan| C 6:nan| C 7:nan| C 8:nan| C 9:nan| C 10:nan| C 11:nan
Epoch[297/500] | Loss:0.8569 |Acc: 63.3333|Pred Confidence: 0.57 | C 0:0.6109 | C 1:0.5380 | C 2:0.5604| C 3:nan| C 4:nan| C 5:nan| C 6:nan| C 7:nan| C 8:nan| C 9:nan| C 10:nan| C 11:nan
Epoch[298/500] | Loss:0.8563 |Acc: 63.3333|Pred Confidence: 0.57 | C 0:0.6113 | C 1:0.5385 | C 2:0.5611| C 3:nan| C 4:nan| C 5:nan| C 6:nan| C 7:nan| C 8:nan| C 9:nan| C 10:nan| C 11:nan
Epoch[299/500] | Loss:0.8557 |Acc: 63.3333|Pred Confidence: 0.57 | C 0:0.6118 | C 1:0.5390 | C 2:0.5619| C 3:nan| C 4:nan| C 5:nan| C 6:nan| C 7:nan| C 8:nan| C 9:nan| C 10:nan| C 11:nan
Epoch[300/500] | Loss:0.8550 |Acc: 63.3333|Pred Confidence: 0.57 | C 0:0.6122 | C 1:0.5395 | C 2:0.5626| C 3:nan| C 4:nan| C 5:nan| C 6:nan| C 7:nan| C 8:nan| C 9:nan| C 10:nan| C 11:nan
Epoch[301/500] | Loss:0.8544 |Acc: 63.3333|Pred Confidence: 0.57 | C 0:0.6127 | C 1:0.5400 | C 2:0.5633| C 3:nan| C 4:nan| C 5:nan| C 6:nan| C 7:nan| C 8:nan| C 9:nan| C 10:nan| C 11:nan
Epoch[302/500] | Loss:0.8538 |Acc: 63.3333|Pred Confidence: 0.57 | C 0:0.6131 | C 1:0.5405 | C 2:0.5640| C 3:nan| C 4:nan| C 5:nan| C 6:nan| C 7:nan| C 8:nan| C 9:nan| C 10:nan| C 11:nan
Epoch[303/500] | Loss:0.8531 |Acc: 63.3333|Pred Confidence: 0.57 | C 0:0.6136 | C 1:0.5410 | C 2:0.5647| C 3:nan| C 4:nan| C 5:nan| C 6:nan| C 7:nan| C 8:nan| C 9:nan| C 10:nan| C 11:nan
Epoch[304/500] | Loss:0.8525 |Acc: 63.3333|Pred Confidence: 0.57 | C 0:0.6140 | C 1:0.5415 | C 2:0.5654| C 3:nan| C 4:nan| C 5:nan| C 6:nan| C 7:nan| C 8:nan| C 9:nan| C 10:nan| C 11:nan
Epoch[305/500] | Loss:0.8519 |Acc: 63.3333|Pred Confidence: 0.57 | C 0:0.6144 | C 1:0.5420 | C 2:0.5662| C 3:nan| C 4:nan| C 5:nan| C 6:nan| C 7:nan| C 8:nan| C 9:nan| C 10:nan| C 11:nan
Epoch[306/500] | Loss:0.8513 |Acc: 63.3333|Pred Confidence: 0.57 | C 0:0.6149 | C 1:0.5425 | C 2:0.5669| C 3:nan| C 4:nan| C 5:nan| C 6:nan| C 7:nan| C 8:nan| C 9:nan| C 10:nan| C 11:nan
Epoch[307/500] | Loss:0.8507 |Acc: 63.3333|Pred Confidence: 0.58 | C 0:0.6153 | C 1:0.5430 | C 2:0.5676| C 3:nan| C 4:nan| C 5:nan| C 6:nan| C 7:nan| C 8:nan| C 9:nan| C 10:nan| C 11:nan
Epoch[308/500] | Loss:0.8501 |Acc: 63.3333|Pred Confidence: 0.58 | C 0:0.6157 | C 1:0.5435 | C 2:0.5683| C 3:nan| C 4:nan| C 5:nan| C 6:nan| C 7:nan| C 8:nan| C 9:nan| C 10:nan| C 11:nan
Epoch[309/500] | Loss:0.8495 |Acc: 63.3333|Pred Confidence: 0.58 | C 0:0.6162 | C 1:0.5440 | C 2:0.5690| C 3:nan| C 4:nan| C 5:nan| C 6:nan| C 7:nan| C 8:nan| C 9:nan| C 10:nan| C 11:nan
Epoch[310/500] | Loss:0.8488 |Acc: 63.3333|Pred Confidence: 0.58 | C 0:0.6166 | C 1:0.5445 | C 2:0.5696| C 3:nan| C 4:nan| C 5:nan| C 6:nan| C 7:nan| C 8:nan| C 9:nan| C 10:nan| C 11:nan
Epoch[311/500] | Loss:0.8482 |Acc: 63.3333|Pred Confidence: 0.58 | C 0:0.6170 | C 1:0.5449 | C 2:0.5703| C 3:nan| C 4:nan| C 5:nan| C 6:nan| C 7:nan| C 8:nan| C 9:nan| C 10:nan| C 11:nan
Epoch[312/500] | Loss:0.8476 |Acc: 63.3333|Pred Confidence: 0.58 | C 0:0.6174 | C 1:0.5454 | C 2:0.5710| C 3:nan| C 4:nan| C 5:nan| C 6:nan| C 7:nan| C 8:nan| C 9:nan| C 10:nan| C 11:nan
Epoch[313/500] | Loss:0.8470 |Acc: 63.3333|Pred Confidence: 0.58 | C 0:0.6179 | C 1:0.5459 | C 2:0.5717| C 3:nan| C 4:nan| C 5:nan| C 6:nan| C 7:nan| C 8:nan| C 9:nan| C 10:nan| C 11:nan
Epoch[314/500] | Loss:0.8464 |Acc: 63.3333|Pred Confidence: 0.58 | C 0:0.6183 | C 1:0.5464 | C 2:0.5724| C 3:nan| C 4:nan| C 5:nan| C 6:nan| C 7:nan| C 8:nan| C 9:nan| C 10:nan| C 11:nan
Epoch[315/500] | Loss:0.8459 |Acc: 63.3333|Pred Confidence: 0.58 | C 0:0.6187 | C 1:0.5469 | C 2:0.5731| C 3:nan| C 4:nan| C 5:nan| C 6:nan| C 7:nan| C 8:nan| C 9:nan| C 10:nan| C 11:nan
Epoch[316/500] | Loss:0.8453 |Acc: 63.3333|Pred Confidence: 0.58 | C 0:0.6191 | C 1:0.5473 | C 2:0.5737| C 3:nan| C 4:nan| C 5:nan| C 6:nan| C 7:nan| C 8:nan| C 9:nan| C 10:nan| C 11:nan
Epoch[317/500] | Loss:0.8447 |Acc: 63.3333|Pred Confidence: 0.58 | C 0:0.6196 | C 1:0.5478 | C 2:0.5744| C 3:nan| C 4:nan| C 5:nan| C 6:nan| C 7:nan| C 8:nan| C 9:nan| C 10:nan| C 11:nan
Epoch[318/500] | Loss:0.8441 |Acc: 63.3333|Pred Confidence: 0.58 | C 0:0.6200 | C 1:0.5483 | C 2:0.5751| C 3:nan| C 4:nan| C 5:nan| C 6:nan| C 7:nan| C 8:nan| C 9:nan| C 10:nan| C 11:nan
Epoch[319/500] | Loss:0.8435 |Acc: 63.3333|Pred Confidence: 0.58 | C 0:0.6204 | C 1:0.5487 | C 2:0.5758| C 3:nan| C 4:nan| C 5:nan| C 6:nan| C 7:nan| C 8:nan| C 9:nan| C 10:nan| C 11:nan
Epoch[320/500] | Loss:0.8429 |Acc: 63.3333|Pred Confidence: 0.58 | C 0:0.6208 | C 1:0.5492 | C 2:0.5764| C 3:nan| C 4:nan| C 5:nan| C 6:nan| C 7:nan| C 8:nan| C 9:nan| C 10:nan| C 11:nan
Epoch[321/500] | Loss:0.8423 |Acc: 63.3333|Pred Confidence: 0.58 | C 0:0.6212 | C 1:0.5497 | C 2:0.5771| C 3:nan| C 4:nan| C 5:nan| C 6:nan| C 7:nan| C 8:nan| C 9:nan| C 10:nan| C 11:nan
Epoch[322/500] | Loss:0.8418 |Acc: 63.3333|Pred Confidence: 0.58 | C 0:0.6216 | C 1:0.5501 | C 2:0.5777| C 3:nan| C 4:nan| C 5:nan| C 6:nan| C 7:nan| C 8:nan| C 9:nan| C 10:nan| C 11:nan
Epoch[323/500] | Loss:0.8412 |Acc: 63.3333|Pred Confidence: 0.58 | C 0:0.6220 | C 1:0.5506 | C 2:0.5784| C 3:nan| C 4:nan| C 5:nan| C 6:nan| C 7:nan| C 8:nan| C 9:nan| C 10:nan| C 11:nan
Epoch[324/500] | Loss:0.8406 |Acc: 63.3333|Pred Confidence: 0.58 | C 0:0.6224 | C 1:0.5511 | C 2:0.5791| C 3:nan| C 4:nan| C 5:nan| C 6:nan| C 7:nan| C 8:nan| C 9:nan| C 10:nan| C 11:nan
Epoch[325/500] | Loss:0.8401 |Acc: 63.3333|Pred Confidence: 0.58 | C 0:0.6228 | C 1:0.5515 | C 2:0.5797| C 3:nan| C 4:nan| C 5:nan| C 6:nan| C 7:nan| C 8:nan| C 9:nan| C 10:nan| C 11:nan
Epoch[326/500] | Loss:0.8395 |Acc: 63.3333|Pred Confidence: 0.59 | C 0:0.6232 | C 1:0.5520 | C 2:0.5803| C 3:nan| C 4:nan| C 5:nan| C 6:nan| C 7:nan| C 8:nan| C 9:nan| C 10:nan| C 11:nan
Epoch[327/500] | Loss:0.8389 |Acc: 63.3333|Pred Confidence: 0.59 | C 0:0.6236 | C 1:0.5524 | C 2:0.5810| C 3:nan| C 4:nan| C 5:nan| C 6:nan| C 7:nan| C 8:nan| C 9:nan| C 10:nan| C 11:nan
Epoch[328/500] | Loss:0.8384 |Acc: 63.3333|Pred Confidence: 0.59 | C 0:0.6240 | C 1:0.5529 | C 2:0.5816| C 3:nan| C 4:nan| C 5:nan| C 6:nan| C 7:nan| C 8:nan| C 9:nan| C 10:nan| C 11:nan
Epoch[329/500] | Loss:0.8378 |Acc: 63.3333|Pred Confidence: 0.59 | C 0:0.6244 | C 1:0.5533 | C 2:0.5823| C 3:nan| C 4:nan| C 5:nan| C 6:nan| C 7:nan| C 8:nan| C 9:nan| C 10:nan| C 11:nan
Epoch[330/500] | Loss:0.8372 |Acc: 63.3333|Pred Confidence: 0.59 | C 0:0.6248 | C 1:0.5538 | C 2:0.5829| C 3:nan| C 4:nan| C 5:nan| C 6:nan| C 7:nan| C 8:nan| C 9:nan| C 10:nan| C 11:nan
Epoch[331/500] | Loss:0.8367 |Acc: 63.3333|Pred Confidence: 0.59 | C 0:0.6252 | C 1:0.5542 | C 2:0.5835| C 3:nan| C 4:nan| C 5:nan| C 6:nan| C 7:nan| C 8:nan| C 9:nan| C 10:nan| C 11:nan
Epoch[332/500] | Loss:0.8361 |Acc: 63.3333|Pred Confidence: 0.59 | C 0:0.6256 | C 1:0.5547 | C 2:0.5842| C 3:nan| C 4:nan| C 5:nan| C 6:nan| C 7:nan| C 8:nan| C 9:nan| C 10:nan| C 11:nan
Epoch[333/500] | Loss:0.8356 |Acc: 63.3333|Pred Confidence: 0.59 | C 0:0.6260 | C 1:0.5551 | C 2:0.5848| C 3:nan| C 4:nan| C 5:nan| C 6:nan| C 7:nan| C 8:nan| C 9:nan| C 10:nan| C 11:nan
Epoch[334/500] | Loss:0.8350 |Acc: 63.3333|Pred Confidence: 0.59 | C 0:0.6264 | C 1:0.5556 | C 2:0.5854| C 3:nan| C 4:nan| C 5:nan| C 6:nan| C 7:nan| C 8:nan| C 9:nan| C 10:nan| C 11:nan
Epoch[335/500] | Loss:0.8345 |Acc: 63.3333|Pred Confidence: 0.59 | C 0:0.6268 | C 1:0.5560 | C 2:0.5861| C 3:nan| C 4:nan| C 5:nan| C 6:nan| C 7:nan| C 8:nan| C 9:nan| C 10:nan| C 11:nan
Epoch[336/500] | Loss:0.8339 |Acc: 63.3333|Pred Confidence: 0.59 | C 0:0.6272 | C 1:0.5565 | C 2:0.5867| C 3:nan| C 4:nan| C 5:nan| C 6:nan| C 7:nan| C 8:nan| C 9:nan| C 10:nan| C 11:nan
Epoch[337/500] | Loss:0.8334 |Acc: 63.3333|Pred Confidence: 0.59 | C 0:0.6276 | C 1:0.5569 | C 2:0.5873| C 3:nan| C 4:nan| C 5:nan| C 6:nan| C 7:nan| C 8:nan| C 9:nan| C 10:nan| C 11:nan
Epoch[338/500] | Loss:0.8329 |Acc: 63.3333|Pred Confidence: 0.59 | C 0:0.6279 | C 1:0.5573 | C 2:0.5879| C 3:nan| C 4:nan| C 5:nan| C 6:nan| C 7:nan| C 8:nan| C 9:nan| C 10:nan| C 11:nan
Epoch[339/500] | Loss:0.8323 |Acc: 63.3333|Pred Confidence: 0.59 | C 0:0.6283 | C 1:0.5578 | C 2:0.5885| C 3:nan| C 4:nan| C 5:nan| C 6:nan| C 7:nan| C 8:nan| C 9:nan| C 10:nan| C 11:nan
Epoch[340/500] | Loss:0.8318 |Acc: 63.3333|Pred Confidence: 0.59 | C 0:0.6287 | C 1:0.5582 | C 2:0.5891| C 3:nan| C 4:nan| C 5:nan| C 6:nan| C 7:nan| C 8:nan| C 9:nan| C 10:nan| C 11:nan
Epoch[341/500] | Loss:0.8313 |Acc: 63.3333|Pred Confidence: 0.59 | C 0:0.6291 | C 1:0.5586 | C 2:0.5898| C 3:nan| C 4:nan| C 5:nan| C 6:nan| C 7:nan| C 8:nan| C 9:nan| C 10:nan| C 11:nan
Epoch[342/500] | Loss:0.8307 |Acc: 63.3333|Pred Confidence: 0.59 | C 0:0.6295 | C 1:0.5591 | C 2:0.5904| C 3:nan| C 4:nan| C 5:nan| C 6:nan| C 7:nan| C 8:nan| C 9:nan| C 10:nan| C 11:nan
Epoch[343/500] | Loss:0.8302 |Acc: 63.3333|Pred Confidence: 0.59 | C 0:0.6299 | C 1:0.5595 | C 2:0.5910| C 3:nan| C 4:nan| C 5:nan| C 6:nan| C 7:nan| C 8:nan| C 9:nan| C 10:nan| C 11:nan
Epoch[344/500] | Loss:0.8297 |Acc: 63.3333|Pred Confidence: 0.59 | C 0:0.6302 | C 1:0.5599 | C 2:0.5916| C 3:nan| C 4:nan| C 5:nan| C 6:nan| C 7:nan| C 8:nan| C 9:nan| C 10:nan| C 11:nan
Epoch[345/500] | Loss:0.8291 |Acc: 63.3333|Pred Confidence: 0.59 | C 0:0.6306 | C 1:0.5604 | C 2:0.5922| C 3:nan| C 4:nan| C 5:nan| C 6:nan| C 7:nan| C 8:nan| C 9:nan| C 10:nan| C 11:nan
Epoch[346/500] | Loss:0.8286 |Acc: 65.0000|Pred Confidence: 0.59 | C 0:0.6310 | C 1:0.5527 | C 2:0.5928| C 3:nan| C 4:nan| C 5:nan| C 6:nan| C 7:nan| C 8:nan| C 9:nan| C 10:nan| C 11:nan
Epoch[347/500] | Loss:0.8281 |Acc: 65.0000|Pred Confidence: 0.59 | C 0:0.6313 | C 1:0.5531 | C 2:0.5934| C 3:nan| C 4:nan| C 5:nan| C 6:nan| C 7:nan| C 8:nan| C 9:nan| C 10:nan| C 11:nan
Epoch[348/500] | Loss:0.8276 |Acc: 65.0000|Pred Confidence: 0.59 | C 0:0.6317 | C 1:0.5535 | C 2:0.5939| C 3:nan| C 4:nan| C 5:nan| C 6:nan| C 7:nan| C 8:nan| C 9:nan| C 10:nan| C 11:nan
Epoch[349/500] | Loss:0.8271 |Acc: 65.0000|Pred Confidence: 0.59 | C 0:0.6321 | C 1:0.5540 | C 2:0.5945| C 3:nan| C 4:nan| C 5:nan| C 6:nan| C 7:nan| C 8:nan| C 9:nan| C 10:nan| C 11:nan
Epoch[350/500] | Loss:0.8265 |Acc: 65.0000|Pred Confidence: 0.59 | C 0:0.6325 | C 1:0.5544 | C 2:0.5951| C 3:nan| C 4:nan| C 5:nan| C 6:nan| C 7:nan| C 8:nan| C 9:nan| C 10:nan| C 11:nan
Epoch[351/500] | Loss:0.8260 |Acc: 65.0000|Pred Confidence: 0.59 | C 0:0.6328 | C 1:0.5548 | C 2:0.5957| C 3:nan| C 4:nan| C 5:nan| C 6:nan| C 7:nan| C 8:nan| C 9:nan| C 10:nan| C 11:nan
Epoch[352/500] | Loss:0.8255 |Acc: 65.0000|Pred Confidence: 0.59 | C 0:0.6332 | C 1:0.5552 | C 2:0.5963| C 3:nan| C 4:nan| C 5:nan| C 6:nan| C 7:nan| C 8:nan| C 9:nan| C 10:nan| C 11:nan
Epoch[353/500] | Loss:0.8250 |Acc: 65.0000|Pred Confidence: 0.60 | C 0:0.6335 | C 1:0.5556 | C 2:0.5969| C 3:nan| C 4:nan| C 5:nan| C 6:nan| C 7:nan| C 8:nan| C 9:nan| C 10:nan| C 11:nan
Epoch[354/500] | Loss:0.8245 |Acc: 65.0000|Pred Confidence: 0.60 | C 0:0.6339 | C 1:0.5561 | C 2:0.5974| C 3:nan| C 4:nan| C 5:nan| C 6:nan| C 7:nan| C 8:nan| C 9:nan| C 10:nan| C 11:nan
Epoch[355/500] | Loss:0.8240 |Acc: 65.0000|Pred Confidence: 0.60 | C 0:0.6343 | C 1:0.5565 | C 2:0.5980| C 3:nan| C 4:nan| C 5:nan| C 6:nan| C 7:nan| C 8:nan| C 9:nan| C 10:nan| C 11:nan
Epoch[356/500] | Loss:0.8235 |Acc: 65.0000|Pred Confidence: 0.60 | C 0:0.6346 | C 1:0.5569 | C 2:0.5986| C 3:nan| C 4:nan| C 5:nan| C 6:nan| C 7:nan| C 8:nan| C 9:nan| C 10:nan| C 11:nan
Epoch[357/500] | Loss:0.8230 |Acc: 65.0000|Pred Confidence: 0.60 | C 0:0.6350 | C 1:0.5573 | C 2:0.5992| C 3:nan| C 4:nan| C 5:nan| C 6:nan| C 7:nan| C 8:nan| C 9:nan| C 10:nan| C 11:nan
Epoch[358/500] | Loss:0.8225 |Acc: 65.0000|Pred Confidence: 0.60 | C 0:0.6353 | C 1:0.5577 | C 2:0.5997| C 3:nan| C 4:nan| C 5:nan| C 6:nan| C 7:nan| C 8:nan| C 9:nan| C 10:nan| C 11:nan
Epoch[359/500] | Loss:0.8220 |Acc: 65.0000|Pred Confidence: 0.60 | C 0:0.6357 | C 1:0.5581 | C 2:0.6003| C 3:nan| C 4:nan| C 5:nan| C 6:nan| C 7:nan| C 8:nan| C 9:nan| C 10:nan| C 11:nan
Epoch[360/500] | Loss:0.8215 |Acc: 65.0000|Pred Confidence: 0.60 | C 0:0.6361 | C 1:0.5585 | C 2:0.6009| C 3:nan| C 4:nan| C 5:nan| C 6:nan| C 7:nan| C 8:nan| C 9:nan| C 10:nan| C 11:nan
Epoch[361/500] | Loss:0.8210 |Acc: 65.0000|Pred Confidence: 0.60 | C 0:0.6364 | C 1:0.5590 | C 2:0.6014| C 3:nan| C 4:nan| C 5:nan| C 6:nan| C 7:nan| C 8:nan| C 9:nan| C 10:nan| C 11:nan
Epoch[362/500] | Loss:0.8205 |Acc: 65.0000|Pred Confidence: 0.60 | C 0:0.6368 | C 1:0.5594 | C 2:0.6020| C 3:nan| C 4:nan| C 5:nan| C 6:nan| C 7:nan| C 8:nan| C 9:nan| C 10:nan| C 11:nan
Epoch[363/500] | Loss:0.8200 |Acc: 65.0000|Pred Confidence: 0.60 | C 0:0.6371 | C 1:0.5598 | C 2:0.6025| C 3:nan| C 4:nan| C 5:nan| C 6:nan| C 7:nan| C 8:nan| C 9:nan| C 10:nan| C 11:nan
Epoch[364/500] | Loss:0.8195 |Acc: 65.0000|Pred Confidence: 0.60 | C 0:0.6375 | C 1:0.5602 | C 2:0.6031| C 3:nan| C 4:nan| C 5:nan| C 6:nan| C 7:nan| C 8:nan| C 9:nan| C 10:nan| C 11:nan
Epoch[365/500] | Loss:0.8190 |Acc: 65.0000|Pred Confidence: 0.60 | C 0:0.6378 | C 1:0.5606 | C 2:0.6037| C 3:nan| C 4:nan| C 5:nan| C 6:nan| C 7:nan| C 8:nan| C 9:nan| C 10:nan| C 11:nan
Epoch[366/500] | Loss:0.8185 |Acc: 65.0000|Pred Confidence: 0.60 | C 0:0.6381 | C 1:0.5610 | C 2:0.6042| C 3:nan| C 4:nan| C 5:nan| C 6:nan| C 7:nan| C 8:nan| C 9:nan| C 10:nan| C 11:nan
Epoch[367/500] | Loss:0.8180 |Acc: 65.0000|Pred Confidence: 0.60 | C 0:0.6385 | C 1:0.5614 | C 2:0.6048| C 3:nan| C 4:nan| C 5:nan| C 6:nan| C 7:nan| C 8:nan| C 9:nan| C 10:nan| C 11:nan
Epoch[368/500] | Loss:0.8175 |Acc: 65.0000|Pred Confidence: 0.60 | C 0:0.6388 | C 1:0.5618 | C 2:0.6053| C 3:nan| C 4:nan| C 5:nan| C 6:nan| C 7:nan| C 8:nan| C 9:nan| C 10:nan| C 11:nan
Epoch[369/500] | Loss:0.8171 |Acc: 65.0000|Pred Confidence: 0.60 | C 0:0.6392 | C 1:0.5622 | C 2:0.6058| C 3:nan| C 4:nan| C 5:nan| C 6:nan| C 7:nan| C 8:nan| C 9:nan| C 10:nan| C 11:nan
Epoch[370/500] | Loss:0.8166 |Acc: 65.0000|Pred Confidence: 0.60 | C 0:0.6395 | C 1:0.5626 | C 2:0.6064| C 3:nan| C 4:nan| C 5:nan| C 6:nan| C 7:nan| C 8:nan| C 9:nan| C 10:nan| C 11:nan
Epoch[371/500] | Loss:0.8161 |Acc: 65.0000|Pred Confidence: 0.60 | C 0:0.6399 | C 1:0.5630 | C 2:0.6069| C 3:nan| C 4:nan| C 5:nan| C 6:nan| C 7:nan| C 8:nan| C 9:nan| C 10:nan| C 11:nan
Epoch[372/500] | Loss:0.8156 |Acc: 65.0000|Pred Confidence: 0.60 | C 0:0.6402 | C 1:0.5634 | C 2:0.6075| C 3:nan| C 4:nan| C 5:nan| C 6:nan| C 7:nan| C 8:nan| C 9:nan| C 10:nan| C 11:nan
Epoch[373/500] | Loss:0.8151 |Acc: 65.0000|Pred Confidence: 0.60 | C 0:0.6405 | C 1:0.5638 | C 2:0.6080| C 3:nan| C 4:nan| C 5:nan| C 6:nan| C 7:nan| C 8:nan| C 9:nan| C 10:nan| C 11:nan
Epoch[374/500] | Loss:0.8147 |Acc: 65.0000|Pred Confidence: 0.60 | C 0:0.6409 | C 1:0.5642 | C 2:0.6085| C 3:nan| C 4:nan| C 5:nan| C 6:nan| C 7:nan| C 8:nan| C 9:nan| C 10:nan| C 11:nan
Epoch[375/500] | Loss:0.8142 |Acc: 65.0000|Pred Confidence: 0.60 | C 0:0.6412 | C 1:0.5645 | C 2:0.6091| C 3:nan| C 4:nan| C 5:nan| C 6:nan| C 7:nan| C 8:nan| C 9:nan| C 10:nan| C 11:nan
Epoch[376/500] | Loss:0.8137 |Acc: 65.0000|Pred Confidence: 0.61 | C 0:0.6415 | C 1:0.5649 | C 2:0.6096| C 3:nan| C 4:nan| C 5:nan| C 6:nan| C 7:nan| C 8:nan| C 9:nan| C 10:nan| C 11:nan
Epoch[377/500] | Loss:0.8133 |Acc: 65.0000|Pred Confidence: 0.61 | C 0:0.6419 | C 1:0.5653 | C 2:0.6101| C 3:nan| C 4:nan| C 5:nan| C 6:nan| C 7:nan| C 8:nan| C 9:nan| C 10:nan| C 11:nan
Epoch[378/500] | Loss:0.8128 |Acc: 65.0000|Pred Confidence: 0.61 | C 0:0.6422 | C 1:0.5657 | C 2:0.6106| C 3:nan| C 4:nan| C 5:nan| C 6:nan| C 7:nan| C 8:nan| C 9:nan| C 10:nan| C 11:nan
Epoch[379/500] | Loss:0.8123 |Acc: 65.0000|Pred Confidence: 0.61 | C 0:0.6425 | C 1:0.5661 | C 2:0.6112| C 3:nan| C 4:nan| C 5:nan| C 6:nan| C 7:nan| C 8:nan| C 9:nan| C 10:nan| C 11:nan
Epoch[380/500] | Loss:0.8118 |Acc: 65.0000|Pred Confidence: 0.61 | C 0:0.6429 | C 1:0.5665 | C 2:0.6117| C 3:nan| C 4:nan| C 5:nan| C 6:nan| C 7:nan| C 8:nan| C 9:nan| C 10:nan| C 11:nan
Epoch[381/500] | Loss:0.8114 |Acc: 66.6667|Pred Confidence: 0.60 | C 0:0.6339 | C 1:0.5669 | C 2:0.6122| C 3:nan| C 4:nan| C 5:nan| C 6:nan| C 7:nan| C 8:nan| C 9:nan| C 10:nan| C 11:nan
Epoch[382/500] | Loss:0.8109 |Acc: 66.6667|Pred Confidence: 0.60 | C 0:0.6342 | C 1:0.5672 | C 2:0.6127| C 3:nan| C 4:nan| C 5:nan| C 6:nan| C 7:nan| C 8:nan| C 9:nan| C 10:nan| C 11:nan
Epoch[383/500] | Loss:0.8105 |Acc: 66.6667|Pred Confidence: 0.61 | C 0:0.6345 | C 1:0.5676 | C 2:0.6132| C 3:nan| C 4:nan| C 5:nan| C 6:nan| C 7:nan| C 8:nan| C 9:nan| C 10:nan| C 11:nan
Epoch[384/500] | Loss:0.8100 |Acc: 66.6667|Pred Confidence: 0.61 | C 0:0.6348 | C 1:0.5680 | C 2:0.6138| C 3:nan| C 4:nan| C 5:nan| C 6:nan| C 7:nan| C 8:nan| C 9:nan| C 10:nan| C 11:nan
Epoch[385/500] | Loss:0.8095 |Acc: 66.6667|Pred Confidence: 0.61 | C 0:0.6351 | C 1:0.5684 | C 2:0.6143| C 3:nan| C 4:nan| C 5:nan| C 6:nan| C 7:nan| C 8:nan| C 9:nan| C 10:nan| C 11:nan
Epoch[386/500] | Loss:0.8091 |Acc: 66.6667|Pred Confidence: 0.61 | C 0:0.6354 | C 1:0.5688 | C 2:0.6148| C 3:nan| C 4:nan| C 5:nan| C 6:nan| C 7:nan| C 8:nan| C 9:nan| C 10:nan| C 11:nan
Epoch[387/500] | Loss:0.8086 |Acc: 66.6667|Pred Confidence: 0.61 | C 0:0.6357 | C 1:0.5691 | C 2:0.6153| C 3:nan| C 4:nan| C 5:nan| C 6:nan| C 7:nan| C 8:nan| C 9:nan| C 10:nan| C 11:nan
Epoch[388/500] | Loss:0.8082 |Acc: 66.6667|Pred Confidence: 0.61 | C 0:0.6360 | C 1:0.5695 | C 2:0.6158| C 3:nan| C 4:nan| C 5:nan| C 6:nan| C 7:nan| C 8:nan| C 9:nan| C 10:nan| C 11:nan
Epoch[389/500] | Loss:0.8077 |Acc: 66.6667|Pred Confidence: 0.61 | C 0:0.6364 | C 1:0.5699 | C 2:0.6163| C 3:nan| C 4:nan| C 5:nan| C 6:nan| C 7:nan| C 8:nan| C 9:nan| C 10:nan| C 11:nan
Epoch[390/500] | Loss:0.8073 |Acc: 66.6667|Pred Confidence: 0.61 | C 0:0.6367 | C 1:0.5702 | C 2:0.6168| C 3:nan| C 4:nan| C 5:nan| C 6:nan| C 7:nan| C 8:nan| C 9:nan| C 10:nan| C 11:nan
Epoch[391/500] | Loss:0.8068 |Acc: 66.6667|Pred Confidence: 0.61 | C 0:0.6370 | C 1:0.5706 | C 2:0.6173| C 3:nan| C 4:nan| C 5:nan| C 6:nan| C 7:nan| C 8:nan| C 9:nan| C 10:nan| C 11:nan
Epoch[392/500] | Loss:0.8064 |Acc: 66.6667|Pred Confidence: 0.61 | C 0:0.6373 | C 1:0.5710 | C 2:0.6178| C 3:nan| C 4:nan| C 5:nan| C 6:nan| C 7:nan| C 8:nan| C 9:nan| C 10:nan| C 11:nan
Epoch[393/500] | Loss:0.8059 |Acc: 66.6667|Pred Confidence: 0.61 | C 0:0.6376 | C 1:0.5714 | C 2:0.6183| C 3:nan| C 4:nan| C 5:nan| C 6:nan| C 7:nan| C 8:nan| C 9:nan| C 10:nan| C 11:nan
Epoch[394/500] | Loss:0.8055 |Acc: 66.6667|Pred Confidence: 0.61 | C 0:0.6379 | C 1:0.5717 | C 2:0.6188| C 3:nan| C 4:nan| C 5:nan| C 6:nan| C 7:nan| C 8:nan| C 9:nan| C 10:nan| C 11:nan
Epoch[395/500] | Loss:0.8050 |Acc: 66.6667|Pred Confidence: 0.61 | C 0:0.6382 | C 1:0.5721 | C 2:0.6193| C 3:nan| C 4:nan| C 5:nan| C 6:nan| C 7:nan| C 8:nan| C 9:nan| C 10:nan| C 11:nan
Epoch[396/500] | Loss:0.8046 |Acc: 66.6667|Pred Confidence: 0.61 | C 0:0.6385 | C 1:0.5725 | C 2:0.6198| C 3:nan| C 4:nan| C 5:nan| C 6:nan| C 7:nan| C 8:nan| C 9:nan| C 10:nan| C 11:nan
Epoch[397/500] | Loss:0.8041 |Acc: 66.6667|Pred Confidence: 0.61 | C 0:0.6388 | C 1:0.5728 | C 2:0.6203| C 3:nan| C 4:nan| C 5:nan| C 6:nan| C 7:nan| C 8:nan| C 9:nan| C 10:nan| C 11:nan
Epoch[398/500] | Loss:0.8037 |Acc: 66.6667|Pred Confidence: 0.61 | C 0:0.6391 | C 1:0.5732 | C 2:0.6207| C 3:nan| C 4:nan| C 5:nan| C 6:nan| C 7:nan| C 8:nan| C 9:nan| C 10:nan| C 11:nan
Epoch[399/500] | Loss:0.8033 |Acc: 66.6667|Pred Confidence: 0.61 | C 0:0.6394 | C 1:0.5735 | C 2:0.6212| C 3:nan| C 4:nan| C 5:nan| C 6:nan| C 7:nan| C 8:nan| C 9:nan| C 10:nan| C 11:nan
Epoch[400/500] | Loss:0.8028 |Acc: 66.6667|Pred Confidence: 0.61 | C 0:0.6397 | C 1:0.5739 | C 2:0.6217| C 3:nan| C 4:nan| C 5:nan| C 6:nan| C 7:nan| C 8:nan| C 9:nan| C 10:nan| C 11:nan
Epoch[401/500] | Loss:0.8024 |Acc: 66.6667|Pred Confidence: 0.61 | C 0:0.6400 | C 1:0.5743 | C 2:0.6222| C 3:nan| C 4:nan| C 5:nan| C 6:nan| C 7:nan| C 8:nan| C 9:nan| C 10:nan| C 11:nan
Epoch[402/500] | Loss:0.8019 |Acc: 66.6667|Pred Confidence: 0.61 | C 0:0.6403 | C 1:0.5746 | C 2:0.6227| C 3:nan| C 4:nan| C 5:nan| C 6:nan| C 7:nan| C 8:nan| C 9:nan| C 10:nan| C 11:nan
Epoch[403/500] | Loss:0.8015 |Acc: 66.6667|Pred Confidence: 0.61 | C 0:0.6406 | C 1:0.5750 | C 2:0.6231| C 3:nan| C 4:nan| C 5:nan| C 6:nan| C 7:nan| C 8:nan| C 9:nan| C 10:nan| C 11:nan
Epoch[404/500] | Loss:0.8011 |Acc: 66.6667|Pred Confidence: 0.61 | C 0:0.6409 | C 1:0.5753 | C 2:0.6236| C 3:nan| C 4:nan| C 5:nan| C 6:nan| C 7:nan| C 8:nan| C 9:nan| C 10:nan| C 11:nan
Epoch[405/500] | Loss:0.8006 |Acc: 66.6667|Pred Confidence: 0.61 | C 0:0.6412 | C 1:0.5757 | C 2:0.6241| C 3:nan| C 4:nan| C 5:nan| C 6:nan| C 7:nan| C 8:nan| C 9:nan| C 10:nan| C 11:nan
Epoch[406/500] | Loss:0.8002 |Acc: 66.6667|Pred Confidence: 0.61 | C 0:0.6414 | C 1:0.5760 | C 2:0.6246| C 3:nan| C 4:nan| C 5:nan| C 6:nan| C 7:nan| C 8:nan| C 9:nan| C 10:nan| C 11:nan
Epoch[407/500] | Loss:0.7998 |Acc: 66.6667|Pred Confidence: 0.61 | C 0:0.6417 | C 1:0.5764 | C 2:0.6250| C 3:nan| C 4:nan| C 5:nan| C 6:nan| C 7:nan| C 8:nan| C 9:nan| C 10:nan| C 11:nan
Epoch[408/500] | Loss:0.7994 |Acc: 66.6667|Pred Confidence: 0.61 | C 0:0.6420 | C 1:0.5767 | C 2:0.6255| C 3:nan| C 4:nan| C 5:nan| C 6:nan| C 7:nan| C 8:nan| C 9:nan| C 10:nan| C 11:nan
Epoch[409/500] | Loss:0.7989 |Acc: 66.6667|Pred Confidence: 0.62 | C 0:0.6423 | C 1:0.5771 | C 2:0.6260| C 3:nan| C 4:nan| C 5:nan| C 6:nan| C 7:nan| C 8:nan| C 9:nan| C 10:nan| C 11:nan
Epoch[410/500] | Loss:0.7985 |Acc: 66.6667|Pred Confidence: 0.62 | C 0:0.6426 | C 1:0.5774 | C 2:0.6264| C 3:nan| C 4:nan| C 5:nan| C 6:nan| C 7:nan| C 8:nan| C 9:nan| C 10:nan| C 11:nan
Epoch[411/500] | Loss:0.7981 |Acc: 66.6667|Pred Confidence: 0.62 | C 0:0.6429 | C 1:0.5778 | C 2:0.6269| C 3:nan| C 4:nan| C 5:nan| C 6:nan| C 7:nan| C 8:nan| C 9:nan| C 10:nan| C 11:nan
Epoch[412/500] | Loss:0.7977 |Acc: 66.6667|Pred Confidence: 0.62 | C 0:0.6432 | C 1:0.5781 | C 2:0.6274| C 3:nan| C 4:nan| C 5:nan| C 6:nan| C 7:nan| C 8:nan| C 9:nan| C 10:nan| C 11:nan
Epoch[413/500] | Loss:0.7972 |Acc: 66.6667|Pred Confidence: 0.62 | C 0:0.6435 | C 1:0.5785 | C 2:0.6278| C 3:nan| C 4:nan| C 5:nan| C 6:nan| C 7:nan| C 8:nan| C 9:nan| C 10:nan| C 11:nan
Epoch[414/500] | Loss:0.7968 |Acc: 66.6667|Pred Confidence: 0.62 | C 0:0.6437 | C 1:0.5788 | C 2:0.6283| C 3:nan| C 4:nan| C 5:nan| C 6:nan| C 7:nan| C 8:nan| C 9:nan| C 10:nan| C 11:nan
Epoch[415/500] | Loss:0.7964 |Acc: 66.6667|Pred Confidence: 0.62 | C 0:0.6440 | C 1:0.5792 | C 2:0.6287| C 3:nan| C 4:nan| C 5:nan| C 6:nan| C 7:nan| C 8:nan| C 9:nan| C 10:nan| C 11:nan
Epoch[416/500] | Loss:0.7960 |Acc: 66.6667|Pred Confidence: 0.62 | C 0:0.6443 | C 1:0.5795 | C 2:0.6292| C 3:nan| C 4:nan| C 5:nan| C 6:nan| C 7:nan| C 8:nan| C 9:nan| C 10:nan| C 11:nan
Epoch[417/500] | Loss:0.7956 |Acc: 66.6667|Pred Confidence: 0.62 | C 0:0.6446 | C 1:0.5799 | C 2:0.6297| C 3:nan| C 4:nan| C 5:nan| C 6:nan| C 7:nan| C 8:nan| C 9:nan| C 10:nan| C 11:nan
Epoch[418/500] | Loss:0.7951 |Acc: 66.6667|Pred Confidence: 0.62 | C 0:0.6449 | C 1:0.5802 | C 2:0.6301| C 3:nan| C 4:nan| C 5:nan| C 6:nan| C 7:nan| C 8:nan| C 9:nan| C 10:nan| C 11:nan
Epoch[419/500] | Loss:0.7947 |Acc: 66.6667|Pred Confidence: 0.62 | C 0:0.6451 | C 1:0.5805 | C 2:0.6306| C 3:nan| C 4:nan| C 5:nan| C 6:nan| C 7:nan| C 8:nan| C 9:nan| C 10:nan| C 11:nan
Epoch[420/500] | Loss:0.7943 |Acc: 66.6667|Pred Confidence: 0.62 | C 0:0.6454 | C 1:0.5809 | C 2:0.6310| C 3:nan| C 4:nan| C 5:nan| C 6:nan| C 7:nan| C 8:nan| C 9:nan| C 10:nan| C 11:nan
Epoch[421/500] | Loss:0.7939 |Acc: 66.6667|Pred Confidence: 0.62 | C 0:0.6457 | C 1:0.5812 | C 2:0.6315| C 3:nan| C 4:nan| C 5:nan| C 6:nan| C 7:nan| C 8:nan| C 9:nan| C 10:nan| C 11:nan
Epoch[422/500] | Loss:0.7935 |Acc: 66.6667|Pred Confidence: 0.62 | C 0:0.6460 | C 1:0.5816 | C 2:0.6319| C 3:nan| C 4:nan| C 5:nan| C 6:nan| C 7:nan| C 8:nan| C 9:nan| C 10:nan| C 11:nan
Epoch[423/500] | Loss:0.7931 |Acc: 66.6667|Pred Confidence: 0.62 | C 0:0.6462 | C 1:0.5819 | C 2:0.6323| C 3:nan| C 4:nan| C 5:nan| C 6:nan| C 7:nan| C 8:nan| C 9:nan| C 10:nan| C 11:nan
Epoch[424/500] | Loss:0.7927 |Acc: 66.6667|Pred Confidence: 0.62 | C 0:0.6465 | C 1:0.5822 | C 2:0.6328| C 3:nan| C 4:nan| C 5:nan| C 6:nan| C 7:nan| C 8:nan| C 9:nan| C 10:nan| C 11:nan
Epoch[425/500] | Loss:0.7923 |Acc: 66.6667|Pred Confidence: 0.62 | C 0:0.6468 | C 1:0.5826 | C 2:0.6332| C 3:nan| C 4:nan| C 5:nan| C 6:nan| C 7:nan| C 8:nan| C 9:nan| C 10:nan| C 11:nan
Epoch[426/500] | Loss:0.7918 |Acc: 66.6667|Pred Confidence: 0.62 | C 0:0.6471 | C 1:0.5829 | C 2:0.6337| C 3:nan| C 4:nan| C 5:nan| C 6:nan| C 7:nan| C 8:nan| C 9:nan| C 10:nan| C 11:nan
Epoch[427/500] | Loss:0.7914 |Acc: 66.6667|Pred Confidence: 0.62 | C 0:0.6473 | C 1:0.5832 | C 2:0.6341| C 3:nan| C 4:nan| C 5:nan| C 6:nan| C 7:nan| C 8:nan| C 9:nan| C 10:nan| C 11:nan
Epoch[428/500] | Loss:0.7910 |Acc: 66.6667|Pred Confidence: 0.62 | C 0:0.6476 | C 1:0.5836 | C 2:0.6345| C 3:nan| C 4:nan| C 5:nan| C 6:nan| C 7:nan| C 8:nan| C 9:nan| C 10:nan| C 11:nan
Epoch[429/500] | Loss:0.7906 |Acc: 66.6667|Pred Confidence: 0.62 | C 0:0.6479 | C 1:0.5839 | C 2:0.6350| C 3:nan| C 4:nan| C 5:nan| C 6:nan| C 7:nan| C 8:nan| C 9:nan| C 10:nan| C 11:nan
Epoch[430/500] | Loss:0.7902 |Acc: 66.6667|Pred Confidence: 0.62 | C 0:0.6482 | C 1:0.5842 | C 2:0.6354| C 3:nan| C 4:nan| C 5:nan| C 6:nan| C 7:nan| C 8:nan| C 9:nan| C 10:nan| C 11:nan
Epoch[431/500] | Loss:0.7898 |Acc: 66.6667|Pred Confidence: 0.62 | C 0:0.6484 | C 1:0.5845 | C 2:0.6358| C 3:nan| C 4:nan| C 5:nan| C 6:nan| C 7:nan| C 8:nan| C 9:nan| C 10:nan| C 11:nan
Epoch[432/500] | Loss:0.7894 |Acc: 66.6667|Pred Confidence: 0.62 | C 0:0.6487 | C 1:0.5849 | C 2:0.6363| C 3:nan| C 4:nan| C 5:nan| C 6:nan| C 7:nan| C 8:nan| C 9:nan| C 10:nan| C 11:nan
Epoch[433/500] | Loss:0.7890 |Acc: 66.6667|Pred Confidence: 0.62 | C 0:0.6490 | C 1:0.5852 | C 2:0.6367| C 3:nan| C 4:nan| C 5:nan| C 6:nan| C 7:nan| C 8:nan| C 9:nan| C 10:nan| C 11:nan
Epoch[434/500] | Loss:0.7886 |Acc: 66.6667|Pred Confidence: 0.62 | C 0:0.6492 | C 1:0.5855 | C 2:0.6371| C 3:nan| C 4:nan| C 5:nan| C 6:nan| C 7:nan| C 8:nan| C 9:nan| C 10:nan| C 11:nan
Epoch[435/500] | Loss:0.7882 |Acc: 66.6667|Pred Confidence: 0.62 | C 0:0.6495 | C 1:0.5858 | C 2:0.6376| C 3:nan| C 4:nan| C 5:nan| C 6:nan| C 7:nan| C 8:nan| C 9:nan| C 10:nan| C 11:nan
Epoch[436/500] | Loss:0.7878 |Acc: 66.6667|Pred Confidence: 0.62 | C 0:0.6497 | C 1:0.5862 | C 2:0.6380| C 3:nan| C 4:nan| C 5:nan| C 6:nan| C 7:nan| C 8:nan| C 9:nan| C 10:nan| C 11:nan
Epoch[437/500] | Loss:0.7874 |Acc: 66.6667|Pred Confidence: 0.62 | C 0:0.6500 | C 1:0.5865 | C 2:0.6384| C 3:nan| C 4:nan| C 5:nan| C 6:nan| C 7:nan| C 8:nan| C 9:nan| C 10:nan| C 11:nan
Epoch[438/500] | Loss:0.7870 |Acc: 66.6667|Pred Confidence: 0.63 | C 0:0.6503 | C 1:0.5868 | C 2:0.6388| C 3:nan| C 4:nan| C 5:nan| C 6:nan| C 7:nan| C 8:nan| C 9:nan| C 10:nan| C 11:nan
Epoch[439/500] | Loss:0.7866 |Acc: 66.6667|Pred Confidence: 0.63 | C 0:0.6505 | C 1:0.5871 | C 2:0.6393| C 3:nan| C 4:nan| C 5:nan| C 6:nan| C 7:nan| C 8:nan| C 9:nan| C 10:nan| C 11:nan
Epoch[440/500] | Loss:0.7863 |Acc: 66.6667|Pred Confidence: 0.63 | C 0:0.6508 | C 1:0.5875 | C 2:0.6397| C 3:nan| C 4:nan| C 5:nan| C 6:nan| C 7:nan| C 8:nan| C 9:nan| C 10:nan| C 11:nan
Epoch[441/500] | Loss:0.7859 |Acc: 66.6667|Pred Confidence: 0.63 | C 0:0.6511 | C 1:0.5878 | C 2:0.6401| C 3:nan| C 4:nan| C 5:nan| C 6:nan| C 7:nan| C 8:nan| C 9:nan| C 10:nan| C 11:nan
Epoch[442/500] | Loss:0.7855 |Acc: 66.6667|Pred Confidence: 0.63 | C 0:0.6513 | C 1:0.5881 | C 2:0.6405| C 3:nan| C 4:nan| C 5:nan| C 6:nan| C 7:nan| C 8:nan| C 9:nan| C 10:nan| C 11:nan
Epoch[443/500] | Loss:0.7851 |Acc: 66.6667|Pred Confidence: 0.63 | C 0:0.6516 | C 1:0.5884 | C 2:0.6409| C 3:nan| C 4:nan| C 5:nan| C 6:nan| C 7:nan| C 8:nan| C 9:nan| C 10:nan| C 11:nan
Epoch[444/500] | Loss:0.7847 |Acc: 66.6667|Pred Confidence: 0.63 | C 0:0.6518 | C 1:0.5887 | C 2:0.6413| C 3:nan| C 4:nan| C 5:nan| C 6:nan| C 7:nan| C 8:nan| C 9:nan| C 10:nan| C 11:nan
Epoch[445/500] | Loss:0.7843 |Acc: 66.6667|Pred Confidence: 0.63 | C 0:0.6521 | C 1:0.5890 | C 2:0.6417| C 3:nan| C 4:nan| C 5:nan| C 6:nan| C 7:nan| C 8:nan| C 9:nan| C 10:nan| C 11:nan
Epoch[446/500] | Loss:0.7839 |Acc: 66.6667|Pred Confidence: 0.63 | C 0:0.6523 | C 1:0.5894 | C 2:0.6422| C 3:nan| C 4:nan| C 5:nan| C 6:nan| C 7:nan| C 8:nan| C 9:nan| C 10:nan| C 11:nan
Epoch[447/500] | Loss:0.7835 |Acc: 66.6667|Pred Confidence: 0.63 | C 0:0.6526 | C 1:0.5897 | C 2:0.6426| C 3:nan| C 4:nan| C 5:nan| C 6:nan| C 7:nan| C 8:nan| C 9:nan| C 10:nan| C 11:nan
Epoch[448/500] | Loss:0.7831 |Acc: 66.6667|Pred Confidence: 0.63 | C 0:0.6529 | C 1:0.5900 | C 2:0.6430| C 3:nan| C 4:nan| C 5:nan| C 6:nan| C 7:nan| C 8:nan| C 9:nan| C 10:nan| C 11:nan
Epoch[449/500] | Loss:0.7828 |Acc: 66.6667|Pred Confidence: 0.63 | C 0:0.6531 | C 1:0.5903 | C 2:0.6434| C 3:nan| C 4:nan| C 5:nan| C 6:nan| C 7:nan| C 8:nan| C 9:nan| C 10:nan| C 11:nan
Epoch[450/500] | Loss:0.7824 |Acc: 66.6667|Pred Confidence: 0.63 | C 0:0.6534 | C 1:0.5906 | C 2:0.6438| C 3:nan| C 4:nan| C 5:nan| C 6:nan| C 7:nan| C 8:nan| C 9:nan| C 10:nan| C 11:nan
Epoch[451/500] | Loss:0.7820 |Acc: 66.6667|Pred Confidence: 0.63 | C 0:0.6536 | C 1:0.5909 | C 2:0.6442| C 3:nan| C 4:nan| C 5:nan| C 6:nan| C 7:nan| C 8:nan| C 9:nan| C 10:nan| C 11:nan
Epoch[452/500] | Loss:0.7816 |Acc: 66.6667|Pred Confidence: 0.63 | C 0:0.6539 | C 1:0.5912 | C 2:0.6446| C 3:nan| C 4:nan| C 5:nan| C 6:nan| C 7:nan| C 8:nan| C 9:nan| C 10:nan| C 11:nan
Epoch[453/500] | Loss:0.7812 |Acc: 66.6667|Pred Confidence: 0.63 | C 0:0.6541 | C 1:0.5915 | C 2:0.6450| C 3:nan| C 4:nan| C 5:nan| C 6:nan| C 7:nan| C 8:nan| C 9:nan| C 10:nan| C 11:nan
Epoch[454/500] | Loss:0.7808 |Acc: 66.6667|Pred Confidence: 0.63 | C 0:0.6544 | C 1:0.5918 | C 2:0.6454| C 3:nan| C 4:nan| C 5:nan| C 6:nan| C 7:nan| C 8:nan| C 9:nan| C 10:nan| C 11:nan
Epoch[455/500] | Loss:0.7805 |Acc: 66.6667|Pred Confidence: 0.63 | C 0:0.6546 | C 1:0.5921 | C 2:0.6458| C 3:nan| C 4:nan| C 5:nan| C 6:nan| C 7:nan| C 8:nan| C 9:nan| C 10:nan| C 11:nan
Epoch[456/500] | Loss:0.7801 |Acc: 66.6667|Pred Confidence: 0.63 | C 0:0.6549 | C 1:0.5924 | C 2:0.6462| C 3:nan| C 4:nan| C 5:nan| C 6:nan| C 7:nan| C 8:nan| C 9:nan| C 10:nan| C 11:nan
Epoch[457/500] | Loss:0.7797 |Acc: 66.6667|Pred Confidence: 0.63 | C 0:0.6551 | C 1:0.5928 | C 2:0.6466| C 3:nan| C 4:nan| C 5:nan| C 6:nan| C 7:nan| C 8:nan| C 9:nan| C 10:nan| C 11:nan
Epoch[458/500] | Loss:0.7793 |Acc: 66.6667|Pred Confidence: 0.63 | C 0:0.6554 | C 1:0.5931 | C 2:0.6470| C 3:nan| C 4:nan| C 5:nan| C 6:nan| C 7:nan| C 8:nan| C 9:nan| C 10:nan| C 11:nan
Epoch[459/500] | Loss:0.7790 |Acc: 66.6667|Pred Confidence: 0.63 | C 0:0.6556 | C 1:0.5934 | C 2:0.6474| C 3:nan| C 4:nan| C 5:nan| C 6:nan| C 7:nan| C 8:nan| C 9:nan| C 10:nan| C 11:nan
Epoch[460/500] | Loss:0.7786 |Acc: 66.6667|Pred Confidence: 0.63 | C 0:0.6558 | C 1:0.5937 | C 2:0.6478| C 3:nan| C 4:nan| C 5:nan| C 6:nan| C 7:nan| C 8:nan| C 9:nan| C 10:nan| C 11:nan
Epoch[461/500] | Loss:0.7782 |Acc: 66.6667|Pred Confidence: 0.63 | C 0:0.6561 | C 1:0.5940 | C 2:0.6481| C 3:nan| C 4:nan| C 5:nan| C 6:nan| C 7:nan| C 8:nan| C 9:nan| C 10:nan| C 11:nan
Epoch[462/500] | Loss:0.7778 |Acc: 66.6667|Pred Confidence: 0.63 | C 0:0.6563 | C 1:0.5943 | C 2:0.6485| C 3:nan| C 4:nan| C 5:nan| C 6:nan| C 7:nan| C 8:nan| C 9:nan| C 10:nan| C 11:nan
Epoch[463/500] | Loss:0.7775 |Acc: 66.6667|Pred Confidence: 0.63 | C 0:0.6566 | C 1:0.5946 | C 2:0.6489| C 3:nan| C 4:nan| C 5:nan| C 6:nan| C 7:nan| C 8:nan| C 9:nan| C 10:nan| C 11:nan
Epoch[464/500] | Loss:0.7771 |Acc: 66.6667|Pred Confidence: 0.63 | C 0:0.6568 | C 1:0.5949 | C 2:0.6493| C 3:nan| C 4:nan| C 5:nan| C 6:nan| C 7:nan| C 8:nan| C 9:nan| C 10:nan| C 11:nan
Epoch[465/500] | Loss:0.7767 |Acc: 66.6667|Pred Confidence: 0.63 | C 0:0.6571 | C 1:0.5952 | C 2:0.6497| C 3:nan| C 4:nan| C 5:nan| C 6:nan| C 7:nan| C 8:nan| C 9:nan| C 10:nan| C 11:nan
Epoch[466/500] | Loss:0.7764 |Acc: 66.6667|Pred Confidence: 0.63 | C 0:0.6573 | C 1:0.5955 | C 2:0.6501| C 3:nan| C 4:nan| C 5:nan| C 6:nan| C 7:nan| C 8:nan| C 9:nan| C 10:nan| C 11:nan
Epoch[467/500] | Loss:0.7760 |Acc: 66.6667|Pred Confidence: 0.63 | C 0:0.6575 | C 1:0.5958 | C 2:0.6505| C 3:nan| C 4:nan| C 5:nan| C 6:nan| C 7:nan| C 8:nan| C 9:nan| C 10:nan| C 11:nan
Epoch[468/500] | Loss:0.7756 |Acc: 66.6667|Pred Confidence: 0.63 | C 0:0.6578 | C 1:0.5961 | C 2:0.6508| C 3:nan| C 4:nan| C 5:nan| C 6:nan| C 7:nan| C 8:nan| C 9:nan| C 10:nan| C 11:nan
Epoch[469/500] | Loss:0.7752 |Acc: 66.6667|Pred Confidence: 0.64 | C 0:0.6580 | C 1:0.5963 | C 2:0.6512| C 3:nan| C 4:nan| C 5:nan| C 6:nan| C 7:nan| C 8:nan| C 9:nan| C 10:nan| C 11:nan
Epoch[470/500] | Loss:0.7749 |Acc: 66.6667|Pred Confidence: 0.64 | C 0:0.6583 | C 1:0.5966 | C 2:0.6516| C 3:nan| C 4:nan| C 5:nan| C 6:nan| C 7:nan| C 8:nan| C 9:nan| C 10:nan| C 11:nan
Epoch[471/500] | Loss:0.7745 |Acc: 66.6667|Pred Confidence: 0.64 | C 0:0.6585 | C 1:0.5969 | C 2:0.6520| C 3:nan| C 4:nan| C 5:nan| C 6:nan| C 7:nan| C 8:nan| C 9:nan| C 10:nan| C 11:nan
Epoch[472/500] | Loss:0.7742 |Acc: 66.6667|Pred Confidence: 0.64 | C 0:0.6587 | C 1:0.5972 | C 2:0.6524| C 3:nan| C 4:nan| C 5:nan| C 6:nan| C 7:nan| C 8:nan| C 9:nan| C 10:nan| C 11:nan
Epoch[473/500] | Loss:0.7738 |Acc: 66.6667|Pred Confidence: 0.64 | C 0:0.6590 | C 1:0.5975 | C 2:0.6527| C 3:nan| C 4:nan| C 5:nan| C 6:nan| C 7:nan| C 8:nan| C 9:nan| C 10:nan| C 11:nan
Epoch[474/500] | Loss:0.7734 |Acc: 66.6667|Pred Confidence: 0.64 | C 0:0.6592 | C 1:0.5978 | C 2:0.6531| C 3:nan| C 4:nan| C 5:nan| C 6:nan| C 7:nan| C 8:nan| C 9:nan| C 10:nan| C 11:nan
Epoch[475/500] | Loss:0.7731 |Acc: 66.6667|Pred Confidence: 0.64 | C 0:0.6594 | C 1:0.5981 | C 2:0.6535| C 3:nan| C 4:nan| C 5:nan| C 6:nan| C 7:nan| C 8:nan| C 9:nan| C 10:nan| C 11:nan
Epoch[476/500] | Loss:0.7727 |Acc: 66.6667|Pred Confidence: 0.64 | C 0:0.6597 | C 1:0.5984 | C 2:0.6538| C 3:nan| C 4:nan| C 5:nan| C 6:nan| C 7:nan| C 8:nan| C 9:nan| C 10:nan| C 11:nan
Epoch[477/500] | Loss:0.7723 |Acc: 66.6667|Pred Confidence: 0.64 | C 0:0.6599 | C 1:0.5987 | C 2:0.6542| C 3:nan| C 4:nan| C 5:nan| C 6:nan| C 7:nan| C 8:nan| C 9:nan| C 10:nan| C 11:nan
Epoch[478/500] | Loss:0.7720 |Acc: 66.6667|Pred Confidence: 0.64 | C 0:0.6601 | C 1:0.5990 | C 2:0.6546| C 3:nan| C 4:nan| C 5:nan| C 6:nan| C 7:nan| C 8:nan| C 9:nan| C 10:nan| C 11:nan
Epoch[479/500] | Loss:0.7716 |Acc: 66.6667|Pred Confidence: 0.64 | C 0:0.6604 | C 1:0.5993 | C 2:0.6550| C 3:nan| C 4:nan| C 5:nan| C 6:nan| C 7:nan| C 8:nan| C 9:nan| C 10:nan| C 11:nan
Epoch[480/500] | Loss:0.7713 |Acc: 66.6667|Pred Confidence: 0.64 | C 0:0.6606 | C 1:0.5995 | C 2:0.6553| C 3:nan| C 4:nan| C 5:nan| C 6:nan| C 7:nan| C 8:nan| C 9:nan| C 10:nan| C 11:nan
Epoch[481/500] | Loss:0.7709 |Acc: 66.6667|Pred Confidence: 0.64 | C 0:0.6608 | C 1:0.5998 | C 2:0.6557| C 3:nan| C 4:nan| C 5:nan| C 6:nan| C 7:nan| C 8:nan| C 9:nan| C 10:nan| C 11:nan
Epoch[482/500] | Loss:0.7705 |Acc: 66.6667|Pred Confidence: 0.64 | C 0:0.6611 | C 1:0.6001 | C 2:0.6560| C 3:nan| C 4:nan| C 5:nan| C 6:nan| C 7:nan| C 8:nan| C 9:nan| C 10:nan| C 11:nan
Epoch[483/500] | Loss:0.7702 |Acc: 66.6667|Pred Confidence: 0.64 | C 0:0.6613 | C 1:0.6004 | C 2:0.6564| C 3:nan| C 4:nan| C 5:nan| C 6:nan| C 7:nan| C 8:nan| C 9:nan| C 10:nan| C 11:nan
Epoch[484/500] | Loss:0.7698 |Acc: 66.6667|Pred Confidence: 0.64 | C 0:0.6615 | C 1:0.6007 | C 2:0.6568| C 3:nan| C 4:nan| C 5:nan| C 6:nan| C 7:nan| C 8:nan| C 9:nan| C 10:nan| C 11:nan
Epoch[485/500] | Loss:0.7695 |Acc: 66.6667|Pred Confidence: 0.64 | C 0:0.6617 | C 1:0.6010 | C 2:0.6571| C 3:nan| C 4:nan| C 5:nan| C 6:nan| C 7:nan| C 8:nan| C 9:nan| C 10:nan| C 11:nan
Epoch[486/500] | Loss:0.7691 |Acc: 66.6667|Pred Confidence: 0.64 | C 0:0.6620 | C 1:0.6012 | C 2:0.6575| C 3:nan| C 4:nan| C 5:nan| C 6:nan| C 7:nan| C 8:nan| C 9:nan| C 10:nan| C 11:nan
Epoch[487/500] | Loss:0.7688 |Acc: 66.6667|Pred Confidence: 0.64 | C 0:0.6622 | C 1:0.6015 | C 2:0.6579| C 3:nan| C 4:nan| C 5:nan| C 6:nan| C 7:nan| C 8:nan| C 9:nan| C 10:nan| C 11:nan
Epoch[488/500] | Loss:0.7684 |Acc: 66.6667|Pred Confidence: 0.64 | C 0:0.6624 | C 1:0.6018 | C 2:0.6582| C 3:nan| C 4:nan| C 5:nan| C 6:nan| C 7:nan| C 8:nan| C 9:nan| C 10:nan| C 11:nan
Epoch[489/500] | Loss:0.7681 |Acc: 66.6667|Pred Confidence: 0.64 | C 0:0.6627 | C 1:0.6021 | C 2:0.6586| C 3:nan| C 4:nan| C 5:nan| C 6:nan| C 7:nan| C 8:nan| C 9:nan| C 10:nan| C 11:nan
Epoch[490/500] | Loss:0.7677 |Acc: 66.6667|Pred Confidence: 0.64 | C 0:0.6629 | C 1:0.6024 | C 2:0.6589| C 3:nan| C 4:nan| C 5:nan| C 6:nan| C 7:nan| C 8:nan| C 9:nan| C 10:nan| C 11:nan
Epoch[491/500] | Loss:0.7674 |Acc: 66.6667|Pred Confidence: 0.64 | C 0:0.6631 | C 1:0.6026 | C 2:0.6593| C 3:nan| C 4:nan| C 5:nan| C 6:nan| C 7:nan| C 8:nan| C 9:nan| C 10:nan| C 11:nan
Epoch[492/500] | Loss:0.7670 |Acc: 66.6667|Pred Confidence: 0.64 | C 0:0.6633 | C 1:0.6029 | C 2:0.6596| C 3:nan| C 4:nan| C 5:nan| C 6:nan| C 7:nan| C 8:nan| C 9:nan| C 10:nan| C 11:nan
Epoch[493/500] | Loss:0.7667 |Acc: 66.6667|Pred Confidence: 0.64 | C 0:0.6636 | C 1:0.6032 | C 2:0.6600| C 3:nan| C 4:nan| C 5:nan| C 6:nan| C 7:nan| C 8:nan| C 9:nan| C 10:nan| C 11:nan
Epoch[494/500] | Loss:0.7663 |Acc: 66.6667|Pred Confidence: 0.64 | C 0:0.6638 | C 1:0.6035 | C 2:0.6603| C 3:nan| C 4:nan| C 5:nan| C 6:nan| C 7:nan| C 8:nan| C 9:nan| C 10:nan| C 11:nan
Epoch[495/500] | Loss:0.7660 |Acc: 66.6667|Pred Confidence: 0.64 | C 0:0.6640 | C 1:0.6038 | C 2:0.6607| C 3:nan| C 4:nan| C 5:nan| C 6:nan| C 7:nan| C 8:nan| C 9:nan| C 10:nan| C 11:nan
Epoch[496/500] | Loss:0.7656 |Acc: 66.6667|Pred Confidence: 0.64 | C 0:0.6642 | C 1:0.6040 | C 2:0.6610| C 3:nan| C 4:nan| C 5:nan| C 6:nan| C 7:nan| C 8:nan| C 9:nan| C 10:nan| C 11:nan
Epoch[497/500] | Loss:0.7653 |Acc: 66.6667|Pred Confidence: 0.64 | C 0:0.6644 | C 1:0.6043 | C 2:0.6614| C 3:nan| C 4:nan| C 5:nan| C 6:nan| C 7:nan| C 8:nan| C 9:nan| C 10:nan| C 11:nan
Epoch[498/500] | Loss:0.7649 |Acc: 66.6667|Pred Confidence: 0.64 | C 0:0.6647 | C 1:0.6046 | C 2:0.6617| C 3:nan| C 4:nan| C 5:nan| C 6:nan| C 7:nan| C 8:nan| C 9:nan| C 10:nan| C 11:nan
Epoch[499/500] | Loss:0.7646 |Acc: 66.6667|Pred Confidence: 0.64 | C 0:0.6649 | C 1:0.6048 | C 2:0.6621| C 3:nan| C 4:nan| C 5:nan| C 6:nan| C 7:nan| C 8:nan| C 9:nan| C 10:nan| C 11:nan
Epoch[500/500] | Loss:0.7642 |Acc: 66.6667|Pred Confidence: 0.64 | C 0:0.6651 | C 1:0.6051 | C 2:0.6624| C 3:nan| C 4:nan| C 5:nan| C 6:nan| C 7:nan| C 8:nan| C 9:nan| C 10:nan| C 11:nan
Test 1 Accuracy 26.666666666666668 | Confidence ({0: array([0.6814906], dtype=float32), 1: array([0.6443692], dtype=float32), 2: array([0.540979], dtype=float32)}, 0.6222796)
Train 1 Accuracy 70.0 | Confidence ({0: array([0.64834136], dtype=float32), 1: array([0.6264324], dtype=float32), 2: array([0.6700685], dtype=float32)}, 0.6482808)
