Config: 
 {
  "model_save_path": "/tmp/",
  "model": "dnn",
  "loss": "ce",
  "model_name": "blip_mc_dnn_ce_mc",
  "dependency_meta": "",
  "timesteps": 10,
  "num_classes": 9,
  "rnn_config": {
    "ninp": 1,
    "nhid": 1000,
    "nlayers": 3,
    "nclasses": 9
  },
  "dnn_config": {
    "layers": [
      300,
      200,
      100,
      9
    ]
  },
  "batch_size": 32,
  "num_epochs": 200,
  "learning_rate": 0.001
}
Model: 
 Linear(
  (layers): ModuleList(
    (0): Linear(in_features=10, out_features=300, bias=True)
    (1): Linear(in_features=300, out_features=200, bias=True)
    (2): Linear(in_features=200, out_features=100, bias=True)
    (3): Linear(in_features=100, out_features=9, bias=True)
  )
  (sigmoid_activation): Sigmoid()
  (softmax_activation): Softmax(dim=-1)
)
Epoch[1/200] | Loss:2.2086 |Acc: 13.0000|Pred Confidence: nan | C 0:nan | C 1:0.1549 | C 2:0.1253| C 3:0.1344| C 4:0.1463| C 5:nan| C 6:nan| C 7:0.1495| C 8:0.1417| C 9:nan| C 10:nan| C 11:nan
Epoch[2/200] | Loss:2.1505 |Acc: 23.1250|Pred Confidence: nan | C 0:0.1363 | C 1:0.1506 | C 2:0.1360| C 3:0.1409| C 4:nan| C 5:0.1357| C 6:nan| C 7:0.1526| C 8:0.1520| C 9:nan| C 10:nan| C 11:nan
Epoch[3/200] | Loss:1.6796 |Acc: 53.3750|Pred Confidence: nan | C 0:0.2397 | C 1:0.2221 | C 2:0.2275| C 3:0.2189| C 4:0.1992| C 5:0.1948| C 6:nan| C 7:0.2890| C 8:0.2859| C 9:nan| C 10:nan| C 11:nan
Epoch[4/200] | Loss:0.9233 |Acc: 89.0000|Pred Confidence: 0.42 | C 0:0.4588 | C 1:0.4077 | C 2:0.3879| C 3:0.3679| C 4:0.3519| C 5:0.3706| C 6:0.3944| C 7:0.5427| C 8:0.4674| C 9:nan| C 10:nan| C 11:nan
Epoch[5/200] | Loss:0.4962 |Acc: 100.0000|Pred Confidence: 0.62 | C 0:0.6411 | C 1:0.5446 | C 2:0.5678| C 3:0.5503| C 4:0.5238| C 5:0.5755| C 6:0.6271| C 7:0.7376| C 8:0.7339| C 9:nan| C 10:nan| C 11:nan
Epoch[6/200] | Loss:0.2703 |Acc: 100.0000|Pred Confidence: 0.77 | C 0:0.7883 | C 1:0.7066 | C 2:0.7063| C 3:0.6961| C 4:0.7000| C 5:0.7554| C 6:0.7975| C 7:0.8589| C 8:0.8556| C 9:nan| C 10:nan| C 11:nan
Epoch[7/200] | Loss:0.1654 |Acc: 100.0000|Pred Confidence: 0.85 | C 0:0.8649 | C 1:0.8085 | C 2:0.8038| C 3:0.7977| C 4:0.8034| C 5:0.8493| C 6:0.8699| C 7:0.9110| C 8:0.9087| C 9:nan| C 10:nan| C 11:nan
Epoch[8/200] | Loss:0.1115 |Acc: 100.0000|Pred Confidence: 0.90 | C 0:0.9061 | C 1:0.8676 | C 2:0.8640| C 3:0.8600| C 4:0.8620| C 5:0.8975| C 6:0.9091| C 7:0.9379| C 8:0.9360| C 9:nan| C 10:nan| C 11:nan
Epoch[9/200] | Loss:0.0805 |Acc: 100.0000|Pred Confidence: 0.92 | C 0:0.9306 | C 1:0.9035 | C 2:0.9008| C 3:0.8982| C 4:0.8977| C 5:0.9253| C 6:0.9327| C 7:0.9537| C 8:0.9522| C 9:nan| C 10:nan| C 11:nan
Epoch[10/200] | Loss:0.0612 |Acc: 100.0000|Pred Confidence: 0.94 | C 0:0.9464 | C 1:0.9265 | C 2:0.9244| C 3:0.9228| C 4:0.9210| C 5:0.9428| C 6:0.9480| C 7:0.9640| C 8:0.9627| C 9:nan| C 10:nan| C 11:nan
Epoch[11/200] | Loss:0.0483 |Acc: 100.0000|Pred Confidence: 0.95 | C 0:0.9572 | C 1:0.9422 | C 2:0.9405| C 3:0.9392| C 4:0.9369| C 5:0.9547| C 6:0.9585| C 7:0.9710| C 8:0.9700| C 9:nan| C 10:nan| C 11:nan
Epoch[12/200] | Loss:0.0391 |Acc: 100.0000|Pred Confidence: 0.96 | C 0:0.9649 | C 1:0.9534 | C 2:0.9518| C 3:0.9509| C 4:0.9483| C 5:0.9631| C 6:0.9661| C 7:0.9762| C 8:0.9752| C 9:nan| C 10:nan| C 11:nan
Epoch[13/200] | Loss:0.0324 |Acc: 100.0000|Pred Confidence: 0.97 | C 0:0.9707 | C 1:0.9616 | C 2:0.9602| C 3:0.9594| C 4:0.9568| C 5:0.9693| C 6:0.9716| C 7:0.9800| C 8:0.9792| C 9:nan| C 10:nan| C 11:nan
Epoch[14/200] | Loss:0.0274 |Acc: 100.0000|Pred Confidence: 0.97 | C 0:0.9752 | C 1:0.9678 | C 2:0.9666| C 3:0.9658| C 4:0.9633| C 5:0.9741| C 6:0.9759| C 7:0.9830| C 8:0.9822| C 9:nan| C 10:nan| C 11:nan
Epoch[15/200] | Loss:0.0234 |Acc: 100.0000|Pred Confidence: 0.98 | C 0:0.9787 | C 1:0.9725 | C 2:0.9715| C 3:0.9708| C 4:0.9684| C 5:0.9778| C 6:0.9793| C 7:0.9853| C 8:0.9846| C 9:nan| C 10:nan| C 11:nan
Epoch[16/200] | Loss:0.0203 |Acc: 100.0000|Pred Confidence: 0.98 | C 0:0.9815 | C 1:0.9762 | C 2:0.9754| C 3:0.9748| C 4:0.9725| C 5:0.9807| C 6:0.9820| C 7:0.9872| C 8:0.9865| C 9:nan| C 10:nan| C 11:nan
Epoch[17/200] | Loss:0.0177 |Acc: 100.0000|Pred Confidence: 0.98 | C 0:0.9838 | C 1:0.9792 | C 2:0.9785| C 3:0.9780| C 4:0.9759| C 5:0.9831| C 6:0.9842| C 7:0.9887| C 8:0.9881| C 9:nan| C 10:nan| C 11:nan
Epoch[18/200] | Loss:0.0156 |Acc: 100.0000|Pred Confidence: 0.98 | C 0:0.9857 | C 1:0.9817 | C 2:0.9811| C 3:0.9807| C 4:0.9787| C 5:0.9851| C 6:0.9860| C 7:0.9900| C 8:0.9894| C 9:nan| C 10:nan| C 11:nan
Epoch[19/200] | Loss:0.0139 |Acc: 100.0000|Pred Confidence: 0.99 | C 0:0.9872 | C 1:0.9838 | C 2:0.9832| C 3:0.9829| C 4:0.9810| C 5:0.9868| C 6:0.9876| C 7:0.9911| C 8:0.9906| C 9:nan| C 10:nan| C 11:nan
Epoch[20/200] | Loss:0.0124 |Acc: 100.0000|Pred Confidence: 0.99 | C 0:0.9886 | C 1:0.9855 | C 2:0.9850| C 3:0.9847| C 4:0.9829| C 5:0.9882| C 6:0.9889| C 7:0.9920| C 8:0.9915| C 9:nan| C 10:nan| C 11:nan
Epoch[21/200] | Loss:0.0112 |Acc: 100.0000|Pred Confidence: 0.99 | C 0:0.9897 | C 1:0.9870 | C 2:0.9866| C 3:0.9862| C 4:0.9846| C 5:0.9894| C 6:0.9900| C 7:0.9927| C 8:0.9923| C 9:nan| C 10:nan| C 11:nan
Epoch[22/200] | Loss:0.0101 |Acc: 100.0000|Pred Confidence: 0.99 | C 0:0.9907 | C 1:0.9882 | C 2:0.9879| C 3:0.9876| C 4:0.9861| C 5:0.9904| C 6:0.9909| C 7:0.9934| C 8:0.9930| C 9:nan| C 10:nan| C 11:nan
Epoch[23/200] | Loss:0.0092 |Acc: 100.0000|Pred Confidence: 0.99 | C 0:0.9915 | C 1:0.9893 | C 2:0.9890| C 3:0.9887| C 4:0.9873| C 5:0.9913| C 6:0.9918| C 7:0.9940| C 8:0.9936| C 9:nan| C 10:nan| C 11:nan
Epoch[24/200] | Loss:0.0084 |Acc: 100.0000|Pred Confidence: 0.99 | C 0:0.9923 | C 1:0.9902 | C 2:0.9900| C 3:0.9897| C 4:0.9884| C 5:0.9921| C 6:0.9925| C 7:0.9945| C 8:0.9942| C 9:nan| C 10:nan| C 11:nan
Epoch[25/200] | Loss:0.0077 |Acc: 100.0000|Pred Confidence: 0.99 | C 0:0.9929 | C 1:0.9911 | C 2:0.9908| C 3:0.9906| C 4:0.9894| C 5:0.9928| C 6:0.9931| C 7:0.9950| C 8:0.9946| C 9:nan| C 10:nan| C 11:nan
Epoch[26/200] | Loss:0.0070 |Acc: 100.0000|Pred Confidence: 0.99 | C 0:0.9935 | C 1:0.9918 | C 2:0.9916| C 3:0.9914| C 4:0.9903| C 5:0.9934| C 6:0.9937| C 7:0.9954| C 8:0.9951| C 9:nan| C 10:nan| C 11:nan
Epoch[27/200] | Loss:0.0065 |Acc: 100.0000|Pred Confidence: 0.99 | C 0:0.9940 | C 1:0.9925 | C 2:0.9923| C 3:0.9921| C 4:0.9910| C 5:0.9939| C 6:0.9942| C 7:0.9957| C 8:0.9954| C 9:nan| C 10:nan| C 11:nan
Epoch[28/200] | Loss:0.0060 |Acc: 100.0000|Pred Confidence: 0.99 | C 0:0.9945 | C 1:0.9930 | C 2:0.9929| C 3:0.9927| C 4:0.9917| C 5:0.9944| C 6:0.9946| C 7:0.9960| C 8:0.9958| C 9:nan| C 10:nan| C 11:nan
Epoch[29/200] | Loss:0.0055 |Acc: 100.0000|Pred Confidence: 0.99 | C 0:0.9949 | C 1:0.9936 | C 2:0.9934| C 3:0.9932| C 4:0.9923| C 5:0.9948| C 6:0.9950| C 7:0.9963| C 8:0.9961| C 9:nan| C 10:nan| C 11:nan
Epoch[30/200] | Loss:0.0051 |Acc: 100.0000|Pred Confidence: 0.99 | C 0:0.9953 | C 1:0.9940 | C 2:0.9939| C 3:0.9937| C 4:0.9929| C 5:0.9952| C 6:0.9954| C 7:0.9966| C 8:0.9964| C 9:nan| C 10:nan| C 11:nan
Epoch[31/200] | Loss:0.0048 |Acc: 100.0000|Pred Confidence: 1.00 | C 0:0.9956 | C 1:0.9945 | C 2:0.9943| C 3:0.9942| C 4:0.9934| C 5:0.9955| C 6:0.9957| C 7:0.9968| C 8:0.9966| C 9:nan| C 10:nan| C 11:nan
Epoch[32/200] | Loss:0.0044 |Acc: 100.0000|Pred Confidence: 1.00 | C 0:0.9959 | C 1:0.9948 | C 2:0.9947| C 3:0.9946| C 4:0.9938| C 5:0.9958| C 6:0.9960| C 7:0.9970| C 8:0.9968| C 9:nan| C 10:nan| C 11:nan
Epoch[33/200] | Loss:0.0041 |Acc: 100.0000|Pred Confidence: 1.00 | C 0:0.9962 | C 1:0.9952 | C 2:0.9951| C 3:0.9949| C 4:0.9942| C 5:0.9961| C 6:0.9963| C 7:0.9972| C 8:0.9970| C 9:nan| C 10:nan| C 11:nan
Epoch[34/200] | Loss:0.0039 |Acc: 100.0000|Pred Confidence: 1.00 | C 0:0.9964 | C 1:0.9955 | C 2:0.9954| C 3:0.9953| C 4:0.9946| C 5:0.9964| C 6:0.9965| C 7:0.9974| C 8:0.9972| C 9:nan| C 10:nan| C 11:nan
Epoch[35/200] | Loss:0.0036 |Acc: 100.0000|Pred Confidence: 1.00 | C 0:0.9966 | C 1:0.9958 | C 2:0.9957| C 3:0.9956| C 4:0.9949| C 5:0.9966| C 6:0.9968| C 7:0.9976| C 8:0.9974| C 9:nan| C 10:nan| C 11:nan
Epoch[36/200] | Loss:0.0034 |Acc: 100.0000|Pred Confidence: 1.00 | C 0:0.9969 | C 1:0.9961 | C 2:0.9960| C 3:0.9959| C 4:0.9953| C 5:0.9968| C 6:0.9970| C 7:0.9977| C 8:0.9976| C 9:nan| C 10:nan| C 11:nan
Epoch[37/200] | Loss:0.0032 |Acc: 100.0000|Pred Confidence: 1.00 | C 0:0.9970 | C 1:0.9963 | C 2:0.9962| C 3:0.9961| C 4:0.9955| C 5:0.9970| C 6:0.9972| C 7:0.9978| C 8:0.9977| C 9:nan| C 10:nan| C 11:nan
Epoch[38/200] | Loss:0.0030 |Acc: 100.0000|Pred Confidence: 1.00 | C 0:0.9972 | C 1:0.9965 | C 2:0.9964| C 3:0.9964| C 4:0.9958| C 5:0.9972| C 6:0.9973| C 7:0.9980| C 8:0.9978| C 9:nan| C 10:nan| C 11:nan
Epoch[39/200] | Loss:0.0028 |Acc: 100.0000|Pred Confidence: 1.00 | C 0:0.9974 | C 1:0.9967 | C 2:0.9967| C 3:0.9966| C 4:0.9961| C 5:0.9974| C 6:0.9975| C 7:0.9981| C 8:0.9980| C 9:nan| C 10:nan| C 11:nan
Epoch[40/200] | Loss:0.0027 |Acc: 100.0000|Pred Confidence: 1.00 | C 0:0.9975 | C 1:0.9969 | C 2:0.9968| C 3:0.9968| C 4:0.9963| C 5:0.9975| C 6:0.9976| C 7:0.9982| C 8:0.9981| C 9:nan| C 10:nan| C 11:nan
Epoch[41/200] | Loss:0.0025 |Acc: 100.0000|Pred Confidence: 1.00 | C 0:0.9977 | C 1:0.9971 | C 2:0.9970| C 3:0.9970| C 4:0.9965| C 5:0.9977| C 6:0.9978| C 7:0.9983| C 8:0.9982| C 9:nan| C 10:nan| C 11:nan
Epoch[42/200] | Loss:0.0024 |Acc: 100.0000|Pred Confidence: 1.00 | C 0:0.9978 | C 1:0.9973 | C 2:0.9972| C 3:0.9971| C 4:0.9967| C 5:0.9978| C 6:0.9979| C 7:0.9984| C 8:0.9983| C 9:nan| C 10:nan| C 11:nan
Epoch[43/200] | Loss:0.0022 |Acc: 100.0000|Pred Confidence: 1.00 | C 0:0.9979 | C 1:0.9974 | C 2:0.9974| C 3:0.9973| C 4:0.9969| C 5:0.9979| C 6:0.9980| C 7:0.9985| C 8:0.9984| C 9:nan| C 10:nan| C 11:nan
Epoch[44/200] | Loss:0.0021 |Acc: 100.0000|Pred Confidence: 1.00 | C 0:0.9980 | C 1:0.9976 | C 2:0.9975| C 3:0.9974| C 4:0.9971| C 5:0.9981| C 6:0.9981| C 7:0.9986| C 8:0.9985| C 9:nan| C 10:nan| C 11:nan
Epoch[45/200] | Loss:0.0020 |Acc: 100.0000|Pred Confidence: 1.00 | C 0:0.9982 | C 1:0.9977 | C 2:0.9976| C 3:0.9976| C 4:0.9972| C 5:0.9982| C 6:0.9982| C 7:0.9986| C 8:0.9985| C 9:nan| C 10:nan| C 11:nan
Epoch[46/200] | Loss:0.0019 |Acc: 100.0000|Pred Confidence: 1.00 | C 0:0.9982 | C 1:0.9978 | C 2:0.9978| C 3:0.9977| C 4:0.9974| C 5:0.9983| C 6:0.9983| C 7:0.9987| C 8:0.9986| C 9:nan| C 10:nan| C 11:nan
Epoch[47/200] | Loss:0.0018 |Acc: 100.0000|Pred Confidence: 1.00 | C 0:0.9983 | C 1:0.9979 | C 2:0.9979| C 3:0.9978| C 4:0.9975| C 5:0.9984| C 6:0.9984| C 7:0.9988| C 8:0.9987| C 9:nan| C 10:nan| C 11:nan
Epoch[48/200] | Loss:0.0017 |Acc: 100.0000|Pred Confidence: 1.00 | C 0:0.9984 | C 1:0.9980 | C 2:0.9980| C 3:0.9979| C 4:0.9976| C 5:0.9984| C 6:0.9985| C 7:0.9988| C 8:0.9988| C 9:nan| C 10:nan| C 11:nan
Epoch[49/200] | Loss:0.0016 |Acc: 100.0000|Pred Confidence: 1.00 | C 0:0.9985 | C 1:0.9981 | C 2:0.9981| C 3:0.9980| C 4:0.9978| C 5:0.9985| C 6:0.9986| C 7:0.9989| C 8:0.9988| C 9:nan| C 10:nan| C 11:nan
Epoch[50/200] | Loss:0.0015 |Acc: 100.0000|Pred Confidence: 1.00 | C 0:0.9986 | C 1:0.9982 | C 2:0.9982| C 3:0.9981| C 4:0.9979| C 5:0.9986| C 6:0.9987| C 7:0.9989| C 8:0.9989| C 9:nan| C 10:nan| C 11:nan
Epoch[51/200] | Loss:0.0014 |Acc: 100.0000|Pred Confidence: 1.00 | C 0:0.9987 | C 1:0.9983 | C 2:0.9983| C 3:0.9982| C 4:0.9980| C 5:0.9987| C 6:0.9987| C 7:0.9990| C 8:0.9989| C 9:nan| C 10:nan| C 11:nan
Epoch[52/200] | Loss:0.0014 |Acc: 100.0000|Pred Confidence: 1.00 | C 0:0.9987 | C 1:0.9984 | C 2:0.9984| C 3:0.9983| C 4:0.9981| C 5:0.9987| C 6:0.9988| C 7:0.9991| C 8:0.9990| C 9:nan| C 10:nan| C 11:nan
Epoch[53/200] | Loss:0.0013 |Acc: 100.0000|Pred Confidence: 1.00 | C 0:0.9988 | C 1:0.9985 | C 2:0.9984| C 3:0.9984| C 4:0.9982| C 5:0.9988| C 6:0.9989| C 7:0.9991| C 8:0.9990| C 9:nan| C 10:nan| C 11:nan
Epoch[54/200] | Loss:0.0012 |Acc: 100.0000|Pred Confidence: 1.00 | C 0:0.9988 | C 1:0.9986 | C 2:0.9985| C 3:0.9985| C 4:0.9983| C 5:0.9989| C 6:0.9989| C 7:0.9991| C 8:0.9991| C 9:nan| C 10:nan| C 11:nan
Epoch[55/200] | Loss:0.0012 |Acc: 100.0000|Pred Confidence: 1.00 | C 0:0.9989 | C 1:0.9986 | C 2:0.9986| C 3:0.9986| C 4:0.9983| C 5:0.9989| C 6:0.9990| C 7:0.9992| C 8:0.9991| C 9:nan| C 10:nan| C 11:nan
Epoch[56/200] | Loss:0.0011 |Acc: 100.0000|Pred Confidence: 1.00 | C 0:0.9990 | C 1:0.9987 | C 2:0.9987| C 3:0.9986| C 4:0.9984| C 5:0.9990| C 6:0.9990| C 7:0.9992| C 8:0.9992| C 9:nan| C 10:nan| C 11:nan
Epoch[57/200] | Loss:0.0011 |Acc: 100.0000|Pred Confidence: 1.00 | C 0:0.9990 | C 1:0.9988 | C 2:0.9987| C 3:0.9987| C 4:0.9985| C 5:0.9990| C 6:0.9991| C 7:0.9993| C 8:0.9992| C 9:nan| C 10:nan| C 11:nan
Epoch[58/200] | Loss:0.0010 |Acc: 100.0000|Pred Confidence: 1.00 | C 0:0.9991 | C 1:0.9988 | C 2:0.9988| C 3:0.9988| C 4:0.9986| C 5:0.9991| C 6:0.9991| C 7:0.9993| C 8:0.9992| C 9:nan| C 10:nan| C 11:nan
Epoch[59/200] | Loss:0.0010 |Acc: 100.0000|Pred Confidence: 1.00 | C 0:0.9991 | C 1:0.9989 | C 2:0.9988| C 3:0.9988| C 4:0.9986| C 5:0.9991| C 6:0.9992| C 7:0.9993| C 8:0.9993| C 9:nan| C 10:nan| C 11:nan
Epoch[60/200] | Loss:0.0009 |Acc: 100.0000|Pred Confidence: 1.00 | C 0:0.9991 | C 1:0.9989 | C 2:0.9989| C 3:0.9989| C 4:0.9987| C 5:0.9992| C 6:0.9992| C 7:0.9994| C 8:0.9993| C 9:nan| C 10:nan| C 11:nan
Epoch[61/200] | Loss:0.0009 |Acc: 100.0000|Pred Confidence: 1.00 | C 0:0.9992 | C 1:0.9990 | C 2:0.9990| C 3:0.9989| C 4:0.9988| C 5:0.9992| C 6:0.9992| C 7:0.9994| C 8:0.9993| C 9:nan| C 10:nan| C 11:nan
Epoch[62/200] | Loss:0.0008 |Acc: 100.0000|Pred Confidence: 1.00 | C 0:0.9992 | C 1:0.9990 | C 2:0.9990| C 3:0.9990| C 4:0.9988| C 5:0.9992| C 6:0.9993| C 7:0.9994| C 8:0.9994| C 9:nan| C 10:nan| C 11:nan
Epoch[63/200] | Loss:0.0008 |Acc: 100.0000|Pred Confidence: 1.00 | C 0:0.9993 | C 1:0.9991 | C 2:0.9990| C 3:0.9990| C 4:0.9989| C 5:0.9993| C 6:0.9993| C 7:0.9994| C 8:0.9994| C 9:nan| C 10:nan| C 11:nan
Epoch[64/200] | Loss:0.0008 |Acc: 100.0000|Pred Confidence: 1.00 | C 0:0.9993 | C 1:0.9991 | C 2:0.9991| C 3:0.9991| C 4:0.9989| C 5:0.9993| C 6:0.9993| C 7:0.9995| C 8:0.9994| C 9:nan| C 10:nan| C 11:nan
Epoch[65/200] | Loss:0.0007 |Acc: 100.0000|Pred Confidence: 1.00 | C 0:0.9993 | C 1:0.9991 | C 2:0.9991| C 3:0.9991| C 4:0.9990| C 5:0.9993| C 6:0.9994| C 7:0.9995| C 8:0.9995| C 9:nan| C 10:nan| C 11:nan
Epoch[66/200] | Loss:0.0007 |Acc: 100.0000|Pred Confidence: 1.00 | C 0:0.9994 | C 1:0.9992 | C 2:0.9992| C 3:0.9991| C 4:0.9990| C 5:0.9994| C 6:0.9994| C 7:0.9995| C 8:0.9995| C 9:nan| C 10:nan| C 11:nan
Epoch[67/200] | Loss:0.0007 |Acc: 100.0000|Pred Confidence: 1.00 | C 0:0.9994 | C 1:0.9992 | C 2:0.9992| C 3:0.9992| C 4:0.9991| C 5:0.9994| C 6:0.9994| C 7:0.9995| C 8:0.9995| C 9:nan| C 10:nan| C 11:nan
Epoch[68/200] | Loss:0.0006 |Acc: 100.0000|Pred Confidence: 1.00 | C 0:0.9994 | C 1:0.9993 | C 2:0.9992| C 3:0.9992| C 4:0.9991| C 5:0.9994| C 6:0.9994| C 7:0.9996| C 8:0.9995| C 9:nan| C 10:nan| C 11:nan
Epoch[69/200] | Loss:0.0006 |Acc: 100.0000|Pred Confidence: 1.00 | C 0:0.9994 | C 1:0.9993 | C 2:0.9993| C 3:0.9993| C 4:0.9991| C 5:0.9995| C 6:0.9995| C 7:0.9996| C 8:0.9995| C 9:nan| C 10:nan| C 11:nan
Epoch[70/200] | Loss:0.0006 |Acc: 100.0000|Pred Confidence: 1.00 | C 0:0.9995 | C 1:0.9993 | C 2:0.9993| C 3:0.9993| C 4:0.9992| C 5:0.9995| C 6:0.9995| C 7:0.9996| C 8:0.9996| C 9:nan| C 10:nan| C 11:nan
Epoch[71/200] | Loss:0.0006 |Acc: 100.0000|Pred Confidence: 1.00 | C 0:0.9995 | C 1:0.9994 | C 2:0.9993| C 3:0.9993| C 4:0.9992| C 5:0.9995| C 6:0.9995| C 7:0.9996| C 8:0.9996| C 9:nan| C 10:nan| C 11:nan
Epoch[72/200] | Loss:0.0005 |Acc: 100.0000|Pred Confidence: 1.00 | C 0:0.9995 | C 1:0.9994 | C 2:0.9994| C 3:0.9993| C 4:0.9993| C 5:0.9995| C 6:0.9995| C 7:0.9996| C 8:0.9996| C 9:nan| C 10:nan| C 11:nan
Epoch[73/200] | Loss:0.0005 |Acc: 100.0000|Pred Confidence: 1.00 | C 0:0.9995 | C 1:0.9994 | C 2:0.9994| C 3:0.9994| C 4:0.9993| C 5:0.9995| C 6:0.9996| C 7:0.9996| C 8:0.9996| C 9:nan| C 10:nan| C 11:nan
Epoch[74/200] | Loss:0.0005 |Acc: 100.0000|Pred Confidence: 1.00 | C 0:0.9995 | C 1:0.9994 | C 2:0.9994| C 3:0.9994| C 4:0.9993| C 5:0.9996| C 6:0.9996| C 7:0.9997| C 8:0.9996| C 9:nan| C 10:nan| C 11:nan
Epoch[75/200] | Loss:0.0005 |Acc: 100.0000|Pred Confidence: 1.00 | C 0:0.9996 | C 1:0.9995 | C 2:0.9994| C 3:0.9994| C 4:0.9993| C 5:0.9996| C 6:0.9996| C 7:0.9997| C 8:0.9997| C 9:nan| C 10:nan| C 11:nan
Epoch[76/200] | Loss:0.0004 |Acc: 100.0000|Pred Confidence: 1.00 | C 0:0.9996 | C 1:0.9995 | C 2:0.9995| C 3:0.9995| C 4:0.9994| C 5:0.9996| C 6:0.9996| C 7:0.9997| C 8:0.9997| C 9:nan| C 10:nan| C 11:nan
Epoch[77/200] | Loss:0.0004 |Acc: 100.0000|Pred Confidence: 1.00 | C 0:0.9996 | C 1:0.9995 | C 2:0.9995| C 3:0.9995| C 4:0.9994| C 5:0.9996| C 6:0.9996| C 7:0.9997| C 8:0.9997| C 9:nan| C 10:nan| C 11:nan
Epoch[78/200] | Loss:0.0004 |Acc: 100.0000|Pred Confidence: 1.00 | C 0:0.9996 | C 1:0.9995 | C 2:0.9995| C 3:0.9995| C 4:0.9994| C 5:0.9996| C 6:0.9997| C 7:0.9997| C 8:0.9997| C 9:nan| C 10:nan| C 11:nan
Epoch[79/200] | Loss:0.0004 |Acc: 100.0000|Pred Confidence: 1.00 | C 0:0.9996 | C 1:0.9995 | C 2:0.9995| C 3:0.9995| C 4:0.9995| C 5:0.9997| C 6:0.9997| C 7:0.9997| C 8:0.9997| C 9:nan| C 10:nan| C 11:nan
Epoch[80/200] | Loss:0.0004 |Acc: 100.0000|Pred Confidence: 1.00 | C 0:0.9997 | C 1:0.9996 | C 2:0.9996| C 3:0.9995| C 4:0.9995| C 5:0.9997| C 6:0.9997| C 7:0.9997| C 8:0.9997| C 9:nan| C 10:nan| C 11:nan
Epoch[81/200] | Loss:0.0004 |Acc: 100.0000|Pred Confidence: 1.00 | C 0:0.9997 | C 1:0.9996 | C 2:0.9996| C 3:0.9996| C 4:0.9995| C 5:0.9997| C 6:0.9997| C 7:0.9997| C 8:0.9997| C 9:nan| C 10:nan| C 11:nan
Epoch[82/200] | Loss:0.0003 |Acc: 100.0000|Pred Confidence: 1.00 | C 0:0.9997 | C 1:0.9996 | C 2:0.9996| C 3:0.9996| C 4:0.9995| C 5:0.9997| C 6:0.9997| C 7:0.9998| C 8:0.9997| C 9:nan| C 10:nan| C 11:nan
Epoch[83/200] | Loss:0.0003 |Acc: 100.0000|Pred Confidence: 1.00 | C 0:0.9997 | C 1:0.9996 | C 2:0.9996| C 3:0.9996| C 4:0.9995| C 5:0.9997| C 6:0.9997| C 7:0.9998| C 8:0.9998| C 9:nan| C 10:nan| C 11:nan
Epoch[84/200] | Loss:0.0003 |Acc: 100.0000|Pred Confidence: 1.00 | C 0:0.9997 | C 1:0.9996 | C 2:0.9996| C 3:0.9996| C 4:0.9996| C 5:0.9997| C 6:0.9997| C 7:0.9998| C 8:0.9998| C 9:nan| C 10:nan| C 11:nan
Epoch[85/200] | Loss:0.0003 |Acc: 100.0000|Pred Confidence: 1.00 | C 0:0.9997 | C 1:0.9996 | C 2:0.9996| C 3:0.9996| C 4:0.9996| C 5:0.9997| C 6:0.9997| C 7:0.9998| C 8:0.9998| C 9:nan| C 10:nan| C 11:nan
Epoch[86/200] | Loss:0.0003 |Acc: 100.0000|Pred Confidence: 1.00 | C 0:0.9997 | C 1:0.9997 | C 2:0.9997| C 3:0.9996| C 4:0.9996| C 5:0.9997| C 6:0.9998| C 7:0.9998| C 8:0.9998| C 9:nan| C 10:nan| C 11:nan
Epoch[87/200] | Loss:0.0003 |Acc: 100.0000|Pred Confidence: 1.00 | C 0:0.9997 | C 1:0.9997 | C 2:0.9997| C 3:0.9997| C 4:0.9996| C 5:0.9998| C 6:0.9998| C 7:0.9998| C 8:0.9998| C 9:nan| C 10:nan| C 11:nan
Epoch[88/200] | Loss:0.0003 |Acc: 100.0000|Pred Confidence: 1.00 | C 0:0.9998 | C 1:0.9997 | C 2:0.9997| C 3:0.9997| C 4:0.9996| C 5:0.9998| C 6:0.9998| C 7:0.9998| C 8:0.9998| C 9:nan| C 10:nan| C 11:nan
Epoch[89/200] | Loss:0.0003 |Acc: 100.0000|Pred Confidence: 1.00 | C 0:0.9998 | C 1:0.9997 | C 2:0.9997| C 3:0.9997| C 4:0.9996| C 5:0.9998| C 6:0.9998| C 7:0.9998| C 8:0.9998| C 9:nan| C 10:nan| C 11:nan
Epoch[90/200] | Loss:0.0002 |Acc: 100.0000|Pred Confidence: 1.00 | C 0:0.9998 | C 1:0.9997 | C 2:0.9997| C 3:0.9997| C 4:0.9997| C 5:0.9998| C 6:0.9998| C 7:0.9998| C 8:0.9998| C 9:nan| C 10:nan| C 11:nan
Epoch[91/200] | Loss:0.0002 |Acc: 100.0000|Pred Confidence: 1.00 | C 0:0.9998 | C 1:0.9997 | C 2:0.9997| C 3:0.9997| C 4:0.9997| C 5:0.9998| C 6:0.9998| C 7:0.9998| C 8:0.9998| C 9:nan| C 10:nan| C 11:nan
Epoch[92/200] | Loss:0.0002 |Acc: 100.0000|Pred Confidence: 1.00 | C 0:0.9998 | C 1:0.9997 | C 2:0.9997| C 3:0.9997| C 4:0.9997| C 5:0.9998| C 6:0.9998| C 7:0.9998| C 8:0.9998| C 9:nan| C 10:nan| C 11:nan
Epoch[93/200] | Loss:0.0002 |Acc: 100.0000|Pred Confidence: 1.00 | C 0:0.9998 | C 1:0.9998 | C 2:0.9997| C 3:0.9997| C 4:0.9997| C 5:0.9998| C 6:0.9998| C 7:0.9998| C 8:0.9998| C 9:nan| C 10:nan| C 11:nan
Epoch[94/200] | Loss:0.0002 |Acc: 100.0000|Pred Confidence: 1.00 | C 0:0.9998 | C 1:0.9998 | C 2:0.9998| C 3:0.9997| C 4:0.9997| C 5:0.9998| C 6:0.9998| C 7:0.9999| C 8:0.9998| C 9:nan| C 10:nan| C 11:nan
Epoch[95/200] | Loss:0.0002 |Acc: 100.0000|Pred Confidence: 1.00 | C 0:0.9998 | C 1:0.9998 | C 2:0.9998| C 3:0.9998| C 4:0.9997| C 5:0.9998| C 6:0.9998| C 7:0.9999| C 8:0.9999| C 9:nan| C 10:nan| C 11:nan
Epoch[96/200] | Loss:0.0002 |Acc: 100.0000|Pred Confidence: 1.00 | C 0:0.9998 | C 1:0.9998 | C 2:0.9998| C 3:0.9998| C 4:0.9997| C 5:0.9998| C 6:0.9998| C 7:0.9999| C 8:0.9999| C 9:nan| C 10:nan| C 11:nan
Epoch[97/200] | Loss:0.0002 |Acc: 100.0000|Pred Confidence: 1.00 | C 0:0.9998 | C 1:0.9998 | C 2:0.9998| C 3:0.9998| C 4:0.9997| C 5:0.9998| C 6:0.9998| C 7:0.9999| C 8:0.9999| C 9:nan| C 10:nan| C 11:nan
Epoch[98/200] | Loss:0.0002 |Acc: 100.0000|Pred Confidence: 1.00 | C 0:0.9998 | C 1:0.9998 | C 2:0.9998| C 3:0.9998| C 4:0.9998| C 5:0.9999| C 6:0.9999| C 7:0.9999| C 8:0.9999| C 9:nan| C 10:nan| C 11:nan
Epoch[99/200] | Loss:0.0002 |Acc: 100.0000|Pred Confidence: 1.00 | C 0:0.9998 | C 1:0.9998 | C 2:0.9998| C 3:0.9998| C 4:0.9998| C 5:0.9999| C 6:0.9999| C 7:0.9999| C 8:0.9999| C 9:nan| C 10:nan| C 11:nan
Epoch[100/200] | Loss:0.0002 |Acc: 100.0000|Pred Confidence: 1.00 | C 0:0.9999 | C 1:0.9998 | C 2:0.9998| C 3:0.9998| C 4:0.9998| C 5:0.9999| C 6:0.9999| C 7:0.9999| C 8:0.9999| C 9:nan| C 10:nan| C 11:nan
Epoch[101/200] | Loss:0.0002 |Acc: 100.0000|Pred Confidence: 1.00 | C 0:0.9999 | C 1:0.9998 | C 2:0.9998| C 3:0.9998| C 4:0.9998| C 5:0.9999| C 6:0.9999| C 7:0.9999| C 8:0.9999| C 9:nan| C 10:nan| C 11:nan
Epoch[102/200] | Loss:0.0001 |Acc: 100.0000|Pred Confidence: 1.00 | C 0:0.9999 | C 1:0.9998 | C 2:0.9998| C 3:0.9998| C 4:0.9998| C 5:0.9999| C 6:0.9999| C 7:0.9999| C 8:0.9999| C 9:nan| C 10:nan| C 11:nan
Epoch[103/200] | Loss:0.0001 |Acc: 100.0000|Pred Confidence: 1.00 | C 0:0.9999 | C 1:0.9998 | C 2:0.9998| C 3:0.9998| C 4:0.9998| C 5:0.9999| C 6:0.9999| C 7:0.9999| C 8:0.9999| C 9:nan| C 10:nan| C 11:nan
Epoch[104/200] | Loss:0.0001 |Acc: 100.0000|Pred Confidence: 1.00 | C 0:0.9999 | C 1:0.9998 | C 2:0.9998| C 3:0.9998| C 4:0.9998| C 5:0.9999| C 6:0.9999| C 7:0.9999| C 8:0.9999| C 9:nan| C 10:nan| C 11:nan
Epoch[105/200] | Loss:0.0001 |Acc: 100.0000|Pred Confidence: 1.00 | C 0:0.9999 | C 1:0.9998 | C 2:0.9998| C 3:0.9998| C 4:0.9998| C 5:0.9999| C 6:0.9999| C 7:0.9999| C 8:0.9999| C 9:nan| C 10:nan| C 11:nan
Epoch[106/200] | Loss:0.0001 |Acc: 100.0000|Pred Confidence: 1.00 | C 0:0.9999 | C 1:0.9999 | C 2:0.9999| C 3:0.9998| C 4:0.9998| C 5:0.9999| C 6:0.9999| C 7:0.9999| C 8:0.9999| C 9:nan| C 10:nan| C 11:nan
Epoch[107/200] | Loss:0.0001 |Acc: 100.0000|Pred Confidence: 1.00 | C 0:0.9999 | C 1:0.9999 | C 2:0.9999| C 3:0.9999| C 4:0.9998| C 5:0.9999| C 6:0.9999| C 7:0.9999| C 8:0.9999| C 9:nan| C 10:nan| C 11:nan
Epoch[108/200] | Loss:0.0001 |Acc: 100.0000|Pred Confidence: 1.00 | C 0:0.9999 | C 1:0.9999 | C 2:0.9999| C 3:0.9999| C 4:0.9998| C 5:0.9999| C 6:0.9999| C 7:0.9999| C 8:0.9999| C 9:nan| C 10:nan| C 11:nan
Epoch[109/200] | Loss:0.0001 |Acc: 100.0000|Pred Confidence: 1.00 | C 0:0.9999 | C 1:0.9999 | C 2:0.9999| C 3:0.9999| C 4:0.9998| C 5:0.9999| C 6:0.9999| C 7:0.9999| C 8:0.9999| C 9:nan| C 10:nan| C 11:nan
Epoch[110/200] | Loss:0.0001 |Acc: 100.0000|Pred Confidence: 1.00 | C 0:0.9999 | C 1:0.9999 | C 2:0.9999| C 3:0.9999| C 4:0.9999| C 5:0.9999| C 6:0.9999| C 7:0.9999| C 8:0.9999| C 9:nan| C 10:nan| C 11:nan
Epoch[111/200] | Loss:0.0001 |Acc: 100.0000|Pred Confidence: 1.00 | C 0:0.9999 | C 1:0.9999 | C 2:0.9999| C 3:0.9999| C 4:0.9999| C 5:0.9999| C 6:0.9999| C 7:0.9999| C 8:0.9999| C 9:nan| C 10:nan| C 11:nan
Epoch[112/200] | Loss:0.0001 |Acc: 100.0000|Pred Confidence: 1.00 | C 0:0.9999 | C 1:0.9999 | C 2:0.9999| C 3:0.9999| C 4:0.9999| C 5:0.9999| C 6:0.9999| C 7:0.9999| C 8:0.9999| C 9:nan| C 10:nan| C 11:nan
Epoch[113/200] | Loss:0.0001 |Acc: 100.0000|Pred Confidence: 1.00 | C 0:0.9999 | C 1:0.9999 | C 2:0.9999| C 3:0.9999| C 4:0.9999| C 5:0.9999| C 6:0.9999| C 7:0.9999| C 8:0.9999| C 9:nan| C 10:nan| C 11:nan
Epoch[114/200] | Loss:0.0001 |Acc: 100.0000|Pred Confidence: 1.00 | C 0:0.9999 | C 1:0.9999 | C 2:0.9999| C 3:0.9999| C 4:0.9999| C 5:0.9999| C 6:0.9999| C 7:0.9999| C 8:0.9999| C 9:nan| C 10:nan| C 11:nan
Epoch[115/200] | Loss:0.0001 |Acc: 100.0000|Pred Confidence: 1.00 | C 0:0.9999 | C 1:0.9999 | C 2:0.9999| C 3:0.9999| C 4:0.9999| C 5:0.9999| C 6:0.9999| C 7:0.9999| C 8:0.9999| C 9:nan| C 10:nan| C 11:nan
Epoch[116/200] | Loss:0.0001 |Acc: 100.0000|Pred Confidence: 1.00 | C 0:0.9999 | C 1:0.9999 | C 2:0.9999| C 3:0.9999| C 4:0.9999| C 5:0.9999| C 6:0.9999| C 7:0.9999| C 8:0.9999| C 9:nan| C 10:nan| C 11:nan
Epoch[117/200] | Loss:0.0001 |Acc: 100.0000|Pred Confidence: 1.00 | C 0:0.9999 | C 1:0.9999 | C 2:0.9999| C 3:0.9999| C 4:0.9999| C 5:0.9999| C 6:0.9999| C 7:0.9999| C 8:0.9999| C 9:nan| C 10:nan| C 11:nan
Epoch[118/200] | Loss:0.0001 |Acc: 100.0000|Pred Confidence: 1.00 | C 0:0.9999 | C 1:0.9999 | C 2:0.9999| C 3:0.9999| C 4:0.9999| C 5:0.9999| C 6:0.9999| C 7:0.9999| C 8:0.9999| C 9:nan| C 10:nan| C 11:nan
Epoch[119/200] | Loss:0.0001 |Acc: 100.0000|Pred Confidence: 1.00 | C 0:0.9999 | C 1:0.9999 | C 2:0.9999| C 3:0.9999| C 4:0.9999| C 5:0.9999| C 6:0.9999| C 7:0.9999| C 8:0.9999| C 9:nan| C 10:nan| C 11:nan
Epoch[120/200] | Loss:0.0001 |Acc: 100.0000|Pred Confidence: 1.00 | C 0:0.9999 | C 1:0.9999 | C 2:0.9999| C 3:0.9999| C 4:0.9999| C 5:0.9999| C 6:0.9999| C 7:1.0000| C 8:0.9999| C 9:nan| C 10:nan| C 11:nan
Epoch[121/200] | Loss:0.0001 |Acc: 100.0000|Pred Confidence: 1.00 | C 0:0.9999 | C 1:0.9999 | C 2:0.9999| C 3:0.9999| C 4:0.9999| C 5:0.9999| C 6:0.9999| C 7:1.0000| C 8:0.9999| C 9:nan| C 10:nan| C 11:nan
Epoch[122/200] | Loss:0.0001 |Acc: 100.0000|Pred Confidence: 1.00 | C 0:0.9999 | C 1:0.9999 | C 2:0.9999| C 3:0.9999| C 4:0.9999| C 5:0.9999| C 6:0.9999| C 7:1.0000| C 8:1.0000| C 9:nan| C 10:nan| C 11:nan
Epoch[123/200] | Loss:0.0001 |Acc: 100.0000|Pred Confidence: 1.00 | C 0:0.9999 | C 1:0.9999 | C 2:0.9999| C 3:0.9999| C 4:0.9999| C 5:0.9999| C 6:0.9999| C 7:1.0000| C 8:1.0000| C 9:nan| C 10:nan| C 11:nan
Epoch[124/200] | Loss:0.0001 |Acc: 100.0000|Pred Confidence: 1.00 | C 0:0.9999 | C 1:0.9999 | C 2:0.9999| C 3:0.9999| C 4:0.9999| C 5:0.9999| C 6:1.0000| C 7:1.0000| C 8:1.0000| C 9:nan| C 10:nan| C 11:nan
Epoch[125/200] | Loss:0.0001 |Acc: 100.0000|Pred Confidence: 1.00 | C 0:0.9999 | C 1:0.9999 | C 2:0.9999| C 3:0.9999| C 4:0.9999| C 5:1.0000| C 6:1.0000| C 7:1.0000| C 8:1.0000| C 9:nan| C 10:nan| C 11:nan
Epoch[126/200] | Loss:0.0001 |Acc: 100.0000|Pred Confidence: 1.00 | C 0:0.9999 | C 1:0.9999 | C 2:0.9999| C 3:0.9999| C 4:0.9999| C 5:1.0000| C 6:1.0000| C 7:1.0000| C 8:1.0000| C 9:nan| C 10:nan| C 11:nan
Epoch[127/200] | Loss:0.0001 |Acc: 100.0000|Pred Confidence: 1.00 | C 0:1.0000 | C 1:0.9999 | C 2:0.9999| C 3:0.9999| C 4:0.9999| C 5:1.0000| C 6:1.0000| C 7:1.0000| C 8:1.0000| C 9:nan| C 10:nan| C 11:nan
Epoch[128/200] | Loss:0.0000 |Acc: 100.0000|Pred Confidence: 1.00 | C 0:1.0000 | C 1:0.9999 | C 2:0.9999| C 3:0.9999| C 4:0.9999| C 5:1.0000| C 6:1.0000| C 7:1.0000| C 8:1.0000| C 9:nan| C 10:nan| C 11:nan
Epoch[129/200] | Loss:0.0000 |Acc: 100.0000|Pred Confidence: 1.00 | C 0:1.0000 | C 1:0.9999 | C 2:0.9999| C 3:0.9999| C 4:0.9999| C 5:1.0000| C 6:1.0000| C 7:1.0000| C 8:1.0000| C 9:nan| C 10:nan| C 11:nan
Epoch[130/200] | Loss:0.0000 |Acc: 100.0000|Pred Confidence: 1.00 | C 0:1.0000 | C 1:0.9999 | C 2:0.9999| C 3:0.9999| C 4:0.9999| C 5:1.0000| C 6:1.0000| C 7:1.0000| C 8:1.0000| C 9:nan| C 10:nan| C 11:nan
Epoch[131/200] | Loss:0.0000 |Acc: 100.0000|Pred Confidence: 1.00 | C 0:1.0000 | C 1:0.9999 | C 2:0.9999| C 3:0.9999| C 4:0.9999| C 5:1.0000| C 6:1.0000| C 7:1.0000| C 8:1.0000| C 9:nan| C 10:nan| C 11:nan
Epoch[132/200] | Loss:0.0000 |Acc: 100.0000|Pred Confidence: 1.00 | C 0:1.0000 | C 1:1.0000 | C 2:1.0000| C 3:0.9999| C 4:0.9999| C 5:1.0000| C 6:1.0000| C 7:1.0000| C 8:1.0000| C 9:nan| C 10:nan| C 11:nan
Epoch[133/200] | Loss:0.0000 |Acc: 100.0000|Pred Confidence: 1.00 | C 0:1.0000 | C 1:1.0000 | C 2:1.0000| C 3:0.9999| C 4:0.9999| C 5:1.0000| C 6:1.0000| C 7:1.0000| C 8:1.0000| C 9:nan| C 10:nan| C 11:nan
Epoch[134/200] | Loss:0.0000 |Acc: 100.0000|Pred Confidence: 1.00 | C 0:1.0000 | C 1:1.0000 | C 2:1.0000| C 3:1.0000| C 4:0.9999| C 5:1.0000| C 6:1.0000| C 7:1.0000| C 8:1.0000| C 9:nan| C 10:nan| C 11:nan
Epoch[135/200] | Loss:0.0000 |Acc: 100.0000|Pred Confidence: 1.00 | C 0:1.0000 | C 1:1.0000 | C 2:1.0000| C 3:1.0000| C 4:0.9999| C 5:1.0000| C 6:1.0000| C 7:1.0000| C 8:1.0000| C 9:nan| C 10:nan| C 11:nan
Epoch[136/200] | Loss:0.0000 |Acc: 100.0000|Pred Confidence: 1.00 | C 0:1.0000 | C 1:1.0000 | C 2:1.0000| C 3:1.0000| C 4:0.9999| C 5:1.0000| C 6:1.0000| C 7:1.0000| C 8:1.0000| C 9:nan| C 10:nan| C 11:nan
Epoch[137/200] | Loss:0.0000 |Acc: 100.0000|Pred Confidence: 1.00 | C 0:1.0000 | C 1:1.0000 | C 2:1.0000| C 3:1.0000| C 4:1.0000| C 5:1.0000| C 6:1.0000| C 7:1.0000| C 8:1.0000| C 9:nan| C 10:nan| C 11:nan
Epoch[138/200] | Loss:0.0000 |Acc: 100.0000|Pred Confidence: 1.00 | C 0:1.0000 | C 1:1.0000 | C 2:1.0000| C 3:1.0000| C 4:1.0000| C 5:1.0000| C 6:1.0000| C 7:1.0000| C 8:1.0000| C 9:nan| C 10:nan| C 11:nan
Epoch[139/200] | Loss:0.0000 |Acc: 100.0000|Pred Confidence: 1.00 | C 0:1.0000 | C 1:1.0000 | C 2:1.0000| C 3:1.0000| C 4:1.0000| C 5:1.0000| C 6:1.0000| C 7:1.0000| C 8:1.0000| C 9:nan| C 10:nan| C 11:nan
Epoch[140/200] | Loss:0.0000 |Acc: 100.0000|Pred Confidence: 1.00 | C 0:1.0000 | C 1:1.0000 | C 2:1.0000| C 3:1.0000| C 4:1.0000| C 5:1.0000| C 6:1.0000| C 7:1.0000| C 8:1.0000| C 9:nan| C 10:nan| C 11:nan
Epoch[141/200] | Loss:0.0000 |Acc: 100.0000|Pred Confidence: 1.00 | C 0:1.0000 | C 1:1.0000 | C 2:1.0000| C 3:1.0000| C 4:1.0000| C 5:1.0000| C 6:1.0000| C 7:1.0000| C 8:1.0000| C 9:nan| C 10:nan| C 11:nan
Epoch[142/200] | Loss:0.0000 |Acc: 100.0000|Pred Confidence: 1.00 | C 0:1.0000 | C 1:1.0000 | C 2:1.0000| C 3:1.0000| C 4:1.0000| C 5:1.0000| C 6:1.0000| C 7:1.0000| C 8:1.0000| C 9:nan| C 10:nan| C 11:nan
Epoch[143/200] | Loss:0.0000 |Acc: 100.0000|Pred Confidence: 1.00 | C 0:1.0000 | C 1:1.0000 | C 2:1.0000| C 3:1.0000| C 4:1.0000| C 5:1.0000| C 6:1.0000| C 7:1.0000| C 8:1.0000| C 9:nan| C 10:nan| C 11:nan
Epoch[144/200] | Loss:0.0000 |Acc: 100.0000|Pred Confidence: 1.00 | C 0:1.0000 | C 1:1.0000 | C 2:1.0000| C 3:1.0000| C 4:1.0000| C 5:1.0000| C 6:1.0000| C 7:1.0000| C 8:1.0000| C 9:nan| C 10:nan| C 11:nan
Epoch[145/200] | Loss:0.0000 |Acc: 100.0000|Pred Confidence: 1.00 | C 0:1.0000 | C 1:1.0000 | C 2:1.0000| C 3:1.0000| C 4:1.0000| C 5:1.0000| C 6:1.0000| C 7:1.0000| C 8:1.0000| C 9:nan| C 10:nan| C 11:nan
Epoch[146/200] | Loss:0.0000 |Acc: 100.0000|Pred Confidence: 1.00 | C 0:1.0000 | C 1:1.0000 | C 2:1.0000| C 3:1.0000| C 4:1.0000| C 5:1.0000| C 6:1.0000| C 7:1.0000| C 8:1.0000| C 9:nan| C 10:nan| C 11:nan
Epoch[147/200] | Loss:0.0000 |Acc: 100.0000|Pred Confidence: 1.00 | C 0:1.0000 | C 1:1.0000 | C 2:1.0000| C 3:1.0000| C 4:1.0000| C 5:1.0000| C 6:1.0000| C 7:1.0000| C 8:1.0000| C 9:nan| C 10:nan| C 11:nan
Epoch[148/200] | Loss:0.0000 |Acc: 100.0000|Pred Confidence: 1.00 | C 0:1.0000 | C 1:1.0000 | C 2:1.0000| C 3:1.0000| C 4:1.0000| C 5:1.0000| C 6:1.0000| C 7:1.0000| C 8:1.0000| C 9:nan| C 10:nan| C 11:nan
Epoch[149/200] | Loss:0.0000 |Acc: 100.0000|Pred Confidence: 1.00 | C 0:1.0000 | C 1:1.0000 | C 2:1.0000| C 3:1.0000| C 4:1.0000| C 5:1.0000| C 6:1.0000| C 7:1.0000| C 8:1.0000| C 9:nan| C 10:nan| C 11:nan
Epoch[150/200] | Loss:0.0000 |Acc: 100.0000|Pred Confidence: 1.00 | C 0:1.0000 | C 1:1.0000 | C 2:1.0000| C 3:1.0000| C 4:1.0000| C 5:1.0000| C 6:1.0000| C 7:1.0000| C 8:1.0000| C 9:nan| C 10:nan| C 11:nan
Epoch[151/200] | Loss:0.0000 |Acc: 100.0000|Pred Confidence: 1.00 | C 0:1.0000 | C 1:1.0000 | C 2:1.0000| C 3:1.0000| C 4:1.0000| C 5:1.0000| C 6:1.0000| C 7:1.0000| C 8:1.0000| C 9:nan| C 10:nan| C 11:nan
Epoch[152/200] | Loss:0.0000 |Acc: 100.0000|Pred Confidence: 1.00 | C 0:1.0000 | C 1:1.0000 | C 2:1.0000| C 3:1.0000| C 4:1.0000| C 5:1.0000| C 6:1.0000| C 7:1.0000| C 8:1.0000| C 9:nan| C 10:nan| C 11:nan
Epoch[153/200] | Loss:0.0000 |Acc: 100.0000|Pred Confidence: 1.00 | C 0:1.0000 | C 1:1.0000 | C 2:1.0000| C 3:1.0000| C 4:1.0000| C 5:1.0000| C 6:1.0000| C 7:1.0000| C 8:1.0000| C 9:nan| C 10:nan| C 11:nan
Epoch[154/200] | Loss:0.0000 |Acc: 100.0000|Pred Confidence: 1.00 | C 0:1.0000 | C 1:1.0000 | C 2:1.0000| C 3:1.0000| C 4:1.0000| C 5:1.0000| C 6:1.0000| C 7:1.0000| C 8:1.0000| C 9:nan| C 10:nan| C 11:nan
Epoch[155/200] | Loss:0.0000 |Acc: 100.0000|Pred Confidence: 1.00 | C 0:1.0000 | C 1:1.0000 | C 2:1.0000| C 3:1.0000| C 4:1.0000| C 5:1.0000| C 6:1.0000| C 7:1.0000| C 8:1.0000| C 9:nan| C 10:nan| C 11:nan
Epoch[156/200] | Loss:0.0000 |Acc: 100.0000|Pred Confidence: 1.00 | C 0:1.0000 | C 1:1.0000 | C 2:1.0000| C 3:1.0000| C 4:1.0000| C 5:1.0000| C 6:1.0000| C 7:1.0000| C 8:1.0000| C 9:nan| C 10:nan| C 11:nan
Epoch[157/200] | Loss:0.0000 |Acc: 100.0000|Pred Confidence: 1.00 | C 0:1.0000 | C 1:1.0000 | C 2:1.0000| C 3:1.0000| C 4:1.0000| C 5:1.0000| C 6:1.0000| C 7:1.0000| C 8:1.0000| C 9:nan| C 10:nan| C 11:nan
Epoch[158/200] | Loss:0.0000 |Acc: 100.0000|Pred Confidence: 1.00 | C 0:1.0000 | C 1:1.0000 | C 2:1.0000| C 3:1.0000| C 4:1.0000| C 5:1.0000| C 6:1.0000| C 7:1.0000| C 8:1.0000| C 9:nan| C 10:nan| C 11:nan
Epoch[159/200] | Loss:0.0000 |Acc: 100.0000|Pred Confidence: 1.00 | C 0:1.0000 | C 1:1.0000 | C 2:1.0000| C 3:1.0000| C 4:1.0000| C 5:1.0000| C 6:1.0000| C 7:1.0000| C 8:1.0000| C 9:nan| C 10:nan| C 11:nan
Epoch[160/200] | Loss:0.0000 |Acc: 100.0000|Pred Confidence: 1.00 | C 0:1.0000 | C 1:1.0000 | C 2:1.0000| C 3:1.0000| C 4:1.0000| C 5:1.0000| C 6:1.0000| C 7:1.0000| C 8:1.0000| C 9:nan| C 10:nan| C 11:nan
Epoch[161/200] | Loss:0.0000 |Acc: 100.0000|Pred Confidence: 1.00 | C 0:1.0000 | C 1:1.0000 | C 2:1.0000| C 3:1.0000| C 4:1.0000| C 5:1.0000| C 6:1.0000| C 7:1.0000| C 8:1.0000| C 9:nan| C 10:nan| C 11:nan
Epoch[162/200] | Loss:0.0000 |Acc: 100.0000|Pred Confidence: 1.00 | C 0:1.0000 | C 1:1.0000 | C 2:1.0000| C 3:1.0000| C 4:1.0000| C 5:1.0000| C 6:1.0000| C 7:1.0000| C 8:1.0000| C 9:nan| C 10:nan| C 11:nan
Epoch[163/200] | Loss:0.0000 |Acc: 100.0000|Pred Confidence: 1.00 | C 0:1.0000 | C 1:1.0000 | C 2:1.0000| C 3:1.0000| C 4:1.0000| C 5:1.0000| C 6:1.0000| C 7:1.0000| C 8:1.0000| C 9:nan| C 10:nan| C 11:nan
Epoch[164/200] | Loss:0.0000 |Acc: 100.0000|Pred Confidence: 1.00 | C 0:1.0000 | C 1:1.0000 | C 2:1.0000| C 3:1.0000| C 4:1.0000| C 5:1.0000| C 6:1.0000| C 7:1.0000| C 8:1.0000| C 9:nan| C 10:nan| C 11:nan
Epoch[165/200] | Loss:0.0000 |Acc: 100.0000|Pred Confidence: 1.00 | C 0:1.0000 | C 1:1.0000 | C 2:1.0000| C 3:1.0000| C 4:1.0000| C 5:1.0000| C 6:1.0000| C 7:1.0000| C 8:1.0000| C 9:nan| C 10:nan| C 11:nan
Epoch[166/200] | Loss:0.0000 |Acc: 100.0000|Pred Confidence: 1.00 | C 0:1.0000 | C 1:1.0000 | C 2:1.0000| C 3:1.0000| C 4:1.0000| C 5:1.0000| C 6:1.0000| C 7:1.0000| C 8:1.0000| C 9:nan| C 10:nan| C 11:nan
Epoch[167/200] | Loss:0.0000 |Acc: 100.0000|Pred Confidence: 1.00 | C 0:1.0000 | C 1:1.0000 | C 2:1.0000| C 3:1.0000| C 4:1.0000| C 5:1.0000| C 6:1.0000| C 7:1.0000| C 8:1.0000| C 9:nan| C 10:nan| C 11:nan
Epoch[168/200] | Loss:0.0000 |Acc: 100.0000|Pred Confidence: 1.00 | C 0:1.0000 | C 1:1.0000 | C 2:1.0000| C 3:1.0000| C 4:1.0000| C 5:1.0000| C 6:1.0000| C 7:1.0000| C 8:1.0000| C 9:nan| C 10:nan| C 11:nan
Epoch[169/200] | Loss:0.0000 |Acc: 100.0000|Pred Confidence: 1.00 | C 0:1.0000 | C 1:1.0000 | C 2:1.0000| C 3:1.0000| C 4:1.0000| C 5:1.0000| C 6:1.0000| C 7:1.0000| C 8:1.0000| C 9:nan| C 10:nan| C 11:nan
Epoch[170/200] | Loss:0.0000 |Acc: 100.0000|Pred Confidence: 1.00 | C 0:1.0000 | C 1:1.0000 | C 2:1.0000| C 3:1.0000| C 4:1.0000| C 5:1.0000| C 6:1.0000| C 7:1.0000| C 8:1.0000| C 9:nan| C 10:nan| C 11:nan
Epoch[171/200] | Loss:0.0000 |Acc: 100.0000|Pred Confidence: 1.00 | C 0:1.0000 | C 1:1.0000 | C 2:1.0000| C 3:1.0000| C 4:1.0000| C 5:1.0000| C 6:1.0000| C 7:1.0000| C 8:1.0000| C 9:nan| C 10:nan| C 11:nan
Epoch[172/200] | Loss:0.0000 |Acc: 100.0000|Pred Confidence: 1.00 | C 0:1.0000 | C 1:1.0000 | C 2:1.0000| C 3:1.0000| C 4:1.0000| C 5:1.0000| C 6:1.0000| C 7:1.0000| C 8:1.0000| C 9:nan| C 10:nan| C 11:nan
Epoch[173/200] | Loss:0.0000 |Acc: 100.0000|Pred Confidence: 1.00 | C 0:1.0000 | C 1:1.0000 | C 2:1.0000| C 3:1.0000| C 4:1.0000| C 5:1.0000| C 6:1.0000| C 7:1.0000| C 8:1.0000| C 9:nan| C 10:nan| C 11:nan
Epoch[174/200] | Loss:0.0000 |Acc: 100.0000|Pred Confidence: 1.00 | C 0:1.0000 | C 1:1.0000 | C 2:1.0000| C 3:1.0000| C 4:1.0000| C 5:1.0000| C 6:1.0000| C 7:1.0000| C 8:1.0000| C 9:nan| C 10:nan| C 11:nan
Epoch[175/200] | Loss:0.0000 |Acc: 100.0000|Pred Confidence: 1.00 | C 0:1.0000 | C 1:1.0000 | C 2:1.0000| C 3:1.0000| C 4:1.0000| C 5:1.0000| C 6:1.0000| C 7:1.0000| C 8:1.0000| C 9:nan| C 10:nan| C 11:nan
Epoch[176/200] | Loss:0.0000 |Acc: 100.0000|Pred Confidence: 1.00 | C 0:1.0000 | C 1:1.0000 | C 2:1.0000| C 3:1.0000| C 4:1.0000| C 5:1.0000| C 6:1.0000| C 7:1.0000| C 8:1.0000| C 9:nan| C 10:nan| C 11:nan
Epoch[177/200] | Loss:0.0000 |Acc: 100.0000|Pred Confidence: 1.00 | C 0:1.0000 | C 1:1.0000 | C 2:1.0000| C 3:1.0000| C 4:1.0000| C 5:1.0000| C 6:1.0000| C 7:1.0000| C 8:1.0000| C 9:nan| C 10:nan| C 11:nan
Epoch[178/200] | Loss:0.0000 |Acc: 100.0000|Pred Confidence: 1.00 | C 0:1.0000 | C 1:1.0000 | C 2:1.0000| C 3:1.0000| C 4:1.0000| C 5:1.0000| C 6:1.0000| C 7:1.0000| C 8:1.0000| C 9:nan| C 10:nan| C 11:nan
Epoch[179/200] | Loss:0.0000 |Acc: 100.0000|Pred Confidence: 1.00 | C 0:1.0000 | C 1:1.0000 | C 2:1.0000| C 3:1.0000| C 4:1.0000| C 5:1.0000| C 6:1.0000| C 7:1.0000| C 8:1.0000| C 9:nan| C 10:nan| C 11:nan
Epoch[180/200] | Loss:0.0000 |Acc: 100.0000|Pred Confidence: 1.00 | C 0:1.0000 | C 1:1.0000 | C 2:1.0000| C 3:1.0000| C 4:1.0000| C 5:1.0000| C 6:1.0000| C 7:1.0000| C 8:1.0000| C 9:nan| C 10:nan| C 11:nan
Epoch[181/200] | Loss:0.0000 |Acc: 100.0000|Pred Confidence: 1.00 | C 0:1.0000 | C 1:1.0000 | C 2:1.0000| C 3:1.0000| C 4:1.0000| C 5:1.0000| C 6:1.0000| C 7:1.0000| C 8:1.0000| C 9:nan| C 10:nan| C 11:nan
Epoch[182/200] | Loss:0.0000 |Acc: 100.0000|Pred Confidence: 1.00 | C 0:1.0000 | C 1:1.0000 | C 2:1.0000| C 3:1.0000| C 4:1.0000| C 5:1.0000| C 6:1.0000| C 7:1.0000| C 8:1.0000| C 9:nan| C 10:nan| C 11:nan
Epoch[183/200] | Loss:0.0000 |Acc: 100.0000|Pred Confidence: 1.00 | C 0:1.0000 | C 1:1.0000 | C 2:1.0000| C 3:1.0000| C 4:1.0000| C 5:1.0000| C 6:1.0000| C 7:1.0000| C 8:1.0000| C 9:nan| C 10:nan| C 11:nan
Epoch[184/200] | Loss:0.0000 |Acc: 100.0000|Pred Confidence: 1.00 | C 0:1.0000 | C 1:1.0000 | C 2:1.0000| C 3:1.0000| C 4:1.0000| C 5:1.0000| C 6:1.0000| C 7:1.0000| C 8:1.0000| C 9:nan| C 10:nan| C 11:nan
Epoch[185/200] | Loss:0.0000 |Acc: 100.0000|Pred Confidence: 1.00 | C 0:1.0000 | C 1:1.0000 | C 2:1.0000| C 3:1.0000| C 4:1.0000| C 5:1.0000| C 6:1.0000| C 7:1.0000| C 8:1.0000| C 9:nan| C 10:nan| C 11:nan
Epoch[186/200] | Loss:0.0000 |Acc: 100.0000|Pred Confidence: 1.00 | C 0:1.0000 | C 1:1.0000 | C 2:1.0000| C 3:1.0000| C 4:1.0000| C 5:1.0000| C 6:1.0000| C 7:1.0000| C 8:1.0000| C 9:nan| C 10:nan| C 11:nan
Epoch[187/200] | Loss:0.0000 |Acc: 100.0000|Pred Confidence: 1.00 | C 0:1.0000 | C 1:1.0000 | C 2:1.0000| C 3:1.0000| C 4:1.0000| C 5:1.0000| C 6:1.0000| C 7:1.0000| C 8:1.0000| C 9:nan| C 10:nan| C 11:nan
Epoch[188/200] | Loss:0.0000 |Acc: 100.0000|Pred Confidence: 1.00 | C 0:1.0000 | C 1:1.0000 | C 2:1.0000| C 3:1.0000| C 4:1.0000| C 5:1.0000| C 6:1.0000| C 7:1.0000| C 8:1.0000| C 9:nan| C 10:nan| C 11:nan
Epoch[189/200] | Loss:0.0000 |Acc: 100.0000|Pred Confidence: 1.00 | C 0:1.0000 | C 1:1.0000 | C 2:1.0000| C 3:1.0000| C 4:1.0000| C 5:1.0000| C 6:1.0000| C 7:1.0000| C 8:1.0000| C 9:nan| C 10:nan| C 11:nan
Epoch[190/200] | Loss:0.0000 |Acc: 100.0000|Pred Confidence: 1.00 | C 0:1.0000 | C 1:1.0000 | C 2:1.0000| C 3:1.0000| C 4:1.0000| C 5:1.0000| C 6:1.0000| C 7:1.0000| C 8:1.0000| C 9:nan| C 10:nan| C 11:nan
Epoch[191/200] | Loss:0.0000 |Acc: 100.0000|Pred Confidence: 1.00 | C 0:1.0000 | C 1:1.0000 | C 2:1.0000| C 3:1.0000| C 4:1.0000| C 5:1.0000| C 6:1.0000| C 7:1.0000| C 8:1.0000| C 9:nan| C 10:nan| C 11:nan
Epoch[192/200] | Loss:0.0000 |Acc: 100.0000|Pred Confidence: 1.00 | C 0:1.0000 | C 1:1.0000 | C 2:1.0000| C 3:1.0000| C 4:1.0000| C 5:1.0000| C 6:1.0000| C 7:1.0000| C 8:1.0000| C 9:nan| C 10:nan| C 11:nan
Epoch[193/200] | Loss:0.0000 |Acc: 100.0000|Pred Confidence: 1.00 | C 0:1.0000 | C 1:1.0000 | C 2:1.0000| C 3:1.0000| C 4:1.0000| C 5:1.0000| C 6:1.0000| C 7:1.0000| C 8:1.0000| C 9:nan| C 10:nan| C 11:nan
Epoch[194/200] | Loss:0.0000 |Acc: 100.0000|Pred Confidence: 1.00 | C 0:1.0000 | C 1:1.0000 | C 2:1.0000| C 3:1.0000| C 4:1.0000| C 5:1.0000| C 6:1.0000| C 7:1.0000| C 8:1.0000| C 9:nan| C 10:nan| C 11:nan
Epoch[195/200] | Loss:0.0000 |Acc: 100.0000|Pred Confidence: 1.00 | C 0:1.0000 | C 1:1.0000 | C 2:1.0000| C 3:1.0000| C 4:1.0000| C 5:1.0000| C 6:1.0000| C 7:1.0000| C 8:1.0000| C 9:nan| C 10:nan| C 11:nan
Epoch[196/200] | Loss:0.0000 |Acc: 100.0000|Pred Confidence: 1.00 | C 0:1.0000 | C 1:1.0000 | C 2:1.0000| C 3:1.0000| C 4:1.0000| C 5:1.0000| C 6:1.0000| C 7:1.0000| C 8:1.0000| C 9:nan| C 10:nan| C 11:nan
Epoch[197/200] | Loss:0.0000 |Acc: 100.0000|Pred Confidence: 1.00 | C 0:1.0000 | C 1:1.0000 | C 2:1.0000| C 3:1.0000| C 4:1.0000| C 5:1.0000| C 6:1.0000| C 7:1.0000| C 8:1.0000| C 9:nan| C 10:nan| C 11:nan
Epoch[198/200] | Loss:0.0000 |Acc: 100.0000|Pred Confidence: 1.00 | C 0:1.0000 | C 1:1.0000 | C 2:1.0000| C 3:1.0000| C 4:1.0000| C 5:1.0000| C 6:1.0000| C 7:1.0000| C 8:1.0000| C 9:nan| C 10:nan| C 11:nan
Epoch[199/200] | Loss:0.0000 |Acc: 100.0000|Pred Confidence: 1.00 | C 0:1.0000 | C 1:1.0000 | C 2:1.0000| C 3:1.0000| C 4:1.0000| C 5:1.0000| C 6:1.0000| C 7:1.0000| C 8:1.0000| C 9:nan| C 10:nan| C 11:nan
Epoch[200/200] | Loss:0.0000 |Acc: 100.0000|Pred Confidence: 1.00 | C 0:1.0000 | C 1:1.0000 | C 2:1.0000| C 3:1.0000| C 4:1.0000| C 5:1.0000| C 6:1.0000| C 7:1.0000| C 8:1.0000| C 9:nan| C 10:nan| C 11:nan
Test 1 Accuracy 100.0 | Confidence ({0: array([0.9999976], dtype=float32), 1: array([0.99999714], dtype=float32), 2: array([0.9999974], dtype=float32), 3: array([0.9999969], dtype=float32), 4: array([0.9999962], dtype=float32), 5: array([0.99999774], dtype=float32), 6: array([0.99999785], dtype=float32), 7: array([0.9999981], dtype=float32), 8: array([0.999998], dtype=float32)}, 0.99999744)
Train 1 Accuracy 100.0 | Confidence ({0: array([0.9999978], dtype=float32), 1: array([0.9999973], dtype=float32), 2: array([0.99999726], dtype=float32), 3: array([0.99999726], dtype=float32), 4: array([0.99999624], dtype=float32), 5: array([0.9999978], dtype=float32), 6: array([0.99999815], dtype=float32), 7: array([0.99999815], dtype=float32), 8: array([0.9999981], dtype=float32)}, 0.99999756)
