Config: 
 {
  "model_save_path": "/tmp/",
  "model": "cnn",
  "loss": "ce",
  "model_name": "AtrialFibrilation_mc_cnn_ce_mc",
  "dependency_meta": "",
  "timesteps": 1280,
  "num_classes": 3,
  "num_features": 2,
  "rnn_config": {
    "ninp": 1,
    "nhid": 75,
    "nlayers": 3,
    "nclasses": 3
  },
  "dnn_config": {
    "layers": [
      2100,
      900,
      300,
      3
    ]
  },
  "cnn_config": {
    "ninp": 1,
    "nlayers": 3,
    "nclasses": 3
  },
  "batch_size": 1,
  "num_epochs": 500,
  "learning_rate": 0.001
}
Model: 
 CNN(
  (cnn_cell): Conv2d(1, 1, kernel_size=(1, 1), stride=(1, 1))
  (fc1): Linear(in_features=1280, out_features=10, bias=True)
  (fc2): Linear(in_features=10, out_features=3, bias=True)
)
Epoch[1/500] | Loss:1.6913 |Acc: 26.6667|Pred Confidence: nan | C 0:0.4552 | C 1:nan | C 2:nan| C 3:nan| C 4:nan| C 5:nan| C 6:nan| C 7:nan| C 8:nan| C 9:nan| C 10:nan| C 11:nan
Epoch[2/500] | Loss:0.9256 |Acc: 66.6667|Pred Confidence: nan | C 0:0.4570 | C 1:0.3741 | C 2:0.4288| C 3:nan| C 4:nan| C 5:nan| C 6:nan| C 7:nan| C 8:nan| C 9:nan| C 10:nan| C 11:nan
Epoch[3/500] | Loss:0.9379 |Acc: 60.0000|Pred Confidence: nan | C 0:0.3973 | C 1:0.3901 | C 2:0.5194| C 3:nan| C 4:nan| C 5:nan| C 6:nan| C 7:nan| C 8:nan| C 9:nan| C 10:nan| C 11:nan
Epoch[4/500] | Loss:0.8438 |Acc: 80.0000|Pred Confidence: nan | C 0:0.4197 | C 1:0.4546 | C 2:0.5194| C 3:nan| C 4:nan| C 5:nan| C 6:nan| C 7:nan| C 8:nan| C 9:nan| C 10:nan| C 11:nan
Epoch[5/500] | Loss:0.7172 |Acc: 100.0000|Pred Confidence: 0.50 | C 0:0.4260 | C 1:0.5056 | C 2:0.5716| C 3:nan| C 4:nan| C 5:nan| C 6:nan| C 7:nan| C 8:nan| C 9:nan| C 10:nan| C 11:nan
Epoch[6/500] | Loss:0.6137 |Acc: 100.0000|Pred Confidence: 0.56 | C 0:0.4833 | C 1:0.5444 | C 2:0.6385| C 3:nan| C 4:nan| C 5:nan| C 6:nan| C 7:nan| C 8:nan| C 9:nan| C 10:nan| C 11:nan
Epoch[7/500] | Loss:0.5219 |Acc: 100.0000|Pred Confidence: 0.61 | C 0:0.5345 | C 1:0.5995 | C 2:0.6898| C 3:nan| C 4:nan| C 5:nan| C 6:nan| C 7:nan| C 8:nan| C 9:nan| C 10:nan| C 11:nan
Epoch[8/500] | Loss:0.4356 |Acc: 100.0000|Pred Confidence: 0.66 | C 0:0.5884 | C 1:0.6596 | C 2:0.7345| C 3:nan| C 4:nan| C 5:nan| C 6:nan| C 7:nan| C 8:nan| C 9:nan| C 10:nan| C 11:nan
Epoch[9/500] | Loss:0.3577 |Acc: 100.0000|Pred Confidence: 0.71 | C 0:0.6448 | C 1:0.7137 | C 2:0.7766| C 3:nan| C 4:nan| C 5:nan| C 6:nan| C 7:nan| C 8:nan| C 9:nan| C 10:nan| C 11:nan
Epoch[10/500] | Loss:0.2901 |Acc: 100.0000|Pred Confidence: 0.76 | C 0:0.6998 | C 1:0.7618 | C 2:0.8139| C 3:nan| C 4:nan| C 5:nan| C 6:nan| C 7:nan| C 8:nan| C 9:nan| C 10:nan| C 11:nan
Epoch[11/500] | Loss:0.2333 |Acc: 100.0000|Pred Confidence: 0.80 | C 0:0.7502 | C 1:0.8043 | C 2:0.8455| C 3:nan| C 4:nan| C 5:nan| C 6:nan| C 7:nan| C 8:nan| C 9:nan| C 10:nan| C 11:nan
Epoch[12/500] | Loss:0.1871 |Acc: 100.0000|Pred Confidence: 0.84 | C 0:0.7940 | C 1:0.8406 | C 2:0.8719| C 3:nan| C 4:nan| C 5:nan| C 6:nan| C 7:nan| C 8:nan| C 9:nan| C 10:nan| C 11:nan
Epoch[13/500] | Loss:0.1504 |Acc: 100.0000|Pred Confidence: 0.86 | C 0:0.8307 | C 1:0.8702 | C 2:0.8936| C 3:nan| C 4:nan| C 5:nan| C 6:nan| C 7:nan| C 8:nan| C 9:nan| C 10:nan| C 11:nan
Epoch[14/500] | Loss:0.1216 |Acc: 100.0000|Pred Confidence: 0.89 | C 0:0.8609 | C 1:0.8940 | C 2:0.9113| C 3:nan| C 4:nan| C 5:nan| C 6:nan| C 7:nan| C 8:nan| C 9:nan| C 10:nan| C 11:nan
Epoch[15/500] | Loss:0.0993 |Acc: 100.0000|Pred Confidence: 0.91 | C 0:0.8851 | C 1:0.9128 | C 2:0.9255| C 3:nan| C 4:nan| C 5:nan| C 6:nan| C 7:nan| C 8:nan| C 9:nan| C 10:nan| C 11:nan
Epoch[16/500] | Loss:0.0819 |Acc: 100.0000|Pred Confidence: 0.92 | C 0:0.9045 | C 1:0.9277 | C 2:0.9369| C 3:nan| C 4:nan| C 5:nan| C 6:nan| C 7:nan| C 8:nan| C 9:nan| C 10:nan| C 11:nan
Epoch[17/500] | Loss:0.0683 |Acc: 100.0000|Pred Confidence: 0.94 | C 0:0.9199 | C 1:0.9394 | C 2:0.9461| C 3:nan| C 4:nan| C 5:nan| C 6:nan| C 7:nan| C 8:nan| C 9:nan| C 10:nan| C 11:nan
Epoch[18/500] | Loss:0.0577 |Acc: 100.0000|Pred Confidence: 0.94 | C 0:0.9322 | C 1:0.9487 | C 2:0.9536| C 3:nan| C 4:nan| C 5:nan| C 6:nan| C 7:nan| C 8:nan| C 9:nan| C 10:nan| C 11:nan
Epoch[19/500] | Loss:0.0492 |Acc: 100.0000|Pred Confidence: 0.95 | C 0:0.9421 | C 1:0.9562 | C 2:0.9597| C 3:nan| C 4:nan| C 5:nan| C 6:nan| C 7:nan| C 8:nan| C 9:nan| C 10:nan| C 11:nan
Epoch[20/500] | Loss:0.0424 |Acc: 100.0000|Pred Confidence: 0.96 | C 0:0.9501 | C 1:0.9622 | C 2:0.9647| C 3:nan| C 4:nan| C 5:nan| C 6:nan| C 7:nan| C 8:nan| C 9:nan| C 10:nan| C 11:nan
Epoch[21/500] | Loss:0.0369 |Acc: 100.0000|Pred Confidence: 0.96 | C 0:0.9566 | C 1:0.9671 | C 2:0.9689| C 3:nan| C 4:nan| C 5:nan| C 6:nan| C 7:nan| C 8:nan| C 9:nan| C 10:nan| C 11:nan
Epoch[22/500] | Loss:0.0323 |Acc: 100.0000|Pred Confidence: 0.97 | C 0:0.9620 | C 1:0.9711 | C 2:0.9724| C 3:nan| C 4:nan| C 5:nan| C 6:nan| C 7:nan| C 8:nan| C 9:nan| C 10:nan| C 11:nan
Epoch[23/500] | Loss:0.0286 |Acc: 100.0000|Pred Confidence: 0.97 | C 0:0.9665 | C 1:0.9745 | C 2:0.9753| C 3:nan| C 4:nan| C 5:nan| C 6:nan| C 7:nan| C 8:nan| C 9:nan| C 10:nan| C 11:nan
Epoch[24/500] | Loss:0.0254 |Acc: 100.0000|Pred Confidence: 0.98 | C 0:0.9702 | C 1:0.9773 | C 2:0.9778| C 3:nan| C 4:nan| C 5:nan| C 6:nan| C 7:nan| C 8:nan| C 9:nan| C 10:nan| C 11:nan
Epoch[25/500] | Loss:0.0227 |Acc: 100.0000|Pred Confidence: 0.98 | C 0:0.9734 | C 1:0.9796 | C 2:0.9800| C 3:nan| C 4:nan| C 5:nan| C 6:nan| C 7:nan| C 8:nan| C 9:nan| C 10:nan| C 11:nan
Epoch[26/500] | Loss:0.0205 |Acc: 100.0000|Pred Confidence: 0.98 | C 0:0.9761 | C 1:0.9817 | C 2:0.9818| C 3:nan| C 4:nan| C 5:nan| C 6:nan| C 7:nan| C 8:nan| C 9:nan| C 10:nan| C 11:nan
Epoch[27/500] | Loss:0.0185 |Acc: 100.0000|Pred Confidence: 0.98 | C 0:0.9784 | C 1:0.9834 | C 2:0.9834| C 3:nan| C 4:nan| C 5:nan| C 6:nan| C 7:nan| C 8:nan| C 9:nan| C 10:nan| C 11:nan
Epoch[28/500] | Loss:0.0168 |Acc: 100.0000|Pred Confidence: 0.98 | C 0:0.9804 | C 1:0.9849 | C 2:0.9849| C 3:nan| C 4:nan| C 5:nan| C 6:nan| C 7:nan| C 8:nan| C 9:nan| C 10:nan| C 11:nan
Epoch[29/500] | Loss:0.0154 |Acc: 100.0000|Pred Confidence: 0.98 | C 0:0.9821 | C 1:0.9862 | C 2:0.9861| C 3:nan| C 4:nan| C 5:nan| C 6:nan| C 7:nan| C 8:nan| C 9:nan| C 10:nan| C 11:nan
Epoch[30/500] | Loss:0.0141 |Acc: 100.0000|Pred Confidence: 0.99 | C 0:0.9836 | C 1:0.9874 | C 2:0.9872| C 3:nan| C 4:nan| C 5:nan| C 6:nan| C 7:nan| C 8:nan| C 9:nan| C 10:nan| C 11:nan
Epoch[31/500] | Loss:0.0130 |Acc: 100.0000|Pred Confidence: 0.99 | C 0:0.9850 | C 1:0.9884 | C 2:0.9881| C 3:nan| C 4:nan| C 5:nan| C 6:nan| C 7:nan| C 8:nan| C 9:nan| C 10:nan| C 11:nan
Epoch[32/500] | Loss:0.0120 |Acc: 100.0000|Pred Confidence: 0.99 | C 0:0.9861 | C 1:0.9893 | C 2:0.9890| C 3:nan| C 4:nan| C 5:nan| C 6:nan| C 7:nan| C 8:nan| C 9:nan| C 10:nan| C 11:nan
Epoch[33/500] | Loss:0.0111 |Acc: 100.0000|Pred Confidence: 0.99 | C 0:0.9872 | C 1:0.9901 | C 2:0.9898| C 3:nan| C 4:nan| C 5:nan| C 6:nan| C 7:nan| C 8:nan| C 9:nan| C 10:nan| C 11:nan
Epoch[34/500] | Loss:0.0103 |Acc: 100.0000|Pred Confidence: 0.99 | C 0:0.9881 | C 1:0.9908 | C 2:0.9905| C 3:nan| C 4:nan| C 5:nan| C 6:nan| C 7:nan| C 8:nan| C 9:nan| C 10:nan| C 11:nan
Epoch[35/500] | Loss:0.0096 |Acc: 100.0000|Pred Confidence: 0.99 | C 0:0.9890 | C 1:0.9914 | C 2:0.9911| C 3:nan| C 4:nan| C 5:nan| C 6:nan| C 7:nan| C 8:nan| C 9:nan| C 10:nan| C 11:nan
Epoch[36/500] | Loss:0.0089 |Acc: 100.0000|Pred Confidence: 0.99 | C 0:0.9897 | C 1:0.9920 | C 2:0.9917| C 3:nan| C 4:nan| C 5:nan| C 6:nan| C 7:nan| C 8:nan| C 9:nan| C 10:nan| C 11:nan
Epoch[37/500] | Loss:0.0084 |Acc: 100.0000|Pred Confidence: 0.99 | C 0:0.9904 | C 1:0.9925 | C 2:0.9922| C 3:nan| C 4:nan| C 5:nan| C 6:nan| C 7:nan| C 8:nan| C 9:nan| C 10:nan| C 11:nan
Epoch[38/500] | Loss:0.0078 |Acc: 100.0000|Pred Confidence: 0.99 | C 0:0.9910 | C 1:0.9930 | C 2:0.9926| C 3:nan| C 4:nan| C 5:nan| C 6:nan| C 7:nan| C 8:nan| C 9:nan| C 10:nan| C 11:nan
Epoch[39/500] | Loss:0.0074 |Acc: 100.0000|Pred Confidence: 0.99 | C 0:0.9916 | C 1:0.9934 | C 2:0.9931| C 3:nan| C 4:nan| C 5:nan| C 6:nan| C 7:nan| C 8:nan| C 9:nan| C 10:nan| C 11:nan
Epoch[40/500] | Loss:0.0069 |Acc: 100.0000|Pred Confidence: 0.99 | C 0:0.9921 | C 1:0.9938 | C 2:0.9935| C 3:nan| C 4:nan| C 5:nan| C 6:nan| C 7:nan| C 8:nan| C 9:nan| C 10:nan| C 11:nan
Epoch[41/500] | Loss:0.0065 |Acc: 100.0000|Pred Confidence: 0.99 | C 0:0.9925 | C 1:0.9941 | C 2:0.9938| C 3:nan| C 4:nan| C 5:nan| C 6:nan| C 7:nan| C 8:nan| C 9:nan| C 10:nan| C 11:nan
Epoch[42/500] | Loss:0.0062 |Acc: 100.0000|Pred Confidence: 0.99 | C 0:0.9930 | C 1:0.9945 | C 2:0.9941| C 3:nan| C 4:nan| C 5:nan| C 6:nan| C 7:nan| C 8:nan| C 9:nan| C 10:nan| C 11:nan
Epoch[43/500] | Loss:0.0058 |Acc: 100.0000|Pred Confidence: 0.99 | C 0:0.9933 | C 1:0.9948 | C 2:0.9944| C 3:nan| C 4:nan| C 5:nan| C 6:nan| C 7:nan| C 8:nan| C 9:nan| C 10:nan| C 11:nan
Epoch[44/500] | Loss:0.0055 |Acc: 100.0000|Pred Confidence: 0.99 | C 0:0.9937 | C 1:0.9950 | C 2:0.9947| C 3:nan| C 4:nan| C 5:nan| C 6:nan| C 7:nan| C 8:nan| C 9:nan| C 10:nan| C 11:nan
Epoch[45/500] | Loss:0.0053 |Acc: 100.0000|Pred Confidence: 0.99 | C 0:0.9940 | C 1:0.9953 | C 2:0.9950| C 3:nan| C 4:nan| C 5:nan| C 6:nan| C 7:nan| C 8:nan| C 9:nan| C 10:nan| C 11:nan
Epoch[46/500] | Loss:0.0050 |Acc: 100.0000|Pred Confidence: 1.00 | C 0:0.9943 | C 1:0.9955 | C 2:0.9952| C 3:nan| C 4:nan| C 5:nan| C 6:nan| C 7:nan| C 8:nan| C 9:nan| C 10:nan| C 11:nan
Epoch[47/500] | Loss:0.0047 |Acc: 100.0000|Pred Confidence: 1.00 | C 0:0.9946 | C 1:0.9957 | C 2:0.9955| C 3:nan| C 4:nan| C 5:nan| C 6:nan| C 7:nan| C 8:nan| C 9:nan| C 10:nan| C 11:nan
Epoch[48/500] | Loss:0.0045 |Acc: 100.0000|Pred Confidence: 1.00 | C 0:0.9949 | C 1:0.9959 | C 2:0.9957| C 3:nan| C 4:nan| C 5:nan| C 6:nan| C 7:nan| C 8:nan| C 9:nan| C 10:nan| C 11:nan
Epoch[49/500] | Loss:0.0043 |Acc: 100.0000|Pred Confidence: 1.00 | C 0:0.9951 | C 1:0.9961 | C 2:0.9959| C 3:nan| C 4:nan| C 5:nan| C 6:nan| C 7:nan| C 8:nan| C 9:nan| C 10:nan| C 11:nan
Epoch[50/500] | Loss:0.0041 |Acc: 100.0000|Pred Confidence: 1.00 | C 0:0.9954 | C 1:0.9963 | C 2:0.9960| C 3:nan| C 4:nan| C 5:nan| C 6:nan| C 7:nan| C 8:nan| C 9:nan| C 10:nan| C 11:nan
Epoch[51/500] | Loss:0.0039 |Acc: 100.0000|Pred Confidence: 1.00 | C 0:0.9956 | C 1:0.9965 | C 2:0.9962| C 3:nan| C 4:nan| C 5:nan| C 6:nan| C 7:nan| C 8:nan| C 9:nan| C 10:nan| C 11:nan
Epoch[52/500] | Loss:0.0038 |Acc: 100.0000|Pred Confidence: 1.00 | C 0:0.9958 | C 1:0.9966 | C 2:0.9964| C 3:nan| C 4:nan| C 5:nan| C 6:nan| C 7:nan| C 8:nan| C 9:nan| C 10:nan| C 11:nan
Epoch[53/500] | Loss:0.0036 |Acc: 100.0000|Pred Confidence: 1.00 | C 0:0.9960 | C 1:0.9968 | C 2:0.9965| C 3:nan| C 4:nan| C 5:nan| C 6:nan| C 7:nan| C 8:nan| C 9:nan| C 10:nan| C 11:nan
Epoch[54/500] | Loss:0.0034 |Acc: 100.0000|Pred Confidence: 1.00 | C 0:0.9961 | C 1:0.9969 | C 2:0.9967| C 3:nan| C 4:nan| C 5:nan| C 6:nan| C 7:nan| C 8:nan| C 9:nan| C 10:nan| C 11:nan
Epoch[55/500] | Loss:0.0033 |Acc: 100.0000|Pred Confidence: 1.00 | C 0:0.9963 | C 1:0.9970 | C 2:0.9968| C 3:nan| C 4:nan| C 5:nan| C 6:nan| C 7:nan| C 8:nan| C 9:nan| C 10:nan| C 11:nan
Epoch[56/500] | Loss:0.0032 |Acc: 100.0000|Pred Confidence: 1.00 | C 0:0.9964 | C 1:0.9971 | C 2:0.9969| C 3:nan| C 4:nan| C 5:nan| C 6:nan| C 7:nan| C 8:nan| C 9:nan| C 10:nan| C 11:nan
Epoch[57/500] | Loss:0.0030 |Acc: 100.0000|Pred Confidence: 1.00 | C 0:0.9966 | C 1:0.9973 | C 2:0.9970| C 3:nan| C 4:nan| C 5:nan| C 6:nan| C 7:nan| C 8:nan| C 9:nan| C 10:nan| C 11:nan
Epoch[58/500] | Loss:0.0029 |Acc: 100.0000|Pred Confidence: 1.00 | C 0:0.9967 | C 1:0.9974 | C 2:0.9972| C 3:nan| C 4:nan| C 5:nan| C 6:nan| C 7:nan| C 8:nan| C 9:nan| C 10:nan| C 11:nan
Epoch[59/500] | Loss:0.0028 |Acc: 100.0000|Pred Confidence: 1.00 | C 0:0.9968 | C 1:0.9975 | C 2:0.9973| C 3:nan| C 4:nan| C 5:nan| C 6:nan| C 7:nan| C 8:nan| C 9:nan| C 10:nan| C 11:nan
Epoch[60/500] | Loss:0.0027 |Acc: 100.0000|Pred Confidence: 1.00 | C 0:0.9970 | C 1:0.9976 | C 2:0.9974| C 3:nan| C 4:nan| C 5:nan| C 6:nan| C 7:nan| C 8:nan| C 9:nan| C 10:nan| C 11:nan
Epoch[61/500] | Loss:0.0026 |Acc: 100.0000|Pred Confidence: 1.00 | C 0:0.9971 | C 1:0.9977 | C 2:0.9975| C 3:nan| C 4:nan| C 5:nan| C 6:nan| C 7:nan| C 8:nan| C 9:nan| C 10:nan| C 11:nan
Epoch[62/500] | Loss:0.0025 |Acc: 100.0000|Pred Confidence: 1.00 | C 0:0.9972 | C 1:0.9977 | C 2:0.9975| C 3:nan| C 4:nan| C 5:nan| C 6:nan| C 7:nan| C 8:nan| C 9:nan| C 10:nan| C 11:nan
Epoch[63/500] | Loss:0.0024 |Acc: 100.0000|Pred Confidence: 1.00 | C 0:0.9973 | C 1:0.9978 | C 2:0.9976| C 3:nan| C 4:nan| C 5:nan| C 6:nan| C 7:nan| C 8:nan| C 9:nan| C 10:nan| C 11:nan
Epoch[64/500] | Loss:0.0023 |Acc: 100.0000|Pred Confidence: 1.00 | C 0:0.9974 | C 1:0.9979 | C 2:0.9977| C 3:nan| C 4:nan| C 5:nan| C 6:nan| C 7:nan| C 8:nan| C 9:nan| C 10:nan| C 11:nan
Epoch[65/500] | Loss:0.0023 |Acc: 100.0000|Pred Confidence: 1.00 | C 0:0.9975 | C 1:0.9980 | C 2:0.9978| C 3:nan| C 4:nan| C 5:nan| C 6:nan| C 7:nan| C 8:nan| C 9:nan| C 10:nan| C 11:nan
Epoch[66/500] | Loss:0.0022 |Acc: 100.0000|Pred Confidence: 1.00 | C 0:0.9976 | C 1:0.9980 | C 2:0.9979| C 3:nan| C 4:nan| C 5:nan| C 6:nan| C 7:nan| C 8:nan| C 9:nan| C 10:nan| C 11:nan
Epoch[67/500] | Loss:0.0021 |Acc: 100.0000|Pred Confidence: 1.00 | C 0:0.9977 | C 1:0.9981 | C 2:0.9979| C 3:nan| C 4:nan| C 5:nan| C 6:nan| C 7:nan| C 8:nan| C 9:nan| C 10:nan| C 11:nan
Epoch[68/500] | Loss:0.0020 |Acc: 100.0000|Pred Confidence: 1.00 | C 0:0.9977 | C 1:0.9982 | C 2:0.9980| C 3:nan| C 4:nan| C 5:nan| C 6:nan| C 7:nan| C 8:nan| C 9:nan| C 10:nan| C 11:nan
Epoch[69/500] | Loss:0.0020 |Acc: 100.0000|Pred Confidence: 1.00 | C 0:0.9978 | C 1:0.9982 | C 2:0.9981| C 3:nan| C 4:nan| C 5:nan| C 6:nan| C 7:nan| C 8:nan| C 9:nan| C 10:nan| C 11:nan
Epoch[70/500] | Loss:0.0019 |Acc: 100.0000|Pred Confidence: 1.00 | C 0:0.9979 | C 1:0.9983 | C 2:0.9981| C 3:nan| C 4:nan| C 5:nan| C 6:nan| C 7:nan| C 8:nan| C 9:nan| C 10:nan| C 11:nan
Epoch[71/500] | Loss:0.0019 |Acc: 100.0000|Pred Confidence: 1.00 | C 0:0.9979 | C 1:0.9983 | C 2:0.9982| C 3:nan| C 4:nan| C 5:nan| C 6:nan| C 7:nan| C 8:nan| C 9:nan| C 10:nan| C 11:nan
Epoch[72/500] | Loss:0.0018 |Acc: 100.0000|Pred Confidence: 1.00 | C 0:0.9980 | C 1:0.9984 | C 2:0.9982| C 3:nan| C 4:nan| C 5:nan| C 6:nan| C 7:nan| C 8:nan| C 9:nan| C 10:nan| C 11:nan
Epoch[73/500] | Loss:0.0017 |Acc: 100.0000|Pred Confidence: 1.00 | C 0:0.9981 | C 1:0.9984 | C 2:0.9983| C 3:nan| C 4:nan| C 5:nan| C 6:nan| C 7:nan| C 8:nan| C 9:nan| C 10:nan| C 11:nan
Epoch[74/500] | Loss:0.0017 |Acc: 100.0000|Pred Confidence: 1.00 | C 0:0.9981 | C 1:0.9985 | C 2:0.9983| C 3:nan| C 4:nan| C 5:nan| C 6:nan| C 7:nan| C 8:nan| C 9:nan| C 10:nan| C 11:nan
Epoch[75/500] | Loss:0.0016 |Acc: 100.0000|Pred Confidence: 1.00 | C 0:0.9982 | C 1:0.9985 | C 2:0.9984| C 3:nan| C 4:nan| C 5:nan| C 6:nan| C 7:nan| C 8:nan| C 9:nan| C 10:nan| C 11:nan
Epoch[76/500] | Loss:0.0016 |Acc: 100.0000|Pred Confidence: 1.00 | C 0:0.9982 | C 1:0.9986 | C 2:0.9984| C 3:nan| C 4:nan| C 5:nan| C 6:nan| C 7:nan| C 8:nan| C 9:nan| C 10:nan| C 11:nan
Epoch[77/500] | Loss:0.0015 |Acc: 100.0000|Pred Confidence: 1.00 | C 0:0.9983 | C 1:0.9986 | C 2:0.9985| C 3:nan| C 4:nan| C 5:nan| C 6:nan| C 7:nan| C 8:nan| C 9:nan| C 10:nan| C 11:nan
Epoch[78/500] | Loss:0.0015 |Acc: 100.0000|Pred Confidence: 1.00 | C 0:0.9983 | C 1:0.9986 | C 2:0.9985| C 3:nan| C 4:nan| C 5:nan| C 6:nan| C 7:nan| C 8:nan| C 9:nan| C 10:nan| C 11:nan
Epoch[79/500] | Loss:0.0015 |Acc: 100.0000|Pred Confidence: 1.00 | C 0:0.9984 | C 1:0.9987 | C 2:0.9986| C 3:nan| C 4:nan| C 5:nan| C 6:nan| C 7:nan| C 8:nan| C 9:nan| C 10:nan| C 11:nan
Epoch[80/500] | Loss:0.0014 |Acc: 100.0000|Pred Confidence: 1.00 | C 0:0.9984 | C 1:0.9987 | C 2:0.9986| C 3:nan| C 4:nan| C 5:nan| C 6:nan| C 7:nan| C 8:nan| C 9:nan| C 10:nan| C 11:nan
Epoch[81/500] | Loss:0.0014 |Acc: 100.0000|Pred Confidence: 1.00 | C 0:0.9985 | C 1:0.9988 | C 2:0.9986| C 3:nan| C 4:nan| C 5:nan| C 6:nan| C 7:nan| C 8:nan| C 9:nan| C 10:nan| C 11:nan
Epoch[82/500] | Loss:0.0013 |Acc: 100.0000|Pred Confidence: 1.00 | C 0:0.9985 | C 1:0.9988 | C 2:0.9987| C 3:nan| C 4:nan| C 5:nan| C 6:nan| C 7:nan| C 8:nan| C 9:nan| C 10:nan| C 11:nan
Epoch[83/500] | Loss:0.0013 |Acc: 100.0000|Pred Confidence: 1.00 | C 0:0.9986 | C 1:0.9988 | C 2:0.9987| C 3:nan| C 4:nan| C 5:nan| C 6:nan| C 7:nan| C 8:nan| C 9:nan| C 10:nan| C 11:nan
Epoch[84/500] | Loss:0.0013 |Acc: 100.0000|Pred Confidence: 1.00 | C 0:0.9986 | C 1:0.9989 | C 2:0.9987| C 3:nan| C 4:nan| C 5:nan| C 6:nan| C 7:nan| C 8:nan| C 9:nan| C 10:nan| C 11:nan
Epoch[85/500] | Loss:0.0012 |Acc: 100.0000|Pred Confidence: 1.00 | C 0:0.9986 | C 1:0.9989 | C 2:0.9988| C 3:nan| C 4:nan| C 5:nan| C 6:nan| C 7:nan| C 8:nan| C 9:nan| C 10:nan| C 11:nan
Epoch[86/500] | Loss:0.0012 |Acc: 100.0000|Pred Confidence: 1.00 | C 0:0.9987 | C 1:0.9989 | C 2:0.9988| C 3:nan| C 4:nan| C 5:nan| C 6:nan| C 7:nan| C 8:nan| C 9:nan| C 10:nan| C 11:nan
Epoch[87/500] | Loss:0.0012 |Acc: 100.0000|Pred Confidence: 1.00 | C 0:0.9987 | C 1:0.9989 | C 2:0.9988| C 3:nan| C 4:nan| C 5:nan| C 6:nan| C 7:nan| C 8:nan| C 9:nan| C 10:nan| C 11:nan
Epoch[88/500] | Loss:0.0011 |Acc: 100.0000|Pred Confidence: 1.00 | C 0:0.9987 | C 1:0.9990 | C 2:0.9989| C 3:nan| C 4:nan| C 5:nan| C 6:nan| C 7:nan| C 8:nan| C 9:nan| C 10:nan| C 11:nan
Epoch[89/500] | Loss:0.0011 |Acc: 100.0000|Pred Confidence: 1.00 | C 0:0.9988 | C 1:0.9990 | C 2:0.9989| C 3:nan| C 4:nan| C 5:nan| C 6:nan| C 7:nan| C 8:nan| C 9:nan| C 10:nan| C 11:nan
Epoch[90/500] | Loss:0.0011 |Acc: 100.0000|Pred Confidence: 1.00 | C 0:0.9988 | C 1:0.9990 | C 2:0.9989| C 3:nan| C 4:nan| C 5:nan| C 6:nan| C 7:nan| C 8:nan| C 9:nan| C 10:nan| C 11:nan
Epoch[91/500] | Loss:0.0011 |Acc: 100.0000|Pred Confidence: 1.00 | C 0:0.9988 | C 1:0.9990 | C 2:0.9989| C 3:nan| C 4:nan| C 5:nan| C 6:nan| C 7:nan| C 8:nan| C 9:nan| C 10:nan| C 11:nan
Epoch[92/500] | Loss:0.0010 |Acc: 100.0000|Pred Confidence: 1.00 | C 0:0.9989 | C 1:0.9991 | C 2:0.9990| C 3:nan| C 4:nan| C 5:nan| C 6:nan| C 7:nan| C 8:nan| C 9:nan| C 10:nan| C 11:nan
Epoch[93/500] | Loss:0.0010 |Acc: 100.0000|Pred Confidence: 1.00 | C 0:0.9989 | C 1:0.9991 | C 2:0.9990| C 3:nan| C 4:nan| C 5:nan| C 6:nan| C 7:nan| C 8:nan| C 9:nan| C 10:nan| C 11:nan
Epoch[94/500] | Loss:0.0010 |Acc: 100.0000|Pred Confidence: 1.00 | C 0:0.9989 | C 1:0.9991 | C 2:0.9990| C 3:nan| C 4:nan| C 5:nan| C 6:nan| C 7:nan| C 8:nan| C 9:nan| C 10:nan| C 11:nan
Epoch[95/500] | Loss:0.0010 |Acc: 100.0000|Pred Confidence: 1.00 | C 0:0.9989 | C 1:0.9991 | C 2:0.9990| C 3:nan| C 4:nan| C 5:nan| C 6:nan| C 7:nan| C 8:nan| C 9:nan| C 10:nan| C 11:nan
Epoch[96/500] | Loss:0.0009 |Acc: 100.0000|Pred Confidence: 1.00 | C 0:0.9990 | C 1:0.9992 | C 2:0.9991| C 3:nan| C 4:nan| C 5:nan| C 6:nan| C 7:nan| C 8:nan| C 9:nan| C 10:nan| C 11:nan
Epoch[97/500] | Loss:0.0009 |Acc: 100.0000|Pred Confidence: 1.00 | C 0:0.9990 | C 1:0.9992 | C 2:0.9991| C 3:nan| C 4:nan| C 5:nan| C 6:nan| C 7:nan| C 8:nan| C 9:nan| C 10:nan| C 11:nan
Epoch[98/500] | Loss:0.0009 |Acc: 100.0000|Pred Confidence: 1.00 | C 0:0.9990 | C 1:0.9992 | C 2:0.9991| C 3:nan| C 4:nan| C 5:nan| C 6:nan| C 7:nan| C 8:nan| C 9:nan| C 10:nan| C 11:nan
Epoch[99/500] | Loss:0.0009 |Acc: 100.0000|Pred Confidence: 1.00 | C 0:0.9990 | C 1:0.9992 | C 2:0.9991| C 3:nan| C 4:nan| C 5:nan| C 6:nan| C 7:nan| C 8:nan| C 9:nan| C 10:nan| C 11:nan
Epoch[100/500] | Loss:0.0009 |Acc: 100.0000|Pred Confidence: 1.00 | C 0:0.9991 | C 1:0.9992 | C 2:0.9991| C 3:nan| C 4:nan| C 5:nan| C 6:nan| C 7:nan| C 8:nan| C 9:nan| C 10:nan| C 11:nan
Epoch[101/500] | Loss:0.0008 |Acc: 100.0000|Pred Confidence: 1.00 | C 0:0.9991 | C 1:0.9992 | C 2:0.9992| C 3:nan| C 4:nan| C 5:nan| C 6:nan| C 7:nan| C 8:nan| C 9:nan| C 10:nan| C 11:nan
Epoch[102/500] | Loss:0.0008 |Acc: 100.0000|Pred Confidence: 1.00 | C 0:0.9991 | C 1:0.9993 | C 2:0.9992| C 3:nan| C 4:nan| C 5:nan| C 6:nan| C 7:nan| C 8:nan| C 9:nan| C 10:nan| C 11:nan
Epoch[103/500] | Loss:0.0008 |Acc: 100.0000|Pred Confidence: 1.00 | C 0:0.9991 | C 1:0.9993 | C 2:0.9992| C 3:nan| C 4:nan| C 5:nan| C 6:nan| C 7:nan| C 8:nan| C 9:nan| C 10:nan| C 11:nan
Epoch[104/500] | Loss:0.0008 |Acc: 100.0000|Pred Confidence: 1.00 | C 0:0.9991 | C 1:0.9993 | C 2:0.9992| C 3:nan| C 4:nan| C 5:nan| C 6:nan| C 7:nan| C 8:nan| C 9:nan| C 10:nan| C 11:nan
Epoch[105/500] | Loss:0.0008 |Acc: 100.0000|Pred Confidence: 1.00 | C 0:0.9992 | C 1:0.9993 | C 2:0.9992| C 3:nan| C 4:nan| C 5:nan| C 6:nan| C 7:nan| C 8:nan| C 9:nan| C 10:nan| C 11:nan
Epoch[106/500] | Loss:0.0007 |Acc: 100.0000|Pred Confidence: 1.00 | C 0:0.9992 | C 1:0.9993 | C 2:0.9992| C 3:nan| C 4:nan| C 5:nan| C 6:nan| C 7:nan| C 8:nan| C 9:nan| C 10:nan| C 11:nan
Epoch[107/500] | Loss:0.0007 |Acc: 100.0000|Pred Confidence: 1.00 | C 0:0.9992 | C 1:0.9993 | C 2:0.9993| C 3:nan| C 4:nan| C 5:nan| C 6:nan| C 7:nan| C 8:nan| C 9:nan| C 10:nan| C 11:nan
Epoch[108/500] | Loss:0.0007 |Acc: 100.0000|Pred Confidence: 1.00 | C 0:0.9992 | C 1:0.9994 | C 2:0.9993| C 3:nan| C 4:nan| C 5:nan| C 6:nan| C 7:nan| C 8:nan| C 9:nan| C 10:nan| C 11:nan
Epoch[109/500] | Loss:0.0007 |Acc: 100.0000|Pred Confidence: 1.00 | C 0:0.9992 | C 1:0.9994 | C 2:0.9993| C 3:nan| C 4:nan| C 5:nan| C 6:nan| C 7:nan| C 8:nan| C 9:nan| C 10:nan| C 11:nan
Epoch[110/500] | Loss:0.0007 |Acc: 100.0000|Pred Confidence: 1.00 | C 0:0.9993 | C 1:0.9994 | C 2:0.9993| C 3:nan| C 4:nan| C 5:nan| C 6:nan| C 7:nan| C 8:nan| C 9:nan| C 10:nan| C 11:nan
Epoch[111/500] | Loss:0.0007 |Acc: 100.0000|Pred Confidence: 1.00 | C 0:0.9993 | C 1:0.9994 | C 2:0.9993| C 3:nan| C 4:nan| C 5:nan| C 6:nan| C 7:nan| C 8:nan| C 9:nan| C 10:nan| C 11:nan
Epoch[112/500] | Loss:0.0007 |Acc: 100.0000|Pred Confidence: 1.00 | C 0:0.9993 | C 1:0.9994 | C 2:0.9993| C 3:nan| C 4:nan| C 5:nan| C 6:nan| C 7:nan| C 8:nan| C 9:nan| C 10:nan| C 11:nan
Epoch[113/500] | Loss:0.0006 |Acc: 100.0000|Pred Confidence: 1.00 | C 0:0.9993 | C 1:0.9994 | C 2:0.9994| C 3:nan| C 4:nan| C 5:nan| C 6:nan| C 7:nan| C 8:nan| C 9:nan| C 10:nan| C 11:nan
Epoch[114/500] | Loss:0.0006 |Acc: 100.0000|Pred Confidence: 1.00 | C 0:0.9993 | C 1:0.9994 | C 2:0.9994| C 3:nan| C 4:nan| C 5:nan| C 6:nan| C 7:nan| C 8:nan| C 9:nan| C 10:nan| C 11:nan
Epoch[115/500] | Loss:0.0006 |Acc: 100.0000|Pred Confidence: 1.00 | C 0:0.9993 | C 1:0.9994 | C 2:0.9994| C 3:nan| C 4:nan| C 5:nan| C 6:nan| C 7:nan| C 8:nan| C 9:nan| C 10:nan| C 11:nan
Epoch[116/500] | Loss:0.0006 |Acc: 100.0000|Pred Confidence: 1.00 | C 0:0.9993 | C 1:0.9994 | C 2:0.9994| C 3:nan| C 4:nan| C 5:nan| C 6:nan| C 7:nan| C 8:nan| C 9:nan| C 10:nan| C 11:nan
Epoch[117/500] | Loss:0.0006 |Acc: 100.0000|Pred Confidence: 1.00 | C 0:0.9994 | C 1:0.9995 | C 2:0.9994| C 3:nan| C 4:nan| C 5:nan| C 6:nan| C 7:nan| C 8:nan| C 9:nan| C 10:nan| C 11:nan
Epoch[118/500] | Loss:0.0006 |Acc: 100.0000|Pred Confidence: 1.00 | C 0:0.9994 | C 1:0.9995 | C 2:0.9994| C 3:nan| C 4:nan| C 5:nan| C 6:nan| C 7:nan| C 8:nan| C 9:nan| C 10:nan| C 11:nan
Epoch[119/500] | Loss:0.0006 |Acc: 100.0000|Pred Confidence: 1.00 | C 0:0.9994 | C 1:0.9995 | C 2:0.9994| C 3:nan| C 4:nan| C 5:nan| C 6:nan| C 7:nan| C 8:nan| C 9:nan| C 10:nan| C 11:nan
Epoch[120/500] | Loss:0.0006 |Acc: 100.0000|Pred Confidence: 1.00 | C 0:0.9994 | C 1:0.9995 | C 2:0.9994| C 3:nan| C 4:nan| C 5:nan| C 6:nan| C 7:nan| C 8:nan| C 9:nan| C 10:nan| C 11:nan
Epoch[121/500] | Loss:0.0006 |Acc: 100.0000|Pred Confidence: 1.00 | C 0:0.9994 | C 1:0.9995 | C 2:0.9994| C 3:nan| C 4:nan| C 5:nan| C 6:nan| C 7:nan| C 8:nan| C 9:nan| C 10:nan| C 11:nan
Epoch[122/500] | Loss:0.0005 |Acc: 100.0000|Pred Confidence: 1.00 | C 0:0.9994 | C 1:0.9995 | C 2:0.9995| C 3:nan| C 4:nan| C 5:nan| C 6:nan| C 7:nan| C 8:nan| C 9:nan| C 10:nan| C 11:nan
Epoch[123/500] | Loss:0.0005 |Acc: 100.0000|Pred Confidence: 1.00 | C 0:0.9994 | C 1:0.9995 | C 2:0.9995| C 3:nan| C 4:nan| C 5:nan| C 6:nan| C 7:nan| C 8:nan| C 9:nan| C 10:nan| C 11:nan
Epoch[124/500] | Loss:0.0005 |Acc: 100.0000|Pred Confidence: 1.00 | C 0:0.9994 | C 1:0.9995 | C 2:0.9995| C 3:nan| C 4:nan| C 5:nan| C 6:nan| C 7:nan| C 8:nan| C 9:nan| C 10:nan| C 11:nan
Epoch[125/500] | Loss:0.0005 |Acc: 100.0000|Pred Confidence: 1.00 | C 0:0.9994 | C 1:0.9995 | C 2:0.9995| C 3:nan| C 4:nan| C 5:nan| C 6:nan| C 7:nan| C 8:nan| C 9:nan| C 10:nan| C 11:nan
Epoch[126/500] | Loss:0.0005 |Acc: 100.0000|Pred Confidence: 1.00 | C 0:0.9995 | C 1:0.9995 | C 2:0.9995| C 3:nan| C 4:nan| C 5:nan| C 6:nan| C 7:nan| C 8:nan| C 9:nan| C 10:nan| C 11:nan
Epoch[127/500] | Loss:0.0005 |Acc: 100.0000|Pred Confidence: 1.00 | C 0:0.9995 | C 1:0.9996 | C 2:0.9995| C 3:nan| C 4:nan| C 5:nan| C 6:nan| C 7:nan| C 8:nan| C 9:nan| C 10:nan| C 11:nan
Epoch[128/500] | Loss:0.0005 |Acc: 100.0000|Pred Confidence: 1.00 | C 0:0.9995 | C 1:0.9996 | C 2:0.9995| C 3:nan| C 4:nan| C 5:nan| C 6:nan| C 7:nan| C 8:nan| C 9:nan| C 10:nan| C 11:nan
Epoch[129/500] | Loss:0.0005 |Acc: 100.0000|Pred Confidence: 1.00 | C 0:0.9995 | C 1:0.9996 | C 2:0.9995| C 3:nan| C 4:nan| C 5:nan| C 6:nan| C 7:nan| C 8:nan| C 9:nan| C 10:nan| C 11:nan
Epoch[130/500] | Loss:0.0005 |Acc: 100.0000|Pred Confidence: 1.00 | C 0:0.9995 | C 1:0.9996 | C 2:0.9995| C 3:nan| C 4:nan| C 5:nan| C 6:nan| C 7:nan| C 8:nan| C 9:nan| C 10:nan| C 11:nan
Epoch[131/500] | Loss:0.0005 |Acc: 100.0000|Pred Confidence: 1.00 | C 0:0.9995 | C 1:0.9996 | C 2:0.9995| C 3:nan| C 4:nan| C 5:nan| C 6:nan| C 7:nan| C 8:nan| C 9:nan| C 10:nan| C 11:nan
Epoch[132/500] | Loss:0.0005 |Acc: 100.0000|Pred Confidence: 1.00 | C 0:0.9995 | C 1:0.9996 | C 2:0.9995| C 3:nan| C 4:nan| C 5:nan| C 6:nan| C 7:nan| C 8:nan| C 9:nan| C 10:nan| C 11:nan
Epoch[133/500] | Loss:0.0004 |Acc: 100.0000|Pred Confidence: 1.00 | C 0:0.9995 | C 1:0.9996 | C 2:0.9996| C 3:nan| C 4:nan| C 5:nan| C 6:nan| C 7:nan| C 8:nan| C 9:nan| C 10:nan| C 11:nan
Epoch[134/500] | Loss:0.0004 |Acc: 100.0000|Pred Confidence: 1.00 | C 0:0.9995 | C 1:0.9996 | C 2:0.9996| C 3:nan| C 4:nan| C 5:nan| C 6:nan| C 7:nan| C 8:nan| C 9:nan| C 10:nan| C 11:nan
Epoch[135/500] | Loss:0.0004 |Acc: 100.0000|Pred Confidence: 1.00 | C 0:0.9995 | C 1:0.9996 | C 2:0.9996| C 3:nan| C 4:nan| C 5:nan| C 6:nan| C 7:nan| C 8:nan| C 9:nan| C 10:nan| C 11:nan
Epoch[136/500] | Loss:0.0004 |Acc: 100.0000|Pred Confidence: 1.00 | C 0:0.9995 | C 1:0.9996 | C 2:0.9996| C 3:nan| C 4:nan| C 5:nan| C 6:nan| C 7:nan| C 8:nan| C 9:nan| C 10:nan| C 11:nan
Epoch[137/500] | Loss:0.0004 |Acc: 100.0000|Pred Confidence: 1.00 | C 0:0.9996 | C 1:0.9996 | C 2:0.9996| C 3:nan| C 4:nan| C 5:nan| C 6:nan| C 7:nan| C 8:nan| C 9:nan| C 10:nan| C 11:nan
Epoch[138/500] | Loss:0.0004 |Acc: 100.0000|Pred Confidence: 1.00 | C 0:0.9996 | C 1:0.9996 | C 2:0.9996| C 3:nan| C 4:nan| C 5:nan| C 6:nan| C 7:nan| C 8:nan| C 9:nan| C 10:nan| C 11:nan
Epoch[139/500] | Loss:0.0004 |Acc: 100.0000|Pred Confidence: 1.00 | C 0:0.9996 | C 1:0.9996 | C 2:0.9996| C 3:nan| C 4:nan| C 5:nan| C 6:nan| C 7:nan| C 8:nan| C 9:nan| C 10:nan| C 11:nan
Epoch[140/500] | Loss:0.0004 |Acc: 100.0000|Pred Confidence: 1.00 | C 0:0.9996 | C 1:0.9996 | C 2:0.9996| C 3:nan| C 4:nan| C 5:nan| C 6:nan| C 7:nan| C 8:nan| C 9:nan| C 10:nan| C 11:nan
Epoch[141/500] | Loss:0.0004 |Acc: 100.0000|Pred Confidence: 1.00 | C 0:0.9996 | C 1:0.9996 | C 2:0.9996| C 3:nan| C 4:nan| C 5:nan| C 6:nan| C 7:nan| C 8:nan| C 9:nan| C 10:nan| C 11:nan
Epoch[142/500] | Loss:0.0004 |Acc: 100.0000|Pred Confidence: 1.00 | C 0:0.9996 | C 1:0.9997 | C 2:0.9996| C 3:nan| C 4:nan| C 5:nan| C 6:nan| C 7:nan| C 8:nan| C 9:nan| C 10:nan| C 11:nan
Epoch[143/500] | Loss:0.0004 |Acc: 100.0000|Pred Confidence: 1.00 | C 0:0.9996 | C 1:0.9997 | C 2:0.9996| C 3:nan| C 4:nan| C 5:nan| C 6:nan| C 7:nan| C 8:nan| C 9:nan| C 10:nan| C 11:nan
Epoch[144/500] | Loss:0.0004 |Acc: 100.0000|Pred Confidence: 1.00 | C 0:0.9996 | C 1:0.9997 | C 2:0.9996| C 3:nan| C 4:nan| C 5:nan| C 6:nan| C 7:nan| C 8:nan| C 9:nan| C 10:nan| C 11:nan
Epoch[145/500] | Loss:0.0004 |Acc: 100.0000|Pred Confidence: 1.00 | C 0:0.9996 | C 1:0.9997 | C 2:0.9996| C 3:nan| C 4:nan| C 5:nan| C 6:nan| C 7:nan| C 8:nan| C 9:nan| C 10:nan| C 11:nan
Epoch[146/500] | Loss:0.0004 |Acc: 100.0000|Pred Confidence: 1.00 | C 0:0.9996 | C 1:0.9997 | C 2:0.9996| C 3:nan| C 4:nan| C 5:nan| C 6:nan| C 7:nan| C 8:nan| C 9:nan| C 10:nan| C 11:nan
Epoch[147/500] | Loss:0.0003 |Acc: 100.0000|Pred Confidence: 1.00 | C 0:0.9996 | C 1:0.9997 | C 2:0.9996| C 3:nan| C 4:nan| C 5:nan| C 6:nan| C 7:nan| C 8:nan| C 9:nan| C 10:nan| C 11:nan
Epoch[148/500] | Loss:0.0003 |Acc: 100.0000|Pred Confidence: 1.00 | C 0:0.9996 | C 1:0.9997 | C 2:0.9997| C 3:nan| C 4:nan| C 5:nan| C 6:nan| C 7:nan| C 8:nan| C 9:nan| C 10:nan| C 11:nan
Epoch[149/500] | Loss:0.0003 |Acc: 100.0000|Pred Confidence: 1.00 | C 0:0.9996 | C 1:0.9997 | C 2:0.9997| C 3:nan| C 4:nan| C 5:nan| C 6:nan| C 7:nan| C 8:nan| C 9:nan| C 10:nan| C 11:nan
Epoch[150/500] | Loss:0.0003 |Acc: 100.0000|Pred Confidence: 1.00 | C 0:0.9996 | C 1:0.9997 | C 2:0.9997| C 3:nan| C 4:nan| C 5:nan| C 6:nan| C 7:nan| C 8:nan| C 9:nan| C 10:nan| C 11:nan
Epoch[151/500] | Loss:0.0003 |Acc: 100.0000|Pred Confidence: 1.00 | C 0:0.9996 | C 1:0.9997 | C 2:0.9997| C 3:nan| C 4:nan| C 5:nan| C 6:nan| C 7:nan| C 8:nan| C 9:nan| C 10:nan| C 11:nan
Epoch[152/500] | Loss:0.0003 |Acc: 100.0000|Pred Confidence: 1.00 | C 0:0.9997 | C 1:0.9997 | C 2:0.9997| C 3:nan| C 4:nan| C 5:nan| C 6:nan| C 7:nan| C 8:nan| C 9:nan| C 10:nan| C 11:nan
Epoch[153/500] | Loss:0.0003 |Acc: 100.0000|Pred Confidence: 1.00 | C 0:0.9997 | C 1:0.9997 | C 2:0.9997| C 3:nan| C 4:nan| C 5:nan| C 6:nan| C 7:nan| C 8:nan| C 9:nan| C 10:nan| C 11:nan
Epoch[154/500] | Loss:0.0003 |Acc: 100.0000|Pred Confidence: 1.00 | C 0:0.9997 | C 1:0.9997 | C 2:0.9997| C 3:nan| C 4:nan| C 5:nan| C 6:nan| C 7:nan| C 8:nan| C 9:nan| C 10:nan| C 11:nan
Epoch[155/500] | Loss:0.0003 |Acc: 100.0000|Pred Confidence: 1.00 | C 0:0.9997 | C 1:0.9997 | C 2:0.9997| C 3:nan| C 4:nan| C 5:nan| C 6:nan| C 7:nan| C 8:nan| C 9:nan| C 10:nan| C 11:nan
Epoch[156/500] | Loss:0.0003 |Acc: 100.0000|Pred Confidence: 1.00 | C 0:0.9997 | C 1:0.9997 | C 2:0.9997| C 3:nan| C 4:nan| C 5:nan| C 6:nan| C 7:nan| C 8:nan| C 9:nan| C 10:nan| C 11:nan
Epoch[157/500] | Loss:0.0003 |Acc: 100.0000|Pred Confidence: 1.00 | C 0:0.9997 | C 1:0.9997 | C 2:0.9997| C 3:nan| C 4:nan| C 5:nan| C 6:nan| C 7:nan| C 8:nan| C 9:nan| C 10:nan| C 11:nan
Epoch[158/500] | Loss:0.0003 |Acc: 100.0000|Pred Confidence: 1.00 | C 0:0.9997 | C 1:0.9997 | C 2:0.9997| C 3:nan| C 4:nan| C 5:nan| C 6:nan| C 7:nan| C 8:nan| C 9:nan| C 10:nan| C 11:nan
Epoch[159/500] | Loss:0.0003 |Acc: 100.0000|Pred Confidence: 1.00 | C 0:0.9997 | C 1:0.9997 | C 2:0.9997| C 3:nan| C 4:nan| C 5:nan| C 6:nan| C 7:nan| C 8:nan| C 9:nan| C 10:nan| C 11:nan
Epoch[160/500] | Loss:0.0003 |Acc: 100.0000|Pred Confidence: 1.00 | C 0:0.9997 | C 1:0.9997 | C 2:0.9997| C 3:nan| C 4:nan| C 5:nan| C 6:nan| C 7:nan| C 8:nan| C 9:nan| C 10:nan| C 11:nan
Epoch[161/500] | Loss:0.0003 |Acc: 100.0000|Pred Confidence: 1.00 | C 0:0.9997 | C 1:0.9997 | C 2:0.9997| C 3:nan| C 4:nan| C 5:nan| C 6:nan| C 7:nan| C 8:nan| C 9:nan| C 10:nan| C 11:nan
Epoch[162/500] | Loss:0.0003 |Acc: 100.0000|Pred Confidence: 1.00 | C 0:0.9997 | C 1:0.9997 | C 2:0.9997| C 3:nan| C 4:nan| C 5:nan| C 6:nan| C 7:nan| C 8:nan| C 9:nan| C 10:nan| C 11:nan
Epoch[163/500] | Loss:0.0003 |Acc: 100.0000|Pred Confidence: 1.00 | C 0:0.9997 | C 1:0.9998 | C 2:0.9997| C 3:nan| C 4:nan| C 5:nan| C 6:nan| C 7:nan| C 8:nan| C 9:nan| C 10:nan| C 11:nan
Epoch[164/500] | Loss:0.0003 |Acc: 100.0000|Pred Confidence: 1.00 | C 0:0.9997 | C 1:0.9998 | C 2:0.9997| C 3:nan| C 4:nan| C 5:nan| C 6:nan| C 7:nan| C 8:nan| C 9:nan| C 10:nan| C 11:nan
Epoch[165/500] | Loss:0.0003 |Acc: 100.0000|Pred Confidence: 1.00 | C 0:0.9997 | C 1:0.9998 | C 2:0.9997| C 3:nan| C 4:nan| C 5:nan| C 6:nan| C 7:nan| C 8:nan| C 9:nan| C 10:nan| C 11:nan
Epoch[166/500] | Loss:0.0003 |Acc: 100.0000|Pred Confidence: 1.00 | C 0:0.9997 | C 1:0.9998 | C 2:0.9997| C 3:nan| C 4:nan| C 5:nan| C 6:nan| C 7:nan| C 8:nan| C 9:nan| C 10:nan| C 11:nan
Epoch[167/500] | Loss:0.0003 |Acc: 100.0000|Pred Confidence: 1.00 | C 0:0.9997 | C 1:0.9998 | C 2:0.9997| C 3:nan| C 4:nan| C 5:nan| C 6:nan| C 7:nan| C 8:nan| C 9:nan| C 10:nan| C 11:nan
Epoch[168/500] | Loss:0.0003 |Acc: 100.0000|Pred Confidence: 1.00 | C 0:0.9997 | C 1:0.9998 | C 2:0.9997| C 3:nan| C 4:nan| C 5:nan| C 6:nan| C 7:nan| C 8:nan| C 9:nan| C 10:nan| C 11:nan
Epoch[169/500] | Loss:0.0002 |Acc: 100.0000|Pred Confidence: 1.00 | C 0:0.9997 | C 1:0.9998 | C 2:0.9997| C 3:nan| C 4:nan| C 5:nan| C 6:nan| C 7:nan| C 8:nan| C 9:nan| C 10:nan| C 11:nan
Epoch[170/500] | Loss:0.0002 |Acc: 100.0000|Pred Confidence: 1.00 | C 0:0.9997 | C 1:0.9998 | C 2:0.9998| C 3:nan| C 4:nan| C 5:nan| C 6:nan| C 7:nan| C 8:nan| C 9:nan| C 10:nan| C 11:nan
Epoch[171/500] | Loss:0.0002 |Acc: 100.0000|Pred Confidence: 1.00 | C 0:0.9997 | C 1:0.9998 | C 2:0.9998| C 3:nan| C 4:nan| C 5:nan| C 6:nan| C 7:nan| C 8:nan| C 9:nan| C 10:nan| C 11:nan
Epoch[172/500] | Loss:0.0002 |Acc: 100.0000|Pred Confidence: 1.00 | C 0:0.9997 | C 1:0.9998 | C 2:0.9998| C 3:nan| C 4:nan| C 5:nan| C 6:nan| C 7:nan| C 8:nan| C 9:nan| C 10:nan| C 11:nan
Epoch[173/500] | Loss:0.0002 |Acc: 100.0000|Pred Confidence: 1.00 | C 0:0.9997 | C 1:0.9998 | C 2:0.9998| C 3:nan| C 4:nan| C 5:nan| C 6:nan| C 7:nan| C 8:nan| C 9:nan| C 10:nan| C 11:nan
Epoch[174/500] | Loss:0.0002 |Acc: 100.0000|Pred Confidence: 1.00 | C 0:0.9998 | C 1:0.9998 | C 2:0.9998| C 3:nan| C 4:nan| C 5:nan| C 6:nan| C 7:nan| C 8:nan| C 9:nan| C 10:nan| C 11:nan
Epoch[175/500] | Loss:0.0002 |Acc: 100.0000|Pred Confidence: 1.00 | C 0:0.9998 | C 1:0.9998 | C 2:0.9998| C 3:nan| C 4:nan| C 5:nan| C 6:nan| C 7:nan| C 8:nan| C 9:nan| C 10:nan| C 11:nan
Epoch[176/500] | Loss:0.0002 |Acc: 100.0000|Pred Confidence: 1.00 | C 0:0.9998 | C 1:0.9998 | C 2:0.9998| C 3:nan| C 4:nan| C 5:nan| C 6:nan| C 7:nan| C 8:nan| C 9:nan| C 10:nan| C 11:nan
Epoch[177/500] | Loss:0.0002 |Acc: 100.0000|Pred Confidence: 1.00 | C 0:0.9998 | C 1:0.9998 | C 2:0.9998| C 3:nan| C 4:nan| C 5:nan| C 6:nan| C 7:nan| C 8:nan| C 9:nan| C 10:nan| C 11:nan
Epoch[178/500] | Loss:0.0002 |Acc: 100.0000|Pred Confidence: 1.00 | C 0:0.9998 | C 1:0.9998 | C 2:0.9998| C 3:nan| C 4:nan| C 5:nan| C 6:nan| C 7:nan| C 8:nan| C 9:nan| C 10:nan| C 11:nan
Epoch[179/500] | Loss:0.0002 |Acc: 100.0000|Pred Confidence: 1.00 | C 0:0.9998 | C 1:0.9998 | C 2:0.9998| C 3:nan| C 4:nan| C 5:nan| C 6:nan| C 7:nan| C 8:nan| C 9:nan| C 10:nan| C 11:nan
Epoch[180/500] | Loss:0.0002 |Acc: 100.0000|Pred Confidence: 1.00 | C 0:0.9998 | C 1:0.9998 | C 2:0.9998| C 3:nan| C 4:nan| C 5:nan| C 6:nan| C 7:nan| C 8:nan| C 9:nan| C 10:nan| C 11:nan
Epoch[181/500] | Loss:0.0002 |Acc: 100.0000|Pred Confidence: 1.00 | C 0:0.9998 | C 1:0.9998 | C 2:0.9998| C 3:nan| C 4:nan| C 5:nan| C 6:nan| C 7:nan| C 8:nan| C 9:nan| C 10:nan| C 11:nan
Epoch[182/500] | Loss:0.0002 |Acc: 100.0000|Pred Confidence: 1.00 | C 0:0.9998 | C 1:0.9998 | C 2:0.9998| C 3:nan| C 4:nan| C 5:nan| C 6:nan| C 7:nan| C 8:nan| C 9:nan| C 10:nan| C 11:nan
Epoch[183/500] | Loss:0.0002 |Acc: 100.0000|Pred Confidence: 1.00 | C 0:0.9998 | C 1:0.9998 | C 2:0.9998| C 3:nan| C 4:nan| C 5:nan| C 6:nan| C 7:nan| C 8:nan| C 9:nan| C 10:nan| C 11:nan
Epoch[184/500] | Loss:0.0002 |Acc: 100.0000|Pred Confidence: 1.00 | C 0:0.9998 | C 1:0.9998 | C 2:0.9998| C 3:nan| C 4:nan| C 5:nan| C 6:nan| C 7:nan| C 8:nan| C 9:nan| C 10:nan| C 11:nan
Epoch[185/500] | Loss:0.0002 |Acc: 100.0000|Pred Confidence: 1.00 | C 0:0.9998 | C 1:0.9998 | C 2:0.9998| C 3:nan| C 4:nan| C 5:nan| C 6:nan| C 7:nan| C 8:nan| C 9:nan| C 10:nan| C 11:nan
Epoch[186/500] | Loss:0.0002 |Acc: 100.0000|Pred Confidence: 1.00 | C 0:0.9998 | C 1:0.9998 | C 2:0.9998| C 3:nan| C 4:nan| C 5:nan| C 6:nan| C 7:nan| C 8:nan| C 9:nan| C 10:nan| C 11:nan
Epoch[187/500] | Loss:0.0002 |Acc: 100.0000|Pred Confidence: 1.00 | C 0:0.9998 | C 1:0.9998 | C 2:0.9998| C 3:nan| C 4:nan| C 5:nan| C 6:nan| C 7:nan| C 8:nan| C 9:nan| C 10:nan| C 11:nan
Epoch[188/500] | Loss:0.0002 |Acc: 100.0000|Pred Confidence: 1.00 | C 0:0.9998 | C 1:0.9998 | C 2:0.9998| C 3:nan| C 4:nan| C 5:nan| C 6:nan| C 7:nan| C 8:nan| C 9:nan| C 10:nan| C 11:nan
Epoch[189/500] | Loss:0.0002 |Acc: 100.0000|Pred Confidence: 1.00 | C 0:0.9998 | C 1:0.9998 | C 2:0.9998| C 3:nan| C 4:nan| C 5:nan| C 6:nan| C 7:nan| C 8:nan| C 9:nan| C 10:nan| C 11:nan
Epoch[190/500] | Loss:0.0002 |Acc: 100.0000|Pred Confidence: 1.00 | C 0:0.9998 | C 1:0.9998 | C 2:0.9998| C 3:nan| C 4:nan| C 5:nan| C 6:nan| C 7:nan| C 8:nan| C 9:nan| C 10:nan| C 11:nan
Epoch[191/500] | Loss:0.0002 |Acc: 100.0000|Pred Confidence: 1.00 | C 0:0.9998 | C 1:0.9998 | C 2:0.9998| C 3:nan| C 4:nan| C 5:nan| C 6:nan| C 7:nan| C 8:nan| C 9:nan| C 10:nan| C 11:nan
Epoch[192/500] | Loss:0.0002 |Acc: 100.0000|Pred Confidence: 1.00 | C 0:0.9998 | C 1:0.9998 | C 2:0.9998| C 3:nan| C 4:nan| C 5:nan| C 6:nan| C 7:nan| C 8:nan| C 9:nan| C 10:nan| C 11:nan
Epoch[193/500] | Loss:0.0002 |Acc: 100.0000|Pred Confidence: 1.00 | C 0:0.9998 | C 1:0.9998 | C 2:0.9998| C 3:nan| C 4:nan| C 5:nan| C 6:nan| C 7:nan| C 8:nan| C 9:nan| C 10:nan| C 11:nan
Epoch[194/500] | Loss:0.0002 |Acc: 100.0000|Pred Confidence: 1.00 | C 0:0.9998 | C 1:0.9998 | C 2:0.9998| C 3:nan| C 4:nan| C 5:nan| C 6:nan| C 7:nan| C 8:nan| C 9:nan| C 10:nan| C 11:nan
Epoch[195/500] | Loss:0.0002 |Acc: 100.0000|Pred Confidence: 1.00 | C 0:0.9998 | C 1:0.9998 | C 2:0.9998| C 3:nan| C 4:nan| C 5:nan| C 6:nan| C 7:nan| C 8:nan| C 9:nan| C 10:nan| C 11:nan
Epoch[196/500] | Loss:0.0002 |Acc: 100.0000|Pred Confidence: 1.00 | C 0:0.9998 | C 1:0.9998 | C 2:0.9998| C 3:nan| C 4:nan| C 5:nan| C 6:nan| C 7:nan| C 8:nan| C 9:nan| C 10:nan| C 11:nan
Epoch[197/500] | Loss:0.0002 |Acc: 100.0000|Pred Confidence: 1.00 | C 0:0.9998 | C 1:0.9998 | C 2:0.9998| C 3:nan| C 4:nan| C 5:nan| C 6:nan| C 7:nan| C 8:nan| C 9:nan| C 10:nan| C 11:nan
Epoch[198/500] | Loss:0.0002 |Acc: 100.0000|Pred Confidence: 1.00 | C 0:0.9998 | C 1:0.9998 | C 2:0.9998| C 3:nan| C 4:nan| C 5:nan| C 6:nan| C 7:nan| C 8:nan| C 9:nan| C 10:nan| C 11:nan
Epoch[199/500] | Loss:0.0002 |Acc: 100.0000|Pred Confidence: 1.00 | C 0:0.9998 | C 1:0.9998 | C 2:0.9998| C 3:nan| C 4:nan| C 5:nan| C 6:nan| C 7:nan| C 8:nan| C 9:nan| C 10:nan| C 11:nan
Epoch[200/500] | Loss:0.0002 |Acc: 100.0000|Pred Confidence: 1.00 | C 0:0.9998 | C 1:0.9999 | C 2:0.9998| C 3:nan| C 4:nan| C 5:nan| C 6:nan| C 7:nan| C 8:nan| C 9:nan| C 10:nan| C 11:nan
Epoch[201/500] | Loss:0.0002 |Acc: 100.0000|Pred Confidence: 1.00 | C 0:0.9998 | C 1:0.9999 | C 2:0.9998| C 3:nan| C 4:nan| C 5:nan| C 6:nan| C 7:nan| C 8:nan| C 9:nan| C 10:nan| C 11:nan
Epoch[202/500] | Loss:0.0002 |Acc: 100.0000|Pred Confidence: 1.00 | C 0:0.9998 | C 1:0.9999 | C 2:0.9998| C 3:nan| C 4:nan| C 5:nan| C 6:nan| C 7:nan| C 8:nan| C 9:nan| C 10:nan| C 11:nan
Epoch[203/500] | Loss:0.0002 |Acc: 100.0000|Pred Confidence: 1.00 | C 0:0.9998 | C 1:0.9999 | C 2:0.9998| C 3:nan| C 4:nan| C 5:nan| C 6:nan| C 7:nan| C 8:nan| C 9:nan| C 10:nan| C 11:nan
Epoch[204/500] | Loss:0.0002 |Acc: 100.0000|Pred Confidence: 1.00 | C 0:0.9998 | C 1:0.9999 | C 2:0.9998| C 3:nan| C 4:nan| C 5:nan| C 6:nan| C 7:nan| C 8:nan| C 9:nan| C 10:nan| C 11:nan
Epoch[205/500] | Loss:0.0002 |Acc: 100.0000|Pred Confidence: 1.00 | C 0:0.9998 | C 1:0.9999 | C 2:0.9998| C 3:nan| C 4:nan| C 5:nan| C 6:nan| C 7:nan| C 8:nan| C 9:nan| C 10:nan| C 11:nan
Epoch[206/500] | Loss:0.0001 |Acc: 100.0000|Pred Confidence: 1.00 | C 0:0.9998 | C 1:0.9999 | C 2:0.9998| C 3:nan| C 4:nan| C 5:nan| C 6:nan| C 7:nan| C 8:nan| C 9:nan| C 10:nan| C 11:nan
Epoch[207/500] | Loss:0.0001 |Acc: 100.0000|Pred Confidence: 1.00 | C 0:0.9998 | C 1:0.9999 | C 2:0.9998| C 3:nan| C 4:nan| C 5:nan| C 6:nan| C 7:nan| C 8:nan| C 9:nan| C 10:nan| C 11:nan
Epoch[208/500] | Loss:0.0001 |Acc: 100.0000|Pred Confidence: 1.00 | C 0:0.9998 | C 1:0.9999 | C 2:0.9999| C 3:nan| C 4:nan| C 5:nan| C 6:nan| C 7:nan| C 8:nan| C 9:nan| C 10:nan| C 11:nan
Epoch[209/500] | Loss:0.0001 |Acc: 100.0000|Pred Confidence: 1.00 | C 0:0.9998 | C 1:0.9999 | C 2:0.9999| C 3:nan| C 4:nan| C 5:nan| C 6:nan| C 7:nan| C 8:nan| C 9:nan| C 10:nan| C 11:nan
Epoch[210/500] | Loss:0.0001 |Acc: 100.0000|Pred Confidence: 1.00 | C 0:0.9998 | C 1:0.9999 | C 2:0.9999| C 3:nan| C 4:nan| C 5:nan| C 6:nan| C 7:nan| C 8:nan| C 9:nan| C 10:nan| C 11:nan
Epoch[211/500] | Loss:0.0001 |Acc: 100.0000|Pred Confidence: 1.00 | C 0:0.9999 | C 1:0.9999 | C 2:0.9999| C 3:nan| C 4:nan| C 5:nan| C 6:nan| C 7:nan| C 8:nan| C 9:nan| C 10:nan| C 11:nan
Epoch[212/500] | Loss:0.0001 |Acc: 100.0000|Pred Confidence: 1.00 | C 0:0.9999 | C 1:0.9999 | C 2:0.9999| C 3:nan| C 4:nan| C 5:nan| C 6:nan| C 7:nan| C 8:nan| C 9:nan| C 10:nan| C 11:nan
Epoch[213/500] | Loss:0.0001 |Acc: 100.0000|Pred Confidence: 1.00 | C 0:0.9999 | C 1:0.9999 | C 2:0.9999| C 3:nan| C 4:nan| C 5:nan| C 6:nan| C 7:nan| C 8:nan| C 9:nan| C 10:nan| C 11:nan
Epoch[214/500] | Loss:0.0001 |Acc: 100.0000|Pred Confidence: 1.00 | C 0:0.9999 | C 1:0.9999 | C 2:0.9999| C 3:nan| C 4:nan| C 5:nan| C 6:nan| C 7:nan| C 8:nan| C 9:nan| C 10:nan| C 11:nan
Epoch[215/500] | Loss:0.0001 |Acc: 100.0000|Pred Confidence: 1.00 | C 0:0.9999 | C 1:0.9999 | C 2:0.9999| C 3:nan| C 4:nan| C 5:nan| C 6:nan| C 7:nan| C 8:nan| C 9:nan| C 10:nan| C 11:nan
Epoch[216/500] | Loss:0.0001 |Acc: 100.0000|Pred Confidence: 1.00 | C 0:0.9999 | C 1:0.9999 | C 2:0.9999| C 3:nan| C 4:nan| C 5:nan| C 6:nan| C 7:nan| C 8:nan| C 9:nan| C 10:nan| C 11:nan
Epoch[217/500] | Loss:0.0001 |Acc: 100.0000|Pred Confidence: 1.00 | C 0:0.9999 | C 1:0.9999 | C 2:0.9999| C 3:nan| C 4:nan| C 5:nan| C 6:nan| C 7:nan| C 8:nan| C 9:nan| C 10:nan| C 11:nan
Epoch[218/500] | Loss:0.0001 |Acc: 100.0000|Pred Confidence: 1.00 | C 0:0.9999 | C 1:0.9999 | C 2:0.9999| C 3:nan| C 4:nan| C 5:nan| C 6:nan| C 7:nan| C 8:nan| C 9:nan| C 10:nan| C 11:nan
Epoch[219/500] | Loss:0.0001 |Acc: 100.0000|Pred Confidence: 1.00 | C 0:0.9999 | C 1:0.9999 | C 2:0.9999| C 3:nan| C 4:nan| C 5:nan| C 6:nan| C 7:nan| C 8:nan| C 9:nan| C 10:nan| C 11:nan
Epoch[220/500] | Loss:0.0001 |Acc: 100.0000|Pred Confidence: 1.00 | C 0:0.9999 | C 1:0.9999 | C 2:0.9999| C 3:nan| C 4:nan| C 5:nan| C 6:nan| C 7:nan| C 8:nan| C 9:nan| C 10:nan| C 11:nan
Epoch[221/500] | Loss:0.0001 |Acc: 100.0000|Pred Confidence: 1.00 | C 0:0.9999 | C 1:0.9999 | C 2:0.9999| C 3:nan| C 4:nan| C 5:nan| C 6:nan| C 7:nan| C 8:nan| C 9:nan| C 10:nan| C 11:nan
Epoch[222/500] | Loss:0.0001 |Acc: 100.0000|Pred Confidence: 1.00 | C 0:0.9999 | C 1:0.9999 | C 2:0.9999| C 3:nan| C 4:nan| C 5:nan| C 6:nan| C 7:nan| C 8:nan| C 9:nan| C 10:nan| C 11:nan
Epoch[223/500] | Loss:0.0001 |Acc: 100.0000|Pred Confidence: 1.00 | C 0:0.9999 | C 1:0.9999 | C 2:0.9999| C 3:nan| C 4:nan| C 5:nan| C 6:nan| C 7:nan| C 8:nan| C 9:nan| C 10:nan| C 11:nan
Epoch[224/500] | Loss:0.0001 |Acc: 100.0000|Pred Confidence: 1.00 | C 0:0.9999 | C 1:0.9999 | C 2:0.9999| C 3:nan| C 4:nan| C 5:nan| C 6:nan| C 7:nan| C 8:nan| C 9:nan| C 10:nan| C 11:nan
Epoch[225/500] | Loss:0.0001 |Acc: 100.0000|Pred Confidence: 1.00 | C 0:0.9999 | C 1:0.9999 | C 2:0.9999| C 3:nan| C 4:nan| C 5:nan| C 6:nan| C 7:nan| C 8:nan| C 9:nan| C 10:nan| C 11:nan
Epoch[226/500] | Loss:0.0001 |Acc: 100.0000|Pred Confidence: 1.00 | C 0:0.9999 | C 1:0.9999 | C 2:0.9999| C 3:nan| C 4:nan| C 5:nan| C 6:nan| C 7:nan| C 8:nan| C 9:nan| C 10:nan| C 11:nan
Epoch[227/500] | Loss:0.0001 |Acc: 100.0000|Pred Confidence: 1.00 | C 0:0.9999 | C 1:0.9999 | C 2:0.9999| C 3:nan| C 4:nan| C 5:nan| C 6:nan| C 7:nan| C 8:nan| C 9:nan| C 10:nan| C 11:nan
Epoch[228/500] | Loss:0.0001 |Acc: 100.0000|Pred Confidence: 1.00 | C 0:0.9999 | C 1:0.9999 | C 2:0.9999| C 3:nan| C 4:nan| C 5:nan| C 6:nan| C 7:nan| C 8:nan| C 9:nan| C 10:nan| C 11:nan
Epoch[229/500] | Loss:0.0001 |Acc: 100.0000|Pred Confidence: 1.00 | C 0:0.9999 | C 1:0.9999 | C 2:0.9999| C 3:nan| C 4:nan| C 5:nan| C 6:nan| C 7:nan| C 8:nan| C 9:nan| C 10:nan| C 11:nan
Epoch[230/500] | Loss:0.0001 |Acc: 100.0000|Pred Confidence: 1.00 | C 0:0.9999 | C 1:0.9999 | C 2:0.9999| C 3:nan| C 4:nan| C 5:nan| C 6:nan| C 7:nan| C 8:nan| C 9:nan| C 10:nan| C 11:nan
Epoch[231/500] | Loss:0.0001 |Acc: 100.0000|Pred Confidence: 1.00 | C 0:0.9999 | C 1:0.9999 | C 2:0.9999| C 3:nan| C 4:nan| C 5:nan| C 6:nan| C 7:nan| C 8:nan| C 9:nan| C 10:nan| C 11:nan
Epoch[232/500] | Loss:0.0001 |Acc: 100.0000|Pred Confidence: 1.00 | C 0:0.9999 | C 1:0.9999 | C 2:0.9999| C 3:nan| C 4:nan| C 5:nan| C 6:nan| C 7:nan| C 8:nan| C 9:nan| C 10:nan| C 11:nan
Epoch[233/500] | Loss:0.0001 |Acc: 100.0000|Pred Confidence: 1.00 | C 0:0.9999 | C 1:0.9999 | C 2:0.9999| C 3:nan| C 4:nan| C 5:nan| C 6:nan| C 7:nan| C 8:nan| C 9:nan| C 10:nan| C 11:nan
Epoch[234/500] | Loss:0.0001 |Acc: 100.0000|Pred Confidence: 1.00 | C 0:0.9999 | C 1:0.9999 | C 2:0.9999| C 3:nan| C 4:nan| C 5:nan| C 6:nan| C 7:nan| C 8:nan| C 9:nan| C 10:nan| C 11:nan
Epoch[235/500] | Loss:0.0001 |Acc: 100.0000|Pred Confidence: 1.00 | C 0:0.9999 | C 1:0.9999 | C 2:0.9999| C 3:nan| C 4:nan| C 5:nan| C 6:nan| C 7:nan| C 8:nan| C 9:nan| C 10:nan| C 11:nan
Epoch[236/500] | Loss:0.0001 |Acc: 100.0000|Pred Confidence: 1.00 | C 0:0.9999 | C 1:0.9999 | C 2:0.9999| C 3:nan| C 4:nan| C 5:nan| C 6:nan| C 7:nan| C 8:nan| C 9:nan| C 10:nan| C 11:nan
Epoch[237/500] | Loss:0.0001 |Acc: 100.0000|Pred Confidence: 1.00 | C 0:0.9999 | C 1:0.9999 | C 2:0.9999| C 3:nan| C 4:nan| C 5:nan| C 6:nan| C 7:nan| C 8:nan| C 9:nan| C 10:nan| C 11:nan
Epoch[238/500] | Loss:0.0001 |Acc: 100.0000|Pred Confidence: 1.00 | C 0:0.9999 | C 1:0.9999 | C 2:0.9999| C 3:nan| C 4:nan| C 5:nan| C 6:nan| C 7:nan| C 8:nan| C 9:nan| C 10:nan| C 11:nan
Epoch[239/500] | Loss:0.0001 |Acc: 100.0000|Pred Confidence: 1.00 | C 0:0.9999 | C 1:0.9999 | C 2:0.9999| C 3:nan| C 4:nan| C 5:nan| C 6:nan| C 7:nan| C 8:nan| C 9:nan| C 10:nan| C 11:nan
Epoch[240/500] | Loss:0.0001 |Acc: 100.0000|Pred Confidence: 1.00 | C 0:0.9999 | C 1:0.9999 | C 2:0.9999| C 3:nan| C 4:nan| C 5:nan| C 6:nan| C 7:nan| C 8:nan| C 9:nan| C 10:nan| C 11:nan
Epoch[241/500] | Loss:0.0001 |Acc: 100.0000|Pred Confidence: 1.00 | C 0:0.9999 | C 1:0.9999 | C 2:0.9999| C 3:nan| C 4:nan| C 5:nan| C 6:nan| C 7:nan| C 8:nan| C 9:nan| C 10:nan| C 11:nan
Epoch[242/500] | Loss:0.0001 |Acc: 100.0000|Pred Confidence: 1.00 | C 0:0.9999 | C 1:0.9999 | C 2:0.9999| C 3:nan| C 4:nan| C 5:nan| C 6:nan| C 7:nan| C 8:nan| C 9:nan| C 10:nan| C 11:nan
Epoch[243/500] | Loss:0.0001 |Acc: 100.0000|Pred Confidence: 1.00 | C 0:0.9999 | C 1:0.9999 | C 2:0.9999| C 3:nan| C 4:nan| C 5:nan| C 6:nan| C 7:nan| C 8:nan| C 9:nan| C 10:nan| C 11:nan
Epoch[244/500] | Loss:0.0001 |Acc: 100.0000|Pred Confidence: 1.00 | C 0:0.9999 | C 1:0.9999 | C 2:0.9999| C 3:nan| C 4:nan| C 5:nan| C 6:nan| C 7:nan| C 8:nan| C 9:nan| C 10:nan| C 11:nan
Epoch[245/500] | Loss:0.0001 |Acc: 100.0000|Pred Confidence: 1.00 | C 0:0.9999 | C 1:0.9999 | C 2:0.9999| C 3:nan| C 4:nan| C 5:nan| C 6:nan| C 7:nan| C 8:nan| C 9:nan| C 10:nan| C 11:nan
Epoch[246/500] | Loss:0.0001 |Acc: 100.0000|Pred Confidence: 1.00 | C 0:0.9999 | C 1:0.9999 | C 2:0.9999| C 3:nan| C 4:nan| C 5:nan| C 6:nan| C 7:nan| C 8:nan| C 9:nan| C 10:nan| C 11:nan
Epoch[247/500] | Loss:0.0001 |Acc: 100.0000|Pred Confidence: 1.00 | C 0:0.9999 | C 1:0.9999 | C 2:0.9999| C 3:nan| C 4:nan| C 5:nan| C 6:nan| C 7:nan| C 8:nan| C 9:nan| C 10:nan| C 11:nan
Epoch[248/500] | Loss:0.0001 |Acc: 100.0000|Pred Confidence: 1.00 | C 0:0.9999 | C 1:0.9999 | C 2:0.9999| C 3:nan| C 4:nan| C 5:nan| C 6:nan| C 7:nan| C 8:nan| C 9:nan| C 10:nan| C 11:nan
Epoch[249/500] | Loss:0.0001 |Acc: 100.0000|Pred Confidence: 1.00 | C 0:0.9999 | C 1:0.9999 | C 2:0.9999| C 3:nan| C 4:nan| C 5:nan| C 6:nan| C 7:nan| C 8:nan| C 9:nan| C 10:nan| C 11:nan
Epoch[250/500] | Loss:0.0001 |Acc: 100.0000|Pred Confidence: 1.00 | C 0:0.9999 | C 1:0.9999 | C 2:0.9999| C 3:nan| C 4:nan| C 5:nan| C 6:nan| C 7:nan| C 8:nan| C 9:nan| C 10:nan| C 11:nan
Epoch[251/500] | Loss:0.0001 |Acc: 100.0000|Pred Confidence: 1.00 | C 0:0.9999 | C 1:0.9999 | C 2:0.9999| C 3:nan| C 4:nan| C 5:nan| C 6:nan| C 7:nan| C 8:nan| C 9:nan| C 10:nan| C 11:nan
Epoch[252/500] | Loss:0.0001 |Acc: 100.0000|Pred Confidence: 1.00 | C 0:0.9999 | C 1:0.9999 | C 2:0.9999| C 3:nan| C 4:nan| C 5:nan| C 6:nan| C 7:nan| C 8:nan| C 9:nan| C 10:nan| C 11:nan
Epoch[253/500] | Loss:0.0001 |Acc: 100.0000|Pred Confidence: 1.00 | C 0:0.9999 | C 1:0.9999 | C 2:0.9999| C 3:nan| C 4:nan| C 5:nan| C 6:nan| C 7:nan| C 8:nan| C 9:nan| C 10:nan| C 11:nan
Epoch[254/500] | Loss:0.0001 |Acc: 100.0000|Pred Confidence: 1.00 | C 0:0.9999 | C 1:0.9999 | C 2:0.9999| C 3:nan| C 4:nan| C 5:nan| C 6:nan| C 7:nan| C 8:nan| C 9:nan| C 10:nan| C 11:nan
Epoch[255/500] | Loss:0.0001 |Acc: 100.0000|Pred Confidence: 1.00 | C 0:0.9999 | C 1:0.9999 | C 2:0.9999| C 3:nan| C 4:nan| C 5:nan| C 6:nan| C 7:nan| C 8:nan| C 9:nan| C 10:nan| C 11:nan
Epoch[256/500] | Loss:0.0001 |Acc: 100.0000|Pred Confidence: 1.00 | C 0:0.9999 | C 1:0.9999 | C 2:0.9999| C 3:nan| C 4:nan| C 5:nan| C 6:nan| C 7:nan| C 8:nan| C 9:nan| C 10:nan| C 11:nan
Epoch[257/500] | Loss:0.0001 |Acc: 100.0000|Pred Confidence: 1.00 | C 0:0.9999 | C 1:0.9999 | C 2:0.9999| C 3:nan| C 4:nan| C 5:nan| C 6:nan| C 7:nan| C 8:nan| C 9:nan| C 10:nan| C 11:nan
Epoch[258/500] | Loss:0.0001 |Acc: 100.0000|Pred Confidence: 1.00 | C 0:0.9999 | C 1:0.9999 | C 2:0.9999| C 3:nan| C 4:nan| C 5:nan| C 6:nan| C 7:nan| C 8:nan| C 9:nan| C 10:nan| C 11:nan
Epoch[259/500] | Loss:0.0001 |Acc: 100.0000|Pred Confidence: 1.00 | C 0:0.9999 | C 1:0.9999 | C 2:0.9999| C 3:nan| C 4:nan| C 5:nan| C 6:nan| C 7:nan| C 8:nan| C 9:nan| C 10:nan| C 11:nan
Epoch[260/500] | Loss:0.0001 |Acc: 100.0000|Pred Confidence: 1.00 | C 0:0.9999 | C 1:0.9999 | C 2:0.9999| C 3:nan| C 4:nan| C 5:nan| C 6:nan| C 7:nan| C 8:nan| C 9:nan| C 10:nan| C 11:nan
Epoch[261/500] | Loss:0.0001 |Acc: 100.0000|Pred Confidence: 1.00 | C 0:0.9999 | C 1:0.9999 | C 2:0.9999| C 3:nan| C 4:nan| C 5:nan| C 6:nan| C 7:nan| C 8:nan| C 9:nan| C 10:nan| C 11:nan
Epoch[262/500] | Loss:0.0001 |Acc: 100.0000|Pred Confidence: 1.00 | C 0:0.9999 | C 1:0.9999 | C 2:0.9999| C 3:nan| C 4:nan| C 5:nan| C 6:nan| C 7:nan| C 8:nan| C 9:nan| C 10:nan| C 11:nan
Epoch[263/500] | Loss:0.0001 |Acc: 100.0000|Pred Confidence: 1.00 | C 0:0.9999 | C 1:0.9999 | C 2:0.9999| C 3:nan| C 4:nan| C 5:nan| C 6:nan| C 7:nan| C 8:nan| C 9:nan| C 10:nan| C 11:nan
Epoch[264/500] | Loss:0.0001 |Acc: 100.0000|Pred Confidence: 1.00 | C 0:0.9999 | C 1:0.9999 | C 2:0.9999| C 3:nan| C 4:nan| C 5:nan| C 6:nan| C 7:nan| C 8:nan| C 9:nan| C 10:nan| C 11:nan
Epoch[265/500] | Loss:0.0001 |Acc: 100.0000|Pred Confidence: 1.00 | C 0:0.9999 | C 1:0.9999 | C 2:0.9999| C 3:nan| C 4:nan| C 5:nan| C 6:nan| C 7:nan| C 8:nan| C 9:nan| C 10:nan| C 11:nan
Epoch[266/500] | Loss:0.0001 |Acc: 100.0000|Pred Confidence: 1.00 | C 0:0.9999 | C 1:0.9999 | C 2:0.9999| C 3:nan| C 4:nan| C 5:nan| C 6:nan| C 7:nan| C 8:nan| C 9:nan| C 10:nan| C 11:nan
Epoch[267/500] | Loss:0.0001 |Acc: 100.0000|Pred Confidence: 1.00 | C 0:0.9999 | C 1:0.9999 | C 2:0.9999| C 3:nan| C 4:nan| C 5:nan| C 6:nan| C 7:nan| C 8:nan| C 9:nan| C 10:nan| C 11:nan
Epoch[268/500] | Loss:0.0001 |Acc: 100.0000|Pred Confidence: 1.00 | C 0:0.9999 | C 1:0.9999 | C 2:0.9999| C 3:nan| C 4:nan| C 5:nan| C 6:nan| C 7:nan| C 8:nan| C 9:nan| C 10:nan| C 11:nan
Epoch[269/500] | Loss:0.0001 |Acc: 100.0000|Pred Confidence: 1.00 | C 0:0.9999 | C 1:0.9999 | C 2:0.9999| C 3:nan| C 4:nan| C 5:nan| C 6:nan| C 7:nan| C 8:nan| C 9:nan| C 10:nan| C 11:nan
Epoch[270/500] | Loss:0.0001 |Acc: 100.0000|Pred Confidence: 1.00 | C 0:0.9999 | C 1:0.9999 | C 2:0.9999| C 3:nan| C 4:nan| C 5:nan| C 6:nan| C 7:nan| C 8:nan| C 9:nan| C 10:nan| C 11:nan
Epoch[271/500] | Loss:0.0001 |Acc: 100.0000|Pred Confidence: 1.00 | C 0:0.9999 | C 1:0.9999 | C 2:0.9999| C 3:nan| C 4:nan| C 5:nan| C 6:nan| C 7:nan| C 8:nan| C 9:nan| C 10:nan| C 11:nan
Epoch[272/500] | Loss:0.0001 |Acc: 100.0000|Pred Confidence: 1.00 | C 0:0.9999 | C 1:0.9999 | C 2:0.9999| C 3:nan| C 4:nan| C 5:nan| C 6:nan| C 7:nan| C 8:nan| C 9:nan| C 10:nan| C 11:nan
Epoch[273/500] | Loss:0.0001 |Acc: 100.0000|Pred Confidence: 1.00 | C 0:0.9999 | C 1:0.9999 | C 2:0.9999| C 3:nan| C 4:nan| C 5:nan| C 6:nan| C 7:nan| C 8:nan| C 9:nan| C 10:nan| C 11:nan
Epoch[274/500] | Loss:0.0001 |Acc: 100.0000|Pred Confidence: 1.00 | C 0:0.9999 | C 1:0.9999 | C 2:0.9999| C 3:nan| C 4:nan| C 5:nan| C 6:nan| C 7:nan| C 8:nan| C 9:nan| C 10:nan| C 11:nan
Epoch[275/500] | Loss:0.0001 |Acc: 100.0000|Pred Confidence: 1.00 | C 0:0.9999 | C 1:0.9999 | C 2:0.9999| C 3:nan| C 4:nan| C 5:nan| C 6:nan| C 7:nan| C 8:nan| C 9:nan| C 10:nan| C 11:nan
Epoch[276/500] | Loss:0.0001 |Acc: 100.0000|Pred Confidence: 1.00 | C 0:0.9999 | C 1:0.9999 | C 2:0.9999| C 3:nan| C 4:nan| C 5:nan| C 6:nan| C 7:nan| C 8:nan| C 9:nan| C 10:nan| C 11:nan
Epoch[277/500] | Loss:0.0001 |Acc: 100.0000|Pred Confidence: 1.00 | C 0:0.9999 | C 1:0.9999 | C 2:0.9999| C 3:nan| C 4:nan| C 5:nan| C 6:nan| C 7:nan| C 8:nan| C 9:nan| C 10:nan| C 11:nan
Epoch[278/500] | Loss:0.0001 |Acc: 100.0000|Pred Confidence: 1.00 | C 0:0.9999 | C 1:0.9999 | C 2:0.9999| C 3:nan| C 4:nan| C 5:nan| C 6:nan| C 7:nan| C 8:nan| C 9:nan| C 10:nan| C 11:nan
Epoch[279/500] | Loss:0.0001 |Acc: 100.0000|Pred Confidence: 1.00 | C 0:0.9999 | C 1:0.9999 | C 2:0.9999| C 3:nan| C 4:nan| C 5:nan| C 6:nan| C 7:nan| C 8:nan| C 9:nan| C 10:nan| C 11:nan
Epoch[280/500] | Loss:0.0001 |Acc: 100.0000|Pred Confidence: 1.00 | C 0:0.9999 | C 1:0.9999 | C 2:0.9999| C 3:nan| C 4:nan| C 5:nan| C 6:nan| C 7:nan| C 8:nan| C 9:nan| C 10:nan| C 11:nan
Epoch[281/500] | Loss:0.0001 |Acc: 100.0000|Pred Confidence: 1.00 | C 0:0.9999 | C 1:0.9999 | C 2:0.9999| C 3:nan| C 4:nan| C 5:nan| C 6:nan| C 7:nan| C 8:nan| C 9:nan| C 10:nan| C 11:nan
Epoch[282/500] | Loss:0.0001 |Acc: 100.0000|Pred Confidence: 1.00 | C 0:0.9999 | C 1:0.9999 | C 2:0.9999| C 3:nan| C 4:nan| C 5:nan| C 6:nan| C 7:nan| C 8:nan| C 9:nan| C 10:nan| C 11:nan
Epoch[283/500] | Loss:0.0001 |Acc: 100.0000|Pred Confidence: 1.00 | C 0:0.9999 | C 1:0.9999 | C 2:0.9999| C 3:nan| C 4:nan| C 5:nan| C 6:nan| C 7:nan| C 8:nan| C 9:nan| C 10:nan| C 11:nan
Epoch[284/500] | Loss:0.0001 |Acc: 100.0000|Pred Confidence: 1.00 | C 0:0.9999 | C 1:0.9999 | C 2:0.9999| C 3:nan| C 4:nan| C 5:nan| C 6:nan| C 7:nan| C 8:nan| C 9:nan| C 10:nan| C 11:nan
Epoch[285/500] | Loss:0.0001 |Acc: 100.0000|Pred Confidence: 1.00 | C 0:0.9999 | C 1:0.9999 | C 2:0.9999| C 3:nan| C 4:nan| C 5:nan| C 6:nan| C 7:nan| C 8:nan| C 9:nan| C 10:nan| C 11:nan
Epoch[286/500] | Loss:0.0001 |Acc: 100.0000|Pred Confidence: 1.00 | C 0:0.9999 | C 1:0.9999 | C 2:0.9999| C 3:nan| C 4:nan| C 5:nan| C 6:nan| C 7:nan| C 8:nan| C 9:nan| C 10:nan| C 11:nan
Epoch[287/500] | Loss:0.0001 |Acc: 100.0000|Pred Confidence: 1.00 | C 0:0.9999 | C 1:0.9999 | C 2:0.9999| C 3:nan| C 4:nan| C 5:nan| C 6:nan| C 7:nan| C 8:nan| C 9:nan| C 10:nan| C 11:nan
Epoch[288/500] | Loss:0.0001 |Acc: 100.0000|Pred Confidence: 1.00 | C 0:0.9999 | C 1:0.9999 | C 2:0.9999| C 3:nan| C 4:nan| C 5:nan| C 6:nan| C 7:nan| C 8:nan| C 9:nan| C 10:nan| C 11:nan
Epoch[289/500] | Loss:0.0001 |Acc: 100.0000|Pred Confidence: 1.00 | C 0:0.9999 | C 1:0.9999 | C 2:0.9999| C 3:nan| C 4:nan| C 5:nan| C 6:nan| C 7:nan| C 8:nan| C 9:nan| C 10:nan| C 11:nan
Epoch[290/500] | Loss:0.0001 |Acc: 100.0000|Pred Confidence: 1.00 | C 0:0.9999 | C 1:0.9999 | C 2:0.9999| C 3:nan| C 4:nan| C 5:nan| C 6:nan| C 7:nan| C 8:nan| C 9:nan| C 10:nan| C 11:nan
Epoch[291/500] | Loss:0.0001 |Acc: 100.0000|Pred Confidence: 1.00 | C 0:0.9999 | C 1:0.9999 | C 2:0.9999| C 3:nan| C 4:nan| C 5:nan| C 6:nan| C 7:nan| C 8:nan| C 9:nan| C 10:nan| C 11:nan
Epoch[292/500] | Loss:0.0001 |Acc: 100.0000|Pred Confidence: 1.00 | C 0:0.9999 | C 1:0.9999 | C 2:0.9999| C 3:nan| C 4:nan| C 5:nan| C 6:nan| C 7:nan| C 8:nan| C 9:nan| C 10:nan| C 11:nan
Epoch[293/500] | Loss:0.0001 |Acc: 100.0000|Pred Confidence: 1.00 | C 0:0.9999 | C 1:0.9999 | C 2:0.9999| C 3:nan| C 4:nan| C 5:nan| C 6:nan| C 7:nan| C 8:nan| C 9:nan| C 10:nan| C 11:nan
Epoch[294/500] | Loss:0.0001 |Acc: 100.0000|Pred Confidence: 1.00 | C 0:0.9999 | C 1:0.9999 | C 2:0.9999| C 3:nan| C 4:nan| C 5:nan| C 6:nan| C 7:nan| C 8:nan| C 9:nan| C 10:nan| C 11:nan
Epoch[295/500] | Loss:0.0001 |Acc: 100.0000|Pred Confidence: 1.00 | C 0:0.9999 | C 1:1.0000 | C 2:0.9999| C 3:nan| C 4:nan| C 5:nan| C 6:nan| C 7:nan| C 8:nan| C 9:nan| C 10:nan| C 11:nan
Epoch[296/500] | Loss:0.0001 |Acc: 100.0000|Pred Confidence: 1.00 | C 0:0.9999 | C 1:1.0000 | C 2:0.9999| C 3:nan| C 4:nan| C 5:nan| C 6:nan| C 7:nan| C 8:nan| C 9:nan| C 10:nan| C 11:nan
Epoch[297/500] | Loss:0.0001 |Acc: 100.0000|Pred Confidence: 1.00 | C 0:0.9999 | C 1:1.0000 | C 2:0.9999| C 3:nan| C 4:nan| C 5:nan| C 6:nan| C 7:nan| C 8:nan| C 9:nan| C 10:nan| C 11:nan
Epoch[298/500] | Loss:0.0001 |Acc: 100.0000|Pred Confidence: 1.00 | C 0:0.9999 | C 1:1.0000 | C 2:0.9999| C 3:nan| C 4:nan| C 5:nan| C 6:nan| C 7:nan| C 8:nan| C 9:nan| C 10:nan| C 11:nan
Epoch[299/500] | Loss:0.0001 |Acc: 100.0000|Pred Confidence: 1.00 | C 0:0.9999 | C 1:1.0000 | C 2:0.9999| C 3:nan| C 4:nan| C 5:nan| C 6:nan| C 7:nan| C 8:nan| C 9:nan| C 10:nan| C 11:nan
Epoch[300/500] | Loss:0.0001 |Acc: 100.0000|Pred Confidence: 1.00 | C 0:0.9999 | C 1:1.0000 | C 2:0.9999| C 3:nan| C 4:nan| C 5:nan| C 6:nan| C 7:nan| C 8:nan| C 9:nan| C 10:nan| C 11:nan
Epoch[301/500] | Loss:0.0001 |Acc: 100.0000|Pred Confidence: 1.00 | C 0:0.9999 | C 1:1.0000 | C 2:0.9999| C 3:nan| C 4:nan| C 5:nan| C 6:nan| C 7:nan| C 8:nan| C 9:nan| C 10:nan| C 11:nan
Epoch[302/500] | Loss:0.0001 |Acc: 100.0000|Pred Confidence: 1.00 | C 0:0.9999 | C 1:1.0000 | C 2:0.9999| C 3:nan| C 4:nan| C 5:nan| C 6:nan| C 7:nan| C 8:nan| C 9:nan| C 10:nan| C 11:nan
Epoch[303/500] | Loss:0.0000 |Acc: 100.0000|Pred Confidence: 1.00 | C 0:0.9999 | C 1:1.0000 | C 2:0.9999| C 3:nan| C 4:nan| C 5:nan| C 6:nan| C 7:nan| C 8:nan| C 9:nan| C 10:nan| C 11:nan
Epoch[304/500] | Loss:0.0000 |Acc: 100.0000|Pred Confidence: 1.00 | C 0:0.9999 | C 1:1.0000 | C 2:0.9999| C 3:nan| C 4:nan| C 5:nan| C 6:nan| C 7:nan| C 8:nan| C 9:nan| C 10:nan| C 11:nan
Epoch[305/500] | Loss:0.0000 |Acc: 100.0000|Pred Confidence: 1.00 | C 0:0.9999 | C 1:1.0000 | C 2:1.0000| C 3:nan| C 4:nan| C 5:nan| C 6:nan| C 7:nan| C 8:nan| C 9:nan| C 10:nan| C 11:nan
Epoch[306/500] | Loss:0.0000 |Acc: 100.0000|Pred Confidence: 1.00 | C 0:0.9999 | C 1:1.0000 | C 2:1.0000| C 3:nan| C 4:nan| C 5:nan| C 6:nan| C 7:nan| C 8:nan| C 9:nan| C 10:nan| C 11:nan
Epoch[307/500] | Loss:0.0000 |Acc: 100.0000|Pred Confidence: 1.00 | C 0:0.9999 | C 1:1.0000 | C 2:1.0000| C 3:nan| C 4:nan| C 5:nan| C 6:nan| C 7:nan| C 8:nan| C 9:nan| C 10:nan| C 11:nan
Epoch[308/500] | Loss:0.0000 |Acc: 100.0000|Pred Confidence: 1.00 | C 0:1.0000 | C 1:1.0000 | C 2:1.0000| C 3:nan| C 4:nan| C 5:nan| C 6:nan| C 7:nan| C 8:nan| C 9:nan| C 10:nan| C 11:nan
Epoch[309/500] | Loss:0.0000 |Acc: 100.0000|Pred Confidence: 1.00 | C 0:1.0000 | C 1:1.0000 | C 2:1.0000| C 3:nan| C 4:nan| C 5:nan| C 6:nan| C 7:nan| C 8:nan| C 9:nan| C 10:nan| C 11:nan
Epoch[310/500] | Loss:0.0000 |Acc: 100.0000|Pred Confidence: 1.00 | C 0:1.0000 | C 1:1.0000 | C 2:1.0000| C 3:nan| C 4:nan| C 5:nan| C 6:nan| C 7:nan| C 8:nan| C 9:nan| C 10:nan| C 11:nan
Epoch[311/500] | Loss:0.0000 |Acc: 100.0000|Pred Confidence: 1.00 | C 0:1.0000 | C 1:1.0000 | C 2:1.0000| C 3:nan| C 4:nan| C 5:nan| C 6:nan| C 7:nan| C 8:nan| C 9:nan| C 10:nan| C 11:nan
Epoch[312/500] | Loss:0.0000 |Acc: 100.0000|Pred Confidence: 1.00 | C 0:1.0000 | C 1:1.0000 | C 2:1.0000| C 3:nan| C 4:nan| C 5:nan| C 6:nan| C 7:nan| C 8:nan| C 9:nan| C 10:nan| C 11:nan
Epoch[313/500] | Loss:0.0000 |Acc: 100.0000|Pred Confidence: 1.00 | C 0:1.0000 | C 1:1.0000 | C 2:1.0000| C 3:nan| C 4:nan| C 5:nan| C 6:nan| C 7:nan| C 8:nan| C 9:nan| C 10:nan| C 11:nan
Epoch[314/500] | Loss:0.0000 |Acc: 100.0000|Pred Confidence: 1.00 | C 0:1.0000 | C 1:1.0000 | C 2:1.0000| C 3:nan| C 4:nan| C 5:nan| C 6:nan| C 7:nan| C 8:nan| C 9:nan| C 10:nan| C 11:nan
Epoch[315/500] | Loss:0.0000 |Acc: 100.0000|Pred Confidence: 1.00 | C 0:1.0000 | C 1:1.0000 | C 2:1.0000| C 3:nan| C 4:nan| C 5:nan| C 6:nan| C 7:nan| C 8:nan| C 9:nan| C 10:nan| C 11:nan
Epoch[316/500] | Loss:0.0000 |Acc: 100.0000|Pred Confidence: 1.00 | C 0:1.0000 | C 1:1.0000 | C 2:1.0000| C 3:nan| C 4:nan| C 5:nan| C 6:nan| C 7:nan| C 8:nan| C 9:nan| C 10:nan| C 11:nan
Epoch[317/500] | Loss:0.0000 |Acc: 100.0000|Pred Confidence: 1.00 | C 0:1.0000 | C 1:1.0000 | C 2:1.0000| C 3:nan| C 4:nan| C 5:nan| C 6:nan| C 7:nan| C 8:nan| C 9:nan| C 10:nan| C 11:nan
Epoch[318/500] | Loss:0.0000 |Acc: 100.0000|Pred Confidence: 1.00 | C 0:1.0000 | C 1:1.0000 | C 2:1.0000| C 3:nan| C 4:nan| C 5:nan| C 6:nan| C 7:nan| C 8:nan| C 9:nan| C 10:nan| C 11:nan
Epoch[319/500] | Loss:0.0000 |Acc: 100.0000|Pred Confidence: 1.00 | C 0:1.0000 | C 1:1.0000 | C 2:1.0000| C 3:nan| C 4:nan| C 5:nan| C 6:nan| C 7:nan| C 8:nan| C 9:nan| C 10:nan| C 11:nan
Epoch[320/500] | Loss:0.0000 |Acc: 100.0000|Pred Confidence: 1.00 | C 0:1.0000 | C 1:1.0000 | C 2:1.0000| C 3:nan| C 4:nan| C 5:nan| C 6:nan| C 7:nan| C 8:nan| C 9:nan| C 10:nan| C 11:nan
Epoch[321/500] | Loss:0.0000 |Acc: 100.0000|Pred Confidence: 1.00 | C 0:1.0000 | C 1:1.0000 | C 2:1.0000| C 3:nan| C 4:nan| C 5:nan| C 6:nan| C 7:nan| C 8:nan| C 9:nan| C 10:nan| C 11:nan
Epoch[322/500] | Loss:0.0000 |Acc: 100.0000|Pred Confidence: 1.00 | C 0:1.0000 | C 1:1.0000 | C 2:1.0000| C 3:nan| C 4:nan| C 5:nan| C 6:nan| C 7:nan| C 8:nan| C 9:nan| C 10:nan| C 11:nan
Epoch[323/500] | Loss:0.0000 |Acc: 100.0000|Pred Confidence: 1.00 | C 0:1.0000 | C 1:1.0000 | C 2:1.0000| C 3:nan| C 4:nan| C 5:nan| C 6:nan| C 7:nan| C 8:nan| C 9:nan| C 10:nan| C 11:nan
Epoch[324/500] | Loss:0.0000 |Acc: 100.0000|Pred Confidence: 1.00 | C 0:1.0000 | C 1:1.0000 | C 2:1.0000| C 3:nan| C 4:nan| C 5:nan| C 6:nan| C 7:nan| C 8:nan| C 9:nan| C 10:nan| C 11:nan
Epoch[325/500] | Loss:0.0000 |Acc: 100.0000|Pred Confidence: 1.00 | C 0:1.0000 | C 1:1.0000 | C 2:1.0000| C 3:nan| C 4:nan| C 5:nan| C 6:nan| C 7:nan| C 8:nan| C 9:nan| C 10:nan| C 11:nan
Epoch[326/500] | Loss:0.0000 |Acc: 100.0000|Pred Confidence: 1.00 | C 0:1.0000 | C 1:1.0000 | C 2:1.0000| C 3:nan| C 4:nan| C 5:nan| C 6:nan| C 7:nan| C 8:nan| C 9:nan| C 10:nan| C 11:nan
Epoch[327/500] | Loss:0.0000 |Acc: 100.0000|Pred Confidence: 1.00 | C 0:1.0000 | C 1:1.0000 | C 2:1.0000| C 3:nan| C 4:nan| C 5:nan| C 6:nan| C 7:nan| C 8:nan| C 9:nan| C 10:nan| C 11:nan
Epoch[328/500] | Loss:0.0000 |Acc: 100.0000|Pred Confidence: 1.00 | C 0:1.0000 | C 1:1.0000 | C 2:1.0000| C 3:nan| C 4:nan| C 5:nan| C 6:nan| C 7:nan| C 8:nan| C 9:nan| C 10:nan| C 11:nan
Epoch[329/500] | Loss:0.0000 |Acc: 100.0000|Pred Confidence: 1.00 | C 0:1.0000 | C 1:1.0000 | C 2:1.0000| C 3:nan| C 4:nan| C 5:nan| C 6:nan| C 7:nan| C 8:nan| C 9:nan| C 10:nan| C 11:nan
Epoch[330/500] | Loss:0.0000 |Acc: 100.0000|Pred Confidence: 1.00 | C 0:1.0000 | C 1:1.0000 | C 2:1.0000| C 3:nan| C 4:nan| C 5:nan| C 6:nan| C 7:nan| C 8:nan| C 9:nan| C 10:nan| C 11:nan
Epoch[331/500] | Loss:0.0000 |Acc: 100.0000|Pred Confidence: 1.00 | C 0:1.0000 | C 1:1.0000 | C 2:1.0000| C 3:nan| C 4:nan| C 5:nan| C 6:nan| C 7:nan| C 8:nan| C 9:nan| C 10:nan| C 11:nan
Epoch[332/500] | Loss:0.0000 |Acc: 100.0000|Pred Confidence: 1.00 | C 0:1.0000 | C 1:1.0000 | C 2:1.0000| C 3:nan| C 4:nan| C 5:nan| C 6:nan| C 7:nan| C 8:nan| C 9:nan| C 10:nan| C 11:nan
Epoch[333/500] | Loss:0.0000 |Acc: 100.0000|Pred Confidence: 1.00 | C 0:1.0000 | C 1:1.0000 | C 2:1.0000| C 3:nan| C 4:nan| C 5:nan| C 6:nan| C 7:nan| C 8:nan| C 9:nan| C 10:nan| C 11:nan
Epoch[334/500] | Loss:0.0000 |Acc: 100.0000|Pred Confidence: 1.00 | C 0:1.0000 | C 1:1.0000 | C 2:1.0000| C 3:nan| C 4:nan| C 5:nan| C 6:nan| C 7:nan| C 8:nan| C 9:nan| C 10:nan| C 11:nan
Epoch[335/500] | Loss:0.0000 |Acc: 100.0000|Pred Confidence: 1.00 | C 0:1.0000 | C 1:1.0000 | C 2:1.0000| C 3:nan| C 4:nan| C 5:nan| C 6:nan| C 7:nan| C 8:nan| C 9:nan| C 10:nan| C 11:nan
Epoch[336/500] | Loss:0.0000 |Acc: 100.0000|Pred Confidence: 1.00 | C 0:1.0000 | C 1:1.0000 | C 2:1.0000| C 3:nan| C 4:nan| C 5:nan| C 6:nan| C 7:nan| C 8:nan| C 9:nan| C 10:nan| C 11:nan
Epoch[337/500] | Loss:0.0000 |Acc: 100.0000|Pred Confidence: 1.00 | C 0:1.0000 | C 1:1.0000 | C 2:1.0000| C 3:nan| C 4:nan| C 5:nan| C 6:nan| C 7:nan| C 8:nan| C 9:nan| C 10:nan| C 11:nan
Epoch[338/500] | Loss:0.0000 |Acc: 100.0000|Pred Confidence: 1.00 | C 0:1.0000 | C 1:1.0000 | C 2:1.0000| C 3:nan| C 4:nan| C 5:nan| C 6:nan| C 7:nan| C 8:nan| C 9:nan| C 10:nan| C 11:nan
Epoch[339/500] | Loss:0.0000 |Acc: 100.0000|Pred Confidence: 1.00 | C 0:1.0000 | C 1:1.0000 | C 2:1.0000| C 3:nan| C 4:nan| C 5:nan| C 6:nan| C 7:nan| C 8:nan| C 9:nan| C 10:nan| C 11:nan
Epoch[340/500] | Loss:0.0000 |Acc: 100.0000|Pred Confidence: 1.00 | C 0:1.0000 | C 1:1.0000 | C 2:1.0000| C 3:nan| C 4:nan| C 5:nan| C 6:nan| C 7:nan| C 8:nan| C 9:nan| C 10:nan| C 11:nan
Epoch[341/500] | Loss:0.0000 |Acc: 100.0000|Pred Confidence: 1.00 | C 0:1.0000 | C 1:1.0000 | C 2:1.0000| C 3:nan| C 4:nan| C 5:nan| C 6:nan| C 7:nan| C 8:nan| C 9:nan| C 10:nan| C 11:nan
Epoch[342/500] | Loss:0.0000 |Acc: 100.0000|Pred Confidence: 1.00 | C 0:1.0000 | C 1:1.0000 | C 2:1.0000| C 3:nan| C 4:nan| C 5:nan| C 6:nan| C 7:nan| C 8:nan| C 9:nan| C 10:nan| C 11:nan
Epoch[343/500] | Loss:0.0000 |Acc: 100.0000|Pred Confidence: 1.00 | C 0:1.0000 | C 1:1.0000 | C 2:1.0000| C 3:nan| C 4:nan| C 5:nan| C 6:nan| C 7:nan| C 8:nan| C 9:nan| C 10:nan| C 11:nan
Epoch[344/500] | Loss:0.0000 |Acc: 100.0000|Pred Confidence: 1.00 | C 0:1.0000 | C 1:1.0000 | C 2:1.0000| C 3:nan| C 4:nan| C 5:nan| C 6:nan| C 7:nan| C 8:nan| C 9:nan| C 10:nan| C 11:nan
Epoch[345/500] | Loss:0.0000 |Acc: 100.0000|Pred Confidence: 1.00 | C 0:1.0000 | C 1:1.0000 | C 2:1.0000| C 3:nan| C 4:nan| C 5:nan| C 6:nan| C 7:nan| C 8:nan| C 9:nan| C 10:nan| C 11:nan
Epoch[346/500] | Loss:0.0000 |Acc: 100.0000|Pred Confidence: 1.00 | C 0:1.0000 | C 1:1.0000 | C 2:1.0000| C 3:nan| C 4:nan| C 5:nan| C 6:nan| C 7:nan| C 8:nan| C 9:nan| C 10:nan| C 11:nan
Epoch[347/500] | Loss:0.0000 |Acc: 100.0000|Pred Confidence: 1.00 | C 0:1.0000 | C 1:1.0000 | C 2:1.0000| C 3:nan| C 4:nan| C 5:nan| C 6:nan| C 7:nan| C 8:nan| C 9:nan| C 10:nan| C 11:nan
Epoch[348/500] | Loss:0.0000 |Acc: 100.0000|Pred Confidence: 1.00 | C 0:1.0000 | C 1:1.0000 | C 2:1.0000| C 3:nan| C 4:nan| C 5:nan| C 6:nan| C 7:nan| C 8:nan| C 9:nan| C 10:nan| C 11:nan
Epoch[349/500] | Loss:0.0000 |Acc: 100.0000|Pred Confidence: 1.00 | C 0:1.0000 | C 1:1.0000 | C 2:1.0000| C 3:nan| C 4:nan| C 5:nan| C 6:nan| C 7:nan| C 8:nan| C 9:nan| C 10:nan| C 11:nan
Epoch[350/500] | Loss:0.0000 |Acc: 100.0000|Pred Confidence: 1.00 | C 0:1.0000 | C 1:1.0000 | C 2:1.0000| C 3:nan| C 4:nan| C 5:nan| C 6:nan| C 7:nan| C 8:nan| C 9:nan| C 10:nan| C 11:nan
Epoch[351/500] | Loss:0.0000 |Acc: 100.0000|Pred Confidence: 1.00 | C 0:1.0000 | C 1:1.0000 | C 2:1.0000| C 3:nan| C 4:nan| C 5:nan| C 6:nan| C 7:nan| C 8:nan| C 9:nan| C 10:nan| C 11:nan
Epoch[352/500] | Loss:0.0000 |Acc: 100.0000|Pred Confidence: 1.00 | C 0:1.0000 | C 1:1.0000 | C 2:1.0000| C 3:nan| C 4:nan| C 5:nan| C 6:nan| C 7:nan| C 8:nan| C 9:nan| C 10:nan| C 11:nan
Epoch[353/500] | Loss:0.0000 |Acc: 100.0000|Pred Confidence: 1.00 | C 0:1.0000 | C 1:1.0000 | C 2:1.0000| C 3:nan| C 4:nan| C 5:nan| C 6:nan| C 7:nan| C 8:nan| C 9:nan| C 10:nan| C 11:nan
Epoch[354/500] | Loss:0.0000 |Acc: 100.0000|Pred Confidence: 1.00 | C 0:1.0000 | C 1:1.0000 | C 2:1.0000| C 3:nan| C 4:nan| C 5:nan| C 6:nan| C 7:nan| C 8:nan| C 9:nan| C 10:nan| C 11:nan
Epoch[355/500] | Loss:0.0000 |Acc: 100.0000|Pred Confidence: 1.00 | C 0:1.0000 | C 1:1.0000 | C 2:1.0000| C 3:nan| C 4:nan| C 5:nan| C 6:nan| C 7:nan| C 8:nan| C 9:nan| C 10:nan| C 11:nan
Epoch[356/500] | Loss:0.0000 |Acc: 100.0000|Pred Confidence: 1.00 | C 0:1.0000 | C 1:1.0000 | C 2:1.0000| C 3:nan| C 4:nan| C 5:nan| C 6:nan| C 7:nan| C 8:nan| C 9:nan| C 10:nan| C 11:nan
Epoch[357/500] | Loss:0.0000 |Acc: 100.0000|Pred Confidence: 1.00 | C 0:1.0000 | C 1:1.0000 | C 2:1.0000| C 3:nan| C 4:nan| C 5:nan| C 6:nan| C 7:nan| C 8:nan| C 9:nan| C 10:nan| C 11:nan
Epoch[358/500] | Loss:0.0000 |Acc: 100.0000|Pred Confidence: 1.00 | C 0:1.0000 | C 1:1.0000 | C 2:1.0000| C 3:nan| C 4:nan| C 5:nan| C 6:nan| C 7:nan| C 8:nan| C 9:nan| C 10:nan| C 11:nan
Epoch[359/500] | Loss:0.0000 |Acc: 100.0000|Pred Confidence: 1.00 | C 0:1.0000 | C 1:1.0000 | C 2:1.0000| C 3:nan| C 4:nan| C 5:nan| C 6:nan| C 7:nan| C 8:nan| C 9:nan| C 10:nan| C 11:nan
Epoch[360/500] | Loss:0.0000 |Acc: 100.0000|Pred Confidence: 1.00 | C 0:1.0000 | C 1:1.0000 | C 2:1.0000| C 3:nan| C 4:nan| C 5:nan| C 6:nan| C 7:nan| C 8:nan| C 9:nan| C 10:nan| C 11:nan
Epoch[361/500] | Loss:0.0000 |Acc: 100.0000|Pred Confidence: 1.00 | C 0:1.0000 | C 1:1.0000 | C 2:1.0000| C 3:nan| C 4:nan| C 5:nan| C 6:nan| C 7:nan| C 8:nan| C 9:nan| C 10:nan| C 11:nan
Epoch[362/500] | Loss:0.0000 |Acc: 100.0000|Pred Confidence: 1.00 | C 0:1.0000 | C 1:1.0000 | C 2:1.0000| C 3:nan| C 4:nan| C 5:nan| C 6:nan| C 7:nan| C 8:nan| C 9:nan| C 10:nan| C 11:nan
Epoch[363/500] | Loss:0.0000 |Acc: 100.0000|Pred Confidence: 1.00 | C 0:1.0000 | C 1:1.0000 | C 2:1.0000| C 3:nan| C 4:nan| C 5:nan| C 6:nan| C 7:nan| C 8:nan| C 9:nan| C 10:nan| C 11:nan
Epoch[364/500] | Loss:0.0000 |Acc: 100.0000|Pred Confidence: 1.00 | C 0:1.0000 | C 1:1.0000 | C 2:1.0000| C 3:nan| C 4:nan| C 5:nan| C 6:nan| C 7:nan| C 8:nan| C 9:nan| C 10:nan| C 11:nan
Epoch[365/500] | Loss:0.0000 |Acc: 100.0000|Pred Confidence: 1.00 | C 0:1.0000 | C 1:1.0000 | C 2:1.0000| C 3:nan| C 4:nan| C 5:nan| C 6:nan| C 7:nan| C 8:nan| C 9:nan| C 10:nan| C 11:nan
Epoch[366/500] | Loss:0.0000 |Acc: 100.0000|Pred Confidence: 1.00 | C 0:1.0000 | C 1:1.0000 | C 2:1.0000| C 3:nan| C 4:nan| C 5:nan| C 6:nan| C 7:nan| C 8:nan| C 9:nan| C 10:nan| C 11:nan
Epoch[367/500] | Loss:0.0000 |Acc: 100.0000|Pred Confidence: 1.00 | C 0:1.0000 | C 1:1.0000 | C 2:1.0000| C 3:nan| C 4:nan| C 5:nan| C 6:nan| C 7:nan| C 8:nan| C 9:nan| C 10:nan| C 11:nan
Epoch[368/500] | Loss:0.0000 |Acc: 100.0000|Pred Confidence: 1.00 | C 0:1.0000 | C 1:1.0000 | C 2:1.0000| C 3:nan| C 4:nan| C 5:nan| C 6:nan| C 7:nan| C 8:nan| C 9:nan| C 10:nan| C 11:nan
Epoch[369/500] | Loss:0.0000 |Acc: 100.0000|Pred Confidence: 1.00 | C 0:1.0000 | C 1:1.0000 | C 2:1.0000| C 3:nan| C 4:nan| C 5:nan| C 6:nan| C 7:nan| C 8:nan| C 9:nan| C 10:nan| C 11:nan
Epoch[370/500] | Loss:0.0000 |Acc: 100.0000|Pred Confidence: 1.00 | C 0:1.0000 | C 1:1.0000 | C 2:1.0000| C 3:nan| C 4:nan| C 5:nan| C 6:nan| C 7:nan| C 8:nan| C 9:nan| C 10:nan| C 11:nan
Epoch[371/500] | Loss:0.0000 |Acc: 100.0000|Pred Confidence: 1.00 | C 0:1.0000 | C 1:1.0000 | C 2:1.0000| C 3:nan| C 4:nan| C 5:nan| C 6:nan| C 7:nan| C 8:nan| C 9:nan| C 10:nan| C 11:nan
Epoch[372/500] | Loss:0.0000 |Acc: 100.0000|Pred Confidence: 1.00 | C 0:1.0000 | C 1:1.0000 | C 2:1.0000| C 3:nan| C 4:nan| C 5:nan| C 6:nan| C 7:nan| C 8:nan| C 9:nan| C 10:nan| C 11:nan
Epoch[373/500] | Loss:0.0000 |Acc: 100.0000|Pred Confidence: 1.00 | C 0:1.0000 | C 1:1.0000 | C 2:1.0000| C 3:nan| C 4:nan| C 5:nan| C 6:nan| C 7:nan| C 8:nan| C 9:nan| C 10:nan| C 11:nan
Epoch[374/500] | Loss:0.0000 |Acc: 100.0000|Pred Confidence: 1.00 | C 0:1.0000 | C 1:1.0000 | C 2:1.0000| C 3:nan| C 4:nan| C 5:nan| C 6:nan| C 7:nan| C 8:nan| C 9:nan| C 10:nan| C 11:nan
Epoch[375/500] | Loss:0.0000 |Acc: 100.0000|Pred Confidence: 1.00 | C 0:1.0000 | C 1:1.0000 | C 2:1.0000| C 3:nan| C 4:nan| C 5:nan| C 6:nan| C 7:nan| C 8:nan| C 9:nan| C 10:nan| C 11:nan
Epoch[376/500] | Loss:0.0000 |Acc: 100.0000|Pred Confidence: 1.00 | C 0:1.0000 | C 1:1.0000 | C 2:1.0000| C 3:nan| C 4:nan| C 5:nan| C 6:nan| C 7:nan| C 8:nan| C 9:nan| C 10:nan| C 11:nan
Epoch[377/500] | Loss:0.0000 |Acc: 100.0000|Pred Confidence: 1.00 | C 0:1.0000 | C 1:1.0000 | C 2:1.0000| C 3:nan| C 4:nan| C 5:nan| C 6:nan| C 7:nan| C 8:nan| C 9:nan| C 10:nan| C 11:nan
Epoch[378/500] | Loss:0.0000 |Acc: 100.0000|Pred Confidence: 1.00 | C 0:1.0000 | C 1:1.0000 | C 2:1.0000| C 3:nan| C 4:nan| C 5:nan| C 6:nan| C 7:nan| C 8:nan| C 9:nan| C 10:nan| C 11:nan
Epoch[379/500] | Loss:0.0000 |Acc: 100.0000|Pred Confidence: 1.00 | C 0:1.0000 | C 1:1.0000 | C 2:1.0000| C 3:nan| C 4:nan| C 5:nan| C 6:nan| C 7:nan| C 8:nan| C 9:nan| C 10:nan| C 11:nan
Epoch[380/500] | Loss:0.0000 |Acc: 100.0000|Pred Confidence: 1.00 | C 0:1.0000 | C 1:1.0000 | C 2:1.0000| C 3:nan| C 4:nan| C 5:nan| C 6:nan| C 7:nan| C 8:nan| C 9:nan| C 10:nan| C 11:nan
Epoch[381/500] | Loss:0.0000 |Acc: 100.0000|Pred Confidence: 1.00 | C 0:1.0000 | C 1:1.0000 | C 2:1.0000| C 3:nan| C 4:nan| C 5:nan| C 6:nan| C 7:nan| C 8:nan| C 9:nan| C 10:nan| C 11:nan
Epoch[382/500] | Loss:0.0000 |Acc: 100.0000|Pred Confidence: 1.00 | C 0:1.0000 | C 1:1.0000 | C 2:1.0000| C 3:nan| C 4:nan| C 5:nan| C 6:nan| C 7:nan| C 8:nan| C 9:nan| C 10:nan| C 11:nan
Epoch[383/500] | Loss:0.0000 |Acc: 100.0000|Pred Confidence: 1.00 | C 0:1.0000 | C 1:1.0000 | C 2:1.0000| C 3:nan| C 4:nan| C 5:nan| C 6:nan| C 7:nan| C 8:nan| C 9:nan| C 10:nan| C 11:nan
Epoch[384/500] | Loss:0.0000 |Acc: 100.0000|Pred Confidence: 1.00 | C 0:1.0000 | C 1:1.0000 | C 2:1.0000| C 3:nan| C 4:nan| C 5:nan| C 6:nan| C 7:nan| C 8:nan| C 9:nan| C 10:nan| C 11:nan
Epoch[385/500] | Loss:0.0000 |Acc: 100.0000|Pred Confidence: 1.00 | C 0:1.0000 | C 1:1.0000 | C 2:1.0000| C 3:nan| C 4:nan| C 5:nan| C 6:nan| C 7:nan| C 8:nan| C 9:nan| C 10:nan| C 11:nan
Epoch[386/500] | Loss:0.0000 |Acc: 100.0000|Pred Confidence: 1.00 | C 0:1.0000 | C 1:1.0000 | C 2:1.0000| C 3:nan| C 4:nan| C 5:nan| C 6:nan| C 7:nan| C 8:nan| C 9:nan| C 10:nan| C 11:nan
Epoch[387/500] | Loss:0.0000 |Acc: 100.0000|Pred Confidence: 1.00 | C 0:1.0000 | C 1:1.0000 | C 2:1.0000| C 3:nan| C 4:nan| C 5:nan| C 6:nan| C 7:nan| C 8:nan| C 9:nan| C 10:nan| C 11:nan
Epoch[388/500] | Loss:0.0000 |Acc: 100.0000|Pred Confidence: 1.00 | C 0:1.0000 | C 1:1.0000 | C 2:1.0000| C 3:nan| C 4:nan| C 5:nan| C 6:nan| C 7:nan| C 8:nan| C 9:nan| C 10:nan| C 11:nan
Epoch[389/500] | Loss:0.0000 |Acc: 100.0000|Pred Confidence: 1.00 | C 0:1.0000 | C 1:1.0000 | C 2:1.0000| C 3:nan| C 4:nan| C 5:nan| C 6:nan| C 7:nan| C 8:nan| C 9:nan| C 10:nan| C 11:nan
Epoch[390/500] | Loss:0.0000 |Acc: 100.0000|Pred Confidence: 1.00 | C 0:1.0000 | C 1:1.0000 | C 2:1.0000| C 3:nan| C 4:nan| C 5:nan| C 6:nan| C 7:nan| C 8:nan| C 9:nan| C 10:nan| C 11:nan
Epoch[391/500] | Loss:0.0000 |Acc: 100.0000|Pred Confidence: 1.00 | C 0:1.0000 | C 1:1.0000 | C 2:1.0000| C 3:nan| C 4:nan| C 5:nan| C 6:nan| C 7:nan| C 8:nan| C 9:nan| C 10:nan| C 11:nan
Epoch[392/500] | Loss:0.0000 |Acc: 100.0000|Pred Confidence: 1.00 | C 0:1.0000 | C 1:1.0000 | C 2:1.0000| C 3:nan| C 4:nan| C 5:nan| C 6:nan| C 7:nan| C 8:nan| C 9:nan| C 10:nan| C 11:nan
Epoch[393/500] | Loss:0.0000 |Acc: 100.0000|Pred Confidence: 1.00 | C 0:1.0000 | C 1:1.0000 | C 2:1.0000| C 3:nan| C 4:nan| C 5:nan| C 6:nan| C 7:nan| C 8:nan| C 9:nan| C 10:nan| C 11:nan
Epoch[394/500] | Loss:0.0000 |Acc: 100.0000|Pred Confidence: 1.00 | C 0:1.0000 | C 1:1.0000 | C 2:1.0000| C 3:nan| C 4:nan| C 5:nan| C 6:nan| C 7:nan| C 8:nan| C 9:nan| C 10:nan| C 11:nan
Epoch[395/500] | Loss:0.0000 |Acc: 100.0000|Pred Confidence: 1.00 | C 0:1.0000 | C 1:1.0000 | C 2:1.0000| C 3:nan| C 4:nan| C 5:nan| C 6:nan| C 7:nan| C 8:nan| C 9:nan| C 10:nan| C 11:nan
Epoch[396/500] | Loss:0.0000 |Acc: 100.0000|Pred Confidence: 1.00 | C 0:1.0000 | C 1:1.0000 | C 2:1.0000| C 3:nan| C 4:nan| C 5:nan| C 6:nan| C 7:nan| C 8:nan| C 9:nan| C 10:nan| C 11:nan
Epoch[397/500] | Loss:0.0000 |Acc: 100.0000|Pred Confidence: 1.00 | C 0:1.0000 | C 1:1.0000 | C 2:1.0000| C 3:nan| C 4:nan| C 5:nan| C 6:nan| C 7:nan| C 8:nan| C 9:nan| C 10:nan| C 11:nan
Epoch[398/500] | Loss:0.0000 |Acc: 100.0000|Pred Confidence: 1.00 | C 0:1.0000 | C 1:1.0000 | C 2:1.0000| C 3:nan| C 4:nan| C 5:nan| C 6:nan| C 7:nan| C 8:nan| C 9:nan| C 10:nan| C 11:nan
Epoch[399/500] | Loss:0.0000 |Acc: 100.0000|Pred Confidence: 1.00 | C 0:1.0000 | C 1:1.0000 | C 2:1.0000| C 3:nan| C 4:nan| C 5:nan| C 6:nan| C 7:nan| C 8:nan| C 9:nan| C 10:nan| C 11:nan
Epoch[400/500] | Loss:0.0000 |Acc: 100.0000|Pred Confidence: 1.00 | C 0:1.0000 | C 1:1.0000 | C 2:1.0000| C 3:nan| C 4:nan| C 5:nan| C 6:nan| C 7:nan| C 8:nan| C 9:nan| C 10:nan| C 11:nan
Epoch[401/500] | Loss:0.0000 |Acc: 100.0000|Pred Confidence: 1.00 | C 0:1.0000 | C 1:1.0000 | C 2:1.0000| C 3:nan| C 4:nan| C 5:nan| C 6:nan| C 7:nan| C 8:nan| C 9:nan| C 10:nan| C 11:nan
Epoch[402/500] | Loss:0.0000 |Acc: 100.0000|Pred Confidence: 1.00 | C 0:1.0000 | C 1:1.0000 | C 2:1.0000| C 3:nan| C 4:nan| C 5:nan| C 6:nan| C 7:nan| C 8:nan| C 9:nan| C 10:nan| C 11:nan
Epoch[403/500] | Loss:0.0000 |Acc: 100.0000|Pred Confidence: 1.00 | C 0:1.0000 | C 1:1.0000 | C 2:1.0000| C 3:nan| C 4:nan| C 5:nan| C 6:nan| C 7:nan| C 8:nan| C 9:nan| C 10:nan| C 11:nan
Epoch[404/500] | Loss:0.0000 |Acc: 100.0000|Pred Confidence: 1.00 | C 0:1.0000 | C 1:1.0000 | C 2:1.0000| C 3:nan| C 4:nan| C 5:nan| C 6:nan| C 7:nan| C 8:nan| C 9:nan| C 10:nan| C 11:nan
Epoch[405/500] | Loss:0.0000 |Acc: 100.0000|Pred Confidence: 1.00 | C 0:1.0000 | C 1:1.0000 | C 2:1.0000| C 3:nan| C 4:nan| C 5:nan| C 6:nan| C 7:nan| C 8:nan| C 9:nan| C 10:nan| C 11:nan
Epoch[406/500] | Loss:0.0000 |Acc: 100.0000|Pred Confidence: 1.00 | C 0:1.0000 | C 1:1.0000 | C 2:1.0000| C 3:nan| C 4:nan| C 5:nan| C 6:nan| C 7:nan| C 8:nan| C 9:nan| C 10:nan| C 11:nan
Epoch[407/500] | Loss:0.0000 |Acc: 100.0000|Pred Confidence: 1.00 | C 0:1.0000 | C 1:1.0000 | C 2:1.0000| C 3:nan| C 4:nan| C 5:nan| C 6:nan| C 7:nan| C 8:nan| C 9:nan| C 10:nan| C 11:nan
Epoch[408/500] | Loss:0.0000 |Acc: 100.0000|Pred Confidence: 1.00 | C 0:1.0000 | C 1:1.0000 | C 2:1.0000| C 3:nan| C 4:nan| C 5:nan| C 6:nan| C 7:nan| C 8:nan| C 9:nan| C 10:nan| C 11:nan
Epoch[409/500] | Loss:0.0000 |Acc: 100.0000|Pred Confidence: 1.00 | C 0:1.0000 | C 1:1.0000 | C 2:1.0000| C 3:nan| C 4:nan| C 5:nan| C 6:nan| C 7:nan| C 8:nan| C 9:nan| C 10:nan| C 11:nan
Epoch[410/500] | Loss:0.0000 |Acc: 100.0000|Pred Confidence: 1.00 | C 0:1.0000 | C 1:1.0000 | C 2:1.0000| C 3:nan| C 4:nan| C 5:nan| C 6:nan| C 7:nan| C 8:nan| C 9:nan| C 10:nan| C 11:nan
Epoch[411/500] | Loss:0.0000 |Acc: 100.0000|Pred Confidence: 1.00 | C 0:1.0000 | C 1:1.0000 | C 2:1.0000| C 3:nan| C 4:nan| C 5:nan| C 6:nan| C 7:nan| C 8:nan| C 9:nan| C 10:nan| C 11:nan
Epoch[412/500] | Loss:0.0000 |Acc: 100.0000|Pred Confidence: 1.00 | C 0:1.0000 | C 1:1.0000 | C 2:1.0000| C 3:nan| C 4:nan| C 5:nan| C 6:nan| C 7:nan| C 8:nan| C 9:nan| C 10:nan| C 11:nan
Epoch[413/500] | Loss:0.0000 |Acc: 100.0000|Pred Confidence: 1.00 | C 0:1.0000 | C 1:1.0000 | C 2:1.0000| C 3:nan| C 4:nan| C 5:nan| C 6:nan| C 7:nan| C 8:nan| C 9:nan| C 10:nan| C 11:nan
Epoch[414/500] | Loss:0.0000 |Acc: 100.0000|Pred Confidence: 1.00 | C 0:1.0000 | C 1:1.0000 | C 2:1.0000| C 3:nan| C 4:nan| C 5:nan| C 6:nan| C 7:nan| C 8:nan| C 9:nan| C 10:nan| C 11:nan
Epoch[415/500] | Loss:0.0000 |Acc: 100.0000|Pred Confidence: 1.00 | C 0:1.0000 | C 1:1.0000 | C 2:1.0000| C 3:nan| C 4:nan| C 5:nan| C 6:nan| C 7:nan| C 8:nan| C 9:nan| C 10:nan| C 11:nan
Epoch[416/500] | Loss:0.0000 |Acc: 100.0000|Pred Confidence: 1.00 | C 0:1.0000 | C 1:1.0000 | C 2:1.0000| C 3:nan| C 4:nan| C 5:nan| C 6:nan| C 7:nan| C 8:nan| C 9:nan| C 10:nan| C 11:nan
Epoch[417/500] | Loss:0.0000 |Acc: 100.0000|Pred Confidence: 1.00 | C 0:1.0000 | C 1:1.0000 | C 2:1.0000| C 3:nan| C 4:nan| C 5:nan| C 6:nan| C 7:nan| C 8:nan| C 9:nan| C 10:nan| C 11:nan
Epoch[418/500] | Loss:0.0000 |Acc: 100.0000|Pred Confidence: 1.00 | C 0:1.0000 | C 1:1.0000 | C 2:1.0000| C 3:nan| C 4:nan| C 5:nan| C 6:nan| C 7:nan| C 8:nan| C 9:nan| C 10:nan| C 11:nan
Epoch[419/500] | Loss:0.0000 |Acc: 100.0000|Pred Confidence: 1.00 | C 0:1.0000 | C 1:1.0000 | C 2:1.0000| C 3:nan| C 4:nan| C 5:nan| C 6:nan| C 7:nan| C 8:nan| C 9:nan| C 10:nan| C 11:nan
Epoch[420/500] | Loss:0.0000 |Acc: 100.0000|Pred Confidence: 1.00 | C 0:1.0000 | C 1:1.0000 | C 2:1.0000| C 3:nan| C 4:nan| C 5:nan| C 6:nan| C 7:nan| C 8:nan| C 9:nan| C 10:nan| C 11:nan
Epoch[421/500] | Loss:0.0000 |Acc: 100.0000|Pred Confidence: 1.00 | C 0:1.0000 | C 1:1.0000 | C 2:1.0000| C 3:nan| C 4:nan| C 5:nan| C 6:nan| C 7:nan| C 8:nan| C 9:nan| C 10:nan| C 11:nan
Epoch[422/500] | Loss:0.0000 |Acc: 100.0000|Pred Confidence: 1.00 | C 0:1.0000 | C 1:1.0000 | C 2:1.0000| C 3:nan| C 4:nan| C 5:nan| C 6:nan| C 7:nan| C 8:nan| C 9:nan| C 10:nan| C 11:nan
Epoch[423/500] | Loss:0.0000 |Acc: 100.0000|Pred Confidence: 1.00 | C 0:1.0000 | C 1:1.0000 | C 2:1.0000| C 3:nan| C 4:nan| C 5:nan| C 6:nan| C 7:nan| C 8:nan| C 9:nan| C 10:nan| C 11:nan
Epoch[424/500] | Loss:0.0000 |Acc: 100.0000|Pred Confidence: 1.00 | C 0:1.0000 | C 1:1.0000 | C 2:1.0000| C 3:nan| C 4:nan| C 5:nan| C 6:nan| C 7:nan| C 8:nan| C 9:nan| C 10:nan| C 11:nan
Epoch[425/500] | Loss:0.0000 |Acc: 100.0000|Pred Confidence: 1.00 | C 0:1.0000 | C 1:1.0000 | C 2:1.0000| C 3:nan| C 4:nan| C 5:nan| C 6:nan| C 7:nan| C 8:nan| C 9:nan| C 10:nan| C 11:nan
Epoch[426/500] | Loss:0.0000 |Acc: 100.0000|Pred Confidence: 1.00 | C 0:1.0000 | C 1:1.0000 | C 2:1.0000| C 3:nan| C 4:nan| C 5:nan| C 6:nan| C 7:nan| C 8:nan| C 9:nan| C 10:nan| C 11:nan
Epoch[427/500] | Loss:0.0000 |Acc: 100.0000|Pred Confidence: 1.00 | C 0:1.0000 | C 1:1.0000 | C 2:1.0000| C 3:nan| C 4:nan| C 5:nan| C 6:nan| C 7:nan| C 8:nan| C 9:nan| C 10:nan| C 11:nan
Epoch[428/500] | Loss:0.0000 |Acc: 100.0000|Pred Confidence: 1.00 | C 0:1.0000 | C 1:1.0000 | C 2:1.0000| C 3:nan| C 4:nan| C 5:nan| C 6:nan| C 7:nan| C 8:nan| C 9:nan| C 10:nan| C 11:nan
Epoch[429/500] | Loss:0.0000 |Acc: 100.0000|Pred Confidence: 1.00 | C 0:1.0000 | C 1:1.0000 | C 2:1.0000| C 3:nan| C 4:nan| C 5:nan| C 6:nan| C 7:nan| C 8:nan| C 9:nan| C 10:nan| C 11:nan
Epoch[430/500] | Loss:0.0000 |Acc: 100.0000|Pred Confidence: 1.00 | C 0:1.0000 | C 1:1.0000 | C 2:1.0000| C 3:nan| C 4:nan| C 5:nan| C 6:nan| C 7:nan| C 8:nan| C 9:nan| C 10:nan| C 11:nan
Epoch[431/500] | Loss:0.0000 |Acc: 100.0000|Pred Confidence: 1.00 | C 0:1.0000 | C 1:1.0000 | C 2:1.0000| C 3:nan| C 4:nan| C 5:nan| C 6:nan| C 7:nan| C 8:nan| C 9:nan| C 10:nan| C 11:nan
Epoch[432/500] | Loss:0.0000 |Acc: 100.0000|Pred Confidence: 1.00 | C 0:1.0000 | C 1:1.0000 | C 2:1.0000| C 3:nan| C 4:nan| C 5:nan| C 6:nan| C 7:nan| C 8:nan| C 9:nan| C 10:nan| C 11:nan
Epoch[433/500] | Loss:0.0000 |Acc: 100.0000|Pred Confidence: 1.00 | C 0:1.0000 | C 1:1.0000 | C 2:1.0000| C 3:nan| C 4:nan| C 5:nan| C 6:nan| C 7:nan| C 8:nan| C 9:nan| C 10:nan| C 11:nan
Epoch[434/500] | Loss:0.0000 |Acc: 100.0000|Pred Confidence: 1.00 | C 0:1.0000 | C 1:1.0000 | C 2:1.0000| C 3:nan| C 4:nan| C 5:nan| C 6:nan| C 7:nan| C 8:nan| C 9:nan| C 10:nan| C 11:nan
Epoch[435/500] | Loss:0.0000 |Acc: 100.0000|Pred Confidence: 1.00 | C 0:1.0000 | C 1:1.0000 | C 2:1.0000| C 3:nan| C 4:nan| C 5:nan| C 6:nan| C 7:nan| C 8:nan| C 9:nan| C 10:nan| C 11:nan
Epoch[436/500] | Loss:0.0000 |Acc: 100.0000|Pred Confidence: 1.00 | C 0:1.0000 | C 1:1.0000 | C 2:1.0000| C 3:nan| C 4:nan| C 5:nan| C 6:nan| C 7:nan| C 8:nan| C 9:nan| C 10:nan| C 11:nan
Epoch[437/500] | Loss:0.0000 |Acc: 100.0000|Pred Confidence: 1.00 | C 0:1.0000 | C 1:1.0000 | C 2:1.0000| C 3:nan| C 4:nan| C 5:nan| C 6:nan| C 7:nan| C 8:nan| C 9:nan| C 10:nan| C 11:nan
Epoch[438/500] | Loss:0.0000 |Acc: 100.0000|Pred Confidence: 1.00 | C 0:1.0000 | C 1:1.0000 | C 2:1.0000| C 3:nan| C 4:nan| C 5:nan| C 6:nan| C 7:nan| C 8:nan| C 9:nan| C 10:nan| C 11:nan
Epoch[439/500] | Loss:0.0000 |Acc: 100.0000|Pred Confidence: 1.00 | C 0:1.0000 | C 1:1.0000 | C 2:1.0000| C 3:nan| C 4:nan| C 5:nan| C 6:nan| C 7:nan| C 8:nan| C 9:nan| C 10:nan| C 11:nan
Epoch[440/500] | Loss:0.0000 |Acc: 100.0000|Pred Confidence: 1.00 | C 0:1.0000 | C 1:1.0000 | C 2:1.0000| C 3:nan| C 4:nan| C 5:nan| C 6:nan| C 7:nan| C 8:nan| C 9:nan| C 10:nan| C 11:nan
Epoch[441/500] | Loss:0.0000 |Acc: 100.0000|Pred Confidence: 1.00 | C 0:1.0000 | C 1:1.0000 | C 2:1.0000| C 3:nan| C 4:nan| C 5:nan| C 6:nan| C 7:nan| C 8:nan| C 9:nan| C 10:nan| C 11:nan
Epoch[442/500] | Loss:0.0000 |Acc: 100.0000|Pred Confidence: 1.00 | C 0:1.0000 | C 1:1.0000 | C 2:1.0000| C 3:nan| C 4:nan| C 5:nan| C 6:nan| C 7:nan| C 8:nan| C 9:nan| C 10:nan| C 11:nan
Epoch[443/500] | Loss:0.0000 |Acc: 100.0000|Pred Confidence: 1.00 | C 0:1.0000 | C 1:1.0000 | C 2:1.0000| C 3:nan| C 4:nan| C 5:nan| C 6:nan| C 7:nan| C 8:nan| C 9:nan| C 10:nan| C 11:nan
Epoch[444/500] | Loss:0.0000 |Acc: 100.0000|Pred Confidence: 1.00 | C 0:1.0000 | C 1:1.0000 | C 2:1.0000| C 3:nan| C 4:nan| C 5:nan| C 6:nan| C 7:nan| C 8:nan| C 9:nan| C 10:nan| C 11:nan
Epoch[445/500] | Loss:0.0000 |Acc: 100.0000|Pred Confidence: 1.00 | C 0:1.0000 | C 1:1.0000 | C 2:1.0000| C 3:nan| C 4:nan| C 5:nan| C 6:nan| C 7:nan| C 8:nan| C 9:nan| C 10:nan| C 11:nan
Epoch[446/500] | Loss:0.0000 |Acc: 100.0000|Pred Confidence: 1.00 | C 0:1.0000 | C 1:1.0000 | C 2:1.0000| C 3:nan| C 4:nan| C 5:nan| C 6:nan| C 7:nan| C 8:nan| C 9:nan| C 10:nan| C 11:nan
Epoch[447/500] | Loss:0.0000 |Acc: 100.0000|Pred Confidence: 1.00 | C 0:1.0000 | C 1:1.0000 | C 2:1.0000| C 3:nan| C 4:nan| C 5:nan| C 6:nan| C 7:nan| C 8:nan| C 9:nan| C 10:nan| C 11:nan
Epoch[448/500] | Loss:0.0000 |Acc: 100.0000|Pred Confidence: 1.00 | C 0:1.0000 | C 1:1.0000 | C 2:1.0000| C 3:nan| C 4:nan| C 5:nan| C 6:nan| C 7:nan| C 8:nan| C 9:nan| C 10:nan| C 11:nan
Epoch[449/500] | Loss:0.0000 |Acc: 100.0000|Pred Confidence: 1.00 | C 0:1.0000 | C 1:1.0000 | C 2:1.0000| C 3:nan| C 4:nan| C 5:nan| C 6:nan| C 7:nan| C 8:nan| C 9:nan| C 10:nan| C 11:nan
Epoch[450/500] | Loss:0.0000 |Acc: 100.0000|Pred Confidence: 1.00 | C 0:1.0000 | C 1:1.0000 | C 2:1.0000| C 3:nan| C 4:nan| C 5:nan| C 6:nan| C 7:nan| C 8:nan| C 9:nan| C 10:nan| C 11:nan
Epoch[451/500] | Loss:0.0000 |Acc: 100.0000|Pred Confidence: 1.00 | C 0:1.0000 | C 1:1.0000 | C 2:1.0000| C 3:nan| C 4:nan| C 5:nan| C 6:nan| C 7:nan| C 8:nan| C 9:nan| C 10:nan| C 11:nan
Epoch[452/500] | Loss:0.0000 |Acc: 100.0000|Pred Confidence: 1.00 | C 0:1.0000 | C 1:1.0000 | C 2:1.0000| C 3:nan| C 4:nan| C 5:nan| C 6:nan| C 7:nan| C 8:nan| C 9:nan| C 10:nan| C 11:nan
Epoch[453/500] | Loss:0.0000 |Acc: 100.0000|Pred Confidence: 1.00 | C 0:1.0000 | C 1:1.0000 | C 2:1.0000| C 3:nan| C 4:nan| C 5:nan| C 6:nan| C 7:nan| C 8:nan| C 9:nan| C 10:nan| C 11:nan
Epoch[454/500] | Loss:0.0000 |Acc: 100.0000|Pred Confidence: 1.00 | C 0:1.0000 | C 1:1.0000 | C 2:1.0000| C 3:nan| C 4:nan| C 5:nan| C 6:nan| C 7:nan| C 8:nan| C 9:nan| C 10:nan| C 11:nan
Epoch[455/500] | Loss:0.0000 |Acc: 100.0000|Pred Confidence: 1.00 | C 0:1.0000 | C 1:1.0000 | C 2:1.0000| C 3:nan| C 4:nan| C 5:nan| C 6:nan| C 7:nan| C 8:nan| C 9:nan| C 10:nan| C 11:nan
Epoch[456/500] | Loss:0.0000 |Acc: 100.0000|Pred Confidence: 1.00 | C 0:1.0000 | C 1:1.0000 | C 2:1.0000| C 3:nan| C 4:nan| C 5:nan| C 6:nan| C 7:nan| C 8:nan| C 9:nan| C 10:nan| C 11:nan
Epoch[457/500] | Loss:0.0000 |Acc: 100.0000|Pred Confidence: 1.00 | C 0:1.0000 | C 1:1.0000 | C 2:1.0000| C 3:nan| C 4:nan| C 5:nan| C 6:nan| C 7:nan| C 8:nan| C 9:nan| C 10:nan| C 11:nan
Epoch[458/500] | Loss:0.0000 |Acc: 100.0000|Pred Confidence: 1.00 | C 0:1.0000 | C 1:1.0000 | C 2:1.0000| C 3:nan| C 4:nan| C 5:nan| C 6:nan| C 7:nan| C 8:nan| C 9:nan| C 10:nan| C 11:nan
Epoch[459/500] | Loss:0.0000 |Acc: 100.0000|Pred Confidence: 1.00 | C 0:1.0000 | C 1:1.0000 | C 2:1.0000| C 3:nan| C 4:nan| C 5:nan| C 6:nan| C 7:nan| C 8:nan| C 9:nan| C 10:nan| C 11:nan
Epoch[460/500] | Loss:0.0000 |Acc: 100.0000|Pred Confidence: 1.00 | C 0:1.0000 | C 1:1.0000 | C 2:1.0000| C 3:nan| C 4:nan| C 5:nan| C 6:nan| C 7:nan| C 8:nan| C 9:nan| C 10:nan| C 11:nan
Epoch[461/500] | Loss:0.0000 |Acc: 100.0000|Pred Confidence: 1.00 | C 0:1.0000 | C 1:1.0000 | C 2:1.0000| C 3:nan| C 4:nan| C 5:nan| C 6:nan| C 7:nan| C 8:nan| C 9:nan| C 10:nan| C 11:nan
Epoch[462/500] | Loss:0.0000 |Acc: 100.0000|Pred Confidence: 1.00 | C 0:1.0000 | C 1:1.0000 | C 2:1.0000| C 3:nan| C 4:nan| C 5:nan| C 6:nan| C 7:nan| C 8:nan| C 9:nan| C 10:nan| C 11:nan
Epoch[463/500] | Loss:0.0000 |Acc: 100.0000|Pred Confidence: 1.00 | C 0:1.0000 | C 1:1.0000 | C 2:1.0000| C 3:nan| C 4:nan| C 5:nan| C 6:nan| C 7:nan| C 8:nan| C 9:nan| C 10:nan| C 11:nan
Epoch[464/500] | Loss:0.0000 |Acc: 100.0000|Pred Confidence: 1.00 | C 0:1.0000 | C 1:1.0000 | C 2:1.0000| C 3:nan| C 4:nan| C 5:nan| C 6:nan| C 7:nan| C 8:nan| C 9:nan| C 10:nan| C 11:nan
Epoch[465/500] | Loss:0.0000 |Acc: 100.0000|Pred Confidence: 1.00 | C 0:1.0000 | C 1:1.0000 | C 2:1.0000| C 3:nan| C 4:nan| C 5:nan| C 6:nan| C 7:nan| C 8:nan| C 9:nan| C 10:nan| C 11:nan
Epoch[466/500] | Loss:0.0000 |Acc: 100.0000|Pred Confidence: 1.00 | C 0:1.0000 | C 1:1.0000 | C 2:1.0000| C 3:nan| C 4:nan| C 5:nan| C 6:nan| C 7:nan| C 8:nan| C 9:nan| C 10:nan| C 11:nan
Epoch[467/500] | Loss:0.0000 |Acc: 100.0000|Pred Confidence: 1.00 | C 0:1.0000 | C 1:1.0000 | C 2:1.0000| C 3:nan| C 4:nan| C 5:nan| C 6:nan| C 7:nan| C 8:nan| C 9:nan| C 10:nan| C 11:nan
Epoch[468/500] | Loss:0.0000 |Acc: 100.0000|Pred Confidence: 1.00 | C 0:1.0000 | C 1:1.0000 | C 2:1.0000| C 3:nan| C 4:nan| C 5:nan| C 6:nan| C 7:nan| C 8:nan| C 9:nan| C 10:nan| C 11:nan
Epoch[469/500] | Loss:0.0000 |Acc: 100.0000|Pred Confidence: 1.00 | C 0:1.0000 | C 1:1.0000 | C 2:1.0000| C 3:nan| C 4:nan| C 5:nan| C 6:nan| C 7:nan| C 8:nan| C 9:nan| C 10:nan| C 11:nan
Epoch[470/500] | Loss:0.0000 |Acc: 100.0000|Pred Confidence: 1.00 | C 0:1.0000 | C 1:1.0000 | C 2:1.0000| C 3:nan| C 4:nan| C 5:nan| C 6:nan| C 7:nan| C 8:nan| C 9:nan| C 10:nan| C 11:nan
Epoch[471/500] | Loss:0.0000 |Acc: 100.0000|Pred Confidence: 1.00 | C 0:1.0000 | C 1:1.0000 | C 2:1.0000| C 3:nan| C 4:nan| C 5:nan| C 6:nan| C 7:nan| C 8:nan| C 9:nan| C 10:nan| C 11:nan
Epoch[472/500] | Loss:0.0000 |Acc: 100.0000|Pred Confidence: 1.00 | C 0:1.0000 | C 1:1.0000 | C 2:1.0000| C 3:nan| C 4:nan| C 5:nan| C 6:nan| C 7:nan| C 8:nan| C 9:nan| C 10:nan| C 11:nan
Epoch[473/500] | Loss:0.0000 |Acc: 100.0000|Pred Confidence: 1.00 | C 0:1.0000 | C 1:1.0000 | C 2:1.0000| C 3:nan| C 4:nan| C 5:nan| C 6:nan| C 7:nan| C 8:nan| C 9:nan| C 10:nan| C 11:nan
Epoch[474/500] | Loss:0.0000 |Acc: 100.0000|Pred Confidence: 1.00 | C 0:1.0000 | C 1:1.0000 | C 2:1.0000| C 3:nan| C 4:nan| C 5:nan| C 6:nan| C 7:nan| C 8:nan| C 9:nan| C 10:nan| C 11:nan
Epoch[475/500] | Loss:0.0000 |Acc: 100.0000|Pred Confidence: 1.00 | C 0:1.0000 | C 1:1.0000 | C 2:1.0000| C 3:nan| C 4:nan| C 5:nan| C 6:nan| C 7:nan| C 8:nan| C 9:nan| C 10:nan| C 11:nan
Epoch[476/500] | Loss:0.0000 |Acc: 100.0000|Pred Confidence: 1.00 | C 0:1.0000 | C 1:1.0000 | C 2:1.0000| C 3:nan| C 4:nan| C 5:nan| C 6:nan| C 7:nan| C 8:nan| C 9:nan| C 10:nan| C 11:nan
Epoch[477/500] | Loss:0.0000 |Acc: 100.0000|Pred Confidence: 1.00 | C 0:1.0000 | C 1:1.0000 | C 2:1.0000| C 3:nan| C 4:nan| C 5:nan| C 6:nan| C 7:nan| C 8:nan| C 9:nan| C 10:nan| C 11:nan
Epoch[478/500] | Loss:0.0000 |Acc: 100.0000|Pred Confidence: 1.00 | C 0:1.0000 | C 1:1.0000 | C 2:1.0000| C 3:nan| C 4:nan| C 5:nan| C 6:nan| C 7:nan| C 8:nan| C 9:nan| C 10:nan| C 11:nan
Epoch[479/500] | Loss:0.0000 |Acc: 100.0000|Pred Confidence: 1.00 | C 0:1.0000 | C 1:1.0000 | C 2:1.0000| C 3:nan| C 4:nan| C 5:nan| C 6:nan| C 7:nan| C 8:nan| C 9:nan| C 10:nan| C 11:nan
Epoch[480/500] | Loss:0.0000 |Acc: 100.0000|Pred Confidence: 1.00 | C 0:1.0000 | C 1:1.0000 | C 2:1.0000| C 3:nan| C 4:nan| C 5:nan| C 6:nan| C 7:nan| C 8:nan| C 9:nan| C 10:nan| C 11:nan
Epoch[481/500] | Loss:0.0000 |Acc: 100.0000|Pred Confidence: 1.00 | C 0:1.0000 | C 1:1.0000 | C 2:1.0000| C 3:nan| C 4:nan| C 5:nan| C 6:nan| C 7:nan| C 8:nan| C 9:nan| C 10:nan| C 11:nan
Epoch[482/500] | Loss:0.0000 |Acc: 100.0000|Pred Confidence: 1.00 | C 0:1.0000 | C 1:1.0000 | C 2:1.0000| C 3:nan| C 4:nan| C 5:nan| C 6:nan| C 7:nan| C 8:nan| C 9:nan| C 10:nan| C 11:nan
Epoch[483/500] | Loss:0.0000 |Acc: 100.0000|Pred Confidence: 1.00 | C 0:1.0000 | C 1:1.0000 | C 2:1.0000| C 3:nan| C 4:nan| C 5:nan| C 6:nan| C 7:nan| C 8:nan| C 9:nan| C 10:nan| C 11:nan
Epoch[484/500] | Loss:0.0000 |Acc: 100.0000|Pred Confidence: 1.00 | C 0:1.0000 | C 1:1.0000 | C 2:1.0000| C 3:nan| C 4:nan| C 5:nan| C 6:nan| C 7:nan| C 8:nan| C 9:nan| C 10:nan| C 11:nan
Epoch[485/500] | Loss:0.0000 |Acc: 100.0000|Pred Confidence: 1.00 | C 0:1.0000 | C 1:1.0000 | C 2:1.0000| C 3:nan| C 4:nan| C 5:nan| C 6:nan| C 7:nan| C 8:nan| C 9:nan| C 10:nan| C 11:nan
Epoch[486/500] | Loss:0.0000 |Acc: 100.0000|Pred Confidence: 1.00 | C 0:1.0000 | C 1:1.0000 | C 2:1.0000| C 3:nan| C 4:nan| C 5:nan| C 6:nan| C 7:nan| C 8:nan| C 9:nan| C 10:nan| C 11:nan
Epoch[487/500] | Loss:0.0000 |Acc: 100.0000|Pred Confidence: 1.00 | C 0:1.0000 | C 1:1.0000 | C 2:1.0000| C 3:nan| C 4:nan| C 5:nan| C 6:nan| C 7:nan| C 8:nan| C 9:nan| C 10:nan| C 11:nan
Epoch[488/500] | Loss:0.0000 |Acc: 100.0000|Pred Confidence: 1.00 | C 0:1.0000 | C 1:1.0000 | C 2:1.0000| C 3:nan| C 4:nan| C 5:nan| C 6:nan| C 7:nan| C 8:nan| C 9:nan| C 10:nan| C 11:nan
Epoch[489/500] | Loss:0.0000 |Acc: 100.0000|Pred Confidence: 1.00 | C 0:1.0000 | C 1:1.0000 | C 2:1.0000| C 3:nan| C 4:nan| C 5:nan| C 6:nan| C 7:nan| C 8:nan| C 9:nan| C 10:nan| C 11:nan
Epoch[490/500] | Loss:0.0000 |Acc: 100.0000|Pred Confidence: 1.00 | C 0:1.0000 | C 1:1.0000 | C 2:1.0000| C 3:nan| C 4:nan| C 5:nan| C 6:nan| C 7:nan| C 8:nan| C 9:nan| C 10:nan| C 11:nan
Epoch[491/500] | Loss:0.0000 |Acc: 100.0000|Pred Confidence: 1.00 | C 0:1.0000 | C 1:1.0000 | C 2:1.0000| C 3:nan| C 4:nan| C 5:nan| C 6:nan| C 7:nan| C 8:nan| C 9:nan| C 10:nan| C 11:nan
Epoch[492/500] | Loss:0.0000 |Acc: 100.0000|Pred Confidence: 1.00 | C 0:1.0000 | C 1:1.0000 | C 2:1.0000| C 3:nan| C 4:nan| C 5:nan| C 6:nan| C 7:nan| C 8:nan| C 9:nan| C 10:nan| C 11:nan
Epoch[493/500] | Loss:0.0000 |Acc: 100.0000|Pred Confidence: 1.00 | C 0:1.0000 | C 1:1.0000 | C 2:1.0000| C 3:nan| C 4:nan| C 5:nan| C 6:nan| C 7:nan| C 8:nan| C 9:nan| C 10:nan| C 11:nan
Epoch[494/500] | Loss:0.0000 |Acc: 100.0000|Pred Confidence: 1.00 | C 0:1.0000 | C 1:1.0000 | C 2:1.0000| C 3:nan| C 4:nan| C 5:nan| C 6:nan| C 7:nan| C 8:nan| C 9:nan| C 10:nan| C 11:nan
Epoch[495/500] | Loss:0.0000 |Acc: 100.0000|Pred Confidence: 1.00 | C 0:1.0000 | C 1:1.0000 | C 2:1.0000| C 3:nan| C 4:nan| C 5:nan| C 6:nan| C 7:nan| C 8:nan| C 9:nan| C 10:nan| C 11:nan
Epoch[496/500] | Loss:0.0000 |Acc: 100.0000|Pred Confidence: 1.00 | C 0:1.0000 | C 1:1.0000 | C 2:1.0000| C 3:nan| C 4:nan| C 5:nan| C 6:nan| C 7:nan| C 8:nan| C 9:nan| C 10:nan| C 11:nan
Epoch[497/500] | Loss:0.0000 |Acc: 100.0000|Pred Confidence: 1.00 | C 0:1.0000 | C 1:1.0000 | C 2:1.0000| C 3:nan| C 4:nan| C 5:nan| C 6:nan| C 7:nan| C 8:nan| C 9:nan| C 10:nan| C 11:nan
Epoch[498/500] | Loss:0.0000 |Acc: 100.0000|Pred Confidence: 1.00 | C 0:1.0000 | C 1:1.0000 | C 2:1.0000| C 3:nan| C 4:nan| C 5:nan| C 6:nan| C 7:nan| C 8:nan| C 9:nan| C 10:nan| C 11:nan
Epoch[499/500] | Loss:0.0000 |Acc: 100.0000|Pred Confidence: 1.00 | C 0:1.0000 | C 1:1.0000 | C 2:1.0000| C 3:nan| C 4:nan| C 5:nan| C 6:nan| C 7:nan| C 8:nan| C 9:nan| C 10:nan| C 11:nan
Epoch[500/500] | Loss:0.0000 |Acc: 100.0000|Pred Confidence: 1.00 | C 0:1.0000 | C 1:1.0000 | C 2:1.0000| C 3:nan| C 4:nan| C 5:nan| C 6:nan| C 7:nan| C 8:nan| C 9:nan| C 10:nan| C 11:nan
Test 1 Accuracy 46.666666666666664 | Confidence ({0: array([0.525286], dtype=float32), 1: array([0.7910935], dtype=float32), 2: array([0.7931315], dtype=float32)}, 0.7031703)
Train 1 Accuracy 100.0 | Confidence ({0: array([0.999992], dtype=float32), 1: array([0.9999927], dtype=float32), 2: array([0.9999921], dtype=float32)}, 0.9999923)
