Config: 
 {
  "model_name": "BlipV3Dataset_model_dnn_loss_ce_lr_0.05_epochs_200",
  "model_save_path": "/home/ramesh/work/TimeSeriesSaliencyMaps/nte/trained_models/all_bbms/",
  "model": "dnn",
  "loss": "ce",
  "timesteps": 10,
  "num_classes": 2,
  "rnn_config": {
    "ninp": 1,
    "nhid": 20,
    "nlayers": 1,
    "nclasses": 2
  },
  "dnn_config": {
    "layers": [
      10,
      10,
      2
    ]
  },
  "batch_size": 32,
  "num_epochs": 200,
  "learning_rate": 0.0005,
  "dependency_meta": ""
}
Model: 
 Linear(
  (layers): ModuleList(
    (0): Linear(in_features=10, out_features=10, bias=True)
    (1): Linear(in_features=10, out_features=10, bias=True)
    (2): Linear(in_features=10, out_features=2, bias=True)
  )
  (sigmoid_activation): Sigmoid()
  (softmax_activation): Softmax(dim=-1)
)
Epoch [1/200] | Loss: 0.6971 |  Accuracy: 0.4938 | Prediction Confidence: 0.52 | Class 0:0.5200 | Class 1:nan
Epoch [2/200] | Loss: 0.6924 |  Accuracy: 0.5475 | Prediction Confidence: 0.51 | Class 0:0.5064 | Class 1:0.5040
Epoch [3/200] | Loss: 0.6902 |  Accuracy: 0.5075 | Prediction Confidence: 0.51 | Class 0:0.5048 | Class 1:0.5091
Epoch [4/200] | Loss: 0.6880 |  Accuracy: 0.5550 | Prediction Confidence: 0.51 | Class 0:0.5039 | Class 1:0.5111
Epoch [5/200] | Loss: 0.6856 |  Accuracy: 0.6338 | Prediction Confidence: 0.51 | Class 0:0.5044 | Class 1:0.5118
Epoch [6/200] | Loss: 0.6827 |  Accuracy: 0.6712 | Prediction Confidence: 0.51 | Class 0:0.5051 | Class 1:0.5139
Epoch [7/200] | Loss: 0.6791 |  Accuracy: 0.7175 | Prediction Confidence: 0.51 | Class 0:0.5060 | Class 1:0.5161
Epoch [8/200] | Loss: 0.6747 |  Accuracy: 0.7588 | Prediction Confidence: 0.51 | Class 0:0.5083 | Class 1:0.5188
Epoch [9/200] | Loss: 0.6691 |  Accuracy: 0.7787 | Prediction Confidence: 0.52 | Class 0:0.5118 | Class 1:0.5220
Epoch [10/200] | Loss: 0.6622 |  Accuracy: 0.7962 | Prediction Confidence: 0.52 | Class 0:0.5164 | Class 1:0.5260
Epoch [11/200] | Loss: 0.6535 |  Accuracy: 0.8012 | Prediction Confidence: 0.53 | Class 0:0.5231 | Class 1:0.5310
Epoch [12/200] | Loss: 0.6426 |  Accuracy: 0.8050 | Prediction Confidence: 0.53 | Class 0:0.5317 | Class 1:0.5372
Epoch [13/200] | Loss: 0.6290 |  Accuracy: 0.8125 | Prediction Confidence: 0.54 | Class 0:0.5419 | Class 1:0.5449
Epoch [14/200] | Loss: 0.6120 |  Accuracy: 0.8325 | Prediction Confidence: 0.55 | Class 0:0.5524 | Class 1:0.5546
Epoch [15/200] | Loss: 0.5913 |  Accuracy: 0.8700 | Prediction Confidence: 0.56 | Class 0:0.5613 | Class 1:0.5665
Epoch [16/200] | Loss: 0.5666 |  Accuracy: 0.8800 | Prediction Confidence: 0.58 | Class 0:0.5778 | Class 1:0.5808
Epoch [17/200] | Loss: 0.5380 |  Accuracy: 0.9012 | Prediction Confidence: 0.60 | Class 0:0.5946 | Class 1:0.5978
Epoch [18/200] | Loss: 0.5061 |  Accuracy: 0.9338 | Prediction Confidence: 0.61 | Class 0:0.6122 | Class 1:0.6171
Epoch [19/200] | Loss: 0.4717 |  Accuracy: 0.9838 | Prediction Confidence: 0.63 | Class 0:0.6242 | Class 1:0.6383
Epoch [20/200] | Loss: 0.4362 |  Accuracy: 1.0000 | Prediction Confidence: 0.65 | Class 0:0.6438 | Class 1:0.6608
Epoch [21/200] | Loss: 0.4007 |  Accuracy: 1.0000 | Prediction Confidence: 0.68 | Class 0:0.6693 | Class 1:0.6839
Epoch [22/200] | Loss: 0.3663 |  Accuracy: 1.0000 | Prediction Confidence: 0.70 | Class 0:0.6947 | Class 1:0.7068
Epoch [23/200] | Loss: 0.3336 |  Accuracy: 1.0000 | Prediction Confidence: 0.72 | Class 0:0.7194 | Class 1:0.7290
Epoch [24/200] | Loss: 0.3032 |  Accuracy: 1.0000 | Prediction Confidence: 0.75 | Class 0:0.7428 | Class 1:0.7502
Epoch [25/200] | Loss: 0.2751 |  Accuracy: 1.0000 | Prediction Confidence: 0.77 | Class 0:0.7647 | Class 1:0.7701
Epoch [26/200] | Loss: 0.2493 |  Accuracy: 1.0000 | Prediction Confidence: 0.79 | Class 0:0.7850 | Class 1:0.7888
Epoch [27/200] | Loss: 0.2258 |  Accuracy: 1.0000 | Prediction Confidence: 0.80 | Class 0:0.8036 | Class 1:0.8061
Epoch [28/200] | Loss: 0.2045 |  Accuracy: 1.0000 | Prediction Confidence: 0.82 | Class 0:0.8208 | Class 1:0.8222
Epoch [29/200] | Loss: 0.1852 |  Accuracy: 1.0000 | Prediction Confidence: 0.84 | Class 0:0.8365 | Class 1:0.8371
Epoch [30/200] | Loss: 0.1676 |  Accuracy: 1.0000 | Prediction Confidence: 0.85 | Class 0:0.8508 | Class 1:0.8509
Epoch [31/200] | Loss: 0.1518 |  Accuracy: 1.0000 | Prediction Confidence: 0.86 | Class 0:0.8639 | Class 1:0.8636
Epoch [32/200] | Loss: 0.1375 |  Accuracy: 1.0000 | Prediction Confidence: 0.88 | Class 0:0.8758 | Class 1:0.8753
Epoch [33/200] | Loss: 0.1247 |  Accuracy: 1.0000 | Prediction Confidence: 0.89 | Class 0:0.8867 | Class 1:0.8860
Epoch [34/200] | Loss: 0.1131 |  Accuracy: 1.0000 | Prediction Confidence: 0.90 | Class 0:0.8966 | Class 1:0.8958
Epoch [35/200] | Loss: 0.1027 |  Accuracy: 1.0000 | Prediction Confidence: 0.91 | Class 0:0.9055 | Class 1:0.9047
Epoch [36/200] | Loss: 0.0933 |  Accuracy: 1.0000 | Prediction Confidence: 0.91 | Class 0:0.9137 | Class 1:0.9129
Epoch [37/200] | Loss: 0.0849 |  Accuracy: 1.0000 | Prediction Confidence: 0.92 | Class 0:0.9211 | Class 1:0.9203
Epoch [38/200] | Loss: 0.0774 |  Accuracy: 1.0000 | Prediction Confidence: 0.93 | Class 0:0.9278 | Class 1:0.9270
Epoch [39/200] | Loss: 0.0706 |  Accuracy: 1.0000 | Prediction Confidence: 0.93 | Class 0:0.9338 | Class 1:0.9331
Epoch [40/200] | Loss: 0.0644 |  Accuracy: 1.0000 | Prediction Confidence: 0.94 | Class 0:0.9393 | Class 1:0.9387
Epoch [41/200] | Loss: 0.0589 |  Accuracy: 1.0000 | Prediction Confidence: 0.94 | Class 0:0.9443 | Class 1:0.9437
Epoch [42/200] | Loss: 0.0540 |  Accuracy: 1.0000 | Prediction Confidence: 0.95 | Class 0:0.9488 | Class 1:0.9483
Epoch [43/200] | Loss: 0.0495 |  Accuracy: 1.0000 | Prediction Confidence: 0.95 | Class 0:0.9529 | Class 1:0.9524
Epoch [44/200] | Loss: 0.0454 |  Accuracy: 1.0000 | Prediction Confidence: 0.96 | Class 0:0.9567 | Class 1:0.9562
Epoch [45/200] | Loss: 0.0418 |  Accuracy: 1.0000 | Prediction Confidence: 0.96 | Class 0:0.9600 | Class 1:0.9597
Epoch [46/200] | Loss: 0.0385 |  Accuracy: 1.0000 | Prediction Confidence: 0.96 | Class 0:0.9631 | Class 1:0.9628
Epoch [47/200] | Loss: 0.0355 |  Accuracy: 1.0000 | Prediction Confidence: 0.97 | Class 0:0.9659 | Class 1:0.9656
Epoch [48/200] | Loss: 0.0327 |  Accuracy: 1.0000 | Prediction Confidence: 0.97 | Class 0:0.9685 | Class 1:0.9682
Epoch [49/200] | Loss: 0.0303 |  Accuracy: 1.0000 | Prediction Confidence: 0.97 | Class 0:0.9708 | Class 1:0.9706
Epoch [50/200] | Loss: 0.0280 |  Accuracy: 1.0000 | Prediction Confidence: 0.97 | Class 0:0.9729 | Class 1:0.9727
Epoch [51/200] | Loss: 0.0259 |  Accuracy: 1.0000 | Prediction Confidence: 0.97 | Class 0:0.9749 | Class 1:0.9747
Epoch [52/200] | Loss: 0.0241 |  Accuracy: 1.0000 | Prediction Confidence: 0.98 | Class 0:0.9767 | Class 1:0.9765
Epoch [53/200] | Loss: 0.0223 |  Accuracy: 1.0000 | Prediction Confidence: 0.98 | Class 0:0.9783 | Class 1:0.9782
Epoch [54/200] | Loss: 0.0208 |  Accuracy: 1.0000 | Prediction Confidence: 0.98 | Class 0:0.9798 | Class 1:0.9797
Epoch [55/200] | Loss: 0.0193 |  Accuracy: 1.0000 | Prediction Confidence: 0.98 | Class 0:0.9812 | Class 1:0.9811
Epoch [56/200] | Loss: 0.0180 |  Accuracy: 1.0000 | Prediction Confidence: 0.98 | Class 0:0.9824 | Class 1:0.9823
Epoch [57/200] | Loss: 0.0168 |  Accuracy: 1.0000 | Prediction Confidence: 0.98 | Class 0:0.9836 | Class 1:0.9835
Epoch [58/200] | Loss: 0.0157 |  Accuracy: 1.0000 | Prediction Confidence: 0.98 | Class 0:0.9847 | Class 1:0.9846
Epoch [59/200] | Loss: 0.0147 |  Accuracy: 1.0000 | Prediction Confidence: 0.99 | Class 0:0.9857 | Class 1:0.9856
Epoch [60/200] | Loss: 0.0137 |  Accuracy: 1.0000 | Prediction Confidence: 0.99 | Class 0:0.9866 | Class 1:0.9865
Epoch [61/200] | Loss: 0.0128 |  Accuracy: 1.0000 | Prediction Confidence: 0.99 | Class 0:0.9874 | Class 1:0.9874
Epoch [62/200] | Loss: 0.0120 |  Accuracy: 1.0000 | Prediction Confidence: 0.99 | Class 0:0.9882 | Class 1:0.9882
Epoch [63/200] | Loss: 0.0113 |  Accuracy: 1.0000 | Prediction Confidence: 0.99 | Class 0:0.9889 | Class 1:0.9889
Epoch [64/200] | Loss: 0.0106 |  Accuracy: 1.0000 | Prediction Confidence: 0.99 | Class 0:0.9896 | Class 1:0.9896
Epoch [65/200] | Loss: 0.0099 |  Accuracy: 1.0000 | Prediction Confidence: 0.99 | Class 0:0.9902 | Class 1:0.9902
Epoch [66/200] | Loss: 0.0093 |  Accuracy: 1.0000 | Prediction Confidence: 0.99 | Class 0:0.9908 | Class 1:0.9908
Epoch [67/200] | Loss: 0.0088 |  Accuracy: 1.0000 | Prediction Confidence: 0.99 | Class 0:0.9914 | Class 1:0.9914
Epoch [68/200] | Loss: 0.0082 |  Accuracy: 1.0000 | Prediction Confidence: 0.99 | Class 0:0.9919 | Class 1:0.9919
Epoch [69/200] | Loss: 0.0078 |  Accuracy: 1.0000 | Prediction Confidence: 0.99 | Class 0:0.9923 | Class 1:0.9924
Epoch [70/200] | Loss: 0.0073 |  Accuracy: 1.0000 | Prediction Confidence: 0.99 | Class 0:0.9928 | Class 1:0.9928
Epoch [71/200] | Loss: 0.0069 |  Accuracy: 1.0000 | Prediction Confidence: 0.99 | Class 0:0.9932 | Class 1:0.9932
Epoch [72/200] | Loss: 0.0065 |  Accuracy: 1.0000 | Prediction Confidence: 0.99 | Class 0:0.9936 | Class 1:0.9936
Epoch [73/200] | Loss: 0.0061 |  Accuracy: 1.0000 | Prediction Confidence: 0.99 | Class 0:0.9939 | Class 1:0.9940
Epoch [74/200] | Loss: 0.0058 |  Accuracy: 1.0000 | Prediction Confidence: 0.99 | Class 0:0.9943 | Class 1:0.9943
Epoch [75/200] | Loss: 0.0055 |  Accuracy: 1.0000 | Prediction Confidence: 0.99 | Class 0:0.9946 | Class 1:0.9946
Epoch [76/200] | Loss: 0.0052 |  Accuracy: 1.0000 | Prediction Confidence: 0.99 | Class 0:0.9949 | Class 1:0.9949
Epoch [77/200] | Loss: 0.0049 |  Accuracy: 1.0000 | Prediction Confidence: 1.00 | Class 0:0.9952 | Class 1:0.9952
Epoch [78/200] | Loss: 0.0046 |  Accuracy: 1.0000 | Prediction Confidence: 1.00 | Class 0:0.9954 | Class 1:0.9955
Epoch [79/200] | Loss: 0.0044 |  Accuracy: 1.0000 | Prediction Confidence: 1.00 | Class 0:0.9957 | Class 1:0.9957
Epoch [80/200] | Loss: 0.0041 |  Accuracy: 1.0000 | Prediction Confidence: 1.00 | Class 0:0.9959 | Class 1:0.9959
Epoch [81/200] | Loss: 0.0039 |  Accuracy: 1.0000 | Prediction Confidence: 1.00 | Class 0:0.9961 | Class 1:0.9961
Epoch [82/200] | Loss: 0.0037 |  Accuracy: 1.0000 | Prediction Confidence: 1.00 | Class 0:0.9963 | Class 1:0.9964
Epoch [83/200] | Loss: 0.0035 |  Accuracy: 1.0000 | Prediction Confidence: 1.00 | Class 0:0.9965 | Class 1:0.9965
Epoch [84/200] | Loss: 0.0033 |  Accuracy: 1.0000 | Prediction Confidence: 1.00 | Class 0:0.9967 | Class 1:0.9967
Epoch [85/200] | Loss: 0.0032 |  Accuracy: 1.0000 | Prediction Confidence: 1.00 | Class 0:0.9969 | Class 1:0.9969
Epoch [86/200] | Loss: 0.0030 |  Accuracy: 1.0000 | Prediction Confidence: 1.00 | Class 0:0.9970 | Class 1:0.9971
Epoch [87/200] | Loss: 0.0028 |  Accuracy: 1.0000 | Prediction Confidence: 1.00 | Class 0:0.9972 | Class 1:0.9972
Epoch [88/200] | Loss: 0.0027 |  Accuracy: 1.0000 | Prediction Confidence: 1.00 | Class 0:0.9973 | Class 1:0.9973
Epoch [89/200] | Loss: 0.0026 |  Accuracy: 1.0000 | Prediction Confidence: 1.00 | Class 0:0.9975 | Class 1:0.9975
Epoch [90/200] | Loss: 0.0024 |  Accuracy: 1.0000 | Prediction Confidence: 1.00 | Class 0:0.9976 | Class 1:0.9976
Epoch [91/200] | Loss: 0.0023 |  Accuracy: 1.0000 | Prediction Confidence: 1.00 | Class 0:0.9977 | Class 1:0.9977
Epoch [92/200] | Loss: 0.0022 |  Accuracy: 1.0000 | Prediction Confidence: 1.00 | Class 0:0.9978 | Class 1:0.9978
Epoch [93/200] | Loss: 0.0021 |  Accuracy: 1.0000 | Prediction Confidence: 1.00 | Class 0:0.9979 | Class 1:0.9979
Epoch [94/200] | Loss: 0.0020 |  Accuracy: 1.0000 | Prediction Confidence: 1.00 | Class 0:0.9980 | Class 1:0.9980
Epoch [95/200] | Loss: 0.0019 |  Accuracy: 1.0000 | Prediction Confidence: 1.00 | Class 0:0.9981 | Class 1:0.9981
Epoch [96/200] | Loss: 0.0018 |  Accuracy: 1.0000 | Prediction Confidence: 1.00 | Class 0:0.9982 | Class 1:0.9982
Epoch [97/200] | Loss: 0.0017 |  Accuracy: 1.0000 | Prediction Confidence: 1.00 | Class 0:0.9983 | Class 1:0.9983
Epoch [98/200] | Loss: 0.0016 |  Accuracy: 1.0000 | Prediction Confidence: 1.00 | Class 0:0.9984 | Class 1:0.9984
Epoch [99/200] | Loss: 0.0015 |  Accuracy: 1.0000 | Prediction Confidence: 1.00 | Class 0:0.9985 | Class 1:0.9985
Epoch [100/200] | Loss: 0.0015 |  Accuracy: 1.0000 | Prediction Confidence: 1.00 | Class 0:0.9985 | Class 1:0.9986
Epoch [101/200] | Loss: 0.0014 |  Accuracy: 1.0000 | Prediction Confidence: 1.00 | Class 0:0.9986 | Class 1:0.9986
Epoch [102/200] | Loss: 0.0013 |  Accuracy: 1.0000 | Prediction Confidence: 1.00 | Class 0:0.9987 | Class 1:0.9987
Epoch [103/200] | Loss: 0.0013 |  Accuracy: 1.0000 | Prediction Confidence: 1.00 | Class 0:0.9987 | Class 1:0.9987
Epoch [104/200] | Loss: 0.0012 |  Accuracy: 1.0000 | Prediction Confidence: 1.00 | Class 0:0.9988 | Class 1:0.9988
Epoch [105/200] | Loss: 0.0012 |  Accuracy: 1.0000 | Prediction Confidence: 1.00 | Class 0:0.9988 | Class 1:0.9989
Epoch [106/200] | Loss: 0.0011 |  Accuracy: 1.0000 | Prediction Confidence: 1.00 | Class 0:0.9989 | Class 1:0.9989
Epoch [107/200] | Loss: 0.0011 |  Accuracy: 1.0000 | Prediction Confidence: 1.00 | Class 0:0.9989 | Class 1:0.9990
Epoch [108/200] | Loss: 0.0010 |  Accuracy: 1.0000 | Prediction Confidence: 1.00 | Class 0:0.9990 | Class 1:0.9990
Epoch [109/200] | Loss: 0.0010 |  Accuracy: 1.0000 | Prediction Confidence: 1.00 | Class 0:0.9990 | Class 1:0.9991
Epoch [110/200] | Loss: 0.0009 |  Accuracy: 1.0000 | Prediction Confidence: 1.00 | Class 0:0.9991 | Class 1:0.9991
Epoch [111/200] | Loss: 0.0009 |  Accuracy: 1.0000 | Prediction Confidence: 1.00 | Class 0:0.9991 | Class 1:0.9991
Epoch [112/200] | Loss: 0.0008 |  Accuracy: 1.0000 | Prediction Confidence: 1.00 | Class 0:0.9992 | Class 1:0.9992
Epoch [113/200] | Loss: 0.0008 |  Accuracy: 1.0000 | Prediction Confidence: 1.00 | Class 0:0.9992 | Class 1:0.9992
Epoch [114/200] | Loss: 0.0008 |  Accuracy: 1.0000 | Prediction Confidence: 1.00 | Class 0:0.9992 | Class 1:0.9993
Epoch [115/200] | Loss: 0.0007 |  Accuracy: 1.0000 | Prediction Confidence: 1.00 | Class 0:0.9993 | Class 1:0.9993
Epoch [116/200] | Loss: 0.0007 |  Accuracy: 1.0000 | Prediction Confidence: 1.00 | Class 0:0.9993 | Class 1:0.9993
Epoch [117/200] | Loss: 0.0007 |  Accuracy: 1.0000 | Prediction Confidence: 1.00 | Class 0:0.9993 | Class 1:0.9994
Epoch [118/200] | Loss: 0.0006 |  Accuracy: 1.0000 | Prediction Confidence: 1.00 | Class 0:0.9994 | Class 1:0.9994
Epoch [119/200] | Loss: 0.0006 |  Accuracy: 1.0000 | Prediction Confidence: 1.00 | Class 0:0.9994 | Class 1:0.9994
Epoch [120/200] | Loss: 0.0006 |  Accuracy: 1.0000 | Prediction Confidence: 1.00 | Class 0:0.9994 | Class 1:0.9994
Epoch [121/200] | Loss: 0.0005 |  Accuracy: 1.0000 | Prediction Confidence: 1.00 | Class 0:0.9995 | Class 1:0.9995
Epoch [122/200] | Loss: 0.0005 |  Accuracy: 1.0000 | Prediction Confidence: 1.00 | Class 0:0.9995 | Class 1:0.9995
Epoch [123/200] | Loss: 0.0005 |  Accuracy: 1.0000 | Prediction Confidence: 1.00 | Class 0:0.9995 | Class 1:0.9995
Epoch [124/200] | Loss: 0.0005 |  Accuracy: 1.0000 | Prediction Confidence: 1.00 | Class 0:0.9995 | Class 1:0.9995
Epoch [125/200] | Loss: 0.0005 |  Accuracy: 1.0000 | Prediction Confidence: 1.00 | Class 0:0.9995 | Class 1:0.9996
Epoch [126/200] | Loss: 0.0004 |  Accuracy: 1.0000 | Prediction Confidence: 1.00 | Class 0:0.9996 | Class 1:0.9996
Epoch [127/200] | Loss: 0.0004 |  Accuracy: 1.0000 | Prediction Confidence: 1.00 | Class 0:0.9996 | Class 1:0.9996
Epoch [128/200] | Loss: 0.0004 |  Accuracy: 1.0000 | Prediction Confidence: 1.00 | Class 0:0.9996 | Class 1:0.9996
Epoch [129/200] | Loss: 0.0004 |  Accuracy: 1.0000 | Prediction Confidence: 1.00 | Class 0:0.9996 | Class 1:0.9996
Epoch [130/200] | Loss: 0.0004 |  Accuracy: 1.0000 | Prediction Confidence: 1.00 | Class 0:0.9996 | Class 1:0.9996
Epoch [131/200] | Loss: 0.0003 |  Accuracy: 1.0000 | Prediction Confidence: 1.00 | Class 0:0.9997 | Class 1:0.9997
Epoch [132/200] | Loss: 0.0003 |  Accuracy: 1.0000 | Prediction Confidence: 1.00 | Class 0:0.9997 | Class 1:0.9997
Epoch [133/200] | Loss: 0.0003 |  Accuracy: 1.0000 | Prediction Confidence: 1.00 | Class 0:0.9997 | Class 1:0.9997
Epoch [134/200] | Loss: 0.0003 |  Accuracy: 1.0000 | Prediction Confidence: 1.00 | Class 0:0.9997 | Class 1:0.9997
Epoch [135/200] | Loss: 0.0003 |  Accuracy: 1.0000 | Prediction Confidence: 1.00 | Class 0:0.9997 | Class 1:0.9997
Epoch [136/200] | Loss: 0.0003 |  Accuracy: 1.0000 | Prediction Confidence: 1.00 | Class 0:0.9997 | Class 1:0.9997
Epoch [137/200] | Loss: 0.0003 |  Accuracy: 1.0000 | Prediction Confidence: 1.00 | Class 0:0.9997 | Class 1:0.9997
Epoch [138/200] | Loss: 0.0003 |  Accuracy: 1.0000 | Prediction Confidence: 1.00 | Class 0:0.9997 | Class 1:0.9998
Epoch [139/200] | Loss: 0.0002 |  Accuracy: 1.0000 | Prediction Confidence: 1.00 | Class 0:0.9998 | Class 1:0.9998
Epoch [140/200] | Loss: 0.0002 |  Accuracy: 1.0000 | Prediction Confidence: 1.00 | Class 0:0.9998 | Class 1:0.9998
Epoch [141/200] | Loss: 0.0002 |  Accuracy: 1.0000 | Prediction Confidence: 1.00 | Class 0:0.9998 | Class 1:0.9998
Epoch [142/200] | Loss: 0.0002 |  Accuracy: 1.0000 | Prediction Confidence: 1.00 | Class 0:0.9998 | Class 1:0.9998
Epoch [143/200] | Loss: 0.0002 |  Accuracy: 1.0000 | Prediction Confidence: 1.00 | Class 0:0.9998 | Class 1:0.9998
Epoch [144/200] | Loss: 0.0002 |  Accuracy: 1.0000 | Prediction Confidence: 1.00 | Class 0:0.9998 | Class 1:0.9998
Epoch [145/200] | Loss: 0.0002 |  Accuracy: 1.0000 | Prediction Confidence: 1.00 | Class 0:0.9998 | Class 1:0.9998
Epoch [146/200] | Loss: 0.0002 |  Accuracy: 1.0000 | Prediction Confidence: 1.00 | Class 0:0.9998 | Class 1:0.9998
Epoch [147/200] | Loss: 0.0002 |  Accuracy: 1.0000 | Prediction Confidence: 1.00 | Class 0:0.9998 | Class 1:0.9998
Epoch [148/200] | Loss: 0.0002 |  Accuracy: 1.0000 | Prediction Confidence: 1.00 | Class 0:0.9998 | Class 1:0.9998
Epoch [149/200] | Loss: 0.0002 |  Accuracy: 1.0000 | Prediction Confidence: 1.00 | Class 0:0.9998 | Class 1:0.9998
Epoch [150/200] | Loss: 0.0002 |  Accuracy: 1.0000 | Prediction Confidence: 1.00 | Class 0:0.9998 | Class 1:0.9999
Epoch [151/200] | Loss: 0.0001 |  Accuracy: 1.0000 | Prediction Confidence: 1.00 | Class 0:0.9999 | Class 1:0.9999
Epoch [152/200] | Loss: 0.0001 |  Accuracy: 1.0000 | Prediction Confidence: 1.00 | Class 0:0.9999 | Class 1:0.9999
Epoch [153/200] | Loss: 0.0001 |  Accuracy: 1.0000 | Prediction Confidence: 1.00 | Class 0:0.9999 | Class 1:0.9999
Epoch [154/200] | Loss: 0.0001 |  Accuracy: 1.0000 | Prediction Confidence: 1.00 | Class 0:0.9999 | Class 1:0.9999
Epoch [155/200] | Loss: 0.0001 |  Accuracy: 1.0000 | Prediction Confidence: 1.00 | Class 0:0.9999 | Class 1:0.9999
Epoch [156/200] | Loss: 0.0001 |  Accuracy: 1.0000 | Prediction Confidence: 1.00 | Class 0:0.9999 | Class 1:0.9999
Epoch [157/200] | Loss: 0.0001 |  Accuracy: 1.0000 | Prediction Confidence: 1.00 | Class 0:0.9999 | Class 1:0.9999
Epoch [158/200] | Loss: 0.0001 |  Accuracy: 1.0000 | Prediction Confidence: 1.00 | Class 0:0.9999 | Class 1:0.9999
Epoch [159/200] | Loss: 0.0001 |  Accuracy: 1.0000 | Prediction Confidence: 1.00 | Class 0:0.9999 | Class 1:0.9999
Epoch [160/200] | Loss: 0.0001 |  Accuracy: 1.0000 | Prediction Confidence: 1.00 | Class 0:0.9999 | Class 1:0.9999
Epoch [161/200] | Loss: 0.0001 |  Accuracy: 1.0000 | Prediction Confidence: 1.00 | Class 0:0.9999 | Class 1:0.9999
Epoch [162/200] | Loss: 0.0001 |  Accuracy: 1.0000 | Prediction Confidence: 1.00 | Class 0:0.9999 | Class 1:0.9999
Epoch [163/200] | Loss: 0.0001 |  Accuracy: 1.0000 | Prediction Confidence: 1.00 | Class 0:0.9999 | Class 1:0.9999
Epoch [164/200] | Loss: 0.0001 |  Accuracy: 1.0000 | Prediction Confidence: 1.00 | Class 0:0.9999 | Class 1:0.9999
Epoch [165/200] | Loss: 0.0001 |  Accuracy: 1.0000 | Prediction Confidence: 1.00 | Class 0:0.9999 | Class 1:0.9999
Epoch [166/200] | Loss: 0.0001 |  Accuracy: 1.0000 | Prediction Confidence: 1.00 | Class 0:0.9999 | Class 1:0.9999
Epoch [167/200] | Loss: 0.0001 |  Accuracy: 1.0000 | Prediction Confidence: 1.00 | Class 0:0.9999 | Class 1:0.9999
Epoch [168/200] | Loss: 0.0001 |  Accuracy: 1.0000 | Prediction Confidence: 1.00 | Class 0:0.9999 | Class 1:0.9999
Epoch [169/200] | Loss: 0.0001 |  Accuracy: 1.0000 | Prediction Confidence: 1.00 | Class 0:0.9999 | Class 1:0.9999
Epoch [170/200] | Loss: 0.0001 |  Accuracy: 1.0000 | Prediction Confidence: 1.00 | Class 0:0.9999 | Class 1:0.9999
Epoch [171/200] | Loss: 0.0001 |  Accuracy: 1.0000 | Prediction Confidence: 1.00 | Class 0:0.9999 | Class 1:0.9999
Epoch [172/200] | Loss: 0.0001 |  Accuracy: 1.0000 | Prediction Confidence: 1.00 | Class 0:0.9999 | Class 1:0.9999
Epoch [173/200] | Loss: 0.0001 |  Accuracy: 1.0000 | Prediction Confidence: 1.00 | Class 0:0.9999 | Class 1:0.9999
Epoch [174/200] | Loss: 0.0001 |  Accuracy: 1.0000 | Prediction Confidence: 1.00 | Class 0:0.9999 | Class 1:0.9999
Epoch [175/200] | Loss: 0.0001 |  Accuracy: 1.0000 | Prediction Confidence: 1.00 | Class 0:0.9999 | Class 1:0.9999
Epoch [176/200] | Loss: 0.0000 |  Accuracy: 1.0000 | Prediction Confidence: 1.00 | Class 0:0.9999 | Class 1:1.0000
Epoch [177/200] | Loss: 0.0000 |  Accuracy: 1.0000 | Prediction Confidence: 1.00 | Class 0:1.0000 | Class 1:1.0000
Epoch [178/200] | Loss: 0.0000 |  Accuracy: 1.0000 | Prediction Confidence: 1.00 | Class 0:1.0000 | Class 1:1.0000
Epoch [179/200] | Loss: 0.0000 |  Accuracy: 1.0000 | Prediction Confidence: 1.00 | Class 0:1.0000 | Class 1:1.0000
Epoch [180/200] | Loss: 0.0000 |  Accuracy: 1.0000 | Prediction Confidence: 1.00 | Class 0:1.0000 | Class 1:1.0000
Epoch [181/200] | Loss: 0.0000 |  Accuracy: 1.0000 | Prediction Confidence: 1.00 | Class 0:1.0000 | Class 1:1.0000
Epoch [182/200] | Loss: 0.0000 |  Accuracy: 1.0000 | Prediction Confidence: 1.00 | Class 0:1.0000 | Class 1:1.0000
Epoch [183/200] | Loss: 0.0000 |  Accuracy: 1.0000 | Prediction Confidence: 1.00 | Class 0:1.0000 | Class 1:1.0000
Epoch [184/200] | Loss: 0.0000 |  Accuracy: 1.0000 | Prediction Confidence: 1.00 | Class 0:1.0000 | Class 1:1.0000
Epoch [185/200] | Loss: 0.0000 |  Accuracy: 1.0000 | Prediction Confidence: 1.00 | Class 0:1.0000 | Class 1:1.0000
Epoch [186/200] | Loss: 0.0000 |  Accuracy: 1.0000 | Prediction Confidence: 1.00 | Class 0:1.0000 | Class 1:1.0000
Epoch [187/200] | Loss: 0.0000 |  Accuracy: 1.0000 | Prediction Confidence: 1.00 | Class 0:1.0000 | Class 1:1.0000
Epoch [188/200] | Loss: 0.0000 |  Accuracy: 1.0000 | Prediction Confidence: 1.00 | Class 0:1.0000 | Class 1:1.0000
Epoch [189/200] | Loss: 0.0000 |  Accuracy: 1.0000 | Prediction Confidence: 1.00 | Class 0:1.0000 | Class 1:1.0000
Epoch [190/200] | Loss: 0.0000 |  Accuracy: 1.0000 | Prediction Confidence: 1.00 | Class 0:1.0000 | Class 1:1.0000
Epoch [191/200] | Loss: 0.0000 |  Accuracy: 1.0000 | Prediction Confidence: 1.00 | Class 0:1.0000 | Class 1:1.0000
Epoch [192/200] | Loss: 0.0000 |  Accuracy: 1.0000 | Prediction Confidence: 1.00 | Class 0:1.0000 | Class 1:1.0000
Epoch [193/200] | Loss: 0.0000 |  Accuracy: 1.0000 | Prediction Confidence: 1.00 | Class 0:1.0000 | Class 1:1.0000
Epoch [194/200] | Loss: 0.0000 |  Accuracy: 1.0000 | Prediction Confidence: 1.00 | Class 0:1.0000 | Class 1:1.0000
Epoch [195/200] | Loss: 0.0000 |  Accuracy: 1.0000 | Prediction Confidence: 1.00 | Class 0:1.0000 | Class 1:1.0000
Epoch [196/200] | Loss: 0.0000 |  Accuracy: 1.0000 | Prediction Confidence: 1.00 | Class 0:1.0000 | Class 1:1.0000
Epoch [197/200] | Loss: 0.0000 |  Accuracy: 1.0000 | Prediction Confidence: 1.00 | Class 0:1.0000 | Class 1:1.0000
Epoch [198/200] | Loss: 0.0000 |  Accuracy: 1.0000 | Prediction Confidence: 1.00 | Class 0:1.0000 | Class 1:1.0000
Epoch [199/200] | Loss: 0.0000 |  Accuracy: 1.0000 | Prediction Confidence: 1.00 | Class 0:1.0000 | Class 1:1.0000
Epoch [200/200] | Loss: 0.0000 |  Accuracy: 1.0000 | Prediction Confidence: 1.00 | Class 0:1.0000 | Class 1:1.0000
Test Accuracy 100.0 | Confidence ({0: array([0.9999823], dtype=float32), 1: array([0.9999826], dtype=float32)}, 0.9999825)
