Config: 
 {
  "model_name": "computers_dnn_ce",
  "model_save_path": "/tmp/",
  "model": "dnn",
  "loss": "ce",
  "timesteps": 720,
  "num_classes": 2,
  "rnn_config": {
    "ninp": 1,
    "nhid": 20,
    "nlayers": 1,
    "nclasses": 2
  },
  "dnn_config": {
    "layers": [
      10,
      10,
      2
    ]
  },
  "batch_size": 32,
  "num_epochs": 500,
  "learning_rate": 0.0005,
  "dependency_meta": ""
}
Model: 
 Linear(
  (layers): ModuleList(
    (0): Linear(in_features=720, out_features=10, bias=True)
    (1): Linear(in_features=10, out_features=10, bias=True)
    (2): Linear(in_features=10, out_features=2, bias=True)
  )
  (sigmoid_activation): Sigmoid()
  (softmax_activation): Softmax(dim=-1)
)
Epoch [1/500] | Loss: 0.7125 |  Accuracy: 0.1560 | Prediction Confidence: nan | Class 0:0.5066 | Class 1:0.5038
Epoch [2/500] | Loss: 0.6965 |  Accuracy: 0.4840 | Prediction Confidence: nan | Class 0:0.5105 | Class 1:0.5064
Epoch [3/500] | Loss: 0.6940 |  Accuracy: 0.5160 | Prediction Confidence: nan | Class 0:0.5105 | Class 1:0.5065
Epoch [4/500] | Loss: 0.6921 |  Accuracy: 0.5760 | Prediction Confidence: nan | Class 0:0.5105 | Class 1:0.5067
Epoch [5/500] | Loss: 0.6904 |  Accuracy: 0.6000 | Prediction Confidence: nan | Class 0:0.5113 | Class 1:0.5091
Epoch [6/500] | Loss: 0.6887 |  Accuracy: 0.6440 | Prediction Confidence: 0.51 | Class 0:0.5124 | Class 1:0.5099
Epoch [7/500] | Loss: 0.6870 |  Accuracy: 0.6560 | Prediction Confidence: 0.51 | Class 0:0.5136 | Class 1:0.5125
Epoch [8/500] | Loss: 0.6852 |  Accuracy: 0.6680 | Prediction Confidence: 0.51 | Class 0:0.5151 | Class 1:0.5144
Epoch [9/500] | Loss: 0.6834 |  Accuracy: 0.6680 | Prediction Confidence: 0.52 | Class 0:0.5164 | Class 1:0.5170
Epoch [10/500] | Loss: 0.6815 |  Accuracy: 0.6800 | Prediction Confidence: 0.52 | Class 0:0.5180 | Class 1:0.5189
Epoch [11/500] | Loss: 0.6795 |  Accuracy: 0.6880 | Prediction Confidence: 0.52 | Class 0:0.5195 | Class 1:0.5212
Epoch [12/500] | Loss: 0.6774 |  Accuracy: 0.6880 | Prediction Confidence: 0.52 | Class 0:0.5213 | Class 1:0.5237
Epoch [13/500] | Loss: 0.6753 |  Accuracy: 0.7000 | Prediction Confidence: 0.52 | Class 0:0.5228 | Class 1:0.5260
Epoch [14/500] | Loss: 0.6730 |  Accuracy: 0.7080 | Prediction Confidence: 0.53 | Class 0:0.5246 | Class 1:0.5281
Epoch [15/500] | Loss: 0.6706 |  Accuracy: 0.7160 | Prediction Confidence: 0.53 | Class 0:0.5265 | Class 1:0.5300
Epoch [16/500] | Loss: 0.6682 |  Accuracy: 0.7240 | Prediction Confidence: 0.53 | Class 0:0.5287 | Class 1:0.5320
Epoch [17/500] | Loss: 0.6656 |  Accuracy: 0.7200 | Prediction Confidence: 0.53 | Class 0:0.5309 | Class 1:0.5355
Epoch [18/500] | Loss: 0.6630 |  Accuracy: 0.7240 | Prediction Confidence: 0.54 | Class 0:0.5330 | Class 1:0.5383
Epoch [19/500] | Loss: 0.6603 |  Accuracy: 0.7320 | Prediction Confidence: 0.54 | Class 0:0.5352 | Class 1:0.5408
Epoch [20/500] | Loss: 0.6574 |  Accuracy: 0.7400 | Prediction Confidence: 0.54 | Class 0:0.5372 | Class 1:0.5438
Epoch [21/500] | Loss: 0.6545 |  Accuracy: 0.7440 | Prediction Confidence: 0.54 | Class 0:0.5395 | Class 1:0.5469
Epoch [22/500] | Loss: 0.6515 |  Accuracy: 0.7480 | Prediction Confidence: 0.55 | Class 0:0.5422 | Class 1:0.5497
Epoch [23/500] | Loss: 0.6484 |  Accuracy: 0.7480 | Prediction Confidence: 0.55 | Class 0:0.5449 | Class 1:0.5529
Epoch [24/500] | Loss: 0.6452 |  Accuracy: 0.7560 | Prediction Confidence: 0.55 | Class 0:0.5478 | Class 1:0.5542
Epoch [25/500] | Loss: 0.6419 |  Accuracy: 0.7560 | Prediction Confidence: 0.55 | Class 0:0.5507 | Class 1:0.5576
Epoch [26/500] | Loss: 0.6385 |  Accuracy: 0.7560 | Prediction Confidence: 0.56 | Class 0:0.5536 | Class 1:0.5611
Epoch [27/500] | Loss: 0.6351 |  Accuracy: 0.7600 | Prediction Confidence: 0.56 | Class 0:0.5567 | Class 1:0.5642
Epoch [28/500] | Loss: 0.6315 |  Accuracy: 0.7600 | Prediction Confidence: 0.56 | Class 0:0.5598 | Class 1:0.5678
Epoch [29/500] | Loss: 0.6279 |  Accuracy: 0.7600 | Prediction Confidence: 0.57 | Class 0:0.5630 | Class 1:0.5716
Epoch [30/500] | Loss: 0.6242 |  Accuracy: 0.7600 | Prediction Confidence: 0.57 | Class 0:0.5662 | Class 1:0.5754
Epoch [31/500] | Loss: 0.6204 |  Accuracy: 0.7640 | Prediction Confidence: 0.57 | Class 0:0.5677 | Class 1:0.5793
Epoch [32/500] | Loss: 0.6166 |  Accuracy: 0.7640 | Prediction Confidence: 0.58 | Class 0:0.5710 | Class 1:0.5833
Epoch [33/500] | Loss: 0.6126 |  Accuracy: 0.7680 | Prediction Confidence: 0.58 | Class 0:0.5737 | Class 1:0.5874
Epoch [34/500] | Loss: 0.6086 |  Accuracy: 0.7680 | Prediction Confidence: 0.58 | Class 0:0.5771 | Class 1:0.5916
Epoch [35/500] | Loss: 0.6045 |  Accuracy: 0.7720 | Prediction Confidence: 0.59 | Class 0:0.5805 | Class 1:0.5950
Epoch [36/500] | Loss: 0.6003 |  Accuracy: 0.7720 | Prediction Confidence: 0.59 | Class 0:0.5840 | Class 1:0.5993
Epoch [37/500] | Loss: 0.5961 |  Accuracy: 0.7800 | Prediction Confidence: 0.59 | Class 0:0.5866 | Class 1:0.6021
Epoch [38/500] | Loss: 0.5918 |  Accuracy: 0.7840 | Prediction Confidence: 0.60 | Class 0:0.5888 | Class 1:0.6065
Epoch [39/500] | Loss: 0.5874 |  Accuracy: 0.7880 | Prediction Confidence: 0.60 | Class 0:0.5917 | Class 1:0.6110
Epoch [40/500] | Loss: 0.5830 |  Accuracy: 0.7880 | Prediction Confidence: 0.61 | Class 0:0.5954 | Class 1:0.6156
Epoch [41/500] | Loss: 0.5785 |  Accuracy: 0.7960 | Prediction Confidence: 0.61 | Class 0:0.5991 | Class 1:0.6177
Epoch [42/500] | Loss: 0.5740 |  Accuracy: 0.8000 | Prediction Confidence: 0.61 | Class 0:0.6020 | Class 1:0.6224
Epoch [43/500] | Loss: 0.5694 |  Accuracy: 0.8000 | Prediction Confidence: 0.62 | Class 0:0.6058 | Class 1:0.6271
Epoch [44/500] | Loss: 0.5649 |  Accuracy: 0.8040 | Prediction Confidence: 0.62 | Class 0:0.6080 | Class 1:0.6319
Epoch [45/500] | Loss: 0.5602 |  Accuracy: 0.8080 | Prediction Confidence: 0.62 | Class 0:0.6107 | Class 1:0.6367
Epoch [46/500] | Loss: 0.5556 |  Accuracy: 0.8120 | Prediction Confidence: 0.63 | Class 0:0.6134 | Class 1:0.6416
Epoch [47/500] | Loss: 0.5509 |  Accuracy: 0.8160 | Prediction Confidence: 0.63 | Class 0:0.6161 | Class 1:0.6465
Epoch [48/500] | Loss: 0.5462 |  Accuracy: 0.8200 | Prediction Confidence: 0.64 | Class 0:0.6189 | Class 1:0.6515
Epoch [49/500] | Loss: 0.5415 |  Accuracy: 0.8200 | Prediction Confidence: 0.64 | Class 0:0.6229 | Class 1:0.6565
Epoch [50/500] | Loss: 0.5368 |  Accuracy: 0.8200 | Prediction Confidence: 0.64 | Class 0:0.6268 | Class 1:0.6615
Epoch [51/500] | Loss: 0.5320 |  Accuracy: 0.8200 | Prediction Confidence: 0.65 | Class 0:0.6307 | Class 1:0.6666
Epoch [52/500] | Loss: 0.5273 |  Accuracy: 0.8240 | Prediction Confidence: 0.65 | Class 0:0.6347 | Class 1:0.6690
Epoch [53/500] | Loss: 0.5226 |  Accuracy: 0.8280 | Prediction Confidence: 0.66 | Class 0:0.6375 | Class 1:0.6741
Epoch [54/500] | Loss: 0.5178 |  Accuracy: 0.8280 | Prediction Confidence: 0.66 | Class 0:0.6414 | Class 1:0.6792
Epoch [55/500] | Loss: 0.5131 |  Accuracy: 0.8280 | Prediction Confidence: 0.67 | Class 0:0.6454 | Class 1:0.6843
Epoch [56/500] | Loss: 0.5084 |  Accuracy: 0.8280 | Prediction Confidence: 0.67 | Class 0:0.6494 | Class 1:0.6894
Epoch [57/500] | Loss: 0.5037 |  Accuracy: 0.8280 | Prediction Confidence: 0.67 | Class 0:0.6533 | Class 1:0.6945
Epoch [58/500] | Loss: 0.4991 |  Accuracy: 0.8280 | Prediction Confidence: 0.68 | Class 0:0.6572 | Class 1:0.6996
Epoch [59/500] | Loss: 0.4944 |  Accuracy: 0.8280 | Prediction Confidence: 0.68 | Class 0:0.6628 | Class 1:0.7024
Epoch [60/500] | Loss: 0.4898 |  Accuracy: 0.8320 | Prediction Confidence: 0.69 | Class 0:0.6655 | Class 1:0.7075
Epoch [61/500] | Loss: 0.4852 |  Accuracy: 0.8360 | Prediction Confidence: 0.69 | Class 0:0.6677 | Class 1:0.7125
Epoch [62/500] | Loss: 0.4807 |  Accuracy: 0.8360 | Prediction Confidence: 0.70 | Class 0:0.6716 | Class 1:0.7175
Epoch [63/500] | Loss: 0.4761 |  Accuracy: 0.8360 | Prediction Confidence: 0.70 | Class 0:0.6755 | Class 1:0.7225
Epoch [64/500] | Loss: 0.4716 |  Accuracy: 0.8360 | Prediction Confidence: 0.70 | Class 0:0.6793 | Class 1:0.7275
Epoch [65/500] | Loss: 0.4672 |  Accuracy: 0.8440 | Prediction Confidence: 0.71 | Class 0:0.6812 | Class 1:0.7301
Epoch [66/500] | Loss: 0.4628 |  Accuracy: 0.8440 | Prediction Confidence: 0.71 | Class 0:0.6849 | Class 1:0.7350
Epoch [67/500] | Loss: 0.4584 |  Accuracy: 0.8440 | Prediction Confidence: 0.71 | Class 0:0.6886 | Class 1:0.7398
Epoch [68/500] | Loss: 0.4540 |  Accuracy: 0.8480 | Prediction Confidence: 0.72 | Class 0:0.6908 | Class 1:0.7445
Epoch [69/500] | Loss: 0.4497 |  Accuracy: 0.8480 | Prediction Confidence: 0.72 | Class 0:0.6945 | Class 1:0.7491
Epoch [70/500] | Loss: 0.4455 |  Accuracy: 0.8520 | Prediction Confidence: 0.73 | Class 0:0.6981 | Class 1:0.7516
Epoch [71/500] | Loss: 0.4413 |  Accuracy: 0.8560 | Prediction Confidence: 0.73 | Class 0:0.7017 | Class 1:0.7544
Epoch [72/500] | Loss: 0.4372 |  Accuracy: 0.8560 | Prediction Confidence: 0.73 | Class 0:0.7053 | Class 1:0.7588
Epoch [73/500] | Loss: 0.4331 |  Accuracy: 0.8560 | Prediction Confidence: 0.74 | Class 0:0.7088 | Class 1:0.7632
Epoch [74/500] | Loss: 0.4291 |  Accuracy: 0.8560 | Prediction Confidence: 0.74 | Class 0:0.7123 | Class 1:0.7675
Epoch [75/500] | Loss: 0.4251 |  Accuracy: 0.8560 | Prediction Confidence: 0.74 | Class 0:0.7157 | Class 1:0.7717
Epoch [76/500] | Loss: 0.4212 |  Accuracy: 0.8560 | Prediction Confidence: 0.75 | Class 0:0.7191 | Class 1:0.7758
Epoch [77/500] | Loss: 0.4173 |  Accuracy: 0.8560 | Prediction Confidence: 0.75 | Class 0:0.7224 | Class 1:0.7798
Epoch [78/500] | Loss: 0.4134 |  Accuracy: 0.8600 | Prediction Confidence: 0.75 | Class 0:0.7241 | Class 1:0.7838
Epoch [79/500] | Loss: 0.4096 |  Accuracy: 0.8600 | Prediction Confidence: 0.76 | Class 0:0.7272 | Class 1:0.7876
Epoch [80/500] | Loss: 0.4058 |  Accuracy: 0.8640 | Prediction Confidence: 0.76 | Class 0:0.7285 | Class 1:0.7914
Epoch [81/500] | Loss: 0.4021 |  Accuracy: 0.8640 | Prediction Confidence: 0.76 | Class 0:0.7315 | Class 1:0.7952
Epoch [82/500] | Loss: 0.3984 |  Accuracy: 0.8680 | Prediction Confidence: 0.77 | Class 0:0.7345 | Class 1:0.7962
Epoch [83/500] | Loss: 0.3948 |  Accuracy: 0.8680 | Prediction Confidence: 0.77 | Class 0:0.7374 | Class 1:0.7998
Epoch [84/500] | Loss: 0.3911 |  Accuracy: 0.8680 | Prediction Confidence: 0.77 | Class 0:0.7403 | Class 1:0.8034
Epoch [85/500] | Loss: 0.3874 |  Accuracy: 0.8720 | Prediction Confidence: 0.77 | Class 0:0.7430 | Class 1:0.8043
Epoch [86/500] | Loss: 0.3837 |  Accuracy: 0.8760 | Prediction Confidence: 0.78 | Class 0:0.7441 | Class 1:0.8077
Epoch [87/500] | Loss: 0.3801 |  Accuracy: 0.8760 | Prediction Confidence: 0.78 | Class 0:0.7467 | Class 1:0.8111
Epoch [88/500] | Loss: 0.3764 |  Accuracy: 0.8760 | Prediction Confidence: 0.78 | Class 0:0.7493 | Class 1:0.8143
Epoch [89/500] | Loss: 0.3728 |  Accuracy: 0.8800 | Prediction Confidence: 0.78 | Class 0:0.7496 | Class 1:0.8175
Epoch [90/500] | Loss: 0.3691 |  Accuracy: 0.8800 | Prediction Confidence: 0.79 | Class 0:0.7521 | Class 1:0.8206
Epoch [91/500] | Loss: 0.3654 |  Accuracy: 0.8840 | Prediction Confidence: 0.79 | Class 0:0.7545 | Class 1:0.8199
Epoch [92/500] | Loss: 0.3616 |  Accuracy: 0.8840 | Prediction Confidence: 0.79 | Class 0:0.7568 | Class 1:0.8231
Epoch [93/500] | Loss: 0.3576 |  Accuracy: 0.8880 | Prediction Confidence: 0.79 | Class 0:0.7589 | Class 1:0.8230
Epoch [94/500] | Loss: 0.3534 |  Accuracy: 0.8920 | Prediction Confidence: 0.79 | Class 0:0.7609 | Class 1:0.8225
Epoch [95/500] | Loss: 0.3493 |  Accuracy: 0.8920 | Prediction Confidence: 0.79 | Class 0:0.7629 | Class 1:0.8250
Epoch [96/500] | Loss: 0.3453 |  Accuracy: 0.8920 | Prediction Confidence: 0.80 | Class 0:0.7652 | Class 1:0.8275
Epoch [97/500] | Loss: 0.3414 |  Accuracy: 0.8920 | Prediction Confidence: 0.80 | Class 0:0.7677 | Class 1:0.8302
Epoch [98/500] | Loss: 0.3376 |  Accuracy: 0.8920 | Prediction Confidence: 0.80 | Class 0:0.7702 | Class 1:0.8332
Epoch [99/500] | Loss: 0.3341 |  Accuracy: 0.8920 | Prediction Confidence: 0.80 | Class 0:0.7727 | Class 1:0.8363
Epoch [100/500] | Loss: 0.3308 |  Accuracy: 0.8920 | Prediction Confidence: 0.81 | Class 0:0.7752 | Class 1:0.8393
Epoch [101/500] | Loss: 0.3275 |  Accuracy: 0.8920 | Prediction Confidence: 0.81 | Class 0:0.7778 | Class 1:0.8423
Epoch [102/500] | Loss: 0.3243 |  Accuracy: 0.8960 | Prediction Confidence: 0.81 | Class 0:0.7802 | Class 1:0.8421
Epoch [103/500] | Loss: 0.3211 |  Accuracy: 0.8960 | Prediction Confidence: 0.81 | Class 0:0.7827 | Class 1:0.8449
Epoch [104/500] | Loss: 0.3180 |  Accuracy: 0.8960 | Prediction Confidence: 0.82 | Class 0:0.7850 | Class 1:0.8476
Epoch [105/500] | Loss: 0.3149 |  Accuracy: 0.8960 | Prediction Confidence: 0.82 | Class 0:0.7873 | Class 1:0.8502
Epoch [106/500] | Loss: 0.3117 |  Accuracy: 0.9000 | Prediction Confidence: 0.82 | Class 0:0.7895 | Class 1:0.8487
Epoch [107/500] | Loss: 0.3085 |  Accuracy: 0.9000 | Prediction Confidence: 0.82 | Class 0:0.7917 | Class 1:0.8513
Epoch [108/500] | Loss: 0.3054 |  Accuracy: 0.9000 | Prediction Confidence: 0.82 | Class 0:0.7939 | Class 1:0.8538
Epoch [109/500] | Loss: 0.3023 |  Accuracy: 0.9000 | Prediction Confidence: 0.83 | Class 0:0.7961 | Class 1:0.8562
Epoch [110/500] | Loss: 0.2992 |  Accuracy: 0.9000 | Prediction Confidence: 0.83 | Class 0:0.7983 | Class 1:0.8586
Epoch [111/500] | Loss: 0.2959 |  Accuracy: 0.9000 | Prediction Confidence: 0.83 | Class 0:0.8003 | Class 1:0.8610
Epoch [112/500] | Loss: 0.2926 |  Accuracy: 0.9040 | Prediction Confidence: 0.83 | Class 0:0.7997 | Class 1:0.8632
Epoch [113/500] | Loss: 0.2893 |  Accuracy: 0.9000 | Prediction Confidence: 0.83 | Class 0:0.8038 | Class 1:0.8652
Epoch [114/500] | Loss: 0.2859 |  Accuracy: 0.9000 | Prediction Confidence: 0.84 | Class 0:0.8058 | Class 1:0.8670
Epoch [115/500] | Loss: 0.2824 |  Accuracy: 0.9000 | Prediction Confidence: 0.84 | Class 0:0.8077 | Class 1:0.8688
Epoch [116/500] | Loss: 0.2789 |  Accuracy: 0.9000 | Prediction Confidence: 0.84 | Class 0:0.8096 | Class 1:0.8707
Epoch [117/500] | Loss: 0.2757 |  Accuracy: 0.9040 | Prediction Confidence: 0.84 | Class 0:0.8117 | Class 1:0.8692
Epoch [118/500] | Loss: 0.2724 |  Accuracy: 0.9040 | Prediction Confidence: 0.84 | Class 0:0.8140 | Class 1:0.8713
Epoch [119/500] | Loss: 0.2692 |  Accuracy: 0.9080 | Prediction Confidence: 0.84 | Class 0:0.8161 | Class 1:0.8707
Epoch [120/500] | Loss: 0.2658 |  Accuracy: 0.9080 | Prediction Confidence: 0.84 | Class 0:0.8183 | Class 1:0.8727
Epoch [121/500] | Loss: 0.2624 |  Accuracy: 0.9120 | Prediction Confidence: 0.84 | Class 0:0.8203 | Class 1:0.8715
Epoch [122/500] | Loss: 0.2588 |  Accuracy: 0.9120 | Prediction Confidence: 0.85 | Class 0:0.8223 | Class 1:0.8734
Epoch [123/500] | Loss: 0.2548 |  Accuracy: 0.9120 | Prediction Confidence: 0.85 | Class 0:0.8240 | Class 1:0.8752
Epoch [124/500] | Loss: 0.2506 |  Accuracy: 0.9120 | Prediction Confidence: 0.85 | Class 0:0.8254 | Class 1:0.8768
Epoch [125/500] | Loss: 0.2468 |  Accuracy: 0.9120 | Prediction Confidence: 0.85 | Class 0:0.8273 | Class 1:0.8785
Epoch [126/500] | Loss: 0.2432 |  Accuracy: 0.9120 | Prediction Confidence: 0.85 | Class 0:0.8296 | Class 1:0.8805
Epoch [127/500] | Loss: 0.2398 |  Accuracy: 0.9120 | Prediction Confidence: 0.86 | Class 0:0.8321 | Class 1:0.8825
Epoch [128/500] | Loss: 0.2364 |  Accuracy: 0.9160 | Prediction Confidence: 0.86 | Class 0:0.8345 | Class 1:0.8795
Epoch [129/500] | Loss: 0.2330 |  Accuracy: 0.9240 | Prediction Confidence: 0.86 | Class 0:0.8347 | Class 1:0.8786
Epoch [130/500] | Loss: 0.2296 |  Accuracy: 0.9240 | Prediction Confidence: 0.86 | Class 0:0.8370 | Class 1:0.8805
Epoch [131/500] | Loss: 0.2260 |  Accuracy: 0.9240 | Prediction Confidence: 0.86 | Class 0:0.8392 | Class 1:0.8823
Epoch [132/500] | Loss: 0.2224 |  Accuracy: 0.9280 | Prediction Confidence: 0.86 | Class 0:0.8413 | Class 1:0.8805
Epoch [133/500] | Loss: 0.2188 |  Accuracy: 0.9360 | Prediction Confidence: 0.86 | Class 0:0.8435 | Class 1:0.8763
Epoch [134/500] | Loss: 0.2153 |  Accuracy: 0.9400 | Prediction Confidence: 0.86 | Class 0:0.8459 | Class 1:0.8754
Epoch [135/500] | Loss: 0.2121 |  Accuracy: 0.9400 | Prediction Confidence: 0.86 | Class 0:0.8484 | Class 1:0.8773
Epoch [136/500] | Loss: 0.2090 |  Accuracy: 0.9440 | Prediction Confidence: 0.86 | Class 0:0.8509 | Class 1:0.8769
Epoch [137/500] | Loss: 0.2060 |  Accuracy: 0.9440 | Prediction Confidence: 0.86 | Class 0:0.8534 | Class 1:0.8789
Epoch [138/500] | Loss: 0.2030 |  Accuracy: 0.9440 | Prediction Confidence: 0.87 | Class 0:0.8559 | Class 1:0.8808
Epoch [139/500] | Loss: 0.2002 |  Accuracy: 0.9440 | Prediction Confidence: 0.87 | Class 0:0.8583 | Class 1:0.8826
Epoch [140/500] | Loss: 0.1973 |  Accuracy: 0.9480 | Prediction Confidence: 0.87 | Class 0:0.8607 | Class 1:0.8826
Epoch [141/500] | Loss: 0.1945 |  Accuracy: 0.9480 | Prediction Confidence: 0.87 | Class 0:0.8630 | Class 1:0.8845
Epoch [142/500] | Loss: 0.1918 |  Accuracy: 0.9520 | Prediction Confidence: 0.87 | Class 0:0.8652 | Class 1:0.8830
Epoch [143/500] | Loss: 0.1891 |  Accuracy: 0.9520 | Prediction Confidence: 0.87 | Class 0:0.8675 | Class 1:0.8849
Epoch [144/500] | Loss: 0.1864 |  Accuracy: 0.9520 | Prediction Confidence: 0.88 | Class 0:0.8697 | Class 1:0.8868
Epoch [145/500] | Loss: 0.1837 |  Accuracy: 0.9520 | Prediction Confidence: 0.88 | Class 0:0.8718 | Class 1:0.8886
Epoch [146/500] | Loss: 0.1810 |  Accuracy: 0.9520 | Prediction Confidence: 0.88 | Class 0:0.8739 | Class 1:0.8905
Epoch [147/500] | Loss: 0.1784 |  Accuracy: 0.9520 | Prediction Confidence: 0.88 | Class 0:0.8760 | Class 1:0.8923
Epoch [148/500] | Loss: 0.1758 |  Accuracy: 0.9520 | Prediction Confidence: 0.88 | Class 0:0.8780 | Class 1:0.8941
Epoch [149/500] | Loss: 0.1733 |  Accuracy: 0.9560 | Prediction Confidence: 0.88 | Class 0:0.8800 | Class 1:0.8926
Epoch [150/500] | Loss: 0.1708 |  Accuracy: 0.9600 | Prediction Confidence: 0.89 | Class 0:0.8819 | Class 1:0.8910
Epoch [151/500] | Loss: 0.1684 |  Accuracy: 0.9640 | Prediction Confidence: 0.89 | Class 0:0.8838 | Class 1:0.8890
Epoch [152/500] | Loss: 0.1660 |  Accuracy: 0.9640 | Prediction Confidence: 0.89 | Class 0:0.8857 | Class 1:0.8908
Epoch [153/500] | Loss: 0.1637 |  Accuracy: 0.9680 | Prediction Confidence: 0.89 | Class 0:0.8876 | Class 1:0.8896
Epoch [154/500] | Loss: 0.1614 |  Accuracy: 0.9720 | Prediction Confidence: 0.89 | Class 0:0.8865 | Class 1:0.8914
Epoch [155/500] | Loss: 0.1592 |  Accuracy: 0.9760 | Prediction Confidence: 0.89 | Class 0:0.8883 | Class 1:0.8898
Epoch [156/500] | Loss: 0.1570 |  Accuracy: 0.9760 | Prediction Confidence: 0.89 | Class 0:0.8901 | Class 1:0.8915
Epoch [157/500] | Loss: 0.1549 |  Accuracy: 0.9760 | Prediction Confidence: 0.89 | Class 0:0.8918 | Class 1:0.8932
Epoch [158/500] | Loss: 0.1529 |  Accuracy: 0.9760 | Prediction Confidence: 0.89 | Class 0:0.8935 | Class 1:0.8948
Epoch [159/500] | Loss: 0.1509 |  Accuracy: 0.9760 | Prediction Confidence: 0.89 | Class 0:0.8952 | Class 1:0.8963
Epoch [160/500] | Loss: 0.1488 |  Accuracy: 0.9800 | Prediction Confidence: 0.89 | Class 0:0.8968 | Class 1:0.8950
Epoch [161/500] | Loss: 0.1468 |  Accuracy: 0.9800 | Prediction Confidence: 0.90 | Class 0:0.8984 | Class 1:0.8965
Epoch [162/500] | Loss: 0.1448 |  Accuracy: 0.9800 | Prediction Confidence: 0.90 | Class 0:0.9000 | Class 1:0.8981
Epoch [163/500] | Loss: 0.1427 |  Accuracy: 0.9800 | Prediction Confidence: 0.90 | Class 0:0.9015 | Class 1:0.8997
Epoch [164/500] | Loss: 0.1406 |  Accuracy: 0.9800 | Prediction Confidence: 0.90 | Class 0:0.9030 | Class 1:0.9014
Epoch [165/500] | Loss: 0.1384 |  Accuracy: 0.9800 | Prediction Confidence: 0.90 | Class 0:0.9044 | Class 1:0.9029
Epoch [166/500] | Loss: 0.1363 |  Accuracy: 0.9800 | Prediction Confidence: 0.90 | Class 0:0.9059 | Class 1:0.9044
Epoch [167/500] | Loss: 0.1341 |  Accuracy: 0.9800 | Prediction Confidence: 0.91 | Class 0:0.9074 | Class 1:0.9058
Epoch [168/500] | Loss: 0.1319 |  Accuracy: 0.9800 | Prediction Confidence: 0.91 | Class 0:0.9088 | Class 1:0.9073
Epoch [169/500] | Loss: 0.1297 |  Accuracy: 0.9800 | Prediction Confidence: 0.91 | Class 0:0.9102 | Class 1:0.9088
Epoch [170/500] | Loss: 0.1277 |  Accuracy: 0.9800 | Prediction Confidence: 0.91 | Class 0:0.9116 | Class 1:0.9103
Epoch [171/500] | Loss: 0.1259 |  Accuracy: 0.9800 | Prediction Confidence: 0.91 | Class 0:0.9130 | Class 1:0.9118
Epoch [172/500] | Loss: 0.1241 |  Accuracy: 0.9800 | Prediction Confidence: 0.91 | Class 0:0.9144 | Class 1:0.9133
Epoch [173/500] | Loss: 0.1223 |  Accuracy: 0.9800 | Prediction Confidence: 0.91 | Class 0:0.9157 | Class 1:0.9147
Epoch [174/500] | Loss: 0.1206 |  Accuracy: 0.9800 | Prediction Confidence: 0.92 | Class 0:0.9171 | Class 1:0.9161
Epoch [175/500] | Loss: 0.1190 |  Accuracy: 0.9800 | Prediction Confidence: 0.92 | Class 0:0.9184 | Class 1:0.9175
Epoch [176/500] | Loss: 0.1174 |  Accuracy: 0.9800 | Prediction Confidence: 0.92 | Class 0:0.9197 | Class 1:0.9188
Epoch [177/500] | Loss: 0.1158 |  Accuracy: 0.9800 | Prediction Confidence: 0.92 | Class 0:0.9210 | Class 1:0.9201
Epoch [178/500] | Loss: 0.1142 |  Accuracy: 0.9800 | Prediction Confidence: 0.92 | Class 0:0.9222 | Class 1:0.9214
Epoch [179/500] | Loss: 0.1127 |  Accuracy: 0.9800 | Prediction Confidence: 0.92 | Class 0:0.9235 | Class 1:0.9227
Epoch [180/500] | Loss: 0.1111 |  Accuracy: 0.9800 | Prediction Confidence: 0.92 | Class 0:0.9247 | Class 1:0.9239
Epoch [181/500] | Loss: 0.1096 |  Accuracy: 0.9800 | Prediction Confidence: 0.92 | Class 0:0.9258 | Class 1:0.9250
Epoch [182/500] | Loss: 0.1079 |  Accuracy: 0.9800 | Prediction Confidence: 0.93 | Class 0:0.9269 | Class 1:0.9262
Epoch [183/500] | Loss: 0.1062 |  Accuracy: 0.9840 | Prediction Confidence: 0.93 | Class 0:0.9249 | Class 1:0.9273
Epoch [184/500] | Loss: 0.1044 |  Accuracy: 0.9840 | Prediction Confidence: 0.93 | Class 0:0.9264 | Class 1:0.9285
Epoch [185/500] | Loss: 0.1029 |  Accuracy: 0.9840 | Prediction Confidence: 0.93 | Class 0:0.9276 | Class 1:0.9298
Epoch [186/500] | Loss: 0.1014 |  Accuracy: 0.9840 | Prediction Confidence: 0.93 | Class 0:0.9287 | Class 1:0.9311
Epoch [187/500] | Loss: 0.1001 |  Accuracy: 0.9840 | Prediction Confidence: 0.93 | Class 0:0.9298 | Class 1:0.9323
Epoch [188/500] | Loss: 0.0988 |  Accuracy: 0.9840 | Prediction Confidence: 0.93 | Class 0:0.9308 | Class 1:0.9335
Epoch [189/500] | Loss: 0.0975 |  Accuracy: 0.9840 | Prediction Confidence: 0.93 | Class 0:0.9318 | Class 1:0.9347
Epoch [190/500] | Loss: 0.0962 |  Accuracy: 0.9840 | Prediction Confidence: 0.93 | Class 0:0.9328 | Class 1:0.9358
Epoch [191/500] | Loss: 0.0950 |  Accuracy: 0.9840 | Prediction Confidence: 0.93 | Class 0:0.9338 | Class 1:0.9369
Epoch [192/500] | Loss: 0.0939 |  Accuracy: 0.9840 | Prediction Confidence: 0.94 | Class 0:0.9347 | Class 1:0.9380
Epoch [193/500] | Loss: 0.0927 |  Accuracy: 0.9840 | Prediction Confidence: 0.94 | Class 0:0.9356 | Class 1:0.9391
Epoch [194/500] | Loss: 0.0916 |  Accuracy: 0.9840 | Prediction Confidence: 0.94 | Class 0:0.9366 | Class 1:0.9401
Epoch [195/500] | Loss: 0.0905 |  Accuracy: 0.9840 | Prediction Confidence: 0.94 | Class 0:0.9375 | Class 1:0.9411
Epoch [196/500] | Loss: 0.0894 |  Accuracy: 0.9840 | Prediction Confidence: 0.94 | Class 0:0.9383 | Class 1:0.9421
Epoch [197/500] | Loss: 0.0883 |  Accuracy: 0.9840 | Prediction Confidence: 0.94 | Class 0:0.9392 | Class 1:0.9431
Epoch [198/500] | Loss: 0.0873 |  Accuracy: 0.9840 | Prediction Confidence: 0.94 | Class 0:0.9401 | Class 1:0.9440
Epoch [199/500] | Loss: 0.0862 |  Accuracy: 0.9840 | Prediction Confidence: 0.94 | Class 0:0.9409 | Class 1:0.9449
Epoch [200/500] | Loss: 0.0852 |  Accuracy: 0.9880 | Prediction Confidence: 0.94 | Class 0:0.9384 | Class 1:0.9459
Epoch [201/500] | Loss: 0.0843 |  Accuracy: 0.9880 | Prediction Confidence: 0.94 | Class 0:0.9392 | Class 1:0.9468
Epoch [202/500] | Loss: 0.0833 |  Accuracy: 0.9880 | Prediction Confidence: 0.94 | Class 0:0.9400 | Class 1:0.9476
Epoch [203/500] | Loss: 0.0824 |  Accuracy: 0.9880 | Prediction Confidence: 0.94 | Class 0:0.9408 | Class 1:0.9485
Epoch [204/500] | Loss: 0.0814 |  Accuracy: 0.9880 | Prediction Confidence: 0.94 | Class 0:0.9416 | Class 1:0.9493
Epoch [205/500] | Loss: 0.0805 |  Accuracy: 0.9880 | Prediction Confidence: 0.95 | Class 0:0.9424 | Class 1:0.9502
Epoch [206/500] | Loss: 0.0796 |  Accuracy: 0.9880 | Prediction Confidence: 0.95 | Class 0:0.9432 | Class 1:0.9510
Epoch [207/500] | Loss: 0.0788 |  Accuracy: 0.9880 | Prediction Confidence: 0.95 | Class 0:0.9440 | Class 1:0.9518
Epoch [208/500] | Loss: 0.0779 |  Accuracy: 0.9880 | Prediction Confidence: 0.95 | Class 0:0.9447 | Class 1:0.9526
Epoch [209/500] | Loss: 0.0771 |  Accuracy: 0.9880 | Prediction Confidence: 0.95 | Class 0:0.9454 | Class 1:0.9533
Epoch [210/500] | Loss: 0.0762 |  Accuracy: 0.9920 | Prediction Confidence: 0.95 | Class 0:0.9426 | Class 1:0.9541
Epoch [211/500] | Loss: 0.0754 |  Accuracy: 0.9920 | Prediction Confidence: 0.95 | Class 0:0.9433 | Class 1:0.9548
Epoch [212/500] | Loss: 0.0746 |  Accuracy: 0.9920 | Prediction Confidence: 0.95 | Class 0:0.9441 | Class 1:0.9556
Epoch [213/500] | Loss: 0.0738 |  Accuracy: 0.9920 | Prediction Confidence: 0.95 | Class 0:0.9448 | Class 1:0.9563
Epoch [214/500] | Loss: 0.0731 |  Accuracy: 0.9920 | Prediction Confidence: 0.95 | Class 0:0.9455 | Class 1:0.9570
Epoch [215/500] | Loss: 0.0723 |  Accuracy: 0.9920 | Prediction Confidence: 0.95 | Class 0:0.9462 | Class 1:0.9577
Epoch [216/500] | Loss: 0.0715 |  Accuracy: 0.9920 | Prediction Confidence: 0.95 | Class 0:0.9469 | Class 1:0.9584
Epoch [217/500] | Loss: 0.0708 |  Accuracy: 0.9920 | Prediction Confidence: 0.95 | Class 0:0.9476 | Class 1:0.9591
Epoch [218/500] | Loss: 0.0701 |  Accuracy: 0.9920 | Prediction Confidence: 0.95 | Class 0:0.9482 | Class 1:0.9597
Epoch [219/500] | Loss: 0.0694 |  Accuracy: 0.9920 | Prediction Confidence: 0.95 | Class 0:0.9489 | Class 1:0.9604
Epoch [220/500] | Loss: 0.0687 |  Accuracy: 0.9920 | Prediction Confidence: 0.95 | Class 0:0.9495 | Class 1:0.9610
Epoch [221/500] | Loss: 0.0680 |  Accuracy: 0.9920 | Prediction Confidence: 0.96 | Class 0:0.9502 | Class 1:0.9617
Epoch [222/500] | Loss: 0.0673 |  Accuracy: 0.9920 | Prediction Confidence: 0.96 | Class 0:0.9508 | Class 1:0.9623
Epoch [223/500] | Loss: 0.0667 |  Accuracy: 0.9920 | Prediction Confidence: 0.96 | Class 0:0.9514 | Class 1:0.9629
Epoch [224/500] | Loss: 0.0660 |  Accuracy: 0.9920 | Prediction Confidence: 0.96 | Class 0:0.9520 | Class 1:0.9635
Epoch [225/500] | Loss: 0.0654 |  Accuracy: 0.9920 | Prediction Confidence: 0.96 | Class 0:0.9526 | Class 1:0.9641
Epoch [226/500] | Loss: 0.0647 |  Accuracy: 0.9920 | Prediction Confidence: 0.96 | Class 0:0.9532 | Class 1:0.9647
Epoch [227/500] | Loss: 0.0641 |  Accuracy: 0.9920 | Prediction Confidence: 0.96 | Class 0:0.9538 | Class 1:0.9652
Epoch [228/500] | Loss: 0.0635 |  Accuracy: 0.9920 | Prediction Confidence: 0.96 | Class 0:0.9543 | Class 1:0.9658
Epoch [229/500] | Loss: 0.0629 |  Accuracy: 0.9920 | Prediction Confidence: 0.96 | Class 0:0.9549 | Class 1:0.9664
Epoch [230/500] | Loss: 0.0621 |  Accuracy: 0.9920 | Prediction Confidence: 0.96 | Class 0:0.9554 | Class 1:0.9669
Epoch [231/500] | Loss: 0.0611 |  Accuracy: 0.9920 | Prediction Confidence: 0.96 | Class 0:0.9559 | Class 1:0.9674
Epoch [232/500] | Loss: 0.0601 |  Accuracy: 0.9920 | Prediction Confidence: 0.96 | Class 0:0.9562 | Class 1:0.9679
Epoch [233/500] | Loss: 0.0595 |  Accuracy: 0.9920 | Prediction Confidence: 0.96 | Class 0:0.9568 | Class 1:0.9683
Epoch [234/500] | Loss: 0.0589 |  Accuracy: 0.9920 | Prediction Confidence: 0.96 | Class 0:0.9574 | Class 1:0.9688
Epoch [235/500] | Loss: 0.0583 |  Accuracy: 0.9920 | Prediction Confidence: 0.96 | Class 0:0.9580 | Class 1:0.9693
Epoch [236/500] | Loss: 0.0578 |  Accuracy: 0.9920 | Prediction Confidence: 0.96 | Class 0:0.9586 | Class 1:0.9698
Epoch [237/500] | Loss: 0.0573 |  Accuracy: 0.9920 | Prediction Confidence: 0.96 | Class 0:0.9591 | Class 1:0.9703
Epoch [238/500] | Loss: 0.0567 |  Accuracy: 0.9920 | Prediction Confidence: 0.96 | Class 0:0.9597 | Class 1:0.9707
Epoch [239/500] | Loss: 0.0562 |  Accuracy: 0.9920 | Prediction Confidence: 0.97 | Class 0:0.9602 | Class 1:0.9712
Epoch [240/500] | Loss: 0.0557 |  Accuracy: 0.9920 | Prediction Confidence: 0.97 | Class 0:0.9607 | Class 1:0.9716
Epoch [241/500] | Loss: 0.0553 |  Accuracy: 0.9920 | Prediction Confidence: 0.97 | Class 0:0.9612 | Class 1:0.9721
Epoch [242/500] | Loss: 0.0548 |  Accuracy: 0.9920 | Prediction Confidence: 0.97 | Class 0:0.9617 | Class 1:0.9725
Epoch [243/500] | Loss: 0.0543 |  Accuracy: 0.9920 | Prediction Confidence: 0.97 | Class 0:0.9622 | Class 1:0.9729
Epoch [244/500] | Loss: 0.0538 |  Accuracy: 0.9920 | Prediction Confidence: 0.97 | Class 0:0.9627 | Class 1:0.9733
Epoch [245/500] | Loss: 0.0534 |  Accuracy: 0.9920 | Prediction Confidence: 0.97 | Class 0:0.9631 | Class 1:0.9737
Epoch [246/500] | Loss: 0.0529 |  Accuracy: 0.9920 | Prediction Confidence: 0.97 | Class 0:0.9636 | Class 1:0.9741
Epoch [247/500] | Loss: 0.0525 |  Accuracy: 0.9920 | Prediction Confidence: 0.97 | Class 0:0.9640 | Class 1:0.9745
Epoch [248/500] | Loss: 0.0521 |  Accuracy: 0.9920 | Prediction Confidence: 0.97 | Class 0:0.9644 | Class 1:0.9749
Epoch [249/500] | Loss: 0.0517 |  Accuracy: 0.9920 | Prediction Confidence: 0.97 | Class 0:0.9648 | Class 1:0.9753
Epoch [250/500] | Loss: 0.0513 |  Accuracy: 0.9920 | Prediction Confidence: 0.97 | Class 0:0.9651 | Class 1:0.9757
Epoch [251/500] | Loss: 0.0508 |  Accuracy: 0.9920 | Prediction Confidence: 0.97 | Class 0:0.9655 | Class 1:0.9761
Epoch [252/500] | Loss: 0.0504 |  Accuracy: 0.9920 | Prediction Confidence: 0.97 | Class 0:0.9658 | Class 1:0.9765
Epoch [253/500] | Loss: 0.0500 |  Accuracy: 0.9920 | Prediction Confidence: 0.97 | Class 0:0.9661 | Class 1:0.9768
Epoch [254/500] | Loss: 0.0495 |  Accuracy: 0.9920 | Prediction Confidence: 0.97 | Class 0:0.9664 | Class 1:0.9771
Epoch [255/500] | Loss: 0.0488 |  Accuracy: 0.9920 | Prediction Confidence: 0.97 | Class 0:0.9665 | Class 1:0.9774
Epoch [256/500] | Loss: 0.0478 |  Accuracy: 0.9920 | Prediction Confidence: 0.97 | Class 0:0.9665 | Class 1:0.9777
Epoch [257/500] | Loss: 0.0461 |  Accuracy: 0.9920 | Prediction Confidence: 0.97 | Class 0:0.9663 | Class 1:0.9778
Epoch [258/500] | Loss: 0.0447 |  Accuracy: 0.9920 | Prediction Confidence: 0.97 | Class 0:0.9661 | Class 1:0.9779
Epoch [259/500] | Loss: 0.0439 |  Accuracy: 0.9920 | Prediction Confidence: 0.97 | Class 0:0.9666 | Class 1:0.9781
Epoch [260/500] | Loss: 0.0432 |  Accuracy: 0.9920 | Prediction Confidence: 0.97 | Class 0:0.9671 | Class 1:0.9785
Epoch [261/500] | Loss: 0.0427 |  Accuracy: 0.9920 | Prediction Confidence: 0.97 | Class 0:0.9675 | Class 1:0.9789
Epoch [262/500] | Loss: 0.0422 |  Accuracy: 0.9920 | Prediction Confidence: 0.97 | Class 0:0.9679 | Class 1:0.9793
Epoch [263/500] | Loss: 0.0417 |  Accuracy: 0.9920 | Prediction Confidence: 0.97 | Class 0:0.9683 | Class 1:0.9797
Epoch [264/500] | Loss: 0.0413 |  Accuracy: 0.9920 | Prediction Confidence: 0.97 | Class 0:0.9686 | Class 1:0.9800
Epoch [265/500] | Loss: 0.0408 |  Accuracy: 0.9920 | Prediction Confidence: 0.97 | Class 0:0.9689 | Class 1:0.9804
Epoch [266/500] | Loss: 0.0404 |  Accuracy: 0.9920 | Prediction Confidence: 0.97 | Class 0:0.9692 | Class 1:0.9808
Epoch [267/500] | Loss: 0.0400 |  Accuracy: 0.9920 | Prediction Confidence: 0.97 | Class 0:0.9696 | Class 1:0.9811
Epoch [268/500] | Loss: 0.0396 |  Accuracy: 0.9920 | Prediction Confidence: 0.98 | Class 0:0.9699 | Class 1:0.9814
Epoch [269/500] | Loss: 0.0393 |  Accuracy: 0.9920 | Prediction Confidence: 0.98 | Class 0:0.9702 | Class 1:0.9818
Epoch [270/500] | Loss: 0.0389 |  Accuracy: 0.9920 | Prediction Confidence: 0.98 | Class 0:0.9705 | Class 1:0.9821
Epoch [271/500] | Loss: 0.0385 |  Accuracy: 0.9920 | Prediction Confidence: 0.98 | Class 0:0.9708 | Class 1:0.9824
Epoch [272/500] | Loss: 0.0382 |  Accuracy: 0.9920 | Prediction Confidence: 0.98 | Class 0:0.9711 | Class 1:0.9827
Epoch [273/500] | Loss: 0.0378 |  Accuracy: 0.9920 | Prediction Confidence: 0.98 | Class 0:0.9713 | Class 1:0.9830
Epoch [274/500] | Loss: 0.0375 |  Accuracy: 0.9920 | Prediction Confidence: 0.98 | Class 0:0.9716 | Class 1:0.9833
Epoch [275/500] | Loss: 0.0372 |  Accuracy: 0.9920 | Prediction Confidence: 0.98 | Class 0:0.9719 | Class 1:0.9835
Epoch [276/500] | Loss: 0.0368 |  Accuracy: 0.9920 | Prediction Confidence: 0.98 | Class 0:0.9722 | Class 1:0.9838
Epoch [277/500] | Loss: 0.0365 |  Accuracy: 0.9920 | Prediction Confidence: 0.98 | Class 0:0.9724 | Class 1:0.9841
Epoch [278/500] | Loss: 0.0362 |  Accuracy: 0.9920 | Prediction Confidence: 0.98 | Class 0:0.9727 | Class 1:0.9843
Epoch [279/500] | Loss: 0.0359 |  Accuracy: 0.9920 | Prediction Confidence: 0.98 | Class 0:0.9730 | Class 1:0.9846
Epoch [280/500] | Loss: 0.0356 |  Accuracy: 0.9920 | Prediction Confidence: 0.98 | Class 0:0.9732 | Class 1:0.9848
Epoch [281/500] | Loss: 0.0353 |  Accuracy: 0.9920 | Prediction Confidence: 0.98 | Class 0:0.9735 | Class 1:0.9851
Epoch [282/500] | Loss: 0.0350 |  Accuracy: 0.9920 | Prediction Confidence: 0.98 | Class 0:0.9737 | Class 1:0.9853
Epoch [283/500] | Loss: 0.0347 |  Accuracy: 0.9920 | Prediction Confidence: 0.98 | Class 0:0.9739 | Class 1:0.9855
Epoch [284/500] | Loss: 0.0344 |  Accuracy: 0.9920 | Prediction Confidence: 0.98 | Class 0:0.9742 | Class 1:0.9858
Epoch [285/500] | Loss: 0.0342 |  Accuracy: 0.9920 | Prediction Confidence: 0.98 | Class 0:0.9744 | Class 1:0.9860
Epoch [286/500] | Loss: 0.0339 |  Accuracy: 0.9920 | Prediction Confidence: 0.98 | Class 0:0.9746 | Class 1:0.9862
Epoch [287/500] | Loss: 0.0336 |  Accuracy: 0.9920 | Prediction Confidence: 0.98 | Class 0:0.9749 | Class 1:0.9864
Epoch [288/500] | Loss: 0.0333 |  Accuracy: 0.9920 | Prediction Confidence: 0.98 | Class 0:0.9751 | Class 1:0.9866
Epoch [289/500] | Loss: 0.0331 |  Accuracy: 0.9920 | Prediction Confidence: 0.98 | Class 0:0.9753 | Class 1:0.9868
Epoch [290/500] | Loss: 0.0328 |  Accuracy: 0.9920 | Prediction Confidence: 0.98 | Class 0:0.9755 | Class 1:0.9870
Epoch [291/500] | Loss: 0.0326 |  Accuracy: 0.9920 | Prediction Confidence: 0.98 | Class 0:0.9758 | Class 1:0.9872
Epoch [292/500] | Loss: 0.0323 |  Accuracy: 0.9920 | Prediction Confidence: 0.98 | Class 0:0.9760 | Class 1:0.9874
Epoch [293/500] | Loss: 0.0321 |  Accuracy: 0.9920 | Prediction Confidence: 0.98 | Class 0:0.9762 | Class 1:0.9875
Epoch [294/500] | Loss: 0.0318 |  Accuracy: 0.9920 | Prediction Confidence: 0.98 | Class 0:0.9764 | Class 1:0.9877
Epoch [295/500] | Loss: 0.0316 |  Accuracy: 0.9920 | Prediction Confidence: 0.98 | Class 0:0.9766 | Class 1:0.9879
Epoch [296/500] | Loss: 0.0313 |  Accuracy: 0.9920 | Prediction Confidence: 0.98 | Class 0:0.9768 | Class 1:0.9880
Epoch [297/500] | Loss: 0.0311 |  Accuracy: 0.9920 | Prediction Confidence: 0.98 | Class 0:0.9770 | Class 1:0.9882
Epoch [298/500] | Loss: 0.0308 |  Accuracy: 0.9920 | Prediction Confidence: 0.98 | Class 0:0.9773 | Class 1:0.9884
Epoch [299/500] | Loss: 0.0306 |  Accuracy: 0.9920 | Prediction Confidence: 0.98 | Class 0:0.9775 | Class 1:0.9885
Epoch [300/500] | Loss: 0.0303 |  Accuracy: 0.9920 | Prediction Confidence: 0.98 | Class 0:0.9777 | Class 1:0.9886
Epoch [301/500] | Loss: 0.0301 |  Accuracy: 0.9920 | Prediction Confidence: 0.98 | Class 0:0.9779 | Class 1:0.9888
Epoch [302/500] | Loss: 0.0298 |  Accuracy: 0.9920 | Prediction Confidence: 0.98 | Class 0:0.9781 | Class 1:0.9889
Epoch [303/500] | Loss: 0.0295 |  Accuracy: 0.9920 | Prediction Confidence: 0.98 | Class 0:0.9784 | Class 1:0.9890
Epoch [304/500] | Loss: 0.0293 |  Accuracy: 0.9920 | Prediction Confidence: 0.98 | Class 0:0.9786 | Class 1:0.9891
Epoch [305/500] | Loss: 0.0290 |  Accuracy: 0.9920 | Prediction Confidence: 0.98 | Class 0:0.9788 | Class 1:0.9892
Epoch [306/500] | Loss: 0.0287 |  Accuracy: 0.9920 | Prediction Confidence: 0.98 | Class 0:0.9791 | Class 1:0.9893
Epoch [307/500] | Loss: 0.0284 |  Accuracy: 0.9920 | Prediction Confidence: 0.98 | Class 0:0.9793 | Class 1:0.9895
Epoch [308/500] | Loss: 0.0282 |  Accuracy: 0.9920 | Prediction Confidence: 0.98 | Class 0:0.9795 | Class 1:0.9896
Epoch [309/500] | Loss: 0.0279 |  Accuracy: 0.9920 | Prediction Confidence: 0.98 | Class 0:0.9798 | Class 1:0.9897
Epoch [310/500] | Loss: 0.0276 |  Accuracy: 0.9920 | Prediction Confidence: 0.98 | Class 0:0.9800 | Class 1:0.9898
Epoch [311/500] | Loss: 0.0272 |  Accuracy: 0.9920 | Prediction Confidence: 0.98 | Class 0:0.9803 | Class 1:0.9899
Epoch [312/500] | Loss: 0.0269 |  Accuracy: 0.9920 | Prediction Confidence: 0.99 | Class 0:0.9806 | Class 1:0.9900
Epoch [313/500] | Loss: 0.0266 |  Accuracy: 0.9920 | Prediction Confidence: 0.99 | Class 0:0.9808 | Class 1:0.9901
Epoch [314/500] | Loss: 0.0262 |  Accuracy: 0.9920 | Prediction Confidence: 0.99 | Class 0:0.9810 | Class 1:0.9903
Epoch [315/500] | Loss: 0.0259 |  Accuracy: 0.9920 | Prediction Confidence: 0.99 | Class 0:0.9812 | Class 1:0.9905
Epoch [316/500] | Loss: 0.0256 |  Accuracy: 0.9920 | Prediction Confidence: 0.99 | Class 0:0.9814 | Class 1:0.9907
Epoch [317/500] | Loss: 0.0253 |  Accuracy: 0.9960 | Prediction Confidence: 0.98 | Class 0:0.9816 | Class 1:0.9871
Epoch [318/500] | Loss: 0.0250 |  Accuracy: 0.9960 | Prediction Confidence: 0.98 | Class 0:0.9817 | Class 1:0.9874
Epoch [319/500] | Loss: 0.0247 |  Accuracy: 0.9960 | Prediction Confidence: 0.98 | Class 0:0.9818 | Class 1:0.9876
Epoch [320/500] | Loss: 0.0244 |  Accuracy: 0.9960 | Prediction Confidence: 0.98 | Class 0:0.9820 | Class 1:0.9878
Epoch [321/500] | Loss: 0.0242 |  Accuracy: 0.9960 | Prediction Confidence: 0.98 | Class 0:0.9821 | Class 1:0.9880
Epoch [322/500] | Loss: 0.0239 |  Accuracy: 0.9960 | Prediction Confidence: 0.98 | Class 0:0.9822 | Class 1:0.9882
Epoch [323/500] | Loss: 0.0237 |  Accuracy: 0.9960 | Prediction Confidence: 0.99 | Class 0:0.9823 | Class 1:0.9884
Epoch [324/500] | Loss: 0.0234 |  Accuracy: 0.9960 | Prediction Confidence: 0.99 | Class 0:0.9824 | Class 1:0.9886
Epoch [325/500] | Loss: 0.0232 |  Accuracy: 0.9960 | Prediction Confidence: 0.99 | Class 0:0.9825 | Class 1:0.9888
Epoch [326/500] | Loss: 0.0230 |  Accuracy: 0.9960 | Prediction Confidence: 0.99 | Class 0:0.9827 | Class 1:0.9890
Epoch [327/500] | Loss: 0.0227 |  Accuracy: 0.9960 | Prediction Confidence: 0.99 | Class 0:0.9828 | Class 1:0.9891
Epoch [328/500] | Loss: 0.0225 |  Accuracy: 0.9960 | Prediction Confidence: 0.99 | Class 0:0.9829 | Class 1:0.9893
Epoch [329/500] | Loss: 0.0223 |  Accuracy: 0.9960 | Prediction Confidence: 0.99 | Class 0:0.9830 | Class 1:0.9895
Epoch [330/500] | Loss: 0.0221 |  Accuracy: 0.9960 | Prediction Confidence: 0.99 | Class 0:0.9831 | Class 1:0.9896
Epoch [331/500] | Loss: 0.0219 |  Accuracy: 0.9960 | Prediction Confidence: 0.99 | Class 0:0.9832 | Class 1:0.9898
Epoch [332/500] | Loss: 0.0217 |  Accuracy: 0.9960 | Prediction Confidence: 0.99 | Class 0:0.9833 | Class 1:0.9899
Epoch [333/500] | Loss: 0.0215 |  Accuracy: 0.9960 | Prediction Confidence: 0.99 | Class 0:0.9834 | Class 1:0.9901
Epoch [334/500] | Loss: 0.0213 |  Accuracy: 0.9960 | Prediction Confidence: 0.99 | Class 0:0.9836 | Class 1:0.9902
Epoch [335/500] | Loss: 0.0211 |  Accuracy: 0.9960 | Prediction Confidence: 0.99 | Class 0:0.9837 | Class 1:0.9903
Epoch [336/500] | Loss: 0.0209 |  Accuracy: 0.9960 | Prediction Confidence: 0.99 | Class 0:0.9838 | Class 1:0.9905
Epoch [337/500] | Loss: 0.0207 |  Accuracy: 0.9960 | Prediction Confidence: 0.99 | Class 0:0.9839 | Class 1:0.9906
Epoch [338/500] | Loss: 0.0205 |  Accuracy: 0.9960 | Prediction Confidence: 0.99 | Class 0:0.9840 | Class 1:0.9907
Epoch [339/500] | Loss: 0.0203 |  Accuracy: 0.9960 | Prediction Confidence: 0.99 | Class 0:0.9841 | Class 1:0.9909
Epoch [340/500] | Loss: 0.0201 |  Accuracy: 0.9960 | Prediction Confidence: 0.99 | Class 0:0.9842 | Class 1:0.9910
Epoch [341/500] | Loss: 0.0199 |  Accuracy: 0.9960 | Prediction Confidence: 0.99 | Class 0:0.9843 | Class 1:0.9911
Epoch [342/500] | Loss: 0.0197 |  Accuracy: 0.9960 | Prediction Confidence: 0.99 | Class 0:0.9844 | Class 1:0.9912
Epoch [343/500] | Loss: 0.0196 |  Accuracy: 0.9960 | Prediction Confidence: 0.99 | Class 0:0.9846 | Class 1:0.9913
Epoch [344/500] | Loss: 0.0194 |  Accuracy: 0.9960 | Prediction Confidence: 0.99 | Class 0:0.9847 | Class 1:0.9914
Epoch [345/500] | Loss: 0.0192 |  Accuracy: 0.9960 | Prediction Confidence: 0.99 | Class 0:0.9848 | Class 1:0.9916
Epoch [346/500] | Loss: 0.0190 |  Accuracy: 0.9960 | Prediction Confidence: 0.99 | Class 0:0.9849 | Class 1:0.9917
Epoch [347/500] | Loss: 0.0189 |  Accuracy: 0.9960 | Prediction Confidence: 0.99 | Class 0:0.9850 | Class 1:0.9918
Epoch [348/500] | Loss: 0.0187 |  Accuracy: 0.9960 | Prediction Confidence: 0.99 | Class 0:0.9851 | Class 1:0.9919
Epoch [349/500] | Loss: 0.0185 |  Accuracy: 0.9960 | Prediction Confidence: 0.99 | Class 0:0.9852 | Class 1:0.9920
Epoch [350/500] | Loss: 0.0184 |  Accuracy: 0.9960 | Prediction Confidence: 0.99 | Class 0:0.9853 | Class 1:0.9921
Epoch [351/500] | Loss: 0.0182 |  Accuracy: 0.9960 | Prediction Confidence: 0.99 | Class 0:0.9854 | Class 1:0.9922
Epoch [352/500] | Loss: 0.0180 |  Accuracy: 0.9960 | Prediction Confidence: 0.99 | Class 0:0.9855 | Class 1:0.9923
Epoch [353/500] | Loss: 0.0179 |  Accuracy: 0.9960 | Prediction Confidence: 0.99 | Class 0:0.9856 | Class 1:0.9924
Epoch [354/500] | Loss: 0.0177 |  Accuracy: 0.9960 | Prediction Confidence: 0.99 | Class 0:0.9857 | Class 1:0.9925
Epoch [355/500] | Loss: 0.0175 |  Accuracy: 0.9960 | Prediction Confidence: 0.99 | Class 0:0.9858 | Class 1:0.9927
Epoch [356/500] | Loss: 0.0170 |  Accuracy: 0.9960 | Prediction Confidence: 0.99 | Class 0:0.9858 | Class 1:0.9933
Epoch [357/500] | Loss: 0.0162 |  Accuracy: 0.9960 | Prediction Confidence: 0.99 | Class 0:0.9858 | Class 1:0.9945
Epoch [358/500] | Loss: 0.0161 |  Accuracy: 0.9960 | Prediction Confidence: 0.99 | Class 0:0.9859 | Class 1:0.9946
Epoch [359/500] | Loss: 0.0159 |  Accuracy: 0.9960 | Prediction Confidence: 0.99 | Class 0:0.9863 | Class 1:0.9947
Epoch [360/500] | Loss: 0.0157 |  Accuracy: 0.9960 | Prediction Confidence: 0.99 | Class 0:0.9865 | Class 1:0.9947
Epoch [361/500] | Loss: 0.0156 |  Accuracy: 0.9960 | Prediction Confidence: 0.99 | Class 0:0.9867 | Class 1:0.9948
Epoch [362/500] | Loss: 0.0154 |  Accuracy: 0.9960 | Prediction Confidence: 0.99 | Class 0:0.9869 | Class 1:0.9948
Epoch [363/500] | Loss: 0.0153 |  Accuracy: 0.9960 | Prediction Confidence: 0.99 | Class 0:0.9871 | Class 1:0.9949
Epoch [364/500] | Loss: 0.0152 |  Accuracy: 0.9960 | Prediction Confidence: 0.99 | Class 0:0.9872 | Class 1:0.9950
Epoch [365/500] | Loss: 0.0150 |  Accuracy: 0.9960 | Prediction Confidence: 0.99 | Class 0:0.9874 | Class 1:0.9950
Epoch [366/500] | Loss: 0.0149 |  Accuracy: 0.9960 | Prediction Confidence: 0.99 | Class 0:0.9876 | Class 1:0.9951
Epoch [367/500] | Loss: 0.0148 |  Accuracy: 0.9960 | Prediction Confidence: 0.99 | Class 0:0.9877 | Class 1:0.9951
Epoch [368/500] | Loss: 0.0146 |  Accuracy: 0.9960 | Prediction Confidence: 0.99 | Class 0:0.9878 | Class 1:0.9952
Epoch [369/500] | Loss: 0.0145 |  Accuracy: 0.9960 | Prediction Confidence: 0.99 | Class 0:0.9880 | Class 1:0.9952
Epoch [370/500] | Loss: 0.0144 |  Accuracy: 0.9960 | Prediction Confidence: 0.99 | Class 0:0.9881 | Class 1:0.9953
Epoch [371/500] | Loss: 0.0143 |  Accuracy: 0.9960 | Prediction Confidence: 0.99 | Class 0:0.9882 | Class 1:0.9953
Epoch [372/500] | Loss: 0.0142 |  Accuracy: 0.9960 | Prediction Confidence: 0.99 | Class 0:0.9883 | Class 1:0.9954
Epoch [373/500] | Loss: 0.0141 |  Accuracy: 0.9960 | Prediction Confidence: 0.99 | Class 0:0.9884 | Class 1:0.9954
Epoch [374/500] | Loss: 0.0140 |  Accuracy: 0.9960 | Prediction Confidence: 0.99 | Class 0:0.9886 | Class 1:0.9955
Epoch [375/500] | Loss: 0.0138 |  Accuracy: 0.9960 | Prediction Confidence: 0.99 | Class 0:0.9887 | Class 1:0.9955
Epoch [376/500] | Loss: 0.0137 |  Accuracy: 0.9960 | Prediction Confidence: 0.99 | Class 0:0.9888 | Class 1:0.9956
Epoch [377/500] | Loss: 0.0136 |  Accuracy: 0.9960 | Prediction Confidence: 0.99 | Class 0:0.9889 | Class 1:0.9956
Epoch [378/500] | Loss: 0.0135 |  Accuracy: 0.9960 | Prediction Confidence: 0.99 | Class 0:0.9890 | Class 1:0.9957
Epoch [379/500] | Loss: 0.0134 |  Accuracy: 0.9960 | Prediction Confidence: 0.99 | Class 0:0.9891 | Class 1:0.9957
Epoch [380/500] | Loss: 0.0133 |  Accuracy: 0.9960 | Prediction Confidence: 0.99 | Class 0:0.9892 | Class 1:0.9958
Epoch [381/500] | Loss: 0.0132 |  Accuracy: 0.9960 | Prediction Confidence: 0.99 | Class 0:0.9893 | Class 1:0.9958
Epoch [382/500] | Loss: 0.0131 |  Accuracy: 0.9960 | Prediction Confidence: 0.99 | Class 0:0.9894 | Class 1:0.9959
Epoch [383/500] | Loss: 0.0130 |  Accuracy: 0.9960 | Prediction Confidence: 0.99 | Class 0:0.9895 | Class 1:0.9959
Epoch [384/500] | Loss: 0.0129 |  Accuracy: 0.9960 | Prediction Confidence: 0.99 | Class 0:0.9895 | Class 1:0.9959
Epoch [385/500] | Loss: 0.0128 |  Accuracy: 0.9960 | Prediction Confidence: 0.99 | Class 0:0.9896 | Class 1:0.9960
Epoch [386/500] | Loss: 0.0127 |  Accuracy: 0.9960 | Prediction Confidence: 0.99 | Class 0:0.9897 | Class 1:0.9960
Epoch [387/500] | Loss: 0.0126 |  Accuracy: 0.9960 | Prediction Confidence: 0.99 | Class 0:0.9898 | Class 1:0.9961
Epoch [388/500] | Loss: 0.0125 |  Accuracy: 0.9960 | Prediction Confidence: 0.99 | Class 0:0.9898 | Class 1:0.9961
Epoch [389/500] | Loss: 0.0124 |  Accuracy: 0.9960 | Prediction Confidence: 0.99 | Class 0:0.9899 | Class 1:0.9962
Epoch [390/500] | Loss: 0.0124 |  Accuracy: 0.9960 | Prediction Confidence: 0.99 | Class 0:0.9900 | Class 1:0.9962
Epoch [391/500] | Loss: 0.0123 |  Accuracy: 0.9960 | Prediction Confidence: 0.99 | Class 0:0.9901 | Class 1:0.9962
Epoch [392/500] | Loss: 0.0122 |  Accuracy: 0.9960 | Prediction Confidence: 0.99 | Class 0:0.9901 | Class 1:0.9963
Epoch [393/500] | Loss: 0.0121 |  Accuracy: 0.9960 | Prediction Confidence: 0.99 | Class 0:0.9902 | Class 1:0.9963
Epoch [394/500] | Loss: 0.0120 |  Accuracy: 0.9960 | Prediction Confidence: 0.99 | Class 0:0.9903 | Class 1:0.9964
Epoch [395/500] | Loss: 0.0119 |  Accuracy: 0.9960 | Prediction Confidence: 0.99 | Class 0:0.9903 | Class 1:0.9964
Epoch [396/500] | Loss: 0.0118 |  Accuracy: 0.9960 | Prediction Confidence: 0.99 | Class 0:0.9904 | Class 1:0.9964
Epoch [397/500] | Loss: 0.0118 |  Accuracy: 0.9960 | Prediction Confidence: 0.99 | Class 0:0.9905 | Class 1:0.9965
Epoch [398/500] | Loss: 0.0117 |  Accuracy: 0.9960 | Prediction Confidence: 0.99 | Class 0:0.9905 | Class 1:0.9965
Epoch [399/500] | Loss: 0.0116 |  Accuracy: 0.9960 | Prediction Confidence: 0.99 | Class 0:0.9906 | Class 1:0.9965
Epoch [400/500] | Loss: 0.0115 |  Accuracy: 0.9960 | Prediction Confidence: 0.99 | Class 0:0.9907 | Class 1:0.9966
Epoch [401/500] | Loss: 0.0114 |  Accuracy: 0.9960 | Prediction Confidence: 0.99 | Class 0:0.9908 | Class 1:0.9966
Epoch [402/500] | Loss: 0.0113 |  Accuracy: 0.9960 | Prediction Confidence: 0.99 | Class 0:0.9909 | Class 1:0.9966
Epoch [403/500] | Loss: 0.0112 |  Accuracy: 0.9960 | Prediction Confidence: 0.99 | Class 0:0.9910 | Class 1:0.9967
Epoch [404/500] | Loss: 0.0111 |  Accuracy: 0.9960 | Prediction Confidence: 0.99 | Class 0:0.9910 | Class 1:0.9967
Epoch [405/500] | Loss: 0.0110 |  Accuracy: 0.9960 | Prediction Confidence: 0.99 | Class 0:0.9911 | Class 1:0.9967
Epoch [406/500] | Loss: 0.0110 |  Accuracy: 0.9960 | Prediction Confidence: 0.99 | Class 0:0.9912 | Class 1:0.9968
Epoch [407/500] | Loss: 0.0109 |  Accuracy: 0.9960 | Prediction Confidence: 0.99 | Class 0:0.9913 | Class 1:0.9968
Epoch [408/500] | Loss: 0.0108 |  Accuracy: 0.9960 | Prediction Confidence: 0.99 | Class 0:0.9913 | Class 1:0.9968
Epoch [409/500] | Loss: 0.0107 |  Accuracy: 0.9960 | Prediction Confidence: 0.99 | Class 0:0.9914 | Class 1:0.9969
Epoch [410/500] | Loss: 0.0106 |  Accuracy: 0.9960 | Prediction Confidence: 0.99 | Class 0:0.9915 | Class 1:0.9969
Epoch [411/500] | Loss: 0.0105 |  Accuracy: 0.9960 | Prediction Confidence: 0.99 | Class 0:0.9916 | Class 1:0.9969
Epoch [412/500] | Loss: 0.0105 |  Accuracy: 0.9960 | Prediction Confidence: 0.99 | Class 0:0.9917 | Class 1:0.9970
Epoch [413/500] | Loss: 0.0103 |  Accuracy: 0.9960 | Prediction Confidence: 0.99 | Class 0:0.9918 | Class 1:0.9970
Epoch [414/500] | Loss: 0.0102 |  Accuracy: 0.9960 | Prediction Confidence: 0.99 | Class 0:0.9920 | Class 1:0.9970
Epoch [415/500] | Loss: 0.0101 |  Accuracy: 0.9960 | Prediction Confidence: 0.99 | Class 0:0.9922 | Class 1:0.9971
Epoch [416/500] | Loss: 0.0099 |  Accuracy: 0.9960 | Prediction Confidence: 0.99 | Class 0:0.9924 | Class 1:0.9971
Epoch [417/500] | Loss: 0.0097 |  Accuracy: 0.9960 | Prediction Confidence: 0.99 | Class 0:0.9926 | Class 1:0.9971
Epoch [418/500] | Loss: 0.0095 |  Accuracy: 0.9960 | Prediction Confidence: 0.99 | Class 0:0.9928 | Class 1:0.9971
Epoch [419/500] | Loss: 0.0093 |  Accuracy: 0.9960 | Prediction Confidence: 1.00 | Class 0:0.9929 | Class 1:0.9972
Epoch [420/500] | Loss: 0.0091 |  Accuracy: 0.9960 | Prediction Confidence: 1.00 | Class 0:0.9931 | Class 1:0.9972
Epoch [421/500] | Loss: 0.0089 |  Accuracy: 0.9960 | Prediction Confidence: 1.00 | Class 0:0.9932 | Class 1:0.9972
Epoch [422/500] | Loss: 0.0087 |  Accuracy: 0.9960 | Prediction Confidence: 1.00 | Class 0:0.9932 | Class 1:0.9973
Epoch [423/500] | Loss: 0.0086 |  Accuracy: 0.9960 | Prediction Confidence: 1.00 | Class 0:0.9933 | Class 1:0.9973
Epoch [424/500] | Loss: 0.0084 |  Accuracy: 0.9960 | Prediction Confidence: 1.00 | Class 0:0.9934 | Class 1:0.9974
Epoch [425/500] | Loss: 0.0083 |  Accuracy: 0.9960 | Prediction Confidence: 1.00 | Class 0:0.9934 | Class 1:0.9974
Epoch [426/500] | Loss: 0.0081 |  Accuracy: 0.9960 | Prediction Confidence: 1.00 | Class 0:0.9935 | Class 1:0.9974
Epoch [427/500] | Loss: 0.0080 |  Accuracy: 0.9960 | Prediction Confidence: 1.00 | Class 0:0.9935 | Class 1:0.9975
Epoch [428/500] | Loss: 0.0079 |  Accuracy: 0.9960 | Prediction Confidence: 1.00 | Class 0:0.9936 | Class 1:0.9975
Epoch [429/500] | Loss: 0.0078 |  Accuracy: 0.9960 | Prediction Confidence: 1.00 | Class 0:0.9936 | Class 1:0.9975
Epoch [430/500] | Loss: 0.0076 |  Accuracy: 0.9960 | Prediction Confidence: 1.00 | Class 0:0.9937 | Class 1:0.9976
Epoch [431/500] | Loss: 0.0075 |  Accuracy: 0.9960 | Prediction Confidence: 1.00 | Class 0:0.9937 | Class 1:0.9976
Epoch [432/500] | Loss: 0.0074 |  Accuracy: 0.9960 | Prediction Confidence: 1.00 | Class 0:0.9938 | Class 1:0.9976
Epoch [433/500] | Loss: 0.0073 |  Accuracy: 0.9960 | Prediction Confidence: 1.00 | Class 0:0.9938 | Class 1:0.9977
Epoch [434/500] | Loss: 0.0072 |  Accuracy: 0.9960 | Prediction Confidence: 1.00 | Class 0:0.9939 | Class 1:0.9977
Epoch [435/500] | Loss: 0.0071 |  Accuracy: 0.9960 | Prediction Confidence: 1.00 | Class 0:0.9939 | Class 1:0.9977
Epoch [436/500] | Loss: 0.0070 |  Accuracy: 0.9960 | Prediction Confidence: 1.00 | Class 0:0.9940 | Class 1:0.9977
Epoch [437/500] | Loss: 0.0069 |  Accuracy: 1.0000 | Prediction Confidence: 0.99 | Class 0:0.9940 | Class 1:0.9940
Epoch [438/500] | Loss: 0.0068 |  Accuracy: 1.0000 | Prediction Confidence: 0.99 | Class 0:0.9941 | Class 1:0.9941
Epoch [439/500] | Loss: 0.0067 |  Accuracy: 1.0000 | Prediction Confidence: 0.99 | Class 0:0.9941 | Class 1:0.9941
Epoch [440/500] | Loss: 0.0066 |  Accuracy: 1.0000 | Prediction Confidence: 0.99 | Class 0:0.9942 | Class 1:0.9942
Epoch [441/500] | Loss: 0.0065 |  Accuracy: 1.0000 | Prediction Confidence: 0.99 | Class 0:0.9942 | Class 1:0.9943
Epoch [442/500] | Loss: 0.0064 |  Accuracy: 1.0000 | Prediction Confidence: 0.99 | Class 0:0.9943 | Class 1:0.9944
Epoch [443/500] | Loss: 0.0063 |  Accuracy: 1.0000 | Prediction Confidence: 0.99 | Class 0:0.9943 | Class 1:0.9945
Epoch [444/500] | Loss: 0.0063 |  Accuracy: 1.0000 | Prediction Confidence: 0.99 | Class 0:0.9944 | Class 1:0.9945
Epoch [445/500] | Loss: 0.0062 |  Accuracy: 1.0000 | Prediction Confidence: 0.99 | Class 0:0.9944 | Class 1:0.9946
Epoch [446/500] | Loss: 0.0061 |  Accuracy: 1.0000 | Prediction Confidence: 0.99 | Class 0:0.9945 | Class 1:0.9947
Epoch [447/500] | Loss: 0.0060 |  Accuracy: 1.0000 | Prediction Confidence: 0.99 | Class 0:0.9945 | Class 1:0.9947
Epoch [448/500] | Loss: 0.0059 |  Accuracy: 1.0000 | Prediction Confidence: 0.99 | Class 0:0.9946 | Class 1:0.9948
Epoch [449/500] | Loss: 0.0058 |  Accuracy: 1.0000 | Prediction Confidence: 0.99 | Class 0:0.9946 | Class 1:0.9949
Epoch [450/500] | Loss: 0.0058 |  Accuracy: 1.0000 | Prediction Confidence: 0.99 | Class 0:0.9947 | Class 1:0.9949
Epoch [451/500] | Loss: 0.0057 |  Accuracy: 1.0000 | Prediction Confidence: 0.99 | Class 0:0.9947 | Class 1:0.9950
Epoch [452/500] | Loss: 0.0056 |  Accuracy: 1.0000 | Prediction Confidence: 0.99 | Class 0:0.9948 | Class 1:0.9951
Epoch [453/500] | Loss: 0.0055 |  Accuracy: 1.0000 | Prediction Confidence: 0.99 | Class 0:0.9948 | Class 1:0.9951
Epoch [454/500] | Loss: 0.0055 |  Accuracy: 1.0000 | Prediction Confidence: 0.99 | Class 0:0.9949 | Class 1:0.9952
Epoch [455/500] | Loss: 0.0054 |  Accuracy: 1.0000 | Prediction Confidence: 1.00 | Class 0:0.9950 | Class 1:0.9953
Epoch [456/500] | Loss: 0.0053 |  Accuracy: 1.0000 | Prediction Confidence: 1.00 | Class 0:0.9950 | Class 1:0.9953
Epoch [457/500] | Loss: 0.0053 |  Accuracy: 1.0000 | Prediction Confidence: 1.00 | Class 0:0.9951 | Class 1:0.9954
Epoch [458/500] | Loss: 0.0052 |  Accuracy: 1.0000 | Prediction Confidence: 1.00 | Class 0:0.9951 | Class 1:0.9954
Epoch [459/500] | Loss: 0.0051 |  Accuracy: 1.0000 | Prediction Confidence: 1.00 | Class 0:0.9952 | Class 1:0.9955
Epoch [460/500] | Loss: 0.0051 |  Accuracy: 1.0000 | Prediction Confidence: 1.00 | Class 0:0.9952 | Class 1:0.9955
Epoch [461/500] | Loss: 0.0050 |  Accuracy: 1.0000 | Prediction Confidence: 1.00 | Class 0:0.9953 | Class 1:0.9956
Epoch [462/500] | Loss: 0.0049 |  Accuracy: 1.0000 | Prediction Confidence: 1.00 | Class 0:0.9953 | Class 1:0.9957
Epoch [463/500] | Loss: 0.0049 |  Accuracy: 1.0000 | Prediction Confidence: 1.00 | Class 0:0.9954 | Class 1:0.9957
Epoch [464/500] | Loss: 0.0048 |  Accuracy: 1.0000 | Prediction Confidence: 1.00 | Class 0:0.9954 | Class 1:0.9958
Epoch [465/500] | Loss: 0.0047 |  Accuracy: 1.0000 | Prediction Confidence: 1.00 | Class 0:0.9955 | Class 1:0.9958
Epoch [466/500] | Loss: 0.0047 |  Accuracy: 1.0000 | Prediction Confidence: 1.00 | Class 0:0.9955 | Class 1:0.9959
Epoch [467/500] | Loss: 0.0046 |  Accuracy: 1.0000 | Prediction Confidence: 1.00 | Class 0:0.9956 | Class 1:0.9959
Epoch [468/500] | Loss: 0.0046 |  Accuracy: 1.0000 | Prediction Confidence: 1.00 | Class 0:0.9956 | Class 1:0.9960
Epoch [469/500] | Loss: 0.0045 |  Accuracy: 1.0000 | Prediction Confidence: 1.00 | Class 0:0.9956 | Class 1:0.9960
Epoch [470/500] | Loss: 0.0044 |  Accuracy: 1.0000 | Prediction Confidence: 1.00 | Class 0:0.9957 | Class 1:0.9961
Epoch [471/500] | Loss: 0.0044 |  Accuracy: 1.0000 | Prediction Confidence: 1.00 | Class 0:0.9957 | Class 1:0.9961
Epoch [472/500] | Loss: 0.0043 |  Accuracy: 1.0000 | Prediction Confidence: 1.00 | Class 0:0.9958 | Class 1:0.9962
Epoch [473/500] | Loss: 0.0043 |  Accuracy: 1.0000 | Prediction Confidence: 1.00 | Class 0:0.9958 | Class 1:0.9962
Epoch [474/500] | Loss: 0.0042 |  Accuracy: 1.0000 | Prediction Confidence: 1.00 | Class 0:0.9959 | Class 1:0.9963
Epoch [475/500] | Loss: 0.0042 |  Accuracy: 1.0000 | Prediction Confidence: 1.00 | Class 0:0.9959 | Class 1:0.9963
Epoch [476/500] | Loss: 0.0041 |  Accuracy: 1.0000 | Prediction Confidence: 1.00 | Class 0:0.9960 | Class 1:0.9963
Epoch [477/500] | Loss: 0.0041 |  Accuracy: 1.0000 | Prediction Confidence: 1.00 | Class 0:0.9960 | Class 1:0.9964
Epoch [478/500] | Loss: 0.0040 |  Accuracy: 1.0000 | Prediction Confidence: 1.00 | Class 0:0.9960 | Class 1:0.9964
Epoch [479/500] | Loss: 0.0040 |  Accuracy: 1.0000 | Prediction Confidence: 1.00 | Class 0:0.9961 | Class 1:0.9965
Epoch [480/500] | Loss: 0.0039 |  Accuracy: 1.0000 | Prediction Confidence: 1.00 | Class 0:0.9961 | Class 1:0.9965
Epoch [481/500] | Loss: 0.0039 |  Accuracy: 1.0000 | Prediction Confidence: 1.00 | Class 0:0.9962 | Class 1:0.9966
Epoch [482/500] | Loss: 0.0038 |  Accuracy: 1.0000 | Prediction Confidence: 1.00 | Class 0:0.9962 | Class 1:0.9966
Epoch [483/500] | Loss: 0.0038 |  Accuracy: 1.0000 | Prediction Confidence: 1.00 | Class 0:0.9963 | Class 1:0.9966
Epoch [484/500] | Loss: 0.0037 |  Accuracy: 1.0000 | Prediction Confidence: 1.00 | Class 0:0.9963 | Class 1:0.9967
Epoch [485/500] | Loss: 0.0037 |  Accuracy: 1.0000 | Prediction Confidence: 1.00 | Class 0:0.9963 | Class 1:0.9967
Epoch [486/500] | Loss: 0.0037 |  Accuracy: 1.0000 | Prediction Confidence: 1.00 | Class 0:0.9964 | Class 1:0.9968
Epoch [487/500] | Loss: 0.0036 |  Accuracy: 1.0000 | Prediction Confidence: 1.00 | Class 0:0.9964 | Class 1:0.9968
Epoch [488/500] | Loss: 0.0036 |  Accuracy: 1.0000 | Prediction Confidence: 1.00 | Class 0:0.9965 | Class 1:0.9968
Epoch [489/500] | Loss: 0.0035 |  Accuracy: 1.0000 | Prediction Confidence: 1.00 | Class 0:0.9965 | Class 1:0.9969
Epoch [490/500] | Loss: 0.0035 |  Accuracy: 1.0000 | Prediction Confidence: 1.00 | Class 0:0.9965 | Class 1:0.9969
Epoch [491/500] | Loss: 0.0034 |  Accuracy: 1.0000 | Prediction Confidence: 1.00 | Class 0:0.9966 | Class 1:0.9969
Epoch [492/500] | Loss: 0.0034 |  Accuracy: 1.0000 | Prediction Confidence: 1.00 | Class 0:0.9966 | Class 1:0.9970
Epoch [493/500] | Loss: 0.0034 |  Accuracy: 1.0000 | Prediction Confidence: 1.00 | Class 0:0.9966 | Class 1:0.9970
Epoch [494/500] | Loss: 0.0033 |  Accuracy: 1.0000 | Prediction Confidence: 1.00 | Class 0:0.9967 | Class 1:0.9970
Epoch [495/500] | Loss: 0.0033 |  Accuracy: 1.0000 | Prediction Confidence: 1.00 | Class 0:0.9967 | Class 1:0.9971
Epoch [496/500] | Loss: 0.0032 |  Accuracy: 1.0000 | Prediction Confidence: 1.00 | Class 0:0.9967 | Class 1:0.9971
Epoch [497/500] | Loss: 0.0032 |  Accuracy: 1.0000 | Prediction Confidence: 1.00 | Class 0:0.9968 | Class 1:0.9971
Epoch [498/500] | Loss: 0.0032 |  Accuracy: 1.0000 | Prediction Confidence: 1.00 | Class 0:0.9968 | Class 1:0.9972
Epoch [499/500] | Loss: 0.0031 |  Accuracy: 1.0000 | Prediction Confidence: 1.00 | Class 0:0.9969 | Class 1:0.9972
Epoch [500/500] | Loss: 0.0031 |  Accuracy: 1.0000 | Prediction Confidence: 1.00 | Class 0:0.9969 | Class 1:0.9973
Test Accuracy 50.4 | Confidence ({0: array([0.9078609], dtype=float32), 1: array([0.9391331], dtype=float32)}, 0.92349696)
