Config: 
 {
  "model_save_path": "/tmp/",
  "model": "dnn",
  "loss": "ce",
  "model_name": "ECG5000_mc_dnn_ce_mc",
  "dependency_meta": "",
  "timesteps": 140,
  "num_classes": 5,
  "rnn_config": {
    "ninp": 1,
    "nhid": 1000,
    "nlayers": 3,
    "nclasses": 5
  },
  "dnn_config": {
    "layers": [
      900,
      900,
      900,
      5
    ]
  },
  "batch_size": 32,
  "num_epochs": 500,
  "learning_rate": 0.0001
}
Model: 
 Linear(
  (layers): ModuleList(
    (0): Linear(in_features=140, out_features=900, bias=True)
    (1): Linear(in_features=900, out_features=900, bias=True)
    (2): Linear(in_features=900, out_features=900, bias=True)
    (3): Linear(in_features=900, out_features=5, bias=True)
  )
  (sigmoid_activation): Sigmoid()
  (softmax_activation): Softmax(dim=-1)
)
Epoch[1/500] | Loss:1.6350 |Acc: 50.2000|Pred Confidence: nan | C 0:0.8068 | C 1:0.4841 | C 2:nan| C 3:nan| C 4:nan| C 5:nan| C 6:nan| C 7:nan| C 8:nan| C 9:nan| C 10:nan| C 11:nan
Epoch[2/500] | Loss:1.3846 |Acc: 28.2000|Pred Confidence: nan | C 0:0.6992 | C 1:0.4726 | C 2:nan| C 3:nan| C 4:nan| C 5:nan| C 6:nan| C 7:nan| C 8:nan| C 9:nan| C 10:nan| C 11:nan
Epoch[3/500] | Loss:1.2264 |Acc: 30.0000|Pred Confidence: nan | C 0:0.6657 | C 1:0.4733 | C 2:nan| C 3:nan| C 4:nan| C 5:nan| C 6:nan| C 7:nan| C 8:nan| C 9:nan| C 10:nan| C 11:nan
Epoch[4/500] | Loss:1.1432 |Acc: 32.0000|Pred Confidence: nan | C 0:0.6510 | C 1:0.4746 | C 2:nan| C 3:nan| C 4:nan| C 5:nan| C 6:nan| C 7:nan| C 8:nan| C 9:nan| C 10:nan| C 11:nan
Epoch[5/500] | Loss:1.0403 |Acc: 37.6000|Pred Confidence: nan | C 0:0.6609 | C 1:0.4873 | C 2:nan| C 3:nan| C 4:nan| C 5:nan| C 6:nan| C 7:nan| C 8:nan| C 9:nan| C 10:nan| C 11:nan
Epoch[6/500] | Loss:0.8887 |Acc: 57.4000|Pred Confidence: nan | C 0:0.6367 | C 1:0.5102 | C 2:nan| C 3:nan| C 4:nan| C 5:nan| C 6:nan| C 7:nan| C 8:nan| C 9:nan| C 10:nan| C 11:nan
Epoch[7/500] | Loss:0.6861 |Acc: 79.2000|Pred Confidence: nan | C 0:0.7307 | C 1:0.5347 | C 2:nan| C 3:nan| C 4:nan| C 5:nan| C 6:nan| C 7:nan| C 8:nan| C 9:nan| C 10:nan| C 11:nan
Epoch[8/500] | Loss:0.5092 |Acc: 91.0000|Pred Confidence: nan | C 0:0.8308 | C 1:0.6910 | C 2:nan| C 3:nan| C 4:nan| C 5:nan| C 6:nan| C 7:nan| C 8:nan| C 9:nan| C 10:nan| C 11:nan
Epoch[9/500] | Loss:0.4136 |Acc: 91.6000|Pred Confidence: nan | C 0:0.9016 | C 1:0.7863 | C 2:nan| C 3:nan| C 4:nan| C 5:nan| C 6:nan| C 7:nan| C 8:nan| C 9:nan| C 10:nan| C 11:nan
Epoch[10/500] | Loss:0.3713 |Acc: 92.2000|Pred Confidence: nan | C 0:0.9306 | C 1:0.8218 | C 2:nan| C 3:nan| C 4:nan| C 5:nan| C 6:nan| C 7:nan| C 8:nan| C 9:nan| C 10:nan| C 11:nan
Epoch[11/500] | Loss:0.3493 |Acc: 92.2000|Pred Confidence: nan | C 0:0.9466 | C 1:0.8365 | C 2:nan| C 3:nan| C 4:nan| C 5:nan| C 6:nan| C 7:nan| C 8:nan| C 9:nan| C 10:nan| C 11:nan
Epoch[12/500] | Loss:0.3352 |Acc: 92.6000|Pred Confidence: nan | C 0:0.9541 | C 1:0.8423 | C 2:nan| C 3:nan| C 4:nan| C 5:nan| C 6:nan| C 7:nan| C 8:nan| C 9:nan| C 10:nan| C 11:nan
Epoch[13/500] | Loss:0.3250 |Acc: 92.6000|Pred Confidence: nan | C 0:0.9604 | C 1:0.8476 | C 2:nan| C 3:nan| C 4:nan| C 5:nan| C 6:nan| C 7:nan| C 8:nan| C 9:nan| C 10:nan| C 11:nan
Epoch[14/500] | Loss:0.3170 |Acc: 92.6000|Pred Confidence: nan | C 0:0.9650 | C 1:0.8516 | C 2:nan| C 3:nan| C 4:nan| C 5:nan| C 6:nan| C 7:nan| C 8:nan| C 9:nan| C 10:nan| C 11:nan
Epoch[15/500] | Loss:0.3103 |Acc: 92.6000|Pred Confidence: nan | C 0:0.9685 | C 1:0.8547 | C 2:nan| C 3:nan| C 4:nan| C 5:nan| C 6:nan| C 7:nan| C 8:nan| C 9:nan| C 10:nan| C 11:nan
Epoch[16/500] | Loss:0.3043 |Acc: 92.6000|Pred Confidence: nan | C 0:0.9712 | C 1:0.8573 | C 2:nan| C 3:nan| C 4:nan| C 5:nan| C 6:nan| C 7:nan| C 8:nan| C 9:nan| C 10:nan| C 11:nan
Epoch[17/500] | Loss:0.2989 |Acc: 92.6000|Pred Confidence: nan | C 0:0.9733 | C 1:0.8596 | C 2:nan| C 3:nan| C 4:nan| C 5:nan| C 6:nan| C 7:nan| C 8:nan| C 9:nan| C 10:nan| C 11:nan
Epoch[18/500] | Loss:0.2939 |Acc: 92.8000|Pred Confidence: nan | C 0:0.9731 | C 1:0.8618 | C 2:nan| C 3:nan| C 4:nan| C 5:nan| C 6:nan| C 7:nan| C 8:nan| C 9:nan| C 10:nan| C 11:nan
Epoch[19/500] | Loss:0.2894 |Acc: 92.8000|Pred Confidence: nan | C 0:0.9748 | C 1:0.8638 | C 2:nan| C 3:nan| C 4:nan| C 5:nan| C 6:nan| C 7:nan| C 8:nan| C 9:nan| C 10:nan| C 11:nan
Epoch[20/500] | Loss:0.2853 |Acc: 93.4000|Pred Confidence: nan | C 0:0.9744 | C 1:0.8605 | C 2:nan| C 3:nan| C 4:nan| C 5:nan| C 6:nan| C 7:nan| C 8:nan| C 9:nan| C 10:nan| C 11:nan
Epoch[21/500] | Loss:0.2816 |Acc: 93.4000|Pred Confidence: nan | C 0:0.9757 | C 1:0.8622 | C 2:nan| C 3:nan| C 4:nan| C 5:nan| C 6:nan| C 7:nan| C 8:nan| C 9:nan| C 10:nan| C 11:nan
Epoch[22/500] | Loss:0.2783 |Acc: 93.6000|Pred Confidence: nan | C 0:0.9751 | C 1:0.8636 | C 2:nan| C 3:nan| C 4:nan| C 5:nan| C 6:nan| C 7:nan| C 8:nan| C 9:nan| C 10:nan| C 11:nan
Epoch[23/500] | Loss:0.2755 |Acc: 93.6000|Pred Confidence: nan | C 0:0.9763 | C 1:0.8648 | C 2:nan| C 3:nan| C 4:nan| C 5:nan| C 6:nan| C 7:nan| C 8:nan| C 9:nan| C 10:nan| C 11:nan
Epoch[24/500] | Loss:0.2729 |Acc: 93.6000|Pred Confidence: nan | C 0:0.9774 | C 1:0.8658 | C 2:nan| C 3:nan| C 4:nan| C 5:nan| C 6:nan| C 7:nan| C 8:nan| C 9:nan| C 10:nan| C 11:nan
Epoch[25/500] | Loss:0.2706 |Acc: 93.8000|Pred Confidence: nan | C 0:0.9764 | C 1:0.8666 | C 2:nan| C 3:nan| C 4:nan| C 5:nan| C 6:nan| C 7:nan| C 8:nan| C 9:nan| C 10:nan| C 11:nan
Epoch[26/500] | Loss:0.2684 |Acc: 93.8000|Pred Confidence: nan | C 0:0.9773 | C 1:0.8673 | C 2:nan| C 3:nan| C 4:nan| C 5:nan| C 6:nan| C 7:nan| C 8:nan| C 9:nan| C 10:nan| C 11:nan
Epoch[27/500] | Loss:0.2664 |Acc: 93.8000|Pred Confidence: nan | C 0:0.9781 | C 1:0.8678 | C 2:nan| C 3:nan| C 4:nan| C 5:nan| C 6:nan| C 7:nan| C 8:nan| C 9:nan| C 10:nan| C 11:nan
Epoch[28/500] | Loss:0.2645 |Acc: 93.8000|Pred Confidence: nan | C 0:0.9788 | C 1:0.8683 | C 2:nan| C 3:nan| C 4:nan| C 5:nan| C 6:nan| C 7:nan| C 8:nan| C 9:nan| C 10:nan| C 11:nan
Epoch[29/500] | Loss:0.2627 |Acc: 93.8000|Pred Confidence: nan | C 0:0.9794 | C 1:0.8687 | C 2:nan| C 3:nan| C 4:nan| C 5:nan| C 6:nan| C 7:nan| C 8:nan| C 9:nan| C 10:nan| C 11:nan
Epoch[30/500] | Loss:0.2609 |Acc: 93.8000|Pred Confidence: nan | C 0:0.9800 | C 1:0.8691 | C 2:nan| C 3:nan| C 4:nan| C 5:nan| C 6:nan| C 7:nan| C 8:nan| C 9:nan| C 10:nan| C 11:nan
Epoch[31/500] | Loss:0.2592 |Acc: 93.8000|Pred Confidence: nan | C 0:0.9805 | C 1:0.8694 | C 2:nan| C 3:nan| C 4:nan| C 5:nan| C 6:nan| C 7:nan| C 8:nan| C 9:nan| C 10:nan| C 11:nan
Epoch[32/500] | Loss:0.2575 |Acc: 93.8000|Pred Confidence: nan | C 0:0.9811 | C 1:0.8697 | C 2:nan| C 3:nan| C 4:nan| C 5:nan| C 6:nan| C 7:nan| C 8:nan| C 9:nan| C 10:nan| C 11:nan
Epoch[33/500] | Loss:0.2559 |Acc: 93.8000|Pred Confidence: nan | C 0:0.9816 | C 1:0.8699 | C 2:nan| C 3:nan| C 4:nan| C 5:nan| C 6:nan| C 7:nan| C 8:nan| C 9:nan| C 10:nan| C 11:nan
Epoch[34/500] | Loss:0.2543 |Acc: 93.8000|Pred Confidence: nan | C 0:0.9822 | C 1:0.8701 | C 2:nan| C 3:nan| C 4:nan| C 5:nan| C 6:nan| C 7:nan| C 8:nan| C 9:nan| C 10:nan| C 11:nan
Epoch[35/500] | Loss:0.2528 |Acc: 93.8000|Pred Confidence: nan | C 0:0.9828 | C 1:0.8702 | C 2:nan| C 3:nan| C 4:nan| C 5:nan| C 6:nan| C 7:nan| C 8:nan| C 9:nan| C 10:nan| C 11:nan
Epoch[36/500] | Loss:0.2513 |Acc: 93.8000|Pred Confidence: nan | C 0:0.9834 | C 1:0.8703 | C 2:nan| C 3:nan| C 4:nan| C 5:nan| C 6:nan| C 7:nan| C 8:nan| C 9:nan| C 10:nan| C 11:nan
Epoch[37/500] | Loss:0.2499 |Acc: 93.8000|Pred Confidence: nan | C 0:0.9840 | C 1:0.8703 | C 2:nan| C 3:nan| C 4:nan| C 5:nan| C 6:nan| C 7:nan| C 8:nan| C 9:nan| C 10:nan| C 11:nan
Epoch[38/500] | Loss:0.2486 |Acc: 93.8000|Pred Confidence: nan | C 0:0.9846 | C 1:0.8704 | C 2:nan| C 3:nan| C 4:nan| C 5:nan| C 6:nan| C 7:nan| C 8:nan| C 9:nan| C 10:nan| C 11:nan
Epoch[39/500] | Loss:0.2473 |Acc: 93.8000|Pred Confidence: nan | C 0:0.9852 | C 1:0.8704 | C 2:nan| C 3:nan| C 4:nan| C 5:nan| C 6:nan| C 7:nan| C 8:nan| C 9:nan| C 10:nan| C 11:nan
Epoch[40/500] | Loss:0.2462 |Acc: 93.8000|Pred Confidence: nan | C 0:0.9858 | C 1:0.8704 | C 2:nan| C 3:nan| C 4:nan| C 5:nan| C 6:nan| C 7:nan| C 8:nan| C 9:nan| C 10:nan| C 11:nan
Epoch[41/500] | Loss:0.2451 |Acc: 93.8000|Pred Confidence: nan | C 0:0.9864 | C 1:0.8705 | C 2:nan| C 3:nan| C 4:nan| C 5:nan| C 6:nan| C 7:nan| C 8:nan| C 9:nan| C 10:nan| C 11:nan
Epoch[42/500] | Loss:0.2440 |Acc: 93.8000|Pred Confidence: nan | C 0:0.9869 | C 1:0.8706 | C 2:nan| C 3:nan| C 4:nan| C 5:nan| C 6:nan| C 7:nan| C 8:nan| C 9:nan| C 10:nan| C 11:nan
Epoch[43/500] | Loss:0.2430 |Acc: 93.8000|Pred Confidence: nan | C 0:0.9873 | C 1:0.8708 | C 2:nan| C 3:nan| C 4:nan| C 5:nan| C 6:nan| C 7:nan| C 8:nan| C 9:nan| C 10:nan| C 11:nan
Epoch[44/500] | Loss:0.2420 |Acc: 93.8000|Pred Confidence: nan | C 0:0.9877 | C 1:0.8709 | C 2:nan| C 3:nan| C 4:nan| C 5:nan| C 6:nan| C 7:nan| C 8:nan| C 9:nan| C 10:nan| C 11:nan
Epoch[45/500] | Loss:0.2410 |Acc: 93.8000|Pred Confidence: nan | C 0:0.9881 | C 1:0.8711 | C 2:nan| C 3:nan| C 4:nan| C 5:nan| C 6:nan| C 7:nan| C 8:nan| C 9:nan| C 10:nan| C 11:nan
Epoch[46/500] | Loss:0.2401 |Acc: 93.8000|Pred Confidence: nan | C 0:0.9885 | C 1:0.8714 | C 2:nan| C 3:nan| C 4:nan| C 5:nan| C 6:nan| C 7:nan| C 8:nan| C 9:nan| C 10:nan| C 11:nan
Epoch[47/500] | Loss:0.2391 |Acc: 93.6000|Pred Confidence: nan | C 0:0.9888 | C 1:0.8750 | C 2:nan| C 3:nan| C 4:nan| C 5:nan| C 6:nan| C 7:nan| C 8:nan| C 9:nan| C 10:nan| C 11:nan
Epoch[48/500] | Loss:0.2382 |Acc: 93.6000|Pred Confidence: nan | C 0:0.9891 | C 1:0.8753 | C 2:nan| C 3:nan| C 4:nan| C 5:nan| C 6:nan| C 7:nan| C 8:nan| C 9:nan| C 10:nan| C 11:nan
Epoch[49/500] | Loss:0.2373 |Acc: 93.6000|Pred Confidence: nan | C 0:0.9894 | C 1:0.8756 | C 2:nan| C 3:nan| C 4:nan| C 5:nan| C 6:nan| C 7:nan| C 8:nan| C 9:nan| C 10:nan| C 11:nan
Epoch[50/500] | Loss:0.2364 |Acc: 93.6000|Pred Confidence: nan | C 0:0.9896 | C 1:0.8760 | C 2:nan| C 3:nan| C 4:nan| C 5:nan| C 6:nan| C 7:nan| C 8:nan| C 9:nan| C 10:nan| C 11:nan
Epoch[51/500] | Loss:0.2355 |Acc: 93.6000|Pred Confidence: nan | C 0:0.9899 | C 1:0.8764 | C 2:nan| C 3:nan| C 4:nan| C 5:nan| C 6:nan| C 7:nan| C 8:nan| C 9:nan| C 10:nan| C 11:nan
Epoch[52/500] | Loss:0.2346 |Acc: 93.6000|Pred Confidence: nan | C 0:0.9901 | C 1:0.8768 | C 2:nan| C 3:nan| C 4:nan| C 5:nan| C 6:nan| C 7:nan| C 8:nan| C 9:nan| C 10:nan| C 11:nan
Epoch[53/500] | Loss:0.2337 |Acc: 93.8000|Pred Confidence: nan | C 0:0.9903 | C 1:0.8772 | C 2:nan| C 3:0.2865| C 4:nan| C 5:nan| C 6:nan| C 7:nan| C 8:nan| C 9:nan| C 10:nan| C 11:nan
Epoch[54/500] | Loss:0.2328 |Acc: 93.8000|Pred Confidence: nan | C 0:0.9905 | C 1:0.8776 | C 2:nan| C 3:0.2949| C 4:nan| C 5:nan| C 6:nan| C 7:nan| C 8:nan| C 9:nan| C 10:nan| C 11:nan
Epoch[55/500] | Loss:0.2318 |Acc: 93.8000|Pred Confidence: nan | C 0:0.9907 | C 1:0.8780 | C 2:nan| C 3:0.3031| C 4:nan| C 5:nan| C 6:nan| C 7:nan| C 8:nan| C 9:nan| C 10:nan| C 11:nan
Epoch[56/500] | Loss:0.2309 |Acc: 93.8000|Pred Confidence: nan | C 0:0.9909 | C 1:0.8785 | C 2:nan| C 3:0.3111| C 4:nan| C 5:nan| C 6:nan| C 7:nan| C 8:nan| C 9:nan| C 10:nan| C 11:nan
Epoch[57/500] | Loss:0.2300 |Acc: 93.8000|Pred Confidence: nan | C 0:0.9910 | C 1:0.8789 | C 2:nan| C 3:0.3188| C 4:nan| C 5:nan| C 6:nan| C 7:nan| C 8:nan| C 9:nan| C 10:nan| C 11:nan
Epoch[58/500] | Loss:0.2290 |Acc: 94.0000|Pred Confidence: nan | C 0:0.9912 | C 1:0.8794 | C 2:nan| C 3:0.3357| C 4:nan| C 5:nan| C 6:nan| C 7:nan| C 8:nan| C 9:nan| C 10:nan| C 11:nan
Epoch[59/500] | Loss:0.2281 |Acc: 94.0000|Pred Confidence: nan | C 0:0.9914 | C 1:0.8798 | C 2:nan| C 3:0.3429| C 4:nan| C 5:nan| C 6:nan| C 7:nan| C 8:nan| C 9:nan| C 10:nan| C 11:nan
Epoch[60/500] | Loss:0.2271 |Acc: 94.0000|Pred Confidence: nan | C 0:0.9915 | C 1:0.8803 | C 2:nan| C 3:0.3499| C 4:nan| C 5:nan| C 6:nan| C 7:nan| C 8:nan| C 9:nan| C 10:nan| C 11:nan
Epoch[61/500] | Loss:0.2261 |Acc: 94.0000|Pred Confidence: nan | C 0:0.9917 | C 1:0.8807 | C 2:nan| C 3:0.3567| C 4:nan| C 5:nan| C 6:nan| C 7:nan| C 8:nan| C 9:nan| C 10:nan| C 11:nan
Epoch[62/500] | Loss:0.2251 |Acc: 94.0000|Pred Confidence: nan | C 0:0.9918 | C 1:0.8812 | C 2:nan| C 3:0.3634| C 4:nan| C 5:nan| C 6:nan| C 7:nan| C 8:nan| C 9:nan| C 10:nan| C 11:nan
Epoch[63/500] | Loss:0.2241 |Acc: 94.0000|Pred Confidence: nan | C 0:0.9920 | C 1:0.8816 | C 2:nan| C 3:0.3698| C 4:nan| C 5:nan| C 6:nan| C 7:nan| C 8:nan| C 9:nan| C 10:nan| C 11:nan
Epoch[64/500] | Loss:0.2231 |Acc: 94.0000|Pred Confidence: nan | C 0:0.9921 | C 1:0.8821 | C 2:nan| C 3:0.3761| C 4:nan| C 5:nan| C 6:nan| C 7:nan| C 8:nan| C 9:nan| C 10:nan| C 11:nan
Epoch[65/500] | Loss:0.2220 |Acc: 94.0000|Pred Confidence: nan | C 0:0.9923 | C 1:0.8826 | C 2:nan| C 3:0.3822| C 4:nan| C 5:nan| C 6:nan| C 7:nan| C 8:nan| C 9:nan| C 10:nan| C 11:nan
Epoch[66/500] | Loss:0.2210 |Acc: 94.0000|Pred Confidence: nan | C 0:0.9924 | C 1:0.8831 | C 2:nan| C 3:0.3881| C 4:nan| C 5:nan| C 6:nan| C 7:nan| C 8:nan| C 9:nan| C 10:nan| C 11:nan
Epoch[67/500] | Loss:0.2199 |Acc: 94.0000|Pred Confidence: nan | C 0:0.9926 | C 1:0.8835 | C 2:nan| C 3:0.3938| C 4:nan| C 5:nan| C 6:nan| C 7:nan| C 8:nan| C 9:nan| C 10:nan| C 11:nan
Epoch[68/500] | Loss:0.2188 |Acc: 94.0000|Pred Confidence: nan | C 0:0.9927 | C 1:0.8840 | C 2:nan| C 3:0.3994| C 4:nan| C 5:nan| C 6:nan| C 7:nan| C 8:nan| C 9:nan| C 10:nan| C 11:nan
Epoch[69/500] | Loss:0.2177 |Acc: 94.0000|Pred Confidence: nan | C 0:0.9928 | C 1:0.8845 | C 2:nan| C 3:0.4048| C 4:nan| C 5:nan| C 6:nan| C 7:nan| C 8:nan| C 9:nan| C 10:nan| C 11:nan
Epoch[70/500] | Loss:0.2166 |Acc: 94.0000|Pred Confidence: nan | C 0:0.9930 | C 1:0.8850 | C 2:nan| C 3:0.4101| C 4:nan| C 5:nan| C 6:nan| C 7:nan| C 8:nan| C 9:nan| C 10:nan| C 11:nan
Epoch[71/500] | Loss:0.2154 |Acc: 94.0000|Pred Confidence: nan | C 0:0.9931 | C 1:0.8855 | C 2:nan| C 3:0.4154| C 4:nan| C 5:nan| C 6:nan| C 7:nan| C 8:nan| C 9:nan| C 10:nan| C 11:nan
Epoch[72/500] | Loss:0.2142 |Acc: 94.2000|Pred Confidence: nan | C 0:0.9933 | C 1:0.8860 | C 2:nan| C 3:0.4002| C 4:nan| C 5:nan| C 6:nan| C 7:nan| C 8:nan| C 9:nan| C 10:nan| C 11:nan
Epoch[73/500] | Loss:0.2130 |Acc: 94.2000|Pred Confidence: nan | C 0:0.9934 | C 1:0.8865 | C 2:nan| C 3:0.4050| C 4:nan| C 5:nan| C 6:nan| C 7:nan| C 8:nan| C 9:nan| C 10:nan| C 11:nan
Epoch[74/500] | Loss:0.2118 |Acc: 94.2000|Pred Confidence: nan | C 0:0.9935 | C 1:0.8898 | C 2:nan| C 3:0.4090| C 4:nan| C 5:nan| C 6:nan| C 7:nan| C 8:nan| C 9:nan| C 10:nan| C 11:nan
Epoch[75/500] | Loss:0.2105 |Acc: 94.2000|Pred Confidence: nan | C 0:0.9937 | C 1:0.8903 | C 2:nan| C 3:0.4140| C 4:nan| C 5:nan| C 6:nan| C 7:nan| C 8:nan| C 9:nan| C 10:nan| C 11:nan
Epoch[76/500] | Loss:0.2092 |Acc: 94.2000|Pred Confidence: nan | C 0:0.9938 | C 1:0.8908 | C 2:nan| C 3:0.4192| C 4:nan| C 5:nan| C 6:nan| C 7:nan| C 8:nan| C 9:nan| C 10:nan| C 11:nan
Epoch[77/500] | Loss:0.2079 |Acc: 94.2000|Pred Confidence: nan | C 0:0.9940 | C 1:0.8914 | C 2:nan| C 3:0.4245| C 4:nan| C 5:nan| C 6:nan| C 7:nan| C 8:nan| C 9:nan| C 10:nan| C 11:nan
Epoch[78/500] | Loss:0.2065 |Acc: 94.2000|Pred Confidence: nan | C 0:0.9941 | C 1:0.8919 | C 2:nan| C 3:0.4301| C 4:nan| C 5:nan| C 6:nan| C 7:nan| C 8:nan| C 9:nan| C 10:nan| C 11:nan
Epoch[79/500] | Loss:0.2051 |Acc: 94.2000|Pred Confidence: nan | C 0:0.9943 | C 1:0.8925 | C 2:nan| C 3:0.4359| C 4:nan| C 5:nan| C 6:nan| C 7:nan| C 8:nan| C 9:nan| C 10:nan| C 11:nan
Epoch[80/500] | Loss:0.2037 |Acc: 94.2000|Pred Confidence: nan | C 0:0.9944 | C 1:0.8930 | C 2:nan| C 3:0.4420| C 4:nan| C 5:nan| C 6:nan| C 7:nan| C 8:nan| C 9:nan| C 10:nan| C 11:nan
Epoch[81/500] | Loss:0.2023 |Acc: 94.2000|Pred Confidence: nan | C 0:0.9946 | C 1:0.8935 | C 2:nan| C 3:0.4484| C 4:nan| C 5:nan| C 6:nan| C 7:nan| C 8:nan| C 9:nan| C 10:nan| C 11:nan
Epoch[82/500] | Loss:0.2008 |Acc: 94.2000|Pred Confidence: nan | C 0:0.9947 | C 1:0.8941 | C 2:nan| C 3:0.4552| C 4:nan| C 5:nan| C 6:nan| C 7:nan| C 8:nan| C 9:nan| C 10:nan| C 11:nan
Epoch[83/500] | Loss:0.1992 |Acc: 94.2000|Pred Confidence: nan | C 0:0.9949 | C 1:0.8946 | C 2:nan| C 3:0.4623| C 4:nan| C 5:nan| C 6:nan| C 7:nan| C 8:nan| C 9:nan| C 10:nan| C 11:nan
Epoch[84/500] | Loss:0.1977 |Acc: 94.2000|Pred Confidence: nan | C 0:0.9950 | C 1:0.8951 | C 2:nan| C 3:0.4700| C 4:nan| C 5:nan| C 6:nan| C 7:nan| C 8:nan| C 9:nan| C 10:nan| C 11:nan
Epoch[85/500] | Loss:0.1960 |Acc: 94.2000|Pred Confidence: nan | C 0:0.9952 | C 1:0.8957 | C 2:nan| C 3:0.4781| C 4:nan| C 5:nan| C 6:nan| C 7:nan| C 8:nan| C 9:nan| C 10:nan| C 11:nan
Epoch[86/500] | Loss:0.1944 |Acc: 94.2000|Pred Confidence: nan | C 0:0.9953 | C 1:0.8962 | C 2:nan| C 3:0.4868| C 4:nan| C 5:nan| C 6:nan| C 7:nan| C 8:nan| C 9:nan| C 10:nan| C 11:nan
Epoch[87/500] | Loss:0.1927 |Acc: 94.2000|Pred Confidence: nan | C 0:0.9955 | C 1:0.8968 | C 2:nan| C 3:0.4959| C 4:nan| C 5:nan| C 6:nan| C 7:nan| C 8:nan| C 9:nan| C 10:nan| C 11:nan
Epoch[88/500] | Loss:0.1910 |Acc: 94.4000|Pred Confidence: nan | C 0:0.9956 | C 1:0.8973 | C 2:0.3410| C 3:0.5055| C 4:nan| C 5:nan| C 6:nan| C 7:nan| C 8:nan| C 9:nan| C 10:nan| C 11:nan
Epoch[89/500] | Loss:0.1892 |Acc: 94.4000|Pred Confidence: nan | C 0:0.9957 | C 1:0.8979 | C 2:0.3620| C 3:0.5155| C 4:nan| C 5:nan| C 6:nan| C 7:nan| C 8:nan| C 9:nan| C 10:nan| C 11:nan
Epoch[90/500] | Loss:0.1875 |Acc: 94.4000|Pred Confidence: nan | C 0:0.9959 | C 1:0.8984 | C 2:0.3838| C 3:0.5257| C 4:nan| C 5:nan| C 6:nan| C 7:nan| C 8:nan| C 9:nan| C 10:nan| C 11:nan
Epoch[91/500] | Loss:0.1857 |Acc: 94.4000|Pred Confidence: nan | C 0:0.9960 | C 1:0.8990 | C 2:0.4063| C 3:0.5362| C 4:nan| C 5:nan| C 6:nan| C 7:nan| C 8:nan| C 9:nan| C 10:nan| C 11:nan
Epoch[92/500] | Loss:0.1839 |Acc: 94.6000|Pred Confidence: 0.93 | C 0:0.9962 | C 1:0.8996 | C 2:0.4078| C 3:0.5467| C 4:nan| C 5:nan| C 6:nan| C 7:nan| C 8:nan| C 9:nan| C 10:nan| C 11:nan
Epoch[93/500] | Loss:0.1821 |Acc: 94.6000|Pred Confidence: 0.93 | C 0:0.9963 | C 1:0.9002 | C 2:0.4304| C 3:0.5571| C 4:nan| C 5:nan| C 6:nan| C 7:nan| C 8:nan| C 9:nan| C 10:nan| C 11:nan
Epoch[94/500] | Loss:0.1803 |Acc: 94.6000|Pred Confidence: 0.93 | C 0:0.9964 | C 1:0.9008 | C 2:0.4532| C 3:0.5675| C 4:nan| C 5:nan| C 6:nan| C 7:nan| C 8:nan| C 9:nan| C 10:nan| C 11:nan
Epoch[95/500] | Loss:0.1785 |Acc: 94.6000|Pred Confidence: 0.93 | C 0:0.9965 | C 1:0.9042 | C 2:0.4689| C 3:0.5776| C 4:nan| C 5:nan| C 6:nan| C 7:nan| C 8:nan| C 9:nan| C 10:nan| C 11:nan
Epoch[96/500] | Loss:0.1768 |Acc: 94.6000|Pred Confidence: 0.93 | C 0:0.9967 | C 1:0.9050 | C 2:0.4915| C 3:0.5875| C 4:nan| C 5:nan| C 6:nan| C 7:nan| C 8:nan| C 9:nan| C 10:nan| C 11:nan
Epoch[97/500] | Loss:0.1750 |Acc: 94.8000|Pred Confidence: 0.93 | C 0:0.9968 | C 1:0.9057 | C 2:0.5136| C 3:0.5726| C 4:nan| C 5:nan| C 6:nan| C 7:nan| C 8:nan| C 9:nan| C 10:nan| C 11:nan
Epoch[98/500] | Loss:0.1733 |Acc: 94.8000|Pred Confidence: 0.93 | C 0:0.9969 | C 1:0.9065 | C 2:0.5350| C 3:0.5814| C 4:nan| C 5:nan| C 6:nan| C 7:nan| C 8:nan| C 9:nan| C 10:nan| C 11:nan
Epoch[99/500] | Loss:0.1716 |Acc: 94.8000|Pred Confidence: 0.94 | C 0:0.9970 | C 1:0.9073 | C 2:0.5556| C 3:0.5899| C 4:nan| C 5:nan| C 6:nan| C 7:nan| C 8:nan| C 9:nan| C 10:nan| C 11:nan
Epoch[100/500] | Loss:0.1699 |Acc: 94.8000|Pred Confidence: 0.94 | C 0:0.9971 | C 1:0.9081 | C 2:0.5753| C 3:0.5980| C 4:nan| C 5:nan| C 6:nan| C 7:nan| C 8:nan| C 9:nan| C 10:nan| C 11:nan
Epoch[101/500] | Loss:0.1683 |Acc: 94.8000|Pred Confidence: 0.94 | C 0:0.9973 | C 1:0.9088 | C 2:0.5941| C 3:0.6058| C 4:nan| C 5:nan| C 6:nan| C 7:nan| C 8:nan| C 9:nan| C 10:nan| C 11:nan
Epoch[102/500] | Loss:0.1667 |Acc: 94.8000|Pred Confidence: 0.94 | C 0:0.9974 | C 1:0.9096 | C 2:0.6117| C 3:0.6133| C 4:nan| C 5:nan| C 6:nan| C 7:nan| C 8:nan| C 9:nan| C 10:nan| C 11:nan
Epoch[103/500] | Loss:0.1651 |Acc: 95.2000|Pred Confidence: 0.94 | C 0:0.9975 | C 1:0.9104 | C 2:0.5907| C 3:0.5866| C 4:nan| C 5:nan| C 6:nan| C 7:nan| C 8:nan| C 9:nan| C 10:nan| C 11:nan
Epoch[104/500] | Loss:0.1636 |Acc: 95.2000|Pred Confidence: 0.94 | C 0:0.9976 | C 1:0.9111 | C 2:0.6053| C 3:0.5955| C 4:nan| C 5:nan| C 6:nan| C 7:nan| C 8:nan| C 9:nan| C 10:nan| C 11:nan
Epoch[105/500] | Loss:0.1621 |Acc: 95.2000|Pred Confidence: 0.94 | C 0:0.9977 | C 1:0.9119 | C 2:0.6192| C 3:0.6042| C 4:nan| C 5:nan| C 6:nan| C 7:nan| C 8:nan| C 9:nan| C 10:nan| C 11:nan
Epoch[106/500] | Loss:0.1606 |Acc: 95.4000|Pred Confidence: 0.94 | C 0:0.9977 | C 1:0.9126 | C 2:0.6145| C 3:0.6125| C 4:nan| C 5:nan| C 6:nan| C 7:nan| C 8:nan| C 9:nan| C 10:nan| C 11:nan
Epoch[107/500] | Loss:0.1592 |Acc: 95.4000|Pred Confidence: 0.94 | C 0:0.9978 | C 1:0.9133 | C 2:0.6274| C 3:0.6206| C 4:nan| C 5:nan| C 6:nan| C 7:nan| C 8:nan| C 9:nan| C 10:nan| C 11:nan
Epoch[108/500] | Loss:0.1578 |Acc: 95.4000|Pred Confidence: 0.94 | C 0:0.9979 | C 1:0.9140 | C 2:0.6396| C 3:0.6284| C 4:nan| C 5:nan| C 6:nan| C 7:nan| C 8:nan| C 9:nan| C 10:nan| C 11:nan
Epoch[109/500] | Loss:0.1564 |Acc: 95.6000|Pred Confidence: 0.94 | C 0:0.9980 | C 1:0.9147 | C 2:0.6347| C 3:0.6359| C 4:nan| C 5:nan| C 6:nan| C 7:nan| C 8:nan| C 9:nan| C 10:nan| C 11:nan
Epoch[110/500] | Loss:0.1550 |Acc: 95.6000|Pred Confidence: 0.94 | C 0:0.9981 | C 1:0.9154 | C 2:0.6459| C 3:0.6431| C 4:nan| C 5:nan| C 6:nan| C 7:nan| C 8:nan| C 9:nan| C 10:nan| C 11:nan
Epoch[111/500] | Loss:0.1537 |Acc: 95.8000|Pred Confidence: 0.94 | C 0:0.9981 | C 1:0.9131 | C 2:0.6564| C 3:0.6500| C 4:nan| C 5:nan| C 6:nan| C 7:nan| C 8:nan| C 9:nan| C 10:nan| C 11:nan
Epoch[112/500] | Loss:0.1524 |Acc: 96.0000|Pred Confidence: 0.94 | C 0:0.9982 | C 1:0.9138 | C 2:0.6533| C 3:0.6567| C 4:nan| C 5:nan| C 6:nan| C 7:nan| C 8:nan| C 9:nan| C 10:nan| C 11:nan
Epoch[113/500] | Loss:0.1511 |Acc: 96.2000|Pred Confidence: 0.94 | C 0:0.9982 | C 1:0.9144 | C 2:0.6525| C 3:0.6631| C 4:nan| C 5:nan| C 6:nan| C 7:nan| C 8:nan| C 9:nan| C 10:nan| C 11:nan
Epoch[114/500] | Loss:0.1498 |Acc: 96.4000|Pred Confidence: 0.94 | C 0:0.9983 | C 1:0.9151 | C 2:0.6621| C 3:0.6494| C 4:nan| C 5:nan| C 6:nan| C 7:nan| C 8:nan| C 9:nan| C 10:nan| C 11:nan
Epoch[115/500] | Loss:0.1486 |Acc: 96.4000|Pred Confidence: 0.95 | C 0:0.9983 | C 1:0.9157 | C 2:0.6713| C 3:0.6553| C 4:nan| C 5:nan| C 6:nan| C 7:nan| C 8:nan| C 9:nan| C 10:nan| C 11:nan
Epoch[116/500] | Loss:0.1473 |Acc: 96.4000|Pred Confidence: 0.95 | C 0:0.9984 | C 1:0.9163 | C 2:0.6802| C 3:0.6610| C 4:nan| C 5:nan| C 6:nan| C 7:nan| C 8:nan| C 9:nan| C 10:nan| C 11:nan
Epoch[117/500] | Loss:0.1461 |Acc: 96.4000|Pred Confidence: 0.95 | C 0:0.9984 | C 1:0.9169 | C 2:0.6888| C 3:0.6665| C 4:nan| C 5:nan| C 6:nan| C 7:nan| C 8:nan| C 9:nan| C 10:nan| C 11:nan
Epoch[118/500] | Loss:0.1449 |Acc: 96.4000|Pred Confidence: 0.95 | C 0:0.9984 | C 1:0.9175 | C 2:0.6972| C 3:0.6719| C 4:nan| C 5:nan| C 6:nan| C 7:nan| C 8:nan| C 9:nan| C 10:nan| C 11:nan
Epoch[119/500] | Loss:0.1438 |Acc: 96.4000|Pred Confidence: 0.95 | C 0:0.9985 | C 1:0.9181 | C 2:0.7054| C 3:0.6772| C 4:nan| C 5:nan| C 6:nan| C 7:nan| C 8:nan| C 9:nan| C 10:nan| C 11:nan
Epoch[120/500] | Loss:0.1426 |Acc: 96.4000|Pred Confidence: 0.95 | C 0:0.9985 | C 1:0.9187 | C 2:0.7134| C 3:0.6824| C 4:nan| C 5:nan| C 6:nan| C 7:nan| C 8:nan| C 9:nan| C 10:nan| C 11:nan
Epoch[121/500] | Loss:0.1415 |Acc: 96.4000|Pred Confidence: 0.95 | C 0:0.9985 | C 1:0.9192 | C 2:0.7214| C 3:0.6875| C 4:nan| C 5:nan| C 6:nan| C 7:nan| C 8:nan| C 9:nan| C 10:nan| C 11:nan
Epoch[122/500] | Loss:0.1404 |Acc: 96.4000|Pred Confidence: 0.95 | C 0:0.9985 | C 1:0.9198 | C 2:0.7293| C 3:0.6926| C 4:nan| C 5:nan| C 6:nan| C 7:nan| C 8:nan| C 9:nan| C 10:nan| C 11:nan
Epoch[123/500] | Loss:0.1393 |Acc: 96.4000|Pred Confidence: 0.95 | C 0:0.9985 | C 1:0.9203 | C 2:0.7371| C 3:0.6976| C 4:nan| C 5:nan| C 6:nan| C 7:nan| C 8:nan| C 9:nan| C 10:nan| C 11:nan
Epoch[124/500] | Loss:0.1383 |Acc: 96.4000|Pred Confidence: 0.95 | C 0:0.9986 | C 1:0.9208 | C 2:0.7449| C 3:0.7026| C 4:nan| C 5:nan| C 6:nan| C 7:nan| C 8:nan| C 9:nan| C 10:nan| C 11:nan
Epoch[125/500] | Loss:0.1372 |Acc: 96.6000|Pred Confidence: 0.95 | C 0:0.9986 | C 1:0.9213 | C 2:0.7525| C 3:0.7075| C 4:0.3140| C 5:nan| C 6:nan| C 7:nan| C 8:nan| C 9:nan| C 10:nan| C 11:nan
Epoch[126/500] | Loss:0.1362 |Acc: 96.6000|Pred Confidence: 0.95 | C 0:0.9986 | C 1:0.9218 | C 2:0.7601| C 3:0.7124| C 4:0.3267| C 5:nan| C 6:nan| C 7:nan| C 8:nan| C 9:nan| C 10:nan| C 11:nan
Epoch[127/500] | Loss:0.1352 |Acc: 96.6000|Pred Confidence: 0.95 | C 0:0.9986 | C 1:0.9222 | C 2:0.7675| C 3:0.7171| C 4:0.3395| C 5:nan| C 6:nan| C 7:nan| C 8:nan| C 9:nan| C 10:nan| C 11:nan
Epoch[128/500] | Loss:0.1343 |Acc: 96.6000|Pred Confidence: 0.95 | C 0:0.9986 | C 1:0.9227 | C 2:0.7747| C 3:0.7218| C 4:0.3525| C 5:nan| C 6:nan| C 7:nan| C 8:nan| C 9:nan| C 10:nan| C 11:nan
Epoch[129/500] | Loss:0.1334 |Acc: 96.6000|Pred Confidence: 0.95 | C 0:0.9986 | C 1:0.9231 | C 2:0.7818| C 3:0.7263| C 4:0.3657| C 5:nan| C 6:nan| C 7:nan| C 8:nan| C 9:nan| C 10:nan| C 11:nan
Epoch[130/500] | Loss:0.1324 |Acc: 96.8000|Pred Confidence: 0.95 | C 0:0.9986 | C 1:0.9235 | C 2:0.7886| C 3:0.7307| C 4:0.3450| C 5:nan| C 6:nan| C 7:nan| C 8:nan| C 9:nan| C 10:nan| C 11:nan
Epoch[131/500] | Loss:0.1316 |Acc: 96.8000|Pred Confidence: 0.95 | C 0:0.9986 | C 1:0.9239 | C 2:0.7952| C 3:0.7350| C 4:0.3603| C 5:nan| C 6:nan| C 7:nan| C 8:nan| C 9:nan| C 10:nan| C 11:nan
Epoch[132/500] | Loss:0.1307 |Acc: 96.8000|Pred Confidence: 0.95 | C 0:0.9987 | C 1:0.9243 | C 2:0.8016| C 3:0.7391| C 4:0.3758| C 5:nan| C 6:nan| C 7:nan| C 8:nan| C 9:nan| C 10:nan| C 11:nan
Epoch[133/500] | Loss:0.1299 |Acc: 96.8000|Pred Confidence: 0.95 | C 0:0.9987 | C 1:0.9246 | C 2:0.8078| C 3:0.7431| C 4:0.3912| C 5:nan| C 6:nan| C 7:nan| C 8:nan| C 9:nan| C 10:nan| C 11:nan
Epoch[134/500] | Loss:0.1290 |Acc: 96.8000|Pred Confidence: 0.95 | C 0:0.9987 | C 1:0.9250 | C 2:0.8138| C 3:0.7469| C 4:0.4067| C 5:nan| C 6:nan| C 7:nan| C 8:nan| C 9:nan| C 10:nan| C 11:nan
Epoch[135/500] | Loss:0.1282 |Acc: 96.8000|Pred Confidence: 0.96 | C 0:0.9987 | C 1:0.9253 | C 2:0.8196| C 3:0.7506| C 4:0.4222| C 5:nan| C 6:nan| C 7:nan| C 8:nan| C 9:nan| C 10:nan| C 11:nan
Epoch[136/500] | Loss:0.1274 |Acc: 96.8000|Pred Confidence: 0.96 | C 0:0.9987 | C 1:0.9256 | C 2:0.8252| C 3:0.7541| C 4:0.4377| C 5:nan| C 6:nan| C 7:nan| C 8:nan| C 9:nan| C 10:nan| C 11:nan
Epoch[137/500] | Loss:0.1266 |Acc: 96.8000|Pred Confidence: 0.96 | C 0:0.9988 | C 1:0.9259 | C 2:0.8306| C 3:0.7576| C 4:0.4531| C 5:nan| C 6:nan| C 7:nan| C 8:nan| C 9:nan| C 10:nan| C 11:nan
Epoch[138/500] | Loss:0.1259 |Acc: 96.8000|Pred Confidence: 0.96 | C 0:0.9988 | C 1:0.9262 | C 2:0.8359| C 3:0.7609| C 4:0.4685| C 5:nan| C 6:nan| C 7:nan| C 8:nan| C 9:nan| C 10:nan| C 11:nan
Epoch[139/500] | Loss:0.1251 |Acc: 96.8000|Pred Confidence: 0.96 | C 0:0.9988 | C 1:0.9265 | C 2:0.8410| C 3:0.7641| C 4:0.4838| C 5:nan| C 6:nan| C 7:nan| C 8:nan| C 9:nan| C 10:nan| C 11:nan
Epoch[140/500] | Loss:0.1243 |Acc: 96.8000|Pred Confidence: 0.96 | C 0:0.9989 | C 1:0.9268 | C 2:0.8459| C 3:0.7671| C 4:0.4990| C 5:nan| C 6:nan| C 7:nan| C 8:nan| C 9:nan| C 10:nan| C 11:nan
Epoch[141/500] | Loss:0.1236 |Acc: 96.8000|Pred Confidence: 0.96 | C 0:0.9989 | C 1:0.9271 | C 2:0.8507| C 3:0.7701| C 4:0.5140| C 5:nan| C 6:nan| C 7:nan| C 8:nan| C 9:nan| C 10:nan| C 11:nan
Epoch[142/500] | Loss:0.1228 |Acc: 96.8000|Pred Confidence: 0.96 | C 0:0.9989 | C 1:0.9274 | C 2:0.8554| C 3:0.7730| C 4:0.5288| C 5:nan| C 6:nan| C 7:nan| C 8:nan| C 9:nan| C 10:nan| C 11:nan
Epoch[143/500] | Loss:0.1221 |Acc: 96.8000|Pred Confidence: 0.96 | C 0:0.9989 | C 1:0.9276 | C 2:0.8600| C 3:0.7758| C 4:0.5435| C 5:nan| C 6:nan| C 7:nan| C 8:nan| C 9:nan| C 10:nan| C 11:nan
Epoch[144/500] | Loss:0.1214 |Acc: 96.8000|Pred Confidence: 0.96 | C 0:0.9990 | C 1:0.9279 | C 2:0.8645| C 3:0.7785| C 4:0.5579| C 5:nan| C 6:nan| C 7:nan| C 8:nan| C 9:nan| C 10:nan| C 11:nan
Epoch[145/500] | Loss:0.1206 |Acc: 96.8000|Pred Confidence: 0.96 | C 0:0.9990 | C 1:0.9281 | C 2:0.8689| C 3:0.7811| C 4:0.5720| C 5:nan| C 6:nan| C 7:nan| C 8:nan| C 9:nan| C 10:nan| C 11:nan
Epoch[146/500] | Loss:0.1199 |Acc: 96.8000|Pred Confidence: 0.96 | C 0:0.9990 | C 1:0.9284 | C 2:0.8732| C 3:0.7837| C 4:0.5860| C 5:nan| C 6:nan| C 7:nan| C 8:nan| C 9:nan| C 10:nan| C 11:nan
Epoch[147/500] | Loss:0.1192 |Acc: 96.8000|Pred Confidence: 0.96 | C 0:0.9991 | C 1:0.9286 | C 2:0.8775| C 3:0.7862| C 4:0.5996| C 5:nan| C 6:nan| C 7:nan| C 8:nan| C 9:nan| C 10:nan| C 11:nan
Epoch[148/500] | Loss:0.1185 |Acc: 97.0000|Pred Confidence: 0.96 | C 0:0.9991 | C 1:0.9262 | C 2:0.8817| C 3:0.7886| C 4:0.6130| C 5:nan| C 6:nan| C 7:nan| C 8:nan| C 9:nan| C 10:nan| C 11:nan
Epoch[149/500] | Loss:0.1179 |Acc: 97.0000|Pred Confidence: 0.96 | C 0:0.9991 | C 1:0.9266 | C 2:0.8858| C 3:0.7909| C 4:0.6261| C 5:nan| C 6:nan| C 7:nan| C 8:nan| C 9:nan| C 10:nan| C 11:nan
Epoch[150/500] | Loss:0.1172 |Acc: 97.0000|Pred Confidence: 0.96 | C 0:0.9991 | C 1:0.9270 | C 2:0.8898| C 3:0.7932| C 4:0.6389| C 5:nan| C 6:nan| C 7:nan| C 8:nan| C 9:nan| C 10:nan| C 11:nan
Epoch[151/500] | Loss:0.1165 |Acc: 97.2000|Pred Confidence: 0.96 | C 0:0.9992 | C 1:0.9273 | C 2:0.8651| C 3:0.7954| C 4:0.6514| C 5:nan| C 6:nan| C 7:nan| C 8:nan| C 9:nan| C 10:nan| C 11:nan
Epoch[152/500] | Loss:0.1159 |Acc: 97.2000|Pred Confidence: 0.96 | C 0:0.9992 | C 1:0.9277 | C 2:0.8699| C 3:0.7975| C 4:0.6636| C 5:nan| C 6:nan| C 7:nan| C 8:nan| C 9:nan| C 10:nan| C 11:nan
Epoch[153/500] | Loss:0.1153 |Acc: 97.2000|Pred Confidence: 0.96 | C 0:0.9992 | C 1:0.9280 | C 2:0.8747| C 3:0.7995| C 4:0.6755| C 5:nan| C 6:nan| C 7:nan| C 8:nan| C 9:nan| C 10:nan| C 11:nan
Epoch[154/500] | Loss:0.1147 |Acc: 97.2000|Pred Confidence: 0.96 | C 0:0.9992 | C 1:0.9284 | C 2:0.8794| C 3:0.8015| C 4:0.6872| C 5:nan| C 6:nan| C 7:nan| C 8:nan| C 9:nan| C 10:nan| C 11:nan
Epoch[155/500] | Loss:0.1141 |Acc: 97.2000|Pred Confidence: 0.96 | C 0:0.9993 | C 1:0.9287 | C 2:0.8840| C 3:0.8034| C 4:0.6985| C 5:nan| C 6:nan| C 7:nan| C 8:nan| C 9:nan| C 10:nan| C 11:nan
Epoch[156/500] | Loss:0.1135 |Acc: 97.2000|Pred Confidence: 0.96 | C 0:0.9993 | C 1:0.9290 | C 2:0.8886| C 3:0.8052| C 4:0.7095| C 5:nan| C 6:nan| C 7:nan| C 8:nan| C 9:nan| C 10:nan| C 11:nan
Epoch[157/500] | Loss:0.1129 |Acc: 97.2000|Pred Confidence: 0.96 | C 0:0.9993 | C 1:0.9293 | C 2:0.8930| C 3:0.8069| C 4:0.7202| C 5:nan| C 6:nan| C 7:nan| C 8:nan| C 9:nan| C 10:nan| C 11:nan
Epoch[158/500] | Loss:0.1124 |Acc: 97.2000|Pred Confidence: 0.96 | C 0:0.9993 | C 1:0.9296 | C 2:0.8974| C 3:0.8086| C 4:0.7305| C 5:nan| C 6:nan| C 7:nan| C 8:nan| C 9:nan| C 10:nan| C 11:nan
Epoch[159/500] | Loss:0.1118 |Acc: 97.2000|Pred Confidence: 0.96 | C 0:0.9994 | C 1:0.9299 | C 2:0.9016| C 3:0.8102| C 4:0.7406| C 5:nan| C 6:nan| C 7:nan| C 8:nan| C 9:nan| C 10:nan| C 11:nan
Epoch[160/500] | Loss:0.1113 |Acc: 97.2000|Pred Confidence: 0.96 | C 0:0.9994 | C 1:0.9302 | C 2:0.9057| C 3:0.8117| C 4:0.7503| C 5:nan| C 6:nan| C 7:nan| C 8:nan| C 9:nan| C 10:nan| C 11:nan
Epoch[161/500] | Loss:0.1108 |Acc: 97.2000|Pred Confidence: 0.97 | C 0:0.9994 | C 1:0.9305 | C 2:0.9097| C 3:0.8132| C 4:0.7596| C 5:nan| C 6:nan| C 7:nan| C 8:nan| C 9:nan| C 10:nan| C 11:nan
Epoch[162/500] | Loss:0.1103 |Acc: 97.2000|Pred Confidence: 0.97 | C 0:0.9994 | C 1:0.9308 | C 2:0.9136| C 3:0.8146| C 4:0.7687| C 5:nan| C 6:nan| C 7:nan| C 8:nan| C 9:nan| C 10:nan| C 11:nan
Epoch[163/500] | Loss:0.1098 |Acc: 97.2000|Pred Confidence: 0.97 | C 0:0.9995 | C 1:0.9311 | C 2:0.9173| C 3:0.8159| C 4:0.7774| C 5:nan| C 6:nan| C 7:nan| C 8:nan| C 9:nan| C 10:nan| C 11:nan
Epoch[164/500] | Loss:0.1093 |Acc: 97.2000|Pred Confidence: 0.97 | C 0:0.9995 | C 1:0.9313 | C 2:0.9209| C 3:0.8172| C 4:0.7858| C 5:nan| C 6:nan| C 7:nan| C 8:nan| C 9:nan| C 10:nan| C 11:nan
Epoch[165/500] | Loss:0.1089 |Acc: 97.4000|Pred Confidence: 0.97 | C 0:0.9995 | C 1:0.9316 | C 2:0.8979| C 3:0.8184| C 4:0.7939| C 5:nan| C 6:nan| C 7:nan| C 8:nan| C 9:nan| C 10:nan| C 11:nan
Epoch[166/500] | Loss:0.1084 |Acc: 97.4000|Pred Confidence: 0.97 | C 0:0.9995 | C 1:0.9318 | C 2:0.9020| C 3:0.8196| C 4:0.8016| C 5:nan| C 6:nan| C 7:nan| C 8:nan| C 9:nan| C 10:nan| C 11:nan
Epoch[167/500] | Loss:0.1080 |Acc: 97.4000|Pred Confidence: 0.97 | C 0:0.9995 | C 1:0.9321 | C 2:0.9059| C 3:0.8207| C 4:0.8090| C 5:nan| C 6:nan| C 7:nan| C 8:nan| C 9:nan| C 10:nan| C 11:nan
Epoch[168/500] | Loss:0.1076 |Acc: 97.4000|Pred Confidence: 0.97 | C 0:0.9995 | C 1:0.9323 | C 2:0.9097| C 3:0.8218| C 4:0.8162| C 5:nan| C 6:nan| C 7:nan| C 8:nan| C 9:nan| C 10:nan| C 11:nan
Epoch[169/500] | Loss:0.1072 |Acc: 97.4000|Pred Confidence: 0.97 | C 0:0.9996 | C 1:0.9326 | C 2:0.9134| C 3:0.8228| C 4:0.8230| C 5:nan| C 6:nan| C 7:nan| C 8:nan| C 9:nan| C 10:nan| C 11:nan
Epoch[170/500] | Loss:0.1068 |Acc: 97.4000|Pred Confidence: 0.97 | C 0:0.9996 | C 1:0.9328 | C 2:0.9169| C 3:0.8238| C 4:0.8296| C 5:nan| C 6:nan| C 7:nan| C 8:nan| C 9:nan| C 10:nan| C 11:nan
Epoch[171/500] | Loss:0.1064 |Acc: 97.4000|Pred Confidence: 0.97 | C 0:0.9996 | C 1:0.9330 | C 2:0.9203| C 3:0.8247| C 4:0.8359| C 5:nan| C 6:nan| C 7:nan| C 8:nan| C 9:nan| C 10:nan| C 11:nan
Epoch[172/500] | Loss:0.1060 |Acc: 97.4000|Pred Confidence: 0.97 | C 0:0.9996 | C 1:0.9332 | C 2:0.9236| C 3:0.8256| C 4:0.8419| C 5:nan| C 6:nan| C 7:nan| C 8:nan| C 9:nan| C 10:nan| C 11:nan
Epoch[173/500] | Loss:0.1056 |Acc: 97.4000|Pred Confidence: 0.97 | C 0:0.9996 | C 1:0.9334 | C 2:0.9267| C 3:0.8264| C 4:0.8476| C 5:nan| C 6:nan| C 7:nan| C 8:nan| C 9:nan| C 10:nan| C 11:nan
Epoch[174/500] | Loss:0.1053 |Acc: 97.4000|Pred Confidence: 0.97 | C 0:0.9996 | C 1:0.9336 | C 2:0.9297| C 3:0.8273| C 4:0.8532| C 5:nan| C 6:nan| C 7:nan| C 8:nan| C 9:nan| C 10:nan| C 11:nan
Epoch[175/500] | Loss:0.1049 |Acc: 97.4000|Pred Confidence: 0.97 | C 0:0.9996 | C 1:0.9338 | C 2:0.9326| C 3:0.8281| C 4:0.8584| C 5:nan| C 6:nan| C 7:nan| C 8:nan| C 9:nan| C 10:nan| C 11:nan
Epoch[176/500] | Loss:0.1046 |Acc: 97.4000|Pred Confidence: 0.97 | C 0:0.9997 | C 1:0.9340 | C 2:0.9353| C 3:0.8288| C 4:0.8635| C 5:nan| C 6:nan| C 7:nan| C 8:nan| C 9:nan| C 10:nan| C 11:nan
Epoch[177/500] | Loss:0.1043 |Acc: 97.4000|Pred Confidence: 0.97 | C 0:0.9997 | C 1:0.9342 | C 2:0.9379| C 3:0.8296| C 4:0.8683| C 5:nan| C 6:nan| C 7:nan| C 8:nan| C 9:nan| C 10:nan| C 11:nan
Epoch[178/500] | Loss:0.1039 |Acc: 97.4000|Pred Confidence: 0.97 | C 0:0.9997 | C 1:0.9344 | C 2:0.9404| C 3:0.8303| C 4:0.8729| C 5:nan| C 6:nan| C 7:nan| C 8:nan| C 9:nan| C 10:nan| C 11:nan
Epoch[179/500] | Loss:0.1036 |Acc: 97.4000|Pred Confidence: 0.97 | C 0:0.9997 | C 1:0.9346 | C 2:0.9428| C 3:0.8310| C 4:0.8773| C 5:nan| C 6:nan| C 7:nan| C 8:nan| C 9:nan| C 10:nan| C 11:nan
Epoch[180/500] | Loss:0.1033 |Acc: 97.4000|Pred Confidence: 0.97 | C 0:0.9997 | C 1:0.9348 | C 2:0.9451| C 3:0.8316| C 4:0.8815| C 5:nan| C 6:nan| C 7:nan| C 8:nan| C 9:nan| C 10:nan| C 11:nan
Epoch[181/500] | Loss:0.1030 |Acc: 97.4000|Pred Confidence: 0.97 | C 0:0.9997 | C 1:0.9349 | C 2:0.9472| C 3:0.8323| C 4:0.8855| C 5:nan| C 6:nan| C 7:nan| C 8:nan| C 9:nan| C 10:nan| C 11:nan
Epoch[182/500] | Loss:0.1027 |Acc: 97.4000|Pred Confidence: 0.97 | C 0:0.9997 | C 1:0.9351 | C 2:0.9493| C 3:0.8329| C 4:0.8894| C 5:nan| C 6:nan| C 7:nan| C 8:nan| C 9:nan| C 10:nan| C 11:nan
Epoch[183/500] | Loss:0.1024 |Acc: 97.4000|Pred Confidence: 0.97 | C 0:0.9997 | C 1:0.9353 | C 2:0.9512| C 3:0.8336| C 4:0.8931| C 5:nan| C 6:nan| C 7:nan| C 8:nan| C 9:nan| C 10:nan| C 11:nan
Epoch[184/500] | Loss:0.1021 |Acc: 97.4000|Pred Confidence: 0.97 | C 0:0.9997 | C 1:0.9354 | C 2:0.9531| C 3:0.8342| C 4:0.8966| C 5:nan| C 6:nan| C 7:nan| C 8:nan| C 9:nan| C 10:nan| C 11:nan
Epoch[185/500] | Loss:0.1018 |Acc: 97.4000|Pred Confidence: 0.97 | C 0:0.9997 | C 1:0.9356 | C 2:0.9549| C 3:0.8347| C 4:0.8999| C 5:nan| C 6:nan| C 7:nan| C 8:nan| C 9:nan| C 10:nan| C 11:nan
Epoch[186/500] | Loss:0.1015 |Acc: 97.4000|Pred Confidence: 0.97 | C 0:0.9998 | C 1:0.9358 | C 2:0.9566| C 3:0.8353| C 4:0.9032| C 5:nan| C 6:nan| C 7:nan| C 8:nan| C 9:nan| C 10:nan| C 11:nan
Epoch[187/500] | Loss:0.1013 |Acc: 97.4000|Pred Confidence: 0.97 | C 0:0.9998 | C 1:0.9359 | C 2:0.9582| C 3:0.8359| C 4:0.9062| C 5:nan| C 6:nan| C 7:nan| C 8:nan| C 9:nan| C 10:nan| C 11:nan
Epoch[188/500] | Loss:0.1010 |Acc: 97.4000|Pred Confidence: 0.97 | C 0:0.9998 | C 1:0.9361 | C 2:0.9597| C 3:0.8364| C 4:0.9092| C 5:nan| C 6:nan| C 7:nan| C 8:nan| C 9:nan| C 10:nan| C 11:nan
Epoch[189/500] | Loss:0.1007 |Acc: 97.4000|Pred Confidence: 0.97 | C 0:0.9998 | C 1:0.9362 | C 2:0.9611| C 3:0.8370| C 4:0.9120| C 5:nan| C 6:nan| C 7:nan| C 8:nan| C 9:nan| C 10:nan| C 11:nan
Epoch[190/500] | Loss:0.1005 |Acc: 97.4000|Pred Confidence: 0.97 | C 0:0.9998 | C 1:0.9364 | C 2:0.9625| C 3:0.8375| C 4:0.9147| C 5:nan| C 6:nan| C 7:nan| C 8:nan| C 9:nan| C 10:nan| C 11:nan
Epoch[191/500] | Loss:0.1002 |Acc: 97.4000|Pred Confidence: 0.97 | C 0:0.9998 | C 1:0.9366 | C 2:0.9638| C 3:0.8381| C 4:0.9173| C 5:nan| C 6:nan| C 7:nan| C 8:nan| C 9:nan| C 10:nan| C 11:nan
Epoch[192/500] | Loss:0.0999 |Acc: 97.4000|Pred Confidence: 0.97 | C 0:0.9998 | C 1:0.9367 | C 2:0.9651| C 3:0.8386| C 4:0.9198| C 5:nan| C 6:nan| C 7:nan| C 8:nan| C 9:nan| C 10:nan| C 11:nan
Epoch[193/500] | Loss:0.0997 |Acc: 97.4000|Pred Confidence: 0.97 | C 0:0.9998 | C 1:0.9369 | C 2:0.9662| C 3:0.8391| C 4:0.9222| C 5:nan| C 6:nan| C 7:nan| C 8:nan| C 9:nan| C 10:nan| C 11:nan
Epoch[194/500] | Loss:0.0994 |Acc: 97.4000|Pred Confidence: 0.97 | C 0:0.9998 | C 1:0.9370 | C 2:0.9674| C 3:0.8396| C 4:0.9244| C 5:nan| C 6:nan| C 7:nan| C 8:nan| C 9:nan| C 10:nan| C 11:nan
Epoch[195/500] | Loss:0.0992 |Acc: 97.4000|Pred Confidence: 0.97 | C 0:0.9998 | C 1:0.9372 | C 2:0.9684| C 3:0.8401| C 4:0.9266| C 5:nan| C 6:nan| C 7:nan| C 8:nan| C 9:nan| C 10:nan| C 11:nan
Epoch[196/500] | Loss:0.0989 |Acc: 97.4000|Pred Confidence: 0.97 | C 0:0.9998 | C 1:0.9373 | C 2:0.9695| C 3:0.8407| C 4:0.9287| C 5:nan| C 6:nan| C 7:nan| C 8:nan| C 9:nan| C 10:nan| C 11:nan
Epoch[197/500] | Loss:0.0987 |Acc: 97.4000|Pred Confidence: 0.97 | C 0:0.9998 | C 1:0.9375 | C 2:0.9704| C 3:0.8412| C 4:0.9307| C 5:nan| C 6:nan| C 7:nan| C 8:nan| C 9:nan| C 10:nan| C 11:nan
Epoch[198/500] | Loss:0.0984 |Acc: 97.4000|Pred Confidence: 0.97 | C 0:0.9998 | C 1:0.9376 | C 2:0.9714| C 3:0.8417| C 4:0.9327| C 5:nan| C 6:nan| C 7:nan| C 8:nan| C 9:nan| C 10:nan| C 11:nan
Epoch[199/500] | Loss:0.0982 |Acc: 97.4000|Pred Confidence: 0.97 | C 0:0.9998 | C 1:0.9378 | C 2:0.9722| C 3:0.8422| C 4:0.9345| C 5:nan| C 6:nan| C 7:nan| C 8:nan| C 9:nan| C 10:nan| C 11:nan
Epoch[200/500] | Loss:0.0979 |Acc: 97.4000|Pred Confidence: 0.97 | C 0:0.9998 | C 1:0.9379 | C 2:0.9731| C 3:0.8427| C 4:0.9363| C 5:nan| C 6:nan| C 7:nan| C 8:nan| C 9:nan| C 10:nan| C 11:nan
Epoch[201/500] | Loss:0.0977 |Acc: 97.4000|Pred Confidence: 0.97 | C 0:0.9998 | C 1:0.9381 | C 2:0.9739| C 3:0.8432| C 4:0.9380| C 5:nan| C 6:nan| C 7:nan| C 8:nan| C 9:nan| C 10:nan| C 11:nan
Epoch[202/500] | Loss:0.0975 |Acc: 97.4000|Pred Confidence: 0.97 | C 0:0.9998 | C 1:0.9382 | C 2:0.9746| C 3:0.8437| C 4:0.9397| C 5:nan| C 6:nan| C 7:nan| C 8:nan| C 9:nan| C 10:nan| C 11:nan
Epoch[203/500] | Loss:0.0972 |Acc: 97.4000|Pred Confidence: 0.97 | C 0:0.9998 | C 1:0.9384 | C 2:0.9753| C 3:0.8442| C 4:0.9412| C 5:nan| C 6:nan| C 7:nan| C 8:nan| C 9:nan| C 10:nan| C 11:nan
Epoch[204/500] | Loss:0.0970 |Acc: 97.4000|Pred Confidence: 0.97 | C 0:0.9999 | C 1:0.9385 | C 2:0.9760| C 3:0.8447| C 4:0.9428| C 5:nan| C 6:nan| C 7:nan| C 8:nan| C 9:nan| C 10:nan| C 11:nan
Epoch[205/500] | Loss:0.0967 |Acc: 97.4000|Pred Confidence: 0.97 | C 0:0.9999 | C 1:0.9387 | C 2:0.9767| C 3:0.8452| C 4:0.9442| C 5:nan| C 6:nan| C 7:nan| C 8:nan| C 9:nan| C 10:nan| C 11:nan
Epoch[206/500] | Loss:0.0965 |Acc: 97.4000|Pred Confidence: 0.97 | C 0:0.9999 | C 1:0.9388 | C 2:0.9773| C 3:0.8458| C 4:0.9456| C 5:nan| C 6:nan| C 7:nan| C 8:nan| C 9:nan| C 10:nan| C 11:nan
Epoch[207/500] | Loss:0.0963 |Acc: 97.4000|Pred Confidence: 0.97 | C 0:0.9999 | C 1:0.9390 | C 2:0.9779| C 3:0.8463| C 4:0.9470| C 5:nan| C 6:nan| C 7:nan| C 8:nan| C 9:nan| C 10:nan| C 11:nan
Epoch[208/500] | Loss:0.0960 |Acc: 97.4000|Pred Confidence: 0.97 | C 0:0.9999 | C 1:0.9391 | C 2:0.9784| C 3:0.8468| C 4:0.9483| C 5:nan| C 6:nan| C 7:nan| C 8:nan| C 9:nan| C 10:nan| C 11:nan
Epoch[209/500] | Loss:0.0958 |Acc: 97.4000|Pred Confidence: 0.97 | C 0:0.9999 | C 1:0.9393 | C 2:0.9789| C 3:0.8473| C 4:0.9496| C 5:nan| C 6:nan| C 7:nan| C 8:nan| C 9:nan| C 10:nan| C 11:nan
Epoch[210/500] | Loss:0.0955 |Acc: 97.4000|Pred Confidence: 0.97 | C 0:0.9999 | C 1:0.9394 | C 2:0.9794| C 3:0.8478| C 4:0.9508| C 5:nan| C 6:nan| C 7:nan| C 8:nan| C 9:nan| C 10:nan| C 11:nan
Epoch[211/500] | Loss:0.0953 |Acc: 97.4000|Pred Confidence: 0.97 | C 0:0.9999 | C 1:0.9396 | C 2:0.9799| C 3:0.8484| C 4:0.9520| C 5:nan| C 6:nan| C 7:nan| C 8:nan| C 9:nan| C 10:nan| C 11:nan
Epoch[212/500] | Loss:0.0951 |Acc: 97.4000|Pred Confidence: 0.97 | C 0:0.9999 | C 1:0.9398 | C 2:0.9804| C 3:0.8489| C 4:0.9531| C 5:nan| C 6:nan| C 7:nan| C 8:nan| C 9:nan| C 10:nan| C 11:nan
Epoch[213/500] | Loss:0.0948 |Acc: 97.4000|Pred Confidence: 0.97 | C 0:0.9999 | C 1:0.9399 | C 2:0.9808| C 3:0.8495| C 4:0.9542| C 5:nan| C 6:nan| C 7:nan| C 8:nan| C 9:nan| C 10:nan| C 11:nan
Epoch[214/500] | Loss:0.0946 |Acc: 97.4000|Pred Confidence: 0.97 | C 0:0.9999 | C 1:0.9401 | C 2:0.9812| C 3:0.8500| C 4:0.9553| C 5:nan| C 6:nan| C 7:nan| C 8:nan| C 9:nan| C 10:nan| C 11:nan
Epoch[215/500] | Loss:0.0943 |Acc: 97.4000|Pred Confidence: 0.97 | C 0:0.9999 | C 1:0.9402 | C 2:0.9816| C 3:0.8506| C 4:0.9563| C 5:nan| C 6:nan| C 7:nan| C 8:nan| C 9:nan| C 10:nan| C 11:nan
Epoch[216/500] | Loss:0.0941 |Acc: 97.4000|Pred Confidence: 0.97 | C 0:0.9999 | C 1:0.9404 | C 2:0.9819| C 3:0.8511| C 4:0.9573| C 5:nan| C 6:nan| C 7:nan| C 8:nan| C 9:nan| C 10:nan| C 11:nan
Epoch[217/500] | Loss:0.0939 |Acc: 97.6000|Pred Confidence: 0.97 | C 0:0.9999 | C 1:0.9406 | C 2:0.9823| C 3:0.8042| C 4:0.9583| C 5:nan| C 6:nan| C 7:nan| C 8:nan| C 9:nan| C 10:nan| C 11:nan
Epoch[218/500] | Loss:0.0936 |Acc: 97.6000|Pred Confidence: 0.97 | C 0:0.9999 | C 1:0.9407 | C 2:0.9826| C 3:0.8059| C 4:0.9592| C 5:nan| C 6:nan| C 7:nan| C 8:nan| C 9:nan| C 10:nan| C 11:nan
Epoch[219/500] | Loss:0.0934 |Acc: 97.6000|Pred Confidence: 0.97 | C 0:0.9999 | C 1:0.9409 | C 2:0.9829| C 3:0.8075| C 4:0.9602| C 5:nan| C 6:nan| C 7:nan| C 8:nan| C 9:nan| C 10:nan| C 11:nan
Epoch[220/500] | Loss:0.0931 |Acc: 97.6000|Pred Confidence: 0.97 | C 0:0.9999 | C 1:0.9410 | C 2:0.9832| C 3:0.8092| C 4:0.9610| C 5:nan| C 6:nan| C 7:nan| C 8:nan| C 9:nan| C 10:nan| C 11:nan
Epoch[221/500] | Loss:0.0929 |Acc: 97.6000|Pred Confidence: 0.97 | C 0:0.9999 | C 1:0.9412 | C 2:0.9835| C 3:0.8109| C 4:0.9619| C 5:nan| C 6:nan| C 7:nan| C 8:nan| C 9:nan| C 10:nan| C 11:nan
Epoch[222/500] | Loss:0.0926 |Acc: 97.6000|Pred Confidence: 0.97 | C 0:0.9999 | C 1:0.9414 | C 2:0.9837| C 3:0.8126| C 4:0.9627| C 5:nan| C 6:nan| C 7:nan| C 8:nan| C 9:nan| C 10:nan| C 11:nan
Epoch[223/500] | Loss:0.0924 |Acc: 97.6000|Pred Confidence: 0.97 | C 0:0.9999 | C 1:0.9415 | C 2:0.9840| C 3:0.8143| C 4:0.9635| C 5:nan| C 6:nan| C 7:nan| C 8:nan| C 9:nan| C 10:nan| C 11:nan
Epoch[224/500] | Loss:0.0922 |Acc: 97.6000|Pred Confidence: 0.97 | C 0:0.9999 | C 1:0.9417 | C 2:0.9842| C 3:0.8161| C 4:0.9643| C 5:nan| C 6:nan| C 7:nan| C 8:nan| C 9:nan| C 10:nan| C 11:nan
Epoch[225/500] | Loss:0.0919 |Acc: 97.6000|Pred Confidence: 0.97 | C 0:0.9999 | C 1:0.9419 | C 2:0.9844| C 3:0.8178| C 4:0.9651| C 5:nan| C 6:nan| C 7:nan| C 8:nan| C 9:nan| C 10:nan| C 11:nan
Epoch[226/500] | Loss:0.0916 |Acc: 97.6000|Pred Confidence: 0.97 | C 0:0.9999 | C 1:0.9420 | C 2:0.9847| C 3:0.8196| C 4:0.9658| C 5:nan| C 6:nan| C 7:nan| C 8:nan| C 9:nan| C 10:nan| C 11:nan
Epoch[227/500] | Loss:0.0914 |Acc: 97.6000|Pred Confidence: 0.97 | C 0:0.9999 | C 1:0.9422 | C 2:0.9849| C 3:0.8214| C 4:0.9665| C 5:nan| C 6:nan| C 7:nan| C 8:nan| C 9:nan| C 10:nan| C 11:nan
Epoch[228/500] | Loss:0.0911 |Acc: 97.6000|Pred Confidence: 0.97 | C 0:0.9999 | C 1:0.9424 | C 2:0.9850| C 3:0.8232| C 4:0.9672| C 5:nan| C 6:nan| C 7:nan| C 8:nan| C 9:nan| C 10:nan| C 11:nan
Epoch[229/500] | Loss:0.0909 |Acc: 97.6000|Pred Confidence: 0.97 | C 0:0.9999 | C 1:0.9426 | C 2:0.9852| C 3:0.8250| C 4:0.9679| C 5:nan| C 6:nan| C 7:nan| C 8:nan| C 9:nan| C 10:nan| C 11:nan
Epoch[230/500] | Loss:0.0906 |Acc: 97.6000|Pred Confidence: 0.97 | C 0:0.9999 | C 1:0.9427 | C 2:0.9854| C 3:0.8268| C 4:0.9686| C 5:nan| C 6:nan| C 7:nan| C 8:nan| C 9:nan| C 10:nan| C 11:nan
Epoch[231/500] | Loss:0.0904 |Acc: 97.6000|Pred Confidence: 0.97 | C 0:0.9999 | C 1:0.9429 | C 2:0.9856| C 3:0.8286| C 4:0.9692| C 5:nan| C 6:nan| C 7:nan| C 8:nan| C 9:nan| C 10:nan| C 11:nan
Epoch[232/500] | Loss:0.0901 |Acc: 97.6000|Pred Confidence: 0.97 | C 0:0.9999 | C 1:0.9431 | C 2:0.9857| C 3:0.8305| C 4:0.9698| C 5:nan| C 6:nan| C 7:nan| C 8:nan| C 9:nan| C 10:nan| C 11:nan
Epoch[233/500] | Loss:0.0898 |Acc: 97.6000|Pred Confidence: 0.97 | C 0:0.9999 | C 1:0.9433 | C 2:0.9859| C 3:0.8324| C 4:0.9705| C 5:nan| C 6:nan| C 7:nan| C 8:nan| C 9:nan| C 10:nan| C 11:nan
Epoch[234/500] | Loss:0.0896 |Acc: 97.6000|Pred Confidence: 0.97 | C 0:0.9999 | C 1:0.9435 | C 2:0.9860| C 3:0.8343| C 4:0.9710| C 5:nan| C 6:nan| C 7:nan| C 8:nan| C 9:nan| C 10:nan| C 11:nan
Epoch[235/500] | Loss:0.0893 |Acc: 97.6000|Pred Confidence: 0.97 | C 0:0.9999 | C 1:0.9436 | C 2:0.9861| C 3:0.8362| C 4:0.9716| C 5:nan| C 6:nan| C 7:nan| C 8:nan| C 9:nan| C 10:nan| C 11:nan
Epoch[236/500] | Loss:0.0890 |Acc: 97.8000|Pred Confidence: 0.97 | C 0:0.9999 | C 1:0.9438 | C 2:0.9863| C 3:0.7177| C 4:0.9722| C 5:nan| C 6:nan| C 7:nan| C 8:nan| C 9:nan| C 10:nan| C 11:nan
Epoch[237/500] | Loss:0.0887 |Acc: 97.8000|Pred Confidence: 0.97 | C 0:0.9999 | C 1:0.9440 | C 2:0.9864| C 3:0.7221| C 4:0.9727| C 5:nan| C 6:nan| C 7:nan| C 8:nan| C 9:nan| C 10:nan| C 11:nan
Epoch[238/500] | Loss:0.0884 |Acc: 97.8000|Pred Confidence: 0.97 | C 0:0.9999 | C 1:0.9442 | C 2:0.9865| C 3:0.7266| C 4:0.9733| C 5:nan| C 6:nan| C 7:nan| C 8:nan| C 9:nan| C 10:nan| C 11:nan
Epoch[239/500] | Loss:0.0882 |Acc: 97.8000|Pred Confidence: 0.97 | C 0:0.9999 | C 1:0.9444 | C 2:0.9866| C 3:0.7311| C 4:0.9738| C 5:nan| C 6:nan| C 7:nan| C 8:nan| C 9:nan| C 10:nan| C 11:nan
Epoch[240/500] | Loss:0.0879 |Acc: 97.8000|Pred Confidence: 0.97 | C 0:0.9999 | C 1:0.9446 | C 2:0.9867| C 3:0.7357| C 4:0.9743| C 5:nan| C 6:nan| C 7:nan| C 8:nan| C 9:nan| C 10:nan| C 11:nan
Epoch[241/500] | Loss:0.0876 |Acc: 97.8000|Pred Confidence: 0.97 | C 0:0.9999 | C 1:0.9448 | C 2:0.9868| C 3:0.7404| C 4:0.9748| C 5:nan| C 6:nan| C 7:nan| C 8:nan| C 9:nan| C 10:nan| C 11:nan
Epoch[242/500] | Loss:0.0873 |Acc: 97.8000|Pred Confidence: 0.97 | C 0:0.9999 | C 1:0.9450 | C 2:0.9869| C 3:0.7452| C 4:0.9752| C 5:nan| C 6:nan| C 7:nan| C 8:nan| C 9:nan| C 10:nan| C 11:nan
Epoch[243/500] | Loss:0.0870 |Acc: 98.0000|Pred Confidence: 0.97 | C 0:0.9999 | C 1:0.9452 | C 2:0.9870| C 3:0.7250| C 4:0.9757| C 5:nan| C 6:nan| C 7:nan| C 8:nan| C 9:nan| C 10:nan| C 11:nan
Epoch[244/500] | Loss:0.0867 |Acc: 98.0000|Pred Confidence: 0.97 | C 0:0.9999 | C 1:0.9454 | C 2:0.9871| C 3:0.7304| C 4:0.9761| C 5:nan| C 6:nan| C 7:nan| C 8:nan| C 9:nan| C 10:nan| C 11:nan
Epoch[245/500] | Loss:0.0864 |Acc: 98.0000|Pred Confidence: 0.97 | C 0:0.9999 | C 1:0.9456 | C 2:0.9872| C 3:0.7359| C 4:0.9766| C 5:nan| C 6:nan| C 7:nan| C 8:nan| C 9:nan| C 10:nan| C 11:nan
Epoch[246/500] | Loss:0.0861 |Acc: 98.0000|Pred Confidence: 0.97 | C 0:0.9999 | C 1:0.9458 | C 2:0.9873| C 3:0.7415| C 4:0.9770| C 5:nan| C 6:nan| C 7:nan| C 8:nan| C 9:nan| C 10:nan| C 11:nan
Epoch[247/500] | Loss:0.0858 |Acc: 98.0000|Pred Confidence: 0.97 | C 0:0.9999 | C 1:0.9460 | C 2:0.9873| C 3:0.7472| C 4:0.9774| C 5:nan| C 6:nan| C 7:nan| C 8:nan| C 9:nan| C 10:nan| C 11:nan
Epoch[248/500] | Loss:0.0854 |Acc: 98.0000|Pred Confidence: 0.97 | C 0:0.9999 | C 1:0.9463 | C 2:0.9874| C 3:0.7529| C 4:0.9778| C 5:nan| C 6:nan| C 7:nan| C 8:nan| C 9:nan| C 10:nan| C 11:nan
Epoch[249/500] | Loss:0.0851 |Acc: 98.0000|Pred Confidence: 0.97 | C 0:0.9999 | C 1:0.9465 | C 2:0.9875| C 3:0.7587| C 4:0.9782| C 5:nan| C 6:nan| C 7:nan| C 8:nan| C 9:nan| C 10:nan| C 11:nan
Epoch[250/500] | Loss:0.0848 |Acc: 98.0000|Pred Confidence: 0.97 | C 0:0.9999 | C 1:0.9467 | C 2:0.9876| C 3:0.7645| C 4:0.9786| C 5:nan| C 6:nan| C 7:nan| C 8:nan| C 9:nan| C 10:nan| C 11:nan
Epoch[251/500] | Loss:0.0845 |Acc: 98.0000|Pred Confidence: 0.97 | C 0:0.9999 | C 1:0.9469 | C 2:0.9877| C 3:0.7704| C 4:0.9790| C 5:nan| C 6:nan| C 7:nan| C 8:nan| C 9:nan| C 10:nan| C 11:nan
Epoch[252/500] | Loss:0.0842 |Acc: 98.0000|Pred Confidence: 0.97 | C 0:0.9999 | C 1:0.9471 | C 2:0.9877| C 3:0.7763| C 4:0.9793| C 5:nan| C 6:nan| C 7:nan| C 8:nan| C 9:nan| C 10:nan| C 11:nan
Epoch[253/500] | Loss:0.0838 |Acc: 98.0000|Pred Confidence: 0.97 | C 0:0.9999 | C 1:0.9474 | C 2:0.9878| C 3:0.7822| C 4:0.9797| C 5:nan| C 6:nan| C 7:nan| C 8:nan| C 9:nan| C 10:nan| C 11:nan
Epoch[254/500] | Loss:0.0835 |Acc: 98.0000|Pred Confidence: 0.97 | C 0:0.9999 | C 1:0.9476 | C 2:0.9879| C 3:0.7881| C 4:0.9800| C 5:nan| C 6:nan| C 7:nan| C 8:nan| C 9:nan| C 10:nan| C 11:nan
Epoch[255/500] | Loss:0.0832 |Acc: 98.0000|Pred Confidence: 0.97 | C 0:0.9999 | C 1:0.9478 | C 2:0.9880| C 3:0.7940| C 4:0.9804| C 5:nan| C 6:nan| C 7:nan| C 8:nan| C 9:nan| C 10:nan| C 11:nan
Epoch[256/500] | Loss:0.0828 |Acc: 98.0000|Pred Confidence: 0.97 | C 0:0.9999 | C 1:0.9480 | C 2:0.9881| C 3:0.7999| C 4:0.9807| C 5:nan| C 6:nan| C 7:nan| C 8:nan| C 9:nan| C 10:nan| C 11:nan
Epoch[257/500] | Loss:0.0825 |Acc: 98.0000|Pred Confidence: 0.97 | C 0:0.9999 | C 1:0.9483 | C 2:0.9882| C 3:0.8058| C 4:0.9810| C 5:nan| C 6:nan| C 7:nan| C 8:nan| C 9:nan| C 10:nan| C 11:nan
Epoch[258/500] | Loss:0.0821 |Acc: 98.0000|Pred Confidence: 0.97 | C 0:0.9999 | C 1:0.9485 | C 2:0.9883| C 3:0.8116| C 4:0.9813| C 5:nan| C 6:nan| C 7:nan| C 8:nan| C 9:nan| C 10:nan| C 11:nan
Epoch[259/500] | Loss:0.0818 |Acc: 98.0000|Pred Confidence: 0.97 | C 0:0.9999 | C 1:0.9487 | C 2:0.9884| C 3:0.8174| C 4:0.9816| C 5:nan| C 6:nan| C 7:nan| C 8:nan| C 9:nan| C 10:nan| C 11:nan
Epoch[260/500] | Loss:0.0815 |Acc: 98.0000|Pred Confidence: 0.98 | C 0:0.9999 | C 1:0.9490 | C 2:0.9884| C 3:0.8232| C 4:0.9819| C 5:nan| C 6:nan| C 7:nan| C 8:nan| C 9:nan| C 10:nan| C 11:nan
Epoch[261/500] | Loss:0.0811 |Acc: 98.0000|Pred Confidence: 0.98 | C 0:0.9999 | C 1:0.9492 | C 2:0.9885| C 3:0.8288| C 4:0.9822| C 5:nan| C 6:nan| C 7:nan| C 8:nan| C 9:nan| C 10:nan| C 11:nan
Epoch[262/500] | Loss:0.0808 |Acc: 98.0000|Pred Confidence: 0.98 | C 0:0.9999 | C 1:0.9495 | C 2:0.9886| C 3:0.8344| C 4:0.9825| C 5:nan| C 6:nan| C 7:nan| C 8:nan| C 9:nan| C 10:nan| C 11:nan
Epoch[263/500] | Loss:0.0804 |Acc: 98.0000|Pred Confidence: 0.98 | C 0:0.9999 | C 1:0.9497 | C 2:0.9888| C 3:0.8400| C 4:0.9828| C 5:nan| C 6:nan| C 7:nan| C 8:nan| C 9:nan| C 10:nan| C 11:nan
Epoch[264/500] | Loss:0.0801 |Acc: 98.0000|Pred Confidence: 0.98 | C 0:0.9999 | C 1:0.9500 | C 2:0.9889| C 3:0.8454| C 4:0.9831| C 5:nan| C 6:nan| C 7:nan| C 8:nan| C 9:nan| C 10:nan| C 11:nan
Epoch[265/500] | Loss:0.0797 |Acc: 98.0000|Pred Confidence: 0.98 | C 0:0.9999 | C 1:0.9502 | C 2:0.9890| C 3:0.8507| C 4:0.9833| C 5:nan| C 6:nan| C 7:nan| C 8:nan| C 9:nan| C 10:nan| C 11:nan
Epoch[266/500] | Loss:0.0794 |Acc: 98.0000|Pred Confidence: 0.98 | C 0:0.9999 | C 1:0.9504 | C 2:0.9891| C 3:0.8559| C 4:0.9836| C 5:nan| C 6:nan| C 7:nan| C 8:nan| C 9:nan| C 10:nan| C 11:nan
Epoch[267/500] | Loss:0.0790 |Acc: 98.0000|Pred Confidence: 0.98 | C 0:0.9999 | C 1:0.9507 | C 2:0.9892| C 3:0.8610| C 4:0.9839| C 5:nan| C 6:nan| C 7:nan| C 8:nan| C 9:nan| C 10:nan| C 11:nan
Epoch[268/500] | Loss:0.0787 |Acc: 98.0000|Pred Confidence: 0.98 | C 0:0.9999 | C 1:0.9509 | C 2:0.9894| C 3:0.8660| C 4:0.9841| C 5:nan| C 6:nan| C 7:nan| C 8:nan| C 9:nan| C 10:nan| C 11:nan
Epoch[269/500] | Loss:0.0784 |Acc: 98.0000|Pred Confidence: 0.98 | C 0:0.9999 | C 1:0.9512 | C 2:0.9895| C 3:0.8708| C 4:0.9844| C 5:nan| C 6:nan| C 7:nan| C 8:nan| C 9:nan| C 10:nan| C 11:nan
Epoch[270/500] | Loss:0.0780 |Acc: 98.0000|Pred Confidence: 0.98 | C 0:0.9999 | C 1:0.9514 | C 2:0.9896| C 3:0.8756| C 4:0.9846| C 5:nan| C 6:nan| C 7:nan| C 8:nan| C 9:nan| C 10:nan| C 11:nan
Epoch[271/500] | Loss:0.0777 |Acc: 98.0000|Pred Confidence: 0.98 | C 0:0.9999 | C 1:0.9517 | C 2:0.9898| C 3:0.8801| C 4:0.9849| C 5:nan| C 6:nan| C 7:nan| C 8:nan| C 9:nan| C 10:nan| C 11:nan
Epoch[272/500] | Loss:0.0774 |Acc: 98.2000|Pred Confidence: 0.98 | C 0:0.9999 | C 1:0.9519 | C 2:0.9899| C 3:0.8551| C 4:0.9851| C 5:nan| C 6:nan| C 7:nan| C 8:nan| C 9:nan| C 10:nan| C 11:nan
Epoch[273/500] | Loss:0.0770 |Acc: 98.2000|Pred Confidence: 0.98 | C 0:0.9999 | C 1:0.9521 | C 2:0.9901| C 3:0.8605| C 4:0.9854| C 5:nan| C 6:nan| C 7:nan| C 8:nan| C 9:nan| C 10:nan| C 11:nan
Epoch[274/500] | Loss:0.0767 |Acc: 98.2000|Pred Confidence: 0.98 | C 0:0.9999 | C 1:0.9524 | C 2:0.9903| C 3:0.8657| C 4:0.9856| C 5:nan| C 6:nan| C 7:nan| C 8:nan| C 9:nan| C 10:nan| C 11:nan
Epoch[275/500] | Loss:0.0764 |Acc: 98.2000|Pred Confidence: 0.98 | C 0:0.9999 | C 1:0.9526 | C 2:0.9904| C 3:0.8708| C 4:0.9859| C 5:nan| C 6:nan| C 7:nan| C 8:nan| C 9:nan| C 10:nan| C 11:nan
Epoch[276/500] | Loss:0.0761 |Acc: 98.2000|Pred Confidence: 0.98 | C 0:0.9999 | C 1:0.9528 | C 2:0.9906| C 3:0.8758| C 4:0.9861| C 5:nan| C 6:nan| C 7:nan| C 8:nan| C 9:nan| C 10:nan| C 11:nan
Epoch[277/500] | Loss:0.0758 |Acc: 98.4000|Pred Confidence: 0.98 | C 0:0.9999 | C 1:0.9505 | C 2:0.9908| C 3:0.8806| C 4:0.9864| C 5:nan| C 6:nan| C 7:nan| C 8:nan| C 9:nan| C 10:nan| C 11:nan
Epoch[278/500] | Loss:0.0755 |Acc: 98.4000|Pred Confidence: 0.98 | C 0:0.9999 | C 1:0.9508 | C 2:0.9910| C 3:0.8853| C 4:0.9866| C 5:nan| C 6:nan| C 7:nan| C 8:nan| C 9:nan| C 10:nan| C 11:nan
Epoch[279/500] | Loss:0.0752 |Acc: 98.4000|Pred Confidence: 0.98 | C 0:0.9999 | C 1:0.9510 | C 2:0.9912| C 3:0.8899| C 4:0.9868| C 5:nan| C 6:nan| C 7:nan| C 8:nan| C 9:nan| C 10:nan| C 11:nan
Epoch[280/500] | Loss:0.0749 |Acc: 98.4000|Pred Confidence: 0.98 | C 0:0.9999 | C 1:0.9513 | C 2:0.9913| C 3:0.8943| C 4:0.9871| C 5:nan| C 6:nan| C 7:nan| C 8:nan| C 9:nan| C 10:nan| C 11:nan
Epoch[281/500] | Loss:0.0747 |Acc: 98.4000|Pred Confidence: 0.98 | C 0:0.9999 | C 1:0.9515 | C 2:0.9915| C 3:0.8985| C 4:0.9873| C 5:nan| C 6:nan| C 7:nan| C 8:nan| C 9:nan| C 10:nan| C 11:nan
Epoch[282/500] | Loss:0.0744 |Acc: 98.4000|Pred Confidence: 0.98 | C 0:0.9999 | C 1:0.9518 | C 2:0.9917| C 3:0.9026| C 4:0.9876| C 5:nan| C 6:nan| C 7:nan| C 8:nan| C 9:nan| C 10:nan| C 11:nan
Epoch[283/500] | Loss:0.0741 |Acc: 98.4000|Pred Confidence: 0.98 | C 0:0.9999 | C 1:0.9520 | C 2:0.9919| C 3:0.9066| C 4:0.9878| C 5:nan| C 6:nan| C 7:nan| C 8:nan| C 9:nan| C 10:nan| C 11:nan
Epoch[284/500] | Loss:0.0739 |Acc: 98.4000|Pred Confidence: 0.98 | C 0:0.9999 | C 1:0.9522 | C 2:0.9921| C 3:0.9104| C 4:0.9881| C 5:nan| C 6:nan| C 7:nan| C 8:nan| C 9:nan| C 10:nan| C 11:nan
Epoch[285/500] | Loss:0.0736 |Acc: 98.4000|Pred Confidence: 0.98 | C 0:0.9999 | C 1:0.9525 | C 2:0.9923| C 3:0.9141| C 4:0.9883| C 5:nan| C 6:nan| C 7:nan| C 8:nan| C 9:nan| C 10:nan| C 11:nan
Epoch[286/500] | Loss:0.0734 |Acc: 98.4000|Pred Confidence: 0.98 | C 0:0.9999 | C 1:0.9527 | C 2:0.9924| C 3:0.9176| C 4:0.9885| C 5:nan| C 6:nan| C 7:nan| C 8:nan| C 9:nan| C 10:nan| C 11:nan
Epoch[287/500] | Loss:0.0732 |Acc: 98.4000|Pred Confidence: 0.98 | C 0:0.9999 | C 1:0.9529 | C 2:0.9926| C 3:0.9210| C 4:0.9888| C 5:nan| C 6:nan| C 7:nan| C 8:nan| C 9:nan| C 10:nan| C 11:nan
Epoch[288/500] | Loss:0.0729 |Acc: 98.4000|Pred Confidence: 0.98 | C 0:0.9999 | C 1:0.9531 | C 2:0.9928| C 3:0.9242| C 4:0.9890| C 5:nan| C 6:nan| C 7:nan| C 8:nan| C 9:nan| C 10:nan| C 11:nan
Epoch[289/500] | Loss:0.0727 |Acc: 98.4000|Pred Confidence: 0.98 | C 0:0.9999 | C 1:0.9532 | C 2:0.9930| C 3:0.9273| C 4:0.9892| C 5:nan| C 6:nan| C 7:nan| C 8:nan| C 9:nan| C 10:nan| C 11:nan
Epoch[290/500] | Loss:0.0725 |Acc: 98.4000|Pred Confidence: 0.98 | C 0:0.9999 | C 1:0.9534 | C 2:0.9931| C 3:0.9303| C 4:0.9895| C 5:nan| C 6:nan| C 7:nan| C 8:nan| C 9:nan| C 10:nan| C 11:nan
Epoch[291/500] | Loss:0.0723 |Acc: 98.4000|Pred Confidence: 0.98 | C 0:0.9999 | C 1:0.9536 | C 2:0.9933| C 3:0.9331| C 4:0.9897| C 5:nan| C 6:nan| C 7:nan| C 8:nan| C 9:nan| C 10:nan| C 11:nan
Epoch[292/500] | Loss:0.0721 |Acc: 98.4000|Pred Confidence: 0.98 | C 0:1.0000 | C 1:0.9537 | C 2:0.9934| C 3:0.9358| C 4:0.9900| C 5:nan| C 6:nan| C 7:nan| C 8:nan| C 9:nan| C 10:nan| C 11:nan
Epoch[293/500] | Loss:0.0719 |Acc: 98.4000|Pred Confidence: 0.98 | C 0:1.0000 | C 1:0.9539 | C 2:0.9936| C 3:0.9384| C 4:0.9902| C 5:nan| C 6:nan| C 7:nan| C 8:nan| C 9:nan| C 10:nan| C 11:nan
Epoch[294/500] | Loss:0.0718 |Acc: 98.4000|Pred Confidence: 0.98 | C 0:1.0000 | C 1:0.9540 | C 2:0.9937| C 3:0.9409| C 4:0.9904| C 5:nan| C 6:nan| C 7:nan| C 8:nan| C 9:nan| C 10:nan| C 11:nan
Epoch[295/500] | Loss:0.0716 |Acc: 98.4000|Pred Confidence: 0.98 | C 0:1.0000 | C 1:0.9542 | C 2:0.9939| C 3:0.9432| C 4:0.9907| C 5:nan| C 6:nan| C 7:nan| C 8:nan| C 9:nan| C 10:nan| C 11:nan
Epoch[296/500] | Loss:0.0714 |Acc: 98.4000|Pred Confidence: 0.98 | C 0:1.0000 | C 1:0.9543 | C 2:0.9940| C 3:0.9454| C 4:0.9909| C 5:nan| C 6:nan| C 7:nan| C 8:nan| C 9:nan| C 10:nan| C 11:nan
Epoch[297/500] | Loss:0.0713 |Acc: 98.4000|Pred Confidence: 0.98 | C 0:1.0000 | C 1:0.9544 | C 2:0.9941| C 3:0.9475| C 4:0.9911| C 5:nan| C 6:nan| C 7:nan| C 8:nan| C 9:nan| C 10:nan| C 11:nan
Epoch[298/500] | Loss:0.0711 |Acc: 98.4000|Pred Confidence: 0.98 | C 0:1.0000 | C 1:0.9545 | C 2:0.9943| C 3:0.9494| C 4:0.9914| C 5:nan| C 6:nan| C 7:nan| C 8:nan| C 9:nan| C 10:nan| C 11:nan
Epoch[299/500] | Loss:0.0710 |Acc: 98.4000|Pred Confidence: 0.98 | C 0:1.0000 | C 1:0.9546 | C 2:0.9944| C 3:0.9513| C 4:0.9916| C 5:nan| C 6:nan| C 7:nan| C 8:nan| C 9:nan| C 10:nan| C 11:nan
Epoch[300/500] | Loss:0.0708 |Acc: 98.4000|Pred Confidence: 0.98 | C 0:1.0000 | C 1:0.9547 | C 2:0.9945| C 3:0.9531| C 4:0.9918| C 5:nan| C 6:nan| C 7:nan| C 8:nan| C 9:nan| C 10:nan| C 11:nan
Epoch[301/500] | Loss:0.0707 |Acc: 98.4000|Pred Confidence: 0.98 | C 0:1.0000 | C 1:0.9548 | C 2:0.9946| C 3:0.9547| C 4:0.9920| C 5:nan| C 6:nan| C 7:nan| C 8:nan| C 9:nan| C 10:nan| C 11:nan
Epoch[302/500] | Loss:0.0706 |Acc: 98.4000|Pred Confidence: 0.98 | C 0:1.0000 | C 1:0.9549 | C 2:0.9947| C 3:0.9563| C 4:0.9922| C 5:nan| C 6:nan| C 7:nan| C 8:nan| C 9:nan| C 10:nan| C 11:nan
Epoch[303/500] | Loss:0.0704 |Acc: 98.4000|Pred Confidence: 0.98 | C 0:1.0000 | C 1:0.9550 | C 2:0.9948| C 3:0.9578| C 4:0.9925| C 5:nan| C 6:nan| C 7:nan| C 8:nan| C 9:nan| C 10:nan| C 11:nan
Epoch[304/500] | Loss:0.0703 |Acc: 98.4000|Pred Confidence: 0.98 | C 0:1.0000 | C 1:0.9551 | C 2:0.9949| C 3:0.9592| C 4:0.9927| C 5:nan| C 6:nan| C 7:nan| C 8:nan| C 9:nan| C 10:nan| C 11:nan
Epoch[305/500] | Loss:0.0702 |Acc: 98.4000|Pred Confidence: 0.98 | C 0:1.0000 | C 1:0.9551 | C 2:0.9950| C 3:0.9606| C 4:0.9929| C 5:nan| C 6:nan| C 7:nan| C 8:nan| C 9:nan| C 10:nan| C 11:nan
Epoch[306/500] | Loss:0.0701 |Acc: 98.4000|Pred Confidence: 0.98 | C 0:1.0000 | C 1:0.9552 | C 2:0.9950| C 3:0.9618| C 4:0.9931| C 5:nan| C 6:nan| C 7:nan| C 8:nan| C 9:nan| C 10:nan| C 11:nan
Epoch[307/500] | Loss:0.0700 |Acc: 98.4000|Pred Confidence: 0.98 | C 0:1.0000 | C 1:0.9553 | C 2:0.9951| C 3:0.9630| C 4:0.9933| C 5:nan| C 6:nan| C 7:nan| C 8:nan| C 9:nan| C 10:nan| C 11:nan
Epoch[308/500] | Loss:0.0699 |Acc: 98.4000|Pred Confidence: 0.98 | C 0:1.0000 | C 1:0.9553 | C 2:0.9952| C 3:0.9641| C 4:0.9935| C 5:nan| C 6:nan| C 7:nan| C 8:nan| C 9:nan| C 10:nan| C 11:nan
Epoch[309/500] | Loss:0.0697 |Acc: 98.4000|Pred Confidence: 0.98 | C 0:1.0000 | C 1:0.9554 | C 2:0.9952| C 3:0.9651| C 4:0.9936| C 5:nan| C 6:nan| C 7:nan| C 8:nan| C 9:nan| C 10:nan| C 11:nan
Epoch[310/500] | Loss:0.0696 |Acc: 98.4000|Pred Confidence: 0.98 | C 0:1.0000 | C 1:0.9554 | C 2:0.9953| C 3:0.9661| C 4:0.9938| C 5:nan| C 6:nan| C 7:nan| C 8:nan| C 9:nan| C 10:nan| C 11:nan
Epoch[311/500] | Loss:0.0695 |Acc: 98.4000|Pred Confidence: 0.98 | C 0:1.0000 | C 1:0.9555 | C 2:0.9953| C 3:0.9670| C 4:0.9940| C 5:nan| C 6:nan| C 7:nan| C 8:nan| C 9:nan| C 10:nan| C 11:nan
Epoch[312/500] | Loss:0.0694 |Acc: 98.4000|Pred Confidence: 0.98 | C 0:1.0000 | C 1:0.9555 | C 2:0.9954| C 3:0.9679| C 4:0.9942| C 5:nan| C 6:nan| C 7:nan| C 8:nan| C 9:nan| C 10:nan| C 11:nan
Epoch[313/500] | Loss:0.0693 |Acc: 98.4000|Pred Confidence: 0.98 | C 0:1.0000 | C 1:0.9556 | C 2:0.9954| C 3:0.9687| C 4:0.9943| C 5:nan| C 6:nan| C 7:nan| C 8:nan| C 9:nan| C 10:nan| C 11:nan
Epoch[314/500] | Loss:0.0692 |Acc: 98.4000|Pred Confidence: 0.98 | C 0:1.0000 | C 1:0.9556 | C 2:0.9954| C 3:0.9694| C 4:0.9945| C 5:nan| C 6:nan| C 7:nan| C 8:nan| C 9:nan| C 10:nan| C 11:nan
Epoch[315/500] | Loss:0.0691 |Acc: 98.4000|Pred Confidence: 0.98 | C 0:1.0000 | C 1:0.9557 | C 2:0.9954| C 3:0.9701| C 4:0.9946| C 5:nan| C 6:nan| C 7:nan| C 8:nan| C 9:nan| C 10:nan| C 11:nan
Epoch[316/500] | Loss:0.0690 |Acc: 98.4000|Pred Confidence: 0.98 | C 0:1.0000 | C 1:0.9557 | C 2:0.9954| C 3:0.9707| C 4:0.9948| C 5:nan| C 6:nan| C 7:nan| C 8:nan| C 9:nan| C 10:nan| C 11:nan
Epoch[317/500] | Loss:0.0689 |Acc: 98.4000|Pred Confidence: 0.98 | C 0:1.0000 | C 1:0.9557 | C 2:0.9954| C 3:0.9712| C 4:0.9949| C 5:nan| C 6:nan| C 7:nan| C 8:nan| C 9:nan| C 10:nan| C 11:nan
Epoch[318/500] | Loss:0.0688 |Acc: 98.4000|Pred Confidence: 0.98 | C 0:1.0000 | C 1:0.9558 | C 2:0.9954| C 3:0.9717| C 4:0.9951| C 5:nan| C 6:nan| C 7:nan| C 8:nan| C 9:nan| C 10:nan| C 11:nan
Epoch[319/500] | Loss:0.0687 |Acc: 98.4000|Pred Confidence: 0.98 | C 0:1.0000 | C 1:0.9558 | C 2:0.9953| C 3:0.9722| C 4:0.9952| C 5:nan| C 6:nan| C 7:nan| C 8:nan| C 9:nan| C 10:nan| C 11:nan
Epoch[320/500] | Loss:0.0686 |Acc: 98.4000|Pred Confidence: 0.98 | C 0:1.0000 | C 1:0.9558 | C 2:0.9953| C 3:0.9726| C 4:0.9953| C 5:nan| C 6:nan| C 7:nan| C 8:nan| C 9:nan| C 10:nan| C 11:nan
Epoch[321/500] | Loss:0.0685 |Acc: 98.4000|Pred Confidence: 0.98 | C 0:1.0000 | C 1:0.9559 | C 2:0.9952| C 3:0.9730| C 4:0.9954| C 5:nan| C 6:nan| C 7:nan| C 8:nan| C 9:nan| C 10:nan| C 11:nan
Epoch[322/500] | Loss:0.0684 |Acc: 98.4000|Pred Confidence: 0.98 | C 0:1.0000 | C 1:0.9559 | C 2:0.9951| C 3:0.9733| C 4:0.9955| C 5:nan| C 6:nan| C 7:nan| C 8:nan| C 9:nan| C 10:nan| C 11:nan
Epoch[323/500] | Loss:0.0683 |Acc: 98.4000|Pred Confidence: 0.98 | C 0:1.0000 | C 1:0.9559 | C 2:0.9950| C 3:0.9735| C 4:0.9956| C 5:nan| C 6:nan| C 7:nan| C 8:nan| C 9:nan| C 10:nan| C 11:nan
Epoch[324/500] | Loss:0.0682 |Acc: 98.4000|Pred Confidence: 0.98 | C 0:1.0000 | C 1:0.9559 | C 2:0.9949| C 3:0.9738| C 4:0.9957| C 5:nan| C 6:nan| C 7:nan| C 8:nan| C 9:nan| C 10:nan| C 11:nan
Epoch[325/500] | Loss:0.0681 |Acc: 98.4000|Pred Confidence: 0.98 | C 0:1.0000 | C 1:0.9560 | C 2:0.9948| C 3:0.9740| C 4:0.9957| C 5:nan| C 6:nan| C 7:nan| C 8:nan| C 9:nan| C 10:nan| C 11:nan
Epoch[326/500] | Loss:0.0680 |Acc: 98.4000|Pred Confidence: 0.98 | C 0:1.0000 | C 1:0.9560 | C 2:0.9947| C 3:0.9742| C 4:0.9958| C 5:nan| C 6:nan| C 7:nan| C 8:nan| C 9:nan| C 10:nan| C 11:nan
Epoch[327/500] | Loss:0.0678 |Acc: 98.4000|Pred Confidence: 0.98 | C 0:1.0000 | C 1:0.9560 | C 2:0.9946| C 3:0.9743| C 4:0.9958| C 5:nan| C 6:nan| C 7:nan| C 8:nan| C 9:nan| C 10:nan| C 11:nan
Epoch[328/500] | Loss:0.0677 |Acc: 98.4000|Pred Confidence: 0.98 | C 0:1.0000 | C 1:0.9561 | C 2:0.9944| C 3:0.9744| C 4:0.9958| C 5:nan| C 6:nan| C 7:nan| C 8:nan| C 9:nan| C 10:nan| C 11:nan
Epoch[329/500] | Loss:0.0675 |Acc: 98.4000|Pred Confidence: 0.98 | C 0:1.0000 | C 1:0.9561 | C 2:0.9943| C 3:0.9746| C 4:0.9958| C 5:nan| C 6:nan| C 7:nan| C 8:nan| C 9:nan| C 10:nan| C 11:nan
Epoch[330/500] | Loss:0.0673 |Acc: 98.4000|Pred Confidence: 0.98 | C 0:1.0000 | C 1:0.9562 | C 2:0.9942| C 3:0.9747| C 4:0.9958| C 5:nan| C 6:nan| C 7:nan| C 8:nan| C 9:nan| C 10:nan| C 11:nan
Epoch[331/500] | Loss:0.0671 |Acc: 98.4000|Pred Confidence: 0.98 | C 0:1.0000 | C 1:0.9562 | C 2:0.9941| C 3:0.9748| C 4:0.9958| C 5:nan| C 6:nan| C 7:nan| C 8:nan| C 9:nan| C 10:nan| C 11:nan
Epoch[332/500] | Loss:0.0669 |Acc: 98.4000|Pred Confidence: 0.98 | C 0:1.0000 | C 1:0.9563 | C 2:0.9940| C 3:0.9750| C 4:0.9958| C 5:nan| C 6:nan| C 7:nan| C 8:nan| C 9:nan| C 10:nan| C 11:nan
Epoch[333/500] | Loss:0.0667 |Acc: 98.4000|Pred Confidence: 0.98 | C 0:1.0000 | C 1:0.9564 | C 2:0.9938| C 3:0.9751| C 4:0.9957| C 5:nan| C 6:nan| C 7:nan| C 8:nan| C 9:nan| C 10:nan| C 11:nan
Epoch[334/500] | Loss:0.0664 |Acc: 98.4000|Pred Confidence: 0.98 | C 0:1.0000 | C 1:0.9565 | C 2:0.9938| C 3:0.9753| C 4:0.9956| C 5:nan| C 6:nan| C 7:nan| C 8:nan| C 9:nan| C 10:nan| C 11:nan
Epoch[335/500] | Loss:0.0661 |Acc: 98.4000|Pred Confidence: 0.98 | C 0:1.0000 | C 1:0.9566 | C 2:0.9936| C 3:0.9755| C 4:0.9956| C 5:nan| C 6:nan| C 7:nan| C 8:nan| C 9:nan| C 10:nan| C 11:nan
Epoch[336/500] | Loss:0.0658 |Acc: 98.4000|Pred Confidence: 0.98 | C 0:1.0000 | C 1:0.9568 | C 2:0.9936| C 3:0.9757| C 4:0.9955| C 5:nan| C 6:nan| C 7:nan| C 8:nan| C 9:nan| C 10:nan| C 11:nan
Epoch[337/500] | Loss:0.0655 |Acc: 98.4000|Pred Confidence: 0.98 | C 0:1.0000 | C 1:0.9570 | C 2:0.9934| C 3:0.9760| C 4:0.9954| C 5:nan| C 6:nan| C 7:nan| C 8:nan| C 9:nan| C 10:nan| C 11:nan
Epoch[338/500] | Loss:0.0652 |Acc: 98.4000|Pred Confidence: 0.98 | C 0:1.0000 | C 1:0.9571 | C 2:0.9935| C 3:0.9762| C 4:0.9953| C 5:nan| C 6:nan| C 7:nan| C 8:nan| C 9:nan| C 10:nan| C 11:nan
Epoch[339/500] | Loss:0.0648 |Acc: 98.4000|Pred Confidence: 0.98 | C 0:1.0000 | C 1:0.9574 | C 2:0.9931| C 3:0.9765| C 4:0.9952| C 5:nan| C 6:nan| C 7:nan| C 8:nan| C 9:nan| C 10:nan| C 11:nan
Epoch[340/500] | Loss:0.0644 |Acc: 98.4000|Pred Confidence: 0.98 | C 0:1.0000 | C 1:0.9576 | C 2:0.9936| C 3:0.9767| C 4:0.9952| C 5:nan| C 6:nan| C 7:nan| C 8:nan| C 9:nan| C 10:nan| C 11:nan
Epoch[341/500] | Loss:0.0639 |Acc: 98.4000|Pred Confidence: 0.98 | C 0:1.0000 | C 1:0.9579 | C 2:0.9925| C 3:0.9770| C 4:0.9949| C 5:nan| C 6:nan| C 7:nan| C 8:nan| C 9:nan| C 10:nan| C 11:nan
Epoch[342/500] | Loss:0.0636 |Acc: 98.4000|Pred Confidence: 0.98 | C 0:1.0000 | C 1:0.9581 | C 2:0.9940| C 3:0.9770| C 4:0.9950| C 5:nan| C 6:nan| C 7:nan| C 8:nan| C 9:nan| C 10:nan| C 11:nan
Epoch[343/500] | Loss:0.0629 |Acc: 98.4000|Pred Confidence: 0.98 | C 0:1.0000 | C 1:0.9586 | C 2:0.9907| C 3:0.9761| C 4:0.9943| C 5:nan| C 6:nan| C 7:nan| C 8:nan| C 9:nan| C 10:nan| C 11:nan
Epoch[344/500] | Loss:0.0631 |Acc: 98.4000|Pred Confidence: 0.98 | C 0:1.0000 | C 1:0.9588 | C 2:0.9950| C 3:0.9734| C 4:0.9945| C 5:nan| C 6:nan| C 7:nan| C 8:nan| C 9:nan| C 10:nan| C 11:nan
Epoch[345/500] | Loss:0.0622 |Acc: 98.4000|Pred Confidence: 0.98 | C 0:0.9999 | C 1:0.9592 | C 2:0.9783| C 3:0.9520| C 4:0.9925| C 5:nan| C 6:nan| C 7:nan| C 8:nan| C 9:nan| C 10:nan| C 11:nan
Epoch[346/500] | Loss:0.0649 |Acc: 98.4000|Pred Confidence: 0.98 | C 0:0.9997 | C 1:0.9582 | C 2:0.9937| C 3:0.9595| C 4:0.9785| C 5:nan| C 6:nan| C 7:nan| C 8:nan| C 9:nan| C 10:nan| C 11:nan
Epoch[347/500] | Loss:0.0614 |Acc: 98.6000|Pred Confidence: 0.98 | C 0:1.0000 | C 1:0.9592 | C 2:0.9910| C 3:0.9464| C 4:0.9961| C 5:nan| C 6:nan| C 7:nan| C 8:nan| C 9:nan| C 10:nan| C 11:nan
Epoch[348/500] | Loss:0.0597 |Acc: 98.6000|Pred Confidence: 0.98 | C 0:1.0000 | C 1:0.9607 | C 2:0.9792| C 3:0.9549| C 4:0.9953| C 5:nan| C 6:nan| C 7:nan| C 8:nan| C 9:nan| C 10:nan| C 11:nan
Epoch[349/500] | Loss:0.0628 |Acc: 98.6000|Pred Confidence: 0.98 | C 0:0.9999 | C 1:0.9573 | C 2:0.9963| C 3:0.9479| C 4:0.9965| C 5:nan| C 6:nan| C 7:nan| C 8:nan| C 9:nan| C 10:nan| C 11:nan
Epoch[350/500] | Loss:0.0583 |Acc: 98.6000|Pred Confidence: 0.99 | C 0:1.0000 | C 1:0.9634 | C 2:0.9885| C 3:0.9518| C 4:0.9930| C 5:nan| C 6:nan| C 7:nan| C 8:nan| C 9:nan| C 10:nan| C 11:nan
Epoch[351/500] | Loss:0.0617 |Acc: 98.6000|Pred Confidence: 0.98 | C 0:1.0000 | C 1:0.9594 | C 2:0.9973| C 3:0.9354| C 4:0.9964| C 5:nan| C 6:nan| C 7:nan| C 8:nan| C 9:nan| C 10:nan| C 11:nan
Epoch[352/500] | Loss:0.0627 |Acc: 98.2000|Pred Confidence: 0.98 | C 0:1.0000 | C 1:0.9626 | C 2:0.9528| C 3:0.9700| C 4:0.9883| C 5:nan| C 6:nan| C 7:nan| C 8:nan| C 9:nan| C 10:nan| C 11:nan
Epoch[353/500] | Loss:0.0986 |Acc: 97.0000|Pred Confidence: 0.98 | C 0:0.9998 | C 1:0.9617 | C 2:0.9989| C 3:0.9123| C 4:0.9732| C 5:nan| C 6:nan| C 7:nan| C 8:nan| C 9:nan| C 10:nan| C 11:nan
Epoch[354/500] | Loss:0.0988 |Acc: 97.2000|Pred Confidence: 0.98 | C 0:0.9999 | C 1:0.9582 | C 2:0.9993| C 3:0.8673| C 4:0.9986| C 5:nan| C 6:nan| C 7:nan| C 8:nan| C 9:nan| C 10:nan| C 11:nan
Epoch[355/500] | Loss:0.1058 |Acc: 96.8000|Pred Confidence: 0.98 | C 0:0.9996 | C 1:0.9621 | C 2:0.8343| C 3:0.9617| C 4:0.9950| C 5:nan| C 6:nan| C 7:nan| C 8:nan| C 9:nan| C 10:nan| C 11:nan
Epoch[356/500] | Loss:0.1229 |Acc: 96.4000|Pred Confidence: 0.98 | C 0:0.9998 | C 1:0.9594 | C 2:0.9999| C 3:0.8008| C 4:0.9133| C 5:nan| C 6:nan| C 7:nan| C 8:nan| C 9:nan| C 10:nan| C 11:nan
Epoch[357/500] | Loss:0.1440 |Acc: 96.0000|Pred Confidence: 0.98 | C 0:0.9999 | C 1:0.9578 | C 2:0.9423| C 3:0.9463| C 4:0.9984| C 5:nan| C 6:nan| C 7:nan| C 8:nan| C 9:nan| C 10:nan| C 11:nan
Epoch[358/500] | Loss:0.1149 |Acc: 97.8000|Pred Confidence: 0.98 | C 0:0.9999 | C 1:0.9386 | C 2:0.9999| C 3:0.9635| C 4:0.9537| C 5:nan| C 6:nan| C 7:nan| C 8:nan| C 9:nan| C 10:nan| C 11:nan
Epoch[359/500] | Loss:0.0594 |Acc: 98.6000|Pred Confidence: 0.98 | C 0:1.0000 | C 1:0.9573 | C 2:0.9994| C 3:0.9097| C 4:0.9987| C 5:nan| C 6:nan| C 7:nan| C 8:nan| C 9:nan| C 10:nan| C 11:nan
Epoch[360/500] | Loss:0.0581 |Acc: 98.6000|Pred Confidence: 0.98 | C 0:1.0000 | C 1:0.9564 | C 2:0.9992| C 3:0.9300| C 4:0.9972| C 5:nan| C 6:nan| C 7:nan| C 8:nan| C 9:nan| C 10:nan| C 11:nan
Epoch[361/500] | Loss:0.0576 |Acc: 98.6000|Pred Confidence: 0.98 | C 0:1.0000 | C 1:0.9578 | C 2:0.9991| C 3:0.9370| C 4:0.9959| C 5:nan| C 6:nan| C 7:nan| C 8:nan| C 9:nan| C 10:nan| C 11:nan
Epoch[362/500] | Loss:0.0572 |Acc: 98.6000|Pred Confidence: 0.98 | C 0:1.0000 | C 1:0.9595 | C 2:0.9990| C 3:0.9412| C 4:0.9953| C 5:nan| C 6:nan| C 7:nan| C 8:nan| C 9:nan| C 10:nan| C 11:nan
Epoch[363/500] | Loss:0.0569 |Acc: 98.6000|Pred Confidence: 0.98 | C 0:1.0000 | C 1:0.9609 | C 2:0.9990| C 3:0.9445| C 4:0.9950| C 5:nan| C 6:nan| C 7:nan| C 8:nan| C 9:nan| C 10:nan| C 11:nan
Epoch[364/500] | Loss:0.0567 |Acc: 98.6000|Pred Confidence: 0.98 | C 0:1.0000 | C 1:0.9618 | C 2:0.9989| C 3:0.9475| C 4:0.9950| C 5:nan| C 6:nan| C 7:nan| C 8:nan| C 9:nan| C 10:nan| C 11:nan
Epoch[365/500] | Loss:0.0565 |Acc: 98.6000|Pred Confidence: 0.99 | C 0:1.0000 | C 1:0.9625 | C 2:0.9989| C 3:0.9504| C 4:0.9950| C 5:nan| C 6:nan| C 7:nan| C 8:nan| C 9:nan| C 10:nan| C 11:nan
Epoch[366/500] | Loss:0.0563 |Acc: 98.6000|Pred Confidence: 0.99 | C 0:1.0000 | C 1:0.9630 | C 2:0.9988| C 3:0.9530| C 4:0.9952| C 5:nan| C 6:nan| C 7:nan| C 8:nan| C 9:nan| C 10:nan| C 11:nan
Epoch[367/500] | Loss:0.0561 |Acc: 98.8000|Pred Confidence: 0.98 | C 0:1.0000 | C 1:0.9633 | C 2:0.9987| C 3:0.9337| C 4:0.9953| C 5:nan| C 6:nan| C 7:nan| C 8:nan| C 9:nan| C 10:nan| C 11:nan
Epoch[368/500] | Loss:0.0560 |Acc: 98.8000|Pred Confidence: 0.98 | C 0:1.0000 | C 1:0.9636 | C 2:0.9987| C 3:0.9364| C 4:0.9955| C 5:nan| C 6:nan| C 7:nan| C 8:nan| C 9:nan| C 10:nan| C 11:nan
Epoch[369/500] | Loss:0.0559 |Acc: 98.8000|Pred Confidence: 0.98 | C 0:1.0000 | C 1:0.9638 | C 2:0.9986| C 3:0.9389| C 4:0.9957| C 5:nan| C 6:nan| C 7:nan| C 8:nan| C 9:nan| C 10:nan| C 11:nan
Epoch[370/500] | Loss:0.0557 |Acc: 98.8000|Pred Confidence: 0.99 | C 0:1.0000 | C 1:0.9640 | C 2:0.9985| C 3:0.9412| C 4:0.9958| C 5:nan| C 6:nan| C 7:nan| C 8:nan| C 9:nan| C 10:nan| C 11:nan
Epoch[371/500] | Loss:0.0556 |Acc: 98.8000|Pred Confidence: 0.99 | C 0:1.0000 | C 1:0.9642 | C 2:0.9985| C 3:0.9433| C 4:0.9960| C 5:nan| C 6:nan| C 7:nan| C 8:nan| C 9:nan| C 10:nan| C 11:nan
Epoch[372/500] | Loss:0.0555 |Acc: 98.8000|Pred Confidence: 0.99 | C 0:1.0000 | C 1:0.9643 | C 2:0.9984| C 3:0.9453| C 4:0.9961| C 5:nan| C 6:nan| C 7:nan| C 8:nan| C 9:nan| C 10:nan| C 11:nan
Epoch[373/500] | Loss:0.0554 |Acc: 98.8000|Pred Confidence: 0.99 | C 0:1.0000 | C 1:0.9644 | C 2:0.9983| C 3:0.9472| C 4:0.9963| C 5:nan| C 6:nan| C 7:nan| C 8:nan| C 9:nan| C 10:nan| C 11:nan
Epoch[374/500] | Loss:0.0553 |Acc: 98.8000|Pred Confidence: 0.99 | C 0:1.0000 | C 1:0.9645 | C 2:0.9982| C 3:0.9489| C 4:0.9964| C 5:nan| C 6:nan| C 7:nan| C 8:nan| C 9:nan| C 10:nan| C 11:nan
Epoch[375/500] | Loss:0.0552 |Acc: 98.8000|Pred Confidence: 0.99 | C 0:1.0000 | C 1:0.9646 | C 2:0.9982| C 3:0.9506| C 4:0.9966| C 5:nan| C 6:nan| C 7:nan| C 8:nan| C 9:nan| C 10:nan| C 11:nan
Epoch[376/500] | Loss:0.0551 |Acc: 98.8000|Pred Confidence: 0.99 | C 0:1.0000 | C 1:0.9647 | C 2:0.9981| C 3:0.9521| C 4:0.9967| C 5:nan| C 6:nan| C 7:nan| C 8:nan| C 9:nan| C 10:nan| C 11:nan
Epoch[377/500] | Loss:0.0550 |Acc: 98.8000|Pred Confidence: 0.99 | C 0:1.0000 | C 1:0.9648 | C 2:0.9980| C 3:0.9536| C 4:0.9968| C 5:nan| C 6:nan| C 7:nan| C 8:nan| C 9:nan| C 10:nan| C 11:nan
Epoch[378/500] | Loss:0.0550 |Acc: 98.8000|Pred Confidence: 0.99 | C 0:1.0000 | C 1:0.9648 | C 2:0.9979| C 3:0.9550| C 4:0.9969| C 5:nan| C 6:nan| C 7:nan| C 8:nan| C 9:nan| C 10:nan| C 11:nan
Epoch[379/500] | Loss:0.0549 |Acc: 98.8000|Pred Confidence: 0.99 | C 0:1.0000 | C 1:0.9649 | C 2:0.9979| C 3:0.9563| C 4:0.9970| C 5:nan| C 6:nan| C 7:nan| C 8:nan| C 9:nan| C 10:nan| C 11:nan
Epoch[380/500] | Loss:0.0548 |Acc: 98.8000|Pred Confidence: 0.99 | C 0:1.0000 | C 1:0.9650 | C 2:0.9978| C 3:0.9575| C 4:0.9971| C 5:nan| C 6:nan| C 7:nan| C 8:nan| C 9:nan| C 10:nan| C 11:nan
Epoch[381/500] | Loss:0.0547 |Acc: 98.8000|Pred Confidence: 0.99 | C 0:1.0000 | C 1:0.9650 | C 2:0.9977| C 3:0.9588| C 4:0.9972| C 5:nan| C 6:nan| C 7:nan| C 8:nan| C 9:nan| C 10:nan| C 11:nan
Epoch[382/500] | Loss:0.0546 |Acc: 98.8000|Pred Confidence: 0.99 | C 0:1.0000 | C 1:0.9651 | C 2:0.9976| C 3:0.9599| C 4:0.9973| C 5:nan| C 6:nan| C 7:nan| C 8:nan| C 9:nan| C 10:nan| C 11:nan
Epoch[383/500] | Loss:0.0546 |Acc: 98.8000|Pred Confidence: 0.99 | C 0:1.0000 | C 1:0.9652 | C 2:0.9975| C 3:0.9610| C 4:0.9974| C 5:nan| C 6:nan| C 7:nan| C 8:nan| C 9:nan| C 10:nan| C 11:nan
Epoch[384/500] | Loss:0.0545 |Acc: 98.8000|Pred Confidence: 0.99 | C 0:1.0000 | C 1:0.9652 | C 2:0.9974| C 3:0.9621| C 4:0.9975| C 5:nan| C 6:nan| C 7:nan| C 8:nan| C 9:nan| C 10:nan| C 11:nan
Epoch[385/500] | Loss:0.0544 |Acc: 98.8000|Pred Confidence: 0.99 | C 0:1.0000 | C 1:0.9653 | C 2:0.9973| C 3:0.9631| C 4:0.9976| C 5:nan| C 6:nan| C 7:nan| C 8:nan| C 9:nan| C 10:nan| C 11:nan
Epoch[386/500] | Loss:0.0543 |Acc: 98.8000|Pred Confidence: 0.99 | C 0:1.0000 | C 1:0.9654 | C 2:0.9972| C 3:0.9641| C 4:0.9976| C 5:nan| C 6:nan| C 7:nan| C 8:nan| C 9:nan| C 10:nan| C 11:nan
Epoch[387/500] | Loss:0.0543 |Acc: 98.8000|Pred Confidence: 0.99 | C 0:1.0000 | C 1:0.9654 | C 2:0.9971| C 3:0.9651| C 4:0.9977| C 5:nan| C 6:nan| C 7:nan| C 8:nan| C 9:nan| C 10:nan| C 11:nan
Epoch[388/500] | Loss:0.0542 |Acc: 98.8000|Pred Confidence: 0.99 | C 0:1.0000 | C 1:0.9655 | C 2:0.9971| C 3:0.9660| C 4:0.9977| C 5:nan| C 6:nan| C 7:nan| C 8:nan| C 9:nan| C 10:nan| C 11:nan
Epoch[389/500] | Loss:0.0541 |Acc: 98.8000|Pred Confidence: 0.99 | C 0:1.0000 | C 1:0.9655 | C 2:0.9970| C 3:0.9669| C 4:0.9978| C 5:nan| C 6:nan| C 7:nan| C 8:nan| C 9:nan| C 10:nan| C 11:nan
Epoch[390/500] | Loss:0.0540 |Acc: 98.8000|Pred Confidence: 0.99 | C 0:1.0000 | C 1:0.9656 | C 2:0.9969| C 3:0.9678| C 4:0.9978| C 5:nan| C 6:nan| C 7:nan| C 8:nan| C 9:nan| C 10:nan| C 11:nan
Epoch[391/500] | Loss:0.0540 |Acc: 98.8000|Pred Confidence: 0.99 | C 0:1.0000 | C 1:0.9657 | C 2:0.9968| C 3:0.9686| C 4:0.9979| C 5:nan| C 6:nan| C 7:nan| C 8:nan| C 9:nan| C 10:nan| C 11:nan
Epoch[392/500] | Loss:0.0539 |Acc: 98.8000|Pred Confidence: 0.99 | C 0:1.0000 | C 1:0.9657 | C 2:0.9967| C 3:0.9695| C 4:0.9979| C 5:nan| C 6:nan| C 7:nan| C 8:nan| C 9:nan| C 10:nan| C 11:nan
Epoch[393/500] | Loss:0.0538 |Acc: 98.8000|Pred Confidence: 0.99 | C 0:1.0000 | C 1:0.9658 | C 2:0.9966| C 3:0.9702| C 4:0.9979| C 5:nan| C 6:nan| C 7:nan| C 8:nan| C 9:nan| C 10:nan| C 11:nan
Epoch[394/500] | Loss:0.0538 |Acc: 98.8000|Pred Confidence: 0.99 | C 0:1.0000 | C 1:0.9658 | C 2:0.9966| C 3:0.9710| C 4:0.9980| C 5:nan| C 6:nan| C 7:nan| C 8:nan| C 9:nan| C 10:nan| C 11:nan
Epoch[395/500] | Loss:0.0537 |Acc: 98.8000|Pred Confidence: 0.99 | C 0:1.0000 | C 1:0.9659 | C 2:0.9965| C 3:0.9717| C 4:0.9980| C 5:nan| C 6:nan| C 7:nan| C 8:nan| C 9:nan| C 10:nan| C 11:nan
Epoch[396/500] | Loss:0.0536 |Acc: 98.8000|Pred Confidence: 0.99 | C 0:1.0000 | C 1:0.9660 | C 2:0.9964| C 3:0.9725| C 4:0.9980| C 5:nan| C 6:nan| C 7:nan| C 8:nan| C 9:nan| C 10:nan| C 11:nan
Epoch[397/500] | Loss:0.0536 |Acc: 98.8000|Pred Confidence: 0.99 | C 0:1.0000 | C 1:0.9660 | C 2:0.9964| C 3:0.9731| C 4:0.9980| C 5:nan| C 6:nan| C 7:nan| C 8:nan| C 9:nan| C 10:nan| C 11:nan
Epoch[398/500] | Loss:0.0535 |Acc: 98.8000|Pred Confidence: 0.99 | C 0:1.0000 | C 1:0.9661 | C 2:0.9963| C 3:0.9738| C 4:0.9980| C 5:nan| C 6:nan| C 7:nan| C 8:nan| C 9:nan| C 10:nan| C 11:nan
Epoch[399/500] | Loss:0.0534 |Acc: 98.8000|Pred Confidence: 0.99 | C 0:1.0000 | C 1:0.9661 | C 2:0.9963| C 3:0.9745| C 4:0.9981| C 5:nan| C 6:nan| C 7:nan| C 8:nan| C 9:nan| C 10:nan| C 11:nan
Epoch[400/500] | Loss:0.0534 |Acc: 98.8000|Pred Confidence: 0.99 | C 0:1.0000 | C 1:0.9662 | C 2:0.9962| C 3:0.9751| C 4:0.9981| C 5:nan| C 6:nan| C 7:nan| C 8:nan| C 9:nan| C 10:nan| C 11:nan
Epoch[401/500] | Loss:0.0533 |Acc: 98.8000|Pred Confidence: 0.99 | C 0:1.0000 | C 1:0.9662 | C 2:0.9962| C 3:0.9757| C 4:0.9981| C 5:nan| C 6:nan| C 7:nan| C 8:nan| C 9:nan| C 10:nan| C 11:nan
Epoch[402/500] | Loss:0.0532 |Acc: 98.8000|Pred Confidence: 0.99 | C 0:1.0000 | C 1:0.9663 | C 2:0.9961| C 3:0.9763| C 4:0.9981| C 5:nan| C 6:nan| C 7:nan| C 8:nan| C 9:nan| C 10:nan| C 11:nan
Epoch[403/500] | Loss:0.0532 |Acc: 98.8000|Pred Confidence: 0.99 | C 0:1.0000 | C 1:0.9663 | C 2:0.9961| C 3:0.9769| C 4:0.9981| C 5:nan| C 6:nan| C 7:nan| C 8:nan| C 9:nan| C 10:nan| C 11:nan
Epoch[404/500] | Loss:0.0531 |Acc: 98.8000|Pred Confidence: 0.99 | C 0:1.0000 | C 1:0.9664 | C 2:0.9961| C 3:0.9774| C 4:0.9981| C 5:nan| C 6:nan| C 7:nan| C 8:nan| C 9:nan| C 10:nan| C 11:nan
Epoch[405/500] | Loss:0.0530 |Acc: 98.8000|Pred Confidence: 0.99 | C 0:1.0000 | C 1:0.9664 | C 2:0.9960| C 3:0.9779| C 4:0.9981| C 5:nan| C 6:nan| C 7:nan| C 8:nan| C 9:nan| C 10:nan| C 11:nan
Epoch[406/500] | Loss:0.0530 |Acc: 98.8000|Pred Confidence: 0.99 | C 0:1.0000 | C 1:0.9665 | C 2:0.9960| C 3:0.9785| C 4:0.9981| C 5:nan| C 6:nan| C 7:nan| C 8:nan| C 9:nan| C 10:nan| C 11:nan
Epoch[407/500] | Loss:0.0529 |Acc: 98.8000|Pred Confidence: 0.99 | C 0:1.0000 | C 1:0.9665 | C 2:0.9960| C 3:0.9790| C 4:0.9981| C 5:nan| C 6:nan| C 7:nan| C 8:nan| C 9:nan| C 10:nan| C 11:nan
Epoch[408/500] | Loss:0.0528 |Acc: 98.8000|Pred Confidence: 0.99 | C 0:1.0000 | C 1:0.9666 | C 2:0.9960| C 3:0.9794| C 4:0.9981| C 5:nan| C 6:nan| C 7:nan| C 8:nan| C 9:nan| C 10:nan| C 11:nan
Epoch[409/500] | Loss:0.0528 |Acc: 98.8000|Pred Confidence: 0.99 | C 0:1.0000 | C 1:0.9666 | C 2:0.9960| C 3:0.9799| C 4:0.9981| C 5:nan| C 6:nan| C 7:nan| C 8:nan| C 9:nan| C 10:nan| C 11:nan
Epoch[410/500] | Loss:0.0527 |Acc: 98.8000|Pred Confidence: 0.99 | C 0:1.0000 | C 1:0.9667 | C 2:0.9959| C 3:0.9804| C 4:0.9982| C 5:nan| C 6:nan| C 7:nan| C 8:nan| C 9:nan| C 10:nan| C 11:nan
Epoch[411/500] | Loss:0.0526 |Acc: 98.8000|Pred Confidence: 0.99 | C 0:1.0000 | C 1:0.9667 | C 2:0.9959| C 3:0.9808| C 4:0.9982| C 5:nan| C 6:nan| C 7:nan| C 8:nan| C 9:nan| C 10:nan| C 11:nan
Epoch[412/500] | Loss:0.0526 |Acc: 98.8000|Pred Confidence: 0.99 | C 0:1.0000 | C 1:0.9667 | C 2:0.9959| C 3:0.9812| C 4:0.9982| C 5:nan| C 6:nan| C 7:nan| C 8:nan| C 9:nan| C 10:nan| C 11:nan
Epoch[413/500] | Loss:0.0525 |Acc: 98.8000|Pred Confidence: 0.99 | C 0:1.0000 | C 1:0.9668 | C 2:0.9959| C 3:0.9816| C 4:0.9982| C 5:nan| C 6:nan| C 7:nan| C 8:nan| C 9:nan| C 10:nan| C 11:nan
Epoch[414/500] | Loss:0.0524 |Acc: 98.8000|Pred Confidence: 0.99 | C 0:1.0000 | C 1:0.9668 | C 2:0.9959| C 3:0.9820| C 4:0.9982| C 5:nan| C 6:nan| C 7:nan| C 8:nan| C 9:nan| C 10:nan| C 11:nan
Epoch[415/500] | Loss:0.0524 |Acc: 98.8000|Pred Confidence: 0.99 | C 0:1.0000 | C 1:0.9669 | C 2:0.9959| C 3:0.9824| C 4:0.9982| C 5:nan| C 6:nan| C 7:nan| C 8:nan| C 9:nan| C 10:nan| C 11:nan
Epoch[416/500] | Loss:0.0523 |Acc: 98.8000|Pred Confidence: 0.99 | C 0:1.0000 | C 1:0.9669 | C 2:0.9959| C 3:0.9828| C 4:0.9982| C 5:nan| C 6:nan| C 7:nan| C 8:nan| C 9:nan| C 10:nan| C 11:nan
Epoch[417/500] | Loss:0.0523 |Acc: 98.8000|Pred Confidence: 0.99 | C 0:1.0000 | C 1:0.9670 | C 2:0.9959| C 3:0.9832| C 4:0.9982| C 5:nan| C 6:nan| C 7:nan| C 8:nan| C 9:nan| C 10:nan| C 11:nan
Epoch[418/500] | Loss:0.0522 |Acc: 98.8000|Pred Confidence: 0.99 | C 0:1.0000 | C 1:0.9670 | C 2:0.9959| C 3:0.9835| C 4:0.9982| C 5:nan| C 6:nan| C 7:nan| C 8:nan| C 9:nan| C 10:nan| C 11:nan
Epoch[419/500] | Loss:0.0521 |Acc: 98.8000|Pred Confidence: 0.99 | C 0:1.0000 | C 1:0.9670 | C 2:0.9959| C 3:0.9839| C 4:0.9983| C 5:nan| C 6:nan| C 7:nan| C 8:nan| C 9:nan| C 10:nan| C 11:nan
Epoch[420/500] | Loss:0.0521 |Acc: 98.8000|Pred Confidence: 0.99 | C 0:1.0000 | C 1:0.9671 | C 2:0.9959| C 3:0.9842| C 4:0.9983| C 5:nan| C 6:nan| C 7:nan| C 8:nan| C 9:nan| C 10:nan| C 11:nan
Epoch[421/500] | Loss:0.0520 |Acc: 98.8000|Pred Confidence: 0.99 | C 0:1.0000 | C 1:0.9671 | C 2:0.9959| C 3:0.9845| C 4:0.9983| C 5:nan| C 6:nan| C 7:nan| C 8:nan| C 9:nan| C 10:nan| C 11:nan
Epoch[422/500] | Loss:0.0519 |Acc: 98.8000|Pred Confidence: 0.99 | C 0:1.0000 | C 1:0.9672 | C 2:0.9959| C 3:0.9848| C 4:0.9983| C 5:nan| C 6:nan| C 7:nan| C 8:nan| C 9:nan| C 10:nan| C 11:nan
Epoch[423/500] | Loss:0.0519 |Acc: 98.8000|Pred Confidence: 0.99 | C 0:1.0000 | C 1:0.9672 | C 2:0.9959| C 3:0.9851| C 4:0.9983| C 5:nan| C 6:nan| C 7:nan| C 8:nan| C 9:nan| C 10:nan| C 11:nan
Epoch[424/500] | Loss:0.0518 |Acc: 98.8000|Pred Confidence: 0.99 | C 0:1.0000 | C 1:0.9672 | C 2:0.9959| C 3:0.9854| C 4:0.9984| C 5:nan| C 6:nan| C 7:nan| C 8:nan| C 9:nan| C 10:nan| C 11:nan
Epoch[425/500] | Loss:0.0517 |Acc: 98.8000|Pred Confidence: 0.99 | C 0:1.0000 | C 1:0.9673 | C 2:0.9959| C 3:0.9857| C 4:0.9984| C 5:nan| C 6:nan| C 7:nan| C 8:nan| C 9:nan| C 10:nan| C 11:nan
Epoch[426/500] | Loss:0.0516 |Acc: 98.8000|Pred Confidence: 0.99 | C 0:1.0000 | C 1:0.9673 | C 2:0.9959| C 3:0.9860| C 4:0.9984| C 5:nan| C 6:nan| C 7:nan| C 8:nan| C 9:nan| C 10:nan| C 11:nan
Epoch[427/500] | Loss:0.0516 |Acc: 98.8000|Pred Confidence: 0.99 | C 0:1.0000 | C 1:0.9673 | C 2:0.9959| C 3:0.9862| C 4:0.9984| C 5:nan| C 6:nan| C 7:nan| C 8:nan| C 9:nan| C 10:nan| C 11:nan
Epoch[428/500] | Loss:0.0515 |Acc: 98.8000|Pred Confidence: 0.99 | C 0:1.0000 | C 1:0.9674 | C 2:0.9959| C 3:0.9865| C 4:0.9985| C 5:nan| C 6:nan| C 7:nan| C 8:nan| C 9:nan| C 10:nan| C 11:nan
Epoch[429/500] | Loss:0.0514 |Acc: 98.8000|Pred Confidence: 0.99 | C 0:1.0000 | C 1:0.9674 | C 2:0.9959| C 3:0.9867| C 4:0.9985| C 5:nan| C 6:nan| C 7:nan| C 8:nan| C 9:nan| C 10:nan| C 11:nan
Epoch[430/500] | Loss:0.0513 |Acc: 98.8000|Pred Confidence: 0.99 | C 0:1.0000 | C 1:0.9674 | C 2:0.9959| C 3:0.9870| C 4:0.9985| C 5:nan| C 6:nan| C 7:nan| C 8:nan| C 9:nan| C 10:nan| C 11:nan
Epoch[431/500] | Loss:0.0513 |Acc: 98.8000|Pred Confidence: 0.99 | C 0:1.0000 | C 1:0.9675 | C 2:0.9959| C 3:0.9872| C 4:0.9985| C 5:nan| C 6:nan| C 7:nan| C 8:nan| C 9:nan| C 10:nan| C 11:nan
Epoch[432/500] | Loss:0.0512 |Acc: 98.8000|Pred Confidence: 0.99 | C 0:1.0000 | C 1:0.9675 | C 2:0.9960| C 3:0.9874| C 4:0.9985| C 5:nan| C 6:nan| C 7:nan| C 8:nan| C 9:nan| C 10:nan| C 11:nan
Epoch[433/500] | Loss:0.0511 |Acc: 98.8000|Pred Confidence: 0.99 | C 0:1.0000 | C 1:0.9675 | C 2:0.9960| C 3:0.9877| C 4:0.9986| C 5:nan| C 6:nan| C 7:nan| C 8:nan| C 9:nan| C 10:nan| C 11:nan
Epoch[434/500] | Loss:0.0510 |Acc: 98.8000|Pred Confidence: 0.99 | C 0:1.0000 | C 1:0.9676 | C 2:0.9960| C 3:0.9879| C 4:0.9986| C 5:nan| C 6:nan| C 7:nan| C 8:nan| C 9:nan| C 10:nan| C 11:nan
Epoch[435/500] | Loss:0.0510 |Acc: 98.8000|Pred Confidence: 0.99 | C 0:1.0000 | C 1:0.9676 | C 2:0.9960| C 3:0.9881| C 4:0.9986| C 5:nan| C 6:nan| C 7:nan| C 8:nan| C 9:nan| C 10:nan| C 11:nan
Epoch[436/500] | Loss:0.0509 |Acc: 98.8000|Pred Confidence: 0.99 | C 0:1.0000 | C 1:0.9676 | C 2:0.9960| C 3:0.9883| C 4:0.9986| C 5:nan| C 6:nan| C 7:nan| C 8:nan| C 9:nan| C 10:nan| C 11:nan
Epoch[437/500] | Loss:0.0508 |Acc: 98.8000|Pred Confidence: 0.99 | C 0:1.0000 | C 1:0.9677 | C 2:0.9960| C 3:0.9885| C 4:0.9986| C 5:nan| C 6:nan| C 7:nan| C 8:nan| C 9:nan| C 10:nan| C 11:nan
Epoch[438/500] | Loss:0.0507 |Acc: 98.8000|Pred Confidence: 0.99 | C 0:1.0000 | C 1:0.9677 | C 2:0.9960| C 3:0.9887| C 4:0.9987| C 5:nan| C 6:nan| C 7:nan| C 8:nan| C 9:nan| C 10:nan| C 11:nan
Epoch[439/500] | Loss:0.0506 |Acc: 98.8000|Pred Confidence: 0.99 | C 0:1.0000 | C 1:0.9677 | C 2:0.9961| C 3:0.9889| C 4:0.9987| C 5:nan| C 6:nan| C 7:nan| C 8:nan| C 9:nan| C 10:nan| C 11:nan
Epoch[440/500] | Loss:0.0505 |Acc: 98.8000|Pred Confidence: 0.99 | C 0:1.0000 | C 1:0.9677 | C 2:0.9961| C 3:0.9891| C 4:0.9987| C 5:nan| C 6:nan| C 7:nan| C 8:nan| C 9:nan| C 10:nan| C 11:nan
Epoch[441/500] | Loss:0.0504 |Acc: 98.8000|Pred Confidence: 0.99 | C 0:1.0000 | C 1:0.9678 | C 2:0.9961| C 3:0.9892| C 4:0.9987| C 5:nan| C 6:nan| C 7:nan| C 8:nan| C 9:nan| C 10:nan| C 11:nan
Epoch[442/500] | Loss:0.0504 |Acc: 98.8000|Pred Confidence: 0.99 | C 0:1.0000 | C 1:0.9678 | C 2:0.9961| C 3:0.9895| C 4:0.9987| C 5:nan| C 6:nan| C 7:nan| C 8:nan| C 9:nan| C 10:nan| C 11:nan
Epoch[443/500] | Loss:0.0502 |Acc: 98.8000|Pred Confidence: 0.99 | C 0:1.0000 | C 1:0.9680 | C 2:0.9961| C 3:0.9894| C 4:0.9987| C 5:nan| C 6:nan| C 7:nan| C 8:nan| C 9:nan| C 10:nan| C 11:nan
Epoch[444/500] | Loss:0.0503 |Acc: 98.8000|Pred Confidence: 0.99 | C 0:1.0000 | C 1:0.9676 | C 2:0.9961| C 3:0.9900| C 4:0.9988| C 5:nan| C 6:nan| C 7:nan| C 8:nan| C 9:nan| C 10:nan| C 11:nan
Epoch[445/500] | Loss:0.0501 |Acc: 98.8000|Pred Confidence: 0.99 | C 0:1.0000 | C 1:0.9683 | C 2:0.9962| C 3:0.9887| C 4:0.9986| C 5:nan| C 6:nan| C 7:nan| C 8:nan| C 9:nan| C 10:nan| C 11:nan
Epoch[446/500] | Loss:0.0508 |Acc: 98.8000|Pred Confidence: 0.99 | C 0:1.0000 | C 1:0.9668 | C 2:0.9957| C 3:0.9884| C 4:0.9989| C 5:nan| C 6:nan| C 7:nan| C 8:nan| C 9:nan| C 10:nan| C 11:nan
Epoch[447/500] | Loss:0.0517 |Acc: 98.8000|Pred Confidence: 0.99 | C 0:0.9998 | C 1:0.9693 | C 2:0.9945| C 3:0.9761| C 4:0.9932| C 5:nan| C 6:nan| C 7:nan| C 8:nan| C 9:nan| C 10:nan| C 11:nan
Epoch[448/500] | Loss:0.0656 |Acc: 98.4000|Pred Confidence: 0.98 | C 0:0.9999 | C 1:0.9598 | C 2:0.8376| C 3:0.9539| C 4:0.9917| C 5:nan| C 6:nan| C 7:nan| C 8:nan| C 9:nan| C 10:nan| C 11:nan
Epoch[449/500] | Loss:0.0722 |Acc: 97.8000|Pred Confidence: 0.98 | C 0:0.9981 | C 1:0.9627 | C 2:0.9912| C 3:0.8580| C 4:0.9873| C 5:nan| C 6:nan| C 7:nan| C 8:nan| C 9:nan| C 10:nan| C 11:nan
Epoch[450/500] | Loss:0.0549 |Acc: 98.6000|Pred Confidence: 0.99 | C 0:1.0000 | C 1:0.9637 | C 2:0.9970| C 3:0.9781| C 4:0.9980| C 5:nan| C 6:nan| C 7:nan| C 8:nan| C 9:nan| C 10:nan| C 11:nan
Epoch[451/500] | Loss:0.0603 |Acc: 98.6000|Pred Confidence: 0.99 | C 0:1.0000 | C 1:0.9617 | C 2:0.9931| C 3:0.9835| C 4:0.9960| C 5:nan| C 6:nan| C 7:nan| C 8:nan| C 9:nan| C 10:nan| C 11:nan
Epoch[452/500] | Loss:0.0537 |Acc: 98.6000|Pred Confidence: 0.99 | C 0:1.0000 | C 1:0.9701 | C 2:0.9952| C 3:0.9702| C 4:0.9958| C 5:nan| C 6:nan| C 7:nan| C 8:nan| C 9:nan| C 10:nan| C 11:nan
Epoch[453/500] | Loss:0.0546 |Acc: 98.6000|Pred Confidence: 0.99 | C 0:1.0000 | C 1:0.9628 | C 2:0.9952| C 3:0.9906| C 4:0.9976| C 5:nan| C 6:nan| C 7:nan| C 8:nan| C 9:nan| C 10:nan| C 11:nan
Epoch[454/500] | Loss:0.0507 |Acc: 98.8000|Pred Confidence: 0.99 | C 0:1.0000 | C 1:0.9709 | C 2:0.9952| C 3:0.9545| C 4:0.9966| C 5:nan| C 6:nan| C 7:nan| C 8:nan| C 9:nan| C 10:nan| C 11:nan
Epoch[455/500] | Loss:0.0504 |Acc: 98.8000|Pred Confidence: 0.99 | C 0:1.0000 | C 1:0.9662 | C 2:0.9964| C 3:0.9918| C 4:0.9977| C 5:nan| C 6:nan| C 7:nan| C 8:nan| C 9:nan| C 10:nan| C 11:nan
Epoch[456/500] | Loss:0.0491 |Acc: 98.8000|Pred Confidence: 0.99 | C 0:1.0000 | C 1:0.9696 | C 2:0.9959| C 3:0.9922| C 4:0.9978| C 5:nan| C 6:nan| C 7:nan| C 8:nan| C 9:nan| C 10:nan| C 11:nan
Epoch[457/500] | Loss:0.0492 |Acc: 98.8000|Pred Confidence: 0.99 | C 0:1.0000 | C 1:0.9688 | C 2:0.9962| C 3:0.9928| C 4:0.9980| C 5:nan| C 6:nan| C 7:nan| C 8:nan| C 9:nan| C 10:nan| C 11:nan
Epoch[458/500] | Loss:0.0491 |Acc: 98.8000|Pred Confidence: 0.99 | C 0:1.0000 | C 1:0.9687 | C 2:0.9964| C 3:0.9928| C 4:0.9981| C 5:nan| C 6:nan| C 7:nan| C 8:nan| C 9:nan| C 10:nan| C 11:nan
Epoch[459/500] | Loss:0.0491 |Acc: 98.8000|Pred Confidence: 0.99 | C 0:1.0000 | C 1:0.9685 | C 2:0.9965| C 3:0.9928| C 4:0.9983| C 5:nan| C 6:nan| C 7:nan| C 8:nan| C 9:nan| C 10:nan| C 11:nan
Epoch[460/500] | Loss:0.0491 |Acc: 98.8000|Pred Confidence: 0.99 | C 0:1.0000 | C 1:0.9684 | C 2:0.9966| C 3:0.9929| C 4:0.9984| C 5:nan| C 6:nan| C 7:nan| C 8:nan| C 9:nan| C 10:nan| C 11:nan
Epoch[461/500] | Loss:0.0491 |Acc: 98.8000|Pred Confidence: 0.99 | C 0:1.0000 | C 1:0.9684 | C 2:0.9968| C 3:0.9930| C 4:0.9985| C 5:nan| C 6:nan| C 7:nan| C 8:nan| C 9:nan| C 10:nan| C 11:nan
Epoch[462/500] | Loss:0.0490 |Acc: 98.8000|Pred Confidence: 0.99 | C 0:1.0000 | C 1:0.9683 | C 2:0.9969| C 3:0.9931| C 4:0.9985| C 5:nan| C 6:nan| C 7:nan| C 8:nan| C 9:nan| C 10:nan| C 11:nan
Epoch[463/500] | Loss:0.0490 |Acc: 98.8000|Pred Confidence: 0.99 | C 0:1.0000 | C 1:0.9683 | C 2:0.9970| C 3:0.9931| C 4:0.9986| C 5:nan| C 6:nan| C 7:nan| C 8:nan| C 9:nan| C 10:nan| C 11:nan
Epoch[464/500] | Loss:0.0490 |Acc: 98.8000|Pred Confidence: 0.99 | C 0:1.0000 | C 1:0.9682 | C 2:0.9970| C 3:0.9932| C 4:0.9987| C 5:nan| C 6:nan| C 7:nan| C 8:nan| C 9:nan| C 10:nan| C 11:nan
Epoch[465/500] | Loss:0.0489 |Acc: 98.8000|Pred Confidence: 0.99 | C 0:1.0000 | C 1:0.9682 | C 2:0.9971| C 3:0.9933| C 4:0.9987| C 5:nan| C 6:nan| C 7:nan| C 8:nan| C 9:nan| C 10:nan| C 11:nan
Epoch[466/500] | Loss:0.0489 |Acc: 98.8000|Pred Confidence: 0.99 | C 0:1.0000 | C 1:0.9682 | C 2:0.9972| C 3:0.9933| C 4:0.9988| C 5:nan| C 6:nan| C 7:nan| C 8:nan| C 9:nan| C 10:nan| C 11:nan
Epoch[467/500] | Loss:0.0488 |Acc: 98.8000|Pred Confidence: 0.99 | C 0:1.0000 | C 1:0.9681 | C 2:0.9972| C 3:0.9934| C 4:0.9988| C 5:nan| C 6:nan| C 7:nan| C 8:nan| C 9:nan| C 10:nan| C 11:nan
Epoch[468/500] | Loss:0.0488 |Acc: 98.8000|Pred Confidence: 0.99 | C 0:1.0000 | C 1:0.9681 | C 2:0.9973| C 3:0.9935| C 4:0.9989| C 5:nan| C 6:nan| C 7:nan| C 8:nan| C 9:nan| C 10:nan| C 11:nan
Epoch[469/500] | Loss:0.0487 |Acc: 98.8000|Pred Confidence: 0.99 | C 0:1.0000 | C 1:0.9681 | C 2:0.9974| C 3:0.9936| C 4:0.9989| C 5:nan| C 6:nan| C 7:nan| C 8:nan| C 9:nan| C 10:nan| C 11:nan
Epoch[470/500] | Loss:0.0487 |Acc: 98.8000|Pred Confidence: 0.99 | C 0:1.0000 | C 1:0.9681 | C 2:0.9974| C 3:0.9937| C 4:0.9989| C 5:nan| C 6:nan| C 7:nan| C 8:nan| C 9:nan| C 10:nan| C 11:nan
Epoch[471/500] | Loss:0.0486 |Acc: 98.8000|Pred Confidence: 0.99 | C 0:1.0000 | C 1:0.9681 | C 2:0.9974| C 3:0.9937| C 4:0.9990| C 5:nan| C 6:nan| C 7:nan| C 8:nan| C 9:nan| C 10:nan| C 11:nan
Epoch[472/500] | Loss:0.0486 |Acc: 98.8000|Pred Confidence: 0.99 | C 0:1.0000 | C 1:0.9681 | C 2:0.9975| C 3:0.9938| C 4:0.9990| C 5:nan| C 6:nan| C 7:nan| C 8:nan| C 9:nan| C 10:nan| C 11:nan
Epoch[473/500] | Loss:0.0485 |Acc: 98.8000|Pred Confidence: 0.99 | C 0:1.0000 | C 1:0.9681 | C 2:0.9975| C 3:0.9939| C 4:0.9990| C 5:nan| C 6:nan| C 7:nan| C 8:nan| C 9:nan| C 10:nan| C 11:nan
Epoch[474/500] | Loss:0.0485 |Acc: 98.8000|Pred Confidence: 0.99 | C 0:1.0000 | C 1:0.9681 | C 2:0.9975| C 3:0.9940| C 4:0.9990| C 5:nan| C 6:nan| C 7:nan| C 8:nan| C 9:nan| C 10:nan| C 11:nan
Epoch[475/500] | Loss:0.0484 |Acc: 98.8000|Pred Confidence: 0.99 | C 0:1.0000 | C 1:0.9681 | C 2:0.9976| C 3:0.9940| C 4:0.9991| C 5:nan| C 6:nan| C 7:nan| C 8:nan| C 9:nan| C 10:nan| C 11:nan
Epoch[476/500] | Loss:0.0484 |Acc: 98.8000|Pred Confidence: 0.99 | C 0:1.0000 | C 1:0.9681 | C 2:0.9976| C 3:0.9941| C 4:0.9991| C 5:nan| C 6:nan| C 7:nan| C 8:nan| C 9:nan| C 10:nan| C 11:nan
Epoch[477/500] | Loss:0.0483 |Acc: 98.8000|Pred Confidence: 0.99 | C 0:1.0000 | C 1:0.9681 | C 2:0.9976| C 3:0.9942| C 4:0.9991| C 5:nan| C 6:nan| C 7:nan| C 8:nan| C 9:nan| C 10:nan| C 11:nan
Epoch[478/500] | Loss:0.0482 |Acc: 98.8000|Pred Confidence: 0.99 | C 0:1.0000 | C 1:0.9681 | C 2:0.9977| C 3:0.9942| C 4:0.9991| C 5:nan| C 6:nan| C 7:nan| C 8:nan| C 9:nan| C 10:nan| C 11:nan
Epoch[479/500] | Loss:0.0482 |Acc: 98.8000|Pred Confidence: 0.99 | C 0:1.0000 | C 1:0.9681 | C 2:0.9977| C 3:0.9943| C 4:0.9991| C 5:nan| C 6:nan| C 7:nan| C 8:nan| C 9:nan| C 10:nan| C 11:nan
Epoch[480/500] | Loss:0.0481 |Acc: 98.8000|Pred Confidence: 0.99 | C 0:1.0000 | C 1:0.9682 | C 2:0.9977| C 3:0.9944| C 4:0.9991| C 5:nan| C 6:nan| C 7:nan| C 8:nan| C 9:nan| C 10:nan| C 11:nan
Epoch[481/500] | Loss:0.0481 |Acc: 98.8000|Pred Confidence: 0.99 | C 0:1.0000 | C 1:0.9682 | C 2:0.9977| C 3:0.9944| C 4:0.9991| C 5:nan| C 6:nan| C 7:nan| C 8:nan| C 9:nan| C 10:nan| C 11:nan
Epoch[482/500] | Loss:0.0480 |Acc: 98.8000|Pred Confidence: 0.99 | C 0:1.0000 | C 1:0.9682 | C 2:0.9977| C 3:0.9945| C 4:0.9991| C 5:nan| C 6:nan| C 7:nan| C 8:nan| C 9:nan| C 10:nan| C 11:nan
Epoch[483/500] | Loss:0.0479 |Acc: 98.8000|Pred Confidence: 0.99 | C 0:1.0000 | C 1:0.9682 | C 2:0.9977| C 3:0.9945| C 4:0.9991| C 5:nan| C 6:nan| C 7:nan| C 8:nan| C 9:nan| C 10:nan| C 11:nan
Epoch[484/500] | Loss:0.0479 |Acc: 98.8000|Pred Confidence: 0.99 | C 0:1.0000 | C 1:0.9682 | C 2:0.9977| C 3:0.9946| C 4:0.9991| C 5:nan| C 6:nan| C 7:nan| C 8:nan| C 9:nan| C 10:nan| C 11:nan
Epoch[485/500] | Loss:0.0478 |Acc: 98.8000|Pred Confidence: 0.99 | C 0:1.0000 | C 1:0.9682 | C 2:0.9978| C 3:0.9946| C 4:0.9991| C 5:nan| C 6:nan| C 7:nan| C 8:nan| C 9:nan| C 10:nan| C 11:nan
Epoch[486/500] | Loss:0.0477 |Acc: 98.8000|Pred Confidence: 0.99 | C 0:1.0000 | C 1:0.9682 | C 2:0.9978| C 3:0.9947| C 4:0.9991| C 5:nan| C 6:nan| C 7:nan| C 8:nan| C 9:nan| C 10:nan| C 11:nan
Epoch[487/500] | Loss:0.0476 |Acc: 98.8000|Pred Confidence: 0.99 | C 0:1.0000 | C 1:0.9682 | C 2:0.9978| C 3:0.9947| C 4:0.9992| C 5:nan| C 6:nan| C 7:nan| C 8:nan| C 9:nan| C 10:nan| C 11:nan
Epoch[488/500] | Loss:0.0476 |Acc: 98.8000|Pred Confidence: 0.99 | C 0:1.0000 | C 1:0.9682 | C 2:0.9978| C 3:0.9948| C 4:0.9992| C 5:nan| C 6:nan| C 7:nan| C 8:nan| C 9:nan| C 10:nan| C 11:nan
Epoch[489/500] | Loss:0.0475 |Acc: 98.8000|Pred Confidence: 0.99 | C 0:1.0000 | C 1:0.9683 | C 2:0.9978| C 3:0.9948| C 4:0.9992| C 5:nan| C 6:nan| C 7:nan| C 8:nan| C 9:nan| C 10:nan| C 11:nan
Epoch[490/500] | Loss:0.0474 |Acc: 98.8000|Pred Confidence: 0.99 | C 0:1.0000 | C 1:0.9683 | C 2:0.9978| C 3:0.9948| C 4:0.9992| C 5:nan| C 6:nan| C 7:nan| C 8:nan| C 9:nan| C 10:nan| C 11:nan
Epoch[491/500] | Loss:0.0473 |Acc: 98.8000|Pred Confidence: 0.99 | C 0:1.0000 | C 1:0.9683 | C 2:0.9978| C 3:0.9949| C 4:0.9992| C 5:nan| C 6:nan| C 7:nan| C 8:nan| C 9:nan| C 10:nan| C 11:nan
Epoch[492/500] | Loss:0.0473 |Acc: 98.8000|Pred Confidence: 0.99 | C 0:1.0000 | C 1:0.9683 | C 2:0.9978| C 3:0.9949| C 4:0.9991| C 5:nan| C 6:nan| C 7:nan| C 8:nan| C 9:nan| C 10:nan| C 11:nan
Epoch[493/500] | Loss:0.0472 |Acc: 98.8000|Pred Confidence: 0.99 | C 0:1.0000 | C 1:0.9683 | C 2:0.9978| C 3:0.9949| C 4:0.9991| C 5:nan| C 6:nan| C 7:nan| C 8:nan| C 9:nan| C 10:nan| C 11:nan
Epoch[494/500] | Loss:0.0471 |Acc: 98.8000|Pred Confidence: 0.99 | C 0:1.0000 | C 1:0.9683 | C 2:0.9978| C 3:0.9949| C 4:0.9991| C 5:nan| C 6:nan| C 7:nan| C 8:nan| C 9:nan| C 10:nan| C 11:nan
Epoch[495/500] | Loss:0.0470 |Acc: 98.8000|Pred Confidence: 0.99 | C 0:1.0000 | C 1:0.9683 | C 2:0.9978| C 3:0.9949| C 4:0.9991| C 5:nan| C 6:nan| C 7:nan| C 8:nan| C 9:nan| C 10:nan| C 11:nan
Epoch[496/500] | Loss:0.0469 |Acc: 98.8000|Pred Confidence: 0.99 | C 0:1.0000 | C 1:0.9684 | C 2:0.9978| C 3:0.9949| C 4:0.9991| C 5:nan| C 6:nan| C 7:nan| C 8:nan| C 9:nan| C 10:nan| C 11:nan
Epoch[497/500] | Loss:0.0469 |Acc: 98.8000|Pred Confidence: 0.99 | C 0:1.0000 | C 1:0.9684 | C 2:0.9978| C 3:0.9949| C 4:0.9991| C 5:nan| C 6:nan| C 7:nan| C 8:nan| C 9:nan| C 10:nan| C 11:nan
Epoch[498/500] | Loss:0.0468 |Acc: 98.8000|Pred Confidence: 0.99 | C 0:1.0000 | C 1:0.9684 | C 2:0.9978| C 3:0.9948| C 4:0.9991| C 5:nan| C 6:nan| C 7:nan| C 8:nan| C 9:nan| C 10:nan| C 11:nan
Epoch[499/500] | Loss:0.0467 |Acc: 98.8000|Pred Confidence: 0.99 | C 0:1.0000 | C 1:0.9684 | C 2:0.9978| C 3:0.9948| C 4:0.9991| C 5:nan| C 6:nan| C 7:nan| C 8:nan| C 9:nan| C 10:nan| C 11:nan
Epoch[500/500] | Loss:0.0466 |Acc: 98.8000|Pred Confidence: 0.99 | C 0:1.0000 | C 1:0.9684 | C 2:0.9978| C 3:0.9948| C 4:0.9991| C 5:nan| C 6:nan| C 7:nan| C 8:nan| C 9:nan| C 10:nan| C 11:nan
Test 1 Accuracy 92.93333333333334 | Confidence ({0: array([0.9993296], dtype=float32), 1: array([0.9726116], dtype=float32), 2: array([0.966845], dtype=float32), 3: array([0.9451843], dtype=float32), 4: array([0.8929119], dtype=float32)}, 0.95537645)
Train 1 Accuracy 98.8 | Confidence ({0: array([0.99998933], dtype=float32), 1: array([0.9775413], dtype=float32), 2: array([0.99852496], dtype=float32), 3: array([0.9965464], dtype=float32), 4: array([0.9990132], dtype=float32)}, 0.99432296)
