Config: 
 {
  "model_save_path": "/tmp/",
  "model": "rnn",
  "loss": "ce",
  "model_name": "ECG5000_mc_rnn_ce_mc",
  "dependency_meta": "",
  "timesteps": 140,
  "num_classes": 5,
  "rnn_config": {
    "ninp": 1,
    "nhid": 50,
    "nlayers": 3,
    "nclasses": 5
  },
  "dnn_config": {
    "layers": [
      2100,
      900,
      300,
      5
    ]
  },
  "batch_size": 32,
  "num_epochs": 500,
  "learning_rate": 0.001
}
Model: 
 RNN(
  (rnn_cell): GRU(1, 50, num_layers=3, batch_first=True)
  (fc1): Linear(in_features=50, out_features=5, bias=True)
)
Epoch[1/500] | Loss:1.4162 |Acc: 55.8000|Pred Confidence: nan | C 0:0.5992 | C 1:0.2376 | C 2:0.2704| C 3:nan| C 4:nan| C 5:nan| C 6:nan| C 7:nan| C 8:nan| C 9:nan| C 10:nan| C 11:nan
Epoch[2/500] | Loss:0.6333 |Acc: 90.0000|Pred Confidence: nan | C 0:0.7930 | C 1:0.5645 | C 2:nan| C 3:nan| C 4:nan| C 5:nan| C 6:nan| C 7:nan| C 8:nan| C 9:nan| C 10:nan| C 11:nan
Epoch[3/500] | Loss:0.4148 |Acc: 91.2000|Pred Confidence: nan | C 0:0.9202 | C 1:0.8421 | C 2:nan| C 3:nan| C 4:nan| C 5:nan| C 6:nan| C 7:nan| C 8:nan| C 9:nan| C 10:nan| C 11:nan
Epoch[4/500] | Loss:0.3954 |Acc: 91.4000|Pred Confidence: nan | C 0:0.9367 | C 1:0.8514 | C 2:nan| C 3:nan| C 4:nan| C 5:nan| C 6:nan| C 7:nan| C 8:nan| C 9:nan| C 10:nan| C 11:nan
Epoch[5/500] | Loss:0.3807 |Acc: 91.8000|Pred Confidence: nan | C 0:0.9450 | C 1:0.8589 | C 2:nan| C 3:nan| C 4:nan| C 5:nan| C 6:nan| C 7:nan| C 8:nan| C 9:nan| C 10:nan| C 11:nan
Epoch[6/500] | Loss:0.3682 |Acc: 91.8000|Pred Confidence: nan | C 0:0.9513 | C 1:0.8650 | C 2:nan| C 3:nan| C 4:nan| C 5:nan| C 6:nan| C 7:nan| C 8:nan| C 9:nan| C 10:nan| C 11:nan
Epoch[7/500] | Loss:0.3586 |Acc: 92.0000|Pred Confidence: nan | C 0:0.9556 | C 1:0.8693 | C 2:nan| C 3:nan| C 4:nan| C 5:nan| C 6:nan| C 7:nan| C 8:nan| C 9:nan| C 10:nan| C 11:nan
Epoch[8/500] | Loss:0.3443 |Acc: 92.8000|Pred Confidence: nan | C 0:0.9560 | C 1:0.8766 | C 2:nan| C 3:nan| C 4:nan| C 5:nan| C 6:nan| C 7:nan| C 8:nan| C 9:nan| C 10:nan| C 11:nan
Epoch[9/500] | Loss:0.3336 |Acc: 93.0000|Pred Confidence: nan | C 0:0.9564 | C 1:0.8824 | C 2:nan| C 3:nan| C 4:nan| C 5:nan| C 6:nan| C 7:nan| C 8:nan| C 9:nan| C 10:nan| C 11:nan
Epoch[10/500] | Loss:0.3199 |Acc: 93.0000|Pred Confidence: nan | C 0:0.9594 | C 1:0.8771 | C 2:nan| C 3:nan| C 4:nan| C 5:nan| C 6:nan| C 7:nan| C 8:nan| C 9:nan| C 10:nan| C 11:nan
Epoch[11/500] | Loss:0.3136 |Acc: 92.8000|Pred Confidence: nan | C 0:0.9582 | C 1:0.8830 | C 2:nan| C 3:nan| C 4:nan| C 5:nan| C 6:nan| C 7:nan| C 8:nan| C 9:nan| C 10:nan| C 11:nan
Epoch[12/500] | Loss:0.2866 |Acc: 93.6000|Pred Confidence: nan | C 0:0.9646 | C 1:0.8639 | C 2:nan| C 3:nan| C 4:nan| C 5:nan| C 6:nan| C 7:nan| C 8:nan| C 9:nan| C 10:nan| C 11:nan
Epoch[13/500] | Loss:0.3820 |Acc: 91.0000|Pred Confidence: nan | C 0:0.9741 | C 1:0.8611 | C 2:nan| C 3:nan| C 4:nan| C 5:nan| C 6:nan| C 7:nan| C 8:nan| C 9:nan| C 10:nan| C 11:nan
Epoch[14/500] | Loss:0.5051 |Acc: 86.8000|Pred Confidence: nan | C 0:0.9238 | C 1:0.8044 | C 2:nan| C 3:nan| C 4:nan| C 5:nan| C 6:nan| C 7:nan| C 8:nan| C 9:nan| C 10:nan| C 11:nan
Epoch[15/500] | Loss:0.3911 |Acc: 91.0000|Pred Confidence: nan | C 0:0.9448 | C 1:0.8531 | C 2:nan| C 3:nan| C 4:nan| C 5:nan| C 6:nan| C 7:nan| C 8:nan| C 9:nan| C 10:nan| C 11:nan
Epoch[16/500] | Loss:0.3349 |Acc: 92.2000|Pred Confidence: nan | C 0:0.9556 | C 1:0.8688 | C 2:nan| C 3:nan| C 4:nan| C 5:nan| C 6:nan| C 7:nan| C 8:nan| C 9:nan| C 10:nan| C 11:nan
Epoch[17/500] | Loss:0.2807 |Acc: 93.2000|Pred Confidence: nan | C 0:0.9507 | C 1:0.8733 | C 2:nan| C 3:nan| C 4:nan| C 5:nan| C 6:nan| C 7:nan| C 8:nan| C 9:nan| C 10:nan| C 11:nan
Epoch[18/500] | Loss:0.2588 |Acc: 94.2000|Pred Confidence: nan | C 0:0.9725 | C 1:0.8729 | C 2:nan| C 3:0.6036| C 4:nan| C 5:nan| C 6:nan| C 7:nan| C 8:nan| C 9:nan| C 10:nan| C 11:nan
Epoch[19/500] | Loss:0.2470 |Acc: 94.6000|Pred Confidence: nan | C 0:0.9794 | C 1:0.8775 | C 2:nan| C 3:0.6648| C 4:nan| C 5:nan| C 6:nan| C 7:nan| C 8:nan| C 9:nan| C 10:nan| C 11:nan
Epoch[20/500] | Loss:0.2839 |Acc: 93.0000|Pred Confidence: nan | C 0:0.9770 | C 1:0.8871 | C 2:nan| C 3:0.4679| C 4:nan| C 5:nan| C 6:nan| C 7:nan| C 8:nan| C 9:nan| C 10:nan| C 11:nan
Epoch[21/500] | Loss:0.2440 |Acc: 94.4000|Pred Confidence: nan | C 0:0.9763 | C 1:0.8903 | C 2:nan| C 3:0.6449| C 4:nan| C 5:nan| C 6:nan| C 7:nan| C 8:nan| C 9:nan| C 10:nan| C 11:nan
Epoch[22/500] | Loss:0.2441 |Acc: 94.0000|Pred Confidence: nan | C 0:0.9854 | C 1:0.8838 | C 2:nan| C 3:0.6221| C 4:nan| C 5:nan| C 6:nan| C 7:nan| C 8:nan| C 9:nan| C 10:nan| C 11:nan
Epoch[23/500] | Loss:0.2347 |Acc: 94.6000|Pred Confidence: nan | C 0:0.9845 | C 1:0.8838 | C 2:nan| C 3:0.6649| C 4:nan| C 5:nan| C 6:nan| C 7:nan| C 8:nan| C 9:nan| C 10:nan| C 11:nan
Epoch[24/500] | Loss:0.2302 |Acc: 94.6000|Pred Confidence: nan | C 0:0.9851 | C 1:0.8916 | C 2:nan| C 3:0.6557| C 4:nan| C 5:nan| C 6:nan| C 7:nan| C 8:nan| C 9:nan| C 10:nan| C 11:nan
Epoch[25/500] | Loss:0.2321 |Acc: 94.8000|Pred Confidence: nan | C 0:0.9852 | C 1:0.8874 | C 2:nan| C 3:0.6700| C 4:0.3149| C 5:nan| C 6:nan| C 7:nan| C 8:nan| C 9:nan| C 10:nan| C 11:nan
Epoch[26/500] | Loss:0.2259 |Acc: 94.6000|Pred Confidence: nan | C 0:0.9875 | C 1:0.8937 | C 2:nan| C 3:0.7086| C 4:nan| C 5:nan| C 6:nan| C 7:nan| C 8:nan| C 9:nan| C 10:nan| C 11:nan
Epoch[27/500] | Loss:0.2415 |Acc: 94.0000|Pred Confidence: nan | C 0:0.9861 | C 1:0.8893 | C 2:nan| C 3:0.6679| C 4:nan| C 5:nan| C 6:nan| C 7:nan| C 8:nan| C 9:nan| C 10:nan| C 11:nan
Epoch[28/500] | Loss:0.2280 |Acc: 94.6000|Pred Confidence: nan | C 0:0.9877 | C 1:0.8883 | C 2:nan| C 3:0.7178| C 4:0.4591| C 5:nan| C 6:nan| C 7:nan| C 8:nan| C 9:nan| C 10:nan| C 11:nan
Epoch[29/500] | Loss:0.2300 |Acc: 94.4000|Pred Confidence: nan | C 0:0.9893 | C 1:0.8942 | C 2:nan| C 3:0.6608| C 4:0.4775| C 5:nan| C 6:nan| C 7:nan| C 8:nan| C 9:nan| C 10:nan| C 11:nan
Epoch[30/500] | Loss:0.2310 |Acc: 94.6000|Pred Confidence: nan | C 0:0.9879 | C 1:0.8921 | C 2:nan| C 3:0.6452| C 4:nan| C 5:nan| C 6:nan| C 7:nan| C 8:nan| C 9:nan| C 10:nan| C 11:nan
Epoch[31/500] | Loss:0.2479 |Acc: 93.2000|Pred Confidence: nan | C 0:0.9874 | C 1:0.8785 | C 2:nan| C 3:0.6295| C 4:nan| C 5:nan| C 6:nan| C 7:nan| C 8:nan| C 9:nan| C 10:nan| C 11:nan
Epoch[32/500] | Loss:0.2311 |Acc: 94.6000|Pred Confidence: nan | C 0:0.9873 | C 1:0.8957 | C 2:nan| C 3:0.6295| C 4:nan| C 5:nan| C 6:nan| C 7:nan| C 8:nan| C 9:nan| C 10:nan| C 11:nan
Epoch[33/500] | Loss:0.2323 |Acc: 94.2000|Pred Confidence: nan | C 0:0.9874 | C 1:0.8804 | C 2:nan| C 3:0.6381| C 4:0.5792| C 5:nan| C 6:nan| C 7:nan| C 8:nan| C 9:nan| C 10:nan| C 11:nan
Epoch[34/500] | Loss:0.2207 |Acc: 94.6000|Pred Confidence: nan | C 0:0.9897 | C 1:0.8918 | C 2:nan| C 3:0.6598| C 4:nan| C 5:nan| C 6:nan| C 7:nan| C 8:nan| C 9:nan| C 10:nan| C 11:nan
Epoch[35/500] | Loss:0.2310 |Acc: 94.4000|Pred Confidence: nan | C 0:0.9875 | C 1:0.8907 | C 2:nan| C 3:0.6399| C 4:nan| C 5:nan| C 6:nan| C 7:nan| C 8:nan| C 9:nan| C 10:nan| C 11:nan
Epoch[36/500] | Loss:0.2123 |Acc: 94.6000|Pred Confidence: nan | C 0:0.9896 | C 1:0.8972 | C 2:nan| C 3:0.7340| C 4:nan| C 5:nan| C 6:nan| C 7:nan| C 8:nan| C 9:nan| C 10:nan| C 11:nan
Epoch[37/500] | Loss:0.2150 |Acc: 94.6000|Pred Confidence: nan | C 0:0.9891 | C 1:0.8982 | C 2:nan| C 3:0.7284| C 4:nan| C 5:nan| C 6:nan| C 7:nan| C 8:nan| C 9:nan| C 10:nan| C 11:nan
Epoch[38/500] | Loss:0.2268 |Acc: 94.6000|Pred Confidence: nan | C 0:0.9863 | C 1:0.8838 | C 2:nan| C 3:0.7286| C 4:nan| C 5:nan| C 6:nan| C 7:nan| C 8:nan| C 9:nan| C 10:nan| C 11:nan
Epoch[39/500] | Loss:0.2087 |Acc: 95.0000|Pred Confidence: nan | C 0:0.9894 | C 1:0.8987 | C 2:0.3561| C 3:0.7392| C 4:0.5046| C 5:nan| C 6:nan| C 7:nan| C 8:nan| C 9:nan| C 10:nan| C 11:nan
Epoch[40/500] | Loss:0.2090 |Acc: 94.8000|Pred Confidence: nan | C 0:0.9899 | C 1:0.8983 | C 2:nan| C 3:0.7574| C 4:0.5944| C 5:nan| C 6:nan| C 7:nan| C 8:nan| C 9:nan| C 10:nan| C 11:nan
Epoch[41/500] | Loss:0.2154 |Acc: 95.0000|Pred Confidence: nan | C 0:0.9904 | C 1:0.8760 | C 2:0.4147| C 3:0.7526| C 4:0.7558| C 5:nan| C 6:nan| C 7:nan| C 8:nan| C 9:nan| C 10:nan| C 11:nan
Epoch[42/500] | Loss:0.2098 |Acc: 95.0000|Pred Confidence: nan | C 0:0.9884 | C 1:0.9072 | C 2:0.4527| C 3:0.6725| C 4:0.8035| C 5:nan| C 6:nan| C 7:nan| C 8:nan| C 9:nan| C 10:nan| C 11:nan
Epoch[43/500] | Loss:0.2205 |Acc: 94.8000|Pred Confidence: nan | C 0:0.9904 | C 1:0.8911 | C 2:0.3982| C 3:0.6991| C 4:0.4609| C 5:nan| C 6:nan| C 7:nan| C 8:nan| C 9:nan| C 10:nan| C 11:nan
Epoch[44/500] | Loss:0.2471 |Acc: 93.4000|Pred Confidence: nan | C 0:0.9884 | C 1:0.8745 | C 2:nan| C 3:0.6681| C 4:0.7462| C 5:nan| C 6:nan| C 7:nan| C 8:nan| C 9:nan| C 10:nan| C 11:nan
Epoch[45/500] | Loss:0.2010 |Acc: 95.0000|Pred Confidence: nan | C 0:0.9896 | C 1:0.9135 | C 2:0.4208| C 3:0.7458| C 4:0.7837| C 5:nan| C 6:nan| C 7:nan| C 8:nan| C 9:nan| C 10:nan| C 11:nan
Epoch[46/500] | Loss:0.2150 |Acc: 94.8000|Pred Confidence: nan | C 0:0.9887 | C 1:0.8789 | C 2:0.5380| C 3:0.7133| C 4:nan| C 5:nan| C 6:nan| C 7:nan| C 8:nan| C 9:nan| C 10:nan| C 11:nan
Epoch[47/500] | Loss:0.3740 |Acc: 91.0000|Pred Confidence: nan | C 0:0.9884 | C 1:0.8897 | C 2:nan| C 3:nan| C 4:nan| C 5:nan| C 6:nan| C 7:nan| C 8:nan| C 9:nan| C 10:nan| C 11:nan
Epoch[48/500] | Loss:0.4263 |Acc: 90.4000|Pred Confidence: nan | C 0:0.9695 | C 1:0.8722 | C 2:nan| C 3:nan| C 4:nan| C 5:nan| C 6:nan| C 7:nan| C 8:nan| C 9:nan| C 10:nan| C 11:nan
Epoch[49/500] | Loss:0.3544 |Acc: 92.2000|Pred Confidence: nan | C 0:0.9447 | C 1:0.8844 | C 2:nan| C 3:nan| C 4:nan| C 5:nan| C 6:nan| C 7:nan| C 8:nan| C 9:nan| C 10:nan| C 11:nan
Epoch[50/500] | Loss:0.2568 |Acc: 93.8000|Pred Confidence: nan | C 0:0.9566 | C 1:0.8765 | C 2:nan| C 3:0.6345| C 4:nan| C 5:nan| C 6:nan| C 7:nan| C 8:nan| C 9:nan| C 10:nan| C 11:nan
Epoch[51/500] | Loss:0.2292 |Acc: 94.4000|Pred Confidence: nan | C 0:0.9675 | C 1:0.9024 | C 2:0.5917| C 3:0.7130| C 4:0.5468| C 5:nan| C 6:nan| C 7:nan| C 8:nan| C 9:nan| C 10:nan| C 11:nan
Epoch[52/500] | Loss:0.2102 |Acc: 95.0000|Pred Confidence: nan | C 0:0.9806 | C 1:0.8797 | C 2:0.5853| C 3:0.6892| C 4:0.7504| C 5:nan| C 6:nan| C 7:nan| C 8:nan| C 9:nan| C 10:nan| C 11:nan
Epoch[53/500] | Loss:0.1970 |Acc: 95.0000|Pred Confidence: nan | C 0:0.9847 | C 1:0.9089 | C 2:0.6243| C 3:0.7468| C 4:0.7133| C 5:nan| C 6:nan| C 7:nan| C 8:nan| C 9:nan| C 10:nan| C 11:nan
Epoch[54/500] | Loss:0.1972 |Acc: 95.0000|Pred Confidence: nan | C 0:0.9857 | C 1:0.8957 | C 2:0.6341| C 3:0.7491| C 4:0.8025| C 5:nan| C 6:nan| C 7:nan| C 8:nan| C 9:nan| C 10:nan| C 11:nan
Epoch[55/500] | Loss:0.1922 |Acc: 95.0000|Pred Confidence: nan | C 0:0.9867 | C 1:0.9051 | C 2:0.6290| C 3:0.7619| C 4:0.8013| C 5:nan| C 6:nan| C 7:nan| C 8:nan| C 9:nan| C 10:nan| C 11:nan
Epoch[56/500] | Loss:0.1919 |Acc: 95.0000|Pred Confidence: nan | C 0:0.9878 | C 1:0.8983 | C 2:0.6453| C 3:0.7597| C 4:0.8391| C 5:nan| C 6:nan| C 7:nan| C 8:nan| C 9:nan| C 10:nan| C 11:nan
Epoch[57/500] | Loss:0.1876 |Acc: 95.0000|Pred Confidence: nan | C 0:0.9886 | C 1:0.9035 | C 2:0.6514| C 3:0.7646| C 4:0.8276| C 5:nan| C 6:nan| C 7:nan| C 8:nan| C 9:nan| C 10:nan| C 11:nan
Epoch[58/500] | Loss:0.1853 |Acc: 95.0000|Pred Confidence: nan | C 0:0.9881 | C 1:0.9059 | C 2:0.6650| C 3:0.7662| C 4:0.8695| C 5:nan| C 6:nan| C 7:nan| C 8:nan| C 9:nan| C 10:nan| C 11:nan
Epoch[59/500] | Loss:0.1985 |Acc: 95.0000|Pred Confidence: nan | C 0:0.9895 | C 1:0.8902 | C 2:0.6740| C 3:0.7875| C 4:0.7621| C 5:nan| C 6:nan| C 7:nan| C 8:nan| C 9:nan| C 10:nan| C 11:nan
Epoch[60/500] | Loss:0.1801 |Acc: 95.0000|Pred Confidence: nan | C 0:0.9891 | C 1:0.9091 | C 2:0.6427| C 3:0.7605| C 4:0.8782| C 5:nan| C 6:nan| C 7:nan| C 8:nan| C 9:nan| C 10:nan| C 11:nan
Epoch[61/500] | Loss:0.1839 |Acc: 95.0000|Pred Confidence: nan | C 0:0.9892 | C 1:0.9021 | C 2:0.6490| C 3:0.7822| C 4:0.8411| C 5:nan| C 6:nan| C 7:nan| C 8:nan| C 9:nan| C 10:nan| C 11:nan
Epoch[62/500] | Loss:0.1736 |Acc: 95.2000|Pred Confidence: 0.94 | C 0:0.9895 | C 1:0.9087 | C 2:0.6089| C 3:0.7688| C 4:0.8631| C 5:nan| C 6:nan| C 7:nan| C 8:nan| C 9:nan| C 10:nan| C 11:nan
Epoch[63/500] | Loss:0.1834 |Acc: 94.6000|Pred Confidence: nan | C 0:0.9898 | C 1:0.9053 | C 2:0.6931| C 3:0.7906| C 4:0.8544| C 5:nan| C 6:nan| C 7:nan| C 8:nan| C 9:nan| C 10:nan| C 11:nan
Epoch[64/500] | Loss:0.1697 |Acc: 95.2000|Pred Confidence: 0.94 | C 0:0.9900 | C 1:0.9115 | C 2:0.6086| C 3:0.7657| C 4:0.8792| C 5:nan| C 6:nan| C 7:nan| C 8:nan| C 9:nan| C 10:nan| C 11:nan
Epoch[65/500] | Loss:0.1875 |Acc: 94.8000|Pred Confidence: nan | C 0:0.9891 | C 1:0.9017 | C 2:0.5810| C 3:0.7869| C 4:0.8637| C 5:nan| C 6:nan| C 7:nan| C 8:nan| C 9:nan| C 10:nan| C 11:nan
Epoch[66/500] | Loss:0.1808 |Acc: 95.0000|Pred Confidence: 0.94 | C 0:0.9888 | C 1:0.9082 | C 2:0.5616| C 3:0.7477| C 4:0.9083| C 5:nan| C 6:nan| C 7:nan| C 8:nan| C 9:nan| C 10:nan| C 11:nan
Epoch[67/500] | Loss:0.1867 |Acc: 94.6000|Pred Confidence: nan | C 0:0.9892 | C 1:0.9018 | C 2:nan| C 3:0.8000| C 4:0.8393| C 5:nan| C 6:nan| C 7:nan| C 8:nan| C 9:nan| C 10:nan| C 11:nan
Epoch[68/500] | Loss:0.2042 |Acc: 95.0000|Pred Confidence: 0.93 | C 0:0.9844 | C 1:0.9015 | C 2:0.6654| C 3:0.7162| C 4:0.6478| C 5:nan| C 6:nan| C 7:nan| C 8:nan| C 9:nan| C 10:nan| C 11:nan
Epoch[69/500] | Loss:0.2028 |Acc: 94.4000|Pred Confidence: nan | C 0:0.9862 | C 1:0.9024 | C 2:0.7979| C 3:0.7052| C 4:0.9283| C 5:nan| C 6:nan| C 7:nan| C 8:nan| C 9:nan| C 10:nan| C 11:nan
Epoch[70/500] | Loss:0.2181 |Acc: 95.0000|Pred Confidence: nan | C 0:0.9915 | C 1:0.8527 | C 2:0.8471| C 3:0.7149| C 4:0.8587| C 5:nan| C 6:nan| C 7:nan| C 8:nan| C 9:nan| C 10:nan| C 11:nan
Epoch[71/500] | Loss:0.1678 |Acc: 95.2000|Pred Confidence: 0.94 | C 0:0.9889 | C 1:0.9238 | C 2:0.6581| C 3:0.6594| C 4:0.9450| C 5:nan| C 6:nan| C 7:nan| C 8:nan| C 9:nan| C 10:nan| C 11:nan
Epoch[72/500] | Loss:0.1752 |Acc: 94.8000|Pred Confidence: nan | C 0:0.9917 | C 1:0.8970 | C 2:0.8370| C 3:0.7166| C 4:0.8900| C 5:nan| C 6:nan| C 7:nan| C 8:nan| C 9:nan| C 10:nan| C 11:nan
Epoch[73/500] | Loss:0.1690 |Acc: 95.2000|Pred Confidence: 0.94 | C 0:0.9887 | C 1:0.9199 | C 2:0.6836| C 3:0.6884| C 4:0.9257| C 5:nan| C 6:nan| C 7:nan| C 8:nan| C 9:nan| C 10:nan| C 11:nan
Epoch[74/500] | Loss:0.1596 |Acc: 95.2000|Pred Confidence: 0.95 | C 0:0.9908 | C 1:0.9133 | C 2:0.7180| C 3:0.7497| C 4:0.9361| C 5:nan| C 6:nan| C 7:nan| C 8:nan| C 9:nan| C 10:nan| C 11:nan
Epoch[75/500] | Loss:0.1602 |Acc: 95.8000|Pred Confidence: 0.95 | C 0:0.9884 | C 1:0.9311 | C 2:0.6583| C 3:0.6882| C 4:0.9286| C 5:nan| C 6:nan| C 7:nan| C 8:nan| C 9:nan| C 10:nan| C 11:nan
Epoch[76/500] | Loss:0.2088 |Acc: 95.0000|Pred Confidence: nan | C 0:0.9903 | C 1:0.8757 | C 2:0.8051| C 3:0.7435| C 4:0.7604| C 5:nan| C 6:nan| C 7:nan| C 8:nan| C 9:nan| C 10:nan| C 11:nan
Epoch[77/500] | Loss:0.1757 |Acc: 94.6000|Pred Confidence: 0.94 | C 0:0.9844 | C 1:0.9233 | C 2:0.7770| C 3:0.6304| C 4:0.8195| C 5:nan| C 6:nan| C 7:nan| C 8:nan| C 9:nan| C 10:nan| C 11:nan
Epoch[78/500] | Loss:0.1775 |Acc: 95.2000|Pred Confidence: 0.94 | C 0:0.9913 | C 1:0.8982 | C 2:0.6872| C 3:0.7153| C 4:0.9177| C 5:nan| C 6:nan| C 7:nan| C 8:nan| C 9:nan| C 10:nan| C 11:nan
Epoch[79/500] | Loss:0.1492 |Acc: 96.4000|Pred Confidence: 0.95 | C 0:0.9894 | C 1:0.9264 | C 2:0.7514| C 3:0.7447| C 4:0.9240| C 5:nan| C 6:nan| C 7:nan| C 8:nan| C 9:nan| C 10:nan| C 11:nan
Epoch[80/500] | Loss:0.1446 |Acc: 96.4000|Pred Confidence: 0.95 | C 0:0.9890 | C 1:0.9294 | C 2:0.7696| C 3:0.7877| C 4:0.9213| C 5:nan| C 6:nan| C 7:nan| C 8:nan| C 9:nan| C 10:nan| C 11:nan
Epoch[81/500] | Loss:0.1503 |Acc: 96.0000|Pred Confidence: 0.95 | C 0:0.9903 | C 1:0.9253 | C 2:0.8009| C 3:0.7798| C 4:0.9317| C 5:nan| C 6:nan| C 7:nan| C 8:nan| C 9:nan| C 10:nan| C 11:nan
Epoch[82/500] | Loss:0.1705 |Acc: 95.6000|Pred Confidence: 0.94 | C 0:0.9881 | C 1:0.9119 | C 2:0.7027| C 3:0.7500| C 4:0.9281| C 5:nan| C 6:nan| C 7:nan| C 8:nan| C 9:nan| C 10:nan| C 11:nan
Epoch[83/500] | Loss:0.1547 |Acc: 96.0000|Pred Confidence: 0.95 | C 0:0.9889 | C 1:0.9114 | C 2:0.7674| C 3:0.7473| C 4:0.9598| C 5:nan| C 6:nan| C 7:nan| C 8:nan| C 9:nan| C 10:nan| C 11:nan
Epoch[84/500] | Loss:0.1391 |Acc: 96.2000|Pred Confidence: 0.96 | C 0:0.9916 | C 1:0.9324 | C 2:0.8162| C 3:0.7937| C 4:0.9645| C 5:nan| C 6:nan| C 7:nan| C 8:nan| C 9:nan| C 10:nan| C 11:nan
Epoch[85/500] | Loss:0.1306 |Acc: 96.4000|Pred Confidence: 0.96 | C 0:0.9913 | C 1:0.9400 | C 2:0.8315| C 3:0.7820| C 4:0.9671| C 5:nan| C 6:nan| C 7:nan| C 8:nan| C 9:nan| C 10:nan| C 11:nan
Epoch[86/500] | Loss:0.1378 |Acc: 96.4000|Pred Confidence: 0.96 | C 0:0.9908 | C 1:0.9323 | C 2:0.8195| C 3:0.7889| C 4:0.9539| C 5:nan| C 6:nan| C 7:nan| C 8:nan| C 9:nan| C 10:nan| C 11:nan
Epoch[87/500] | Loss:0.1452 |Acc: 95.8000|Pred Confidence: 0.96 | C 0:0.9903 | C 1:0.9368 | C 2:0.7964| C 3:0.7980| C 4:0.9609| C 5:nan| C 6:nan| C 7:nan| C 8:nan| C 9:nan| C 10:nan| C 11:nan
Epoch[88/500] | Loss:0.1728 |Acc: 95.2000|Pred Confidence: 0.95 | C 0:0.9892 | C 1:0.9086 | C 2:0.7502| C 3:0.8016| C 4:0.9164| C 5:nan| C 6:nan| C 7:nan| C 8:nan| C 9:nan| C 10:nan| C 11:nan
Epoch[89/500] | Loss:0.1616 |Acc: 95.0000|Pred Confidence: 0.95 | C 0:0.9909 | C 1:0.9310 | C 2:0.6853| C 3:0.8060| C 4:0.9579| C 5:nan| C 6:nan| C 7:nan| C 8:nan| C 9:nan| C 10:nan| C 11:nan
Epoch[90/500] | Loss:0.1789 |Acc: 95.2000|Pred Confidence: 0.95 | C 0:0.9885 | C 1:0.9074 | C 2:0.8257| C 3:0.7880| C 4:0.9520| C 5:nan| C 6:nan| C 7:nan| C 8:nan| C 9:nan| C 10:nan| C 11:nan
Epoch[91/500] | Loss:0.1350 |Acc: 96.4000|Pred Confidence: 0.95 | C 0:0.9919 | C 1:0.9154 | C 2:0.8407| C 3:0.7869| C 4:0.9699| C 5:nan| C 6:nan| C 7:nan| C 8:nan| C 9:nan| C 10:nan| C 11:nan
Epoch[92/500] | Loss:0.1236 |Acc: 96.6000|Pred Confidence: 0.96 | C 0:0.9904 | C 1:0.9384 | C 2:0.8431| C 3:0.8069| C 4:0.9759| C 5:nan| C 6:nan| C 7:nan| C 8:nan| C 9:nan| C 10:nan| C 11:nan
Epoch[93/500] | Loss:0.1197 |Acc: 96.8000|Pred Confidence: 0.96 | C 0:0.9908 | C 1:0.9360 | C 2:0.8544| C 3:0.8133| C 4:0.9748| C 5:nan| C 6:nan| C 7:nan| C 8:nan| C 9:nan| C 10:nan| C 11:nan
Epoch[94/500] | Loss:0.1144 |Acc: 96.8000|Pred Confidence: 0.96 | C 0:0.9927 | C 1:0.9390 | C 2:0.8644| C 3:0.8200| C 4:0.9766| C 5:nan| C 6:nan| C 7:nan| C 8:nan| C 9:nan| C 10:nan| C 11:nan
Epoch[95/500] | Loss:0.1119 |Acc: 97.0000|Pred Confidence: 0.96 | C 0:0.9928 | C 1:0.9392 | C 2:0.8756| C 3:0.8211| C 4:0.7528| C 5:nan| C 6:nan| C 7:nan| C 8:nan| C 9:nan| C 10:nan| C 11:nan
Epoch[96/500] | Loss:0.1080 |Acc: 97.0000|Pred Confidence: 0.96 | C 0:0.9931 | C 1:0.9413 | C 2:0.8855| C 3:0.8259| C 4:0.8195| C 5:nan| C 6:nan| C 7:nan| C 8:nan| C 9:nan| C 10:nan| C 11:nan
Epoch[97/500] | Loss:0.1057 |Acc: 97.0000|Pred Confidence: 0.97 | C 0:0.9935 | C 1:0.9416 | C 2:0.8962| C 3:0.8296| C 4:0.8492| C 5:nan| C 6:nan| C 7:nan| C 8:nan| C 9:nan| C 10:nan| C 11:nan
Epoch[98/500] | Loss:0.1029 |Acc: 97.0000|Pred Confidence: 0.97 | C 0:0.9933 | C 1:0.9442 | C 2:0.9013| C 3:0.8322| C 4:0.8603| C 5:nan| C 6:nan| C 7:nan| C 8:nan| C 9:nan| C 10:nan| C 11:nan
Epoch[99/500] | Loss:0.1019 |Acc: 97.0000|Pred Confidence: 0.97 | C 0:0.9935 | C 1:0.9432 | C 2:0.9092| C 3:0.8396| C 4:0.8880| C 5:nan| C 6:nan| C 7:nan| C 8:nan| C 9:nan| C 10:nan| C 11:nan
Epoch[100/500] | Loss:0.0994 |Acc: 97.0000|Pred Confidence: 0.97 | C 0:0.9935 | C 1:0.9460 | C 2:0.9115| C 3:0.8398| C 4:0.9001| C 5:nan| C 6:nan| C 7:nan| C 8:nan| C 9:nan| C 10:nan| C 11:nan
Epoch[101/500] | Loss:0.0991 |Acc: 97.0000|Pred Confidence: 0.97 | C 0:0.9936 | C 1:0.9431 | C 2:0.9190| C 3:0.8452| C 4:0.9320| C 5:nan| C 6:nan| C 7:nan| C 8:nan| C 9:nan| C 10:nan| C 11:nan
Epoch[102/500] | Loss:0.0997 |Acc: 97.0000|Pred Confidence: 0.97 | C 0:0.9935 | C 1:0.9409 | C 2:0.9200| C 3:0.8299| C 4:0.9306| C 5:nan| C 6:nan| C 7:nan| C 8:nan| C 9:nan| C 10:nan| C 11:nan
Epoch[103/500] | Loss:0.1010 |Acc: 97.0000|Pred Confidence: 0.97 | C 0:0.9940 | C 1:0.9518 | C 2:0.8948| C 3:0.8460| C 4:0.9418| C 5:nan| C 6:nan| C 7:nan| C 8:nan| C 9:nan| C 10:nan| C 11:nan
Epoch[104/500] | Loss:0.1522 |Acc: 96.4000|Pred Confidence: 0.95 | C 0:0.9931 | C 1:0.8959 | C 2:0.9041| C 3:0.7155| C 4:0.9846| C 5:nan| C 6:nan| C 7:nan| C 8:nan| C 9:nan| C 10:nan| C 11:nan
Epoch[105/500] | Loss:0.1548 |Acc: 95.4000|Pred Confidence: 0.96 | C 0:0.9873 | C 1:0.9391 | C 2:0.8378| C 3:0.7999| C 4:0.6634| C 5:nan| C 6:nan| C 7:nan| C 8:nan| C 9:nan| C 10:nan| C 11:nan
Epoch[106/500] | Loss:0.2329 |Acc: 93.6000|Pred Confidence: nan | C 0:0.9916 | C 1:0.9062 | C 2:nan| C 3:0.7813| C 4:0.5800| C 5:nan| C 6:nan| C 7:nan| C 8:nan| C 9:nan| C 10:nan| C 11:nan
Epoch[107/500] | Loss:0.1482 |Acc: 96.0000|Pred Confidence: 0.95 | C 0:0.9904 | C 1:0.9335 | C 2:0.8008| C 3:0.6689| C 4:0.8762| C 5:nan| C 6:nan| C 7:nan| C 8:nan| C 9:nan| C 10:nan| C 11:nan
Epoch[108/500] | Loss:0.2019 |Acc: 93.2000|Pred Confidence: 0.93 | C 0:0.9938 | C 1:0.9034 | C 2:0.7100| C 3:0.3899| C 4:0.9370| C 5:nan| C 6:nan| C 7:nan| C 8:nan| C 9:nan| C 10:nan| C 11:nan
Epoch[109/500] | Loss:0.1325 |Acc: 96.0000|Pred Confidence: 0.95 | C 0:0.9875 | C 1:0.9346 | C 2:0.8010| C 3:0.7864| C 4:0.7546| C 5:nan| C 6:nan| C 7:nan| C 8:nan| C 9:nan| C 10:nan| C 11:nan
Epoch[110/500] | Loss:0.1313 |Acc: 96.2000|Pred Confidence: 0.95 | C 0:0.9930 | C 1:0.9130 | C 2:0.8426| C 3:0.7686| C 4:0.8403| C 5:nan| C 6:nan| C 7:nan| C 8:nan| C 9:nan| C 10:nan| C 11:nan
Epoch[111/500] | Loss:0.1028 |Acc: 96.6000|Pred Confidence: 0.97 | C 0:0.9944 | C 1:0.9567 | C 2:0.8856| C 3:0.7680| C 4:0.8984| C 5:nan| C 6:nan| C 7:nan| C 8:nan| C 9:nan| C 10:nan| C 11:nan
Epoch[112/500] | Loss:0.1092 |Acc: 96.8000|Pred Confidence: 0.96 | C 0:0.9951 | C 1:0.9285 | C 2:0.8794| C 3:0.7366| C 4:0.8931| C 5:nan| C 6:nan| C 7:nan| C 8:nan| C 9:nan| C 10:nan| C 11:nan
Epoch[113/500] | Loss:0.0963 |Acc: 97.2000|Pred Confidence: 0.97 | C 0:0.9937 | C 1:0.9496 | C 2:0.8806| C 3:0.8058| C 4:0.9085| C 5:nan| C 6:nan| C 7:nan| C 8:nan| C 9:nan| C 10:nan| C 11:nan
Epoch[114/500] | Loss:0.0972 |Acc: 96.8000|Pred Confidence: 0.97 | C 0:0.9955 | C 1:0.9484 | C 2:0.9258| C 3:0.7763| C 4:0.9034| C 5:nan| C 6:nan| C 7:nan| C 8:nan| C 9:nan| C 10:nan| C 11:nan
Epoch[115/500] | Loss:0.0942 |Acc: 97.0000|Pred Confidence: 0.97 | C 0:0.9928 | C 1:0.9476 | C 2:0.8902| C 3:0.8076| C 4:0.9018| C 5:nan| C 6:nan| C 7:nan| C 8:nan| C 9:nan| C 10:nan| C 11:nan
Epoch[116/500] | Loss:0.0901 |Acc: 97.2000|Pred Confidence: 0.97 | C 0:0.9960 | C 1:0.9442 | C 2:0.9140| C 3:0.8163| C 4:0.9148| C 5:nan| C 6:nan| C 7:nan| C 8:nan| C 9:nan| C 10:nan| C 11:nan
Epoch[117/500] | Loss:0.0886 |Acc: 97.2000|Pred Confidence: 0.97 | C 0:0.9951 | C 1:0.9518 | C 2:0.8947| C 3:0.7805| C 4:0.9352| C 5:nan| C 6:nan| C 7:nan| C 8:nan| C 9:nan| C 10:nan| C 11:nan
Epoch[118/500] | Loss:0.0949 |Acc: 96.8000|Pred Confidence: 0.97 | C 0:0.9947 | C 1:0.9513 | C 2:0.9039| C 3:0.7577| C 4:0.8775| C 5:nan| C 6:nan| C 7:nan| C 8:nan| C 9:nan| C 10:nan| C 11:nan
Epoch[119/500] | Loss:0.1224 |Acc: 96.4000|Pred Confidence: 0.97 | C 0:0.9945 | C 1:0.9417 | C 2:0.8606| C 3:0.8339| C 4:0.9494| C 5:nan| C 6:nan| C 7:nan| C 8:nan| C 9:nan| C 10:nan| C 11:nan
Epoch[120/500] | Loss:0.1893 |Acc: 94.6000|Pred Confidence: 0.96 | C 0:0.9953 | C 1:0.9305 | C 2:0.8640| C 3:0.7408| C 4:0.8044| C 5:nan| C 6:nan| C 7:nan| C 8:nan| C 9:nan| C 10:nan| C 11:nan
Epoch[121/500] | Loss:0.3199 |Acc: 91.2000|Pred Confidence: nan | C 0:0.9842 | C 1:0.9085 | C 2:nan| C 3:0.6369| C 4:nan| C 5:nan| C 6:nan| C 7:nan| C 8:nan| C 9:nan| C 10:nan| C 11:nan
Epoch[122/500] | Loss:0.1271 |Acc: 95.6000|Pred Confidence: 0.96 | C 0:0.9958 | C 1:0.9259 | C 2:0.8477| C 3:0.8404| C 4:0.8682| C 5:nan| C 6:nan| C 7:nan| C 8:nan| C 9:nan| C 10:nan| C 11:nan
Epoch[123/500] | Loss:0.1107 |Acc: 96.6000|Pred Confidence: 0.97 | C 0:0.9915 | C 1:0.9422 | C 2:0.8506| C 3:0.8201| C 4:0.9771| C 5:nan| C 6:nan| C 7:nan| C 8:nan| C 9:nan| C 10:nan| C 11:nan
Epoch[124/500] | Loss:0.0957 |Acc: 96.6000|Pred Confidence: 0.97 | C 0:0.9916 | C 1:0.9628 | C 2:0.8681| C 3:0.7616| C 4:0.9731| C 5:nan| C 6:nan| C 7:nan| C 8:nan| C 9:nan| C 10:nan| C 11:nan
Epoch[125/500] | Loss:0.1009 |Acc: 96.8000|Pred Confidence: 0.96 | C 0:0.9938 | C 1:0.9289 | C 2:0.8452| C 3:0.7830| C 4:0.9668| C 5:nan| C 6:nan| C 7:nan| C 8:nan| C 9:nan| C 10:nan| C 11:nan
Epoch[126/500] | Loss:0.0807 |Acc: 97.4000|Pred Confidence: 0.97 | C 0:0.9964 | C 1:0.9608 | C 2:0.9336| C 3:0.7115| C 4:0.9457| C 5:nan| C 6:nan| C 7:nan| C 8:nan| C 9:nan| C 10:nan| C 11:nan
Epoch[127/500] | Loss:0.0796 |Acc: 97.6000|Pred Confidence: 0.97 | C 0:0.9958 | C 1:0.9492 | C 2:0.9300| C 3:0.7393| C 4:0.9531| C 5:nan| C 6:nan| C 7:nan| C 8:nan| C 9:nan| C 10:nan| C 11:nan
Epoch[128/500] | Loss:0.0847 |Acc: 97.4000|Pred Confidence: 0.97 | C 0:0.9956 | C 1:0.9527 | C 2:0.9444| C 3:0.7028| C 4:0.9529| C 5:nan| C 6:nan| C 7:nan| C 8:nan| C 9:nan| C 10:nan| C 11:nan
Epoch[129/500] | Loss:0.0835 |Acc: 98.0000|Pred Confidence: 0.97 | C 0:0.9965 | C 1:0.9502 | C 2:0.9093| C 3:0.6998| C 4:0.9561| C 5:nan| C 6:nan| C 7:nan| C 8:nan| C 9:nan| C 10:nan| C 11:nan
Epoch[130/500] | Loss:0.0826 |Acc: 97.8000|Pred Confidence: 0.97 | C 0:0.9962 | C 1:0.9508 | C 2:0.9250| C 3:0.6751| C 4:0.9547| C 5:nan| C 6:nan| C 7:nan| C 8:nan| C 9:nan| C 10:nan| C 11:nan
Epoch[131/500] | Loss:0.0749 |Acc: 97.8000|Pred Confidence: 0.97 | C 0:0.9968 | C 1:0.9618 | C 2:0.9185| C 3:0.7267| C 4:0.9616| C 5:nan| C 6:nan| C 7:nan| C 8:nan| C 9:nan| C 10:nan| C 11:nan
Epoch[132/500] | Loss:0.0747 |Acc: 98.2000|Pred Confidence: 0.97 | C 0:0.9966 | C 1:0.9505 | C 2:0.9509| C 3:0.6355| C 4:0.9591| C 5:nan| C 6:nan| C 7:nan| C 8:nan| C 9:nan| C 10:nan| C 11:nan
Epoch[133/500] | Loss:0.0691 |Acc: 98.0000|Pred Confidence: 0.97 | C 0:0.9966 | C 1:0.9626 | C 2:0.9443| C 3:0.7326| C 4:0.9629| C 5:nan| C 6:nan| C 7:nan| C 8:nan| C 9:nan| C 10:nan| C 11:nan
Epoch[134/500] | Loss:0.0698 |Acc: 97.8000|Pred Confidence: 0.98 | C 0:0.9971 | C 1:0.9639 | C 2:0.9517| C 3:0.7119| C 4:0.9650| C 5:nan| C 6:nan| C 7:nan| C 8:nan| C 9:nan| C 10:nan| C 11:nan
Epoch[135/500] | Loss:0.0875 |Acc: 97.4000|Pred Confidence: 0.97 | C 0:0.9970 | C 1:0.9457 | C 2:0.9191| C 3:0.7429| C 4:0.9728| C 5:nan| C 6:nan| C 7:nan| C 8:nan| C 9:nan| C 10:nan| C 11:nan
Epoch[136/500] | Loss:0.0768 |Acc: 97.6000|Pred Confidence: 0.98 | C 0:0.9970 | C 1:0.9695 | C 2:0.9332| C 3:0.7000| C 4:0.9779| C 5:nan| C 6:nan| C 7:nan| C 8:nan| C 9:nan| C 10:nan| C 11:nan
Epoch[137/500] | Loss:0.0983 |Acc: 97.0000|Pred Confidence: 0.96 | C 0:0.9971 | C 1:0.9376 | C 2:0.9015| C 3:0.6780| C 4:0.9752| C 5:nan| C 6:nan| C 7:nan| C 8:nan| C 9:nan| C 10:nan| C 11:nan
Epoch[138/500] | Loss:0.1174 |Acc: 96.0000|Pred Confidence: 0.98 | C 0:0.9975 | C 1:0.9631 | C 2:0.9378| C 3:0.7403| C 4:0.9066| C 5:nan| C 6:nan| C 7:nan| C 8:nan| C 9:nan| C 10:nan| C 11:nan
Epoch[139/500] | Loss:0.0877 |Acc: 97.0000|Pred Confidence: 0.97 | C 0:0.9965 | C 1:0.9399 | C 2:0.9348| C 3:0.7752| C 4:0.9785| C 5:nan| C 6:nan| C 7:nan| C 8:nan| C 9:nan| C 10:nan| C 11:nan
Epoch[140/500] | Loss:0.0755 |Acc: 97.2000|Pred Confidence: 0.97 | C 0:0.9970 | C 1:0.9589 | C 2:0.9366| C 3:0.7167| C 4:0.9817| C 5:nan| C 6:nan| C 7:nan| C 8:nan| C 9:nan| C 10:nan| C 11:nan
Epoch[141/500] | Loss:0.0819 |Acc: 98.0000|Pred Confidence: 0.96 | C 0:0.9978 | C 1:0.9342 | C 2:0.9318| C 3:0.6541| C 4:0.9812| C 5:nan| C 6:nan| C 7:nan| C 8:nan| C 9:nan| C 10:nan| C 11:nan
Epoch[142/500] | Loss:0.0608 |Acc: 98.2000|Pred Confidence: 0.98 | C 0:0.9962 | C 1:0.9733 | C 2:0.9536| C 3:0.7556| C 4:0.9828| C 5:nan| C 6:nan| C 7:nan| C 8:nan| C 9:nan| C 10:nan| C 11:nan
Epoch[143/500] | Loss:0.0598 |Acc: 98.2000|Pred Confidence: 0.97 | C 0:0.9971 | C 1:0.9658 | C 2:0.9509| C 3:0.7090| C 4:0.9837| C 5:nan| C 6:nan| C 7:nan| C 8:nan| C 9:nan| C 10:nan| C 11:nan
Epoch[144/500] | Loss:0.0538 |Acc: 98.2000|Pred Confidence: 0.98 | C 0:0.9984 | C 1:0.9765 | C 2:0.9556| C 3:0.6826| C 4:0.9840| C 5:nan| C 6:nan| C 7:nan| C 8:nan| C 9:nan| C 10:nan| C 11:nan
Epoch[145/500] | Loss:0.0630 |Acc: 98.2000|Pred Confidence: 0.97 | C 0:0.9984 | C 1:0.9593 | C 2:0.9473| C 3:0.7274| C 4:0.9828| C 5:nan| C 6:nan| C 7:nan| C 8:nan| C 9:nan| C 10:nan| C 11:nan
Epoch[146/500] | Loss:0.0535 |Acc: 98.2000|Pred Confidence: 0.98 | C 0:0.9981 | C 1:0.9748 | C 2:0.9512| C 3:0.7881| C 4:0.9838| C 5:nan| C 6:nan| C 7:nan| C 8:nan| C 9:nan| C 10:nan| C 11:nan
Epoch[147/500] | Loss:0.0623 |Acc: 98.2000|Pred Confidence: 0.97 | C 0:0.9983 | C 1:0.9531 | C 2:0.9569| C 3:0.7561| C 4:0.9826| C 5:nan| C 6:nan| C 7:nan| C 8:nan| C 9:nan| C 10:nan| C 11:nan
Epoch[148/500] | Loss:0.0510 |Acc: 98.2000|Pred Confidence: 0.98 | C 0:0.9985 | C 1:0.9774 | C 2:0.9652| C 3:0.7220| C 4:0.9867| C 5:nan| C 6:nan| C 7:nan| C 8:nan| C 9:nan| C 10:nan| C 11:nan
Epoch[149/500] | Loss:0.0911 |Acc: 97.6000|Pred Confidence: 0.97 | C 0:0.9984 | C 1:0.9417 | C 2:0.9559| C 3:0.7175| C 4:0.9825| C 5:nan| C 6:nan| C 7:nan| C 8:nan| C 9:nan| C 10:nan| C 11:nan
Epoch[150/500] | Loss:0.0814 |Acc: 97.6000|Pred Confidence: 0.97 | C 0:0.9926 | C 1:0.9709 | C 2:0.9370| C 3:0.6677| C 4:0.9797| C 5:nan| C 6:nan| C 7:nan| C 8:nan| C 9:nan| C 10:nan| C 11:nan
Epoch[151/500] | Loss:0.1159 |Acc: 96.6000|Pred Confidence: 0.96 | C 0:0.9920 | C 1:0.9495 | C 2:0.8802| C 3:0.6911| C 4:0.9538| C 5:nan| C 6:nan| C 7:nan| C 8:nan| C 9:nan| C 10:nan| C 11:nan
Epoch[152/500] | Loss:0.1745 |Acc: 94.8000|Pred Confidence: 0.96 | C 0:0.9939 | C 1:0.9431 | C 2:0.8712| C 3:0.6854| C 4:0.9667| C 5:nan| C 6:nan| C 7:nan| C 8:nan| C 9:nan| C 10:nan| C 11:nan
Epoch[153/500] | Loss:0.1008 |Acc: 96.8000|Pred Confidence: 0.96 | C 0:0.9958 | C 1:0.9487 | C 2:0.8932| C 3:0.7092| C 4:0.9274| C 5:nan| C 6:nan| C 7:nan| C 8:nan| C 9:nan| C 10:nan| C 11:nan
Epoch[154/500] | Loss:0.0849 |Acc: 97.6000|Pred Confidence: 0.97 | C 0:0.9978 | C 1:0.9461 | C 2:0.7776| C 3:0.7582| C 4:0.9439| C 5:nan| C 6:nan| C 7:nan| C 8:nan| C 9:nan| C 10:nan| C 11:nan
Epoch[155/500] | Loss:0.0709 |Acc: 97.4000|Pred Confidence: 0.97 | C 0:0.9986 | C 1:0.9718 | C 2:0.6567| C 3:0.7869| C 4:0.9116| C 5:nan| C 6:nan| C 7:nan| C 8:nan| C 9:nan| C 10:nan| C 11:nan
Epoch[156/500] | Loss:0.0800 |Acc: 97.6000|Pred Confidence: 0.97 | C 0:0.9985 | C 1:0.9436 | C 2:0.9001| C 3:0.7689| C 4:0.9543| C 5:nan| C 6:nan| C 7:nan| C 8:nan| C 9:nan| C 10:nan| C 11:nan
Epoch[157/500] | Loss:0.0590 |Acc: 98.2000|Pred Confidence: 0.97 | C 0:0.9987 | C 1:0.9710 | C 2:0.9348| C 3:0.6715| C 4:0.9602| C 5:nan| C 6:nan| C 7:nan| C 8:nan| C 9:nan| C 10:nan| C 11:nan
Epoch[158/500] | Loss:0.0553 |Acc: 98.6000|Pred Confidence: 0.98 | C 0:0.9987 | C 1:0.9649 | C 2:0.9465| C 3:0.7258| C 4:0.9594| C 5:nan| C 6:nan| C 7:nan| C 8:nan| C 9:nan| C 10:nan| C 11:nan
Epoch[159/500] | Loss:0.0472 |Acc: 98.6000|Pred Confidence: 0.98 | C 0:0.9988 | C 1:0.9777 | C 2:0.9480| C 3:0.7381| C 4:0.9635| C 5:nan| C 6:nan| C 7:nan| C 8:nan| C 9:nan| C 10:nan| C 11:nan
Epoch[160/500] | Loss:0.0465 |Acc: 98.6000|Pred Confidence: 0.98 | C 0:0.9988 | C 1:0.9757 | C 2:0.9499| C 3:0.7231| C 4:0.9670| C 5:nan| C 6:nan| C 7:nan| C 8:nan| C 9:nan| C 10:nan| C 11:nan
Epoch[161/500] | Loss:0.0432 |Acc: 98.6000|Pred Confidence: 0.98 | C 0:0.9989 | C 1:0.9783 | C 2:0.9547| C 3:0.7560| C 4:0.9670| C 5:nan| C 6:nan| C 7:nan| C 8:nan| C 9:nan| C 10:nan| C 11:nan
Epoch[162/500] | Loss:0.0435 |Acc: 98.8000|Pred Confidence: 0.98 | C 0:0.9989 | C 1:0.9734 | C 2:0.9566| C 3:0.7384| C 4:0.9691| C 5:nan| C 6:nan| C 7:nan| C 8:nan| C 9:nan| C 10:nan| C 11:nan
Epoch[163/500] | Loss:0.0406 |Acc: 98.6000|Pred Confidence: 0.98 | C 0:0.9990 | C 1:0.9801 | C 2:0.9586| C 3:0.7722| C 4:0.9690| C 5:nan| C 6:nan| C 7:nan| C 8:nan| C 9:nan| C 10:nan| C 11:nan
Epoch[164/500] | Loss:0.0476 |Acc: 98.6000|Pred Confidence: 0.98 | C 0:0.9990 | C 1:0.9678 | C 2:0.9595| C 3:0.7367| C 4:0.9734| C 5:nan| C 6:nan| C 7:nan| C 8:nan| C 9:nan| C 10:nan| C 11:nan
Epoch[165/500] | Loss:0.0624 |Acc: 97.8000|Pred Confidence: 0.98 | C 0:0.9991 | C 1:0.9800 | C 2:0.9678| C 3:0.7654| C 4:0.9663| C 5:nan| C 6:nan| C 7:nan| C 8:nan| C 9:nan| C 10:nan| C 11:nan
Epoch[166/500] | Loss:0.0950 |Acc: 97.6000|Pred Confidence: 0.96 | C 0:0.9986 | C 1:0.9338 | C 2:0.9557| C 3:0.7475| C 4:0.9751| C 5:nan| C 6:nan| C 7:nan| C 8:nan| C 9:nan| C 10:nan| C 11:nan
Epoch[167/500] | Loss:0.0479 |Acc: 98.4000|Pred Confidence: 0.98 | C 0:0.9990 | C 1:0.9775 | C 2:0.9644| C 3:0.7734| C 4:0.9711| C 5:nan| C 6:nan| C 7:nan| C 8:nan| C 9:nan| C 10:nan| C 11:nan
Epoch[168/500] | Loss:0.0420 |Acc: 98.6000|Pred Confidence: 0.98 | C 0:0.9989 | C 1:0.9775 | C 2:0.9661| C 3:0.7349| C 4:0.9712| C 5:nan| C 6:nan| C 7:nan| C 8:nan| C 9:nan| C 10:nan| C 11:nan
Epoch[169/500] | Loss:0.0412 |Acc: 98.8000|Pred Confidence: 0.98 | C 0:0.9990 | C 1:0.9761 | C 2:0.9708| C 3:0.7855| C 4:0.9707| C 5:nan| C 6:nan| C 7:nan| C 8:nan| C 9:nan| C 10:nan| C 11:nan
Epoch[170/500] | Loss:0.0370 |Acc: 98.8000|Pred Confidence: 0.98 | C 0:0.9991 | C 1:0.9818 | C 2:0.9713| C 3:0.7599| C 4:0.9755| C 5:nan| C 6:nan| C 7:nan| C 8:nan| C 9:nan| C 10:nan| C 11:nan
Epoch[171/500] | Loss:0.0369 |Acc: 99.0000|Pred Confidence: 0.98 | C 0:0.9992 | C 1:0.9786 | C 2:0.9739| C 3:0.7850| C 4:0.9748| C 5:nan| C 6:nan| C 7:nan| C 8:nan| C 9:nan| C 10:nan| C 11:nan
Epoch[172/500] | Loss:0.0337 |Acc: 99.2000|Pred Confidence: 0.98 | C 0:0.9993 | C 1:0.9800 | C 2:0.9760| C 3:0.7647| C 4:0.9776| C 5:nan| C 6:nan| C 7:nan| C 8:nan| C 9:nan| C 10:nan| C 11:nan
Epoch[173/500] | Loss:0.0334 |Acc: 99.0000|Pred Confidence: 0.98 | C 0:0.9993 | C 1:0.9804 | C 2:0.9772| C 3:0.7973| C 4:0.9784| C 5:nan| C 6:nan| C 7:nan| C 8:nan| C 9:nan| C 10:nan| C 11:nan
Epoch[174/500] | Loss:0.0309 |Acc: 99.2000|Pred Confidence: 0.98 | C 0:0.9994 | C 1:0.9819 | C 2:0.9780| C 3:0.7747| C 4:0.9799| C 5:nan| C 6:nan| C 7:nan| C 8:nan| C 9:nan| C 10:nan| C 11:nan
Epoch[175/500] | Loss:0.0312 |Acc: 99.0000|Pred Confidence: 0.98 | C 0:0.9994 | C 1:0.9801 | C 2:0.9805| C 3:0.8034| C 4:0.9803| C 5:nan| C 6:nan| C 7:nan| C 8:nan| C 9:nan| C 10:nan| C 11:nan
Epoch[176/500] | Loss:0.0284 |Acc: 99.2000|Pred Confidence: 0.99 | C 0:0.9994 | C 1:0.9841 | C 2:0.9807| C 3:0.7937| C 4:0.9821| C 5:nan| C 6:nan| C 7:nan| C 8:nan| C 9:nan| C 10:nan| C 11:nan
Epoch[177/500] | Loss:0.0288 |Acc: 99.2000|Pred Confidence: 0.98 | C 0:0.9994 | C 1:0.9796 | C 2:0.9808| C 3:0.8015| C 4:0.9828| C 5:nan| C 6:nan| C 7:nan| C 8:nan| C 9:nan| C 10:nan| C 11:nan
Epoch[178/500] | Loss:0.0261 |Acc: 99.2000|Pred Confidence: 0.99 | C 0:0.9995 | C 1:0.9839 | C 2:0.9816| C 3:0.8122| C 4:0.9833| C 5:nan| C 6:nan| C 7:nan| C 8:nan| C 9:nan| C 10:nan| C 11:nan
Epoch[179/500] | Loss:0.0261 |Acc: 99.2000|Pred Confidence: 0.99 | C 0:0.9995 | C 1:0.9822 | C 2:0.9819| C 3:0.8157| C 4:0.9840| C 5:nan| C 6:nan| C 7:nan| C 8:nan| C 9:nan| C 10:nan| C 11:nan
Epoch[180/500] | Loss:0.0247 |Acc: 99.4000|Pred Confidence: 0.99 | C 0:0.9995 | C 1:0.9845 | C 2:0.9822| C 3:0.8172| C 4:0.9851| C 5:nan| C 6:nan| C 7:nan| C 8:nan| C 9:nan| C 10:nan| C 11:nan
Epoch[181/500] | Loss:0.0237 |Acc: 99.4000|Pred Confidence: 0.99 | C 0:0.9995 | C 1:0.9848 | C 2:0.9823| C 3:0.8235| C 4:0.9853| C 5:nan| C 6:nan| C 7:nan| C 8:nan| C 9:nan| C 10:nan| C 11:nan
Epoch[182/500] | Loss:0.0235 |Acc: 99.4000|Pred Confidence: 0.99 | C 0:0.9995 | C 1:0.9840 | C 2:0.9826| C 3:0.8217| C 4:0.9861| C 5:nan| C 6:nan| C 7:nan| C 8:nan| C 9:nan| C 10:nan| C 11:nan
Epoch[183/500] | Loss:0.0231 |Acc: 99.4000|Pred Confidence: 0.99 | C 0:0.9995 | C 1:0.9860 | C 2:0.9824| C 3:0.8425| C 4:0.9867| C 5:nan| C 6:nan| C 7:nan| C 8:nan| C 9:nan| C 10:nan| C 11:nan
Epoch[184/500] | Loss:0.0220 |Acc: 99.4000|Pred Confidence: 0.99 | C 0:0.9996 | C 1:0.9862 | C 2:0.9825| C 3:0.8480| C 4:0.9867| C 5:nan| C 6:nan| C 7:nan| C 8:nan| C 9:nan| C 10:nan| C 11:nan
Epoch[185/500] | Loss:0.0214 |Acc: 99.4000|Pred Confidence: 0.99 | C 0:0.9996 | C 1:0.9855 | C 2:0.9836| C 3:0.8514| C 4:0.9870| C 5:nan| C 6:nan| C 7:nan| C 8:nan| C 9:nan| C 10:nan| C 11:nan
Epoch[186/500] | Loss:0.0200 |Acc: 99.4000|Pred Confidence: 0.99 | C 0:0.9996 | C 1:0.9877 | C 2:0.9845| C 3:0.8694| C 4:0.9873| C 5:nan| C 6:nan| C 7:nan| C 8:nan| C 9:nan| C 10:nan| C 11:nan
Epoch[187/500] | Loss:0.0199 |Acc: 99.6000|Pred Confidence: 0.99 | C 0:0.9996 | C 1:0.9880 | C 2:0.9842| C 3:0.8566| C 4:0.9886| C 5:nan| C 6:nan| C 7:nan| C 8:nan| C 9:nan| C 10:nan| C 11:nan
Epoch[188/500] | Loss:0.0193 |Acc: 99.6000|Pred Confidence: 0.99 | C 0:0.9996 | C 1:0.9880 | C 2:0.9847| C 3:0.8660| C 4:0.9883| C 5:nan| C 6:nan| C 7:nan| C 8:nan| C 9:nan| C 10:nan| C 11:nan
Epoch[189/500] | Loss:0.0188 |Acc: 99.6000|Pred Confidence: 0.99 | C 0:0.9996 | C 1:0.9875 | C 2:0.9849| C 3:0.8661| C 4:0.9884| C 5:nan| C 6:nan| C 7:nan| C 8:nan| C 9:nan| C 10:nan| C 11:nan
Epoch[190/500] | Loss:0.0213 |Acc: 99.6000|Pred Confidence: 0.99 | C 0:0.9996 | C 1:0.9885 | C 2:0.9833| C 3:0.7911| C 4:0.9893| C 5:nan| C 6:nan| C 7:nan| C 8:nan| C 9:nan| C 10:nan| C 11:nan
Epoch[191/500] | Loss:0.0414 |Acc: 99.0000|Pred Confidence: 0.99 | C 0:0.9997 | C 1:0.9850 | C 2:0.9739| C 3:0.7829| C 4:0.9899| C 5:nan| C 6:nan| C 7:nan| C 8:nan| C 9:nan| C 10:nan| C 11:nan
Epoch[192/500] | Loss:0.3053 |Acc: 94.4000|Pred Confidence: nan | C 0:0.9978 | C 1:0.9455 | C 2:0.9773| C 3:0.7922| C 4:nan| C 5:nan| C 6:nan| C 7:nan| C 8:nan| C 9:nan| C 10:nan| C 11:nan
Epoch[193/500] | Loss:0.3573 |Acc: 91.6000|Pred Confidence: nan | C 0:0.9966 | C 1:0.9343 | C 2:0.5551| C 3:nan| C 4:nan| C 5:nan| C 6:nan| C 7:nan| C 8:nan| C 9:nan| C 10:nan| C 11:nan
Epoch[194/500] | Loss:0.1387 |Acc: 96.4000|Pred Confidence: 0.96 | C 0:0.9967 | C 1:0.9242 | C 2:0.9392| C 3:0.6780| C 4:0.9166| C 5:nan| C 6:nan| C 7:nan| C 8:nan| C 9:nan| C 10:nan| C 11:nan
Epoch[195/500] | Loss:0.0886 |Acc: 97.4000|Pred Confidence: 0.97 | C 0:0.9967 | C 1:0.9489 | C 2:0.8828| C 3:0.6703| C 4:0.9923| C 5:nan| C 6:nan| C 7:nan| C 8:nan| C 9:nan| C 10:nan| C 11:nan
Epoch[196/500] | Loss:0.1243 |Acc: 96.8000|Pred Confidence: 0.97 | C 0:0.9978 | C 1:0.9384 | C 2:0.9733| C 3:0.7619| C 4:0.9951| C 5:nan| C 6:nan| C 7:nan| C 8:nan| C 9:nan| C 10:nan| C 11:nan
Epoch[197/500] | Loss:0.0856 |Acc: 97.8000|Pred Confidence: 0.97 | C 0:0.9984 | C 1:0.9400 | C 2:0.9107| C 3:0.7642| C 4:0.9932| C 5:nan| C 6:nan| C 7:nan| C 8:nan| C 9:nan| C 10:nan| C 11:nan
Epoch[198/500] | Loss:0.0898 |Acc: 97.4000|Pred Confidence: 0.98 | C 0:0.9991 | C 1:0.9633 | C 2:0.9138| C 3:0.7525| C 4:0.9942| C 5:nan| C 6:nan| C 7:nan| C 8:nan| C 9:nan| C 10:nan| C 11:nan
Epoch[199/500] | Loss:0.0694 |Acc: 98.0000|Pred Confidence: 0.97 | C 0:0.9992 | C 1:0.9525 | C 2:0.9850| C 3:0.8141| C 4:0.9946| C 5:nan| C 6:nan| C 7:nan| C 8:nan| C 9:nan| C 10:nan| C 11:nan
Epoch[200/500] | Loss:0.0643 |Acc: 98.2000|Pred Confidence: 0.98 | C 0:0.9973 | C 1:0.9652 | C 2:0.9454| C 3:0.8572| C 4:0.9936| C 5:nan| C 6:nan| C 7:nan| C 8:nan| C 9:nan| C 10:nan| C 11:nan
Epoch[201/500] | Loss:0.0955 |Acc: 97.4000|Pred Confidence: 0.97 | C 0:0.9950 | C 1:0.9423 | C 2:0.9627| C 3:0.8266| C 4:0.9929| C 5:nan| C 6:nan| C 7:nan| C 8:nan| C 9:nan| C 10:nan| C 11:nan
Epoch[202/500] | Loss:0.0489 |Acc: 98.4000|Pred Confidence: 0.99 | C 0:0.9979 | C 1:0.9788 | C 2:0.9751| C 3:0.8568| C 4:0.9979| C 5:nan| C 6:nan| C 7:nan| C 8:nan| C 9:nan| C 10:nan| C 11:nan
Epoch[203/500] | Loss:0.0519 |Acc: 98.0000|Pred Confidence: 0.98 | C 0:0.9980 | C 1:0.9737 | C 2:0.9727| C 3:0.7684| C 4:0.9856| C 5:nan| C 6:nan| C 7:nan| C 8:nan| C 9:nan| C 10:nan| C 11:nan
Epoch[204/500] | Loss:0.0430 |Acc: 98.8000|Pred Confidence: 0.98 | C 0:0.9978 | C 1:0.9661 | C 2:0.9830| C 3:0.8357| C 4:0.9864| C 5:nan| C 6:nan| C 7:nan| C 8:nan| C 9:nan| C 10:nan| C 11:nan
Epoch[205/500] | Loss:0.0487 |Acc: 98.4000|Pred Confidence: 0.98 | C 0:0.9993 | C 1:0.9782 | C 2:0.9526| C 3:0.8140| C 4:0.9648| C 5:nan| C 6:nan| C 7:nan| C 8:nan| C 9:nan| C 10:nan| C 11:nan
Epoch[206/500] | Loss:0.0839 |Acc: 98.0000|Pred Confidence: 0.97 | C 0:0.9989 | C 1:0.9526 | C 2:0.9619| C 3:0.8088| C 4:0.9789| C 5:nan| C 6:nan| C 7:nan| C 8:nan| C 9:nan| C 10:nan| C 11:nan
Epoch[207/500] | Loss:0.0528 |Acc: 98.2000|Pred Confidence: 0.98 | C 0:0.9990 | C 1:0.9702 | C 2:0.9816| C 3:0.8640| C 4:0.9872| C 5:nan| C 6:nan| C 7:nan| C 8:nan| C 9:nan| C 10:nan| C 11:nan
Epoch[208/500] | Loss:0.1393 |Acc: 95.8000|Pred Confidence: 0.98 | C 0:0.9992 | C 1:0.9736 | C 2:0.9673| C 3:0.6237| C 4:0.9772| C 5:nan| C 6:nan| C 7:nan| C 8:nan| C 9:nan| C 10:nan| C 11:nan
Epoch[209/500] | Loss:0.0865 |Acc: 97.0000|Pred Confidence: 0.97 | C 0:0.9989 | C 1:0.9449 | C 2:0.9593| C 3:0.8840| C 4:0.9358| C 5:nan| C 6:nan| C 7:nan| C 8:nan| C 9:nan| C 10:nan| C 11:nan
Epoch[210/500] | Loss:0.0607 |Acc: 98.2000|Pred Confidence: 0.98 | C 0:0.9995 | C 1:0.9738 | C 2:0.9573| C 3:0.8556| C 4:0.9342| C 5:nan| C 6:nan| C 7:nan| C 8:nan| C 9:nan| C 10:nan| C 11:nan
Epoch[211/500] | Loss:0.0734 |Acc: 97.4000|Pred Confidence: 0.98 | C 0:0.9965 | C 1:0.9716 | C 2:0.9567| C 3:0.7748| C 4:0.9815| C 5:nan| C 6:nan| C 7:nan| C 8:nan| C 9:nan| C 10:nan| C 11:nan
Epoch[212/500] | Loss:0.0616 |Acc: 97.6000|Pred Confidence: 0.98 | C 0:0.9970 | C 1:0.9600 | C 2:0.9901| C 3:0.7571| C 4:0.9795| C 5:nan| C 6:nan| C 7:nan| C 8:nan| C 9:nan| C 10:nan| C 11:nan
Epoch[213/500] | Loss:0.0437 |Acc: 98.8000|Pred Confidence: 0.98 | C 0:0.9988 | C 1:0.9595 | C 2:0.9790| C 3:0.8410| C 4:0.9753| C 5:nan| C 6:nan| C 7:nan| C 8:nan| C 9:nan| C 10:nan| C 11:nan
Epoch[214/500] | Loss:0.0334 |Acc: 98.8000|Pred Confidence: 0.99 | C 0:0.9988 | C 1:0.9818 | C 2:0.9848| C 3:0.8393| C 4:0.9796| C 5:nan| C 6:nan| C 7:nan| C 8:nan| C 9:nan| C 10:nan| C 11:nan
Epoch[215/500] | Loss:0.0320 |Acc: 99.2000|Pred Confidence: 0.98 | C 0:0.9992 | C 1:0.9722 | C 2:0.9873| C 3:0.8645| C 4:0.9806| C 5:nan| C 6:nan| C 7:nan| C 8:nan| C 9:nan| C 10:nan| C 11:nan
Epoch[216/500] | Loss:0.0263 |Acc: 99.4000|Pred Confidence: 0.99 | C 0:0.9994 | C 1:0.9834 | C 2:0.9861| C 3:0.8474| C 4:0.9817| C 5:nan| C 6:nan| C 7:nan| C 8:nan| C 9:nan| C 10:nan| C 11:nan
Epoch[217/500] | Loss:0.0249 |Acc: 99.4000|Pred Confidence: 0.99 | C 0:0.9994 | C 1:0.9805 | C 2:0.9880| C 3:0.8811| C 4:0.9820| C 5:nan| C 6:nan| C 7:nan| C 8:nan| C 9:nan| C 10:nan| C 11:nan
Epoch[218/500] | Loss:0.0225 |Acc: 99.4000|Pred Confidence: 0.99 | C 0:0.9995 | C 1:0.9849 | C 2:0.9890| C 3:0.8858| C 4:0.9826| C 5:nan| C 6:nan| C 7:nan| C 8:nan| C 9:nan| C 10:nan| C 11:nan
Epoch[219/500] | Loss:0.0214 |Acc: 99.4000|Pred Confidence: 0.99 | C 0:0.9996 | C 1:0.9855 | C 2:0.9898| C 3:0.8960| C 4:0.9830| C 5:nan| C 6:nan| C 7:nan| C 8:nan| C 9:nan| C 10:nan| C 11:nan
Epoch[220/500] | Loss:0.0204 |Acc: 99.4000|Pred Confidence: 0.99 | C 0:0.9996 | C 1:0.9866 | C 2:0.9904| C 3:0.9027| C 4:0.9834| C 5:nan| C 6:nan| C 7:nan| C 8:nan| C 9:nan| C 10:nan| C 11:nan
Epoch[221/500] | Loss:0.0197 |Acc: 99.6000|Pred Confidence: 0.99 | C 0:0.9996 | C 1:0.9872 | C 2:0.9908| C 3:0.8934| C 4:0.9838| C 5:nan| C 6:nan| C 7:nan| C 8:nan| C 9:nan| C 10:nan| C 11:nan
Epoch[222/500] | Loss:0.0191 |Acc: 99.6000|Pred Confidence: 0.99 | C 0:0.9996 | C 1:0.9877 | C 2:0.9912| C 3:0.8975| C 4:0.9842| C 5:nan| C 6:nan| C 7:nan| C 8:nan| C 9:nan| C 10:nan| C 11:nan
Epoch[223/500] | Loss:0.0187 |Acc: 99.6000|Pred Confidence: 0.99 | C 0:0.9996 | C 1:0.9883 | C 2:0.9914| C 3:0.8994| C 4:0.9846| C 5:nan| C 6:nan| C 7:nan| C 8:nan| C 9:nan| C 10:nan| C 11:nan
Epoch[224/500] | Loss:0.0182 |Acc: 99.6000|Pred Confidence: 0.99 | C 0:0.9997 | C 1:0.9882 | C 2:0.9916| C 3:0.9042| C 4:0.9850| C 5:nan| C 6:nan| C 7:nan| C 8:nan| C 9:nan| C 10:nan| C 11:nan
Epoch[225/500] | Loss:0.0197 |Acc: 99.6000|Pred Confidence: 0.99 | C 0:0.9997 | C 1:0.9892 | C 2:0.9918| C 3:0.8954| C 4:0.9857| C 5:nan| C 6:nan| C 7:nan| C 8:nan| C 9:nan| C 10:nan| C 11:nan
Epoch[226/500] | Loss:0.0188 |Acc: 99.6000|Pred Confidence: 0.99 | C 0:0.9997 | C 1:0.9876 | C 2:0.9918| C 3:0.8951| C 4:0.9861| C 5:nan| C 6:nan| C 7:nan| C 8:nan| C 9:nan| C 10:nan| C 11:nan
Epoch[227/500] | Loss:0.0175 |Acc: 99.6000|Pred Confidence: 0.99 | C 0:0.9997 | C 1:0.9901 | C 2:0.9917| C 3:0.9059| C 4:0.9861| C 5:nan| C 6:nan| C 7:nan| C 8:nan| C 9:nan| C 10:nan| C 11:nan
Epoch[228/500] | Loss:0.0181 |Acc: 99.6000|Pred Confidence: 0.99 | C 0:0.9997 | C 1:0.9869 | C 2:0.9928| C 3:0.9108| C 4:0.9863| C 5:nan| C 6:nan| C 7:nan| C 8:nan| C 9:nan| C 10:nan| C 11:nan
Epoch[229/500] | Loss:0.0163 |Acc: 99.6000|Pred Confidence: 0.99 | C 0:0.9997 | C 1:0.9911 | C 2:0.9925| C 3:0.9135| C 4:0.9862| C 5:nan| C 6:nan| C 7:nan| C 8:nan| C 9:nan| C 10:nan| C 11:nan
Epoch[230/500] | Loss:0.0158 |Acc: 99.6000|Pred Confidence: 0.99 | C 0:0.9997 | C 1:0.9902 | C 2:0.9928| C 3:0.9289| C 4:0.9864| C 5:nan| C 6:nan| C 7:nan| C 8:nan| C 9:nan| C 10:nan| C 11:nan
Epoch[231/500] | Loss:0.0150 |Acc: 99.6000|Pred Confidence: 0.99 | C 0:0.9997 | C 1:0.9906 | C 2:0.9928| C 3:0.9309| C 4:0.9865| C 5:nan| C 6:nan| C 7:nan| C 8:nan| C 9:nan| C 10:nan| C 11:nan
Epoch[232/500] | Loss:0.0144 |Acc: 99.6000|Pred Confidence: 0.99 | C 0:0.9997 | C 1:0.9907 | C 2:0.9929| C 3:0.9368| C 4:0.9869| C 5:nan| C 6:nan| C 7:nan| C 8:nan| C 9:nan| C 10:nan| C 11:nan
Epoch[233/500] | Loss:0.0139 |Acc: 99.6000|Pred Confidence: 0.99 | C 0:0.9998 | C 1:0.9910 | C 2:0.9929| C 3:0.9379| C 4:0.9873| C 5:nan| C 6:nan| C 7:nan| C 8:nan| C 9:nan| C 10:nan| C 11:nan
Epoch[234/500] | Loss:0.0134 |Acc: 99.6000|Pred Confidence: 0.99 | C 0:0.9998 | C 1:0.9911 | C 2:0.9930| C 3:0.9425| C 4:0.9876| C 5:nan| C 6:nan| C 7:nan| C 8:nan| C 9:nan| C 10:nan| C 11:nan
Epoch[235/500] | Loss:0.0130 |Acc: 99.8000|Pred Confidence: 0.99 | C 0:0.9998 | C 1:0.9887 | C 2:0.9930| C 3:0.9441| C 4:0.9879| C 5:nan| C 6:nan| C 7:nan| C 8:nan| C 9:nan| C 10:nan| C 11:nan
Epoch[236/500] | Loss:0.0127 |Acc: 99.8000|Pred Confidence: 0.99 | C 0:0.9998 | C 1:0.9889 | C 2:0.9932| C 3:0.9476| C 4:0.9881| C 5:nan| C 6:nan| C 7:nan| C 8:nan| C 9:nan| C 10:nan| C 11:nan
Epoch[237/500] | Loss:0.0123 |Acc: 99.8000|Pred Confidence: 0.99 | C 0:0.9998 | C 1:0.9893 | C 2:0.9932| C 3:0.9490| C 4:0.9883| C 5:nan| C 6:nan| C 7:nan| C 8:nan| C 9:nan| C 10:nan| C 11:nan
Epoch[238/500] | Loss:0.0121 |Acc: 99.8000|Pred Confidence: 0.99 | C 0:0.9998 | C 1:0.9895 | C 2:0.9933| C 3:0.9519| C 4:0.9885| C 5:nan| C 6:nan| C 7:nan| C 8:nan| C 9:nan| C 10:nan| C 11:nan
Epoch[239/500] | Loss:0.0118 |Acc: 99.8000|Pred Confidence: 0.99 | C 0:0.9998 | C 1:0.9898 | C 2:0.9933| C 3:0.9527| C 4:0.9887| C 5:nan| C 6:nan| C 7:nan| C 8:nan| C 9:nan| C 10:nan| C 11:nan
Epoch[240/500] | Loss:0.0118 |Acc: 99.8000|Pred Confidence: 0.99 | C 0:0.9998 | C 1:0.9896 | C 2:0.9935| C 3:0.9550| C 4:0.9889| C 5:nan| C 6:nan| C 7:nan| C 8:nan| C 9:nan| C 10:nan| C 11:nan
Epoch[241/500] | Loss:0.0118 |Acc: 99.8000|Pred Confidence: 0.99 | C 0:0.9998 | C 1:0.9898 | C 2:0.9934| C 3:0.9528| C 4:0.9890| C 5:nan| C 6:nan| C 7:nan| C 8:nan| C 9:nan| C 10:nan| C 11:nan
Epoch[242/500] | Loss:0.0188 |Acc: 99.6000|Pred Confidence: 0.99 | C 0:0.9998 | C 1:0.9868 | C 2:0.9938| C 3:0.9353| C 4:0.9891| C 5:nan| C 6:nan| C 7:nan| C 8:nan| C 9:nan| C 10:nan| C 11:nan
Epoch[243/500] | Loss:0.0809 |Acc: 98.0000|Pred Confidence: 0.98 | C 0:0.9997 | C 1:0.9753 | C 2:0.9678| C 3:0.8471| C 4:0.9167| C 5:nan| C 6:nan| C 7:nan| C 8:nan| C 9:nan| C 10:nan| C 11:nan
Epoch[244/500] | Loss:0.0770 |Acc: 97.2000|Pred Confidence: 0.98 | C 0:0.9997 | C 1:0.9765 | C 2:0.9337| C 3:0.8140| C 4:0.9886| C 5:nan| C 6:nan| C 7:nan| C 8:nan| C 9:nan| C 10:nan| C 11:nan
Epoch[245/500] | Loss:0.1837 |Acc: 94.8000|Pred Confidence: 0.97 | C 0:0.9977 | C 1:0.9462 | C 2:0.8785| C 3:0.8313| C 4:0.9676| C 5:nan| C 6:nan| C 7:nan| C 8:nan| C 9:nan| C 10:nan| C 11:nan
Epoch[246/500] | Loss:0.1978 |Acc: 94.2000|Pred Confidence: 0.98 | C 0:0.9983 | C 1:0.9694 | C 2:0.9511| C 3:0.8853| C 4:0.7633| C 5:nan| C 6:nan| C 7:nan| C 8:nan| C 9:nan| C 10:nan| C 11:nan
Epoch[247/500] | Loss:0.1697 |Acc: 95.2000|Pred Confidence: 0.96 | C 0:0.9949 | C 1:0.9389 | C 2:0.8902| C 3:0.5816| C 4:0.9763| C 5:nan| C 6:nan| C 7:nan| C 8:nan| C 9:nan| C 10:nan| C 11:nan
Epoch[248/500] | Loss:0.1709 |Acc: 95.4000|Pred Confidence: 0.97 | C 0:0.9931 | C 1:0.9436 | C 2:0.9329| C 3:0.6855| C 4:0.9682| C 5:nan| C 6:nan| C 7:nan| C 8:nan| C 9:nan| C 10:nan| C 11:nan
Epoch[249/500] | Loss:0.0837 |Acc: 97.8000|Pred Confidence: 0.97 | C 0:0.9943 | C 1:0.9466 | C 2:0.9651| C 3:0.8326| C 4:0.9815| C 5:nan| C 6:nan| C 7:nan| C 8:nan| C 9:nan| C 10:nan| C 11:nan
Epoch[250/500] | Loss:0.0666 |Acc: 98.4000|Pred Confidence: 0.98 | C 0:0.9995 | C 1:0.9596 | C 2:0.9833| C 3:0.7953| C 4:0.9857| C 5:nan| C 6:nan| C 7:nan| C 8:nan| C 9:nan| C 10:nan| C 11:nan
Epoch[251/500] | Loss:0.0610 |Acc: 98.6000|Pred Confidence: 0.98 | C 0:0.9995 | C 1:0.9643 | C 2:0.9531| C 3:0.8739| C 4:0.9846| C 5:nan| C 6:nan| C 7:nan| C 8:nan| C 9:nan| C 10:nan| C 11:nan
Epoch[252/500] | Loss:0.0587 |Acc: 98.6000|Pred Confidence: 0.98 | C 0:0.9996 | C 1:0.9681 | C 2:0.9863| C 3:0.7624| C 4:0.9872| C 5:nan| C 6:nan| C 7:nan| C 8:nan| C 9:nan| C 10:nan| C 11:nan
Epoch[253/500] | Loss:0.0573 |Acc: 98.4000|Pred Confidence: 0.98 | C 0:0.9996 | C 1:0.9629 | C 2:0.9344| C 3:0.8598| C 4:0.9878| C 5:nan| C 6:nan| C 7:nan| C 8:nan| C 9:nan| C 10:nan| C 11:nan
Epoch[254/500] | Loss:0.0450 |Acc: 98.6000|Pred Confidence: 0.99 | C 0:0.9997 | C 1:0.9698 | C 2:0.9902| C 3:0.9047| C 4:0.9895| C 5:nan| C 6:nan| C 7:nan| C 8:nan| C 9:nan| C 10:nan| C 11:nan
Epoch[255/500] | Loss:0.0441 |Acc: 98.6000|Pred Confidence: 0.98 | C 0:0.9997 | C 1:0.9662 | C 2:0.9881| C 3:0.9162| C 4:0.9911| C 5:nan| C 6:nan| C 7:nan| C 8:nan| C 9:nan| C 10:nan| C 11:nan
Epoch[256/500] | Loss:0.0369 |Acc: 98.6000|Pred Confidence: 0.98 | C 0:0.9996 | C 1:0.9801 | C 2:0.9903| C 3:0.7742| C 4:0.9806| C 5:nan| C 6:nan| C 7:nan| C 8:nan| C 9:nan| C 10:nan| C 11:nan
Epoch[257/500] | Loss:0.1107 |Acc: 96.6000|Pred Confidence: 0.97 | C 0:0.9997 | C 1:0.9504 | C 2:0.9549| C 3:0.7696| C 4:0.9891| C 5:nan| C 6:nan| C 7:nan| C 8:nan| C 9:nan| C 10:nan| C 11:nan
Epoch[258/500] | Loss:0.1241 |Acc: 97.4000|Pred Confidence: 0.98 | C 0:0.9991 | C 1:0.9683 | C 2:0.9075| C 3:0.9094| C 4:0.8492| C 5:nan| C 6:nan| C 7:nan| C 8:nan| C 9:nan| C 10:nan| C 11:nan
Epoch[259/500] | Loss:0.0790 |Acc: 97.6000|Pred Confidence: 0.97 | C 0:0.9972 | C 1:0.9629 | C 2:0.9811| C 3:0.7318| C 4:0.9000| C 5:nan| C 6:nan| C 7:nan| C 8:nan| C 9:nan| C 10:nan| C 11:nan
Epoch[260/500] | Loss:0.0550 |Acc: 98.4000|Pred Confidence: 0.98 | C 0:0.9997 | C 1:0.9699 | C 2:0.9922| C 3:0.8184| C 4:0.9448| C 5:nan| C 6:nan| C 7:nan| C 8:nan| C 9:nan| C 10:nan| C 11:nan
Epoch[261/500] | Loss:0.0472 |Acc: 98.8000|Pred Confidence: 0.98 | C 0:0.9994 | C 1:0.9686 | C 2:0.9891| C 3:0.8321| C 4:0.9760| C 5:nan| C 6:nan| C 7:nan| C 8:nan| C 9:nan| C 10:nan| C 11:nan
Epoch[262/500] | Loss:0.0486 |Acc: 98.2000|Pred Confidence: 0.99 | C 0:0.9996 | C 1:0.9765 | C 2:0.9950| C 3:0.8838| C 4:0.9805| C 5:nan| C 6:nan| C 7:nan| C 8:nan| C 9:nan| C 10:nan| C 11:nan
Epoch[263/500] | Loss:0.1618 |Acc: 94.8000|Pred Confidence: 0.97 | C 0:0.9995 | C 1:0.9566 | C 2:0.8403| C 3:0.6939| C 4:0.7593| C 5:nan| C 6:nan| C 7:nan| C 8:nan| C 9:nan| C 10:nan| C 11:nan
Epoch[264/500] | Loss:0.0811 |Acc: 98.0000|Pred Confidence: 0.98 | C 0:0.9993 | C 1:0.9641 | C 2:0.9372| C 3:0.8181| C 4:0.9904| C 5:nan| C 6:nan| C 7:nan| C 8:nan| C 9:nan| C 10:nan| C 11:nan
Epoch[265/500] | Loss:0.0622 |Acc: 98.2000|Pred Confidence: 0.98 | C 0:0.9991 | C 1:0.9517 | C 2:0.9498| C 3:0.8821| C 4:0.9895| C 5:nan| C 6:nan| C 7:nan| C 8:nan| C 9:nan| C 10:nan| C 11:nan
Epoch[266/500] | Loss:0.0532 |Acc: 98.4000|Pred Confidence: 0.98 | C 0:0.9993 | C 1:0.9713 | C 2:0.9571| C 3:0.8408| C 4:0.9795| C 5:nan| C 6:nan| C 7:nan| C 8:nan| C 9:nan| C 10:nan| C 11:nan
Epoch[267/500] | Loss:0.0372 |Acc: 98.4000|Pred Confidence: 0.99 | C 0:0.9996 | C 1:0.9793 | C 2:0.9869| C 3:0.8674| C 4:0.9796| C 5:nan| C 6:nan| C 7:nan| C 8:nan| C 9:nan| C 10:nan| C 11:nan
Epoch[268/500] | Loss:0.0340 |Acc: 98.6000|Pred Confidence: 0.99 | C 0:0.9996 | C 1:0.9766 | C 2:0.9831| C 3:0.8508| C 4:0.9750| C 5:nan| C 6:nan| C 7:nan| C 8:nan| C 9:nan| C 10:nan| C 11:nan
Epoch[269/500] | Loss:0.0306 |Acc: 98.6000|Pred Confidence: 0.99 | C 0:0.9996 | C 1:0.9776 | C 2:0.9766| C 3:0.9107| C 4:0.9764| C 5:nan| C 6:nan| C 7:nan| C 8:nan| C 9:nan| C 10:nan| C 11:nan
Epoch[270/500] | Loss:0.0302 |Acc: 98.4000|Pred Confidence: 0.99 | C 0:0.9996 | C 1:0.9790 | C 2:0.9925| C 3:0.8922| C 4:0.9782| C 5:nan| C 6:nan| C 7:nan| C 8:nan| C 9:nan| C 10:nan| C 11:nan
Epoch[271/500] | Loss:0.0306 |Acc: 99.0000|Pred Confidence: 0.99 | C 0:0.9996 | C 1:0.9757 | C 2:0.9799| C 3:0.9021| C 4:0.9801| C 5:nan| C 6:nan| C 7:nan| C 8:nan| C 9:nan| C 10:nan| C 11:nan
Epoch[272/500] | Loss:0.0347 |Acc: 98.4000|Pred Confidence: 0.99 | C 0:0.9996 | C 1:0.9750 | C 2:0.9945| C 3:0.9075| C 4:0.9847| C 5:nan| C 6:nan| C 7:nan| C 8:nan| C 9:nan| C 10:nan| C 11:nan
Epoch[273/500] | Loss:0.0442 |Acc: 98.2000|Pred Confidence: 0.98 | C 0:0.9996 | C 1:0.9665 | C 2:0.9858| C 3:0.9053| C 4:0.9893| C 5:nan| C 6:nan| C 7:nan| C 8:nan| C 9:nan| C 10:nan| C 11:nan
Epoch[274/500] | Loss:0.0317 |Acc: 98.6000|Pred Confidence: 0.99 | C 0:0.9996 | C 1:0.9849 | C 2:0.9859| C 3:0.8791| C 4:0.9830| C 5:nan| C 6:nan| C 7:nan| C 8:nan| C 9:nan| C 10:nan| C 11:nan
Epoch[275/500] | Loss:0.0392 |Acc: 98.0000|Pred Confidence: 0.99 | C 0:0.9997 | C 1:0.9752 | C 2:0.9922| C 3:0.8550| C 4:0.9906| C 5:nan| C 6:nan| C 7:nan| C 8:nan| C 9:nan| C 10:nan| C 11:nan
Epoch[276/500] | Loss:0.0279 |Acc: 98.8000|Pred Confidence: 0.99 | C 0:0.9997 | C 1:0.9751 | C 2:0.9932| C 3:0.8951| C 4:0.9904| C 5:nan| C 6:nan| C 7:nan| C 8:nan| C 9:nan| C 10:nan| C 11:nan
Epoch[277/500] | Loss:0.0164 |Acc: 99.2000|Pred Confidence: 0.99 | C 0:0.9997 | C 1:0.9903 | C 2:0.9914| C 3:0.9311| C 4:0.9863| C 5:nan| C 6:nan| C 7:nan| C 8:nan| C 9:nan| C 10:nan| C 11:nan
Epoch[278/500] | Loss:0.0163 |Acc: 99.4000|Pred Confidence: 0.99 | C 0:0.9997 | C 1:0.9874 | C 2:0.9896| C 3:0.9232| C 4:0.9886| C 5:nan| C 6:nan| C 7:nan| C 8:nan| C 9:nan| C 10:nan| C 11:nan
Epoch[279/500] | Loss:0.0145 |Acc: 99.8000|Pred Confidence: 0.99 | C 0:0.9997 | C 1:0.9843 | C 2:0.9935| C 3:0.9161| C 4:0.9890| C 5:nan| C 6:nan| C 7:nan| C 8:nan| C 9:nan| C 10:nan| C 11:nan
Epoch[280/500] | Loss:0.0119 |Acc: 99.8000|Pred Confidence: 0.99 | C 0:0.9997 | C 1:0.9891 | C 2:0.9922| C 3:0.9335| C 4:0.9887| C 5:nan| C 6:nan| C 7:nan| C 8:nan| C 9:nan| C 10:nan| C 11:nan
Epoch[281/500] | Loss:0.0111 |Acc: 99.8000|Pred Confidence: 0.99 | C 0:0.9997 | C 1:0.9897 | C 2:0.9930| C 3:0.9415| C 4:0.9892| C 5:nan| C 6:nan| C 7:nan| C 8:nan| C 9:nan| C 10:nan| C 11:nan
Epoch[282/500] | Loss:0.0106 |Acc: 99.8000|Pred Confidence: 0.99 | C 0:0.9997 | C 1:0.9901 | C 2:0.9934| C 3:0.9454| C 4:0.9897| C 5:nan| C 6:nan| C 7:nan| C 8:nan| C 9:nan| C 10:nan| C 11:nan
Epoch[283/500] | Loss:0.0102 |Acc: 99.8000|Pred Confidence: 0.99 | C 0:0.9998 | C 1:0.9906 | C 2:0.9937| C 3:0.9478| C 4:0.9902| C 5:nan| C 6:nan| C 7:nan| C 8:nan| C 9:nan| C 10:nan| C 11:nan
Epoch[284/500] | Loss:0.0099 |Acc: 99.8000|Pred Confidence: 0.99 | C 0:0.9998 | C 1:0.9910 | C 2:0.9939| C 3:0.9498| C 4:0.9907| C 5:nan| C 6:nan| C 7:nan| C 8:nan| C 9:nan| C 10:nan| C 11:nan
Epoch[285/500] | Loss:0.0096 |Acc: 99.8000|Pred Confidence: 0.99 | C 0:0.9998 | C 1:0.9913 | C 2:0.9940| C 3:0.9517| C 4:0.9911| C 5:nan| C 6:nan| C 7:nan| C 8:nan| C 9:nan| C 10:nan| C 11:nan
Epoch[286/500] | Loss:0.0093 |Acc: 99.8000|Pred Confidence: 0.99 | C 0:0.9998 | C 1:0.9916 | C 2:0.9941| C 3:0.9535| C 4:0.9915| C 5:nan| C 6:nan| C 7:nan| C 8:nan| C 9:nan| C 10:nan| C 11:nan
Epoch[287/500] | Loss:0.0090 |Acc: 99.8000|Pred Confidence: 1.00 | C 0:0.9998 | C 1:0.9919 | C 2:0.9942| C 3:0.9552| C 4:0.9918| C 5:nan| C 6:nan| C 7:nan| C 8:nan| C 9:nan| C 10:nan| C 11:nan
Epoch[288/500] | Loss:0.0088 |Acc: 99.8000|Pred Confidence: 1.00 | C 0:0.9998 | C 1:0.9921 | C 2:0.9943| C 3:0.9568| C 4:0.9921| C 5:nan| C 6:nan| C 7:nan| C 8:nan| C 9:nan| C 10:nan| C 11:nan
Epoch[289/500] | Loss:0.0085 |Acc: 99.8000|Pred Confidence: 1.00 | C 0:0.9998 | C 1:0.9923 | C 2:0.9943| C 3:0.9584| C 4:0.9924| C 5:nan| C 6:nan| C 7:nan| C 8:nan| C 9:nan| C 10:nan| C 11:nan
Epoch[290/500] | Loss:0.0083 |Acc: 99.8000|Pred Confidence: 1.00 | C 0:0.9998 | C 1:0.9925 | C 2:0.9944| C 3:0.9600| C 4:0.9926| C 5:nan| C 6:nan| C 7:nan| C 8:nan| C 9:nan| C 10:nan| C 11:nan
Epoch[291/500] | Loss:0.0081 |Acc: 99.8000|Pred Confidence: 1.00 | C 0:0.9998 | C 1:0.9927 | C 2:0.9944| C 3:0.9615| C 4:0.9928| C 5:nan| C 6:nan| C 7:nan| C 8:nan| C 9:nan| C 10:nan| C 11:nan
Epoch[292/500] | Loss:0.0079 |Acc: 99.8000|Pred Confidence: 1.00 | C 0:0.9998 | C 1:0.9929 | C 2:0.9945| C 3:0.9629| C 4:0.9930| C 5:nan| C 6:nan| C 7:nan| C 8:nan| C 9:nan| C 10:nan| C 11:nan
Epoch[293/500] | Loss:0.0076 |Acc: 99.8000|Pred Confidence: 1.00 | C 0:0.9998 | C 1:0.9930 | C 2:0.9945| C 3:0.9644| C 4:0.9932| C 5:nan| C 6:nan| C 7:nan| C 8:nan| C 9:nan| C 10:nan| C 11:nan
Epoch[294/500] | Loss:0.0075 |Acc: 99.8000|Pred Confidence: 1.00 | C 0:0.9998 | C 1:0.9932 | C 2:0.9945| C 3:0.9657| C 4:0.9934| C 5:nan| C 6:nan| C 7:nan| C 8:nan| C 9:nan| C 10:nan| C 11:nan
Epoch[295/500] | Loss:0.0073 |Acc: 99.8000|Pred Confidence: 1.00 | C 0:0.9998 | C 1:0.9934 | C 2:0.9945| C 3:0.9671| C 4:0.9936| C 5:nan| C 6:nan| C 7:nan| C 8:nan| C 9:nan| C 10:nan| C 11:nan
Epoch[296/500] | Loss:0.0071 |Acc: 99.8000|Pred Confidence: 1.00 | C 0:0.9998 | C 1:0.9934 | C 2:0.9945| C 3:0.9681| C 4:0.9937| C 5:nan| C 6:nan| C 7:nan| C 8:nan| C 9:nan| C 10:nan| C 11:nan
Epoch[297/500] | Loss:0.0072 |Acc: 99.8000|Pred Confidence: 1.00 | C 0:0.9998 | C 1:0.9939 | C 2:0.9946| C 3:0.9698| C 4:0.9940| C 5:nan| C 6:nan| C 7:nan| C 8:nan| C 9:nan| C 10:nan| C 11:nan
Epoch[298/500] | Loss:0.0087 |Acc: 99.8000|Pred Confidence: 1.00 | C 0:0.9998 | C 1:0.9919 | C 2:0.9948| C 3:0.9639| C 4:0.9943| C 5:nan| C 6:nan| C 7:nan| C 8:nan| C 9:nan| C 10:nan| C 11:nan
Epoch[299/500] | Loss:0.0431 |Acc: 98.8000|Pred Confidence: 0.99 | C 0:0.9995 | C 1:0.9892 | C 2:0.9709| C 3:0.8772| C 4:0.9923| C 5:nan| C 6:nan| C 7:nan| C 8:nan| C 9:nan| C 10:nan| C 11:nan
Epoch[300/500] | Loss:0.1278 |Acc: 96.6000|Pred Confidence: 0.98 | C 0:0.9994 | C 1:0.9547 | C 2:0.9573| C 3:0.9345| C 4:0.9974| C 5:nan| C 6:nan| C 7:nan| C 8:nan| C 9:nan| C 10:nan| C 11:nan
Epoch[301/500] | Loss:0.2494 |Acc: 93.6000|Pred Confidence: 0.98 | C 0:0.9921 | C 1:0.9659 | C 2:0.9716| C 3:0.8416| C 4:0.8102| C 5:nan| C 6:nan| C 7:nan| C 8:nan| C 9:nan| C 10:nan| C 11:nan
Epoch[302/500] | Loss:0.1472 |Acc: 96.2000|Pred Confidence: 0.97 | C 0:0.9990 | C 1:0.9582 | C 2:0.8324| C 3:0.8450| C 4:0.9928| C 5:nan| C 6:nan| C 7:nan| C 8:nan| C 9:nan| C 10:nan| C 11:nan
Epoch[303/500] | Loss:0.1023 |Acc: 96.8000|Pred Confidence: 0.98 | C 0:0.9986 | C 1:0.9620 | C 2:0.9601| C 3:0.8721| C 4:0.9929| C 5:nan| C 6:nan| C 7:nan| C 8:nan| C 9:nan| C 10:nan| C 11:nan
Epoch[304/500] | Loss:0.0827 |Acc: 97.2000|Pred Confidence: 0.98 | C 0:0.9999 | C 1:0.9624 | C 2:0.9509| C 3:0.8936| C 4:0.9890| C 5:nan| C 6:nan| C 7:nan| C 8:nan| C 9:nan| C 10:nan| C 11:nan
Epoch[305/500] | Loss:0.0995 |Acc: 97.2000|Pred Confidence: 0.98 | C 0:0.9993 | C 1:0.9583 | C 2:0.7928| C 3:0.8582| C 4:0.9970| C 5:nan| C 6:nan| C 7:nan| C 8:nan| C 9:nan| C 10:nan| C 11:nan
Epoch[306/500] | Loss:0.1116 |Acc: 96.6000|Pred Confidence: 0.97 | C 0:0.9976 | C 1:0.9502 | C 2:0.9303| C 3:0.8564| C 4:0.7703| C 5:nan| C 6:nan| C 7:nan| C 8:nan| C 9:nan| C 10:nan| C 11:nan
Epoch[307/500] | Loss:0.0767 |Acc: 97.4000|Pred Confidence: 0.98 | C 0:0.9987 | C 1:0.9677 | C 2:0.9720| C 3:0.8212| C 4:0.9573| C 5:nan| C 6:nan| C 7:nan| C 8:nan| C 9:nan| C 10:nan| C 11:nan
Epoch[308/500] | Loss:0.0430 |Acc: 98.4000|Pred Confidence: 0.98 | C 0:0.9988 | C 1:0.9797 | C 2:0.9445| C 3:0.8290| C 4:0.9427| C 5:nan| C 6:nan| C 7:nan| C 8:nan| C 9:nan| C 10:nan| C 11:nan
Epoch[309/500] | Loss:0.0323 |Acc: 99.0000|Pred Confidence: 0.98 | C 0:0.9988 | C 1:0.9752 | C 2:0.9725| C 3:0.8531| C 4:0.9651| C 5:nan| C 6:nan| C 7:nan| C 8:nan| C 9:nan| C 10:nan| C 11:nan
Epoch[310/500] | Loss:0.0276 |Acc: 99.6000|Pred Confidence: 0.99 | C 0:0.9993 | C 1:0.9763 | C 2:0.9894| C 3:0.8663| C 4:0.9704| C 5:nan| C 6:nan| C 7:nan| C 8:nan| C 9:nan| C 10:nan| C 11:nan
Epoch[311/500] | Loss:0.0227 |Acc: 99.6000|Pred Confidence: 0.99 | C 0:0.9994 | C 1:0.9839 | C 2:0.9893| C 3:0.8740| C 4:0.9685| C 5:nan| C 6:nan| C 7:nan| C 8:nan| C 9:nan| C 10:nan| C 11:nan
Epoch[312/500] | Loss:0.0203 |Acc: 99.6000|Pred Confidence: 0.99 | C 0:0.9994 | C 1:0.9863 | C 2:0.9899| C 3:0.8825| C 4:0.9694| C 5:nan| C 6:nan| C 7:nan| C 8:nan| C 9:nan| C 10:nan| C 11:nan
Epoch[313/500] | Loss:0.0186 |Acc: 99.6000|Pred Confidence: 0.99 | C 0:0.9995 | C 1:0.9879 | C 2:0.9905| C 3:0.8926| C 4:0.9710| C 5:nan| C 6:nan| C 7:nan| C 8:nan| C 9:nan| C 10:nan| C 11:nan
Epoch[314/500] | Loss:0.0173 |Acc: 99.6000|Pred Confidence: 0.99 | C 0:0.9995 | C 1:0.9894 | C 2:0.9910| C 3:0.8993| C 4:0.9730| C 5:nan| C 6:nan| C 7:nan| C 8:nan| C 9:nan| C 10:nan| C 11:nan
Epoch[315/500] | Loss:0.0165 |Acc: 99.6000|Pred Confidence: 0.99 | C 0:0.9995 | C 1:0.9900 | C 2:0.9916| C 3:0.9051| C 4:0.9752| C 5:nan| C 6:nan| C 7:nan| C 8:nan| C 9:nan| C 10:nan| C 11:nan
Epoch[316/500] | Loss:0.0158 |Acc: 99.6000|Pred Confidence: 0.99 | C 0:0.9995 | C 1:0.9907 | C 2:0.9919| C 3:0.9092| C 4:0.9771| C 5:nan| C 6:nan| C 7:nan| C 8:nan| C 9:nan| C 10:nan| C 11:nan
Epoch[317/500] | Loss:0.0154 |Acc: 99.6000|Pred Confidence: 0.99 | C 0:0.9996 | C 1:0.9906 | C 2:0.9925| C 3:0.9137| C 4:0.9789| C 5:nan| C 6:nan| C 7:nan| C 8:nan| C 9:nan| C 10:nan| C 11:nan
Epoch[318/500] | Loss:0.0149 |Acc: 99.6000|Pred Confidence: 0.99 | C 0:0.9996 | C 1:0.9917 | C 2:0.9923| C 3:0.9162| C 4:0.9802| C 5:nan| C 6:nan| C 7:nan| C 8:nan| C 9:nan| C 10:nan| C 11:nan
Epoch[319/500] | Loss:0.0156 |Acc: 99.6000|Pred Confidence: 0.99 | C 0:0.9996 | C 1:0.9897 | C 2:0.9936| C 3:0.9147| C 4:0.9818| C 5:nan| C 6:nan| C 7:nan| C 8:nan| C 9:nan| C 10:nan| C 11:nan
Epoch[320/500] | Loss:0.0151 |Acc: 99.6000|Pred Confidence: 0.99 | C 0:0.9996 | C 1:0.9914 | C 2:0.9937| C 3:0.9216| C 4:0.9844| C 5:nan| C 6:nan| C 7:nan| C 8:nan| C 9:nan| C 10:nan| C 11:nan
Epoch[321/500] | Loss:0.0141 |Acc: 99.6000|Pred Confidence: 0.99 | C 0:0.9996 | C 1:0.9910 | C 2:0.9937| C 3:0.9224| C 4:0.9832| C 5:nan| C 6:nan| C 7:nan| C 8:nan| C 9:nan| C 10:nan| C 11:nan
Epoch[322/500] | Loss:0.0132 |Acc: 99.6000|Pred Confidence: 0.99 | C 0:0.9996 | C 1:0.9933 | C 2:0.9936| C 3:0.9252| C 4:0.9833| C 5:nan| C 6:nan| C 7:nan| C 8:nan| C 9:nan| C 10:nan| C 11:nan
Epoch[323/500] | Loss:0.0129 |Acc: 99.6000|Pred Confidence: 0.99 | C 0:0.9997 | C 1:0.9929 | C 2:0.9938| C 3:0.9284| C 4:0.9850| C 5:nan| C 6:nan| C 7:nan| C 8:nan| C 9:nan| C 10:nan| C 11:nan
Epoch[324/500] | Loss:0.0125 |Acc: 99.6000|Pred Confidence: 0.99 | C 0:0.9997 | C 1:0.9939 | C 2:0.9936| C 3:0.9307| C 4:0.9857| C 5:nan| C 6:nan| C 7:nan| C 8:nan| C 9:nan| C 10:nan| C 11:nan
Epoch[325/500] | Loss:0.0124 |Acc: 99.6000|Pred Confidence: 0.99 | C 0:0.9997 | C 1:0.9933 | C 2:0.9940| C 3:0.9324| C 4:0.9867| C 5:nan| C 6:nan| C 7:nan| C 8:nan| C 9:nan| C 10:nan| C 11:nan
Epoch[326/500] | Loss:0.0127 |Acc: 99.6000|Pred Confidence: 0.99 | C 0:0.9997 | C 1:0.9941 | C 2:0.9937| C 3:0.9339| C 4:0.9873| C 5:nan| C 6:nan| C 7:nan| C 8:nan| C 9:nan| C 10:nan| C 11:nan
Epoch[327/500] | Loss:0.0862 |Acc: 98.0000|Pred Confidence: 0.99 | C 0:0.9997 | C 1:0.9865 | C 2:0.9633| C 3:0.8722| C 4:0.9739| C 5:nan| C 6:nan| C 7:nan| C 8:nan| C 9:nan| C 10:nan| C 11:nan
Epoch[328/500] | Loss:0.2213 |Acc: 94.2000|Pred Confidence: nan | C 0:0.9988 | C 1:0.9603 | C 2:nan| C 3:0.7252| C 4:nan| C 5:nan| C 6:nan| C 7:nan| C 8:nan| C 9:nan| C 10:nan| C 11:nan
Epoch[329/500] | Loss:0.0767 |Acc: 97.8000|Pred Confidence: 0.97 | C 0:0.9984 | C 1:0.9514 | C 2:0.9776| C 3:0.8026| C 4:0.9887| C 5:nan| C 6:nan| C 7:nan| C 8:nan| C 9:nan| C 10:nan| C 11:nan
Epoch[330/500] | Loss:0.0661 |Acc: 97.2000|Pred Confidence: 0.98 | C 0:0.9997 | C 1:0.9729 | C 2:0.9215| C 3:0.8547| C 4:0.8855| C 5:nan| C 6:nan| C 7:nan| C 8:nan| C 9:nan| C 10:nan| C 11:nan
Epoch[331/500] | Loss:0.0896 |Acc: 98.0000|Pred Confidence: 0.98 | C 0:0.9963 | C 1:0.9577 | C 2:0.8367| C 3:0.8798| C 4:0.9796| C 5:nan| C 6:nan| C 7:nan| C 8:nan| C 9:nan| C 10:nan| C 11:nan
Epoch[332/500] | Loss:0.0453 |Acc: 98.6000|Pred Confidence: 0.98 | C 0:0.9997 | C 1:0.9677 | C 2:0.9786| C 3:0.8480| C 4:0.9938| C 5:nan| C 6:nan| C 7:nan| C 8:nan| C 9:nan| C 10:nan| C 11:nan
Epoch[333/500] | Loss:0.0329 |Acc: 99.0000|Pred Confidence: 0.99 | C 0:0.9997 | C 1:0.9730 | C 2:0.9865| C 3:0.8945| C 4:0.9902| C 5:nan| C 6:nan| C 7:nan| C 8:nan| C 9:nan| C 10:nan| C 11:nan
Epoch[334/500] | Loss:0.0257 |Acc: 99.2000|Pred Confidence: 0.99 | C 0:0.9998 | C 1:0.9841 | C 2:0.9879| C 3:0.8034| C 4:0.9921| C 5:nan| C 6:nan| C 7:nan| C 8:nan| C 9:nan| C 10:nan| C 11:nan
Epoch[335/500] | Loss:0.0282 |Acc: 99.2000|Pred Confidence: 0.98 | C 0:0.9998 | C 1:0.9756 | C 2:0.9887| C 3:0.8159| C 4:0.9895| C 5:nan| C 6:nan| C 7:nan| C 8:nan| C 9:nan| C 10:nan| C 11:nan
Epoch[336/500] | Loss:0.0216 |Acc: 99.2000|Pred Confidence: 0.99 | C 0:0.9998 | C 1:0.9867 | C 2:0.9894| C 3:0.9025| C 4:0.9909| C 5:nan| C 6:nan| C 7:nan| C 8:nan| C 9:nan| C 10:nan| C 11:nan
Epoch[337/500] | Loss:0.0223 |Acc: 99.2000|Pred Confidence: 0.99 | C 0:0.9998 | C 1:0.9822 | C 2:0.9906| C 3:0.8894| C 4:0.9901| C 5:nan| C 6:nan| C 7:nan| C 8:nan| C 9:nan| C 10:nan| C 11:nan
Epoch[338/500] | Loss:0.0188 |Acc: 99.2000|Pred Confidence: 0.99 | C 0:0.9998 | C 1:0.9895 | C 2:0.9909| C 3:0.9129| C 4:0.9907| C 5:nan| C 6:nan| C 7:nan| C 8:nan| C 9:nan| C 10:nan| C 11:nan
Epoch[339/500] | Loss:0.0215 |Acc: 99.2000|Pred Confidence: 0.99 | C 0:0.9998 | C 1:0.9830 | C 2:0.9914| C 3:0.9050| C 4:0.9894| C 5:nan| C 6:nan| C 7:nan| C 8:nan| C 9:nan| C 10:nan| C 11:nan
Epoch[340/500] | Loss:0.0171 |Acc: 99.2000|Pred Confidence: 0.99 | C 0:0.9998 | C 1:0.9909 | C 2:0.9918| C 3:0.9139| C 4:0.9903| C 5:nan| C 6:nan| C 7:nan| C 8:nan| C 9:nan| C 10:nan| C 11:nan
Epoch[341/500] | Loss:0.0188 |Acc: 99.4000|Pred Confidence: 0.99 | C 0:0.9998 | C 1:0.9849 | C 2:0.9921| C 3:0.9012| C 4:0.9903| C 5:nan| C 6:nan| C 7:nan| C 8:nan| C 9:nan| C 10:nan| C 11:nan
Epoch[342/500] | Loss:0.0161 |Acc: 99.4000|Pred Confidence: 0.99 | C 0:0.9998 | C 1:0.9912 | C 2:0.9924| C 3:0.9013| C 4:0.9909| C 5:nan| C 6:nan| C 7:nan| C 8:nan| C 9:nan| C 10:nan| C 11:nan
Epoch[343/500] | Loss:0.0168 |Acc: 99.4000|Pred Confidence: 0.99 | C 0:0.9998 | C 1:0.9875 | C 2:0.9927| C 3:0.9154| C 4:0.9912| C 5:nan| C 6:nan| C 7:nan| C 8:nan| C 9:nan| C 10:nan| C 11:nan
Epoch[344/500] | Loss:0.0127 |Acc: 99.6000|Pred Confidence: 0.99 | C 0:0.9998 | C 1:0.9907 | C 2:0.9929| C 3:0.9137| C 4:0.9914| C 5:nan| C 6:nan| C 7:nan| C 8:nan| C 9:nan| C 10:nan| C 11:nan
Epoch[345/500] | Loss:0.0109 |Acc: 99.6000|Pred Confidence: 0.99 | C 0:0.9998 | C 1:0.9911 | C 2:0.9928| C 3:0.9370| C 4:0.9913| C 5:nan| C 6:nan| C 7:nan| C 8:nan| C 9:nan| C 10:nan| C 11:nan
Epoch[346/500] | Loss:0.0092 |Acc: 99.8000|Pred Confidence: 0.99 | C 0:0.9998 | C 1:0.9900 | C 2:0.9932| C 3:0.9449| C 4:0.9916| C 5:nan| C 6:nan| C 7:nan| C 8:nan| C 9:nan| C 10:nan| C 11:nan
Epoch[347/500] | Loss:0.0083 |Acc: 99.8000|Pred Confidence: 0.99 | C 0:0.9998 | C 1:0.9912 | C 2:0.9934| C 3:0.9501| C 4:0.9918| C 5:nan| C 6:nan| C 7:nan| C 8:nan| C 9:nan| C 10:nan| C 11:nan
Epoch[348/500] | Loss:0.0076 |Acc: 99.8000|Pred Confidence: 1.00 | C 0:0.9998 | C 1:0.9918 | C 2:0.9937| C 3:0.9603| C 4:0.9921| C 5:nan| C 6:nan| C 7:nan| C 8:nan| C 9:nan| C 10:nan| C 11:nan
Epoch[349/500] | Loss:0.0073 |Acc: 99.8000|Pred Confidence: 1.00 | C 0:0.9998 | C 1:0.9922 | C 2:0.9939| C 3:0.9659| C 4:0.9925| C 5:nan| C 6:nan| C 7:nan| C 8:nan| C 9:nan| C 10:nan| C 11:nan
Epoch[350/500] | Loss:0.0066 |Acc: 99.8000|Pred Confidence: 1.00 | C 0:0.9998 | C 1:0.9928 | C 2:0.9940| C 3:0.9720| C 4:0.9929| C 5:nan| C 6:nan| C 7:nan| C 8:nan| C 9:nan| C 10:nan| C 11:nan
Epoch[351/500] | Loss:0.0062 |Acc: 99.8000|Pred Confidence: 1.00 | C 0:0.9998 | C 1:0.9932 | C 2:0.9942| C 3:0.9750| C 4:0.9932| C 5:nan| C 6:nan| C 7:nan| C 8:nan| C 9:nan| C 10:nan| C 11:nan
Epoch[352/500] | Loss:0.0059 |Acc: 99.8000|Pred Confidence: 1.00 | C 0:0.9998 | C 1:0.9936 | C 2:0.9943| C 3:0.9761| C 4:0.9935| C 5:nan| C 6:nan| C 7:nan| C 8:nan| C 9:nan| C 10:nan| C 11:nan
Epoch[353/500] | Loss:0.0055 |Acc: 99.8000|Pred Confidence: 1.00 | C 0:0.9998 | C 1:0.9939 | C 2:0.9944| C 3:0.9777| C 4:0.9937| C 5:nan| C 6:nan| C 7:nan| C 8:nan| C 9:nan| C 10:nan| C 11:nan
Epoch[354/500] | Loss:0.0052 |Acc: 99.8000|Pred Confidence: 1.00 | C 0:0.9998 | C 1:0.9941 | C 2:0.9945| C 3:0.9779| C 4:0.9940| C 5:nan| C 6:nan| C 7:nan| C 8:nan| C 9:nan| C 10:nan| C 11:nan
Epoch[355/500] | Loss:0.0053 |Acc: 99.8000|Pred Confidence: 1.00 | C 0:0.9999 | C 1:0.9941 | C 2:0.9946| C 3:0.9787| C 4:0.9942| C 5:nan| C 6:nan| C 7:nan| C 8:nan| C 9:nan| C 10:nan| C 11:nan
Epoch[356/500] | Loss:0.0102 |Acc: 99.4000|Pred Confidence: 1.00 | C 0:0.9999 | C 1:0.9936 | C 2:0.9947| C 3:0.9687| C 4:0.9945| C 5:nan| C 6:nan| C 7:nan| C 8:nan| C 9:nan| C 10:nan| C 11:nan
Epoch[357/500] | Loss:0.0123 |Acc: 99.6000|Pred Confidence: 1.00 | C 0:0.9999 | C 1:0.9952 | C 2:0.9952| C 3:0.9838| C 4:0.9943| C 5:nan| C 6:nan| C 7:nan| C 8:nan| C 9:nan| C 10:nan| C 11:nan
Epoch[358/500] | Loss:0.0095 |Acc: 99.8000|Pred Confidence: 1.00 | C 0:0.9999 | C 1:0.9951 | C 2:0.9949| C 3:0.9597| C 4:0.9946| C 5:nan| C 6:nan| C 7:nan| C 8:nan| C 9:nan| C 10:nan| C 11:nan
Epoch[359/500] | Loss:0.0072 |Acc: 99.8000|Pred Confidence: 1.00 | C 0:0.9999 | C 1:0.9961 | C 2:0.9950| C 3:0.9487| C 4:0.9944| C 5:nan| C 6:nan| C 7:nan| C 8:nan| C 9:nan| C 10:nan| C 11:nan
Epoch[360/500] | Loss:0.0061 |Acc: 99.8000|Pred Confidence: 1.00 | C 0:0.9999 | C 1:0.9932 | C 2:0.9954| C 3:0.9675| C 4:0.9940| C 5:nan| C 6:nan| C 7:nan| C 8:nan| C 9:nan| C 10:nan| C 11:nan
Epoch[361/500] | Loss:0.0060 |Acc: 100.0000|Pred Confidence: 1.00 | C 0:0.9999 | C 1:0.9931 | C 2:0.9957| C 3:0.9474| C 4:0.9945| C 5:nan| C 6:nan| C 7:nan| C 8:nan| C 9:nan| C 10:nan| C 11:nan
Epoch[362/500] | Loss:0.0110 |Acc: 99.6000|Pred Confidence: 1.00 | C 0:0.9999 | C 1:0.9970 | C 2:0.9948| C 3:0.9731| C 4:0.9942| C 5:nan| C 6:nan| C 7:nan| C 8:nan| C 9:nan| C 10:nan| C 11:nan
Epoch[363/500] | Loss:0.0416 |Acc: 99.0000|Pred Confidence: 0.99 | C 0:0.9999 | C 1:0.9916 | C 2:0.9688| C 3:0.9264| C 4:0.9942| C 5:nan| C 6:nan| C 7:nan| C 8:nan| C 9:nan| C 10:nan| C 11:nan
Epoch[364/500] | Loss:0.0377 |Acc: 99.0000|Pred Confidence: 0.99 | C 0:0.9999 | C 1:0.9768 | C 2:0.9910| C 3:0.9635| C 4:0.9970| C 5:nan| C 6:nan| C 7:nan| C 8:nan| C 9:nan| C 10:nan| C 11:nan
Epoch[365/500] | Loss:0.0804 |Acc: 97.6000|Pred Confidence: 0.99 | C 0:0.9999 | C 1:0.9788 | C 2:0.9798| C 3:0.8419| C 4:0.9963| C 5:nan| C 6:nan| C 7:nan| C 8:nan| C 9:nan| C 10:nan| C 11:nan
Epoch[366/500] | Loss:0.3976 |Acc: 91.0000|Pred Confidence: nan | C 0:0.9997 | C 1:0.9590 | C 2:nan| C 3:nan| C 4:nan| C 5:nan| C 6:nan| C 7:nan| C 8:nan| C 9:nan| C 10:nan| C 11:nan
Epoch[367/500] | Loss:0.4197 |Acc: 90.2000|Pred Confidence: nan | C 0:0.9813 | C 1:0.9151 | C 2:0.8460| C 3:nan| C 4:0.9919| C 5:nan| C 6:nan| C 7:nan| C 8:nan| C 9:nan| C 10:nan| C 11:nan
Epoch[368/500] | Loss:0.2255 |Acc: 94.2000|Pred Confidence: 0.95 | C 0:0.9776 | C 1:0.9476 | C 2:0.8696| C 3:0.7667| C 4:0.7666| C 5:nan| C 6:nan| C 7:nan| C 8:nan| C 9:nan| C 10:nan| C 11:nan
Epoch[369/500] | Loss:0.1991 |Acc: 95.0000|Pred Confidence: 0.95 | C 0:0.9954 | C 1:0.9291 | C 2:0.8773| C 3:0.5716| C 4:nan| C 5:nan| C 6:nan| C 7:nan| C 8:nan| C 9:nan| C 10:nan| C 11:nan
Epoch[370/500] | Loss:0.1314 |Acc: 96.6000|Pred Confidence: 0.97 | C 0:0.9965 | C 1:0.9368 | C 2:0.9468| C 3:0.8887| C 4:0.9642| C 5:nan| C 6:nan| C 7:nan| C 8:nan| C 9:nan| C 10:nan| C 11:nan
Epoch[371/500] | Loss:0.1032 |Acc: 97.4000|Pred Confidence: 0.97 | C 0:0.9956 | C 1:0.9321 | C 2:0.9330| C 3:0.9164| C 4:0.9895| C 5:nan| C 6:nan| C 7:nan| C 8:nan| C 9:nan| C 10:nan| C 11:nan
Epoch[372/500] | Loss:0.0731 |Acc: 97.6000|Pred Confidence: 0.98 | C 0:0.9966 | C 1:0.9584 | C 2:0.9608| C 3:0.8883| C 4:0.9822| C 5:nan| C 6:nan| C 7:nan| C 8:nan| C 9:nan| C 10:nan| C 11:nan
Epoch[373/500] | Loss:0.0602 |Acc: 98.6000|Pred Confidence: 0.97 | C 0:0.9985 | C 1:0.9524 | C 2:0.9812| C 3:0.6902| C 4:0.9809| C 5:nan| C 6:nan| C 7:nan| C 8:nan| C 9:nan| C 10:nan| C 11:nan
Epoch[374/500] | Loss:0.0666 |Acc: 98.2000|Pred Confidence: 0.98 | C 0:0.9991 | C 1:0.9596 | C 2:0.9575| C 3:0.7523| C 4:0.9790| C 5:nan| C 6:nan| C 7:nan| C 8:nan| C 9:nan| C 10:nan| C 11:nan
Epoch[375/500] | Loss:0.0884 |Acc: 98.2000|Pred Confidence: 0.97 | C 0:0.9994 | C 1:0.9286 | C 2:0.9351| C 3:0.7687| C 4:0.9923| C 5:nan| C 6:nan| C 7:nan| C 8:nan| C 9:nan| C 10:nan| C 11:nan
Epoch[376/500] | Loss:0.0637 |Acc: 98.6000|Pred Confidence: 0.98 | C 0:0.9994 | C 1:0.9600 | C 2:0.9841| C 3:0.8317| C 4:0.9911| C 5:nan| C 6:nan| C 7:nan| C 8:nan| C 9:nan| C 10:nan| C 11:nan
Epoch[377/500] | Loss:0.0549 |Acc: 98.6000|Pred Confidence: 0.98 | C 0:0.9996 | C 1:0.9659 | C 2:0.9886| C 3:0.8638| C 4:0.9907| C 5:nan| C 6:nan| C 7:nan| C 8:nan| C 9:nan| C 10:nan| C 11:nan
Epoch[378/500] | Loss:0.0457 |Acc: 98.4000|Pred Confidence: 0.99 | C 0:0.9997 | C 1:0.9767 | C 2:0.9903| C 3:0.8824| C 4:0.9882| C 5:nan| C 6:nan| C 7:nan| C 8:nan| C 9:nan| C 10:nan| C 11:nan
Epoch[379/500] | Loss:0.0661 |Acc: 98.2000|Pred Confidence: 0.98 | C 0:0.9997 | C 1:0.9641 | C 2:0.9770| C 3:0.8152| C 4:0.9926| C 5:nan| C 6:nan| C 7:nan| C 8:nan| C 9:nan| C 10:nan| C 11:nan
Epoch[380/500] | Loss:0.0466 |Acc: 99.0000|Pred Confidence: 0.98 | C 0:0.9996 | C 1:0.9578 | C 2:0.9894| C 3:0.8931| C 4:0.9874| C 5:nan| C 6:nan| C 7:nan| C 8:nan| C 9:nan| C 10:nan| C 11:nan
Epoch[381/500] | Loss:0.0496 |Acc: 99.0000|Pred Confidence: 0.98 | C 0:0.9997 | C 1:0.9648 | C 2:0.9819| C 3:0.8880| C 4:0.9893| C 5:nan| C 6:nan| C 7:nan| C 8:nan| C 9:nan| C 10:nan| C 11:nan
Epoch[382/500] | Loss:0.0349 |Acc: 99.2000|Pred Confidence: 0.98 | C 0:0.9992 | C 1:0.9678 | C 2:0.9909| C 3:0.9110| C 4:0.9797| C 5:nan| C 6:nan| C 7:nan| C 8:nan| C 9:nan| C 10:nan| C 11:nan
Epoch[383/500] | Loss:0.0246 |Acc: 99.2000|Pred Confidence: 0.99 | C 0:0.9998 | C 1:0.9812 | C 2:0.9901| C 3:0.9643| C 4:0.9832| C 5:nan| C 6:nan| C 7:nan| C 8:nan| C 9:nan| C 10:nan| C 11:nan
Epoch[384/500] | Loss:0.0258 |Acc: 99.2000|Pred Confidence: 0.99 | C 0:0.9998 | C 1:0.9790 | C 2:0.9900| C 3:0.9557| C 4:0.9862| C 5:nan| C 6:nan| C 7:nan| C 8:nan| C 9:nan| C 10:nan| C 11:nan
Epoch[385/500] | Loss:0.0209 |Acc: 99.4000|Pred Confidence: 0.99 | C 0:0.9998 | C 1:0.9845 | C 2:0.9916| C 3:0.9535| C 4:0.9851| C 5:nan| C 6:nan| C 7:nan| C 8:nan| C 9:nan| C 10:nan| C 11:nan
Epoch[386/500] | Loss:0.0195 |Acc: 99.4000|Pred Confidence: 0.99 | C 0:0.9998 | C 1:0.9830 | C 2:0.9918| C 3:0.9716| C 4:0.9894| C 5:nan| C 6:nan| C 7:nan| C 8:nan| C 9:nan| C 10:nan| C 11:nan
Epoch[387/500] | Loss:0.0169 |Acc: 99.4000|Pred Confidence: 0.99 | C 0:0.9998 | C 1:0.9870 | C 2:0.9921| C 3:0.9755| C 4:0.9904| C 5:nan| C 6:nan| C 7:nan| C 8:nan| C 9:nan| C 10:nan| C 11:nan
Epoch[388/500] | Loss:0.0166 |Acc: 99.4000|Pred Confidence: 0.99 | C 0:0.9998 | C 1:0.9855 | C 2:0.9927| C 3:0.9772| C 4:0.9906| C 5:nan| C 6:nan| C 7:nan| C 8:nan| C 9:nan| C 10:nan| C 11:nan
Epoch[389/500] | Loss:0.0163 |Acc: 99.4000|Pred Confidence: 0.99 | C 0:0.9998 | C 1:0.9876 | C 2:0.9917| C 3:0.9666| C 4:0.9891| C 5:nan| C 6:nan| C 7:nan| C 8:nan| C 9:nan| C 10:nan| C 11:nan
Epoch[390/500] | Loss:0.0165 |Acc: 99.4000|Pred Confidence: 0.99 | C 0:0.9998 | C 1:0.9840 | C 2:0.9932| C 3:0.9768| C 4:0.9918| C 5:nan| C 6:nan| C 7:nan| C 8:nan| C 9:nan| C 10:nan| C 11:nan
Epoch[391/500] | Loss:0.0245 |Acc: 99.2000|Pred Confidence: 0.99 | C 0:0.9998 | C 1:0.9777 | C 2:0.9921| C 3:0.9555| C 4:0.9922| C 5:nan| C 6:nan| C 7:nan| C 8:nan| C 9:nan| C 10:nan| C 11:nan
Epoch[392/500] | Loss:0.0326 |Acc: 99.0000|Pred Confidence: 0.99 | C 0:0.9998 | C 1:0.9845 | C 2:0.9937| C 3:0.9476| C 4:0.9930| C 5:nan| C 6:nan| C 7:nan| C 8:nan| C 9:nan| C 10:nan| C 11:nan
Epoch[393/500] | Loss:0.1453 |Acc: 96.4000|Pred Confidence: 0.99 | C 0:0.9998 | C 1:0.9708 | C 2:0.9641| C 3:0.9049| C 4:nan| C 5:nan| C 6:nan| C 7:nan| C 8:nan| C 9:nan| C 10:nan| C 11:nan
Epoch[394/500] | Loss:0.1079 |Acc: 97.0000|Pred Confidence: 0.97 | C 0:0.9916 | C 1:0.9328 | C 2:0.9843| C 3:0.9090| C 4:0.9937| C 5:nan| C 6:nan| C 7:nan| C 8:nan| C 9:nan| C 10:nan| C 11:nan
Epoch[395/500] | Loss:0.0433 |Acc: 98.6000|Pred Confidence: 0.98 | C 0:0.9964 | C 1:0.9720 | C 2:0.9943| C 3:0.9176| C 4:0.9891| C 5:nan| C 6:nan| C 7:nan| C 8:nan| C 9:nan| C 10:nan| C 11:nan
Epoch[396/500] | Loss:0.0625 |Acc: 98.4000|Pred Confidence: 0.98 | C 0:0.9955 | C 1:0.9607 | C 2:0.9929| C 3:0.9146| C 4:0.9852| C 5:nan| C 6:nan| C 7:nan| C 8:nan| C 9:nan| C 10:nan| C 11:nan
Epoch[397/500] | Loss:0.0229 |Acc: 99.4000|Pred Confidence: 0.99 | C 0:0.9968 | C 1:0.9894 | C 2:0.9925| C 3:0.8303| C 4:0.9815| C 5:nan| C 6:nan| C 7:nan| C 8:nan| C 9:nan| C 10:nan| C 11:nan
Epoch[398/500] | Loss:0.0486 |Acc: 98.6000|Pred Confidence: 0.98 | C 0:0.9997 | C 1:0.9676 | C 2:0.9837| C 3:0.8817| C 4:0.9889| C 5:nan| C 6:nan| C 7:nan| C 8:nan| C 9:nan| C 10:nan| C 11:nan
Epoch[399/500] | Loss:0.0400 |Acc: 99.0000|Pred Confidence: 0.98 | C 0:0.9997 | C 1:0.9634 | C 2:0.9728| C 3:0.8154| C 4:0.9888| C 5:nan| C 6:nan| C 7:nan| C 8:nan| C 9:nan| C 10:nan| C 11:nan
Epoch[400/500] | Loss:0.0301 |Acc: 99.0000|Pred Confidence: 0.99 | C 0:0.9997 | C 1:0.9826 | C 2:0.9856| C 3:0.9312| C 4:0.9805| C 5:nan| C 6:nan| C 7:nan| C 8:nan| C 9:nan| C 10:nan| C 11:nan
Epoch[401/500] | Loss:0.0441 |Acc: 98.8000|Pred Confidence: 0.99 | C 0:0.9996 | C 1:0.9727 | C 2:0.9943| C 3:0.9583| C 4:0.9889| C 5:nan| C 6:nan| C 7:nan| C 8:nan| C 9:nan| C 10:nan| C 11:nan
Epoch[402/500] | Loss:0.0857 |Acc: 96.8000|Pred Confidence: 0.99 | C 0:0.9995 | C 1:0.9749 | C 2:0.9838| C 3:0.9531| C 4:0.9907| C 5:nan| C 6:nan| C 7:nan| C 8:nan| C 9:nan| C 10:nan| C 11:nan
Epoch[403/500] | Loss:0.0472 |Acc: 98.6000|Pred Confidence: 0.99 | C 0:0.9994 | C 1:0.9718 | C 2:0.9481| C 3:0.9213| C 4:0.9932| C 5:nan| C 6:nan| C 7:nan| C 8:nan| C 9:nan| C 10:nan| C 11:nan
Epoch[404/500] | Loss:0.0293 |Acc: 99.0000|Pred Confidence: 0.99 | C 0:0.9996 | C 1:0.9802 | C 2:0.9691| C 3:0.8613| C 4:0.9923| C 5:nan| C 6:nan| C 7:nan| C 8:nan| C 9:nan| C 10:nan| C 11:nan
Epoch[405/500] | Loss:0.0218 |Acc: 99.6000|Pred Confidence: 0.99 | C 0:0.9997 | C 1:0.9811 | C 2:0.9884| C 3:0.8899| C 4:0.9913| C 5:nan| C 6:nan| C 7:nan| C 8:nan| C 9:nan| C 10:nan| C 11:nan
Epoch[406/500] | Loss:0.0111 |Acc: 99.8000|Pred Confidence: 0.99 | C 0:0.9998 | C 1:0.9895 | C 2:0.9897| C 3:0.9337| C 4:0.9934| C 5:nan| C 6:nan| C 7:nan| C 8:nan| C 9:nan| C 10:nan| C 11:nan
Epoch[407/500] | Loss:0.0106 |Acc: 99.8000|Pred Confidence: 0.99 | C 0:0.9998 | C 1:0.9865 | C 2:0.9919| C 3:0.9595| C 4:0.9929| C 5:nan| C 6:nan| C 7:nan| C 8:nan| C 9:nan| C 10:nan| C 11:nan
Epoch[408/500] | Loss:0.0077 |Acc: 99.8000|Pred Confidence: 1.00 | C 0:0.9998 | C 1:0.9915 | C 2:0.9922| C 3:0.9626| C 4:0.9929| C 5:nan| C 6:nan| C 7:nan| C 8:nan| C 9:nan| C 10:nan| C 11:nan
Epoch[409/500] | Loss:0.0069 |Acc: 99.8000|Pred Confidence: 1.00 | C 0:0.9998 | C 1:0.9924 | C 2:0.9925| C 3:0.9663| C 4:0.9931| C 5:nan| C 6:nan| C 7:nan| C 8:nan| C 9:nan| C 10:nan| C 11:nan
Epoch[410/500] | Loss:0.0064 |Acc: 99.8000|Pred Confidence: 1.00 | C 0:0.9998 | C 1:0.9929 | C 2:0.9928| C 3:0.9693| C 4:0.9932| C 5:nan| C 6:nan| C 7:nan| C 8:nan| C 9:nan| C 10:nan| C 11:nan
Epoch[411/500] | Loss:0.0060 |Acc: 99.8000|Pred Confidence: 1.00 | C 0:0.9998 | C 1:0.9933 | C 2:0.9931| C 3:0.9717| C 4:0.9933| C 5:nan| C 6:nan| C 7:nan| C 8:nan| C 9:nan| C 10:nan| C 11:nan
Epoch[412/500] | Loss:0.0056 |Acc: 99.8000|Pred Confidence: 1.00 | C 0:0.9998 | C 1:0.9936 | C 2:0.9933| C 3:0.9737| C 4:0.9933| C 5:nan| C 6:nan| C 7:nan| C 8:nan| C 9:nan| C 10:nan| C 11:nan
Epoch[413/500] | Loss:0.0054 |Acc: 99.8000|Pred Confidence: 1.00 | C 0:0.9998 | C 1:0.9939 | C 2:0.9936| C 3:0.9754| C 4:0.9934| C 5:nan| C 6:nan| C 7:nan| C 8:nan| C 9:nan| C 10:nan| C 11:nan
Epoch[414/500] | Loss:0.0051 |Acc: 99.8000|Pred Confidence: 1.00 | C 0:0.9998 | C 1:0.9942 | C 2:0.9938| C 3:0.9769| C 4:0.9934| C 5:nan| C 6:nan| C 7:nan| C 8:nan| C 9:nan| C 10:nan| C 11:nan
Epoch[415/500] | Loss:0.0049 |Acc: 99.8000|Pred Confidence: 1.00 | C 0:0.9998 | C 1:0.9944 | C 2:0.9941| C 3:0.9781| C 4:0.9934| C 5:nan| C 6:nan| C 7:nan| C 8:nan| C 9:nan| C 10:nan| C 11:nan
Epoch[416/500] | Loss:0.0047 |Acc: 99.8000|Pred Confidence: 1.00 | C 0:0.9998 | C 1:0.9946 | C 2:0.9943| C 3:0.9793| C 4:0.9935| C 5:nan| C 6:nan| C 7:nan| C 8:nan| C 9:nan| C 10:nan| C 11:nan
Epoch[417/500] | Loss:0.0045 |Acc: 99.8000|Pred Confidence: 1.00 | C 0:0.9998 | C 1:0.9948 | C 2:0.9945| C 3:0.9803| C 4:0.9935| C 5:nan| C 6:nan| C 7:nan| C 8:nan| C 9:nan| C 10:nan| C 11:nan
Epoch[418/500] | Loss:0.0043 |Acc: 99.8000|Pred Confidence: 1.00 | C 0:0.9998 | C 1:0.9950 | C 2:0.9948| C 3:0.9812| C 4:0.9935| C 5:nan| C 6:nan| C 7:nan| C 8:nan| C 9:nan| C 10:nan| C 11:nan
Epoch[419/500] | Loss:0.0042 |Acc: 99.8000|Pred Confidence: 1.00 | C 0:0.9998 | C 1:0.9952 | C 2:0.9950| C 3:0.9821| C 4:0.9936| C 5:nan| C 6:nan| C 7:nan| C 8:nan| C 9:nan| C 10:nan| C 11:nan
Epoch[420/500] | Loss:0.0040 |Acc: 99.8000|Pred Confidence: 1.00 | C 0:0.9998 | C 1:0.9953 | C 2:0.9952| C 3:0.9828| C 4:0.9936| C 5:nan| C 6:nan| C 7:nan| C 8:nan| C 9:nan| C 10:nan| C 11:nan
Epoch[421/500] | Loss:0.0039 |Acc: 100.0000|Pred Confidence: 1.00 | C 0:0.9999 | C 1:0.9955 | C 2:0.9954| C 3:0.9679| C 4:0.9937| C 5:nan| C 6:nan| C 7:nan| C 8:nan| C 9:nan| C 10:nan| C 11:nan
Epoch[422/500] | Loss:0.0038 |Acc: 100.0000|Pred Confidence: 1.00 | C 0:0.9999 | C 1:0.9956 | C 2:0.9957| C 3:0.9690| C 4:0.9937| C 5:nan| C 6:nan| C 7:nan| C 8:nan| C 9:nan| C 10:nan| C 11:nan
Epoch[423/500] | Loss:0.0036 |Acc: 100.0000|Pred Confidence: 1.00 | C 0:0.9999 | C 1:0.9958 | C 2:0.9959| C 3:0.9700| C 4:0.9937| C 5:nan| C 6:nan| C 7:nan| C 8:nan| C 9:nan| C 10:nan| C 11:nan
Epoch[424/500] | Loss:0.0035 |Acc: 100.0000|Pred Confidence: 1.00 | C 0:0.9999 | C 1:0.9959 | C 2:0.9961| C 3:0.9709| C 4:0.9938| C 5:nan| C 6:nan| C 7:nan| C 8:nan| C 9:nan| C 10:nan| C 11:nan
Epoch[425/500] | Loss:0.0034 |Acc: 100.0000|Pred Confidence: 1.00 | C 0:0.9999 | C 1:0.9960 | C 2:0.9962| C 3:0.9718| C 4:0.9938| C 5:nan| C 6:nan| C 7:nan| C 8:nan| C 9:nan| C 10:nan| C 11:nan
Epoch[426/500] | Loss:0.0033 |Acc: 100.0000|Pred Confidence: 1.00 | C 0:0.9999 | C 1:0.9961 | C 2:0.9964| C 3:0.9727| C 4:0.9939| C 5:nan| C 6:nan| C 7:nan| C 8:nan| C 9:nan| C 10:nan| C 11:nan
Epoch[427/500] | Loss:0.0032 |Acc: 100.0000|Pred Confidence: 1.00 | C 0:0.9999 | C 1:0.9963 | C 2:0.9966| C 3:0.9735| C 4:0.9939| C 5:nan| C 6:nan| C 7:nan| C 8:nan| C 9:nan| C 10:nan| C 11:nan
Epoch[428/500] | Loss:0.0031 |Acc: 100.0000|Pred Confidence: 1.00 | C 0:0.9999 | C 1:0.9964 | C 2:0.9967| C 3:0.9743| C 4:0.9940| C 5:nan| C 6:nan| C 7:nan| C 8:nan| C 9:nan| C 10:nan| C 11:nan
Epoch[429/500] | Loss:0.0030 |Acc: 100.0000|Pred Confidence: 1.00 | C 0:0.9999 | C 1:0.9965 | C 2:0.9968| C 3:0.9751| C 4:0.9940| C 5:nan| C 6:nan| C 7:nan| C 8:nan| C 9:nan| C 10:nan| C 11:nan
Epoch[430/500] | Loss:0.0029 |Acc: 100.0000|Pred Confidence: 1.00 | C 0:0.9999 | C 1:0.9966 | C 2:0.9969| C 3:0.9759| C 4:0.9941| C 5:nan| C 6:nan| C 7:nan| C 8:nan| C 9:nan| C 10:nan| C 11:nan
Epoch[431/500] | Loss:0.0028 |Acc: 100.0000|Pred Confidence: 1.00 | C 0:0.9999 | C 1:0.9967 | C 2:0.9970| C 3:0.9766| C 4:0.9941| C 5:nan| C 6:nan| C 7:nan| C 8:nan| C 9:nan| C 10:nan| C 11:nan
Epoch[432/500] | Loss:0.0027 |Acc: 100.0000|Pred Confidence: 1.00 | C 0:0.9999 | C 1:0.9968 | C 2:0.9971| C 3:0.9773| C 4:0.9942| C 5:nan| C 6:nan| C 7:nan| C 8:nan| C 9:nan| C 10:nan| C 11:nan
Epoch[433/500] | Loss:0.0026 |Acc: 100.0000|Pred Confidence: 1.00 | C 0:0.9999 | C 1:0.9968 | C 2:0.9972| C 3:0.9780| C 4:0.9942| C 5:nan| C 6:nan| C 7:nan| C 8:nan| C 9:nan| C 10:nan| C 11:nan
Epoch[434/500] | Loss:0.0025 |Acc: 100.0000|Pred Confidence: 1.00 | C 0:0.9999 | C 1:0.9969 | C 2:0.9973| C 3:0.9786| C 4:0.9943| C 5:nan| C 6:nan| C 7:nan| C 8:nan| C 9:nan| C 10:nan| C 11:nan
Epoch[435/500] | Loss:0.0025 |Acc: 100.0000|Pred Confidence: 1.00 | C 0:0.9999 | C 1:0.9970 | C 2:0.9974| C 3:0.9793| C 4:0.9943| C 5:nan| C 6:nan| C 7:nan| C 8:nan| C 9:nan| C 10:nan| C 11:nan
Epoch[436/500] | Loss:0.0024 |Acc: 100.0000|Pred Confidence: 1.00 | C 0:0.9999 | C 1:0.9971 | C 2:0.9975| C 3:0.9799| C 4:0.9944| C 5:nan| C 6:nan| C 7:nan| C 8:nan| C 9:nan| C 10:nan| C 11:nan
Epoch[437/500] | Loss:0.0023 |Acc: 100.0000|Pred Confidence: 1.00 | C 0:0.9999 | C 1:0.9972 | C 2:0.9975| C 3:0.9804| C 4:0.9944| C 5:nan| C 6:nan| C 7:nan| C 8:nan| C 9:nan| C 10:nan| C 11:nan
Epoch[438/500] | Loss:0.0022 |Acc: 100.0000|Pred Confidence: 1.00 | C 0:0.9999 | C 1:0.9973 | C 2:0.9976| C 3:0.9810| C 4:0.9945| C 5:nan| C 6:nan| C 7:nan| C 8:nan| C 9:nan| C 10:nan| C 11:nan
Epoch[439/500] | Loss:0.0022 |Acc: 100.0000|Pred Confidence: 1.00 | C 0:0.9999 | C 1:0.9974 | C 2:0.9977| C 3:0.9815| C 4:0.9945| C 5:nan| C 6:nan| C 7:nan| C 8:nan| C 9:nan| C 10:nan| C 11:nan
Epoch[440/500] | Loss:0.0021 |Acc: 100.0000|Pred Confidence: 1.00 | C 0:0.9999 | C 1:0.9974 | C 2:0.9977| C 3:0.9821| C 4:0.9946| C 5:nan| C 6:nan| C 7:nan| C 8:nan| C 9:nan| C 10:nan| C 11:nan
Epoch[441/500] | Loss:0.0020 |Acc: 100.0000|Pred Confidence: 1.00 | C 0:0.9999 | C 1:0.9976 | C 2:0.9978| C 3:0.9824| C 4:0.9946| C 5:nan| C 6:nan| C 7:nan| C 8:nan| C 9:nan| C 10:nan| C 11:nan
Epoch[442/500] | Loss:0.0022 |Acc: 100.0000|Pred Confidence: 1.00 | C 0:0.9999 | C 1:0.9973 | C 2:0.9979| C 3:0.9814| C 4:0.9946| C 5:nan| C 6:nan| C 7:nan| C 8:nan| C 9:nan| C 10:nan| C 11:nan
Epoch[443/500] | Loss:0.0034 |Acc: 99.8000|Pred Confidence: 1.00 | C 0:0.9999 | C 1:0.9973 | C 2:0.9980| C 3:0.9914| C 4:0.9946| C 5:nan| C 6:nan| C 7:nan| C 8:nan| C 9:nan| C 10:nan| C 11:nan
Epoch[444/500] | Loss:0.0520 |Acc: 98.4000|Pred Confidence: 0.99 | C 0:0.9998 | C 1:0.9880 | C 2:0.9813| C 3:0.8525| C 4:0.9899| C 5:nan| C 6:nan| C 7:nan| C 8:nan| C 9:nan| C 10:nan| C 11:nan
Epoch[445/500] | Loss:0.2213 |Acc: 95.2000|Pred Confidence: 0.98 | C 0:0.9997 | C 1:0.9705 | C 2:0.9693| C 3:0.5369| C 4:0.9950| C 5:nan| C 6:nan| C 7:nan| C 8:nan| C 9:nan| C 10:nan| C 11:nan
Epoch[446/500] | Loss:0.2360 |Acc: 93.8000|Pred Confidence: 0.98 | C 0:0.9984 | C 1:0.9658 | C 2:0.9600| C 3:0.9737| C 4:0.7894| C 5:nan| C 6:nan| C 7:nan| C 8:nan| C 9:nan| C 10:nan| C 11:nan
Epoch[447/500] | Loss:0.1765 |Acc: 95.0000|Pred Confidence: 0.97 | C 0:0.9952 | C 1:0.9559 | C 2:0.9190| C 3:0.8762| C 4:0.9932| C 5:nan| C 6:nan| C 7:nan| C 8:nan| C 9:nan| C 10:nan| C 11:nan
Epoch[448/500] | Loss:0.1018 |Acc: 97.2000|Pred Confidence: 0.98 | C 0:0.9988 | C 1:0.9580 | C 2:0.9224| C 3:0.8636| C 4:0.9852| C 5:nan| C 6:nan| C 7:nan| C 8:nan| C 9:nan| C 10:nan| C 11:nan
Epoch[449/500] | Loss:0.0834 |Acc: 97.6000|Pred Confidence: 0.98 | C 0:0.9995 | C 1:0.9622 | C 2:0.9363| C 3:0.8674| C 4:0.9852| C 5:nan| C 6:nan| C 7:nan| C 8:nan| C 9:nan| C 10:nan| C 11:nan
Epoch[450/500] | Loss:0.0715 |Acc: 97.8000|Pred Confidence: 0.98 | C 0:0.9997 | C 1:0.9533 | C 2:0.9577| C 3:0.8758| C 4:0.9839| C 5:nan| C 6:nan| C 7:nan| C 8:nan| C 9:nan| C 10:nan| C 11:nan
Epoch[451/500] | Loss:0.0540 |Acc: 98.4000|Pred Confidence: 0.98 | C 0:0.9998 | C 1:0.9681 | C 2:0.9682| C 3:0.8619| C 4:0.9825| C 5:nan| C 6:nan| C 7:nan| C 8:nan| C 9:nan| C 10:nan| C 11:nan
Epoch[452/500] | Loss:0.0479 |Acc: 98.4000|Pred Confidence: 0.98 | C 0:0.9999 | C 1:0.9661 | C 2:0.9756| C 3:0.8789| C 4:0.9805| C 5:nan| C 6:nan| C 7:nan| C 8:nan| C 9:nan| C 10:nan| C 11:nan
Epoch[453/500] | Loss:0.0461 |Acc: 98.4000|Pred Confidence: 0.98 | C 0:0.9999 | C 1:0.9665 | C 2:0.9823| C 3:0.8751| C 4:0.9805| C 5:nan| C 6:nan| C 7:nan| C 8:nan| C 9:nan| C 10:nan| C 11:nan
Epoch[454/500] | Loss:0.0499 |Acc: 98.8000|Pred Confidence: 0.98 | C 0:0.9999 | C 1:0.9724 | C 2:0.9800| C 3:0.8618| C 4:0.9813| C 5:nan| C 6:nan| C 7:nan| C 8:nan| C 9:nan| C 10:nan| C 11:nan
Epoch[455/500] | Loss:0.0526 |Acc: 98.2000|Pred Confidence: 0.98 | C 0:0.9999 | C 1:0.9640 | C 2:0.9842| C 3:0.8640| C 4:0.9824| C 5:nan| C 6:nan| C 7:nan| C 8:nan| C 9:nan| C 10:nan| C 11:nan
Epoch[456/500] | Loss:0.0554 |Acc: 98.6000|Pred Confidence: 0.98 | C 0:0.9998 | C 1:0.9647 | C 2:0.9765| C 3:0.8015| C 4:0.9815| C 5:nan| C 6:nan| C 7:nan| C 8:nan| C 9:nan| C 10:nan| C 11:nan
Epoch[457/500] | Loss:0.0409 |Acc: 98.8000|Pred Confidence: 0.98 | C 0:0.9996 | C 1:0.9745 | C 2:0.9899| C 3:0.8642| C 4:0.9817| C 5:nan| C 6:nan| C 7:nan| C 8:nan| C 9:nan| C 10:nan| C 11:nan
Epoch[458/500] | Loss:0.0408 |Acc: 99.0000|Pred Confidence: 0.98 | C 0:0.9999 | C 1:0.9753 | C 2:0.9832| C 3:0.8168| C 4:0.9812| C 5:nan| C 6:nan| C 7:nan| C 8:nan| C 9:nan| C 10:nan| C 11:nan
Epoch[459/500] | Loss:0.0511 |Acc: 98.4000|Pred Confidence: 0.98 | C 0:0.9999 | C 1:0.9637 | C 2:0.9921| C 3:0.8821| C 4:0.9843| C 5:nan| C 6:nan| C 7:nan| C 8:nan| C 9:nan| C 10:nan| C 11:nan
Epoch[460/500] | Loss:0.0393 |Acc: 98.8000|Pred Confidence: 0.99 | C 0:0.9999 | C 1:0.9807 | C 2:0.9892| C 3:0.8563| C 4:0.9769| C 5:nan| C 6:nan| C 7:nan| C 8:nan| C 9:nan| C 10:nan| C 11:nan
Epoch[461/500] | Loss:0.0454 |Acc: 98.6000|Pred Confidence: 0.98 | C 0:0.9999 | C 1:0.9683 | C 2:0.9920| C 3:0.8575| C 4:0.9824| C 5:nan| C 6:nan| C 7:nan| C 8:nan| C 9:nan| C 10:nan| C 11:nan
Epoch[462/500] | Loss:0.0286 |Acc: 99.0000|Pred Confidence: 0.99 | C 0:0.9999 | C 1:0.9851 | C 2:0.9878| C 3:0.8480| C 4:0.9841| C 5:nan| C 6:nan| C 7:nan| C 8:nan| C 9:nan| C 10:nan| C 11:nan
Epoch[463/500] | Loss:0.0277 |Acc: 99.0000|Pred Confidence: 0.99 | C 0:0.9999 | C 1:0.9801 | C 2:0.9925| C 3:0.8921| C 4:0.9840| C 5:nan| C 6:nan| C 7:nan| C 8:nan| C 9:nan| C 10:nan| C 11:nan
Epoch[464/500] | Loss:0.0225 |Acc: 99.2000|Pred Confidence: 0.99 | C 0:0.9999 | C 1:0.9858 | C 2:0.9924| C 3:0.9147| C 4:0.9831| C 5:nan| C 6:nan| C 7:nan| C 8:nan| C 9:nan| C 10:nan| C 11:nan
Epoch[465/500] | Loss:0.0192 |Acc: 99.6000|Pred Confidence: 0.99 | C 0:0.9999 | C 1:0.9841 | C 2:0.9937| C 3:0.9120| C 4:0.9838| C 5:nan| C 6:nan| C 7:nan| C 8:nan| C 9:nan| C 10:nan| C 11:nan
Epoch[466/500] | Loss:0.0206 |Acc: 99.6000|Pred Confidence: 0.99 | C 0:0.9999 | C 1:0.9803 | C 2:0.9933| C 3:0.9148| C 4:0.9854| C 5:nan| C 6:nan| C 7:nan| C 8:nan| C 9:nan| C 10:nan| C 11:nan
Epoch[467/500] | Loss:0.0203 |Acc: 99.4000|Pred Confidence: 0.99 | C 0:0.9999 | C 1:0.9901 | C 2:0.9906| C 3:0.9014| C 4:0.9861| C 5:nan| C 6:nan| C 7:nan| C 8:nan| C 9:nan| C 10:nan| C 11:nan
Epoch[468/500] | Loss:0.0169 |Acc: 99.4000|Pred Confidence: 0.99 | C 0:0.9999 | C 1:0.9862 | C 2:0.9893| C 3:0.9382| C 4:0.9866| C 5:nan| C 6:nan| C 7:nan| C 8:nan| C 9:nan| C 10:nan| C 11:nan
Epoch[469/500] | Loss:0.0138 |Acc: 99.6000|Pred Confidence: 0.99 | C 0:0.9999 | C 1:0.9884 | C 2:0.9912| C 3:0.9444| C 4:0.9867| C 5:nan| C 6:nan| C 7:nan| C 8:nan| C 9:nan| C 10:nan| C 11:nan
Epoch[470/500] | Loss:0.0196 |Acc: 99.4000|Pred Confidence: 0.99 | C 0:0.9999 | C 1:0.9802 | C 2:0.9943| C 3:0.9380| C 4:0.9879| C 5:nan| C 6:nan| C 7:nan| C 8:nan| C 9:nan| C 10:nan| C 11:nan
Epoch[471/500] | Loss:0.0137 |Acc: 99.6000|Pred Confidence: 0.99 | C 0:0.9999 | C 1:0.9885 | C 2:0.9936| C 3:0.9458| C 4:0.9870| C 5:nan| C 6:nan| C 7:nan| C 8:nan| C 9:nan| C 10:nan| C 11:nan
Epoch[472/500] | Loss:0.0265 |Acc: 99.2000|Pred Confidence: 0.99 | C 0:0.9999 | C 1:0.9845 | C 2:0.9932| C 3:0.9279| C 4:0.9879| C 5:nan| C 6:nan| C 7:nan| C 8:nan| C 9:nan| C 10:nan| C 11:nan
Epoch[473/500] | Loss:0.0465 |Acc: 98.6000|Pred Confidence: 0.99 | C 0:0.9999 | C 1:0.9831 | C 2:0.9938| C 3:0.9195| C 4:0.9832| C 5:nan| C 6:nan| C 7:nan| C 8:nan| C 9:nan| C 10:nan| C 11:nan
Epoch[474/500] | Loss:0.1327 |Acc: 96.0000|Pred Confidence: 0.98 | C 0:0.9994 | C 1:0.9767 | C 2:0.7731| C 3:0.8068| C 4:0.9922| C 5:nan| C 6:nan| C 7:nan| C 8:nan| C 9:nan| C 10:nan| C 11:nan
Epoch[475/500] | Loss:0.0728 |Acc: 97.4000|Pred Confidence: 0.98 | C 0:0.9996 | C 1:0.9635 | C 2:0.9796| C 3:0.8669| C 4:0.9965| C 5:nan| C 6:nan| C 7:nan| C 8:nan| C 9:nan| C 10:nan| C 11:nan
Epoch[476/500] | Loss:0.0432 |Acc: 98.4000|Pred Confidence: 0.98 | C 0:0.9985 | C 1:0.9663 | C 2:0.9918| C 3:0.8558| C 4:0.9917| C 5:nan| C 6:nan| C 7:nan| C 8:nan| C 9:nan| C 10:nan| C 11:nan
Epoch[477/500] | Loss:0.0189 |Acc: 99.4000|Pred Confidence: 0.99 | C 0:0.9998 | C 1:0.9870 | C 2:0.9813| C 3:0.8659| C 4:0.9913| C 5:nan| C 6:nan| C 7:nan| C 8:nan| C 9:nan| C 10:nan| C 11:nan
Epoch[478/500] | Loss:0.0183 |Acc: 99.4000|Pred Confidence: 0.99 | C 0:0.9998 | C 1:0.9867 | C 2:0.9884| C 3:0.8975| C 4:0.9908| C 5:nan| C 6:nan| C 7:nan| C 8:nan| C 9:nan| C 10:nan| C 11:nan
Epoch[479/500] | Loss:0.0527 |Acc: 98.0000|Pred Confidence: 0.98 | C 0:0.9997 | C 1:0.9748 | C 2:0.9796| C 3:0.7629| C 4:0.9832| C 5:nan| C 6:nan| C 7:nan| C 8:nan| C 9:nan| C 10:nan| C 11:nan
Epoch[480/500] | Loss:0.0254 |Acc: 99.0000|Pred Confidence: 0.99 | C 0:0.9997 | C 1:0.9850 | C 2:0.9713| C 3:0.9014| C 4:0.9868| C 5:nan| C 6:nan| C 7:nan| C 8:nan| C 9:nan| C 10:nan| C 11:nan
Epoch[481/500] | Loss:0.0208 |Acc: 99.0000|Pred Confidence: 0.99 | C 0:0.9998 | C 1:0.9826 | C 2:0.9955| C 3:0.9162| C 4:0.9914| C 5:nan| C 6:nan| C 7:nan| C 8:nan| C 9:nan| C 10:nan| C 11:nan
Epoch[482/500] | Loss:0.0134 |Acc: 99.8000|Pred Confidence: 0.99 | C 0:0.9998 | C 1:0.9875 | C 2:0.9966| C 3:0.9033| C 4:0.9906| C 5:nan| C 6:nan| C 7:nan| C 8:nan| C 9:nan| C 10:nan| C 11:nan
Epoch[483/500] | Loss:0.0112 |Acc: 99.8000|Pred Confidence: 0.99 | C 0:0.9999 | C 1:0.9881 | C 2:0.9966| C 3:0.9307| C 4:0.9922| C 5:nan| C 6:nan| C 7:nan| C 8:nan| C 9:nan| C 10:nan| C 11:nan
Epoch[484/500] | Loss:0.0095 |Acc: 99.8000|Pred Confidence: 0.99 | C 0:0.9999 | C 1:0.9897 | C 2:0.9968| C 3:0.9455| C 4:0.9924| C 5:nan| C 6:nan| C 7:nan| C 8:nan| C 9:nan| C 10:nan| C 11:nan
Epoch[485/500] | Loss:0.0083 |Acc: 99.8000|Pred Confidence: 0.99 | C 0:0.9999 | C 1:0.9908 | C 2:0.9969| C 3:0.9573| C 4:0.9926| C 5:nan| C 6:nan| C 7:nan| C 8:nan| C 9:nan| C 10:nan| C 11:nan
Epoch[486/500] | Loss:0.0074 |Acc: 99.8000|Pred Confidence: 1.00 | C 0:0.9999 | C 1:0.9916 | C 2:0.9968| C 3:0.9636| C 4:0.9927| C 5:nan| C 6:nan| C 7:nan| C 8:nan| C 9:nan| C 10:nan| C 11:nan
Epoch[487/500] | Loss:0.0067 |Acc: 99.8000|Pred Confidence: 1.00 | C 0:0.9999 | C 1:0.9924 | C 2:0.9968| C 3:0.9669| C 4:0.9928| C 5:nan| C 6:nan| C 7:nan| C 8:nan| C 9:nan| C 10:nan| C 11:nan
Epoch[488/500] | Loss:0.0062 |Acc: 99.8000|Pred Confidence: 1.00 | C 0:0.9999 | C 1:0.9928 | C 2:0.9967| C 3:0.9700| C 4:0.9929| C 5:nan| C 6:nan| C 7:nan| C 8:nan| C 9:nan| C 10:nan| C 11:nan
Epoch[489/500] | Loss:0.0056 |Acc: 99.8000|Pred Confidence: 1.00 | C 0:0.9999 | C 1:0.9933 | C 2:0.9968| C 3:0.9721| C 4:0.9929| C 5:nan| C 6:nan| C 7:nan| C 8:nan| C 9:nan| C 10:nan| C 11:nan
Epoch[490/500] | Loss:0.0051 |Acc: 99.8000|Pred Confidence: 1.00 | C 0:0.9999 | C 1:0.9937 | C 2:0.9969| C 3:0.9740| C 4:0.9930| C 5:nan| C 6:nan| C 7:nan| C 8:nan| C 9:nan| C 10:nan| C 11:nan
Epoch[491/500] | Loss:0.0047 |Acc: 100.0000|Pred Confidence: 1.00 | C 0:0.9999 | C 1:0.9941 | C 2:0.9970| C 3:0.9605| C 4:0.9931| C 5:nan| C 6:nan| C 7:nan| C 8:nan| C 9:nan| C 10:nan| C 11:nan
Epoch[492/500] | Loss:0.0044 |Acc: 100.0000|Pred Confidence: 1.00 | C 0:0.9999 | C 1:0.9945 | C 2:0.9972| C 3:0.9629| C 4:0.9932| C 5:nan| C 6:nan| C 7:nan| C 8:nan| C 9:nan| C 10:nan| C 11:nan
Epoch[493/500] | Loss:0.0041 |Acc: 100.0000|Pred Confidence: 1.00 | C 0:0.9999 | C 1:0.9948 | C 2:0.9973| C 3:0.9650| C 4:0.9933| C 5:nan| C 6:nan| C 7:nan| C 8:nan| C 9:nan| C 10:nan| C 11:nan
Epoch[494/500] | Loss:0.0039 |Acc: 100.0000|Pred Confidence: 1.00 | C 0:0.9999 | C 1:0.9951 | C 2:0.9974| C 3:0.9668| C 4:0.9934| C 5:nan| C 6:nan| C 7:nan| C 8:nan| C 9:nan| C 10:nan| C 11:nan
Epoch[495/500] | Loss:0.0036 |Acc: 100.0000|Pred Confidence: 1.00 | C 0:0.9999 | C 1:0.9954 | C 2:0.9975| C 3:0.9685| C 4:0.9935| C 5:nan| C 6:nan| C 7:nan| C 8:nan| C 9:nan| C 10:nan| C 11:nan
Epoch[496/500] | Loss:0.0035 |Acc: 100.0000|Pred Confidence: 1.00 | C 0:0.9999 | C 1:0.9957 | C 2:0.9975| C 3:0.9699| C 4:0.9935| C 5:nan| C 6:nan| C 7:nan| C 8:nan| C 9:nan| C 10:nan| C 11:nan
Epoch[497/500] | Loss:0.0033 |Acc: 100.0000|Pred Confidence: 1.00 | C 0:0.9999 | C 1:0.9959 | C 2:0.9976| C 3:0.9713| C 4:0.9936| C 5:nan| C 6:nan| C 7:nan| C 8:nan| C 9:nan| C 10:nan| C 11:nan
Epoch[498/500] | Loss:0.0031 |Acc: 100.0000|Pred Confidence: 1.00 | C 0:0.9999 | C 1:0.9961 | C 2:0.9976| C 3:0.9726| C 4:0.9937| C 5:nan| C 6:nan| C 7:nan| C 8:nan| C 9:nan| C 10:nan| C 11:nan
Epoch[499/500] | Loss:0.0030 |Acc: 100.0000|Pred Confidence: 1.00 | C 0:0.9999 | C 1:0.9963 | C 2:0.9977| C 3:0.9738| C 4:0.9938| C 5:nan| C 6:nan| C 7:nan| C 8:nan| C 9:nan| C 10:nan| C 11:nan
Epoch[500/500] | Loss:0.0028 |Acc: 100.0000|Pred Confidence: 1.00 | C 0:0.9999 | C 1:0.9965 | C 2:0.9977| C 3:0.9749| C 4:0.9938| C 5:nan| C 6:nan| C 7:nan| C 8:nan| C 9:nan| C 10:nan| C 11:nan
Test 1 Accuracy 93.11111111111111 | Confidence ({0: array([0.99978924], dtype=float32), 1: array([0.9835165], dtype=float32), 2: array([0.94715476], dtype=float32), 3: array([0.92953336], dtype=float32)}, 0.9649985)
Train 1 Accuracy 100.0 | Confidence ({0: array([0.9999212], dtype=float32), 1: array([0.99688333], dtype=float32), 2: array([0.99703944], dtype=float32), 3: array([0.9675689], dtype=float32), 4: array([0.9938661], dtype=float32)}, 0.9910558)
