Config: 
 {
  "model_name": "ecg_dnn_ce",
  "model_save_path": "/tmp/",
  "model": "dnn",
  "loss": "ce",
  "timesteps": 96,
  "num_classes": 2,
  "rnn_config": {
    "ninp": 1,
    "nhid": 20,
    "nlayers": 1,
    "nclasses": 2
  },
  "dnn_config": {
    "layers": [
      10,
      10,
      10,
      10,
      2
    ]
  },
  "batch_size": 32,
  "num_epochs": 500,
  "learning_rate": 0.005,
  "dependency_meta": ""
}
Model: 
 Linear(
  (layers): ModuleList(
    (0): Linear(in_features=96, out_features=10, bias=True)
    (1): Linear(in_features=10, out_features=10, bias=True)
    (2): Linear(in_features=10, out_features=10, bias=True)
    (3): Linear(in_features=10, out_features=10, bias=True)
    (4): Linear(in_features=10, out_features=2, bias=True)
  )
  (sigmoid_activation): Sigmoid()
  (softmax_activation): Softmax(dim=-1)
)
Epoch [1/500] | Loss: 0.7006 |  Accuracy: 0.4967 | Prediction Confidence: 0.55 | Class 0:0.5445 | Class 1:0.5513
Epoch [2/500] | Loss: 0.6230 |  Accuracy: 0.6967 | Prediction Confidence: 0.65 | Class 0:nan | Class 1:0.6483
Epoch [3/500] | Loss: 0.6145 |  Accuracy: 0.6967 | Prediction Confidence: 0.71 | Class 0:nan | Class 1:0.7135
Epoch [4/500] | Loss: 0.6133 |  Accuracy: 0.6967 | Prediction Confidence: 0.73 | Class 0:nan | Class 1:0.7252
Epoch [5/500] | Loss: 0.6103 |  Accuracy: 0.6967 | Prediction Confidence: 0.71 | Class 0:nan | Class 1:0.7147
Epoch [6/500] | Loss: 0.6073 |  Accuracy: 0.6967 | Prediction Confidence: 0.70 | Class 0:nan | Class 1:0.7032
Epoch [7/500] | Loss: 0.6032 |  Accuracy: 0.6967 | Prediction Confidence: 0.70 | Class 0:nan | Class 1:0.6988
Epoch [8/500] | Loss: 0.5969 |  Accuracy: 0.6967 | Prediction Confidence: 0.70 | Class 0:nan | Class 1:0.7005
Epoch [9/500] | Loss: 0.5872 |  Accuracy: 0.6967 | Prediction Confidence: 0.71 | Class 0:nan | Class 1:0.7056
Epoch [10/500] | Loss: 0.5728 |  Accuracy: 0.6967 | Prediction Confidence: 0.71 | Class 0:nan | Class 1:0.7120
Epoch [11/500] | Loss: 0.5518 |  Accuracy: 0.6967 | Prediction Confidence: 0.72 | Class 0:nan | Class 1:0.7190
Epoch [12/500] | Loss: 0.5232 |  Accuracy: 0.6967 | Prediction Confidence: 0.73 | Class 0:nan | Class 1:0.7275
Epoch [13/500] | Loss: 0.4868 |  Accuracy: 0.6967 | Prediction Confidence: 0.74 | Class 0:nan | Class 1:0.7389
Epoch [14/500] | Loss: 0.4446 |  Accuracy: 0.6967 | Prediction Confidence: 0.75 | Class 0:nan | Class 1:0.7534
Epoch [15/500] | Loss: 0.4008 |  Accuracy: 0.8367 | Prediction Confidence: 0.68 | Class 0:0.5208 | Class 1:0.8102
Epoch [16/500] | Loss: 0.3596 |  Accuracy: 0.8778 | Prediction Confidence: 0.71 | Class 0:0.5753 | Class 1:0.8485
Epoch [17/500] | Loss: 0.3265 |  Accuracy: 0.8978 | Prediction Confidence: 0.75 | Class 0:0.6174 | Class 1:0.8766
Epoch [18/500] | Loss: 0.3012 |  Accuracy: 0.8978 | Prediction Confidence: 0.78 | Class 0:0.6565 | Class 1:0.8995
Epoch [19/500] | Loss: 0.2813 |  Accuracy: 0.8978 | Prediction Confidence: 0.80 | Class 0:0.6861 | Class 1:0.9125
Epoch [20/500] | Loss: 0.2639 |  Accuracy: 0.9189 | Prediction Confidence: 0.82 | Class 0:0.7163 | Class 1:0.9163
Epoch [21/500] | Loss: 0.2652 |  Accuracy: 0.8978 | Prediction Confidence: 0.83 | Class 0:0.7184 | Class 1:0.9404
Epoch [22/500] | Loss: 0.2664 |  Accuracy: 0.8978 | Prediction Confidence: 0.85 | Class 0:0.7576 | Class 1:0.9408
Epoch [23/500] | Loss: 0.2527 |  Accuracy: 0.8978 | Prediction Confidence: 0.85 | Class 0:0.7423 | Class 1:0.9528
Epoch [24/500] | Loss: 0.2412 |  Accuracy: 0.9078 | Prediction Confidence: 0.84 | Class 0:0.7223 | Class 1:0.9589
Epoch [25/500] | Loss: 0.2328 |  Accuracy: 0.9089 | Prediction Confidence: 0.86 | Class 0:0.7527 | Class 1:0.9625
Epoch [26/500] | Loss: 0.2244 |  Accuracy: 0.9189 | Prediction Confidence: 0.86 | Class 0:0.7603 | Class 1:0.9655
Epoch [27/500] | Loss: 0.2210 |  Accuracy: 0.9189 | Prediction Confidence: 0.87 | Class 0:0.7618 | Class 1:0.9715
Epoch [28/500] | Loss: 0.2178 |  Accuracy: 0.9189 | Prediction Confidence: 0.87 | Class 0:0.7737 | Class 1:0.9729
Epoch [29/500] | Loss: 0.2157 |  Accuracy: 0.9189 | Prediction Confidence: 0.88 | Class 0:0.7785 | Class 1:0.9744
Epoch [30/500] | Loss: 0.2134 |  Accuracy: 0.9189 | Prediction Confidence: 0.88 | Class 0:0.7766 | Class 1:0.9771
Epoch [31/500] | Loss: 0.2112 |  Accuracy: 0.9189 | Prediction Confidence: 0.88 | Class 0:0.7752 | Class 1:0.9789
Epoch [32/500] | Loss: 0.2090 |  Accuracy: 0.9189 | Prediction Confidence: 0.88 | Class 0:0.7753 | Class 1:0.9800
Epoch [33/500] | Loss: 0.2064 |  Accuracy: 0.9189 | Prediction Confidence: 0.88 | Class 0:0.7747 | Class 1:0.9813
Epoch [34/500] | Loss: 0.2023 |  Accuracy: 0.9189 | Prediction Confidence: 0.88 | Class 0:0.7724 | Class 1:0.9823
Epoch [35/500] | Loss: 0.1948 |  Accuracy: 0.9189 | Prediction Confidence: 0.87 | Class 0:0.7655 | Class 1:0.9830
Epoch [36/500] | Loss: 0.1871 |  Accuracy: 0.9189 | Prediction Confidence: 0.87 | Class 0:0.7591 | Class 1:0.9834
Epoch [37/500] | Loss: 0.1789 |  Accuracy: 0.9189 | Prediction Confidence: 0.87 | Class 0:0.7607 | Class 1:0.9839
Epoch [38/500] | Loss: 0.1683 |  Accuracy: 0.9089 | Prediction Confidence: 0.88 | Class 0:0.7757 | Class 1:0.9778
Epoch [39/500] | Loss: 0.1560 |  Accuracy: 0.9400 | Prediction Confidence: 0.89 | Class 0:0.8206 | Class 1:0.9494
Epoch [40/500] | Loss: 0.1438 |  Accuracy: 0.9400 | Prediction Confidence: 0.90 | Class 0:0.8398 | Class 1:0.9546
Epoch [41/500] | Loss: 0.1305 |  Accuracy: 0.9600 | Prediction Confidence: 0.91 | Class 0:0.8574 | Class 1:0.9491
Epoch [42/500] | Loss: 0.1171 |  Accuracy: 0.9700 | Prediction Confidence: 0.91 | Class 0:0.8667 | Class 1:0.9542
Epoch [43/500] | Loss: 0.1029 |  Accuracy: 0.9800 | Prediction Confidence: 0.92 | Class 0:0.8795 | Class 1:0.9604
Epoch [44/500] | Loss: 0.0925 |  Accuracy: 0.9900 | Prediction Confidence: 0.93 | Class 0:0.8975 | Class 1:0.9580
Epoch [45/500] | Loss: 0.0832 |  Accuracy: 0.9900 | Prediction Confidence: 0.94 | Class 0:0.9119 | Class 1:0.9632
Epoch [46/500] | Loss: 0.0769 |  Accuracy: 0.9900 | Prediction Confidence: 0.95 | Class 0:0.9259 | Class 1:0.9646
Epoch [47/500] | Loss: 0.0713 |  Accuracy: 0.9900 | Prediction Confidence: 0.95 | Class 0:0.9351 | Class 1:0.9683
Epoch [48/500] | Loss: 0.0672 |  Accuracy: 0.9900 | Prediction Confidence: 0.96 | Class 0:0.9441 | Class 1:0.9686
Epoch [49/500] | Loss: 0.0637 |  Accuracy: 0.9900 | Prediction Confidence: 0.96 | Class 0:0.9500 | Class 1:0.9715
Epoch [50/500] | Loss: 0.0602 |  Accuracy: 0.9900 | Prediction Confidence: 0.96 | Class 0:0.9559 | Class 1:0.9713
Epoch [51/500] | Loss: 0.0579 |  Accuracy: 0.9900 | Prediction Confidence: 0.97 | Class 0:0.9605 | Class 1:0.9734
Epoch [52/500] | Loss: 0.0538 |  Accuracy: 0.9900 | Prediction Confidence: 0.97 | Class 0:0.9641 | Class 1:0.9733
Epoch [53/500] | Loss: 0.0513 |  Accuracy: 0.9900 | Prediction Confidence: 0.97 | Class 0:0.9683 | Class 1:0.9742
Epoch [54/500] | Loss: 0.0439 |  Accuracy: 0.9900 | Prediction Confidence: 0.97 | Class 0:0.9702 | Class 1:0.9740
Epoch [55/500] | Loss: 0.0374 |  Accuracy: 0.9900 | Prediction Confidence: 0.97 | Class 0:0.9715 | Class 1:0.9751
Epoch [56/500] | Loss: 0.0293 |  Accuracy: 1.0000 | Prediction Confidence: 0.96 | Class 0:0.9509 | Class 1:0.9783
Epoch [57/500] | Loss: 0.0247 |  Accuracy: 1.0000 | Prediction Confidence: 0.97 | Class 0:0.9522 | Class 1:0.9838
Epoch [58/500] | Loss: 0.0220 |  Accuracy: 1.0000 | Prediction Confidence: 0.97 | Class 0:0.9624 | Class 1:0.9842
Epoch [59/500] | Loss: 0.0196 |  Accuracy: 1.0000 | Prediction Confidence: 0.97 | Class 0:0.9622 | Class 1:0.9866
Epoch [60/500] | Loss: 0.0180 |  Accuracy: 1.0000 | Prediction Confidence: 0.98 | Class 0:0.9685 | Class 1:0.9870
Epoch [61/500] | Loss: 0.0165 |  Accuracy: 1.0000 | Prediction Confidence: 0.98 | Class 0:0.9697 | Class 1:0.9882
Epoch [62/500] | Loss: 0.0154 |  Accuracy: 1.0000 | Prediction Confidence: 0.98 | Class 0:0.9726 | Class 1:0.9889
Epoch [63/500] | Loss: 0.0143 |  Accuracy: 1.0000 | Prediction Confidence: 0.98 | Class 0:0.9748 | Class 1:0.9895
Epoch [64/500] | Loss: 0.0134 |  Accuracy: 1.0000 | Prediction Confidence: 0.98 | Class 0:0.9765 | Class 1:0.9901
Epoch [65/500] | Loss: 0.0126 |  Accuracy: 1.0000 | Prediction Confidence: 0.98 | Class 0:0.9782 | Class 1:0.9906
Epoch [66/500] | Loss: 0.0119 |  Accuracy: 1.0000 | Prediction Confidence: 0.99 | Class 0:0.9796 | Class 1:0.9911
Epoch [67/500] | Loss: 0.0113 |  Accuracy: 1.0000 | Prediction Confidence: 0.99 | Class 0:0.9809 | Class 1:0.9915
Epoch [68/500] | Loss: 0.0107 |  Accuracy: 1.0000 | Prediction Confidence: 0.99 | Class 0:0.9821 | Class 1:0.9919
Epoch [69/500] | Loss: 0.0101 |  Accuracy: 1.0000 | Prediction Confidence: 0.99 | Class 0:0.9831 | Class 1:0.9923
Epoch [70/500] | Loss: 0.0097 |  Accuracy: 1.0000 | Prediction Confidence: 0.99 | Class 0:0.9840 | Class 1:0.9926
Epoch [71/500] | Loss: 0.0092 |  Accuracy: 1.0000 | Prediction Confidence: 0.99 | Class 0:0.9849 | Class 1:0.9929
Epoch [72/500] | Loss: 0.0088 |  Accuracy: 1.0000 | Prediction Confidence: 0.99 | Class 0:0.9856 | Class 1:0.9932
Epoch [73/500] | Loss: 0.0084 |  Accuracy: 1.0000 | Prediction Confidence: 0.99 | Class 0:0.9863 | Class 1:0.9935
Epoch [74/500] | Loss: 0.0081 |  Accuracy: 1.0000 | Prediction Confidence: 0.99 | Class 0:0.9870 | Class 1:0.9937
Epoch [75/500] | Loss: 0.0077 |  Accuracy: 1.0000 | Prediction Confidence: 0.99 | Class 0:0.9876 | Class 1:0.9939
Epoch [76/500] | Loss: 0.0074 |  Accuracy: 1.0000 | Prediction Confidence: 0.99 | Class 0:0.9882 | Class 1:0.9942
Epoch [77/500] | Loss: 0.0071 |  Accuracy: 1.0000 | Prediction Confidence: 0.99 | Class 0:0.9887 | Class 1:0.9944
Epoch [78/500] | Loss: 0.0069 |  Accuracy: 1.0000 | Prediction Confidence: 0.99 | Class 0:0.9891 | Class 1:0.9946
Epoch [79/500] | Loss: 0.0066 |  Accuracy: 1.0000 | Prediction Confidence: 0.99 | Class 0:0.9896 | Class 1:0.9947
Epoch [80/500] | Loss: 0.0064 |  Accuracy: 1.0000 | Prediction Confidence: 0.99 | Class 0:0.9900 | Class 1:0.9949
Epoch [81/500] | Loss: 0.0062 |  Accuracy: 1.0000 | Prediction Confidence: 0.99 | Class 0:0.9904 | Class 1:0.9951
Epoch [82/500] | Loss: 0.0059 |  Accuracy: 1.0000 | Prediction Confidence: 0.99 | Class 0:0.9908 | Class 1:0.9952
Epoch [83/500] | Loss: 0.0057 |  Accuracy: 1.0000 | Prediction Confidence: 0.99 | Class 0:0.9911 | Class 1:0.9954
Epoch [84/500] | Loss: 0.0056 |  Accuracy: 1.0000 | Prediction Confidence: 0.99 | Class 0:0.9914 | Class 1:0.9955
Epoch [85/500] | Loss: 0.0054 |  Accuracy: 1.0000 | Prediction Confidence: 0.99 | Class 0:0.9917 | Class 1:0.9956
Epoch [86/500] | Loss: 0.0052 |  Accuracy: 1.0000 | Prediction Confidence: 0.99 | Class 0:0.9920 | Class 1:0.9958
Epoch [87/500] | Loss: 0.0051 |  Accuracy: 1.0000 | Prediction Confidence: 0.99 | Class 0:0.9923 | Class 1:0.9959
Epoch [88/500] | Loss: 0.0049 |  Accuracy: 1.0000 | Prediction Confidence: 0.99 | Class 0:0.9925 | Class 1:0.9960
Epoch [89/500] | Loss: 0.0048 |  Accuracy: 1.0000 | Prediction Confidence: 0.99 | Class 0:0.9928 | Class 1:0.9961
Epoch [90/500] | Loss: 0.0046 |  Accuracy: 1.0000 | Prediction Confidence: 0.99 | Class 0:0.9930 | Class 1:0.9962
Epoch [91/500] | Loss: 0.0045 |  Accuracy: 1.0000 | Prediction Confidence: 0.99 | Class 0:0.9932 | Class 1:0.9963
Epoch [92/500] | Loss: 0.0044 |  Accuracy: 1.0000 | Prediction Confidence: 0.99 | Class 0:0.9934 | Class 1:0.9964
Epoch [93/500] | Loss: 0.0043 |  Accuracy: 1.0000 | Prediction Confidence: 1.00 | Class 0:0.9936 | Class 1:0.9965
Epoch [94/500] | Loss: 0.0041 |  Accuracy: 1.0000 | Prediction Confidence: 1.00 | Class 0:0.9938 | Class 1:0.9966
Epoch [95/500] | Loss: 0.0040 |  Accuracy: 1.0000 | Prediction Confidence: 1.00 | Class 0:0.9940 | Class 1:0.9967
Epoch [96/500] | Loss: 0.0039 |  Accuracy: 1.0000 | Prediction Confidence: 1.00 | Class 0:0.9941 | Class 1:0.9967
Epoch [97/500] | Loss: 0.0038 |  Accuracy: 1.0000 | Prediction Confidence: 1.00 | Class 0:0.9943 | Class 1:0.9968
Epoch [98/500] | Loss: 0.0037 |  Accuracy: 1.0000 | Prediction Confidence: 1.00 | Class 0:0.9945 | Class 1:0.9969
Epoch [99/500] | Loss: 0.0036 |  Accuracy: 1.0000 | Prediction Confidence: 1.00 | Class 0:0.9946 | Class 1:0.9970
Epoch [100/500] | Loss: 0.0036 |  Accuracy: 1.0000 | Prediction Confidence: 1.00 | Class 0:0.9948 | Class 1:0.9970
Epoch [101/500] | Loss: 0.0035 |  Accuracy: 1.0000 | Prediction Confidence: 1.00 | Class 0:0.9949 | Class 1:0.9971
Epoch [102/500] | Loss: 0.0034 |  Accuracy: 1.0000 | Prediction Confidence: 1.00 | Class 0:0.9950 | Class 1:0.9972
Epoch [103/500] | Loss: 0.0033 |  Accuracy: 1.0000 | Prediction Confidence: 1.00 | Class 0:0.9951 | Class 1:0.9972
Epoch [104/500] | Loss: 0.0032 |  Accuracy: 1.0000 | Prediction Confidence: 1.00 | Class 0:0.9953 | Class 1:0.9973
Epoch [105/500] | Loss: 0.0032 |  Accuracy: 1.0000 | Prediction Confidence: 1.00 | Class 0:0.9954 | Class 1:0.9973
Epoch [106/500] | Loss: 0.0031 |  Accuracy: 1.0000 | Prediction Confidence: 1.00 | Class 0:0.9955 | Class 1:0.9974
Epoch [107/500] | Loss: 0.0030 |  Accuracy: 1.0000 | Prediction Confidence: 1.00 | Class 0:0.9956 | Class 1:0.9975
Epoch [108/500] | Loss: 0.0030 |  Accuracy: 1.0000 | Prediction Confidence: 1.00 | Class 0:0.9957 | Class 1:0.9975
Epoch [109/500] | Loss: 0.0029 |  Accuracy: 1.0000 | Prediction Confidence: 1.00 | Class 0:0.9958 | Class 1:0.9976
Epoch [110/500] | Loss: 0.0028 |  Accuracy: 1.0000 | Prediction Confidence: 1.00 | Class 0:0.9959 | Class 1:0.9976
Epoch [111/500] | Loss: 0.0028 |  Accuracy: 1.0000 | Prediction Confidence: 1.00 | Class 0:0.9960 | Class 1:0.9977
Epoch [112/500] | Loss: 0.0027 |  Accuracy: 1.0000 | Prediction Confidence: 1.00 | Class 0:0.9961 | Class 1:0.9977
Epoch [113/500] | Loss: 0.0027 |  Accuracy: 1.0000 | Prediction Confidence: 1.00 | Class 0:0.9962 | Class 1:0.9977
Epoch [114/500] | Loss: 0.0026 |  Accuracy: 1.0000 | Prediction Confidence: 1.00 | Class 0:0.9962 | Class 1:0.9978
Epoch [115/500] | Loss: 0.0026 |  Accuracy: 1.0000 | Prediction Confidence: 1.00 | Class 0:0.9963 | Class 1:0.9978
Epoch [116/500] | Loss: 0.0025 |  Accuracy: 1.0000 | Prediction Confidence: 1.00 | Class 0:0.9964 | Class 1:0.9979
Epoch [117/500] | Loss: 0.0025 |  Accuracy: 1.0000 | Prediction Confidence: 1.00 | Class 0:0.9965 | Class 1:0.9979
Epoch [118/500] | Loss: 0.0024 |  Accuracy: 1.0000 | Prediction Confidence: 1.00 | Class 0:0.9965 | Class 1:0.9979
Epoch [119/500] | Loss: 0.0024 |  Accuracy: 1.0000 | Prediction Confidence: 1.00 | Class 0:0.9966 | Class 1:0.9980
Epoch [120/500] | Loss: 0.0023 |  Accuracy: 1.0000 | Prediction Confidence: 1.00 | Class 0:0.9967 | Class 1:0.9980
Epoch [121/500] | Loss: 0.0023 |  Accuracy: 1.0000 | Prediction Confidence: 1.00 | Class 0:0.9967 | Class 1:0.9980
Epoch [122/500] | Loss: 0.0022 |  Accuracy: 1.0000 | Prediction Confidence: 1.00 | Class 0:0.9968 | Class 1:0.9981
Epoch [123/500] | Loss: 0.0022 |  Accuracy: 1.0000 | Prediction Confidence: 1.00 | Class 0:0.9969 | Class 1:0.9981
Epoch [124/500] | Loss: 0.0022 |  Accuracy: 1.0000 | Prediction Confidence: 1.00 | Class 0:0.9969 | Class 1:0.9981
Epoch [125/500] | Loss: 0.0021 |  Accuracy: 1.0000 | Prediction Confidence: 1.00 | Class 0:0.9970 | Class 1:0.9982
Epoch [126/500] | Loss: 0.0021 |  Accuracy: 1.0000 | Prediction Confidence: 1.00 | Class 0:0.9970 | Class 1:0.9982
Epoch [127/500] | Loss: 0.0021 |  Accuracy: 1.0000 | Prediction Confidence: 1.00 | Class 0:0.9971 | Class 1:0.9982
Epoch [128/500] | Loss: 0.0020 |  Accuracy: 1.0000 | Prediction Confidence: 1.00 | Class 0:0.9971 | Class 1:0.9983
Epoch [129/500] | Loss: 0.0020 |  Accuracy: 1.0000 | Prediction Confidence: 1.00 | Class 0:0.9972 | Class 1:0.9983
Epoch [130/500] | Loss: 0.0020 |  Accuracy: 1.0000 | Prediction Confidence: 1.00 | Class 0:0.9972 | Class 1:0.9983
Epoch [131/500] | Loss: 0.0019 |  Accuracy: 1.0000 | Prediction Confidence: 1.00 | Class 0:0.9973 | Class 1:0.9984
Epoch [132/500] | Loss: 0.0019 |  Accuracy: 1.0000 | Prediction Confidence: 1.00 | Class 0:0.9973 | Class 1:0.9984
Epoch [133/500] | Loss: 0.0019 |  Accuracy: 1.0000 | Prediction Confidence: 1.00 | Class 0:0.9974 | Class 1:0.9984
Epoch [134/500] | Loss: 0.0018 |  Accuracy: 1.0000 | Prediction Confidence: 1.00 | Class 0:0.9974 | Class 1:0.9984
Epoch [135/500] | Loss: 0.0018 |  Accuracy: 1.0000 | Prediction Confidence: 1.00 | Class 0:0.9975 | Class 1:0.9985
Epoch [136/500] | Loss: 0.0018 |  Accuracy: 1.0000 | Prediction Confidence: 1.00 | Class 0:0.9975 | Class 1:0.9985
Epoch [137/500] | Loss: 0.0017 |  Accuracy: 1.0000 | Prediction Confidence: 1.00 | Class 0:0.9976 | Class 1:0.9985
Epoch [138/500] | Loss: 0.0017 |  Accuracy: 1.0000 | Prediction Confidence: 1.00 | Class 0:0.9976 | Class 1:0.9985
Epoch [139/500] | Loss: 0.0017 |  Accuracy: 1.0000 | Prediction Confidence: 1.00 | Class 0:0.9976 | Class 1:0.9985
Epoch [140/500] | Loss: 0.0017 |  Accuracy: 1.0000 | Prediction Confidence: 1.00 | Class 0:0.9977 | Class 1:0.9986
Epoch [141/500] | Loss: 0.0016 |  Accuracy: 1.0000 | Prediction Confidence: 1.00 | Class 0:0.9977 | Class 1:0.9986
Epoch [142/500] | Loss: 0.0016 |  Accuracy: 1.0000 | Prediction Confidence: 1.00 | Class 0:0.9978 | Class 1:0.9986
Epoch [143/500] | Loss: 0.0016 |  Accuracy: 1.0000 | Prediction Confidence: 1.00 | Class 0:0.9978 | Class 1:0.9986
Epoch [144/500] | Loss: 0.0016 |  Accuracy: 1.0000 | Prediction Confidence: 1.00 | Class 0:0.9978 | Class 1:0.9986
Epoch [145/500] | Loss: 0.0015 |  Accuracy: 1.0000 | Prediction Confidence: 1.00 | Class 0:0.9979 | Class 1:0.9987
Epoch [146/500] | Loss: 0.0015 |  Accuracy: 1.0000 | Prediction Confidence: 1.00 | Class 0:0.9979 | Class 1:0.9987
Epoch [147/500] | Loss: 0.0015 |  Accuracy: 1.0000 | Prediction Confidence: 1.00 | Class 0:0.9979 | Class 1:0.9987
Epoch [148/500] | Loss: 0.0015 |  Accuracy: 1.0000 | Prediction Confidence: 1.00 | Class 0:0.9980 | Class 1:0.9987
Epoch [149/500] | Loss: 0.0015 |  Accuracy: 1.0000 | Prediction Confidence: 1.00 | Class 0:0.9980 | Class 1:0.9987
Epoch [150/500] | Loss: 0.0014 |  Accuracy: 1.0000 | Prediction Confidence: 1.00 | Class 0:0.9980 | Class 1:0.9988
Epoch [151/500] | Loss: 0.0014 |  Accuracy: 1.0000 | Prediction Confidence: 1.00 | Class 0:0.9980 | Class 1:0.9988
Epoch [152/500] | Loss: 0.0014 |  Accuracy: 1.0000 | Prediction Confidence: 1.00 | Class 0:0.9981 | Class 1:0.9988
Epoch [153/500] | Loss: 0.0014 |  Accuracy: 1.0000 | Prediction Confidence: 1.00 | Class 0:0.9981 | Class 1:0.9988
Epoch [154/500] | Loss: 0.0014 |  Accuracy: 1.0000 | Prediction Confidence: 1.00 | Class 0:0.9981 | Class 1:0.9988
Epoch [155/500] | Loss: 0.0013 |  Accuracy: 1.0000 | Prediction Confidence: 1.00 | Class 0:0.9982 | Class 1:0.9988
Epoch [156/500] | Loss: 0.0013 |  Accuracy: 1.0000 | Prediction Confidence: 1.00 | Class 0:0.9982 | Class 1:0.9989
Epoch [157/500] | Loss: 0.0013 |  Accuracy: 1.0000 | Prediction Confidence: 1.00 | Class 0:0.9982 | Class 1:0.9989
Epoch [158/500] | Loss: 0.0013 |  Accuracy: 1.0000 | Prediction Confidence: 1.00 | Class 0:0.9982 | Class 1:0.9989
Epoch [159/500] | Loss: 0.0013 |  Accuracy: 1.0000 | Prediction Confidence: 1.00 | Class 0:0.9983 | Class 1:0.9989
Epoch [160/500] | Loss: 0.0013 |  Accuracy: 1.0000 | Prediction Confidence: 1.00 | Class 0:0.9983 | Class 1:0.9989
Epoch [161/500] | Loss: 0.0012 |  Accuracy: 1.0000 | Prediction Confidence: 1.00 | Class 0:0.9983 | Class 1:0.9989
Epoch [162/500] | Loss: 0.0012 |  Accuracy: 1.0000 | Prediction Confidence: 1.00 | Class 0:0.9983 | Class 1:0.9989
Epoch [163/500] | Loss: 0.0012 |  Accuracy: 1.0000 | Prediction Confidence: 1.00 | Class 0:0.9984 | Class 1:0.9990
Epoch [164/500] | Loss: 0.0012 |  Accuracy: 1.0000 | Prediction Confidence: 1.00 | Class 0:0.9984 | Class 1:0.9990
Epoch [165/500] | Loss: 0.0012 |  Accuracy: 1.0000 | Prediction Confidence: 1.00 | Class 0:0.9984 | Class 1:0.9990
Epoch [166/500] | Loss: 0.0012 |  Accuracy: 1.0000 | Prediction Confidence: 1.00 | Class 0:0.9984 | Class 1:0.9990
Epoch [167/500] | Loss: 0.0011 |  Accuracy: 1.0000 | Prediction Confidence: 1.00 | Class 0:0.9984 | Class 1:0.9990
Epoch [168/500] | Loss: 0.0011 |  Accuracy: 1.0000 | Prediction Confidence: 1.00 | Class 0:0.9985 | Class 1:0.9990
Epoch [169/500] | Loss: 0.0011 |  Accuracy: 1.0000 | Prediction Confidence: 1.00 | Class 0:0.9985 | Class 1:0.9990
Epoch [170/500] | Loss: 0.0011 |  Accuracy: 1.0000 | Prediction Confidence: 1.00 | Class 0:0.9985 | Class 1:0.9990
Epoch [171/500] | Loss: 0.0011 |  Accuracy: 1.0000 | Prediction Confidence: 1.00 | Class 0:0.9985 | Class 1:0.9990
Epoch [172/500] | Loss: 0.0011 |  Accuracy: 1.0000 | Prediction Confidence: 1.00 | Class 0:0.9985 | Class 1:0.9991
Epoch [173/500] | Loss: 0.0011 |  Accuracy: 1.0000 | Prediction Confidence: 1.00 | Class 0:0.9986 | Class 1:0.9991
Epoch [174/500] | Loss: 0.0011 |  Accuracy: 1.0000 | Prediction Confidence: 1.00 | Class 0:0.9986 | Class 1:0.9991
Epoch [175/500] | Loss: 0.0010 |  Accuracy: 1.0000 | Prediction Confidence: 1.00 | Class 0:0.9986 | Class 1:0.9991
Epoch [176/500] | Loss: 0.0010 |  Accuracy: 1.0000 | Prediction Confidence: 1.00 | Class 0:0.9986 | Class 1:0.9991
Epoch [177/500] | Loss: 0.0010 |  Accuracy: 1.0000 | Prediction Confidence: 1.00 | Class 0:0.9986 | Class 1:0.9991
Epoch [178/500] | Loss: 0.0010 |  Accuracy: 1.0000 | Prediction Confidence: 1.00 | Class 0:0.9986 | Class 1:0.9991
Epoch [179/500] | Loss: 0.0010 |  Accuracy: 1.0000 | Prediction Confidence: 1.00 | Class 0:0.9987 | Class 1:0.9991
Epoch [180/500] | Loss: 0.0010 |  Accuracy: 1.0000 | Prediction Confidence: 1.00 | Class 0:0.9987 | Class 1:0.9991
Epoch [181/500] | Loss: 0.0010 |  Accuracy: 1.0000 | Prediction Confidence: 1.00 | Class 0:0.9987 | Class 1:0.9992
Epoch [182/500] | Loss: 0.0010 |  Accuracy: 1.0000 | Prediction Confidence: 1.00 | Class 0:0.9987 | Class 1:0.9992
Epoch [183/500] | Loss: 0.0009 |  Accuracy: 1.0000 | Prediction Confidence: 1.00 | Class 0:0.9987 | Class 1:0.9992
Epoch [184/500] | Loss: 0.0009 |  Accuracy: 1.0000 | Prediction Confidence: 1.00 | Class 0:0.9987 | Class 1:0.9992
Epoch [185/500] | Loss: 0.0009 |  Accuracy: 1.0000 | Prediction Confidence: 1.00 | Class 0:0.9988 | Class 1:0.9992
Epoch [186/500] | Loss: 0.0009 |  Accuracy: 1.0000 | Prediction Confidence: 1.00 | Class 0:0.9988 | Class 1:0.9992
Epoch [187/500] | Loss: 0.0009 |  Accuracy: 1.0000 | Prediction Confidence: 1.00 | Class 0:0.9988 | Class 1:0.9992
Epoch [188/500] | Loss: 0.0009 |  Accuracy: 1.0000 | Prediction Confidence: 1.00 | Class 0:0.9988 | Class 1:0.9992
Epoch [189/500] | Loss: 0.0009 |  Accuracy: 1.0000 | Prediction Confidence: 1.00 | Class 0:0.9988 | Class 1:0.9992
Epoch [190/500] | Loss: 0.0009 |  Accuracy: 1.0000 | Prediction Confidence: 1.00 | Class 0:0.9988 | Class 1:0.9992
Epoch [191/500] | Loss: 0.0009 |  Accuracy: 1.0000 | Prediction Confidence: 1.00 | Class 0:0.9988 | Class 1:0.9992
Epoch [192/500] | Loss: 0.0009 |  Accuracy: 1.0000 | Prediction Confidence: 1.00 | Class 0:0.9988 | Class 1:0.9993
Epoch [193/500] | Loss: 0.0008 |  Accuracy: 1.0000 | Prediction Confidence: 1.00 | Class 0:0.9989 | Class 1:0.9993
Epoch [194/500] | Loss: 0.0008 |  Accuracy: 1.0000 | Prediction Confidence: 1.00 | Class 0:0.9989 | Class 1:0.9993
Epoch [195/500] | Loss: 0.0008 |  Accuracy: 1.0000 | Prediction Confidence: 1.00 | Class 0:0.9989 | Class 1:0.9993
Epoch [196/500] | Loss: 0.0008 |  Accuracy: 1.0000 | Prediction Confidence: 1.00 | Class 0:0.9989 | Class 1:0.9993
Epoch [197/500] | Loss: 0.0008 |  Accuracy: 1.0000 | Prediction Confidence: 1.00 | Class 0:0.9989 | Class 1:0.9993
Epoch [198/500] | Loss: 0.0008 |  Accuracy: 1.0000 | Prediction Confidence: 1.00 | Class 0:0.9989 | Class 1:0.9993
Epoch [199/500] | Loss: 0.0008 |  Accuracy: 1.0000 | Prediction Confidence: 1.00 | Class 0:0.9989 | Class 1:0.9993
Epoch [200/500] | Loss: 0.0008 |  Accuracy: 1.0000 | Prediction Confidence: 1.00 | Class 0:0.9989 | Class 1:0.9993
Epoch [201/500] | Loss: 0.0008 |  Accuracy: 1.0000 | Prediction Confidence: 1.00 | Class 0:0.9990 | Class 1:0.9993
Epoch [202/500] | Loss: 0.0008 |  Accuracy: 1.0000 | Prediction Confidence: 1.00 | Class 0:0.9990 | Class 1:0.9993
Epoch [203/500] | Loss: 0.0008 |  Accuracy: 1.0000 | Prediction Confidence: 1.00 | Class 0:0.9990 | Class 1:0.9993
Epoch [204/500] | Loss: 0.0008 |  Accuracy: 1.0000 | Prediction Confidence: 1.00 | Class 0:0.9990 | Class 1:0.9993
Epoch [205/500] | Loss: 0.0007 |  Accuracy: 1.0000 | Prediction Confidence: 1.00 | Class 0:0.9990 | Class 1:0.9993
Epoch [206/500] | Loss: 0.0007 |  Accuracy: 1.0000 | Prediction Confidence: 1.00 | Class 0:0.9990 | Class 1:0.9994
Epoch [207/500] | Loss: 0.0007 |  Accuracy: 1.0000 | Prediction Confidence: 1.00 | Class 0:0.9990 | Class 1:0.9994
Epoch [208/500] | Loss: 0.0007 |  Accuracy: 1.0000 | Prediction Confidence: 1.00 | Class 0:0.9990 | Class 1:0.9994
Epoch [209/500] | Loss: 0.0007 |  Accuracy: 1.0000 | Prediction Confidence: 1.00 | Class 0:0.9990 | Class 1:0.9994
Epoch [210/500] | Loss: 0.0007 |  Accuracy: 1.0000 | Prediction Confidence: 1.00 | Class 0:0.9991 | Class 1:0.9994
Epoch [211/500] | Loss: 0.0007 |  Accuracy: 1.0000 | Prediction Confidence: 1.00 | Class 0:0.9991 | Class 1:0.9994
Epoch [212/500] | Loss: 0.0007 |  Accuracy: 1.0000 | Prediction Confidence: 1.00 | Class 0:0.9991 | Class 1:0.9994
Epoch [213/500] | Loss: 0.0007 |  Accuracy: 1.0000 | Prediction Confidence: 1.00 | Class 0:0.9991 | Class 1:0.9994
Epoch [214/500] | Loss: 0.0007 |  Accuracy: 1.0000 | Prediction Confidence: 1.00 | Class 0:0.9991 | Class 1:0.9994
Epoch [215/500] | Loss: 0.0007 |  Accuracy: 1.0000 | Prediction Confidence: 1.00 | Class 0:0.9991 | Class 1:0.9994
Epoch [216/500] | Loss: 0.0007 |  Accuracy: 1.0000 | Prediction Confidence: 1.00 | Class 0:0.9991 | Class 1:0.9994
Epoch [217/500] | Loss: 0.0007 |  Accuracy: 1.0000 | Prediction Confidence: 1.00 | Class 0:0.9991 | Class 1:0.9994
Epoch [218/500] | Loss: 0.0007 |  Accuracy: 1.0000 | Prediction Confidence: 1.00 | Class 0:0.9991 | Class 1:0.9994
Epoch [219/500] | Loss: 0.0006 |  Accuracy: 1.0000 | Prediction Confidence: 1.00 | Class 0:0.9991 | Class 1:0.9994
Epoch [220/500] | Loss: 0.0006 |  Accuracy: 1.0000 | Prediction Confidence: 1.00 | Class 0:0.9991 | Class 1:0.9994
Epoch [221/500] | Loss: 0.0006 |  Accuracy: 1.0000 | Prediction Confidence: 1.00 | Class 0:0.9992 | Class 1:0.9994
Epoch [222/500] | Loss: 0.0006 |  Accuracy: 1.0000 | Prediction Confidence: 1.00 | Class 0:0.9992 | Class 1:0.9994
Epoch [223/500] | Loss: 0.0006 |  Accuracy: 1.0000 | Prediction Confidence: 1.00 | Class 0:0.9992 | Class 1:0.9995
Epoch [224/500] | Loss: 0.0006 |  Accuracy: 1.0000 | Prediction Confidence: 1.00 | Class 0:0.9992 | Class 1:0.9995
Epoch [225/500] | Loss: 0.0006 |  Accuracy: 1.0000 | Prediction Confidence: 1.00 | Class 0:0.9992 | Class 1:0.9995
Epoch [226/500] | Loss: 0.0006 |  Accuracy: 1.0000 | Prediction Confidence: 1.00 | Class 0:0.9992 | Class 1:0.9995
Epoch [227/500] | Loss: 0.0006 |  Accuracy: 1.0000 | Prediction Confidence: 1.00 | Class 0:0.9992 | Class 1:0.9995
Epoch [228/500] | Loss: 0.0006 |  Accuracy: 1.0000 | Prediction Confidence: 1.00 | Class 0:0.9992 | Class 1:0.9995
Epoch [229/500] | Loss: 0.0006 |  Accuracy: 1.0000 | Prediction Confidence: 1.00 | Class 0:0.9992 | Class 1:0.9995
Epoch [230/500] | Loss: 0.0006 |  Accuracy: 1.0000 | Prediction Confidence: 1.00 | Class 0:0.9992 | Class 1:0.9995
Epoch [231/500] | Loss: 0.0006 |  Accuracy: 1.0000 | Prediction Confidence: 1.00 | Class 0:0.9992 | Class 1:0.9995
Epoch [232/500] | Loss: 0.0006 |  Accuracy: 1.0000 | Prediction Confidence: 1.00 | Class 0:0.9992 | Class 1:0.9995
Epoch [233/500] | Loss: 0.0006 |  Accuracy: 1.0000 | Prediction Confidence: 1.00 | Class 0:0.9992 | Class 1:0.9995
Epoch [234/500] | Loss: 0.0006 |  Accuracy: 1.0000 | Prediction Confidence: 1.00 | Class 0:0.9993 | Class 1:0.9995
Epoch [235/500] | Loss: 0.0006 |  Accuracy: 1.0000 | Prediction Confidence: 1.00 | Class 0:0.9993 | Class 1:0.9995
Epoch [236/500] | Loss: 0.0006 |  Accuracy: 1.0000 | Prediction Confidence: 1.00 | Class 0:0.9993 | Class 1:0.9995
Epoch [237/500] | Loss: 0.0005 |  Accuracy: 1.0000 | Prediction Confidence: 1.00 | Class 0:0.9993 | Class 1:0.9995
Epoch [238/500] | Loss: 0.0005 |  Accuracy: 1.0000 | Prediction Confidence: 1.00 | Class 0:0.9993 | Class 1:0.9995
Epoch [239/500] | Loss: 0.0005 |  Accuracy: 1.0000 | Prediction Confidence: 1.00 | Class 0:0.9993 | Class 1:0.9995
Epoch [240/500] | Loss: 0.0005 |  Accuracy: 1.0000 | Prediction Confidence: 1.00 | Class 0:0.9993 | Class 1:0.9995
Epoch [241/500] | Loss: 0.0005 |  Accuracy: 1.0000 | Prediction Confidence: 1.00 | Class 0:0.9993 | Class 1:0.9995
Epoch [242/500] | Loss: 0.0005 |  Accuracy: 1.0000 | Prediction Confidence: 1.00 | Class 0:0.9993 | Class 1:0.9995
Epoch [243/500] | Loss: 0.0005 |  Accuracy: 1.0000 | Prediction Confidence: 1.00 | Class 0:0.9993 | Class 1:0.9995
Epoch [244/500] | Loss: 0.0005 |  Accuracy: 1.0000 | Prediction Confidence: 1.00 | Class 0:0.9993 | Class 1:0.9995
Epoch [245/500] | Loss: 0.0005 |  Accuracy: 1.0000 | Prediction Confidence: 1.00 | Class 0:0.9993 | Class 1:0.9996
Epoch [246/500] | Loss: 0.0005 |  Accuracy: 1.0000 | Prediction Confidence: 1.00 | Class 0:0.9993 | Class 1:0.9996
Epoch [247/500] | Loss: 0.0005 |  Accuracy: 1.0000 | Prediction Confidence: 1.00 | Class 0:0.9993 | Class 1:0.9996
Epoch [248/500] | Loss: 0.0005 |  Accuracy: 1.0000 | Prediction Confidence: 1.00 | Class 0:0.9993 | Class 1:0.9996
Epoch [249/500] | Loss: 0.0005 |  Accuracy: 1.0000 | Prediction Confidence: 1.00 | Class 0:0.9993 | Class 1:0.9996
Epoch [250/500] | Loss: 0.0005 |  Accuracy: 1.0000 | Prediction Confidence: 1.00 | Class 0:0.9994 | Class 1:0.9996
Epoch [251/500] | Loss: 0.0005 |  Accuracy: 1.0000 | Prediction Confidence: 1.00 | Class 0:0.9994 | Class 1:0.9996
Epoch [252/500] | Loss: 0.0005 |  Accuracy: 1.0000 | Prediction Confidence: 1.00 | Class 0:0.9994 | Class 1:0.9996
Epoch [253/500] | Loss: 0.0005 |  Accuracy: 1.0000 | Prediction Confidence: 1.00 | Class 0:0.9994 | Class 1:0.9996
Epoch [254/500] | Loss: 0.0005 |  Accuracy: 1.0000 | Prediction Confidence: 1.00 | Class 0:0.9994 | Class 1:0.9996
Epoch [255/500] | Loss: 0.0005 |  Accuracy: 1.0000 | Prediction Confidence: 1.00 | Class 0:0.9994 | Class 1:0.9996
Epoch [256/500] | Loss: 0.0005 |  Accuracy: 1.0000 | Prediction Confidence: 1.00 | Class 0:0.9994 | Class 1:0.9996
Epoch [257/500] | Loss: 0.0005 |  Accuracy: 1.0000 | Prediction Confidence: 1.00 | Class 0:0.9994 | Class 1:0.9996
Epoch [258/500] | Loss: 0.0005 |  Accuracy: 1.0000 | Prediction Confidence: 1.00 | Class 0:0.9994 | Class 1:0.9996
Epoch [259/500] | Loss: 0.0004 |  Accuracy: 1.0000 | Prediction Confidence: 1.00 | Class 0:0.9994 | Class 1:0.9996
Epoch [260/500] | Loss: 0.0004 |  Accuracy: 1.0000 | Prediction Confidence: 1.00 | Class 0:0.9994 | Class 1:0.9996
Epoch [261/500] | Loss: 0.0004 |  Accuracy: 1.0000 | Prediction Confidence: 1.00 | Class 0:0.9994 | Class 1:0.9996
Epoch [262/500] | Loss: 0.0004 |  Accuracy: 1.0000 | Prediction Confidence: 1.00 | Class 0:0.9994 | Class 1:0.9996
Epoch [263/500] | Loss: 0.0004 |  Accuracy: 1.0000 | Prediction Confidence: 1.00 | Class 0:0.9994 | Class 1:0.9996
Epoch [264/500] | Loss: 0.0004 |  Accuracy: 1.0000 | Prediction Confidence: 1.00 | Class 0:0.9994 | Class 1:0.9996
Epoch [265/500] | Loss: 0.0004 |  Accuracy: 1.0000 | Prediction Confidence: 1.00 | Class 0:0.9994 | Class 1:0.9996
Epoch [266/500] | Loss: 0.0004 |  Accuracy: 1.0000 | Prediction Confidence: 1.00 | Class 0:0.9994 | Class 1:0.9996
Epoch [267/500] | Loss: 0.0004 |  Accuracy: 1.0000 | Prediction Confidence: 1.00 | Class 0:0.9994 | Class 1:0.9996
Epoch [268/500] | Loss: 0.0004 |  Accuracy: 1.0000 | Prediction Confidence: 1.00 | Class 0:0.9994 | Class 1:0.9996
Epoch [269/500] | Loss: 0.0004 |  Accuracy: 1.0000 | Prediction Confidence: 1.00 | Class 0:0.9995 | Class 1:0.9996
Epoch [270/500] | Loss: 0.0004 |  Accuracy: 1.0000 | Prediction Confidence: 1.00 | Class 0:0.9995 | Class 1:0.9996
Epoch [271/500] | Loss: 0.0004 |  Accuracy: 1.0000 | Prediction Confidence: 1.00 | Class 0:0.9995 | Class 1:0.9996
Epoch [272/500] | Loss: 0.0004 |  Accuracy: 1.0000 | Prediction Confidence: 1.00 | Class 0:0.9995 | Class 1:0.9996
Epoch [273/500] | Loss: 0.0004 |  Accuracy: 1.0000 | Prediction Confidence: 1.00 | Class 0:0.9995 | Class 1:0.9996
Epoch [274/500] | Loss: 0.0004 |  Accuracy: 1.0000 | Prediction Confidence: 1.00 | Class 0:0.9995 | Class 1:0.9996
Epoch [275/500] | Loss: 0.0004 |  Accuracy: 1.0000 | Prediction Confidence: 1.00 | Class 0:0.9995 | Class 1:0.9997
Epoch [276/500] | Loss: 0.0004 |  Accuracy: 1.0000 | Prediction Confidence: 1.00 | Class 0:0.9995 | Class 1:0.9997
Epoch [277/500] | Loss: 0.0004 |  Accuracy: 1.0000 | Prediction Confidence: 1.00 | Class 0:0.9995 | Class 1:0.9997
Epoch [278/500] | Loss: 0.0004 |  Accuracy: 1.0000 | Prediction Confidence: 1.00 | Class 0:0.9995 | Class 1:0.9997
Epoch [279/500] | Loss: 0.0004 |  Accuracy: 1.0000 | Prediction Confidence: 1.00 | Class 0:0.9995 | Class 1:0.9997
Epoch [280/500] | Loss: 0.0004 |  Accuracy: 1.0000 | Prediction Confidence: 1.00 | Class 0:0.9995 | Class 1:0.9997
Epoch [281/500] | Loss: 0.0004 |  Accuracy: 1.0000 | Prediction Confidence: 1.00 | Class 0:0.9995 | Class 1:0.9997
Epoch [282/500] | Loss: 0.0004 |  Accuracy: 1.0000 | Prediction Confidence: 1.00 | Class 0:0.9995 | Class 1:0.9997
Epoch [283/500] | Loss: 0.0004 |  Accuracy: 1.0000 | Prediction Confidence: 1.00 | Class 0:0.9995 | Class 1:0.9997
Epoch [284/500] | Loss: 0.0004 |  Accuracy: 1.0000 | Prediction Confidence: 1.00 | Class 0:0.9995 | Class 1:0.9997
Epoch [285/500] | Loss: 0.0004 |  Accuracy: 1.0000 | Prediction Confidence: 1.00 | Class 0:0.9995 | Class 1:0.9997
Epoch [286/500] | Loss: 0.0004 |  Accuracy: 1.0000 | Prediction Confidence: 1.00 | Class 0:0.9995 | Class 1:0.9997
Epoch [287/500] | Loss: 0.0004 |  Accuracy: 1.0000 | Prediction Confidence: 1.00 | Class 0:0.9995 | Class 1:0.9997
Epoch [288/500] | Loss: 0.0004 |  Accuracy: 1.0000 | Prediction Confidence: 1.00 | Class 0:0.9995 | Class 1:0.9997
Epoch [289/500] | Loss: 0.0004 |  Accuracy: 1.0000 | Prediction Confidence: 1.00 | Class 0:0.9995 | Class 1:0.9997
Epoch [290/500] | Loss: 0.0003 |  Accuracy: 1.0000 | Prediction Confidence: 1.00 | Class 0:0.9995 | Class 1:0.9997
Epoch [291/500] | Loss: 0.0003 |  Accuracy: 1.0000 | Prediction Confidence: 1.00 | Class 0:0.9995 | Class 1:0.9997
Epoch [292/500] | Loss: 0.0003 |  Accuracy: 1.0000 | Prediction Confidence: 1.00 | Class 0:0.9995 | Class 1:0.9997
Epoch [293/500] | Loss: 0.0003 |  Accuracy: 1.0000 | Prediction Confidence: 1.00 | Class 0:0.9995 | Class 1:0.9997
Epoch [294/500] | Loss: 0.0003 |  Accuracy: 1.0000 | Prediction Confidence: 1.00 | Class 0:0.9996 | Class 1:0.9997
Epoch [295/500] | Loss: 0.0003 |  Accuracy: 1.0000 | Prediction Confidence: 1.00 | Class 0:0.9996 | Class 1:0.9997
Epoch [296/500] | Loss: 0.0003 |  Accuracy: 1.0000 | Prediction Confidence: 1.00 | Class 0:0.9996 | Class 1:0.9997
Epoch [297/500] | Loss: 0.0003 |  Accuracy: 1.0000 | Prediction Confidence: 1.00 | Class 0:0.9996 | Class 1:0.9997
Epoch [298/500] | Loss: 0.0003 |  Accuracy: 1.0000 | Prediction Confidence: 1.00 | Class 0:0.9996 | Class 1:0.9997
Epoch [299/500] | Loss: 0.0003 |  Accuracy: 1.0000 | Prediction Confidence: 1.00 | Class 0:0.9996 | Class 1:0.9997
Epoch [300/500] | Loss: 0.0003 |  Accuracy: 1.0000 | Prediction Confidence: 1.00 | Class 0:0.9996 | Class 1:0.9997
Epoch [301/500] | Loss: 0.0003 |  Accuracy: 1.0000 | Prediction Confidence: 1.00 | Class 0:0.9996 | Class 1:0.9997
Epoch [302/500] | Loss: 0.0003 |  Accuracy: 1.0000 | Prediction Confidence: 1.00 | Class 0:0.9996 | Class 1:0.9997
Epoch [303/500] | Loss: 0.0003 |  Accuracy: 1.0000 | Prediction Confidence: 1.00 | Class 0:0.9996 | Class 1:0.9997
Epoch [304/500] | Loss: 0.0003 |  Accuracy: 1.0000 | Prediction Confidence: 1.00 | Class 0:0.9996 | Class 1:0.9997
Epoch [305/500] | Loss: 0.0003 |  Accuracy: 1.0000 | Prediction Confidence: 1.00 | Class 0:0.9996 | Class 1:0.9997
Epoch [306/500] | Loss: 0.0003 |  Accuracy: 1.0000 | Prediction Confidence: 1.00 | Class 0:0.9996 | Class 1:0.9997
Epoch [307/500] | Loss: 0.0003 |  Accuracy: 1.0000 | Prediction Confidence: 1.00 | Class 0:0.9996 | Class 1:0.9997
Epoch [308/500] | Loss: 0.0003 |  Accuracy: 1.0000 | Prediction Confidence: 1.00 | Class 0:0.9996 | Class 1:0.9997
Epoch [309/500] | Loss: 0.0003 |  Accuracy: 1.0000 | Prediction Confidence: 1.00 | Class 0:0.9996 | Class 1:0.9997
Epoch [310/500] | Loss: 0.0003 |  Accuracy: 1.0000 | Prediction Confidence: 1.00 | Class 0:0.9996 | Class 1:0.9997
Epoch [311/500] | Loss: 0.0003 |  Accuracy: 1.0000 | Prediction Confidence: 1.00 | Class 0:0.9996 | Class 1:0.9997
Epoch [312/500] | Loss: 0.0003 |  Accuracy: 1.0000 | Prediction Confidence: 1.00 | Class 0:0.9996 | Class 1:0.9997
Epoch [313/500] | Loss: 0.0003 |  Accuracy: 1.0000 | Prediction Confidence: 1.00 | Class 0:0.9996 | Class 1:0.9997
Epoch [314/500] | Loss: 0.0003 |  Accuracy: 1.0000 | Prediction Confidence: 1.00 | Class 0:0.9996 | Class 1:0.9997
Epoch [315/500] | Loss: 0.0003 |  Accuracy: 1.0000 | Prediction Confidence: 1.00 | Class 0:0.9996 | Class 1:0.9997
Epoch [316/500] | Loss: 0.0003 |  Accuracy: 1.0000 | Prediction Confidence: 1.00 | Class 0:0.9996 | Class 1:0.9997
Epoch [317/500] | Loss: 0.0003 |  Accuracy: 1.0000 | Prediction Confidence: 1.00 | Class 0:0.9996 | Class 1:0.9997
Epoch [318/500] | Loss: 0.0003 |  Accuracy: 1.0000 | Prediction Confidence: 1.00 | Class 0:0.9996 | Class 1:0.9997
Epoch [319/500] | Loss: 0.0003 |  Accuracy: 1.0000 | Prediction Confidence: 1.00 | Class 0:0.9996 | Class 1:0.9997
Epoch [320/500] | Loss: 0.0003 |  Accuracy: 1.0000 | Prediction Confidence: 1.00 | Class 0:0.9996 | Class 1:0.9998
Epoch [321/500] | Loss: 0.0003 |  Accuracy: 1.0000 | Prediction Confidence: 1.00 | Class 0:0.9996 | Class 1:0.9998
Epoch [322/500] | Loss: 0.0003 |  Accuracy: 1.0000 | Prediction Confidence: 1.00 | Class 0:0.9996 | Class 1:0.9998
Epoch [323/500] | Loss: 0.0003 |  Accuracy: 1.0000 | Prediction Confidence: 1.00 | Class 0:0.9996 | Class 1:0.9998
Epoch [324/500] | Loss: 0.0003 |  Accuracy: 1.0000 | Prediction Confidence: 1.00 | Class 0:0.9996 | Class 1:0.9998
Epoch [325/500] | Loss: 0.0003 |  Accuracy: 1.0000 | Prediction Confidence: 1.00 | Class 0:0.9996 | Class 1:0.9998
Epoch [326/500] | Loss: 0.0003 |  Accuracy: 1.0000 | Prediction Confidence: 1.00 | Class 0:0.9996 | Class 1:0.9998
Epoch [327/500] | Loss: 0.0003 |  Accuracy: 1.0000 | Prediction Confidence: 1.00 | Class 0:0.9997 | Class 1:0.9998
Epoch [328/500] | Loss: 0.0003 |  Accuracy: 1.0000 | Prediction Confidence: 1.00 | Class 0:0.9997 | Class 1:0.9998
Epoch [329/500] | Loss: 0.0003 |  Accuracy: 1.0000 | Prediction Confidence: 1.00 | Class 0:0.9997 | Class 1:0.9998
Epoch [330/500] | Loss: 0.0003 |  Accuracy: 1.0000 | Prediction Confidence: 1.00 | Class 0:0.9997 | Class 1:0.9998
Epoch [331/500] | Loss: 0.0003 |  Accuracy: 1.0000 | Prediction Confidence: 1.00 | Class 0:0.9997 | Class 1:0.9998
Epoch [332/500] | Loss: 0.0003 |  Accuracy: 1.0000 | Prediction Confidence: 1.00 | Class 0:0.9997 | Class 1:0.9998
Epoch [333/500] | Loss: 0.0003 |  Accuracy: 1.0000 | Prediction Confidence: 1.00 | Class 0:0.9997 | Class 1:0.9998
Epoch [334/500] | Loss: 0.0003 |  Accuracy: 1.0000 | Prediction Confidence: 1.00 | Class 0:0.9997 | Class 1:0.9998
Epoch [335/500] | Loss: 0.0003 |  Accuracy: 1.0000 | Prediction Confidence: 1.00 | Class 0:0.9997 | Class 1:0.9998
Epoch [336/500] | Loss: 0.0002 |  Accuracy: 1.0000 | Prediction Confidence: 1.00 | Class 0:0.9997 | Class 1:0.9998
Epoch [337/500] | Loss: 0.0002 |  Accuracy: 1.0000 | Prediction Confidence: 1.00 | Class 0:0.9997 | Class 1:0.9998
Epoch [338/500] | Loss: 0.0002 |  Accuracy: 1.0000 | Prediction Confidence: 1.00 | Class 0:0.9997 | Class 1:0.9998
Epoch [339/500] | Loss: 0.0002 |  Accuracy: 1.0000 | Prediction Confidence: 1.00 | Class 0:0.9997 | Class 1:0.9998
Epoch [340/500] | Loss: 0.0002 |  Accuracy: 1.0000 | Prediction Confidence: 1.00 | Class 0:0.9997 | Class 1:0.9998
Epoch [341/500] | Loss: 0.0002 |  Accuracy: 1.0000 | Prediction Confidence: 1.00 | Class 0:0.9997 | Class 1:0.9998
Epoch [342/500] | Loss: 0.0002 |  Accuracy: 1.0000 | Prediction Confidence: 1.00 | Class 0:0.9997 | Class 1:0.9998
Epoch [343/500] | Loss: 0.0002 |  Accuracy: 1.0000 | Prediction Confidence: 1.00 | Class 0:0.9997 | Class 1:0.9998
Epoch [344/500] | Loss: 0.0002 |  Accuracy: 1.0000 | Prediction Confidence: 1.00 | Class 0:0.9997 | Class 1:0.9998
Epoch [345/500] | Loss: 0.0002 |  Accuracy: 1.0000 | Prediction Confidence: 1.00 | Class 0:0.9997 | Class 1:0.9998
Epoch [346/500] | Loss: 0.0002 |  Accuracy: 1.0000 | Prediction Confidence: 1.00 | Class 0:0.9997 | Class 1:0.9998
Epoch [347/500] | Loss: 0.0002 |  Accuracy: 1.0000 | Prediction Confidence: 1.00 | Class 0:0.9997 | Class 1:0.9998
Epoch [348/500] | Loss: 0.0002 |  Accuracy: 1.0000 | Prediction Confidence: 1.00 | Class 0:0.9997 | Class 1:0.9998
Epoch [349/500] | Loss: 0.0002 |  Accuracy: 1.0000 | Prediction Confidence: 1.00 | Class 0:0.9997 | Class 1:0.9998
Epoch [350/500] | Loss: 0.0002 |  Accuracy: 1.0000 | Prediction Confidence: 1.00 | Class 0:0.9997 | Class 1:0.9998
Epoch [351/500] | Loss: 0.0002 |  Accuracy: 1.0000 | Prediction Confidence: 1.00 | Class 0:0.9997 | Class 1:0.9998
Epoch [352/500] | Loss: 0.0002 |  Accuracy: 1.0000 | Prediction Confidence: 1.00 | Class 0:0.9997 | Class 1:0.9998
Epoch [353/500] | Loss: 0.0002 |  Accuracy: 1.0000 | Prediction Confidence: 1.00 | Class 0:0.9997 | Class 1:0.9998
Epoch [354/500] | Loss: 0.0002 |  Accuracy: 1.0000 | Prediction Confidence: 1.00 | Class 0:0.9997 | Class 1:0.9998
Epoch [355/500] | Loss: 0.0002 |  Accuracy: 1.0000 | Prediction Confidence: 1.00 | Class 0:0.9997 | Class 1:0.9998
Epoch [356/500] | Loss: 0.0002 |  Accuracy: 1.0000 | Prediction Confidence: 1.00 | Class 0:0.9997 | Class 1:0.9998
Epoch [357/500] | Loss: 0.0002 |  Accuracy: 1.0000 | Prediction Confidence: 1.00 | Class 0:0.9997 | Class 1:0.9998
Epoch [358/500] | Loss: 0.0002 |  Accuracy: 1.0000 | Prediction Confidence: 1.00 | Class 0:0.9997 | Class 1:0.9998
Epoch [359/500] | Loss: 0.0002 |  Accuracy: 1.0000 | Prediction Confidence: 1.00 | Class 0:0.9997 | Class 1:0.9998
Epoch [360/500] | Loss: 0.0002 |  Accuracy: 1.0000 | Prediction Confidence: 1.00 | Class 0:0.9997 | Class 1:0.9998
Epoch [361/500] | Loss: 0.0002 |  Accuracy: 1.0000 | Prediction Confidence: 1.00 | Class 0:0.9997 | Class 1:0.9998
Epoch [362/500] | Loss: 0.0002 |  Accuracy: 1.0000 | Prediction Confidence: 1.00 | Class 0:0.9997 | Class 1:0.9998
Epoch [363/500] | Loss: 0.0002 |  Accuracy: 1.0000 | Prediction Confidence: 1.00 | Class 0:0.9997 | Class 1:0.9998
Epoch [364/500] | Loss: 0.0002 |  Accuracy: 1.0000 | Prediction Confidence: 1.00 | Class 0:0.9997 | Class 1:0.9998
Epoch [365/500] | Loss: 0.0002 |  Accuracy: 1.0000 | Prediction Confidence: 1.00 | Class 0:0.9997 | Class 1:0.9998
Epoch [366/500] | Loss: 0.0002 |  Accuracy: 1.0000 | Prediction Confidence: 1.00 | Class 0:0.9997 | Class 1:0.9998
Epoch [367/500] | Loss: 0.0002 |  Accuracy: 1.0000 | Prediction Confidence: 1.00 | Class 0:0.9997 | Class 1:0.9998
Epoch [368/500] | Loss: 0.0002 |  Accuracy: 1.0000 | Prediction Confidence: 1.00 | Class 0:0.9997 | Class 1:0.9998
Epoch [369/500] | Loss: 0.0002 |  Accuracy: 1.0000 | Prediction Confidence: 1.00 | Class 0:0.9997 | Class 1:0.9998
Epoch [370/500] | Loss: 0.0002 |  Accuracy: 1.0000 | Prediction Confidence: 1.00 | Class 0:0.9997 | Class 1:0.9998
Epoch [371/500] | Loss: 0.0002 |  Accuracy: 1.0000 | Prediction Confidence: 1.00 | Class 0:0.9997 | Class 1:0.9998
Epoch [372/500] | Loss: 0.0002 |  Accuracy: 1.0000 | Prediction Confidence: 1.00 | Class 0:0.9997 | Class 1:0.9998
Epoch [373/500] | Loss: 0.0002 |  Accuracy: 1.0000 | Prediction Confidence: 1.00 | Class 0:0.9997 | Class 1:0.9998
Epoch [374/500] | Loss: 0.0002 |  Accuracy: 1.0000 | Prediction Confidence: 1.00 | Class 0:0.9997 | Class 1:0.9998
Epoch [375/500] | Loss: 0.0002 |  Accuracy: 1.0000 | Prediction Confidence: 1.00 | Class 0:0.9998 | Class 1:0.9998
Epoch [376/500] | Loss: 0.0002 |  Accuracy: 1.0000 | Prediction Confidence: 1.00 | Class 0:0.9998 | Class 1:0.9998
Epoch [377/500] | Loss: 0.0002 |  Accuracy: 1.0000 | Prediction Confidence: 1.00 | Class 0:0.9998 | Class 1:0.9998
Epoch [378/500] | Loss: 0.0002 |  Accuracy: 1.0000 | Prediction Confidence: 1.00 | Class 0:0.9998 | Class 1:0.9998
Epoch [379/500] | Loss: 0.0002 |  Accuracy: 1.0000 | Prediction Confidence: 1.00 | Class 0:0.9998 | Class 1:0.9998
Epoch [380/500] | Loss: 0.0002 |  Accuracy: 1.0000 | Prediction Confidence: 1.00 | Class 0:0.9998 | Class 1:0.9998
Epoch [381/500] | Loss: 0.0002 |  Accuracy: 1.0000 | Prediction Confidence: 1.00 | Class 0:0.9998 | Class 1:0.9998
Epoch [382/500] | Loss: 0.0002 |  Accuracy: 1.0000 | Prediction Confidence: 1.00 | Class 0:0.9998 | Class 1:0.9998
Epoch [383/500] | Loss: 0.0002 |  Accuracy: 1.0000 | Prediction Confidence: 1.00 | Class 0:0.9998 | Class 1:0.9998
Epoch [384/500] | Loss: 0.0002 |  Accuracy: 1.0000 | Prediction Confidence: 1.00 | Class 0:0.9998 | Class 1:0.9998
Epoch [385/500] | Loss: 0.0002 |  Accuracy: 1.0000 | Prediction Confidence: 1.00 | Class 0:0.9998 | Class 1:0.9998
Epoch [386/500] | Loss: 0.0002 |  Accuracy: 1.0000 | Prediction Confidence: 1.00 | Class 0:0.9998 | Class 1:0.9998
Epoch [387/500] | Loss: 0.0002 |  Accuracy: 1.0000 | Prediction Confidence: 1.00 | Class 0:0.9998 | Class 1:0.9998
Epoch [388/500] | Loss: 0.0002 |  Accuracy: 1.0000 | Prediction Confidence: 1.00 | Class 0:0.9998 | Class 1:0.9998
Epoch [389/500] | Loss: 0.0002 |  Accuracy: 1.0000 | Prediction Confidence: 1.00 | Class 0:0.9998 | Class 1:0.9998
Epoch [390/500] | Loss: 0.0002 |  Accuracy: 1.0000 | Prediction Confidence: 1.00 | Class 0:0.9998 | Class 1:0.9998
Epoch [391/500] | Loss: 0.0002 |  Accuracy: 1.0000 | Prediction Confidence: 1.00 | Class 0:0.9998 | Class 1:0.9998
Epoch [392/500] | Loss: 0.0002 |  Accuracy: 1.0000 | Prediction Confidence: 1.00 | Class 0:0.9998 | Class 1:0.9998
Epoch [393/500] | Loss: 0.0002 |  Accuracy: 1.0000 | Prediction Confidence: 1.00 | Class 0:0.9998 | Class 1:0.9998
Epoch [394/500] | Loss: 0.0002 |  Accuracy: 1.0000 | Prediction Confidence: 1.00 | Class 0:0.9998 | Class 1:0.9998
Epoch [395/500] | Loss: 0.0002 |  Accuracy: 1.0000 | Prediction Confidence: 1.00 | Class 0:0.9998 | Class 1:0.9999
Epoch [396/500] | Loss: 0.0002 |  Accuracy: 1.0000 | Prediction Confidence: 1.00 | Class 0:0.9998 | Class 1:0.9999
Epoch [397/500] | Loss: 0.0002 |  Accuracy: 1.0000 | Prediction Confidence: 1.00 | Class 0:0.9998 | Class 1:0.9999
Epoch [398/500] | Loss: 0.0002 |  Accuracy: 1.0000 | Prediction Confidence: 1.00 | Class 0:0.9998 | Class 1:0.9999
Epoch [399/500] | Loss: 0.0002 |  Accuracy: 1.0000 | Prediction Confidence: 1.00 | Class 0:0.9998 | Class 1:0.9999
Epoch [400/500] | Loss: 0.0002 |  Accuracy: 1.0000 | Prediction Confidence: 1.00 | Class 0:0.9998 | Class 1:0.9999
Epoch [401/500] | Loss: 0.0002 |  Accuracy: 1.0000 | Prediction Confidence: 1.00 | Class 0:0.9998 | Class 1:0.9999
Epoch [402/500] | Loss: 0.0002 |  Accuracy: 1.0000 | Prediction Confidence: 1.00 | Class 0:0.9998 | Class 1:0.9999
Epoch [403/500] | Loss: 0.0002 |  Accuracy: 1.0000 | Prediction Confidence: 1.00 | Class 0:0.9998 | Class 1:0.9999
Epoch [404/500] | Loss: 0.0002 |  Accuracy: 1.0000 | Prediction Confidence: 1.00 | Class 0:0.9998 | Class 1:0.9999
Epoch [405/500] | Loss: 0.0002 |  Accuracy: 1.0000 | Prediction Confidence: 1.00 | Class 0:0.9998 | Class 1:0.9999
Epoch [406/500] | Loss: 0.0002 |  Accuracy: 1.0000 | Prediction Confidence: 1.00 | Class 0:0.9998 | Class 1:0.9999
Epoch [407/500] | Loss: 0.0002 |  Accuracy: 1.0000 | Prediction Confidence: 1.00 | Class 0:0.9998 | Class 1:0.9999
Epoch [408/500] | Loss: 0.0002 |  Accuracy: 1.0000 | Prediction Confidence: 1.00 | Class 0:0.9998 | Class 1:0.9999
Epoch [409/500] | Loss: 0.0002 |  Accuracy: 1.0000 | Prediction Confidence: 1.00 | Class 0:0.9998 | Class 1:0.9999
Epoch [410/500] | Loss: 0.0002 |  Accuracy: 1.0000 | Prediction Confidence: 1.00 | Class 0:0.9998 | Class 1:0.9999
Epoch [411/500] | Loss: 0.0002 |  Accuracy: 1.0000 | Prediction Confidence: 1.00 | Class 0:0.9998 | Class 1:0.9999
Epoch [412/500] | Loss: 0.0002 |  Accuracy: 1.0000 | Prediction Confidence: 1.00 | Class 0:0.9998 | Class 1:0.9999
Epoch [413/500] | Loss: 0.0001 |  Accuracy: 1.0000 | Prediction Confidence: 1.00 | Class 0:0.9998 | Class 1:0.9999
Epoch [414/500] | Loss: 0.0001 |  Accuracy: 1.0000 | Prediction Confidence: 1.00 | Class 0:0.9998 | Class 1:0.9999
Epoch [415/500] | Loss: 0.0001 |  Accuracy: 1.0000 | Prediction Confidence: 1.00 | Class 0:0.9998 | Class 1:0.9999
Epoch [416/500] | Loss: 0.0001 |  Accuracy: 1.0000 | Prediction Confidence: 1.00 | Class 0:0.9998 | Class 1:0.9999
Epoch [417/500] | Loss: 0.0001 |  Accuracy: 1.0000 | Prediction Confidence: 1.00 | Class 0:0.9998 | Class 1:0.9999
Epoch [418/500] | Loss: 0.0001 |  Accuracy: 1.0000 | Prediction Confidence: 1.00 | Class 0:0.9998 | Class 1:0.9999
Epoch [419/500] | Loss: 0.0001 |  Accuracy: 1.0000 | Prediction Confidence: 1.00 | Class 0:0.9998 | Class 1:0.9999
Epoch [420/500] | Loss: 0.0001 |  Accuracy: 1.0000 | Prediction Confidence: 1.00 | Class 0:0.9998 | Class 1:0.9999
Epoch [421/500] | Loss: 0.0001 |  Accuracy: 1.0000 | Prediction Confidence: 1.00 | Class 0:0.9998 | Class 1:0.9999
Epoch [422/500] | Loss: 0.0001 |  Accuracy: 1.0000 | Prediction Confidence: 1.00 | Class 0:0.9998 | Class 1:0.9999
Epoch [423/500] | Loss: 0.0001 |  Accuracy: 1.0000 | Prediction Confidence: 1.00 | Class 0:0.9998 | Class 1:0.9999
Epoch [424/500] | Loss: 0.0001 |  Accuracy: 1.0000 | Prediction Confidence: 1.00 | Class 0:0.9998 | Class 1:0.9999
Epoch [425/500] | Loss: 0.0001 |  Accuracy: 1.0000 | Prediction Confidence: 1.00 | Class 0:0.9998 | Class 1:0.9999
Epoch [426/500] | Loss: 0.0001 |  Accuracy: 1.0000 | Prediction Confidence: 1.00 | Class 0:0.9998 | Class 1:0.9999
Epoch [427/500] | Loss: 0.0001 |  Accuracy: 1.0000 | Prediction Confidence: 1.00 | Class 0:0.9998 | Class 1:0.9999
Epoch [428/500] | Loss: 0.0001 |  Accuracy: 1.0000 | Prediction Confidence: 1.00 | Class 0:0.9998 | Class 1:0.9999
Epoch [429/500] | Loss: 0.0001 |  Accuracy: 1.0000 | Prediction Confidence: 1.00 | Class 0:0.9998 | Class 1:0.9999
Epoch [430/500] | Loss: 0.0001 |  Accuracy: 1.0000 | Prediction Confidence: 1.00 | Class 0:0.9998 | Class 1:0.9999
Epoch [431/500] | Loss: 0.0001 |  Accuracy: 1.0000 | Prediction Confidence: 1.00 | Class 0:0.9998 | Class 1:0.9999
Epoch [432/500] | Loss: 0.0001 |  Accuracy: 1.0000 | Prediction Confidence: 1.00 | Class 0:0.9998 | Class 1:0.9999
Epoch [433/500] | Loss: 0.0001 |  Accuracy: 1.0000 | Prediction Confidence: 1.00 | Class 0:0.9998 | Class 1:0.9999
Epoch [434/500] | Loss: 0.0001 |  Accuracy: 1.0000 | Prediction Confidence: 1.00 | Class 0:0.9998 | Class 1:0.9999
Epoch [435/500] | Loss: 0.0001 |  Accuracy: 1.0000 | Prediction Confidence: 1.00 | Class 0:0.9998 | Class 1:0.9999
Epoch [436/500] | Loss: 0.0001 |  Accuracy: 1.0000 | Prediction Confidence: 1.00 | Class 0:0.9998 | Class 1:0.9999
Epoch [437/500] | Loss: 0.0001 |  Accuracy: 1.0000 | Prediction Confidence: 1.00 | Class 0:0.9998 | Class 1:0.9999
Epoch [438/500] | Loss: 0.0001 |  Accuracy: 1.0000 | Prediction Confidence: 1.00 | Class 0:0.9998 | Class 1:0.9999
Epoch [439/500] | Loss: 0.0001 |  Accuracy: 1.0000 | Prediction Confidence: 1.00 | Class 0:0.9998 | Class 1:0.9999
Epoch [440/500] | Loss: 0.0001 |  Accuracy: 1.0000 | Prediction Confidence: 1.00 | Class 0:0.9998 | Class 1:0.9999
Epoch [441/500] | Loss: 0.0001 |  Accuracy: 1.0000 | Prediction Confidence: 1.00 | Class 0:0.9998 | Class 1:0.9999
Epoch [442/500] | Loss: 0.0001 |  Accuracy: 1.0000 | Prediction Confidence: 1.00 | Class 0:0.9998 | Class 1:0.9999
Epoch [443/500] | Loss: 0.0001 |  Accuracy: 1.0000 | Prediction Confidence: 1.00 | Class 0:0.9998 | Class 1:0.9999
Epoch [444/500] | Loss: 0.0001 |  Accuracy: 1.0000 | Prediction Confidence: 1.00 | Class 0:0.9998 | Class 1:0.9999
Epoch [445/500] | Loss: 0.0001 |  Accuracy: 1.0000 | Prediction Confidence: 1.00 | Class 0:0.9998 | Class 1:0.9999
Epoch [446/500] | Loss: 0.0001 |  Accuracy: 1.0000 | Prediction Confidence: 1.00 | Class 0:0.9998 | Class 1:0.9999
Epoch [447/500] | Loss: 0.0001 |  Accuracy: 1.0000 | Prediction Confidence: 1.00 | Class 0:0.9998 | Class 1:0.9999
Epoch [448/500] | Loss: 0.0001 |  Accuracy: 1.0000 | Prediction Confidence: 1.00 | Class 0:0.9998 | Class 1:0.9999
Epoch [449/500] | Loss: 0.0001 |  Accuracy: 1.0000 | Prediction Confidence: 1.00 | Class 0:0.9998 | Class 1:0.9999
Epoch [450/500] | Loss: 0.0001 |  Accuracy: 1.0000 | Prediction Confidence: 1.00 | Class 0:0.9998 | Class 1:0.9999
Epoch [451/500] | Loss: 0.0001 |  Accuracy: 1.0000 | Prediction Confidence: 1.00 | Class 0:0.9998 | Class 1:0.9999
Epoch [452/500] | Loss: 0.0001 |  Accuracy: 1.0000 | Prediction Confidence: 1.00 | Class 0:0.9998 | Class 1:0.9999
Epoch [453/500] | Loss: 0.0001 |  Accuracy: 1.0000 | Prediction Confidence: 1.00 | Class 0:0.9998 | Class 1:0.9999
Epoch [454/500] | Loss: 0.0001 |  Accuracy: 1.0000 | Prediction Confidence: 1.00 | Class 0:0.9998 | Class 1:0.9999
Epoch [455/500] | Loss: 0.0001 |  Accuracy: 1.0000 | Prediction Confidence: 1.00 | Class 0:0.9998 | Class 1:0.9999
Epoch [456/500] | Loss: 0.0001 |  Accuracy: 1.0000 | Prediction Confidence: 1.00 | Class 0:0.9999 | Class 1:0.9999
Epoch [457/500] | Loss: 0.0001 |  Accuracy: 1.0000 | Prediction Confidence: 1.00 | Class 0:0.9999 | Class 1:0.9999
Epoch [458/500] | Loss: 0.0001 |  Accuracy: 1.0000 | Prediction Confidence: 1.00 | Class 0:0.9999 | Class 1:0.9999
Epoch [459/500] | Loss: 0.0001 |  Accuracy: 1.0000 | Prediction Confidence: 1.00 | Class 0:0.9999 | Class 1:0.9999
Epoch [460/500] | Loss: 0.0001 |  Accuracy: 1.0000 | Prediction Confidence: 1.00 | Class 0:0.9999 | Class 1:0.9999
Epoch [461/500] | Loss: 0.0001 |  Accuracy: 1.0000 | Prediction Confidence: 1.00 | Class 0:0.9999 | Class 1:0.9999
Epoch [462/500] | Loss: 0.0001 |  Accuracy: 1.0000 | Prediction Confidence: 1.00 | Class 0:0.9999 | Class 1:0.9999
Epoch [463/500] | Loss: 0.0001 |  Accuracy: 1.0000 | Prediction Confidence: 1.00 | Class 0:0.9999 | Class 1:0.9999
Epoch [464/500] | Loss: 0.0001 |  Accuracy: 1.0000 | Prediction Confidence: 1.00 | Class 0:0.9999 | Class 1:0.9999
Epoch [465/500] | Loss: 0.0001 |  Accuracy: 1.0000 | Prediction Confidence: 1.00 | Class 0:0.9999 | Class 1:0.9999
Epoch [466/500] | Loss: 0.0001 |  Accuracy: 1.0000 | Prediction Confidence: 1.00 | Class 0:0.9999 | Class 1:0.9999
Epoch [467/500] | Loss: 0.0001 |  Accuracy: 1.0000 | Prediction Confidence: 1.00 | Class 0:0.9999 | Class 1:0.9999
Epoch [468/500] | Loss: 0.0001 |  Accuracy: 1.0000 | Prediction Confidence: 1.00 | Class 0:0.9999 | Class 1:0.9999
Epoch [469/500] | Loss: 0.0001 |  Accuracy: 1.0000 | Prediction Confidence: 1.00 | Class 0:0.9999 | Class 1:0.9999
Epoch [470/500] | Loss: 0.0001 |  Accuracy: 1.0000 | Prediction Confidence: 1.00 | Class 0:0.9999 | Class 1:0.9999
Epoch [471/500] | Loss: 0.0001 |  Accuracy: 1.0000 | Prediction Confidence: 1.00 | Class 0:0.9999 | Class 1:0.9999
Epoch [472/500] | Loss: 0.0001 |  Accuracy: 1.0000 | Prediction Confidence: 1.00 | Class 0:0.9999 | Class 1:0.9999
Epoch [473/500] | Loss: 0.0001 |  Accuracy: 1.0000 | Prediction Confidence: 1.00 | Class 0:0.9999 | Class 1:0.9999
Epoch [474/500] | Loss: 0.0001 |  Accuracy: 1.0000 | Prediction Confidence: 1.00 | Class 0:0.9999 | Class 1:0.9999
Epoch [475/500] | Loss: 0.0001 |  Accuracy: 1.0000 | Prediction Confidence: 1.00 | Class 0:0.9999 | Class 1:0.9999
Epoch [476/500] | Loss: 0.0001 |  Accuracy: 1.0000 | Prediction Confidence: 1.00 | Class 0:0.9999 | Class 1:0.9999
Epoch [477/500] | Loss: 0.0001 |  Accuracy: 1.0000 | Prediction Confidence: 1.00 | Class 0:0.9999 | Class 1:0.9999
Epoch [478/500] | Loss: 0.0001 |  Accuracy: 1.0000 | Prediction Confidence: 1.00 | Class 0:0.9999 | Class 1:0.9999
Epoch [479/500] | Loss: 0.0001 |  Accuracy: 1.0000 | Prediction Confidence: 1.00 | Class 0:0.9999 | Class 1:0.9999
Epoch [480/500] | Loss: 0.0001 |  Accuracy: 1.0000 | Prediction Confidence: 1.00 | Class 0:0.9999 | Class 1:0.9999
Epoch [481/500] | Loss: 0.0001 |  Accuracy: 1.0000 | Prediction Confidence: 1.00 | Class 0:0.9999 | Class 1:0.9999
Epoch [482/500] | Loss: 0.0001 |  Accuracy: 1.0000 | Prediction Confidence: 1.00 | Class 0:0.9999 | Class 1:0.9999
Epoch [483/500] | Loss: 0.0001 |  Accuracy: 1.0000 | Prediction Confidence: 1.00 | Class 0:0.9999 | Class 1:0.9999
Epoch [484/500] | Loss: 0.0001 |  Accuracy: 1.0000 | Prediction Confidence: 1.00 | Class 0:0.9999 | Class 1:0.9999
Epoch [485/500] | Loss: 0.0001 |  Accuracy: 1.0000 | Prediction Confidence: 1.00 | Class 0:0.9999 | Class 1:0.9999
Epoch [486/500] | Loss: 0.0001 |  Accuracy: 1.0000 | Prediction Confidence: 1.00 | Class 0:0.9999 | Class 1:0.9999
Epoch [487/500] | Loss: 0.0001 |  Accuracy: 1.0000 | Prediction Confidence: 1.00 | Class 0:0.9999 | Class 1:0.9999
Epoch [488/500] | Loss: 0.0001 |  Accuracy: 1.0000 | Prediction Confidence: 1.00 | Class 0:0.9999 | Class 1:0.9999
Epoch [489/500] | Loss: 0.0001 |  Accuracy: 1.0000 | Prediction Confidence: 1.00 | Class 0:0.9999 | Class 1:0.9999
Epoch [490/500] | Loss: 0.0001 |  Accuracy: 1.0000 | Prediction Confidence: 1.00 | Class 0:0.9999 | Class 1:0.9999
Epoch [491/500] | Loss: 0.0001 |  Accuracy: 1.0000 | Prediction Confidence: 1.00 | Class 0:0.9999 | Class 1:0.9999
Epoch [492/500] | Loss: 0.0001 |  Accuracy: 1.0000 | Prediction Confidence: 1.00 | Class 0:0.9999 | Class 1:0.9999
Epoch [493/500] | Loss: 0.0001 |  Accuracy: 1.0000 | Prediction Confidence: 1.00 | Class 0:0.9999 | Class 1:0.9999
Epoch [494/500] | Loss: 0.0001 |  Accuracy: 1.0000 | Prediction Confidence: 1.00 | Class 0:0.9999 | Class 1:0.9999
Epoch [495/500] | Loss: 0.0001 |  Accuracy: 1.0000 | Prediction Confidence: 1.00 | Class 0:0.9999 | Class 1:0.9999
Epoch [496/500] | Loss: 0.0001 |  Accuracy: 1.0000 | Prediction Confidence: 1.00 | Class 0:0.9999 | Class 1:0.9999
Epoch [497/500] | Loss: 0.0001 |  Accuracy: 1.0000 | Prediction Confidence: 1.00 | Class 0:0.9999 | Class 1:0.9999
Epoch [498/500] | Loss: 0.0001 |  Accuracy: 1.0000 | Prediction Confidence: 1.00 | Class 0:0.9999 | Class 1:0.9999
Epoch [499/500] | Loss: 0.0001 |  Accuracy: 1.0000 | Prediction Confidence: 1.00 | Class 0:0.9999 | Class 1:0.9999
Epoch [500/500] | Loss: 0.0001 |  Accuracy: 1.0000 | Prediction Confidence: 1.00 | Class 0:0.9999 | Class 1:0.9999
Test Accuracy 87.87878787878788 | Confidence ({0: array([0.9998123], dtype=float32), 1: array([0.99819005], dtype=float32)}, 0.99900115)
