Config: 
 {
  "model_save_path": "/tmp/",
  "model": "dnn",
  "loss": "ce",
  "model_name": "EOGHorizontalSignal_mc_dnn_ce_mc",
  "dependency_meta": "",
  "timesteps": 1250,
  "num_classes": 12,
  "rnn_config": {
    "ninp": 1,
    "nhid": 1000,
    "nlayers": 3,
    "nclasses": 12
  },
  "dnn_config": {
    "layers": [
      900,
      900,
      900,
      12
    ]
  },
  "batch_size": 32,
  "num_epochs": 300,
  "learning_rate": 0.001
}
Model: 
 Linear(
  (layers): ModuleList(
    (0): Linear(in_features=1250, out_features=900, bias=True)
    (1): Linear(in_features=900, out_features=900, bias=True)
    (2): Linear(in_features=900, out_features=900, bias=True)
    (3): Linear(in_features=900, out_features=12, bias=True)
  )
  (sigmoid_activation): Sigmoid()
  (softmax_activation): Softmax(dim=-1)
)
Epoch[1/300] | Loss:3.0661 |Acc: 2.7027|Pred Confidence: nan | C 0:0.1432 | C 1:nan | C 2:nan| C 3:nan| C 4:nan| C 5:nan| C 6:nan| C 7:nan| C 8:nan| C 9:nan| C 10:nan| C 11:nan
Epoch[2/300] | Loss:2.4536 |Acc: 1.8919|Pred Confidence: nan | C 0:nan | C 1:nan | C 2:nan| C 3:nan| C 4:nan| C 5:nan| C 6:nan| C 7:nan| C 8:nan| C 9:nan| C 10:nan| C 11:0.1217
Epoch[3/300] | Loss:2.2861 |Acc: 0.5405|Pred Confidence: nan | C 0:nan | C 1:nan | C 2:nan| C 3:nan| C 4:nan| C 5:nan| C 6:nan| C 7:nan| C 8:nan| C 9:nan| C 10:nan| C 11:0.1441
Epoch[4/300] | Loss:2.2193 |Acc: 1.0811|Pred Confidence: nan | C 0:nan | C 1:nan | C 2:nan| C 3:nan| C 4:nan| C 5:0.1503| C 6:nan| C 7:nan| C 8:nan| C 9:nan| C 10:nan| C 11:0.1815
Epoch[5/300] | Loss:2.1662 |Acc: 2.1622|Pred Confidence: nan | C 0:nan | C 1:nan | C 2:nan| C 3:nan| C 4:nan| C 5:0.1993| C 6:nan| C 7:nan| C 8:nan| C 9:nan| C 10:nan| C 11:0.1794
Epoch[6/300] | Loss:2.1179 |Acc: 3.7838|Pred Confidence: nan | C 0:nan | C 1:nan | C 2:nan| C 3:nan| C 4:nan| C 5:0.2404| C 6:nan| C 7:0.1293| C 8:nan| C 9:nan| C 10:nan| C 11:0.1817
Epoch[7/300] | Loss:2.0667 |Acc: 5.4054|Pred Confidence: nan | C 0:nan | C 1:nan | C 2:nan| C 3:nan| C 4:nan| C 5:0.2960| C 6:nan| C 7:0.1428| C 8:nan| C 9:nan| C 10:nan| C 11:0.1921
Epoch[8/300] | Loss:2.0076 |Acc: 7.8378|Pred Confidence: nan | C 0:nan | C 1:nan | C 2:nan| C 3:nan| C 4:nan| C 5:0.3707| C 6:nan| C 7:0.1551| C 8:nan| C 9:nan| C 10:nan| C 11:0.1879
Epoch[9/300] | Loss:1.9507 |Acc: 10.0000|Pred Confidence: nan | C 0:nan | C 1:0.2064 | C 2:0.2393| C 3:nan| C 4:nan| C 5:0.4557| C 6:nan| C 7:0.1947| C 8:nan| C 9:nan| C 10:nan| C 11:nan
Epoch[10/300] | Loss:1.9041 |Acc: 14.0541|Pred Confidence: nan | C 0:nan | C 1:0.2229 | C 2:0.2495| C 3:nan| C 4:nan| C 5:0.5366| C 6:nan| C 7:0.2083| C 8:nan| C 9:nan| C 10:nan| C 11:nan
Epoch[11/300] | Loss:1.8508 |Acc: 16.4865|Pred Confidence: nan | C 0:nan | C 1:0.2544 | C 2:0.2619| C 3:nan| C 4:nan| C 5:0.5881| C 6:nan| C 7:0.2334| C 8:nan| C 9:nan| C 10:nan| C 11:0.2101
Epoch[12/300] | Loss:1.8093 |Acc: 19.7297|Pred Confidence: nan | C 0:nan | C 1:0.2894 | C 2:0.2686| C 3:nan| C 4:nan| C 5:0.6246| C 6:nan| C 7:0.2615| C 8:nan| C 9:nan| C 10:nan| C 11:0.2526
Epoch[13/300] | Loss:1.7801 |Acc: 20.5405|Pred Confidence: nan | C 0:nan | C 1:0.3229 | C 2:0.2859| C 3:nan| C 4:0.2941| C 5:0.6583| C 6:nan| C 7:0.2877| C 8:nan| C 9:nan| C 10:0.2318| C 11:0.2944
Epoch[14/300] | Loss:1.7507 |Acc: 23.2432|Pred Confidence: nan | C 0:nan | C 1:0.3563 | C 2:0.2770| C 3:nan| C 4:0.3224| C 5:0.6886| C 6:nan| C 7:0.3285| C 8:0.1855| C 9:nan| C 10:0.2318| C 11:0.3395
Epoch[15/300] | Loss:1.7092 |Acc: 22.4324|Pred Confidence: nan | C 0:nan | C 1:0.3812 | C 2:0.2899| C 3:nan| C 4:0.3388| C 5:0.7456| C 6:nan| C 7:0.3623| C 8:0.1976| C 9:nan| C 10:0.2234| C 11:0.4550
Epoch[16/300] | Loss:1.6866 |Acc: 19.1892|Pred Confidence: nan | C 0:nan | C 1:0.3869 | C 2:0.3519| C 3:nan| C 4:0.3298| C 5:0.7865| C 6:nan| C 7:0.3854| C 8:0.1893| C 9:nan| C 10:nan| C 11:0.5054
Epoch[17/300] | Loss:1.6733 |Acc: 19.4595|Pred Confidence: nan | C 0:nan | C 1:0.4076 | C 2:0.4077| C 3:nan| C 4:0.3552| C 5:0.7991| C 6:nan| C 7:0.4083| C 8:0.1961| C 9:nan| C 10:nan| C 11:0.4837
Epoch[18/300] | Loss:1.6608 |Acc: 22.4324|Pred Confidence: nan | C 0:nan | C 1:0.4260 | C 2:0.3200| C 3:nan| C 4:0.3604| C 5:0.8106| C 6:nan| C 7:0.4083| C 8:0.2475| C 9:nan| C 10:nan| C 11:0.5133
Epoch[19/300] | Loss:1.6271 |Acc: 22.1622|Pred Confidence: nan | C 0:nan | C 1:0.4415 | C 2:0.3371| C 3:nan| C 4:0.3676| C 5:0.8015| C 6:nan| C 7:0.4352| C 8:0.2252| C 9:nan| C 10:nan| C 11:0.5446
Epoch[20/300] | Loss:1.6243 |Acc: 26.4865|Pred Confidence: nan | C 0:nan | C 1:0.4523 | C 2:0.3267| C 3:nan| C 4:0.3666| C 5:0.7798| C 6:nan| C 7:0.4250| C 8:0.2740| C 9:nan| C 10:0.3033| C 11:0.5166
Epoch[21/300] | Loss:1.5883 |Acc: 27.8378|Pred Confidence: nan | C 0:nan | C 1:0.4743 | C 2:0.3085| C 3:nan| C 4:0.3864| C 5:0.8505| C 6:nan| C 7:0.4486| C 8:0.2554| C 9:nan| C 10:0.3200| C 11:0.5653
Epoch[22/300] | Loss:1.5743 |Acc: 31.6216|Pred Confidence: nan | C 0:0.1921 | C 1:0.4819 | C 2:0.3104| C 3:0.2706| C 4:0.3773| C 5:0.8514| C 6:nan| C 7:0.4939| C 8:0.2713| C 9:nan| C 10:0.3229| C 11:0.6038
Epoch[23/300] | Loss:1.6179 |Acc: 27.2973|Pred Confidence: nan | C 0:nan | C 1:0.4752 | C 2:0.3600| C 3:nan| C 4:0.4090| C 5:0.8387| C 6:nan| C 7:0.5057| C 8:0.2574| C 9:nan| C 10:0.3265| C 11:0.5431
Epoch[24/300] | Loss:1.5779 |Acc: 28.1081|Pred Confidence: nan | C 0:nan | C 1:0.4810 | C 2:0.3670| C 3:0.2860| C 4:0.3929| C 5:0.8684| C 6:nan| C 7:0.5560| C 8:0.2730| C 9:nan| C 10:0.3469| C 11:0.5771
Epoch[25/300] | Loss:1.5730 |Acc: 29.4595|Pred Confidence: nan | C 0:nan | C 1:0.5130 | C 2:0.3486| C 3:0.2433| C 4:0.4019| C 5:0.8832| C 6:nan| C 7:0.5371| C 8:0.2576| C 9:nan| C 10:0.3604| C 11:0.5532
Epoch[26/300] | Loss:1.5360 |Acc: 33.5135|Pred Confidence: nan | C 0:nan | C 1:0.5143 | C 2:0.3155| C 3:0.2614| C 4:0.3998| C 5:0.8627| C 6:0.2452| C 7:0.5635| C 8:0.2560| C 9:nan| C 10:0.3765| C 11:0.6922
Epoch[27/300] | Loss:1.4928 |Acc: 33.2432|Pred Confidence: nan | C 0:0.2179 | C 1:0.5285 | C 2:0.3526| C 3:0.3041| C 4:0.4080| C 5:0.8705| C 6:0.2556| C 7:0.5913| C 8:0.2690| C 9:nan| C 10:0.3748| C 11:0.7277
Epoch[28/300] | Loss:1.5009 |Acc: 34.3243|Pred Confidence: nan | C 0:0.2218 | C 1:0.5136 | C 2:0.4314| C 3:0.2851| C 4:0.4191| C 5:0.8595| C 6:0.2201| C 7:0.5873| C 8:0.2906| C 9:nan| C 10:0.3816| C 11:0.7279
Epoch[29/300] | Loss:1.4774 |Acc: 35.6757|Pred Confidence: nan | C 0:0.2229 | C 1:0.5610 | C 2:0.3809| C 3:0.2995| C 4:0.4268| C 5:0.8952| C 6:nan| C 7:0.6012| C 8:0.2928| C 9:nan| C 10:0.4145| C 11:0.7326
Epoch[30/300] | Loss:1.4537 |Acc: 38.3784|Pred Confidence: nan | C 0:0.2270 | C 1:0.5916 | C 2:0.4031| C 3:0.3070| C 4:0.4275| C 5:0.9053| C 6:0.2461| C 7:0.6293| C 8:0.2956| C 9:nan| C 10:0.4194| C 11:0.7580
Epoch[31/300] | Loss:1.4331 |Acc: 39.1892|Pred Confidence: nan | C 0:0.2265 | C 1:0.5843 | C 2:0.4287| C 3:0.3217| C 4:0.4424| C 5:0.9078| C 6:0.2579| C 7:0.6348| C 8:0.2796| C 9:0.2629| C 10:0.4325| C 11:0.7737
Epoch[32/300] | Loss:1.4149 |Acc: 39.4595|Pred Confidence: nan | C 0:0.2353 | C 1:0.5779 | C 2:0.4867| C 3:0.3416| C 4:0.4447| C 5:0.9106| C 6:0.2640| C 7:0.6431| C 8:0.2970| C 9:nan| C 10:0.4362| C 11:0.7809
Epoch[33/300] | Loss:1.3875 |Acc: 40.5405|Pred Confidence: nan | C 0:0.2358 | C 1:0.6221 | C 2:0.4970| C 3:0.3563| C 4:0.4821| C 5:0.9190| C 6:0.2831| C 7:0.6646| C 8:0.3192| C 9:0.2695| C 10:0.4548| C 11:0.7738
Epoch[34/300] | Loss:1.3857 |Acc: 41.6216|Pred Confidence: nan | C 0:0.2412 | C 1:0.6173 | C 2:0.5257| C 3:0.3819| C 4:0.4753| C 5:0.9263| C 6:0.2967| C 7:0.6485| C 8:0.3219| C 9:0.2681| C 10:0.4616| C 11:0.7116
Epoch[35/300] | Loss:1.3614 |Acc: 41.0811|Pred Confidence: nan | C 0:0.2396 | C 1:0.6421 | C 2:0.5709| C 3:0.3914| C 4:0.4771| C 5:0.9332| C 6:0.2924| C 7:0.6443| C 8:0.3488| C 9:0.2761| C 10:0.4768| C 11:0.7803
Epoch[36/300] | Loss:1.3527 |Acc: 41.3514|Pred Confidence: nan | C 0:0.2433 | C 1:0.6498 | C 2:0.6029| C 3:0.4015| C 4:0.4836| C 5:0.9378| C 6:0.3174| C 7:0.6577| C 8:0.3381| C 9:0.2698| C 10:0.4905| C 11:0.7314
Epoch[37/300] | Loss:1.3544 |Acc: 41.0811|Pred Confidence: nan | C 0:0.2417 | C 1:0.6810 | C 2:0.5820| C 3:0.4810| C 4:0.4930| C 5:0.9422| C 6:0.2949| C 7:0.6483| C 8:0.3449| C 9:0.2799| C 10:0.4905| C 11:0.7332
Epoch[38/300] | Loss:1.3988 |Acc: 41.0811|Pred Confidence: nan | C 0:0.2414 | C 1:0.6851 | C 2:0.5844| C 3:0.4531| C 4:0.5114| C 5:0.9321| C 6:0.2815| C 7:0.6571| C 8:0.3123| C 9:0.2718| C 10:0.4449| C 11:0.7428
Epoch[39/300] | Loss:1.3142 |Acc: 42.7027|Pred Confidence: nan | C 0:0.2398 | C 1:0.6862 | C 2:0.6313| C 3:0.4661| C 4:0.5176| C 5:0.9571| C 6:0.3020| C 7:0.6706| C 8:0.3404| C 9:0.2763| C 10:0.5143| C 11:0.7240
Epoch[40/300] | Loss:1.3243 |Acc: 44.3243|Pred Confidence: nan | C 0:0.2486 | C 1:0.7075 | C 2:0.6101| C 3:0.4947| C 4:0.5140| C 5:0.9544| C 6:0.3124| C 7:0.6591| C 8:0.3428| C 9:0.2817| C 10:0.5408| C 11:0.7448
Epoch[41/300] | Loss:1.2989 |Acc: 43.7838|Pred Confidence: nan | C 0:0.2453 | C 1:0.6533 | C 2:0.6264| C 3:0.5145| C 4:0.5266| C 5:0.9588| C 6:0.2964| C 7:0.6758| C 8:0.3350| C 9:0.2863| C 10:0.5444| C 11:0.7536
Epoch[42/300] | Loss:1.2829 |Acc: 45.4054|Pred Confidence: nan | C 0:0.2358 | C 1:0.6633 | C 2:0.6766| C 3:0.5328| C 4:0.5301| C 5:0.9611| C 6:0.3100| C 7:0.6722| C 8:0.3453| C 9:0.2883| C 10:0.5538| C 11:0.7292
Epoch[43/300] | Loss:1.3080 |Acc: 45.1351|Pred Confidence: nan | C 0:0.2319 | C 1:0.6908 | C 2:0.6002| C 3:0.5174| C 4:0.5431| C 5:0.9503| C 6:0.3008| C 7:0.6888| C 8:0.3233| C 9:0.2971| C 10:0.5665| C 11:0.7446
Epoch[44/300] | Loss:1.2808 |Acc: 45.4054|Pred Confidence: nan | C 0:0.2330 | C 1:0.7060 | C 2:0.6179| C 3:0.5325| C 4:0.5420| C 5:0.9531| C 6:0.3191| C 7:0.6778| C 8:0.3299| C 9:0.3103| C 10:0.5658| C 11:0.7383
Epoch[45/300] | Loss:1.2602 |Acc: 46.4865|Pred Confidence: nan | C 0:0.2362 | C 1:0.7245 | C 2:0.6790| C 3:0.5603| C 4:0.5464| C 5:0.9666| C 6:0.3357| C 7:0.7229| C 8:0.3268| C 9:0.3051| C 10:0.5717| C 11:0.7599
Epoch[46/300] | Loss:1.2341 |Acc: 44.5946|Pred Confidence: nan | C 0:0.2362 | C 1:0.7462 | C 2:0.7050| C 3:0.5614| C 4:0.5492| C 5:0.9605| C 6:0.3526| C 7:0.7058| C 8:0.3539| C 9:0.3168| C 10:0.5822| C 11:0.7758
Epoch[47/300] | Loss:1.2207 |Acc: 47.5676|Pred Confidence: nan | C 0:0.2432 | C 1:0.7623 | C 2:0.7181| C 3:0.5922| C 4:0.5568| C 5:0.9627| C 6:0.3563| C 7:0.7367| C 8:0.3464| C 9:0.2831| C 10:0.5808| C 11:0.7922
Epoch[48/300] | Loss:1.2143 |Acc: 46.2162|Pred Confidence: nan | C 0:0.2437 | C 1:0.7714 | C 2:0.7343| C 3:0.5940| C 4:0.5592| C 5:0.9656| C 6:0.3694| C 7:0.7181| C 8:0.3649| C 9:0.3224| C 10:0.5842| C 11:0.7999
Epoch[49/300] | Loss:1.2008 |Acc: 47.2973|Pred Confidence: nan | C 0:0.2456 | C 1:0.7981 | C 2:0.7443| C 3:0.4454| C 4:0.5708| C 5:0.9652| C 6:0.3789| C 7:0.7514| C 8:0.3656| C 9:0.3178| C 10:0.5884| C 11:0.8128
Epoch[50/300] | Loss:1.1914 |Acc: 47.2973|Pred Confidence: nan | C 0:0.2449 | C 1:0.8054 | C 2:0.7602| C 3:0.4470| C 4:0.5741| C 5:0.9697| C 6:0.3758| C 7:0.7228| C 8:0.3719| C 9:0.3228| C 10:0.5893| C 11:0.7943
Epoch[51/300] | Loss:1.1845 |Acc: 48.1081|Pred Confidence: nan | C 0:0.2467 | C 1:0.8108 | C 2:0.7676| C 3:0.6269| C 4:0.5732| C 5:0.9723| C 6:0.3721| C 7:0.7291| C 8:0.3942| C 9:0.3169| C 10:0.5021| C 11:0.7949
Epoch[52/300] | Loss:1.1799 |Acc: 47.5676|Pred Confidence: nan | C 0:0.2523 | C 1:0.8241 | C 2:0.7944| C 3:0.4653| C 4:0.5808| C 5:0.9710| C 6:0.3718| C 7:0.7357| C 8:0.3764| C 9:0.3124| C 10:0.5975| C 11:0.8214
Epoch[53/300] | Loss:1.1536 |Acc: 49.7297|Pred Confidence: nan | C 0:0.2497 | C 1:0.7802 | C 2:0.7907| C 3:0.4700| C 4:0.5866| C 5:0.9744| C 6:0.3786| C 7:0.7361| C 8:0.3829| C 9:0.2853| C 10:0.5181| C 11:0.8123
Epoch[54/300] | Loss:1.1493 |Acc: 49.7297|Pred Confidence: nan | C 0:0.2798 | C 1:0.8533 | C 2:0.7837| C 3:0.4782| C 4:0.5996| C 5:0.9742| C 6:0.3854| C 7:0.7437| C 8:0.3920| C 9:0.3209| C 10:0.5137| C 11:0.8451
Epoch[55/300] | Loss:1.1357 |Acc: 50.0000|Pred Confidence: nan | C 0:0.2897 | C 1:0.8063 | C 2:0.8038| C 3:0.4897| C 4:0.6009| C 5:0.9763| C 6:0.3965| C 7:0.7462| C 8:0.3981| C 9:0.2883| C 10:0.6344| C 11:0.8176
Epoch[56/300] | Loss:1.1326 |Acc: 50.5405|Pred Confidence: nan | C 0:0.2990 | C 1:0.8219 | C 2:0.7972| C 3:0.4932| C 4:0.6103| C 5:0.9762| C 6:0.3999| C 7:0.7550| C 8:0.3996| C 9:0.2897| C 10:0.5141| C 11:0.8349
Epoch[57/300] | Loss:1.1245 |Acc: 50.8108|Pred Confidence: nan | C 0:0.3050 | C 1:0.8343 | C 2:0.8060| C 3:0.5126| C 4:0.6148| C 5:0.9759| C 6:0.4163| C 7:0.7535| C 8:0.4034| C 9:0.2921| C 10:0.5222| C 11:0.8654
Epoch[58/300] | Loss:1.1154 |Acc: 49.1892|Pred Confidence: nan | C 0:0.3368 | C 1:0.8411 | C 2:0.8045| C 3:0.5161| C 4:0.5842| C 5:0.9782| C 6:0.4710| C 7:0.7698| C 8:0.4087| C 9:0.2953| C 10:0.5310| C 11:0.8501
Epoch[59/300] | Loss:1.1194 |Acc: 49.7297|Pred Confidence: nan | C 0:0.3471 | C 1:0.8524 | C 2:0.7979| C 3:0.5215| C 4:0.5887| C 5:0.9792| C 6:0.4804| C 7:0.7652| C 8:0.4160| C 9:0.2969| C 10:0.5291| C 11:0.8605
Epoch[60/300] | Loss:1.0980 |Acc: 50.8108|Pred Confidence: nan | C 0:0.3599 | C 1:0.8390 | C 2:0.8078| C 3:0.5222| C 4:0.5987| C 5:0.9779| C 6:0.4268| C 7:0.7748| C 8:0.4274| C 9:0.3238| C 10:0.5603| C 11:0.8701
Epoch[61/300] | Loss:1.2159 |Acc: 50.8108|Pred Confidence: nan | C 0:0.3555 | C 1:0.8263 | C 2:0.7545| C 3:0.5288| C 4:0.6378| C 5:0.9634| C 6:0.4194| C 7:0.8368| C 8:0.4187| C 9:0.3128| C 10:0.5519| C 11:0.8868
Epoch[62/300] | Loss:1.1299 |Acc: 53.2432|Pred Confidence: nan | C 0:0.3707 | C 1:0.7253 | C 2:0.7952| C 3:0.5164| C 4:0.6154| C 5:0.9598| C 6:0.4206| C 7:0.8165| C 8:0.4277| C 9:0.3458| C 10:0.6839| C 11:0.9068
Epoch[63/300] | Loss:1.1586 |Acc: 52.4324|Pred Confidence: nan | C 0:0.3763 | C 1:0.8732 | C 2:0.7192| C 3:0.5125| C 4:0.6183| C 5:0.9751| C 6:0.4743| C 7:0.8372| C 8:0.4340| C 9:0.3557| C 10:0.5888| C 11:0.8884
Epoch[64/300] | Loss:1.1540 |Acc: 52.4324|Pred Confidence: nan | C 0:0.3868 | C 1:0.8788 | C 2:0.7719| C 3:0.5196| C 4:0.6361| C 5:0.9682| C 6:0.4614| C 7:0.8196| C 8:0.4106| C 9:0.3510| C 10:0.7005| C 11:0.8786
Epoch[65/300] | Loss:1.2206 |Acc: 50.5405|Pred Confidence: nan | C 0:0.3849 | C 1:0.7935 | C 2:0.7207| C 3:0.4691| C 4:0.6307| C 5:0.9734| C 6:0.4400| C 7:0.7742| C 8:0.4146| C 9:0.3585| C 10:0.5691| C 11:0.8939
Epoch[66/300] | Loss:1.2243 |Acc: 48.6486|Pred Confidence: nan | C 0:0.3872 | C 1:0.8917 | C 2:0.8264| C 3:0.4859| C 4:0.6351| C 5:0.9654| C 6:0.4470| C 7:0.7342| C 8:0.5008| C 9:0.4050| C 10:0.6978| C 11:0.9262
Epoch[67/300] | Loss:1.2514 |Acc: 45.4054|Pred Confidence: nan | C 0:0.2737 | C 1:0.7187 | C 2:0.7164| C 3:0.4765| C 4:0.6509| C 5:0.9698| C 6:0.4617| C 7:0.6912| C 8:0.4721| C 9:0.4069| C 10:0.7236| C 11:0.8869
Epoch[68/300] | Loss:1.1377 |Acc: 48.6486|Pred Confidence: nan | C 0:0.2817 | C 1:0.7442 | C 2:0.7428| C 3:0.5074| C 4:0.6912| C 5:0.9752| C 6:0.4723| C 7:0.7375| C 8:0.4549| C 9:0.4737| C 10:0.6803| C 11:0.9218
Epoch[69/300] | Loss:1.1622 |Acc: 47.5676|Pred Confidence: nan | C 0:0.2804 | C 1:0.8823 | C 2:0.6962| C 3:0.5028| C 4:0.6779| C 5:0.9797| C 6:0.4292| C 7:0.7353| C 8:0.4677| C 9:0.4223| C 10:0.6043| C 11:0.8806
Epoch[70/300] | Loss:1.1379 |Acc: 50.2703|Pred Confidence: nan | C 0:0.2987 | C 1:0.7731 | C 2:0.6733| C 3:0.5294| C 4:0.7036| C 5:0.9759| C 6:0.4844| C 7:0.7282| C 8:0.4748| C 9:0.4607| C 10:0.6265| C 11:0.8387
Epoch[71/300] | Loss:1.1134 |Acc: 48.9189|Pred Confidence: nan | C 0:0.3016 | C 1:0.7697 | C 2:0.6173| C 3:0.5261| C 4:0.7169| C 5:0.9777| C 6:0.4897| C 7:0.7625| C 8:0.4925| C 9:0.4597| C 10:0.7454| C 11:0.8644
Epoch[72/300] | Loss:1.0990 |Acc: 51.6216|Pred Confidence: nan | C 0:0.3080 | C 1:0.7723 | C 2:0.6578| C 3:0.5283| C 4:0.7335| C 5:0.9783| C 6:0.4530| C 7:0.7832| C 8:0.4950| C 9:0.4865| C 10:0.7624| C 11:0.8736
Epoch[73/300] | Loss:1.0916 |Acc: 50.5405|Pred Confidence: nan | C 0:0.3150 | C 1:0.7940 | C 2:0.6872| C 3:0.4939| C 4:0.7314| C 5:0.9732| C 6:0.4959| C 7:0.7601| C 8:0.4987| C 9:0.5158| C 10:0.7570| C 11:0.9040
Epoch[74/300] | Loss:1.0762 |Acc: 50.0000|Pred Confidence: nan | C 0:0.3126 | C 1:0.7718 | C 2:0.6957| C 3:0.5479| C 4:0.7394| C 5:0.9816| C 6:0.4916| C 7:0.7674| C 8:0.4328| C 9:0.5109| C 10:0.6598| C 11:0.8877
Epoch[75/300] | Loss:1.0606 |Acc: 53.7838|Pred Confidence: nan | C 0:0.2716 | C 1:0.7890 | C 2:0.6861| C 3:0.5426| C 4:0.7622| C 5:0.9844| C 6:0.4865| C 7:0.7669| C 8:0.4652| C 9:0.5244| C 10:0.7865| C 11:0.9022
Epoch[76/300] | Loss:1.0548 |Acc: 52.9730|Pred Confidence: nan | C 0:0.2745 | C 1:0.8002 | C 2:0.6895| C 3:0.5453| C 4:0.7588| C 5:0.9838| C 6:0.5032| C 7:0.7586| C 8:0.4654| C 9:0.5381| C 10:0.6780| C 11:0.8984
Epoch[77/300] | Loss:1.0452 |Acc: 54.3243|Pred Confidence: nan | C 0:0.2798 | C 1:0.8054 | C 2:0.6966| C 3:0.5553| C 4:0.7867| C 5:0.9842| C 6:0.5117| C 7:0.7510| C 8:0.4728| C 9:0.5535| C 10:0.6759| C 11:0.8947
Epoch[78/300] | Loss:1.0427 |Acc: 53.5135|Pred Confidence: nan | C 0:0.2820 | C 1:0.7987 | C 2:0.7028| C 3:0.5568| C 4:0.7797| C 5:0.9837| C 6:0.5045| C 7:0.7869| C 8:0.5089| C 9:0.5654| C 10:0.6894| C 11:0.9055
Epoch[79/300] | Loss:1.0252 |Acc: 53.5135|Pred Confidence: nan | C 0:0.2850 | C 1:0.8225 | C 2:0.6875| C 3:0.5696| C 4:0.8125| C 5:0.9859| C 6:0.5268| C 7:0.7801| C 8:0.5545| C 9:0.5909| C 10:0.6926| C 11:0.9171
Epoch[80/300] | Loss:1.0226 |Acc: 54.8649|Pred Confidence: nan | C 0:0.2918 | C 1:0.8278 | C 2:0.6840| C 3:0.5771| C 4:0.8015| C 5:0.9840| C 6:0.5234| C 7:0.7756| C 8:0.6767| C 9:0.6068| C 10:0.6367| C 11:0.9100
Epoch[81/300] | Loss:1.0173 |Acc: 54.5946|Pred Confidence: nan | C 0:0.2930 | C 1:0.8178 | C 2:0.6922| C 3:0.5777| C 4:0.8321| C 5:0.9864| C 6:0.5377| C 7:0.7791| C 8:0.6802| C 9:0.6203| C 10:0.6394| C 11:0.9148
Epoch[82/300] | Loss:1.0087 |Acc: 54.8649|Pred Confidence: nan | C 0:0.2946 | C 1:0.7987 | C 2:0.6909| C 3:0.5595| C 4:0.8275| C 5:0.9726| C 6:0.5114| C 7:0.7840| C 8:0.6846| C 9:0.6324| C 10:0.7054| C 11:0.9309
Epoch[83/300] | Loss:1.0031 |Acc: 55.1351|Pred Confidence: nan | C 0:0.2957 | C 1:0.8003 | C 2:0.6983| C 3:0.5580| C 4:0.8466| C 5:0.9867| C 6:0.5333| C 7:0.7873| C 8:0.6893| C 9:0.6427| C 10:0.6578| C 11:0.9340
Epoch[84/300] | Loss:1.0007 |Acc: 55.4054|Pred Confidence: nan | C 0:0.2971 | C 1:0.8317 | C 2:0.7006| C 3:0.5650| C 4:0.8453| C 5:0.9861| C 6:0.5661| C 7:0.7937| C 8:0.6920| C 9:0.6547| C 10:0.6669| C 11:0.9148
Epoch[85/300] | Loss:0.9903 |Acc: 56.2162|Pred Confidence: nan | C 0:0.2982 | C 1:0.7887 | C 2:0.6958| C 3:0.5689| C 4:0.8603| C 5:0.9771| C 6:0.5400| C 7:0.7924| C 8:0.5254| C 9:0.6220| C 10:0.6575| C 11:0.9308
Epoch[86/300] | Loss:0.9943 |Acc: 56.4865|Pred Confidence: nan | C 0:0.2995 | C 1:0.8032 | C 2:0.7167| C 3:0.5758| C 4:0.8558| C 5:0.9770| C 6:0.5320| C 7:0.7797| C 8:0.6119| C 9:0.6295| C 10:0.7317| C 11:0.9502
Epoch[87/300] | Loss:0.9927 |Acc: 58.6486|Pred Confidence: nan | C 0:0.2982 | C 1:0.8415 | C 2:0.6961| C 3:0.5754| C 4:0.8673| C 5:0.9856| C 6:0.5739| C 7:0.7987| C 8:0.5321| C 9:0.6340| C 10:0.6677| C 11:0.9186
Epoch[88/300] | Loss:0.9839 |Acc: 55.9459|Pred Confidence: nan | C 0:0.3004 | C 1:0.8093 | C 2:0.6985| C 3:0.5925| C 4:0.8789| C 5:0.9755| C 6:0.5505| C 7:0.7997| C 8:0.5386| C 9:0.6480| C 10:0.7151| C 11:0.9473
Epoch[89/300] | Loss:0.9967 |Acc: 57.5676|Pred Confidence: nan | C 0:0.3026 | C 1:0.8317 | C 2:0.7280| C 3:0.5823| C 4:0.8745| C 5:0.9751| C 6:0.5229| C 7:0.8049| C 8:0.5374| C 9:0.6517| C 10:0.7285| C 11:0.9536
Epoch[90/300] | Loss:1.0357 |Acc: 50.0000|Pred Confidence: nan | C 0:0.3028 | C 1:0.8244 | C 2:0.7133| C 3:0.5852| C 4:0.8746| C 5:0.9653| C 6:0.6016| C 7:0.8092| C 8:0.5437| C 9:0.6597| C 10:0.7501| C 11:0.9243
Epoch[91/300] | Loss:1.0143 |Acc: 55.1351|Pred Confidence: nan | C 0:0.2892 | C 1:0.8270 | C 2:0.6327| C 3:0.6170| C 4:0.8921| C 5:0.9934| C 6:0.5291| C 7:0.8239| C 8:0.5463| C 9:0.6738| C 10:0.8582| C 11:0.9016
Epoch[92/300] | Loss:1.0434 |Acc: 54.0541|Pred Confidence: nan | C 0:0.3069 | C 1:0.8476 | C 2:0.6091| C 3:0.6146| C 4:0.8675| C 5:0.9859| C 6:0.5507| C 7:0.8137| C 8:0.5454| C 9:0.6771| C 10:0.9059| C 11:0.9557
Epoch[93/300] | Loss:1.0910 |Acc: 50.5405|Pred Confidence: nan | C 0:0.2953 | C 1:0.9042 | C 2:0.6113| C 3:0.6138| C 4:0.8951| C 5:0.9539| C 6:0.5634| C 7:0.8378| C 8:0.5991| C 9:0.7408| C 10:0.7512| C 11:0.9204
Epoch[94/300] | Loss:1.0825 |Acc: 54.0541|Pred Confidence: nan | C 0:0.2927 | C 1:0.9491 | C 2:0.6719| C 3:0.7009| C 4:0.8441| C 5:0.9622| C 6:0.5104| C 7:0.8196| C 8:0.5431| C 9:0.6689| C 10:0.8942| C 11:0.9116
Epoch[95/300] | Loss:0.9720 |Acc: 61.6216|Pred Confidence: nan | C 0:0.2956 | C 1:0.7454 | C 2:0.6951| C 3:0.6935| C 4:0.9086| C 5:0.9905| C 6:0.5504| C 7:0.8521| C 8:0.4372| C 9:0.6614| C 10:0.8966| C 11:0.9365
Epoch[96/300] | Loss:1.0221 |Acc: 55.9459|Pred Confidence: nan | C 0:0.3181 | C 1:0.7717 | C 2:0.6853| C 3:0.5857| C 4:0.8784| C 5:0.9892| C 6:0.6273| C 7:0.8416| C 8:0.4855| C 9:0.6629| C 10:0.6823| C 11:0.9541
Epoch[97/300] | Loss:0.9940 |Acc: 57.5676|Pred Confidence: nan | C 0:0.3149 | C 1:0.7805 | C 2:0.7723| C 3:0.5900| C 4:0.8835| C 5:0.9864| C 6:0.6088| C 7:0.8185| C 8:0.4868| C 9:0.6793| C 10:0.7324| C 11:0.9543
Epoch[98/300] | Loss:0.9449 |Acc: 59.7297|Pred Confidence: nan | C 0:0.3222 | C 1:0.8580 | C 2:0.7346| C 3:0.5971| C 4:0.8841| C 5:0.9846| C 6:0.5847| C 7:0.8475| C 8:0.4767| C 9:0.7043| C 10:0.7583| C 11:0.9646
Epoch[99/300] | Loss:0.9640 |Acc: 55.4054|Pred Confidence: nan | C 0:0.3271 | C 1:0.8492 | C 2:0.7484| C 3:0.6452| C 4:0.9218| C 5:0.9919| C 6:0.6444| C 7:0.8291| C 8:0.4869| C 9:0.6922| C 10:0.7921| C 11:0.9380
Epoch[100/300] | Loss:0.9487 |Acc: 58.1081|Pred Confidence: nan | C 0:0.3287 | C 1:0.8346 | C 2:0.7049| C 3:0.6224| C 4:0.8914| C 5:0.9906| C 6:0.6744| C 7:0.8330| C 8:0.5986| C 9:0.7190| C 10:0.6844| C 11:0.9505
Epoch[101/300] | Loss:0.9567 |Acc: 57.8378|Pred Confidence: nan | C 0:0.3312 | C 1:0.8591 | C 2:0.6978| C 3:0.6166| C 4:0.8910| C 5:0.9910| C 6:0.6361| C 7:0.8242| C 8:0.6005| C 9:0.7088| C 10:0.7045| C 11:0.9309
Epoch[102/300] | Loss:0.9705 |Acc: 59.1892|Pred Confidence: nan | C 0:0.3326 | C 1:0.8280 | C 2:0.6370| C 3:0.6260| C 4:0.8949| C 5:0.9903| C 6:0.6882| C 7:0.8308| C 8:0.5993| C 9:0.7128| C 10:0.7928| C 11:0.9593
Epoch[103/300] | Loss:0.9795 |Acc: 58.9189|Pred Confidence: nan | C 0:0.3309 | C 1:0.8666 | C 2:0.6674| C 3:0.6210| C 4:0.8419| C 5:0.9894| C 6:0.6464| C 7:0.8237| C 8:0.6001| C 9:0.7204| C 10:0.8003| C 11:0.9424
Epoch[104/300] | Loss:0.9741 |Acc: 57.0270|Pred Confidence: nan | C 0:0.3279 | C 1:0.8402 | C 2:0.6266| C 3:0.6158| C 4:0.8423| C 5:0.9897| C 6:0.7870| C 7:0.8207| C 8:0.5998| C 9:0.7233| C 10:0.8058| C 11:0.9415
Epoch[105/300] | Loss:0.9613 |Acc: 57.8378|Pred Confidence: nan | C 0:0.3239 | C 1:0.8697 | C 2:0.7311| C 3:0.6352| C 4:0.8448| C 5:0.9886| C 6:0.6524| C 7:0.8068| C 8:0.6039| C 9:0.7178| C 10:0.7929| C 11:0.9136
Epoch[106/300] | Loss:0.9594 |Acc: 57.8378|Pred Confidence: nan | C 0:0.3191 | C 1:0.8527 | C 2:0.7068| C 3:0.6157| C 4:0.8494| C 5:0.9917| C 6:0.7310| C 7:0.8084| C 8:0.5583| C 9:0.7235| C 10:0.7996| C 11:0.9176
Epoch[107/300] | Loss:0.9536 |Acc: 60.5405|Pred Confidence: nan | C 0:0.3148 | C 1:0.8119 | C 2:0.7363| C 3:0.6131| C 4:0.8477| C 5:0.9907| C 6:0.6150| C 7:0.7986| C 8:0.6064| C 9:0.7152| C 10:0.7905| C 11:0.9321
Epoch[108/300] | Loss:0.9410 |Acc: 57.2973|Pred Confidence: nan | C 0:0.3003 | C 1:0.8168 | C 2:0.7032| C 3:0.6525| C 4:0.8569| C 5:0.9904| C 6:0.7651| C 7:0.8029| C 8:0.6131| C 9:0.7196| C 10:0.7728| C 11:0.9027
Epoch[109/300] | Loss:0.9374 |Acc: 60.2703|Pred Confidence: nan | C 0:0.2998 | C 1:0.8204 | C 2:0.7602| C 3:0.6175| C 4:0.8590| C 5:0.9881| C 6:0.6022| C 7:0.8183| C 8:0.6115| C 9:0.7336| C 10:0.6872| C 11:0.9376
Epoch[110/300] | Loss:0.9064 |Acc: 59.1892|Pred Confidence: nan | C 0:0.3041 | C 1:0.8339 | C 2:0.7163| C 3:0.6275| C 4:0.8569| C 5:0.9916| C 6:0.7025| C 7:0.8163| C 8:0.6182| C 9:0.7505| C 10:0.7823| C 11:0.9221
Epoch[111/300] | Loss:0.8950 |Acc: 58.9189|Pred Confidence: nan | C 0:0.3030 | C 1:0.8254 | C 2:0.7501| C 3:0.6344| C 4:0.8695| C 5:0.9907| C 6:0.7941| C 7:0.8263| C 8:0.6131| C 9:0.7436| C 10:0.7313| C 11:0.9262
Epoch[112/300] | Loss:0.9486 |Acc: 59.1892|Pred Confidence: nan | C 0:0.3069 | C 1:0.9096 | C 2:0.7778| C 3:0.6308| C 4:0.8692| C 5:0.9902| C 6:0.5354| C 7:0.8408| C 8:0.6169| C 9:0.7493| C 10:0.7241| C 11:0.9578
Epoch[113/300] | Loss:0.9353 |Acc: 58.1081|Pred Confidence: nan | C 0:0.3089 | C 1:0.8136 | C 2:0.6824| C 3:0.6048| C 4:0.8705| C 5:0.9820| C 6:0.6692| C 7:0.8278| C 8:0.6210| C 9:0.7455| C 10:0.9191| C 11:0.9339
Epoch[114/300] | Loss:0.9473 |Acc: 60.2703|Pred Confidence: nan | C 0:0.3105 | C 1:0.8420 | C 2:0.7464| C 3:0.6540| C 4:0.8750| C 5:0.9936| C 6:0.6870| C 7:0.8491| C 8:0.6208| C 9:0.7413| C 10:0.7035| C 11:0.9094
Epoch[115/300] | Loss:0.9390 |Acc: 60.8108|Pred Confidence: nan | C 0:0.3127 | C 1:0.8261 | C 2:0.6347| C 3:0.6045| C 4:0.8368| C 5:0.9910| C 6:0.6615| C 7:0.8388| C 8:0.6249| C 9:0.7549| C 10:0.8662| C 11:0.9448
Epoch[116/300] | Loss:0.9460 |Acc: 57.5676|Pred Confidence: nan | C 0:0.3090 | C 1:0.8090 | C 2:0.7670| C 3:0.6306| C 4:0.8747| C 5:0.9926| C 6:0.7998| C 7:0.8481| C 8:0.6203| C 9:0.7615| C 10:0.7177| C 11:0.9533
Epoch[117/300] | Loss:0.9047 |Acc: 60.8108|Pred Confidence: nan | C 0:0.3121 | C 1:0.7949 | C 2:0.6555| C 3:0.6133| C 4:0.8264| C 5:0.9936| C 6:0.7197| C 7:0.8389| C 8:0.6286| C 9:0.7604| C 10:0.9034| C 11:0.9299
Epoch[118/300] | Loss:0.8844 |Acc: 58.6486|Pred Confidence: nan | C 0:0.3102 | C 1:0.8561 | C 2:0.7871| C 3:0.6257| C 4:0.8328| C 5:0.9903| C 6:0.6307| C 7:0.8576| C 8:0.6194| C 9:0.7658| C 10:0.7262| C 11:0.9530
Epoch[119/300] | Loss:0.8800 |Acc: 61.0811|Pred Confidence: nan | C 0:0.3127 | C 1:0.8005 | C 2:0.7460| C 3:0.6145| C 4:0.8301| C 5:0.9883| C 6:0.7433| C 7:0.8473| C 8:0.6300| C 9:0.7651| C 10:0.7336| C 11:0.9192
Epoch[120/300] | Loss:0.8713 |Acc: 60.8108|Pred Confidence: nan | C 0:0.3105 | C 1:0.8653 | C 2:0.7415| C 3:0.6280| C 4:0.8411| C 5:0.9914| C 6:0.7604| C 7:0.8748| C 8:0.6138| C 9:0.7680| C 10:0.7279| C 11:0.9666
Epoch[121/300] | Loss:0.8673 |Acc: 62.9730|Pred Confidence: nan | C 0:0.3133 | C 1:0.8475 | C 2:0.7284| C 3:0.6300| C 4:0.8346| C 5:0.9936| C 6:0.6676| C 7:0.8646| C 8:0.6277| C 9:0.7671| C 10:0.7758| C 11:0.9374
Epoch[122/300] | Loss:0.8536 |Acc: 64.5946|Pred Confidence: nan | C 0:0.3101 | C 1:0.8329 | C 2:0.7481| C 3:0.6324| C 4:0.8485| C 5:0.9949| C 6:0.7237| C 7:0.8332| C 8:0.5718| C 9:0.7731| C 10:0.7403| C 11:0.9312
Epoch[123/300] | Loss:0.9155 |Acc: 60.5405|Pred Confidence: nan | C 0:0.3135 | C 1:0.8609 | C 2:0.8430| C 3:0.6405| C 4:0.8455| C 5:0.9826| C 6:0.6103| C 7:0.8473| C 8:0.5687| C 9:0.7707| C 10:0.7730| C 11:0.9479
Epoch[124/300] | Loss:0.9146 |Acc: 58.6486|Pred Confidence: nan | C 0:0.3213 | C 1:0.8341 | C 2:0.7567| C 3:0.6315| C 4:0.8509| C 5:0.9958| C 6:0.6281| C 7:0.8670| C 8:0.5758| C 9:0.7722| C 10:0.7525| C 11:0.9268
Epoch[125/300] | Loss:1.0683 |Acc: 52.9730|Pred Confidence: nan | C 0:0.3217 | C 1:0.8531 | C 2:0.6348| C 3:0.6286| C 4:0.8837| C 5:0.9944| C 6:0.7729| C 7:0.8793| C 8:0.8037| C 9:0.7349| C 10:0.7075| C 11:0.9334
Epoch[126/300] | Loss:1.1221 |Acc: 53.5135|Pred Confidence: nan | C 0:0.3190 | C 1:0.9027 | C 2:0.6360| C 3:0.6058| C 4:0.8701| C 5:0.9962| C 6:0.5553| C 7:0.8059| C 8:0.8302| C 9:0.7568| C 10:0.7482| C 11:0.9195
Epoch[127/300] | Loss:0.9883 |Acc: 59.4595|Pred Confidence: nan | C 0:0.3295 | C 1:0.8375 | C 2:0.6744| C 3:0.6881| C 4:0.8624| C 5:0.9944| C 6:0.6725| C 7:0.7566| C 8:0.4452| C 9:0.7705| C 10:0.9866| C 11:0.9488
Epoch[128/300] | Loss:0.9668 |Acc: 60.5405|Pred Confidence: nan | C 0:0.3195 | C 1:0.8377 | C 2:0.6918| C 3:0.6904| C 4:0.9007| C 5:0.9967| C 6:0.6923| C 7:0.8348| C 8:0.6066| C 9:0.5960| C 10:0.7182| C 11:0.9453
Epoch[129/300] | Loss:0.9382 |Acc: 63.2432|Pred Confidence: nan | C 0:0.5245 | C 1:0.8324 | C 2:0.6501| C 3:0.6874| C 4:0.9068| C 5:0.9938| C 6:0.6974| C 7:0.8557| C 8:0.5869| C 9:0.7820| C 10:0.8012| C 11:0.9495
Epoch[130/300] | Loss:0.9701 |Acc: 60.8108|Pred Confidence: nan | C 0:0.5152 | C 1:0.8653 | C 2:0.6460| C 3:0.6806| C 4:0.9012| C 5:0.9953| C 6:0.6776| C 7:0.8558| C 8:0.4730| C 9:0.8314| C 10:0.8153| C 11:0.9252
Epoch[131/300] | Loss:0.9740 |Acc: 60.0000|Pred Confidence: nan | C 0:0.5122 | C 1:0.8704 | C 2:0.6890| C 3:0.6780| C 4:0.8860| C 5:0.9962| C 6:0.6771| C 7:0.8504| C 8:0.3356| C 9:0.8118| C 10:0.7964| C 11:0.9598
Epoch[132/300] | Loss:0.9943 |Acc: 61.6216|Pred Confidence: nan | C 0:0.5129 | C 1:0.8755 | C 2:0.6178| C 3:0.7064| C 4:0.8584| C 5:0.9966| C 6:0.7053| C 7:0.8824| C 8:0.3707| C 9:0.7826| C 10:0.8121| C 11:0.9839
Epoch[133/300] | Loss:1.0242 |Acc: 56.7568|Pred Confidence: nan | C 0:0.5145 | C 1:0.8943 | C 2:0.5969| C 3:0.6855| C 4:0.8698| C 5:0.9970| C 6:0.7116| C 7:0.9110| C 8:0.3991| C 9:0.7967| C 10:0.7039| C 11:0.9433
Epoch[134/300] | Loss:0.9937 |Acc: 58.3784|Pred Confidence: nan | C 0:0.5230 | C 1:0.9196 | C 2:0.5777| C 3:0.6740| C 4:0.8779| C 5:0.9951| C 6:0.6990| C 7:0.8964| C 8:0.3912| C 9:0.8091| C 10:0.9555| C 11:0.9435
Epoch[135/300] | Loss:0.9626 |Acc: 63.2432|Pred Confidence: nan | C 0:0.5231 | C 1:0.8629 | C 2:0.6576| C 3:0.6600| C 4:0.8912| C 5:0.9946| C 6:0.8277| C 7:0.9008| C 8:0.3941| C 9:0.8107| C 10:0.6745| C 11:0.9544
Epoch[136/300] | Loss:0.9158 |Acc: 62.7027|Pred Confidence: nan | C 0:0.5243 | C 1:0.8218 | C 2:0.6757| C 3:0.6676| C 4:0.8945| C 5:0.9972| C 6:0.8636| C 7:0.9049| C 8:0.3978| C 9:0.8001| C 10:0.7131| C 11:0.9609
Epoch[137/300] | Loss:0.8923 |Acc: 63.7838|Pred Confidence: nan | C 0:0.5241 | C 1:0.8527 | C 2:0.6612| C 3:0.6622| C 4:0.8857| C 5:0.9804| C 6:0.9013| C 7:0.9068| C 8:0.4107| C 9:0.7799| C 10:0.7234| C 11:0.9712
Epoch[138/300] | Loss:0.9128 |Acc: 62.1622|Pred Confidence: nan | C 0:0.6368 | C 1:0.8463 | C 2:0.7522| C 3:0.6446| C 4:0.8913| C 5:0.9861| C 6:0.8719| C 7:0.9082| C 8:0.4122| C 9:0.7704| C 10:0.7472| C 11:0.9693
Epoch[139/300] | Loss:0.8858 |Acc: 61.8919|Pred Confidence: nan | C 0:0.5235 | C 1:0.9126 | C 2:0.7529| C 3:0.6394| C 4:0.8969| C 5:0.9891| C 6:0.6814| C 7:0.9097| C 8:0.4280| C 9:0.7744| C 10:0.7275| C 11:0.9443
Epoch[140/300] | Loss:0.9546 |Acc: 60.2703|Pred Confidence: nan | C 0:0.6354 | C 1:0.8925 | C 2:0.7740| C 3:0.6356| C 4:0.8991| C 5:0.9965| C 6:0.8418| C 7:0.9070| C 8:0.4743| C 9:0.7611| C 10:0.7357| C 11:0.9390
Epoch[141/300] | Loss:0.9701 |Acc: 58.9189|Pred Confidence: nan | C 0:0.6314 | C 1:0.8755 | C 2:0.6810| C 3:0.6318| C 4:0.9021| C 5:0.9781| C 6:0.5707| C 7:0.9336| C 8:0.4751| C 9:0.7713| C 10:0.8240| C 11:0.9628
Epoch[142/300] | Loss:0.9386 |Acc: 60.5405|Pred Confidence: nan | C 0:0.3495 | C 1:0.9149 | C 2:0.8584| C 3:0.6577| C 4:0.9265| C 5:0.9878| C 6:0.6202| C 7:0.9210| C 8:0.4657| C 9:0.7930| C 10:0.9421| C 11:0.9275
Epoch[143/300] | Loss:0.8947 |Acc: 62.1622|Pred Confidence: nan | C 0:0.3157 | C 1:0.8485 | C 2:0.7491| C 3:0.6296| C 4:0.8742| C 5:0.9975| C 6:0.7663| C 7:0.9131| C 8:0.5084| C 9:0.7532| C 10:0.7062| C 11:0.9498
Epoch[144/300] | Loss:0.8720 |Acc: 63.2432|Pred Confidence: nan | C 0:0.3295 | C 1:0.8390 | C 2:0.8394| C 3:0.6741| C 4:0.8869| C 5:0.9872| C 6:0.6608| C 7:0.9449| C 8:0.4968| C 9:0.7680| C 10:0.7128| C 11:0.9561
Epoch[145/300] | Loss:0.8545 |Acc: 66.2162|Pred Confidence: nan | C 0:0.3266 | C 1:0.8271 | C 2:0.8287| C 3:0.6381| C 4:0.8872| C 5:0.9935| C 6:0.7002| C 7:0.9552| C 8:0.5266| C 9:0.7736| C 10:0.7194| C 11:0.8174
Epoch[146/300] | Loss:0.8188 |Acc: 64.0541|Pred Confidence: nan | C 0:0.3246 | C 1:0.8651 | C 2:0.8467| C 3:0.6508| C 4:0.8990| C 5:0.9896| C 6:0.6979| C 7:0.9559| C 8:0.5550| C 9:0.7999| C 10:0.9335| C 11:0.9495
Epoch[147/300] | Loss:0.8424 |Acc: 62.7027|Pred Confidence: nan | C 0:0.3255 | C 1:0.8797 | C 2:0.8469| C 3:0.6428| C 4:0.9113| C 5:0.9956| C 6:0.8689| C 7:0.9504| C 8:0.5510| C 9:0.7996| C 10:0.7428| C 11:0.9309
Epoch[148/300] | Loss:0.8255 |Acc: 66.4865|Pred Confidence: nan | C 0:0.3328 | C 1:0.8889 | C 2:0.8036| C 3:0.6576| C 4:0.9188| C 5:0.9886| C 6:0.6412| C 7:0.9529| C 8:0.4685| C 9:0.7839| C 10:0.7687| C 11:0.9563
Epoch[149/300] | Loss:0.8352 |Acc: 65.1351|Pred Confidence: nan | C 0:0.3490 | C 1:0.8748 | C 2:0.7867| C 3:0.7035| C 4:0.9219| C 5:0.9841| C 6:0.7668| C 7:0.9635| C 8:0.4838| C 9:0.7922| C 10:0.7669| C 11:0.9322
Epoch[150/300] | Loss:0.8280 |Acc: 64.5946|Pred Confidence: nan | C 0:0.3551 | C 1:0.8764 | C 2:0.8134| C 3:0.7230| C 4:0.9232| C 5:0.9964| C 6:0.6525| C 7:0.9689| C 8:0.4968| C 9:0.8014| C 10:0.7311| C 11:0.9537
Epoch[151/300] | Loss:0.8337 |Acc: 60.5405|Pred Confidence: nan | C 0:0.3478 | C 1:0.8779 | C 2:0.7348| C 3:0.7172| C 4:0.9247| C 5:0.9816| C 6:0.8667| C 7:0.9733| C 8:0.5070| C 9:0.7908| C 10:0.7356| C 11:0.9562
Epoch[152/300] | Loss:0.8423 |Acc: 63.2432|Pred Confidence: nan | C 0:0.3514 | C 1:0.9156 | C 2:0.7990| C 3:0.7211| C 4:0.9218| C 5:0.9789| C 6:0.7359| C 7:0.9747| C 8:0.5073| C 9:0.7955| C 10:0.7634| C 11:0.9522
Epoch[153/300] | Loss:0.7999 |Acc: 65.6757|Pred Confidence: nan | C 0:0.3525 | C 1:0.8686 | C 2:0.7435| C 3:0.6879| C 4:0.9245| C 5:0.9991| C 6:0.8844| C 7:0.9749| C 8:0.5136| C 9:0.7968| C 10:0.7649| C 11:0.9374
Epoch[154/300] | Loss:0.8014 |Acc: 64.0541|Pred Confidence: nan | C 0:0.3565 | C 1:0.9031 | C 2:0.8517| C 3:0.6940| C 4:0.9250| C 5:0.9983| C 6:0.7147| C 7:0.9765| C 8:0.5128| C 9:0.8139| C 10:0.7838| C 11:0.9615
Epoch[155/300] | Loss:0.8366 |Acc: 62.1622|Pred Confidence: nan | C 0:0.3592 | C 1:0.8895 | C 2:0.8652| C 3:0.6954| C 4:0.9262| C 5:0.9988| C 6:0.6448| C 7:0.9769| C 8:0.5164| C 9:0.8199| C 10:0.7468| C 11:0.9644
Epoch[156/300] | Loss:0.9136 |Acc: 58.9189|Pred Confidence: nan | C 0:0.3770 | C 1:0.9271 | C 2:0.7271| C 3:0.7107| C 4:0.9235| C 5:0.9930| C 6:0.6609| C 7:0.9773| C 8:0.5171| C 9:0.8244| C 10:0.8000| C 11:0.9575
Epoch[157/300] | Loss:0.8771 |Acc: 60.2703|Pred Confidence: nan | C 0:0.4158 | C 1:0.8058 | C 2:0.7338| C 3:0.6693| C 4:0.8624| C 5:0.9980| C 6:0.8695| C 7:0.9747| C 8:0.5220| C 9:0.8288| C 10:0.7161| C 11:0.9652
Epoch[158/300] | Loss:0.8182 |Acc: 60.2703|Pred Confidence: nan | C 0:0.4111 | C 1:0.8605 | C 2:0.7628| C 3:0.6677| C 4:0.8836| C 5:0.9986| C 6:0.7984| C 7:0.9718| C 8:0.5193| C 9:0.8175| C 10:0.7637| C 11:0.9433
Epoch[159/300] | Loss:0.7808 |Acc: 63.2432|Pred Confidence: nan | C 0:0.4154 | C 1:0.8350 | C 2:0.7780| C 3:0.6737| C 4:0.8899| C 5:0.9876| C 6:0.9275| C 7:0.9728| C 8:0.5475| C 9:0.8122| C 10:0.7693| C 11:0.9592
Epoch[160/300] | Loss:0.7613 |Acc: 63.2432|Pred Confidence: nan | C 0:0.4163 | C 1:0.8766 | C 2:0.7957| C 3:0.6934| C 4:0.8883| C 5:0.9969| C 6:0.9216| C 7:0.9797| C 8:0.5313| C 9:0.8242| C 10:0.8507| C 11:0.9600
Epoch[161/300] | Loss:0.7526 |Acc: 64.3243|Pred Confidence: nan | C 0:0.4112 | C 1:0.8673 | C 2:0.8377| C 3:0.6878| C 4:0.8918| C 5:0.9867| C 6:0.8890| C 7:0.9740| C 8:0.5335| C 9:0.7971| C 10:0.8664| C 11:0.9535
Epoch[162/300] | Loss:0.7709 |Acc: 64.0541|Pred Confidence: nan | C 0:0.4207 | C 1:0.9073 | C 2:0.8914| C 3:0.6937| C 4:0.9342| C 5:0.9977| C 6:0.7845| C 7:0.9748| C 8:0.5320| C 9:0.7975| C 10:0.8327| C 11:0.9291
Epoch[163/300] | Loss:0.7783 |Acc: 61.8919|Pred Confidence: nan | C 0:0.4204 | C 1:0.9229 | C 2:0.7775| C 3:0.6925| C 4:0.9333| C 5:0.9981| C 6:0.9075| C 7:0.9724| C 8:0.5396| C 9:0.8006| C 10:0.8708| C 11:0.9387
Epoch[164/300] | Loss:0.7629 |Acc: 62.1622|Pred Confidence: nan | C 0:0.4142 | C 1:0.9052 | C 2:0.8340| C 3:0.7048| C 4:0.9345| C 5:0.9847| C 6:0.9333| C 7:0.9761| C 8:0.5367| C 9:0.8041| C 10:0.8212| C 11:0.9611
Epoch[165/300] | Loss:0.7632 |Acc: 61.6216|Pred Confidence: nan | C 0:0.4283 | C 1:0.9031 | C 2:0.8588| C 3:0.6957| C 4:0.9348| C 5:0.9979| C 6:0.9401| C 7:0.9674| C 8:0.5265| C 9:0.8077| C 10:0.8987| C 11:0.9579
Epoch[166/300] | Loss:0.7519 |Acc: 63.5135|Pred Confidence: nan | C 0:0.4220 | C 1:0.9042 | C 2:0.7863| C 3:0.6993| C 4:0.8886| C 5:0.9984| C 6:0.8983| C 7:0.9640| C 8:0.5396| C 9:0.8057| C 10:0.9052| C 11:0.9460
Epoch[167/300] | Loss:0.7603 |Acc: 65.4054|Pred Confidence: nan | C 0:0.4268 | C 1:0.8972 | C 2:0.8156| C 3:0.6967| C 4:0.8914| C 5:0.9980| C 6:0.7520| C 7:0.9522| C 8:0.5308| C 9:0.8108| C 10:0.8691| C 11:0.9530
Epoch[168/300] | Loss:0.7838 |Acc: 63.7838|Pred Confidence: nan | C 0:0.4295 | C 1:0.8926 | C 2:0.9072| C 3:0.6956| C 4:0.8918| C 5:0.9962| C 6:0.7305| C 7:0.9394| C 8:0.5607| C 9:0.8139| C 10:0.8633| C 11:0.9341
Epoch[169/300] | Loss:0.8518 |Acc: 60.8108|Pred Confidence: nan | C 0:0.4315 | C 1:0.9055 | C 2:0.7812| C 3:0.7037| C 4:0.8905| C 5:0.9955| C 6:0.7324| C 7:0.9229| C 8:0.5538| C 9:0.8413| C 10:0.8289| C 11:0.9375
Epoch[170/300] | Loss:0.8490 |Acc: 64.0541|Pred Confidence: nan | C 0:0.4334 | C 1:0.8939 | C 2:0.7658| C 3:0.6733| C 4:0.8825| C 5:0.9972| C 6:0.6837| C 7:0.9181| C 8:0.5461| C 9:0.8184| C 10:0.8000| C 11:0.9730
Epoch[171/300] | Loss:0.8410 |Acc: 63.2432|Pred Confidence: nan | C 0:0.4267 | C 1:0.9022 | C 2:0.7813| C 3:0.7016| C 4:0.9013| C 5:0.9990| C 6:0.7589| C 7:0.9075| C 8:0.5394| C 9:0.8179| C 10:0.8576| C 11:0.9601
Epoch[172/300] | Loss:0.7859 |Acc: 65.9459|Pred Confidence: nan | C 0:0.4025 | C 1:0.8855 | C 2:0.7019| C 3:0.7517| C 4:0.9178| C 5:0.9856| C 6:0.7533| C 7:0.9290| C 8:0.5235| C 9:0.8221| C 10:0.7577| C 11:0.9576
Epoch[173/300] | Loss:0.7925 |Acc: 63.2432|Pred Confidence: nan | C 0:0.3978 | C 1:0.8782 | C 2:0.8267| C 3:0.7654| C 4:0.8946| C 5:0.9986| C 6:0.9006| C 7:0.9098| C 8:0.4350| C 9:0.8185| C 10:0.8959| C 11:0.9691
Epoch[174/300] | Loss:0.8232 |Acc: 60.8108|Pred Confidence: nan | C 0:0.3892 | C 1:0.8896 | C 2:0.8527| C 3:0.7380| C 4:0.9088| C 5:0.9973| C 6:0.7383| C 7:0.8818| C 8:0.4720| C 9:0.8089| C 10:0.8512| C 11:0.9843
Epoch[175/300] | Loss:0.7985 |Acc: 62.1622|Pred Confidence: nan | C 0:0.4138 | C 1:0.9039 | C 2:0.7655| C 3:0.8461| C 4:0.8964| C 5:0.9952| C 6:0.7650| C 7:0.9146| C 8:0.4794| C 9:0.8087| C 10:0.9060| C 11:0.9723
Epoch[176/300] | Loss:0.8308 |Acc: 64.5946|Pred Confidence: nan | C 0:0.3857 | C 1:0.8743 | C 2:0.8155| C 3:0.8337| C 4:0.8956| C 5:0.9863| C 6:0.7945| C 7:0.8588| C 8:0.6426| C 9:0.7875| C 10:0.8941| C 11:0.8731
Epoch[177/300] | Loss:0.8382 |Acc: 61.0811|Pred Confidence: nan | C 0:0.3645 | C 1:0.8844 | C 2:0.7910| C 3:0.7891| C 4:0.8851| C 5:0.9979| C 6:0.8971| C 7:0.8663| C 8:0.6116| C 9:0.8007| C 10:0.9084| C 11:0.9567
Epoch[178/300] | Loss:0.8558 |Acc: 58.3784|Pred Confidence: nan | C 0:0.3985 | C 1:0.9149 | C 2:0.8393| C 3:0.7507| C 4:0.8843| C 5:0.9869| C 6:0.7910| C 7:0.8703| C 8:0.5941| C 9:0.8965| C 10:0.8561| C 11:0.9329
Epoch[179/300] | Loss:0.8099 |Acc: 62.9730|Pred Confidence: nan | C 0:0.4166 | C 1:0.8956 | C 2:0.8102| C 3:0.7573| C 4:0.8988| C 5:0.9971| C 6:0.7187| C 7:0.8338| C 8:0.4278| C 9:0.8250| C 10:0.8684| C 11:0.9646
Epoch[180/300] | Loss:0.7751 |Acc: 62.1622|Pred Confidence: nan | C 0:0.4255 | C 1:0.9241 | C 2:0.8947| C 3:0.7704| C 4:0.8925| C 5:0.9891| C 6:0.9175| C 7:0.8908| C 8:0.4401| C 9:0.8117| C 10:0.8879| C 11:0.9817
Epoch[181/300] | Loss:0.7528 |Acc: 64.8649|Pred Confidence: nan | C 0:0.4308 | C 1:0.9185 | C 2:0.7874| C 3:0.7408| C 4:0.8900| C 5:0.9929| C 6:0.7728| C 7:0.9012| C 8:0.4586| C 9:0.8467| C 10:0.9311| C 11:0.9701
Epoch[182/300] | Loss:0.7387 |Acc: 65.6757|Pred Confidence: nan | C 0:0.4392 | C 1:0.9119 | C 2:0.9086| C 3:0.7686| C 4:0.6740| C 5:0.9913| C 6:0.7854| C 7:0.9269| C 8:0.4735| C 9:0.8189| C 10:0.9364| C 11:0.9747
Epoch[183/300] | Loss:0.7276 |Acc: 62.7027|Pred Confidence: nan | C 0:0.4344 | C 1:0.9347 | C 2:0.9010| C 3:0.7335| C 4:0.8972| C 5:0.9932| C 6:0.9324| C 7:0.9263| C 8:0.4821| C 9:0.8275| C 10:0.9542| C 11:0.9791
Epoch[184/300] | Loss:0.7156 |Acc: 67.0270|Pred Confidence: nan | C 0:0.4577 | C 1:0.9348 | C 2:0.8333| C 3:0.7668| C 4:0.6755| C 5:0.9964| C 6:0.7875| C 7:0.9271| C 8:0.4940| C 9:0.8291| C 10:0.9494| C 11:0.9416
Epoch[185/300] | Loss:0.7243 |Acc: 69.4595|Pred Confidence: 0.79 | C 0:0.4672 | C 1:0.9323 | C 2:0.8920| C 3:0.7453| C 4:0.6884| C 5:0.9934| C 6:0.7124| C 7:0.8700| C 8:0.4861| C 9:0.8249| C 10:0.9366| C 11:0.9788
Epoch[186/300] | Loss:0.7255 |Acc: 65.4054|Pred Confidence: nan | C 0:0.4611 | C 1:0.9347 | C 2:0.9045| C 3:0.7558| C 4:0.7146| C 5:0.9961| C 6:0.8046| C 7:0.9372| C 8:0.5042| C 9:0.8273| C 10:0.9304| C 11:0.9386
Epoch[187/300] | Loss:0.7333 |Acc: 64.8649|Pred Confidence: nan | C 0:0.4776 | C 1:0.9088 | C 2:0.8213| C 3:0.7640| C 4:0.7132| C 5:0.9863| C 6:0.9503| C 7:0.8741| C 8:0.5007| C 9:0.8240| C 10:0.9468| C 11:0.9825
Epoch[188/300] | Loss:0.7239 |Acc: 64.0541|Pred Confidence: nan | C 0:0.4764 | C 1:0.9175 | C 2:0.8939| C 3:0.7744| C 4:0.7209| C 5:0.9986| C 6:0.9635| C 7:0.8826| C 8:0.5079| C 9:0.8421| C 10:0.8879| C 11:0.9778
Epoch[189/300] | Loss:0.7377 |Acc: 67.0270|Pred Confidence: 0.80 | C 0:0.4689 | C 1:0.9220 | C 2:0.8894| C 3:0.7678| C 4:0.7193| C 5:0.9986| C 6:0.7161| C 7:0.9531| C 8:0.5195| C 9:0.8369| C 10:0.8919| C 11:0.9439
Epoch[190/300] | Loss:0.7293 |Acc: 68.9189|Pred Confidence: 0.78 | C 0:0.4810 | C 1:0.9216 | C 2:0.9019| C 3:0.7714| C 4:0.7273| C 5:0.9915| C 6:0.7138| C 7:0.8764| C 8:0.4927| C 9:0.8340| C 10:0.8853| C 11:0.9470
Epoch[191/300] | Loss:0.8106 |Acc: 65.9459|Pred Confidence: nan | C 0:0.4866 | C 1:0.9199 | C 2:0.8341| C 3:0.7469| C 4:0.7165| C 5:0.9913| C 6:0.6987| C 7:0.8880| C 8:0.5115| C 9:0.8369| C 10:0.8934| C 11:0.9635
Epoch[192/300] | Loss:0.8728 |Acc: 64.3243|Pred Confidence: nan | C 0:0.4674 | C 1:0.8945 | C 2:0.7897| C 3:0.7606| C 4:0.7103| C 5:0.9994| C 6:0.6040| C 7:0.8749| C 8:0.5939| C 9:0.8126| C 10:0.9460| C 11:0.9347
Epoch[193/300] | Loss:0.8596 |Acc: 66.2162|Pred Confidence: nan | C 0:0.4694 | C 1:0.9170 | C 2:0.7410| C 3:0.7612| C 4:0.7128| C 5:0.9917| C 6:0.6670| C 7:0.8887| C 8:0.6451| C 9:0.8045| C 10:0.8082| C 11:0.8834
Epoch[194/300] | Loss:0.9135 |Acc: 62.4324|Pred Confidence: nan | C 0:0.4682 | C 1:0.9667 | C 2:0.8541| C 3:0.7625| C 4:0.9216| C 5:0.9998| C 6:0.7580| C 7:0.8774| C 8:0.5808| C 9:0.8106| C 10:0.8220| C 11:0.9360
Epoch[195/300] | Loss:0.8965 |Acc: 61.0811|Pred Confidence: nan | C 0:0.4017 | C 1:0.9277 | C 2:0.8642| C 3:0.7655| C 4:0.9109| C 5:0.9944| C 6:0.5457| C 7:0.9675| C 8:0.5507| C 9:0.8043| C 10:0.7410| C 11:0.9559
Epoch[196/300] | Loss:0.8760 |Acc: 61.0811|Pred Confidence: nan | C 0:0.3754 | C 1:0.9380 | C 2:0.6600| C 3:0.7636| C 4:0.9287| C 5:0.9750| C 6:0.6377| C 7:0.9643| C 8:0.5891| C 9:0.7940| C 10:0.9051| C 11:0.9818
Epoch[197/300] | Loss:0.7900 |Acc: 62.9730|Pred Confidence: nan | C 0:0.5025 | C 1:0.8897 | C 2:0.7349| C 3:0.7993| C 4:0.9343| C 5:0.9998| C 6:0.6959| C 7:0.9702| C 8:0.4769| C 9:0.8331| C 10:0.7354| C 11:0.9890
Epoch[198/300] | Loss:0.7417 |Acc: 68.3784|Pred Confidence: nan | C 0:0.4368 | C 1:0.8315 | C 2:0.7952| C 3:0.7123| C 4:0.7105| C 5:0.9965| C 6:0.8690| C 7:0.9380| C 8:0.5307| C 9:0.8653| C 10:0.7202| C 11:0.9713
Epoch[199/300] | Loss:0.7031 |Acc: 70.2703|Pred Confidence: nan | C 0:0.4861 | C 1:0.8737 | C 2:0.8370| C 3:0.7629| C 4:0.7205| C 5:0.9980| C 6:0.7601| C 7:0.9049| C 8:0.5184| C 9:0.8618| C 10:0.8120| C 11:0.9840
Epoch[200/300] | Loss:0.6872 |Acc: 69.4595|Pred Confidence: nan | C 0:0.5023 | C 1:0.9110 | C 2:0.8019| C 3:0.7583| C 4:0.7355| C 5:0.9895| C 6:0.7678| C 7:0.9855| C 8:0.5537| C 9:0.8638| C 10:0.8816| C 11:0.9594
Epoch[201/300] | Loss:0.6936 |Acc: 67.8378|Pred Confidence: nan | C 0:0.5161 | C 1:0.8894 | C 2:0.7984| C 3:0.7499| C 4:0.7430| C 5:0.9848| C 6:0.8847| C 7:0.9311| C 8:0.5390| C 9:0.8664| C 10:0.9002| C 11:0.9600
Epoch[202/300] | Loss:0.7323 |Acc: 68.1081|Pred Confidence: 0.81 | C 0:0.5206 | C 1:0.9317 | C 2:0.8914| C 3:0.7827| C 4:0.7309| C 5:0.9940| C 6:0.6743| C 7:0.9896| C 8:0.5197| C 9:0.8382| C 10:0.9393| C 11:0.9716
Epoch[203/300] | Loss:0.6939 |Acc: 70.5405|Pred Confidence: 0.79 | C 0:0.5188 | C 1:0.8881 | C 2:0.7662| C 3:0.7724| C 4:0.7297| C 5:0.9842| C 6:0.7386| C 7:0.9839| C 8:0.5537| C 9:0.8278| C 10:0.8192| C 11:0.9610
Epoch[204/300] | Loss:0.7566 |Acc: 68.9189|Pred Confidence: nan | C 0:0.5155 | C 1:0.8840 | C 2:0.8845| C 3:0.7475| C 4:0.7312| C 5:0.9976| C 6:0.7144| C 7:0.9788| C 8:0.5612| C 9:0.8337| C 10:0.8178| C 11:0.9703
Epoch[205/300] | Loss:0.9653 |Acc: 64.3243|Pred Confidence: nan | C 0:0.5255 | C 1:0.8954 | C 2:0.7029| C 3:0.7549| C 4:0.7318| C 5:0.9847| C 6:0.6301| C 7:0.9836| C 8:0.5637| C 9:0.8428| C 10:0.7440| C 11:0.9499
Epoch[206/300] | Loss:0.8110 |Acc: 66.4865|Pred Confidence: 0.77 | C 0:0.4849 | C 1:0.9945 | C 2:0.8276| C 3:0.8026| C 4:0.6795| C 5:0.9998| C 6:0.6857| C 7:0.9530| C 8:0.5903| C 9:0.7799| C 10:0.7231| C 11:0.8369
Epoch[207/300] | Loss:0.8055 |Acc: 63.7838|Pred Confidence: nan | C 0:0.4439 | C 1:0.8239 | C 2:0.8384| C 3:0.8277| C 4:0.7068| C 5:0.9998| C 6:0.6415| C 7:0.9801| C 8:0.5646| C 9:0.8573| C 10:0.8347| C 11:0.9891
Epoch[208/300] | Loss:0.7897 |Acc: 66.7568|Pred Confidence: nan | C 0:0.5287 | C 1:0.8897 | C 2:0.7847| C 3:0.7880| C 4:0.9492| C 5:0.9993| C 6:0.7302| C 7:0.9721| C 8:0.5607| C 9:0.7843| C 10:0.7979| C 11:0.9377
Epoch[209/300] | Loss:0.8148 |Acc: 64.0541|Pred Confidence: nan | C 0:0.5320 | C 1:0.8741 | C 2:0.7981| C 3:0.7793| C 4:0.7187| C 5:0.9955| C 6:0.9960| C 7:0.9521| C 8:0.5609| C 9:0.7811| C 10:0.8539| C 11:0.9462
Epoch[210/300] | Loss:0.7588 |Acc: 66.2162|Pred Confidence: nan | C 0:0.5234 | C 1:0.9382 | C 2:0.7714| C 3:0.8284| C 4:0.7096| C 5:0.9971| C 6:0.6461| C 7:0.9682| C 8:0.5787| C 9:0.8465| C 10:0.8991| C 11:0.9643
Epoch[211/300] | Loss:0.7498 |Acc: 67.0270|Pred Confidence: nan | C 0:0.5108 | C 1:0.8881 | C 2:0.8365| C 3:0.8055| C 4:0.6826| C 5:0.9993| C 6:0.6876| C 7:0.9505| C 8:0.5111| C 9:0.7828| C 10:0.6477| C 11:0.9777
Epoch[212/300] | Loss:0.8580 |Acc: 61.6216|Pred Confidence: nan | C 0:0.8263 | C 1:0.8687 | C 2:0.8042| C 3:0.7857| C 4:0.9139| C 5:0.9925| C 6:0.8902| C 7:0.9618| C 8:0.5309| C 9:0.7847| C 10:0.7186| C 11:0.9656
Epoch[213/300] | Loss:0.7670 |Acc: 65.6757|Pred Confidence: nan | C 0:0.6458 | C 1:0.9198 | C 2:0.7301| C 3:0.8139| C 4:0.9002| C 5:0.9984| C 6:0.7370| C 7:0.9257| C 8:0.5102| C 9:0.6279| C 10:0.7253| C 11:0.9773
Epoch[214/300] | Loss:0.8553 |Acc: 61.3514|Pred Confidence: nan | C 0:0.4564 | C 1:0.9291 | C 2:0.9144| C 3:0.7902| C 4:0.9686| C 5:0.9810| C 6:0.6373| C 7:0.9415| C 8:0.5669| C 9:0.7739| C 10:0.8192| C 11:0.9867
Epoch[215/300] | Loss:0.7602 |Acc: 66.4865|Pred Confidence: nan | C 0:0.6717 | C 1:0.8403 | C 2:0.7139| C 3:0.8078| C 4:0.9377| C 5:0.9996| C 6:0.6999| C 7:0.9378| C 8:0.5354| C 9:0.7545| C 10:0.9927| C 11:0.9712
Epoch[216/300] | Loss:0.7808 |Acc: 61.8919|Pred Confidence: nan | C 0:0.6944 | C 1:0.8919 | C 2:0.8617| C 3:0.8349| C 4:0.9537| C 5:0.9991| C 6:0.6981| C 7:0.9547| C 8:0.6200| C 9:0.7075| C 10:0.8366| C 11:0.9859
Epoch[217/300] | Loss:1.0501 |Acc: 54.0541|Pred Confidence: nan | C 0:0.4589 | C 1:0.8780 | C 2:0.7759| C 3:0.7651| C 4:0.9420| C 5:0.9877| C 6:0.6372| C 7:0.8474| C 8:0.5751| C 9:0.8064| C 10:0.8715| C 11:0.9613
Epoch[218/300] | Loss:0.9518 |Acc: 58.1081|Pred Confidence: nan | C 0:0.5769 | C 1:0.9674 | C 2:0.7188| C 3:0.7917| C 4:0.9213| C 5:0.9997| C 6:0.6808| C 7:0.8993| C 8:0.4718| C 9:0.8609| C 10:0.8070| C 11:0.9358
Epoch[219/300] | Loss:0.7801 |Acc: 62.1622|Pred Confidence: nan | C 0:0.5515 | C 1:0.8990 | C 2:0.8355| C 3:0.7856| C 4:0.9173| C 5:0.9997| C 6:0.7755| C 7:0.8944| C 8:0.5016| C 9:0.7921| C 10:0.8939| C 11:0.9821
Epoch[220/300] | Loss:0.7326 |Acc: 67.2973|Pred Confidence: nan | C 0:0.5725 | C 1:0.8688 | C 2:0.8050| C 3:0.8057| C 4:0.9559| C 5:0.9986| C 6:0.6893| C 7:0.9044| C 8:0.5107| C 9:0.8521| C 10:0.9284| C 11:0.9905
Epoch[221/300] | Loss:0.7268 |Acc: 65.1351|Pred Confidence: nan | C 0:0.5871 | C 1:0.8721 | C 2:0.7950| C 3:0.8502| C 4:0.9645| C 5:0.9881| C 6:0.7924| C 7:0.9014| C 8:0.5563| C 9:0.8859| C 10:0.9182| C 11:0.9844
Epoch[222/300] | Loss:0.7460 |Acc: 62.9730|Pred Confidence: nan | C 0:0.6005 | C 1:0.8784 | C 2:0.8695| C 3:0.8232| C 4:0.9497| C 5:0.9991| C 6:0.7658| C 7:0.8854| C 8:0.5725| C 9:0.8859| C 10:0.9500| C 11:0.9824
Epoch[223/300] | Loss:0.7184 |Acc: 65.1351|Pred Confidence: nan | C 0:0.5991 | C 1:0.9014 | C 2:0.8079| C 3:0.8214| C 4:0.9562| C 5:0.9927| C 6:0.7764| C 7:0.9103| C 8:0.5259| C 9:0.9048| C 10:0.9535| C 11:0.9739
Epoch[224/300] | Loss:0.7150 |Acc: 66.4865|Pred Confidence: nan | C 0:0.5797 | C 1:0.9277 | C 2:0.8542| C 3:0.8308| C 4:0.9654| C 5:0.9969| C 6:0.7233| C 7:0.8735| C 8:0.5568| C 9:0.9024| C 10:0.9555| C 11:0.9859
Epoch[225/300] | Loss:0.7365 |Acc: 64.0541|Pred Confidence: nan | C 0:0.5663 | C 1:0.9194 | C 2:0.8027| C 3:0.8116| C 4:0.9570| C 5:0.9993| C 6:0.8110| C 7:0.9227| C 8:0.5248| C 9:0.8923| C 10:0.9534| C 11:0.9841
Epoch[226/300] | Loss:0.7666 |Acc: 64.5946|Pred Confidence: nan | C 0:0.4904 | C 1:0.8910 | C 2:0.7797| C 3:0.8422| C 4:0.9682| C 5:0.9992| C 6:0.7226| C 7:0.8914| C 8:0.5073| C 9:0.8867| C 10:0.9586| C 11:0.9878
Epoch[227/300] | Loss:0.7329 |Acc: 65.6757|Pred Confidence: nan | C 0:0.4871 | C 1:0.8977 | C 2:0.7690| C 3:0.8256| C 4:0.9700| C 5:0.9994| C 6:0.7343| C 7:0.8935| C 8:0.4716| C 9:0.8115| C 10:0.8614| C 11:0.9907
Epoch[228/300] | Loss:0.6766 |Acc: 70.8108|Pred Confidence: nan | C 0:0.4894 | C 1:0.9136 | C 2:0.8760| C 3:0.8727| C 4:0.9707| C 5:0.9992| C 6:0.7234| C 7:0.9380| C 8:0.4552| C 9:0.8454| C 10:0.9579| C 11:0.9909
Epoch[229/300] | Loss:0.6733 |Acc: 67.8378|Pred Confidence: nan | C 0:0.4892 | C 1:0.9094 | C 2:0.8131| C 3:0.8631| C 4:0.9730| C 5:0.9993| C 6:0.8119| C 7:0.9434| C 8:0.4881| C 9:0.9045| C 10:0.9540| C 11:0.9884
Epoch[230/300] | Loss:0.6934 |Acc: 68.3784|Pred Confidence: nan | C 0:0.4911 | C 1:0.9326 | C 2:0.9319| C 3:0.8713| C 4:0.9388| C 5:0.9984| C 6:0.7208| C 7:0.9485| C 8:0.4980| C 9:0.8655| C 10:0.9747| C 11:0.9929
Epoch[231/300] | Loss:0.7189 |Acc: 66.7568|Pred Confidence: nan | C 0:0.5090 | C 1:0.9189 | C 2:0.7561| C 3:0.8101| C 4:0.9124| C 5:0.9996| C 6:0.7383| C 7:0.9352| C 8:0.5322| C 9:0.8550| C 10:0.9618| C 11:0.9920
Epoch[232/300] | Loss:0.7735 |Acc: 66.4865|Pred Confidence: nan | C 0:0.4832 | C 1:0.9318 | C 2:0.7481| C 3:0.8449| C 4:0.9381| C 5:0.9996| C 6:0.7683| C 7:0.9172| C 8:0.4933| C 9:0.8430| C 10:0.8352| C 11:0.9937
Epoch[233/300] | Loss:0.7489 |Acc: 68.9189|Pred Confidence: nan | C 0:0.4971 | C 1:0.9133 | C 2:0.9124| C 3:0.8088| C 4:0.9459| C 5:0.9996| C 6:0.6913| C 7:0.9424| C 8:0.4989| C 9:0.8437| C 10:0.8884| C 11:0.9886
Epoch[234/300] | Loss:0.7622 |Acc: 63.7838|Pred Confidence: nan | C 0:0.4965 | C 1:0.8579 | C 2:0.7853| C 3:0.8832| C 4:0.9774| C 5:0.9870| C 6:0.9478| C 7:0.9419| C 8:0.5031| C 9:0.8790| C 10:0.9624| C 11:0.9942
Epoch[235/300] | Loss:0.8317 |Acc: 65.1351|Pred Confidence: nan | C 0:0.5178 | C 1:0.8245 | C 2:0.7397| C 3:0.8880| C 4:0.9751| C 5:0.9996| C 6:0.5941| C 7:0.9257| C 8:0.5342| C 9:0.8811| C 10:0.7285| C 11:0.9889
Epoch[236/300] | Loss:0.7834 |Acc: 61.8919|Pred Confidence: nan | C 0:0.5160 | C 1:0.9804 | C 2:0.7926| C 3:0.8636| C 4:0.9378| C 5:0.9998| C 6:0.7298| C 7:0.9187| C 8:0.5316| C 9:0.8825| C 10:0.9579| C 11:0.9912
Epoch[237/300] | Loss:0.6953 |Acc: 67.0270|Pred Confidence: nan | C 0:0.5123 | C 1:0.8854 | C 2:0.8670| C 3:0.8881| C 4:0.9211| C 5:0.9904| C 6:0.9467| C 7:0.9244| C 8:0.4916| C 9:0.8810| C 10:0.8508| C 11:0.9694
Epoch[238/300] | Loss:0.7179 |Acc: 67.0270|Pred Confidence: nan | C 0:0.4965 | C 1:0.8345 | C 2:0.9172| C 3:0.8836| C 4:0.9199| C 5:0.9995| C 6:0.7258| C 7:0.9329| C 8:0.4959| C 9:0.8848| C 10:0.9786| C 11:0.8940
Epoch[239/300] | Loss:0.6823 |Acc: 72.7027|Pred Confidence: nan | C 0:0.5179 | C 1:0.8932 | C 2:0.8557| C 3:0.8902| C 4:0.9261| C 5:0.9988| C 6:0.6323| C 7:0.9310| C 8:0.4908| C 9:0.8862| C 10:0.9644| C 11:0.8635
Epoch[240/300] | Loss:0.7022 |Acc: 69.4595|Pred Confidence: nan | C 0:0.5005 | C 1:0.8840 | C 2:0.8655| C 3:0.8873| C 4:0.9208| C 5:0.9923| C 6:0.7272| C 7:0.9231| C 8:0.4860| C 9:0.8879| C 10:0.8753| C 11:0.9939
Epoch[241/300] | Loss:0.7148 |Acc: 70.8108|Pred Confidence: nan | C 0:0.4985 | C 1:0.8995 | C 2:0.9516| C 3:0.8914| C 4:0.9247| C 5:0.9990| C 6:0.6574| C 7:0.9375| C 8:0.4881| C 9:0.8902| C 10:0.7624| C 11:0.9166
Epoch[242/300] | Loss:0.6972 |Acc: 68.3784|Pred Confidence: nan | C 0:0.5023 | C 1:0.8787 | C 2:0.9192| C 3:0.8859| C 4:0.9233| C 5:0.9993| C 6:0.7481| C 7:0.9381| C 8:0.4917| C 9:0.8911| C 10:0.8356| C 11:0.9846
Epoch[243/300] | Loss:0.7183 |Acc: 68.6486|Pred Confidence: nan | C 0:0.4997 | C 1:0.8972 | C 2:0.9029| C 3:0.8884| C 4:0.9295| C 5:0.9995| C 6:0.8381| C 7:0.9370| C 8:0.5175| C 9:0.8899| C 10:0.7664| C 11:0.9010
Epoch[244/300] | Loss:0.7301 |Acc: 66.7568|Pred Confidence: nan | C 0:0.6102 | C 1:0.8640 | C 2:0.8480| C 3:0.8756| C 4:0.9232| C 5:0.9982| C 6:0.7046| C 7:0.9355| C 8:0.5117| C 9:0.8900| C 10:0.9988| C 11:0.9901
Epoch[245/300] | Loss:0.7860 |Acc: 62.9730|Pred Confidence: nan | C 0:0.4989 | C 1:0.8738 | C 2:0.8972| C 3:0.8912| C 4:0.9212| C 5:0.9995| C 6:0.7444| C 7:0.9279| C 8:0.4702| C 9:0.8906| C 10:0.7586| C 11:0.9746
Epoch[246/300] | Loss:0.7515 |Acc: 66.2162|Pred Confidence: nan | C 0:0.5327 | C 1:0.9032 | C 2:0.7504| C 3:0.8692| C 4:0.9176| C 5:0.9982| C 6:0.6961| C 7:0.9049| C 8:0.4829| C 9:0.8827| C 10:0.9813| C 11:0.9909
Epoch[247/300] | Loss:0.8040 |Acc: 63.5135|Pred Confidence: nan | C 0:0.6033 | C 1:0.8684 | C 2:0.8092| C 3:0.7834| C 4:0.8994| C 5:0.9982| C 6:0.6648| C 7:0.9428| C 8:0.4842| C 9:0.8881| C 10:0.6623| C 11:0.9867
Epoch[248/300] | Loss:0.7504 |Acc: 65.9459|Pred Confidence: nan | C 0:0.5000 | C 1:0.8997 | C 2:0.8570| C 3:0.8946| C 4:0.9283| C 5:0.9997| C 6:0.7929| C 7:0.9371| C 8:0.4986| C 9:0.8921| C 10:0.7135| C 11:0.9702
Epoch[249/300] | Loss:0.7274 |Acc: 64.5946|Pred Confidence: nan | C 0:0.5088 | C 1:0.8576 | C 2:0.8379| C 3:0.9029| C 4:0.9209| C 5:0.9997| C 6:0.8309| C 7:0.9495| C 8:0.4709| C 9:0.9032| C 10:0.7349| C 11:0.9848
Epoch[250/300] | Loss:0.7277 |Acc: 67.2973|Pred Confidence: nan | C 0:0.6183 | C 1:0.8903 | C 2:0.8498| C 3:0.8408| C 4:0.9291| C 5:0.9997| C 6:0.8874| C 7:0.9449| C 8:0.4777| C 9:0.8760| C 10:0.7756| C 11:0.8997
Epoch[251/300] | Loss:0.7342 |Acc: 67.2973|Pred Confidence: nan | C 0:0.6189 | C 1:0.8713 | C 2:0.8964| C 3:0.8968| C 4:0.9322| C 5:0.9944| C 6:0.9067| C 7:0.9548| C 8:0.4772| C 9:0.8717| C 10:0.7351| C 11:0.9843
Epoch[252/300] | Loss:0.7401 |Acc: 68.9189|Pred Confidence: nan | C 0:0.5914 | C 1:0.8862 | C 2:0.9418| C 3:0.8896| C 4:0.9321| C 5:0.9910| C 6:0.6450| C 7:0.9537| C 8:0.4734| C 9:0.8694| C 10:0.8323| C 11:0.9785
Epoch[253/300] | Loss:0.6854 |Acc: 69.7297|Pred Confidence: nan | C 0:0.5916 | C 1:0.9053 | C 2:0.9068| C 3:0.8353| C 4:0.9242| C 5:0.9988| C 6:0.7576| C 7:0.9397| C 8:0.4603| C 9:0.8679| C 10:0.8709| C 11:0.9721
Epoch[254/300] | Loss:0.6851 |Acc: 68.6486|Pred Confidence: nan | C 0:0.5085 | C 1:0.8877 | C 2:0.9181| C 3:0.7721| C 4:0.9315| C 5:0.9989| C 6:0.7812| C 7:0.9573| C 8:0.4564| C 9:0.8463| C 10:0.9404| C 11:0.9925
Epoch[255/300] | Loss:0.7876 |Acc: 60.8108|Pred Confidence: nan | C 0:0.4280 | C 1:0.9090 | C 2:0.9282| C 3:0.8037| C 4:0.9068| C 5:0.9993| C 6:0.7876| C 7:0.9341| C 8:0.4974| C 9:0.8034| C 10:0.9594| C 11:0.9928
Epoch[256/300] | Loss:0.7087 |Acc: 65.1351|Pred Confidence: nan | C 0:0.4976 | C 1:0.8992 | C 2:0.8887| C 3:0.8025| C 4:0.9763| C 5:0.9950| C 6:0.8129| C 7:0.9648| C 8:0.5430| C 9:0.8277| C 10:0.9528| C 11:0.8929
Epoch[257/300] | Loss:0.6672 |Acc: 67.8378|Pred Confidence: nan | C 0:0.5490 | C 1:0.8917 | C 2:0.8758| C 3:0.8449| C 4:0.7462| C 5:0.9936| C 6:0.8983| C 7:0.9319| C 8:0.5011| C 9:0.8076| C 10:0.9754| C 11:0.8593
Epoch[258/300] | Loss:0.6311 |Acc: 76.4865|Pred Confidence: 0.80 | C 0:0.5267 | C 1:0.8600 | C 2:0.8664| C 3:0.8295| C 4:0.8399| C 5:0.9958| C 6:0.6973| C 7:0.8959| C 8:0.5343| C 9:0.8359| C 10:0.9652| C 11:0.8900
Epoch[259/300] | Loss:0.6109 |Acc: 74.3243|Pred Confidence: 0.84 | C 0:0.5491 | C 1:0.9400 | C 2:0.8781| C 3:0.8828| C 4:0.8681| C 5:0.9928| C 6:0.6851| C 7:0.9842| C 8:0.5111| C 9:0.8934| C 10:0.9827| C 11:0.9029
Epoch[260/300] | Loss:0.6004 |Acc: 77.2973|Pred Confidence: 0.83 | C 0:0.5527 | C 1:0.9172 | C 2:0.8517| C 3:0.8826| C 4:0.8819| C 5:0.9869| C 6:0.7306| C 7:0.9276| C 8:0.5120| C 9:0.8806| C 10:0.9662| C 11:0.9000
Epoch[261/300] | Loss:0.6226 |Acc: 71.8919|Pred Confidence: nan | C 0:0.5537 | C 1:0.9271 | C 2:0.9033| C 3:0.8792| C 4:0.8665| C 5:0.9936| C 6:0.7777| C 7:0.9489| C 8:0.5415| C 9:0.8719| C 10:0.9904| C 11:0.9874
Epoch[262/300] | Loss:0.6411 |Acc: 73.7838|Pred Confidence: 0.83 | C 0:0.5567 | C 1:0.9096 | C 2:0.8701| C 3:0.8710| C 4:0.8428| C 5:0.9999| C 6:0.7437| C 7:0.9483| C 8:0.5188| C 9:0.8850| C 10:0.9596| C 11:0.9005
Epoch[263/300] | Loss:0.6297 |Acc: 72.1622|Pred Confidence: nan | C 0:0.5512 | C 1:0.8900 | C 2:0.8998| C 3:0.8148| C 4:0.8356| C 5:0.9999| C 6:0.7074| C 7:0.9310| C 8:0.5237| C 9:0.8831| C 10:0.8846| C 11:0.8993
Epoch[264/300] | Loss:0.6365 |Acc: 76.2162|Pred Confidence: 0.80 | C 0:0.5485 | C 1:0.8953 | C 2:0.8156| C 3:0.8026| C 4:0.8444| C 5:0.9987| C 6:0.7337| C 7:0.9177| C 8:0.5366| C 9:0.8864| C 10:0.8668| C 11:0.8917
Epoch[265/300] | Loss:0.6874 |Acc: 70.5405|Pred Confidence: nan | C 0:0.5589 | C 1:0.8754 | C 2:0.8690| C 3:0.7832| C 4:0.8369| C 5:0.9868| C 6:0.9655| C 7:0.9535| C 8:0.5707| C 9:0.8809| C 10:0.8069| C 11:0.8918
Epoch[266/300] | Loss:0.6626 |Acc: 67.5676|Pred Confidence: nan | C 0:0.6360 | C 1:0.8534 | C 2:0.8509| C 3:0.8725| C 4:0.8566| C 5:0.9995| C 6:0.8092| C 7:0.9279| C 8:0.5344| C 9:0.8720| C 10:0.8931| C 11:0.9929
Epoch[267/300] | Loss:0.7075 |Acc: 69.1892|Pred Confidence: nan | C 0:0.5847 | C 1:0.8555 | C 2:0.9189| C 3:0.8539| C 4:0.8427| C 5:0.9998| C 6:0.8011| C 7:0.9664| C 8:0.5508| C 9:0.8586| C 10:0.9682| C 11:0.8818
Epoch[268/300] | Loss:0.6197 |Acc: 68.1081|Pred Confidence: nan | C 0:0.5621 | C 1:0.9163 | C 2:0.8488| C 3:0.8405| C 4:0.8255| C 5:0.9930| C 6:0.8533| C 7:0.9391| C 8:0.5477| C 9:0.8649| C 10:0.9851| C 11:0.9072
Epoch[269/300] | Loss:0.6247 |Acc: 75.6757|Pred Confidence: 0.82 | C 0:0.6044 | C 1:0.8907 | C 2:0.8839| C 3:0.8304| C 4:0.8731| C 5:0.9880| C 6:0.7343| C 7:0.9501| C 8:0.5520| C 9:0.8679| C 10:0.9005| C 11:0.8964
Epoch[270/300] | Loss:0.6137 |Acc: 71.8919|Pred Confidence: nan | C 0:0.5898 | C 1:0.9168 | C 2:0.9204| C 3:0.8887| C 4:0.8449| C 5:0.9983| C 6:0.8075| C 7:0.9272| C 8:0.5630| C 9:0.8712| C 10:0.8615| C 11:0.9206
Epoch[271/300] | Loss:0.6045 |Acc: 74.5946|Pred Confidence: 0.83 | C 0:0.6757 | C 1:0.9259 | C 2:0.8444| C 3:0.8837| C 4:0.8823| C 5:0.9886| C 6:0.7557| C 7:0.9275| C 8:0.5748| C 9:0.9130| C 10:0.8616| C 11:0.9082
Epoch[272/300] | Loss:0.6358 |Acc: 67.2973|Pred Confidence: nan | C 0:0.6545 | C 1:0.9104 | C 2:0.9283| C 3:0.8871| C 4:0.8753| C 5:0.9989| C 6:0.9572| C 7:0.9875| C 8:0.5664| C 9:0.9324| C 10:0.8548| C 11:0.9118
Epoch[273/300] | Loss:0.6575 |Acc: 72.7027|Pred Confidence: nan | C 0:0.5508 | C 1:0.9172 | C 2:0.8439| C 3:0.8894| C 4:0.8438| C 5:0.9995| C 6:0.7563| C 7:0.9844| C 8:0.5500| C 9:0.9222| C 10:0.9477| C 11:0.9104
Epoch[274/300] | Loss:0.7719 |Acc: 66.7568|Pred Confidence: nan | C 0:0.5348 | C 1:0.8960 | C 2:0.9389| C 3:0.8898| C 4:0.7640| C 5:0.9934| C 6:0.7725| C 7:0.9823| C 8:0.5363| C 9:0.9316| C 10:0.7713| C 11:0.8580
Epoch[275/300] | Loss:0.7333 |Acc: 68.9189|Pred Confidence: nan | C 0:0.5477 | C 1:0.8695 | C 2:0.7242| C 3:0.8824| C 4:0.8519| C 5:0.9962| C 6:0.6997| C 7:0.9887| C 8:0.5110| C 9:0.8865| C 10:0.9077| C 11:0.9734
Epoch[276/300] | Loss:0.7174 |Acc: 70.2703|Pred Confidence: nan | C 0:0.5483 | C 1:0.8835 | C 2:0.8670| C 3:0.9151| C 4:0.7748| C 5:0.9992| C 6:0.6342| C 7:0.9844| C 8:0.5204| C 9:0.8445| C 10:0.8327| C 11:0.9841
Epoch[277/300] | Loss:0.6993 |Acc: 68.6486|Pred Confidence: nan | C 0:0.5551 | C 1:0.8820 | C 2:0.9112| C 3:0.9065| C 4:0.7466| C 5:0.9925| C 6:0.7078| C 7:0.9867| C 8:0.5283| C 9:0.8537| C 10:0.9301| C 11:0.9961
Epoch[278/300] | Loss:0.6640 |Acc: 73.7838|Pred Confidence: 0.81 | C 0:0.5540 | C 1:0.9367 | C 2:0.8643| C 3:0.8818| C 4:0.7458| C 5:0.9869| C 6:0.6163| C 7:0.9856| C 8:0.5283| C 9:0.8685| C 10:0.8831| C 11:0.9215
Epoch[279/300] | Loss:0.7438 |Acc: 71.6216|Pred Confidence: 0.80 | C 0:0.5180 | C 1:0.8609 | C 2:0.8518| C 3:0.8655| C 4:0.7571| C 5:0.9986| C 6:0.6821| C 7:0.9869| C 8:0.5069| C 9:0.8857| C 10:0.8865| C 11:0.8694
Epoch[280/300] | Loss:0.7792 |Acc: 68.1081|Pred Confidence: nan | C 0:0.3896 | C 1:0.8640 | C 2:0.8614| C 3:0.7996| C 4:0.9217| C 5:0.9982| C 6:0.6747| C 7:0.9559| C 8:0.4624| C 9:0.7368| C 10:0.9724| C 11:0.8829
Epoch[281/300] | Loss:0.7234 |Acc: 69.4595|Pred Confidence: nan | C 0:0.4762 | C 1:0.8884 | C 2:0.8664| C 3:0.8150| C 4:0.9793| C 5:0.9991| C 6:0.6991| C 7:0.9685| C 8:0.5347| C 9:0.7053| C 10:0.9903| C 11:0.8840
Epoch[282/300] | Loss:0.6785 |Acc: 70.8108|Pred Confidence: 0.80 | C 0:0.5163 | C 1:0.8592 | C 2:0.8699| C 3:0.8037| C 4:0.8278| C 5:0.9992| C 6:0.7271| C 7:0.9046| C 8:0.4969| C 9:0.8118| C 10:0.9893| C 11:0.9095
Epoch[283/300] | Loss:0.6517 |Acc: 70.5405|Pred Confidence: nan | C 0:0.4933 | C 1:0.8806 | C 2:0.8825| C 3:0.8291| C 4:0.8986| C 5:0.9892| C 6:0.7193| C 7:0.9763| C 8:0.5460| C 9:0.8349| C 10:0.9894| C 11:0.9087
Epoch[284/300] | Loss:0.6494 |Acc: 72.1622|Pred Confidence: 0.83 | C 0:0.5001 | C 1:0.9406 | C 2:0.8737| C 3:0.9038| C 4:0.8915| C 5:0.9988| C 6:0.7047| C 7:0.9851| C 8:0.5235| C 9:0.8794| C 10:0.9664| C 11:0.9128
Epoch[285/300] | Loss:0.6220 |Acc: 72.9730|Pred Confidence: 0.83 | C 0:0.4846 | C 1:0.9085 | C 2:0.8840| C 3:0.9096| C 4:0.8415| C 5:0.9995| C 6:0.7314| C 7:0.9856| C 8:0.5440| C 9:0.8706| C 10:0.9807| C 11:0.9305
Epoch[286/300] | Loss:0.6701 |Acc: 68.1081|Pred Confidence: nan | C 0:0.4989 | C 1:0.9024 | C 2:0.8898| C 3:0.8898| C 4:0.8829| C 5:0.9997| C 6:0.8854| C 7:0.9916| C 8:0.5627| C 9:0.8802| C 10:0.8071| C 11:0.9068
Epoch[287/300] | Loss:0.7287 |Acc: 66.2162|Pred Confidence: nan | C 0:0.5412 | C 1:0.8595 | C 2:0.8123| C 3:0.9034| C 4:0.8897| C 5:0.9964| C 6:0.6673| C 7:0.9851| C 8:0.5678| C 9:0.8978| C 10:0.7414| C 11:0.9813
Epoch[288/300] | Loss:0.7891 |Acc: 66.4865|Pred Confidence: 0.80 | C 0:0.5107 | C 1:0.8439 | C 2:0.8945| C 3:0.8576| C 4:0.8685| C 5:0.9997| C 6:0.6516| C 7:0.9858| C 8:0.5635| C 9:0.8384| C 10:0.7517| C 11:0.9878
Epoch[289/300] | Loss:0.7351 |Acc: 65.1351|Pred Confidence: nan | C 0:0.5224 | C 1:0.8900 | C 2:0.8168| C 3:0.8716| C 4:0.8504| C 5:0.9995| C 6:0.7159| C 7:0.9880| C 8:0.5495| C 9:0.8488| C 10:0.8070| C 11:0.9817
Epoch[290/300] | Loss:0.8183 |Acc: 64.3243|Pred Confidence: nan | C 0:0.4993 | C 1:0.8959 | C 2:0.8032| C 3:0.9228| C 4:0.8696| C 5:0.9970| C 6:0.7019| C 7:0.9805| C 8:0.5422| C 9:0.8462| C 10:0.8340| C 11:0.9849
Epoch[291/300] | Loss:0.7571 |Acc: 69.1892|Pred Confidence: nan | C 0:0.5106 | C 1:0.9006 | C 2:0.8212| C 3:0.8794| C 4:0.8595| C 5:0.9981| C 6:0.7107| C 7:0.9806| C 8:0.5233| C 9:0.8376| C 10:0.8451| C 11:0.9878
Epoch[292/300] | Loss:0.6712 |Acc: 70.8108|Pred Confidence: nan | C 0:0.5097 | C 1:0.8369 | C 2:0.8620| C 3:0.8683| C 4:0.8697| C 5:0.9976| C 6:0.7469| C 7:0.9750| C 8:0.5360| C 9:0.8950| C 10:0.8367| C 11:0.8712
Epoch[293/300] | Loss:0.6229 |Acc: 71.6216|Pred Confidence: nan | C 0:0.5345 | C 1:0.8629 | C 2:0.8564| C 3:0.8854| C 4:0.8613| C 5:0.9992| C 6:0.8024| C 7:0.9797| C 8:0.5336| C 9:0.8756| C 10:0.9480| C 11:0.8872
Epoch[294/300] | Loss:0.6036 |Acc: 71.0811|Pred Confidence: nan | C 0:0.5421 | C 1:0.8845 | C 2:0.9006| C 3:0.8898| C 4:0.8756| C 5:0.9992| C 6:0.8048| C 7:0.9830| C 8:0.5327| C 9:0.9018| C 10:0.9913| C 11:0.9197
Epoch[295/300] | Loss:0.6288 |Acc: 72.9730|Pred Confidence: 0.84 | C 0:0.5453 | C 1:0.8936 | C 2:0.9294| C 3:0.8964| C 4:0.8776| C 5:0.9994| C 6:0.7469| C 7:0.9815| C 8:0.5420| C 9:0.9071| C 10:0.9894| C 11:0.9013
Epoch[296/300] | Loss:0.5892 |Acc: 71.6216|Pred Confidence: nan | C 0:0.5480 | C 1:0.9148 | C 2:0.8689| C 3:0.8736| C 4:0.8853| C 5:0.9996| C 6:0.8200| C 7:0.9774| C 8:0.5399| C 9:0.8669| C 10:0.9898| C 11:0.9135
Epoch[297/300] | Loss:0.5869 |Acc: 71.6216|Pred Confidence: nan | C 0:0.5494 | C 1:0.9196 | C 2:0.8790| C 3:0.8706| C 4:0.8997| C 5:0.9995| C 6:0.8135| C 7:0.9785| C 8:0.5473| C 9:0.8673| C 10:0.9951| C 11:0.9036
Epoch[298/300] | Loss:0.5788 |Acc: 74.8649|Pred Confidence: 0.84 | C 0:0.5565 | C 1:0.9403 | C 2:0.8869| C 3:0.8568| C 4:0.9086| C 5:0.9991| C 6:0.7247| C 7:0.9816| C 8:0.5354| C 9:0.8713| C 10:0.9982| C 11:0.9208
Epoch[299/300] | Loss:0.5822 |Acc: 75.6757|Pred Confidence: 0.85 | C 0:0.5566 | C 1:0.9365 | C 2:0.8725| C 3:0.9105| C 4:0.9191| C 5:0.9996| C 6:0.7513| C 7:0.9782| C 8:0.5342| C 9:0.8969| C 10:0.9937| C 11:0.9347
Epoch[300/300] | Loss:0.5807 |Acc: 72.9730|Pred Confidence: 0.86 | C 0:0.6807 | C 1:0.9269 | C 2:0.9104| C 3:0.8905| C 4:0.9169| C 5:0.9997| C 6:0.7432| C 7:0.9843| C 8:0.5282| C 9:0.9035| C 10:0.9974| C 11:0.9289
Test 1 Accuracy 30.662983425414364 | Confidence ({0: array([0.56913435], dtype=float32), 1: array([0.6256695], dtype=float32), 2: array([0.79317755], dtype=float32), 3: array([0.951915], dtype=float32), 4: array([0.9791156], dtype=float32), 5: array([0.9859075], dtype=float32), 6: array([0.6919098], dtype=float32), 7: array([0.8745413], dtype=float32), 8: array([0.4085969], dtype=float32), 9: array([0.8060787], dtype=float32), 10: array([0.8918302], dtype=float32), 11: array([0.81070846], dtype=float32)}, 0.7823821)
Train 1 Accuracy 78.1767955801105 | Confidence ({0: array([0.53739995], dtype=float32), 1: array([0.9181693], dtype=float32), 2: array([0.9102996], dtype=float32), 3: array([0.80115634], dtype=float32), 4: array([0.9438163], dtype=float32), 5: array([0.98253787], dtype=float32), 6: array([0.7047032], dtype=float32), 7: array([0.9787829], dtype=float32), 8: array([0.54774255], dtype=float32), 9: array([0.8365041], dtype=float32), 10: array([0.7843261], dtype=float32), 11: array([0.94642156], dtype=float32)}, 0.8243217)
