Config: 
 {
  "model_name": "gun_point_rnn_ce",
  "model_save_path": "/tmp/",
  "model": "rnn",
  "loss": "ce",
  "timesteps": 150,
  "num_classes": 2,
  "rnn_config": {
    "ninp": 1,
    "nhid": 20,
    "nlayers": 1,
    "nclasses": 2
  },
  "dnn_config": {
    "layers": [
      10,
      10,
      2
    ]
  },
  "batch_size": 32,
  "num_epochs": 200,
  "learning_rate": 0.005,
  "dependency_meta": ""
}
Model: 
 RNN(
  (rnn_cell): GRU(1, 20, batch_first=True)
  (fc1): Linear(in_features=20, out_features=2, bias=True)
)
Epoch [1/200] | Loss: 0.6972 |  Accuracy: 0.4400 | Prediction Confidence: 0.52 | Class 0:0.5150 | Class 1:0.5168
Epoch [2/200] | Loss: 0.6939 |  Accuracy: 0.5100 | Prediction Confidence: 0.51 | Class 0:0.5064 | Class 1:0.5052
Epoch [3/200] | Loss: 0.6937 |  Accuracy: 0.4500 | Prediction Confidence: 0.51 | Class 0:0.5051 | Class 1:0.5083
Epoch [4/200] | Loss: 0.6935 |  Accuracy: 0.4700 | Prediction Confidence: 0.51 | Class 0:0.5056 | Class 1:0.5104
Epoch [5/200] | Loss: 0.6933 |  Accuracy: 0.4800 | Prediction Confidence: 0.51 | Class 0:0.5070 | Class 1:0.5114
Epoch [6/200] | Loss: 0.6931 |  Accuracy: 0.4850 | Prediction Confidence: 0.51 | Class 0:0.5074 | Class 1:0.5129
Epoch [7/200] | Loss: 0.6930 |  Accuracy: 0.4800 | Prediction Confidence: 0.51 | Class 0:0.5082 | Class 1:0.5143
Epoch [8/200] | Loss: 0.6928 |  Accuracy: 0.4800 | Prediction Confidence: 0.51 | Class 0:0.5086 | Class 1:0.5156
Epoch [9/200] | Loss: 0.6924 |  Accuracy: 0.4800 | Prediction Confidence: 0.51 | Class 0:0.5086 | Class 1:0.5176
Epoch [10/200] | Loss: 0.6900 |  Accuracy: 0.4800 | Prediction Confidence: 0.52 | Class 0:0.5099 | Class 1:0.5315
Epoch [11/200] | Loss: 0.6785 |  Accuracy: 0.5200 | Prediction Confidence: 0.56 | Class 0:0.5286 | Class 1:0.6064
Epoch [12/200] | Loss: 0.6375 |  Accuracy: 0.6150 | Prediction Confidence: 0.62 | Class 0:0.5667 | Class 1:0.6798
Epoch [13/200] | Loss: 0.5001 |  Accuracy: 0.7750 | Prediction Confidence: 0.73 | Class 0:0.6798 | Class 1:0.7737
Epoch [14/200] | Loss: 0.7746 |  Accuracy: 0.6500 | Prediction Confidence: 0.80 | Class 0:0.7496 | Class 1:0.8056
Epoch [15/200] | Loss: 0.5559 |  Accuracy: 0.7400 | Prediction Confidence: 0.68 | Class 0:0.6934 | Class 1:0.6630
Epoch [16/200] | Loss: 0.4888 |  Accuracy: 0.7750 | Prediction Confidence: 0.73 | Class 0:0.7483 | Class 1:0.7023
Epoch [17/200] | Loss: 0.4441 |  Accuracy: 0.8000 | Prediction Confidence: 0.78 | Class 0:0.8105 | Class 1:0.7480
Epoch [18/200] | Loss: 0.4029 |  Accuracy: 0.8200 | Prediction Confidence: 0.81 | Class 0:0.8424 | Class 1:0.7693
Epoch [19/200] | Loss: 0.3595 |  Accuracy: 0.7900 | Prediction Confidence: 0.85 | Class 0:0.8841 | Class 1:0.8107
Epoch [20/200] | Loss: 0.3299 |  Accuracy: 0.8400 | Prediction Confidence: 0.86 | Class 0:0.8915 | Class 1:0.8219
Epoch [21/200] | Loss: 0.3195 |  Accuracy: 0.8600 | Prediction Confidence: 0.88 | Class 0:0.9045 | Class 1:0.8457
Epoch [22/200] | Loss: 0.2979 |  Accuracy: 0.8600 | Prediction Confidence: 0.87 | Class 0:0.9010 | Class 1:0.8465
Epoch [23/200] | Loss: 0.2841 |  Accuracy: 0.8700 | Prediction Confidence: 0.88 | Class 0:0.9046 | Class 1:0.8582
Epoch [24/200] | Loss: 0.2478 |  Accuracy: 0.9050 | Prediction Confidence: 0.89 | Class 0:0.9065 | Class 1:0.8640
Epoch [25/200] | Loss: 0.1770 |  Accuracy: 0.9350 | Prediction Confidence: 0.91 | Class 0:0.9142 | Class 1:0.9038
Epoch [26/200] | Loss: 0.3111 |  Accuracy: 0.8500 | Prediction Confidence: 0.93 | Class 0:0.9213 | Class 1:0.9309
Epoch [27/200] | Loss: 0.2484 |  Accuracy: 0.9250 | Prediction Confidence: 0.88 | Class 0:0.8902 | Class 1:0.8665
Epoch [28/200] | Loss: 0.1259 |  Accuracy: 0.9700 | Prediction Confidence: 0.92 | Class 0:0.9234 | Class 1:0.9206
Epoch [29/200] | Loss: 0.1536 |  Accuracy: 0.9500 | Prediction Confidence: 0.94 | Class 0:0.9515 | Class 1:0.9324
Epoch [30/200] | Loss: 0.1793 |  Accuracy: 0.9450 | Prediction Confidence: 0.94 | Class 0:0.9306 | Class 1:0.9490
Epoch [31/200] | Loss: 0.0951 |  Accuracy: 0.9700 | Prediction Confidence: 0.96 | Class 0:0.9491 | Class 1:0.9683
Epoch [32/200] | Loss: 0.0989 |  Accuracy: 0.9700 | Prediction Confidence: 0.97 | Class 0:0.9645 | Class 1:0.9673
Epoch [33/200] | Loss: 0.1072 |  Accuracy: 0.9650 | Prediction Confidence: 0.96 | Class 0:0.9556 | Class 1:0.9566
Epoch [34/200] | Loss: 0.1148 |  Accuracy: 0.9650 | Prediction Confidence: 0.96 | Class 0:0.9580 | Class 1:0.9543
Epoch [35/200] | Loss: 0.1092 |  Accuracy: 0.9650 | Prediction Confidence: 0.97 | Class 0:0.9624 | Class 1:0.9767
Epoch [36/200] | Loss: 0.1018 |  Accuracy: 0.9650 | Prediction Confidence: 0.97 | Class 0:0.9682 | Class 1:0.9752
Epoch [37/200] | Loss: 0.0646 |  Accuracy: 0.9850 | Prediction Confidence: 0.98 | Class 0:0.9706 | Class 1:0.9818
Epoch [38/200] | Loss: 0.1023 |  Accuracy: 0.9550 | Prediction Confidence: 0.97 | Class 0:0.9660 | Class 1:0.9808
Epoch [39/200] | Loss: 0.1010 |  Accuracy: 0.9600 | Prediction Confidence: 0.98 | Class 0:0.9753 | Class 1:0.9820
Epoch [40/200] | Loss: 0.0578 |  Accuracy: 0.9900 | Prediction Confidence: 0.98 | Class 0:0.9672 | Class 1:0.9885
Epoch [41/200] | Loss: 0.1015 |  Accuracy: 0.9550 | Prediction Confidence: 0.97 | Class 0:0.9652 | Class 1:0.9826
Epoch [42/200] | Loss: 0.1048 |  Accuracy: 0.9600 | Prediction Confidence: 0.98 | Class 0:0.9785 | Class 1:0.9805
Epoch [43/200] | Loss: 0.0620 |  Accuracy: 0.9850 | Prediction Confidence: 0.98 | Class 0:0.9650 | Class 1:0.9891
Epoch [44/200] | Loss: 0.0982 |  Accuracy: 0.9600 | Prediction Confidence: 0.97 | Class 0:0.9601 | Class 1:0.9797
Epoch [45/200] | Loss: 0.1128 |  Accuracy: 0.9600 | Prediction Confidence: 0.97 | Class 0:0.9637 | Class 1:0.9731
Epoch [46/200] | Loss: 0.0614 |  Accuracy: 0.9850 | Prediction Confidence: 0.98 | Class 0:0.9723 | Class 1:0.9872
Epoch [47/200] | Loss: 0.0722 |  Accuracy: 0.9800 | Prediction Confidence: 0.98 | Class 0:0.9751 | Class 1:0.9807
Epoch [48/200] | Loss: 0.0995 |  Accuracy: 0.9700 | Prediction Confidence: 0.97 | Class 0:0.9674 | Class 1:0.9701
Epoch [49/200] | Loss: 0.1131 |  Accuracy: 0.9650 | Prediction Confidence: 0.97 | Class 0:0.9606 | Class 1:0.9732
Epoch [50/200] | Loss: 0.0621 |  Accuracy: 0.9850 | Prediction Confidence: 0.98 | Class 0:0.9749 | Class 1:0.9839
Epoch [51/200] | Loss: 0.0837 |  Accuracy: 0.9650 | Prediction Confidence: 0.98 | Class 0:0.9736 | Class 1:0.9813
Epoch [52/200] | Loss: 0.0840 |  Accuracy: 0.9800 | Prediction Confidence: 0.97 | Class 0:0.9643 | Class 1:0.9722
Epoch [53/200] | Loss: 0.1173 |  Accuracy: 0.9600 | Prediction Confidence: 0.97 | Class 0:0.9646 | Class 1:0.9692
Epoch [54/200] | Loss: 0.1582 |  Accuracy: 0.9350 | Prediction Confidence: 0.96 | Class 0:0.9572 | Class 1:0.9662
Epoch [55/200] | Loss: 0.0689 |  Accuracy: 0.9800 | Prediction Confidence: 0.97 | Class 0:0.9740 | Class 1:0.9718
Epoch [56/200] | Loss: 0.1064 |  Accuracy: 0.9700 | Prediction Confidence: 0.96 | Class 0:0.9564 | Class 1:0.9661
Epoch [57/200] | Loss: 0.1156 |  Accuracy: 0.9550 | Prediction Confidence: 0.96 | Class 0:0.9564 | Class 1:0.9558
Epoch [58/200] | Loss: 0.1122 |  Accuracy: 0.9650 | Prediction Confidence: 0.96 | Class 0:0.9551 | Class 1:0.9612
Epoch [59/200] | Loss: 0.0715 |  Accuracy: 0.9800 | Prediction Confidence: 0.97 | Class 0:0.9704 | Class 1:0.9780
Epoch [60/200] | Loss: 0.0638 |  Accuracy: 0.9650 | Prediction Confidence: 0.98 | Class 0:0.9785 | Class 1:0.9914
Epoch [61/200] | Loss: 0.0575 |  Accuracy: 0.9800 | Prediction Confidence: 0.98 | Class 0:0.9747 | Class 1:0.9934
Epoch [62/200] | Loss: 0.0512 |  Accuracy: 0.9750 | Prediction Confidence: 0.99 | Class 0:0.9824 | Class 1:0.9948
Epoch [63/200] | Loss: 0.0479 |  Accuracy: 0.9800 | Prediction Confidence: 0.99 | Class 0:0.9840 | Class 1:0.9900
Epoch [64/200] | Loss: 0.0468 |  Accuracy: 0.9800 | Prediction Confidence: 0.99 | Class 0:0.9847 | Class 1:0.9906
Epoch [65/200] | Loss: 0.0458 |  Accuracy: 0.9800 | Prediction Confidence: 0.99 | Class 0:0.9856 | Class 1:0.9907
Epoch [66/200] | Loss: 0.0456 |  Accuracy: 0.9800 | Prediction Confidence: 0.99 | Class 0:0.9861 | Class 1:0.9905
Epoch [67/200] | Loss: 0.0460 |  Accuracy: 0.9750 | Prediction Confidence: 0.99 | Class 0:0.9865 | Class 1:0.9953
Epoch [68/200] | Loss: 0.0474 |  Accuracy: 0.9750 | Prediction Confidence: 0.99 | Class 0:0.9864 | Class 1:0.9953
Epoch [69/200] | Loss: 0.0490 |  Accuracy: 0.9800 | Prediction Confidence: 0.99 | Class 0:0.9822 | Class 1:0.9951
Epoch [70/200] | Loss: 0.0481 |  Accuracy: 0.9850 | Prediction Confidence: 0.99 | Class 0:0.9813 | Class 1:0.9904
Epoch [71/200] | Loss: 0.0477 |  Accuracy: 0.9850 | Prediction Confidence: 0.99 | Class 0:0.9832 | Class 1:0.9942
Epoch [72/200] | Loss: 0.0411 |  Accuracy: 0.9850 | Prediction Confidence: 0.99 | Class 0:0.9870 | Class 1:0.9928
Epoch [73/200] | Loss: 0.0431 |  Accuracy: 0.9850 | Prediction Confidence: 0.99 | Class 0:0.9846 | Class 1:0.9923
Epoch [74/200] | Loss: 0.0443 |  Accuracy: 0.9800 | Prediction Confidence: 0.99 | Class 0:0.9846 | Class 1:0.9955
Epoch [75/200] | Loss: 0.0510 |  Accuracy: 0.9800 | Prediction Confidence: 0.99 | Class 0:0.9791 | Class 1:0.9920
Epoch [76/200] | Loss: 0.1545 |  Accuracy: 0.9550 | Prediction Confidence: 0.98 | Class 0:0.9719 | Class 1:0.9820
Epoch [77/200] | Loss: 0.0821 |  Accuracy: 0.9700 | Prediction Confidence: 0.98 | Class 0:0.9783 | Class 1:0.9846
Epoch [78/200] | Loss: 0.0515 |  Accuracy: 0.9750 | Prediction Confidence: 0.99 | Class 0:0.9829 | Class 1:0.9971
Epoch [79/200] | Loss: 0.0491 |  Accuracy: 0.9850 | Prediction Confidence: 0.99 | Class 0:0.9809 | Class 1:0.9943
Epoch [80/200] | Loss: 0.0456 |  Accuracy: 0.9850 | Prediction Confidence: 0.99 | Class 0:0.9843 | Class 1:0.9956
Epoch [81/200] | Loss: 0.0456 |  Accuracy: 0.9900 | Prediction Confidence: 0.99 | Class 0:0.9794 | Class 1:0.9946
Epoch [82/200] | Loss: 0.0460 |  Accuracy: 0.9850 | Prediction Confidence: 0.99 | Class 0:0.9794 | Class 1:0.9935
Epoch [83/200] | Loss: 0.0440 |  Accuracy: 0.9850 | Prediction Confidence: 0.99 | Class 0:0.9801 | Class 1:0.9923
Epoch [84/200] | Loss: 0.0445 |  Accuracy: 0.9800 | Prediction Confidence: 0.99 | Class 0:0.9799 | Class 1:0.9969
Epoch [85/200] | Loss: 0.0450 |  Accuracy: 0.9850 | Prediction Confidence: 0.99 | Class 0:0.9761 | Class 1:0.9967
Epoch [86/200] | Loss: 0.0459 |  Accuracy: 0.9800 | Prediction Confidence: 0.99 | Class 0:0.9802 | Class 1:0.9967
Epoch [87/200] | Loss: 0.0465 |  Accuracy: 0.9800 | Prediction Confidence: 0.99 | Class 0:0.9807 | Class 1:0.9967
Epoch [88/200] | Loss: 0.0472 |  Accuracy: 0.9800 | Prediction Confidence: 0.99 | Class 0:0.9812 | Class 1:0.9969
Epoch [89/200] | Loss: 0.0476 |  Accuracy: 0.9800 | Prediction Confidence: 0.99 | Class 0:0.9824 | Class 1:0.9968
Epoch [90/200] | Loss: 0.0452 |  Accuracy: 0.9800 | Prediction Confidence: 0.99 | Class 0:0.9848 | Class 1:0.9929
Epoch [91/200] | Loss: 0.0481 |  Accuracy: 0.9850 | Prediction Confidence: 0.99 | Class 0:0.9852 | Class 1:0.9961
Epoch [92/200] | Loss: 0.0413 |  Accuracy: 0.9850 | Prediction Confidence: 0.99 | Class 0:0.9849 | Class 1:0.9931
Epoch [93/200] | Loss: 0.0417 |  Accuracy: 0.9850 | Prediction Confidence: 0.99 | Class 0:0.9827 | Class 1:0.9925
Epoch [94/200] | Loss: 0.0422 |  Accuracy: 0.9850 | Prediction Confidence: 0.99 | Class 0:0.9830 | Class 1:0.9928
Epoch [95/200] | Loss: 0.0434 |  Accuracy: 0.9800 | Prediction Confidence: 0.99 | Class 0:0.9834 | Class 1:0.9976
Epoch [96/200] | Loss: 0.0420 |  Accuracy: 0.9850 | Prediction Confidence: 0.99 | Class 0:0.9832 | Class 1:0.9934
Epoch [97/200] | Loss: 0.0450 |  Accuracy: 0.9850 | Prediction Confidence: 0.99 | Class 0:0.9841 | Class 1:0.9936
Epoch [98/200] | Loss: 0.0429 |  Accuracy: 0.9850 | Prediction Confidence: 0.99 | Class 0:0.9799 | Class 1:0.9973
Epoch [99/200] | Loss: 0.0665 |  Accuracy: 0.9750 | Prediction Confidence: 0.99 | Class 0:0.9838 | Class 1:0.9946
Epoch [100/200] | Loss: 0.0426 |  Accuracy: 0.9850 | Prediction Confidence: 0.98 | Class 0:0.9787 | Class 1:0.9912
Epoch [101/200] | Loss: 0.0512 |  Accuracy: 0.9900 | Prediction Confidence: 0.98 | Class 0:0.9756 | Class 1:0.9845
Epoch [102/200] | Loss: 0.0379 |  Accuracy: 0.9850 | Prediction Confidence: 0.99 | Class 0:0.9856 | Class 1:0.9940
Epoch [103/200] | Loss: 0.0617 |  Accuracy: 0.9850 | Prediction Confidence: 0.98 | Class 0:0.9721 | Class 1:0.9843
Epoch [104/200] | Loss: 0.0386 |  Accuracy: 0.9850 | Prediction Confidence: 0.98 | Class 0:0.9791 | Class 1:0.9900
Epoch [105/200] | Loss: 0.0473 |  Accuracy: 0.9850 | Prediction Confidence: 0.99 | Class 0:0.9810 | Class 1:0.9898
Epoch [106/200] | Loss: 0.0382 |  Accuracy: 0.9800 | Prediction Confidence: 0.99 | Class 0:0.9853 | Class 1:0.9920
Epoch [107/200] | Loss: 0.0376 |  Accuracy: 0.9850 | Prediction Confidence: 0.99 | Class 0:0.9863 | Class 1:0.9920
Epoch [108/200] | Loss: 0.0394 |  Accuracy: 0.9850 | Prediction Confidence: 0.99 | Class 0:0.9800 | Class 1:0.9903
Epoch [109/200] | Loss: 0.0467 |  Accuracy: 0.9850 | Prediction Confidence: 0.99 | Class 0:0.9885 | Class 1:0.9900
Epoch [110/200] | Loss: 0.0446 |  Accuracy: 0.9850 | Prediction Confidence: 0.99 | Class 0:0.9864 | Class 1:0.9847
Epoch [111/200] | Loss: 0.0419 |  Accuracy: 0.9900 | Prediction Confidence: 0.99 | Class 0:0.9880 | Class 1:0.9933
Epoch [112/200] | Loss: 0.0440 |  Accuracy: 0.9900 | Prediction Confidence: 0.98 | Class 0:0.9796 | Class 1:0.9900
Epoch [113/200] | Loss: 0.0559 |  Accuracy: 0.9800 | Prediction Confidence: 0.98 | Class 0:0.9778 | Class 1:0.9861
Epoch [114/200] | Loss: 0.0287 |  Accuracy: 0.9850 | Prediction Confidence: 0.99 | Class 0:0.9875 | Class 1:0.9906
Epoch [115/200] | Loss: 0.0987 |  Accuracy: 0.9700 | Prediction Confidence: 0.99 | Class 0:0.9834 | Class 1:0.9918
Epoch [116/200] | Loss: 0.0889 |  Accuracy: 0.9700 | Prediction Confidence: 0.98 | Class 0:0.9780 | Class 1:0.9789
Epoch [117/200] | Loss: 0.0863 |  Accuracy: 0.9700 | Prediction Confidence: 0.98 | Class 0:0.9843 | Class 1:0.9742
Epoch [118/200] | Loss: 0.0824 |  Accuracy: 0.9650 | Prediction Confidence: 0.98 | Class 0:0.9771 | Class 1:0.9850
Epoch [119/200] | Loss: 0.0488 |  Accuracy: 0.9800 | Prediction Confidence: 0.98 | Class 0:0.9794 | Class 1:0.9827
Epoch [120/200] | Loss: 0.0409 |  Accuracy: 0.9800 | Prediction Confidence: 0.98 | Class 0:0.9785 | Class 1:0.9839
Epoch [121/200] | Loss: 0.0462 |  Accuracy: 0.9750 | Prediction Confidence: 0.99 | Class 0:0.9808 | Class 1:0.9897
Epoch [122/200] | Loss: 0.0406 |  Accuracy: 0.9750 | Prediction Confidence: 0.99 | Class 0:0.9803 | Class 1:0.9937
Epoch [123/200] | Loss: 0.0465 |  Accuracy: 0.9850 | Prediction Confidence: 0.99 | Class 0:0.9828 | Class 1:0.9880
Epoch [124/200] | Loss: 0.0392 |  Accuracy: 0.9850 | Prediction Confidence: 0.99 | Class 0:0.9868 | Class 1:0.9913
Epoch [125/200] | Loss: 0.0299 |  Accuracy: 0.9900 | Prediction Confidence: 0.98 | Class 0:0.9844 | Class 1:0.9836
Epoch [126/200] | Loss: 0.0666 |  Accuracy: 0.9750 | Prediction Confidence: 0.99 | Class 0:0.9895 | Class 1:0.9834
Epoch [127/200] | Loss: 0.0281 |  Accuracy: 0.9850 | Prediction Confidence: 0.99 | Class 0:0.9902 | Class 1:0.9905
Epoch [128/200] | Loss: 0.0434 |  Accuracy: 0.9800 | Prediction Confidence: 0.99 | Class 0:0.9868 | Class 1:0.9913
Epoch [129/200] | Loss: 0.0824 |  Accuracy: 0.9700 | Prediction Confidence: 0.98 | Class 0:0.9777 | Class 1:0.9837
Epoch [130/200] | Loss: 0.0446 |  Accuracy: 0.9800 | Prediction Confidence: 0.98 | Class 0:0.9744 | Class 1:0.9859
Epoch [131/200] | Loss: 0.0633 |  Accuracy: 0.9750 | Prediction Confidence: 0.99 | Class 0:0.9802 | Class 1:0.9932
Epoch [132/200] | Loss: 0.0744 |  Accuracy: 0.9700 | Prediction Confidence: 0.98 | Class 0:0.9849 | Class 1:0.9819
Epoch [133/200] | Loss: 0.0722 |  Accuracy: 0.9800 | Prediction Confidence: 0.98 | Class 0:0.9808 | Class 1:0.9816
Epoch [134/200] | Loss: 0.0369 |  Accuracy: 0.9850 | Prediction Confidence: 0.99 | Class 0:0.9810 | Class 1:0.9933
Epoch [135/200] | Loss: 0.0266 |  Accuracy: 0.9850 | Prediction Confidence: 0.99 | Class 0:0.9849 | Class 1:0.9925
Epoch [136/200] | Loss: 0.0327 |  Accuracy: 0.9850 | Prediction Confidence: 0.99 | Class 0:0.9903 | Class 1:0.9954
Epoch [137/200] | Loss: 0.0356 |  Accuracy: 0.9850 | Prediction Confidence: 0.99 | Class 0:0.9911 | Class 1:0.9852
Epoch [138/200] | Loss: 0.0605 |  Accuracy: 0.9800 | Prediction Confidence: 0.99 | Class 0:0.9896 | Class 1:0.9944
Epoch [139/200] | Loss: 0.0305 |  Accuracy: 0.9800 | Prediction Confidence: 0.99 | Class 0:0.9845 | Class 1:0.9976
Epoch [140/200] | Loss: 0.0308 |  Accuracy: 0.9850 | Prediction Confidence: 0.99 | Class 0:0.9904 | Class 1:0.9867
Epoch [141/200] | Loss: 0.0356 |  Accuracy: 0.9850 | Prediction Confidence: 0.99 | Class 0:0.9904 | Class 1:0.9960
Epoch [142/200] | Loss: 0.0308 |  Accuracy: 0.9850 | Prediction Confidence: 0.99 | Class 0:0.9921 | Class 1:0.9873
Epoch [143/200] | Loss: 0.0419 |  Accuracy: 0.9900 | Prediction Confidence: 0.99 | Class 0:0.9915 | Class 1:0.9889
Epoch [144/200] | Loss: 0.0225 |  Accuracy: 0.9900 | Prediction Confidence: 0.99 | Class 0:0.9884 | Class 1:0.9878
Epoch [145/200] | Loss: 0.0346 |  Accuracy: 0.9900 | Prediction Confidence: 0.99 | Class 0:0.9869 | Class 1:0.9838
Epoch [146/200] | Loss: 0.0484 |  Accuracy: 0.9850 | Prediction Confidence: 0.99 | Class 0:0.9840 | Class 1:0.9866
Epoch [147/200] | Loss: 0.0566 |  Accuracy: 0.9800 | Prediction Confidence: 0.98 | Class 0:0.9838 | Class 1:0.9836
Epoch [148/200] | Loss: 0.0514 |  Accuracy: 0.9850 | Prediction Confidence: 0.98 | Class 0:0.9791 | Class 1:0.9860
Epoch [149/200] | Loss: 0.0290 |  Accuracy: 0.9850 | Prediction Confidence: 0.99 | Class 0:0.9913 | Class 1:0.9898
Epoch [150/200] | Loss: 0.0269 |  Accuracy: 0.9900 | Prediction Confidence: 0.99 | Class 0:0.9884 | Class 1:0.9967
Epoch [151/200] | Loss: 0.0387 |  Accuracy: 0.9800 | Prediction Confidence: 0.99 | Class 0:0.9901 | Class 1:0.9874
Epoch [152/200] | Loss: 0.0617 |  Accuracy: 0.9800 | Prediction Confidence: 0.99 | Class 0:0.9894 | Class 1:0.9950
Epoch [153/200] | Loss: 0.0286 |  Accuracy: 0.9900 | Prediction Confidence: 0.99 | Class 0:0.9862 | Class 1:0.9899
Epoch [154/200] | Loss: 0.0240 |  Accuracy: 0.9850 | Prediction Confidence: 0.99 | Class 0:0.9873 | Class 1:0.9955
Epoch [155/200] | Loss: 0.0257 |  Accuracy: 0.9800 | Prediction Confidence: 1.00 | Class 0:0.9946 | Class 1:0.9967
Epoch [156/200] | Loss: 0.0270 |  Accuracy: 0.9850 | Prediction Confidence: 0.99 | Class 0:0.9943 | Class 1:0.9892
Epoch [157/200] | Loss: 0.0555 |  Accuracy: 0.9800 | Prediction Confidence: 0.99 | Class 0:0.9919 | Class 1:0.9974
Epoch [158/200] | Loss: 0.0213 |  Accuracy: 0.9900 | Prediction Confidence: 0.99 | Class 0:0.9922 | Class 1:0.9870
Epoch [159/200] | Loss: 0.0220 |  Accuracy: 0.9850 | Prediction Confidence: 0.99 | Class 0:0.9894 | Class 1:0.9971
Epoch [160/200] | Loss: 0.0211 |  Accuracy: 0.9800 | Prediction Confidence: 1.00 | Class 0:0.9954 | Class 1:0.9981
Epoch [161/200] | Loss: 0.0386 |  Accuracy: 0.9800 | Prediction Confidence: 0.99 | Class 0:0.9920 | Class 1:0.9863
Epoch [162/200] | Loss: 0.0611 |  Accuracy: 0.9850 | Prediction Confidence: 0.99 | Class 0:0.9881 | Class 1:0.9882
Epoch [163/200] | Loss: 0.0418 |  Accuracy: 0.9850 | Prediction Confidence: 0.99 | Class 0:0.9847 | Class 1:0.9908
Epoch [164/200] | Loss: 0.0327 |  Accuracy: 0.9850 | Prediction Confidence: 0.99 | Class 0:0.9913 | Class 1:0.9883
Epoch [165/200] | Loss: 0.0211 |  Accuracy: 0.9850 | Prediction Confidence: 0.99 | Class 0:0.9949 | Class 1:0.9898
Epoch [166/200] | Loss: 0.0194 |  Accuracy: 0.9900 | Prediction Confidence: 0.99 | Class 0:0.9915 | Class 1:0.9923
Epoch [167/200] | Loss: 0.0289 |  Accuracy: 0.9800 | Prediction Confidence: 1.00 | Class 0:0.9949 | Class 1:0.9971
Epoch [168/200] | Loss: 0.0350 |  Accuracy: 0.9800 | Prediction Confidence: 0.99 | Class 0:0.9948 | Class 1:0.9883
Epoch [169/200] | Loss: 0.0714 |  Accuracy: 0.9850 | Prediction Confidence: 0.99 | Class 0:0.9883 | Class 1:0.9837
Epoch [170/200] | Loss: 0.0534 |  Accuracy: 0.9850 | Prediction Confidence: 0.99 | Class 0:0.9825 | Class 1:0.9900
Epoch [171/200] | Loss: 0.0230 |  Accuracy: 0.9900 | Prediction Confidence: 0.99 | Class 0:0.9924 | Class 1:0.9870
Epoch [172/200] | Loss: 0.0191 |  Accuracy: 0.9900 | Prediction Confidence: 0.99 | Class 0:0.9932 | Class 1:0.9923
Epoch [173/200] | Loss: 0.0133 |  Accuracy: 0.9950 | Prediction Confidence: 0.99 | Class 0:0.9941 | Class 1:0.9893
Epoch [174/200] | Loss: 0.0179 |  Accuracy: 0.9900 | Prediction Confidence: 0.99 | Class 0:0.9940 | Class 1:0.9954
Epoch [175/200] | Loss: 0.0321 |  Accuracy: 0.9900 | Prediction Confidence: 1.00 | Class 0:0.9926 | Class 1:0.9976
Epoch [176/200] | Loss: 0.0124 |  Accuracy: 1.0000 | Prediction Confidence: 0.99 | Class 0:0.9920 | Class 1:0.9862
Epoch [177/200] | Loss: 0.0344 |  Accuracy: 0.9800 | Prediction Confidence: 0.99 | Class 0:0.9941 | Class 1:0.9890
Epoch [178/200] | Loss: 0.0613 |  Accuracy: 0.9900 | Prediction Confidence: 0.99 | Class 0:0.9914 | Class 1:0.9879
Epoch [179/200] | Loss: 0.0211 |  Accuracy: 0.9900 | Prediction Confidence: 0.99 | Class 0:0.9877 | Class 1:0.9922
Epoch [180/200] | Loss: 0.0289 |  Accuracy: 0.9900 | Prediction Confidence: 0.99 | Class 0:0.9864 | Class 1:0.9871
Epoch [181/200] | Loss: 0.0370 |  Accuracy: 0.9850 | Prediction Confidence: 0.99 | Class 0:0.9909 | Class 1:0.9945
Epoch [182/200] | Loss: 0.0390 |  Accuracy: 0.9850 | Prediction Confidence: 0.99 | Class 0:0.9912 | Class 1:0.9839
Epoch [183/200] | Loss: 0.0563 |  Accuracy: 0.9850 | Prediction Confidence: 0.99 | Class 0:0.9912 | Class 1:0.9912
Epoch [184/200] | Loss: 0.0610 |  Accuracy: 0.9700 | Prediction Confidence: 0.99 | Class 0:0.9908 | Class 1:0.9857
Epoch [185/200] | Loss: 0.1281 |  Accuracy: 0.9650 | Prediction Confidence: 0.98 | Class 0:0.9859 | Class 1:0.9803
Epoch [186/200] | Loss: 0.0282 |  Accuracy: 0.9850 | Prediction Confidence: 0.99 | Class 0:0.9923 | Class 1:0.9818
Epoch [187/200] | Loss: 0.0566 |  Accuracy: 0.9700 | Prediction Confidence: 0.99 | Class 0:0.9865 | Class 1:0.9913
Epoch [188/200] | Loss: 0.0427 |  Accuracy: 0.9850 | Prediction Confidence: 0.99 | Class 0:0.9840 | Class 1:0.9904
Epoch [189/200] | Loss: 0.0299 |  Accuracy: 0.9900 | Prediction Confidence: 0.98 | Class 0:0.9791 | Class 1:0.9889
Epoch [190/200] | Loss: 0.0381 |  Accuracy: 0.9850 | Prediction Confidence: 0.99 | Class 0:0.9852 | Class 1:0.9870
Epoch [191/200] | Loss: 0.0705 |  Accuracy: 0.9850 | Prediction Confidence: 0.98 | Class 0:0.9806 | Class 1:0.9814
Epoch [192/200] | Loss: 0.0493 |  Accuracy: 0.9800 | Prediction Confidence: 0.98 | Class 0:0.9847 | Class 1:0.9850
Epoch [193/200] | Loss: 0.0248 |  Accuracy: 0.9850 | Prediction Confidence: 0.99 | Class 0:0.9928 | Class 1:0.9917
Epoch [194/200] | Loss: 0.0178 |  Accuracy: 0.9950 | Prediction Confidence: 0.99 | Class 0:0.9906 | Class 1:0.9921
Epoch [195/200] | Loss: 0.0165 |  Accuracy: 0.9900 | Prediction Confidence: 0.99 | Class 0:0.9934 | Class 1:0.9947
Epoch [196/200] | Loss: 0.0150 |  Accuracy: 0.9950 | Prediction Confidence: 0.99 | Class 0:0.9914 | Class 1:0.9968
Epoch [197/200] | Loss: 0.0137 |  Accuracy: 0.9950 | Prediction Confidence: 0.99 | Class 0:0.9920 | Class 1:0.9967
Epoch [198/200] | Loss: 0.0134 |  Accuracy: 0.9950 | Prediction Confidence: 0.99 | Class 0:0.9917 | Class 1:0.9975
Epoch [199/200] | Loss: 0.0138 |  Accuracy: 0.9900 | Prediction Confidence: 1.00 | Class 0:0.9966 | Class 1:0.9979
Epoch [200/200] | Loss: 0.0143 |  Accuracy: 0.9900 | Prediction Confidence: 1.00 | Class 0:0.9964 | Class 1:0.9978
Test Accuracy 99.33333333333333 | Confidence ({0: array([0.9953452], dtype=float32), 1: array([0.99786615], dtype=float32)}, 0.99660563)
