nvs/py36/bin/python3 /Users/prathyushsp/Git/TimeSeriesSaliencyMaps/nte/bbm_model_trainer.py
Loading train data . . .
columns are
Index(['att1', 'att2', 'att3', 'att4', 'att5', 'att6', 'att7', 'att8', 'att9',
       'att10',
       ...
       'att440', 'att441', 'att442', 'att443', 'att444', 'att445', 'att446',
       'att447', 'att448', 'target'],
      dtype='object', length=449)
Loading test data . . .
Loading meta file . . .
Meta file loaded successfully
Hyperparams:

{
  "loss": "ce",
  "learning_rate": 0.001,
  "num_epochs": 500,
  "num_classes": 3,
  "batch_size": 32,
  "model_save_path": "/Users/prathyushsp/Git/TimeSeriesSaliencyMaps/nte/trained_models//all_bbms/",
  "model_name": "Meat_cnn_mse"
}



Epoch [1/500] 0.20% | Loss: 1.1482 |  Accuracy: 0.19 | Confidence: nan
Epoch [2/500] 0.40% | Loss: 1.1136 |  Accuracy: 0.31 | Confidence: nan
Epoch [3/500] 0.60% | Loss: 1.1046 |  Accuracy: 0.31 | Confidence: nan
Epoch [4/500] 0.80% | Loss: 1.0977 |  Accuracy: 0.31 | Confidence: nan
Epoch [5/500] 1.00% | Loss: 1.0916 |  Accuracy: 0.31 | Confidence: nan
Epoch [6/500] 1.20% | Loss: 1.0866 |  Accuracy: 0.31 | Confidence: nan
Epoch [7/500] 1.40% | Loss: 1.0826 |  Accuracy: 0.70 | Confidence: 0.34
Epoch [8/500] 1.60% | Loss: 1.0795 |  Accuracy: 0.66 | Confidence: 0.35
Epoch [9/500] 1.80% | Loss: 1.0768 |  Accuracy: 0.66 | Confidence: 0.35
Epoch [10/500] 2.00% | Loss: 1.0744 |  Accuracy: 0.59 | Confidence: 0.35
Epoch [11/500] 2.20% | Loss: 1.0722 |  Accuracy: 0.51 | Confidence: 0.36
Epoch [12/500] 2.40% | Loss: 1.0702 |  Accuracy: 0.41 | Confidence: 0.36
Epoch [13/500] 2.60% | Loss: 1.0682 |  Accuracy: 0.39 | Confidence: 0.37
Epoch [14/500] 2.80% | Loss: 1.0661 |  Accuracy: 0.37 | Confidence: 0.37
Epoch [15/500] 3.00% | Loss: 1.0639 |  Accuracy: 0.41 | Confidence: 0.37
Epoch [16/500] 3.20% | Loss: 1.0616 |  Accuracy: 0.50 | Confidence: 0.37
Epoch [17/500] 3.40% | Loss: 1.0591 |  Accuracy: 0.51 | Confidence: 0.37
Epoch [18/500] 3.60% | Loss: 1.0566 |  Accuracy: 0.58 | Confidence: 0.37
Epoch [19/500] 3.80% | Loss: 1.0539 |  Accuracy: 0.58 | Confidence: 0.37
Epoch [20/500] 4.00% | Loss: 1.0513 |  Accuracy: 0.62 | Confidence: 0.37
Epoch [21/500] 4.20% | Loss: 1.0486 |  Accuracy: 0.66 | Confidence: 0.37
Epoch [22/500] 4.40% | Loss: 1.0458 |  Accuracy: 0.66 | Confidence: 0.37
Epoch [23/500] 4.60% | Loss: 1.0431 |  Accuracy: 0.66 | Confidence: 0.37
Epoch [24/500] 4.80% | Loss: 1.0404 |  Accuracy: 0.66 | Confidence: 0.37
Epoch [25/500] 5.00% | Loss: 1.0377 |  Accuracy: 0.66 | Confidence: 0.37
Epoch [26/500] 5.20% | Loss: 1.0351 |  Accuracy: 0.66 | Confidence: 0.37
Epoch [27/500] 5.40% | Loss: 1.0324 |  Accuracy: 0.67 | Confidence: 0.37
Epoch [28/500] 5.60% | Loss: 1.0297 |  Accuracy: 0.67 | Confidence: 0.37
Epoch [29/500] 5.80% | Loss: 1.0271 |  Accuracy: 0.67 | Confidence: 0.37
Epoch [30/500] 6.00% | Loss: 1.0244 |  Accuracy: 0.67 | Confidence: 0.37
Epoch [31/500] 6.20% | Loss: 1.0218 |  Accuracy: 0.67 | Confidence: 0.37
Epoch [32/500] 6.40% | Loss: 1.0191 |  Accuracy: 0.69 | Confidence: 0.37
Epoch [33/500] 6.60% | Loss: 1.0165 |  Accuracy: 0.69 | Confidence: 0.38
Epoch [34/500] 6.80% | Loss: 1.0139 |  Accuracy: 0.69 | Confidence: 0.38
Epoch [35/500] 7.00% | Loss: 1.0113 |  Accuracy: 0.69 | Confidence: 0.38
Epoch [36/500] 7.20% | Loss: 1.0087 |  Accuracy: 0.69 | Confidence: 0.38
Epoch [37/500] 7.40% | Loss: 1.0062 |  Accuracy: 0.69 | Confidence: 0.38
Epoch [38/500] 7.60% | Loss: 1.0036 |  Accuracy: 0.69 | Confidence: 0.38
Epoch [39/500] 7.80% | Loss: 1.0011 |  Accuracy: 0.69 | Confidence: 0.38
Epoch [40/500] 8.00% | Loss: 0.9986 |  Accuracy: 0.69 | Confidence: 0.39
Epoch [41/500] 8.20% | Loss: 0.9960 |  Accuracy: 0.69 | Confidence: 0.39
Epoch [42/500] 8.40% | Loss: 0.9935 |  Accuracy: 0.69 | Confidence: 0.39
Epoch [43/500] 8.60% | Loss: 0.9910 |  Accuracy: 0.69 | Confidence: 0.39
Epoch [44/500] 8.80% | Loss: 0.9884 |  Accuracy: 0.69 | Confidence: 0.39
Epoch [45/500] 9.00% | Loss: 0.9859 |  Accuracy: 0.69 | Confidence: 0.39
Epoch [46/500] 9.20% | Loss: 0.9834 |  Accuracy: 0.69 | Confidence: 0.39
Epoch [47/500] 9.40% | Loss: 0.9808 |  Accuracy: 0.69 | Confidence: 0.40
Epoch [48/500] 9.60% | Loss: 0.9783 |  Accuracy: 0.69 | Confidence: 0.40
Epoch [49/500] 9.80% | Loss: 0.9758 |  Accuracy: 0.69 | Confidence: 0.40
Epoch [50/500] 10.00% | Loss: 0.9733 |  Accuracy: 0.69 | Confidence: 0.40
Epoch [51/500] 10.20% | Loss: 0.9707 |  Accuracy: 0.69 | Confidence: 0.40
Epoch [52/500] 10.40% | Loss: 0.9682 |  Accuracy: 0.69 | Confidence: 0.40
Epoch [53/500] 10.60% | Loss: 0.9657 |  Accuracy: 0.69 | Confidence: 0.40
Epoch [54/500] 10.80% | Loss: 0.9632 |  Accuracy: 0.69 | Confidence: 0.40
Epoch [55/500] 11.00% | Loss: 0.9606 |  Accuracy: 0.69 | Confidence: 0.41
Epoch [56/500] 11.20% | Loss: 0.9581 |  Accuracy: 0.69 | Confidence: 0.41
Epoch [57/500] 11.40% | Loss: 0.9556 |  Accuracy: 0.69 | Confidence: 0.41
Epoch [58/500] 11.60% | Loss: 0.9531 |  Accuracy: 0.69 | Confidence: 0.41
Epoch [59/500] 11.80% | Loss: 0.9506 |  Accuracy: 0.69 | Confidence: 0.41
Epoch [60/500] 12.00% | Loss: 0.9481 |  Accuracy: 0.69 | Confidence: 0.41
Epoch [61/500] 12.20% | Loss: 0.9456 |  Accuracy: 0.69 | Confidence: 0.41
Epoch [62/500] 12.40% | Loss: 0.9431 |  Accuracy: 0.69 | Confidence: 0.41
Epoch [63/500] 12.60% | Loss: 0.9406 |  Accuracy: 0.69 | Confidence: 0.42
Epoch [64/500] 12.80% | Loss: 0.9382 |  Accuracy: 0.69 | Confidence: 0.42
Epoch [65/500] 13.00% | Loss: 0.9357 |  Accuracy: 0.69 | Confidence: 0.42
Epoch [66/500] 13.20% | Loss: 0.9332 |  Accuracy: 0.69 | Confidence: 0.42
Epoch [67/500] 13.40% | Loss: 0.9307 |  Accuracy: 0.69 | Confidence: 0.42
Epoch [68/500] 13.60% | Loss: 0.9283 |  Accuracy: 0.69 | Confidence: 0.42
Epoch [69/500] 13.80% | Loss: 0.9258 |  Accuracy: 0.69 | Confidence: 0.42
Epoch [70/500] 14.00% | Loss: 0.9234 |  Accuracy: 0.69 | Confidence: 0.43
Epoch [71/500] 14.20% | Loss: 0.9209 |  Accuracy: 0.69 | Confidence: 0.43
Epoch [72/500] 14.40% | Loss: 0.9185 |  Accuracy: 0.69 | Confidence: 0.43
Epoch [73/500] 14.60% | Loss: 0.9161 |  Accuracy: 0.69 | Confidence: 0.43
Epoch [74/500] 14.80% | Loss: 0.9136 |  Accuracy: 0.69 | Confidence: 0.43
Epoch [75/500] 15.00% | Loss: 0.9112 |  Accuracy: 0.69 | Confidence: 0.43
Epoch [76/500] 15.20% | Loss: 0.9088 |  Accuracy: 0.69 | Confidence: 0.43
Epoch [77/500] 15.40% | Loss: 0.9064 |  Accuracy: 0.69 | Confidence: 0.44
Epoch [78/500] 15.60% | Loss: 0.9040 |  Accuracy: 0.69 | Confidence: 0.44
Epoch [79/500] 15.80% | Loss: 0.9016 |  Accuracy: 0.69 | Confidence: 0.44
Epoch [80/500] 16.00% | Loss: 0.8992 |  Accuracy: 0.69 | Confidence: 0.44
Epoch [81/500] 16.20% | Loss: 0.8968 |  Accuracy: 0.69 | Confidence: 0.44
Epoch [82/500] 16.40% | Loss: 0.8944 |  Accuracy: 0.69 | Confidence: 0.44
Epoch [83/500] 16.60% | Loss: 0.8920 |  Accuracy: 0.69 | Confidence: 0.44
Epoch [84/500] 16.80% | Loss: 0.8897 |  Accuracy: 0.69 | Confidence: 0.45
Epoch [85/500] 17.00% | Loss: 0.8873 |  Accuracy: 0.69 | Confidence: 0.45
Epoch [86/500] 17.20% | Loss: 0.8850 |  Accuracy: 0.69 | Confidence: 0.45
Epoch [87/500] 17.40% | Loss: 0.8826 |  Accuracy: 0.69 | Confidence: 0.45
Epoch [88/500] 17.60% | Loss: 0.8803 |  Accuracy: 0.69 | Confidence: 0.45
Epoch [89/500] 17.80% | Loss: 0.8779 |  Accuracy: 0.69 | Confidence: 0.45
Epoch [90/500] 18.00% | Loss: 0.8756 |  Accuracy: 0.69 | Confidence: 0.45
Epoch [91/500] 18.20% | Loss: 0.8733 |  Accuracy: 0.69 | Confidence: 0.45
Epoch [92/500] 18.40% | Loss: 0.8710 |  Accuracy: 0.69 | Confidence: 0.46
Epoch [93/500] 18.60% | Loss: 0.8687 |  Accuracy: 0.69 | Confidence: 0.46
Epoch [94/500] 18.80% | Loss: 0.8664 |  Accuracy: 0.69 | Confidence: 0.46
Epoch [95/500] 19.00% | Loss: 0.8641 |  Accuracy: 0.69 | Confidence: 0.46
Epoch [96/500] 19.20% | Loss: 0.8618 |  Accuracy: 0.69 | Confidence: 0.46
Epoch [97/500] 19.40% | Loss: 0.8595 |  Accuracy: 0.69 | Confidence: 0.46
Epoch [98/500] 19.60% | Loss: 0.8573 |  Accuracy: 0.69 | Confidence: 0.46
Epoch [99/500] 19.80% | Loss: 0.8550 |  Accuracy: 0.69 | Confidence: 0.47
Epoch [100/500] 20.00% | Loss: 0.8528 |  Accuracy: 0.69 | Confidence: 0.47
Epoch [101/500] 20.20% | Loss: 0.8505 |  Accuracy: 0.69 | Confidence: 0.47
Epoch [102/500] 20.40% | Loss: 0.8483 |  Accuracy: 0.69 | Confidence: 0.47
Epoch [103/500] 20.60% | Loss: 0.8461 |  Accuracy: 0.69 | Confidence: 0.47
Epoch [104/500] 20.80% | Loss: 0.8439 |  Accuracy: 0.69 | Confidence: 0.47
Epoch [105/500] 21.00% | Loss: 0.8417 |  Accuracy: 0.69 | Confidence: 0.47
Epoch [106/500] 21.20% | Loss: 0.8395 |  Accuracy: 0.69 | Confidence: 0.48
Epoch [107/500] 21.40% | Loss: 0.8373 |  Accuracy: 0.69 | Confidence: 0.48
Epoch [108/500] 21.60% | Loss: 0.8351 |  Accuracy: 0.69 | Confidence: 0.48
Epoch [109/500] 21.80% | Loss: 0.8329 |  Accuracy: 0.69 | Confidence: 0.48
Epoch [110/500] 22.00% | Loss: 0.8308 |  Accuracy: 0.69 | Confidence: 0.48
Epoch [111/500] 22.20% | Loss: 0.8286 |  Accuracy: 0.69 | Confidence: 0.48
Epoch [112/500] 22.40% | Loss: 0.8265 |  Accuracy: 0.69 | Confidence: 0.48
Epoch [113/500] 22.60% | Loss: 0.8243 |  Accuracy: 0.69 | Confidence: 0.48
Epoch [114/500] 22.80% | Loss: 0.8222 |  Accuracy: 0.69 | Confidence: 0.49
Epoch [115/500] 23.00% | Loss: 0.8201 |  Accuracy: 0.69 | Confidence: 0.49
Epoch [116/500] 23.20% | Loss: 0.8180 |  Accuracy: 0.69 | Confidence: 0.49
Epoch [117/500] 23.40% | Loss: 0.8159 |  Accuracy: 0.69 | Confidence: 0.49
Epoch [118/500] 23.60% | Loss: 0.8138 |  Accuracy: 0.69 | Confidence: 0.49
Epoch [119/500] 23.80% | Loss: 0.8117 |  Accuracy: 0.69 | Confidence: 0.49
Epoch [120/500] 24.00% | Loss: 0.8096 |  Accuracy: 0.69 | Confidence: 0.49
Epoch [121/500] 24.20% | Loss: 0.8076 |  Accuracy: 0.69 | Confidence: 0.50
Epoch [122/500] 24.40% | Loss: 0.8055 |  Accuracy: 0.69 | Confidence: 0.50
Epoch [123/500] 24.60% | Loss: 0.8035 |  Accuracy: 0.69 | Confidence: 0.50
Epoch [124/500] 24.80% | Loss: 0.8014 |  Accuracy: 0.69 | Confidence: 0.50
Epoch [125/500] 25.00% | Loss: 0.7994 |  Accuracy: 0.69 | Confidence: 0.50
Epoch [126/500] 25.20% | Loss: 0.7974 |  Accuracy: 0.70 | Confidence: 0.50
Epoch [127/500] 25.40% | Loss: 0.7954 |  Accuracy: 0.70 | Confidence: 0.50
Epoch [128/500] 25.60% | Loss: 0.7934 |  Accuracy: 0.70 | Confidence: 0.50
Epoch [129/500] 25.80% | Loss: 0.7914 |  Accuracy: 0.70 | Confidence: 0.50
Epoch [130/500] 26.00% | Loss: 0.7894 |  Accuracy: 0.70 | Confidence: 0.50
Epoch [131/500] 26.20% | Loss: 0.7874 |  Accuracy: 0.72 | Confidence: 0.50
Epoch [132/500] 26.40% | Loss: 0.7855 |  Accuracy: 0.72 | Confidence: 0.50
Epoch [133/500] 26.60% | Loss: 0.7835 |  Accuracy: 0.72 | Confidence: 0.50
Epoch [134/500] 26.80% | Loss: 0.7816 |  Accuracy: 0.72 | Confidence: 0.50
Epoch [135/500] 27.00% | Loss: 0.7796 |  Accuracy: 0.72 | Confidence: 0.50
Epoch [136/500] 27.20% | Loss: 0.7777 |  Accuracy: 0.72 | Confidence: 0.50
Epoch [137/500] 27.40% | Loss: 0.7758 |  Accuracy: 0.72 | Confidence: 0.50
Epoch [138/500] 27.60% | Loss: 0.7739 |  Accuracy: 0.72 | Confidence: 0.51
Epoch [139/500] 27.80% | Loss: 0.7720 |  Accuracy: 0.72 | Confidence: 0.51
Epoch [140/500] 28.00% | Loss: 0.7701 |  Accuracy: 0.72 | Confidence: 0.51
Epoch [141/500] 28.20% | Loss: 0.7683 |  Accuracy: 0.75 | Confidence: 0.50
Epoch [142/500] 28.40% | Loss: 0.7664 |  Accuracy: 0.75 | Confidence: 0.50
Epoch [143/500] 28.60% | Loss: 0.7645 |  Accuracy: 0.75 | Confidence: 0.50
Epoch [144/500] 28.80% | Loss: 0.7627 |  Accuracy: 0.75 | Confidence: 0.50
Epoch [145/500] 29.00% | Loss: 0.7608 |  Accuracy: 0.75 | Confidence: 0.51
Epoch [146/500] 29.20% | Loss: 0.7590 |  Accuracy: 0.75 | Confidence: 0.51
Epoch [147/500] 29.40% | Loss: 0.7572 |  Accuracy: 0.77 | Confidence: 0.51
Epoch [148/500] 29.60% | Loss: 0.7554 |  Accuracy: 0.77 | Confidence: 0.51
Epoch [149/500] 29.80% | Loss: 0.7536 |  Accuracy: 0.77 | Confidence: 0.51
Epoch [150/500] 30.00% | Loss: 0.7518 |  Accuracy: 0.77 | Confidence: 0.51
Epoch [151/500] 30.20% | Loss: 0.7500 |  Accuracy: 0.77 | Confidence: 0.51
Epoch [152/500] 30.40% | Loss: 0.7483 |  Accuracy: 0.77 | Confidence: 0.51
Epoch [153/500] 30.60% | Loss: 0.7465 |  Accuracy: 0.78 | Confidence: 0.51
Epoch [154/500] 30.80% | Loss: 0.7447 |  Accuracy: 0.78 | Confidence: 0.51
Epoch [155/500] 31.00% | Loss: 0.7430 |  Accuracy: 0.78 | Confidence: 0.51
Epoch [156/500] 31.20% | Loss: 0.7413 |  Accuracy: 0.78 | Confidence: 0.51
Epoch [157/500] 31.40% | Loss: 0.7395 |  Accuracy: 0.78 | Confidence: 0.51
Epoch [158/500] 31.60% | Loss: 0.7378 |  Accuracy: 0.78 | Confidence: 0.51
Epoch [159/500] 31.80% | Loss: 0.7361 |  Accuracy: 0.78 | Confidence: 0.51
Epoch [160/500] 32.00% | Loss: 0.7344 |  Accuracy: 0.78 | Confidence: 0.52
Epoch [161/500] 32.20% | Loss: 0.7327 |  Accuracy: 0.81 | Confidence: 0.51
Epoch [162/500] 32.40% | Loss: 0.7311 |  Accuracy: 0.81 | Confidence: 0.51
Epoch [163/500] 32.60% | Loss: 0.7294 |  Accuracy: 0.81 | Confidence: 0.51
Epoch [164/500] 32.80% | Loss: 0.7277 |  Accuracy: 0.81 | Confidence: 0.51
Epoch [165/500] 33.00% | Loss: 0.7261 |  Accuracy: 0.81 | Confidence: 0.52
Epoch [166/500] 33.20% | Loss: 0.7244 |  Accuracy: 0.81 | Confidence: 0.52
Epoch [167/500] 33.40% | Loss: 0.7228 |  Accuracy: 0.81 | Confidence: 0.52
Epoch [168/500] 33.60% | Loss: 0.7212 |  Accuracy: 0.81 | Confidence: 0.52
Epoch [169/500] 33.80% | Loss: 0.7196 |  Accuracy: 0.81 | Confidence: 0.52
Epoch [170/500] 34.00% | Loss: 0.7180 |  Accuracy: 0.81 | Confidence: 0.52
Epoch [171/500] 34.20% | Loss: 0.7164 |  Accuracy: 0.81 | Confidence: 0.52
Epoch [172/500] 34.40% | Loss: 0.7148 |  Accuracy: 0.81 | Confidence: 0.52
Epoch [173/500] 34.60% | Loss: 0.7132 |  Accuracy: 0.81 | Confidence: 0.52
Epoch [174/500] 34.80% | Loss: 0.7116 |  Accuracy: 0.81 | Confidence: 0.52
Epoch [175/500] 35.00% | Loss: 0.7101 |  Accuracy: 0.81 | Confidence: 0.52
Epoch [176/500] 35.20% | Loss: 0.7085 |  Accuracy: 0.81 | Confidence: 0.53
Epoch [177/500] 35.40% | Loss: 0.7070 |  Accuracy: 0.81 | Confidence: 0.53
Epoch [178/500] 35.60% | Loss: 0.7054 |  Accuracy: 0.81 | Confidence: 0.53
Epoch [179/500] 35.80% | Loss: 0.7039 |  Accuracy: 0.81 | Confidence: 0.53
Epoch [180/500] 36.00% | Loss: 0.7024 |  Accuracy: 0.81 | Confidence: 0.53
Epoch [181/500] 36.20% | Loss: 0.7009 |  Accuracy: 0.81 | Confidence: 0.53
Epoch [182/500] 36.40% | Loss: 0.6994 |  Accuracy: 0.81 | Confidence: 0.53
Epoch [183/500] 36.60% | Loss: 0.6979 |  Accuracy: 0.81 | Confidence: 0.53
Epoch [184/500] 36.80% | Loss: 0.6964 |  Accuracy: 0.81 | Confidence: 0.53
Epoch [185/500] 37.00% | Loss: 0.6949 |  Accuracy: 0.81 | Confidence: 0.53
Epoch [186/500] 37.20% | Loss: 0.6935 |  Accuracy: 0.81 | Confidence: 0.53
Epoch [187/500] 37.40% | Loss: 0.6920 |  Accuracy: 0.83 | Confidence: 0.53
Epoch [188/500] 37.60% | Loss: 0.6906 |  Accuracy: 0.83 | Confidence: 0.53
Epoch [189/500] 37.80% | Loss: 0.6891 |  Accuracy: 0.83 | Confidence: 0.53
Epoch [190/500] 38.00% | Loss: 0.6877 |  Accuracy: 0.83 | Confidence: 0.54
Epoch [191/500] 38.20% | Loss: 0.6863 |  Accuracy: 0.83 | Confidence: 0.54
Epoch [192/500] 38.40% | Loss: 0.6849 |  Accuracy: 0.83 | Confidence: 0.54
Epoch [193/500] 38.60% | Loss: 0.6834 |  Accuracy: 0.83 | Confidence: 0.54
Epoch [194/500] 38.80% | Loss: 0.6820 |  Accuracy: 0.83 | Confidence: 0.54
Epoch [195/500] 39.00% | Loss: 0.6807 |  Accuracy: 0.84 | Confidence: 0.54
Epoch [196/500] 39.20% | Loss: 0.6793 |  Accuracy: 0.84 | Confidence: 0.54
Epoch [197/500] 39.40% | Loss: 0.6779 |  Accuracy: 0.84 | Confidence: 0.54
Epoch [198/500] 39.60% | Loss: 0.6765 |  Accuracy: 0.84 | Confidence: 0.54
Epoch [199/500] 39.80% | Loss: 0.6752 |  Accuracy: 0.84 | Confidence: 0.54
Epoch [200/500] 40.00% | Loss: 0.6738 |  Accuracy: 0.84 | Confidence: 0.54
Epoch [201/500] 40.20% | Loss: 0.6725 |  Accuracy: 0.84 | Confidence: 0.54
Epoch [202/500] 40.40% | Loss: 0.6711 |  Accuracy: 0.84 | Confidence: 0.54
Epoch [203/500] 40.60% | Loss: 0.6698 |  Accuracy: 0.84 | Confidence: 0.54
Epoch [204/500] 40.80% | Loss: 0.6685 |  Accuracy: 0.86 | Confidence: 0.54
Epoch [205/500] 41.00% | Loss: 0.6672 |  Accuracy: 0.86 | Confidence: 0.54
Epoch [206/500] 41.20% | Loss: 0.6658 |  Accuracy: 0.86 | Confidence: 0.54
Epoch [207/500] 41.40% | Loss: 0.6645 |  Accuracy: 0.86 | Confidence: 0.54
Epoch [208/500] 41.60% | Loss: 0.6633 |  Accuracy: 0.86 | Confidence: 0.55
Epoch [209/500] 41.80% | Loss: 0.6620 |  Accuracy: 0.86 | Confidence: 0.55
Epoch [210/500] 42.00% | Loss: 0.6607 |  Accuracy: 0.86 | Confidence: 0.55
Epoch [211/500] 42.20% | Loss: 0.6594 |  Accuracy: 0.86 | Confidence: 0.55
Epoch [212/500] 42.40% | Loss: 0.6582 |  Accuracy: 0.86 | Confidence: 0.55
Epoch [213/500] 42.60% | Loss: 0.6569 |  Accuracy: 0.88 | Confidence: 0.55
Epoch [214/500] 42.80% | Loss: 0.6557 |  Accuracy: 0.88 | Confidence: 0.55
Epoch [215/500] 43.00% | Loss: 0.6544 |  Accuracy: 0.88 | Confidence: 0.55
Epoch [216/500] 43.20% | Loss: 0.6532 |  Accuracy: 0.88 | Confidence: 0.55
Epoch [217/500] 43.40% | Loss: 0.6519 |  Accuracy: 0.88 | Confidence: 0.55
Epoch [218/500] 43.60% | Loss: 0.6507 |  Accuracy: 0.89 | Confidence: 0.55
Epoch [219/500] 43.80% | Loss: 0.6495 |  Accuracy: 0.89 | Confidence: 0.55
Epoch [220/500] 44.00% | Loss: 0.6483 |  Accuracy: 0.89 | Confidence: 0.55
Epoch [221/500] 44.20% | Loss: 0.6471 |  Accuracy: 0.89 | Confidence: 0.55
Epoch [222/500] 44.40% | Loss: 0.6459 |  Accuracy: 0.89 | Confidence: 0.55
Epoch [223/500] 44.60% | Loss: 0.6447 |  Accuracy: 0.89 | Confidence: 0.55
Epoch [224/500] 44.80% | Loss: 0.6435 |  Accuracy: 0.89 | Confidence: 0.55
Epoch [225/500] 45.00% | Loss: 0.6424 |  Accuracy: 0.89 | Confidence: 0.55
Epoch [226/500] 45.20% | Loss: 0.6412 |  Accuracy: 0.89 | Confidence: 0.55
Epoch [227/500] 45.40% | Loss: 0.6400 |  Accuracy: 0.89 | Confidence: 0.56
Epoch [228/500] 45.60% | Loss: 0.6389 |  Accuracy: 0.91 | Confidence: 0.55
Epoch [229/500] 45.80% | Loss: 0.6377 |  Accuracy: 0.91 | Confidence: 0.55
Epoch [230/500] 46.00% | Loss: 0.6366 |  Accuracy: 0.91 | Confidence: 0.56
Epoch [231/500] 46.20% | Loss: 0.6355 |  Accuracy: 0.91 | Confidence: 0.56
Epoch [232/500] 46.40% | Loss: 0.6343 |  Accuracy: 0.91 | Confidence: 0.56
Epoch [233/500] 46.60% | Loss: 0.6332 |  Accuracy: 0.91 | Confidence: 0.56
Epoch [234/500] 46.80% | Loss: 0.6321 |  Accuracy: 0.91 | Confidence: 0.56
Epoch [235/500] 47.00% | Loss: 0.6310 |  Accuracy: 0.91 | Confidence: 0.56
Epoch [236/500] 47.20% | Loss: 0.6299 |  Accuracy: 0.91 | Confidence: 0.56
Epoch [237/500] 47.40% | Loss: 0.6288 |  Accuracy: 0.91 | Confidence: 0.56
Epoch [238/500] 47.60% | Loss: 0.6277 |  Accuracy: 0.91 | Confidence: 0.56
Epoch [239/500] 47.80% | Loss: 0.6266 |  Accuracy: 0.91 | Confidence: 0.56
Epoch [240/500] 48.00% | Loss: 0.6255 |  Accuracy: 0.91 | Confidence: 0.56
Epoch [241/500] 48.20% | Loss: 0.6245 |  Accuracy: 0.91 | Confidence: 0.56
Epoch [242/500] 48.40% | Loss: 0.6234 |  Accuracy: 0.91 | Confidence: 0.56
Epoch [243/500] 48.60% | Loss: 0.6223 |  Accuracy: 0.92 | Confidence: 0.56
Epoch [244/500] 48.80% | Loss: 0.6213 |  Accuracy: 0.92 | Confidence: 0.56
Epoch [245/500] 49.00% | Loss: 0.6202 |  Accuracy: 0.92 | Confidence: 0.56
Epoch [246/500] 49.20% | Loss: 0.6192 |  Accuracy: 0.92 | Confidence: 0.56
Epoch [247/500] 49.40% | Loss: 0.6181 |  Accuracy: 0.92 | Confidence: 0.56
Epoch [248/500] 49.60% | Loss: 0.6171 |  Accuracy: 0.92 | Confidence: 0.57
Epoch [249/500] 49.80% | Loss: 0.6161 |  Accuracy: 0.92 | Confidence: 0.57
Epoch [250/500] 50.00% | Loss: 0.6151 |  Accuracy: 0.92 | Confidence: 0.57
Epoch [251/500] 50.20% | Loss: 0.6140 |  Accuracy: 0.92 | Confidence: 0.57
Epoch [252/500] 50.40% | Loss: 0.6130 |  Accuracy: 0.92 | Confidence: 0.57
Epoch [253/500] 50.60% | Loss: 0.6120 |  Accuracy: 0.92 | Confidence: 0.57
Epoch [254/500] 50.80% | Loss: 0.6110 |  Accuracy: 0.92 | Confidence: 0.57
Epoch [255/500] 51.00% | Loss: 0.6100 |  Accuracy: 0.92 | Confidence: 0.57
Epoch [256/500] 51.20% | Loss: 0.6090 |  Accuracy: 0.92 | Confidence: 0.57
Epoch [257/500] 51.40% | Loss: 0.6081 |  Accuracy: 0.92 | Confidence: 0.57
Epoch [258/500] 51.60% | Loss: 0.6071 |  Accuracy: 0.92 | Confidence: 0.57
Epoch [259/500] 51.80% | Loss: 0.6061 |  Accuracy: 0.92 | Confidence: 0.57
Epoch [260/500] 52.00% | Loss: 0.6051 |  Accuracy: 0.92 | Confidence: 0.57
Epoch [261/500] 52.20% | Loss: 0.6042 |  Accuracy: 0.92 | Confidence: 0.57
Epoch [262/500] 52.40% | Loss: 0.6032 |  Accuracy: 0.92 | Confidence: 0.57
Epoch [263/500] 52.60% | Loss: 0.6023 |  Accuracy: 0.94 | Confidence: 0.57
Epoch [264/500] 52.80% | Loss: 0.6013 |  Accuracy: 0.94 | Confidence: 0.57
Epoch [265/500] 53.00% | Loss: 0.6004 |  Accuracy: 0.94 | Confidence: 0.57
Epoch [266/500] 53.20% | Loss: 0.5994 |  Accuracy: 0.94 | Confidence: 0.57
Epoch [267/500] 53.40% | Loss: 0.5985 |  Accuracy: 0.94 | Confidence: 0.57
Epoch [268/500] 53.60% | Loss: 0.5976 |  Accuracy: 0.94 | Confidence: 0.57
Epoch [269/500] 53.80% | Loss: 0.5967 |  Accuracy: 0.94 | Confidence: 0.58
Epoch [270/500] 54.00% | Loss: 0.5957 |  Accuracy: 0.95 | Confidence: 0.57
Epoch [271/500] 54.20% | Loss: 0.5948 |  Accuracy: 0.95 | Confidence: 0.57
Epoch [272/500] 54.40% | Loss: 0.5939 |  Accuracy: 0.97 | Confidence: 0.57
Epoch [273/500] 54.60% | Loss: 0.5930 |  Accuracy: 0.97 | Confidence: 0.57
Epoch [274/500] 54.80% | Loss: 0.5921 |  Accuracy: 0.97 | Confidence: 0.57
Epoch [275/500] 55.00% | Loss: 0.5912 |  Accuracy: 0.97 | Confidence: 0.57
Epoch [276/500] 55.20% | Loss: 0.5903 |  Accuracy: 0.97 | Confidence: 0.58
Epoch [277/500] 55.40% | Loss: 0.5894 |  Accuracy: 0.97 | Confidence: 0.58
Epoch [278/500] 55.60% | Loss: 0.5886 |  Accuracy: 0.97 | Confidence: 0.58
Epoch [279/500] 55.80% | Loss: 0.5877 |  Accuracy: 0.97 | Confidence: 0.58
Epoch [280/500] 56.00% | Loss: 0.5868 |  Accuracy: 0.97 | Confidence: 0.58
Epoch [281/500] 56.20% | Loss: 0.5859 |  Accuracy: 0.97 | Confidence: 0.58
Epoch [282/500] 56.40% | Loss: 0.5851 |  Accuracy: 0.97 | Confidence: 0.58
Epoch [283/500] 56.60% | Loss: 0.5842 |  Accuracy: 0.97 | Confidence: 0.58
Epoch [284/500] 56.80% | Loss: 0.5834 |  Accuracy: 0.97 | Confidence: 0.58
Epoch [285/500] 57.00% | Loss: 0.5825 |  Accuracy: 0.97 | Confidence: 0.58
Epoch [286/500] 57.20% | Loss: 0.5817 |  Accuracy: 0.97 | Confidence: 0.58
Epoch [287/500] 57.40% | Loss: 0.5808 |  Accuracy: 0.97 | Confidence: 0.58
Epoch [288/500] 57.60% | Loss: 0.5800 |  Accuracy: 0.97 | Confidence: 0.58
Epoch [289/500] 57.80% | Loss: 0.5792 |  Accuracy: 0.97 | Confidence: 0.58
Epoch [290/500] 58.00% | Loss: 0.5783 |  Accuracy: 0.97 | Confidence: 0.58
Epoch [291/500] 58.20% | Loss: 0.5775 |  Accuracy: 0.97 | Confidence: 0.58
Epoch [292/500] 58.40% | Loss: 0.5767 |  Accuracy: 0.97 | Confidence: 0.58
Epoch [293/500] 58.60% | Loss: 0.5759 |  Accuracy: 0.97 | Confidence: 0.58
Epoch [294/500] 58.80% | Loss: 0.5751 |  Accuracy: 0.98 | Confidence: 0.58
Epoch [295/500] 59.00% | Loss: 0.5742 |  Accuracy: 0.98 | Confidence: 0.58
Epoch [296/500] 59.20% | Loss: 0.5734 |  Accuracy: 0.98 | Confidence: 0.58
Epoch [297/500] 59.40% | Loss: 0.5726 |  Accuracy: 0.98 | Confidence: 0.58
Epoch [298/500] 59.60% | Loss: 0.5718 |  Accuracy: 0.98 | Confidence: 0.58
Epoch [299/500] 59.80% | Loss: 0.5710 |  Accuracy: 0.98 | Confidence: 0.59
Epoch [300/500] 60.00% | Loss: 0.5703 |  Accuracy: 0.98 | Confidence: 0.59
Epoch [301/500] 60.20% | Loss: 0.5695 |  Accuracy: 0.98 | Confidence: 0.59
Epoch [302/500] 60.40% | Loss: 0.5687 |  Accuracy: 0.98 | Confidence: 0.59
Epoch [303/500] 60.60% | Loss: 0.5679 |  Accuracy: 0.98 | Confidence: 0.59
Epoch [304/500] 60.80% | Loss: 0.5671 |  Accuracy: 0.98 | Confidence: 0.59
Epoch [305/500] 61.00% | Loss: 0.5664 |  Accuracy: 0.98 | Confidence: 0.59
Epoch [306/500] 61.20% | Loss: 0.5656 |  Accuracy: 0.98 | Confidence: 0.59
Epoch [307/500] 61.40% | Loss: 0.5648 |  Accuracy: 0.98 | Confidence: 0.59
Epoch [308/500] 61.60% | Loss: 0.5641 |  Accuracy: 0.98 | Confidence: 0.59
Epoch [309/500] 61.80% | Loss: 0.5633 |  Accuracy: 0.98 | Confidence: 0.59
Epoch [310/500] 62.00% | Loss: 0.5626 |  Accuracy: 0.98 | Confidence: 0.59
Epoch [311/500] 62.20% | Loss: 0.5618 |  Accuracy: 0.98 | Confidence: 0.59
Epoch [312/500] 62.40% | Loss: 0.5611 |  Accuracy: 0.98 | Confidence: 0.59
Epoch [313/500] 62.60% | Loss: 0.5603 |  Accuracy: 0.98 | Confidence: 0.59
Epoch [314/500] 62.80% | Loss: 0.5596 |  Accuracy: 0.98 | Confidence: 0.59
Epoch [315/500] 63.00% | Loss: 0.5589 |  Accuracy: 0.98 | Confidence: 0.59
Epoch [316/500] 63.20% | Loss: 0.5581 |  Accuracy: 0.98 | Confidence: 0.59
Epoch [317/500] 63.40% | Loss: 0.5574 |  Accuracy: 0.98 | Confidence: 0.59
Epoch [318/500] 63.60% | Loss: 0.5567 |  Accuracy: 0.98 | Confidence: 0.59
Epoch [319/500] 63.80% | Loss: 0.5560 |  Accuracy: 0.98 | Confidence: 0.59
Epoch [320/500] 64.00% | Loss: 0.5552 |  Accuracy: 0.98 | Confidence: 0.59
Epoch [321/500] 64.20% | Loss: 0.5545 |  Accuracy: 0.98 | Confidence: 0.60
Epoch [322/500] 64.40% | Loss: 0.5538 |  Accuracy: 0.98 | Confidence: 0.60
Epoch [323/500] 64.60% | Loss: 0.5531 |  Accuracy: 0.98 | Confidence: 0.60
Epoch [324/500] 64.80% | Loss: 0.5524 |  Accuracy: 0.98 | Confidence: 0.60
Epoch [325/500] 65.00% | Loss: 0.5517 |  Accuracy: 0.98 | Confidence: 0.60
Epoch [326/500] 65.20% | Loss: 0.5510 |  Accuracy: 0.98 | Confidence: 0.60
Epoch [327/500] 65.40% | Loss: 0.5503 |  Accuracy: 0.98 | Confidence: 0.60
Epoch [328/500] 65.60% | Loss: 0.5496 |  Accuracy: 0.98 | Confidence: 0.60
Epoch [329/500] 65.80% | Loss: 0.5489 |  Accuracy: 0.98 | Confidence: 0.60
Epoch [330/500] 66.00% | Loss: 0.5482 |  Accuracy: 0.98 | Confidence: 0.60
Epoch [331/500] 66.20% | Loss: 0.5475 |  Accuracy: 0.98 | Confidence: 0.60
Epoch [332/500] 66.40% | Loss: 0.5469 |  Accuracy: 0.98 | Confidence: 0.60
Epoch [333/500] 66.60% | Loss: 0.5462 |  Accuracy: 0.98 | Confidence: 0.60
Epoch [334/500] 66.80% | Loss: 0.5455 |  Accuracy: 0.98 | Confidence: 0.60
Epoch [335/500] 67.00% | Loss: 0.5448 |  Accuracy: 0.98 | Confidence: 0.60
Epoch [336/500] 67.20% | Loss: 0.5442 |  Accuracy: 0.98 | Confidence: 0.60
Epoch [337/500] 67.40% | Loss: 0.5435 |  Accuracy: 0.98 | Confidence: 0.60
Epoch [338/500] 67.60% | Loss: 0.5428 |  Accuracy: 0.98 | Confidence: 0.60
Epoch [339/500] 67.80% | Loss: 0.5422 |  Accuracy: 0.98 | Confidence: 0.60
Epoch [340/500] 68.00% | Loss: 0.5415 |  Accuracy: 0.98 | Confidence: 0.60
Epoch [341/500] 68.20% | Loss: 0.5409 |  Accuracy: 0.98 | Confidence: 0.60
Epoch [342/500] 68.40% | Loss: 0.5402 |  Accuracy: 0.98 | Confidence: 0.60
Epoch [343/500] 68.60% | Loss: 0.5396 |  Accuracy: 0.98 | Confidence: 0.60
Epoch [344/500] 68.80% | Loss: 0.5389 |  Accuracy: 0.98 | Confidence: 0.60
Epoch [345/500] 69.00% | Loss: 0.5383 |  Accuracy: 0.98 | Confidence: 0.61
Epoch [346/500] 69.20% | Loss: 0.5376 |  Accuracy: 0.98 | Confidence: 0.61
Epoch [347/500] 69.40% | Loss: 0.5370 |  Accuracy: 0.98 | Confidence: 0.61
Epoch [348/500] 69.60% | Loss: 0.5364 |  Accuracy: 0.98 | Confidence: 0.61
Epoch [349/500] 69.80% | Loss: 0.5357 |  Accuracy: 0.98 | Confidence: 0.61
Epoch [350/500] 70.00% | Loss: 0.5351 |  Accuracy: 0.98 | Confidence: 0.61
Epoch [351/500] 70.20% | Loss: 0.5345 |  Accuracy: 0.98 | Confidence: 0.61
Epoch [352/500] 70.40% | Loss: 0.5339 |  Accuracy: 0.98 | Confidence: 0.61
Epoch [353/500] 70.60% | Loss: 0.5332 |  Accuracy: 0.98 | Confidence: 0.61
Epoch [354/500] 70.80% | Loss: 0.5326 |  Accuracy: 0.98 | Confidence: 0.61
Epoch [355/500] 71.00% | Loss: 0.5320 |  Accuracy: 0.98 | Confidence: 0.61
Epoch [356/500] 71.20% | Loss: 0.5314 |  Accuracy: 0.98 | Confidence: 0.61
Epoch [357/500] 71.40% | Loss: 0.5308 |  Accuracy: 0.98 | Confidence: 0.61
Epoch [358/500] 71.60% | Loss: 0.5302 |  Accuracy: 0.98 | Confidence: 0.61
Epoch [359/500] 71.80% | Loss: 0.5296 |  Accuracy: 0.98 | Confidence: 0.61
Epoch [360/500] 72.00% | Loss: 0.5290 |  Accuracy: 0.98 | Confidence: 0.61
Epoch [361/500] 72.20% | Loss: 0.5284 |  Accuracy: 0.98 | Confidence: 0.61
Epoch [362/500] 72.40% | Loss: 0.5278 |  Accuracy: 0.98 | Confidence: 0.61
Epoch [363/500] 72.60% | Loss: 0.5272 |  Accuracy: 0.98 | Confidence: 0.61
Epoch [364/500] 72.80% | Loss: 0.5266 |  Accuracy: 0.98 | Confidence: 0.61
Epoch [365/500] 73.00% | Loss: 0.5260 |  Accuracy: 0.98 | Confidence: 0.61
Epoch [366/500] 73.20% | Loss: 0.5254 |  Accuracy: 0.98 | Confidence: 0.61
Epoch [367/500] 73.40% | Loss: 0.5248 |  Accuracy: 0.98 | Confidence: 0.61
Epoch [368/500] 73.60% | Loss: 0.5242 |  Accuracy: 0.98 | Confidence: 0.61
Epoch [369/500] 73.80% | Loss: 0.5236 |  Accuracy: 0.98 | Confidence: 0.61
Epoch [370/500] 74.00% | Loss: 0.5230 |  Accuracy: 0.98 | Confidence: 0.61
Epoch [371/500] 74.20% | Loss: 0.5225 |  Accuracy: 0.98 | Confidence: 0.62
Epoch [372/500] 74.40% | Loss: 0.5219 |  Accuracy: 0.98 | Confidence: 0.62
Epoch [373/500] 74.60% | Loss: 0.5213 |  Accuracy: 0.98 | Confidence: 0.62
Epoch [374/500] 74.80% | Loss: 0.5207 |  Accuracy: 0.98 | Confidence: 0.62
Epoch [375/500] 75.00% | Loss: 0.5202 |  Accuracy: 0.98 | Confidence: 0.62
Epoch [376/500] 75.20% | Loss: 0.5196 |  Accuracy: 0.98 | Confidence: 0.62
Epoch [377/500] 75.40% | Loss: 0.5190 |  Accuracy: 0.98 | Confidence: 0.62
Epoch [378/500] 75.60% | Loss: 0.5185 |  Accuracy: 0.98 | Confidence: 0.62
Epoch [379/500] 75.80% | Loss: 0.5179 |  Accuracy: 0.98 | Confidence: 0.62
Epoch [380/500] 76.00% | Loss: 0.5174 |  Accuracy: 0.98 | Confidence: 0.62
Epoch [381/500] 76.20% | Loss: 0.5168 |  Accuracy: 0.98 | Confidence: 0.62
Epoch [382/500] 76.40% | Loss: 0.5163 |  Accuracy: 0.98 | Confidence: 0.62
Epoch [383/500] 76.60% | Loss: 0.5157 |  Accuracy: 0.98 | Confidence: 0.62
Epoch [384/500] 76.80% | Loss: 0.5152 |  Accuracy: 0.98 | Confidence: 0.62
Epoch [385/500] 77.00% | Loss: 0.5146 |  Accuracy: 0.98 | Confidence: 0.62
Epoch [386/500] 77.20% | Loss: 0.5141 |  Accuracy: 0.98 | Confidence: 0.62
Epoch [387/500] 77.40% | Loss: 0.5135 |  Accuracy: 0.98 | Confidence: 0.62
Epoch [388/500] 77.60% | Loss: 0.5130 |  Accuracy: 0.98 | Confidence: 0.62
Epoch [389/500] 77.80% | Loss: 0.5124 |  Accuracy: 0.98 | Confidence: 0.62
Epoch [390/500] 78.00% | Loss: 0.5119 |  Accuracy: 0.98 | Confidence: 0.62
Epoch [391/500] 78.20% | Loss: 0.5114 |  Accuracy: 0.98 | Confidence: 0.62
Epoch [392/500] 78.40% | Loss: 0.5108 |  Accuracy: 0.98 | Confidence: 0.62
Epoch [393/500] 78.60% | Loss: 0.5103 |  Accuracy: 0.98 | Confidence: 0.62
Epoch [394/500] 78.80% | Loss: 0.5098 |  Accuracy: 0.98 | Confidence: 0.62
Epoch [395/500] 79.00% | Loss: 0.5092 |  Accuracy: 0.98 | Confidence: 0.62
Epoch [396/500] 79.20% | Loss: 0.5087 |  Accuracy: 0.98 | Confidence: 0.62
Epoch [397/500] 79.40% | Loss: 0.5082 |  Accuracy: 0.98 | Confidence: 0.62
Epoch [398/500] 79.60% | Loss: 0.5077 |  Accuracy: 0.98 | Confidence: 0.62
Epoch [399/500] 79.80% | Loss: 0.5071 |  Accuracy: 0.98 | Confidence: 0.62
Epoch [400/500] 80.00% | Loss: 0.5066 |  Accuracy: 0.98 | Confidence: 0.63
Epoch [401/500] 80.20% | Loss: 0.5061 |  Accuracy: 0.98 | Confidence: 0.63
Epoch [402/500] 80.40% | Loss: 0.5056 |  Accuracy: 0.98 | Confidence: 0.63
Epoch [403/500] 80.60% | Loss: 0.5051 |  Accuracy: 0.98 | Confidence: 0.63
Epoch [404/500] 80.80% | Loss: 0.5046 |  Accuracy: 0.98 | Confidence: 0.63
Epoch [405/500] 81.00% | Loss: 0.5041 |  Accuracy: 0.98 | Confidence: 0.63
Epoch [406/500] 81.20% | Loss: 0.5036 |  Accuracy: 0.98 | Confidence: 0.63
Epoch [407/500] 81.40% | Loss: 0.5031 |  Accuracy: 0.98 | Confidence: 0.63
Epoch [408/500] 81.60% | Loss: 0.5026 |  Accuracy: 0.98 | Confidence: 0.63
Epoch [409/500] 81.80% | Loss: 0.5020 |  Accuracy: 0.98 | Confidence: 0.63
Epoch [410/500] 82.00% | Loss: 0.5015 |  Accuracy: 0.98 | Confidence: 0.63
Epoch [411/500] 82.20% | Loss: 0.5011 |  Accuracy: 0.98 | Confidence: 0.63
Epoch [412/500] 82.40% | Loss: 0.5006 |  Accuracy: 0.98 | Confidence: 0.63
Epoch [413/500] 82.60% | Loss: 0.5001 |  Accuracy: 0.98 | Confidence: 0.63
Epoch [414/500] 82.80% | Loss: 0.4996 |  Accuracy: 0.98 | Confidence: 0.63
Epoch [415/500] 83.00% | Loss: 0.4991 |  Accuracy: 0.98 | Confidence: 0.63
Epoch [416/500] 83.20% | Loss: 0.4986 |  Accuracy: 0.98 | Confidence: 0.63
Epoch [417/500] 83.40% | Loss: 0.4981 |  Accuracy: 0.98 | Confidence: 0.63
Epoch [418/500] 83.60% | Loss: 0.4976 |  Accuracy: 0.98 | Confidence: 0.63
Epoch [419/500] 83.80% | Loss: 0.4971 |  Accuracy: 0.98 | Confidence: 0.63
Epoch [420/500] 84.00% | Loss: 0.4966 |  Accuracy: 0.98 | Confidence: 0.63
Epoch [421/500] 84.20% | Loss: 0.4962 |  Accuracy: 0.98 | Confidence: 0.63
Epoch [422/500] 84.40% | Loss: 0.4957 |  Accuracy: 0.98 | Confidence: 0.63
Epoch [423/500] 84.60% | Loss: 0.4952 |  Accuracy: 0.98 | Confidence: 0.63
Epoch [424/500] 84.80% | Loss: 0.4947 |  Accuracy: 0.98 | Confidence: 0.63
Epoch [425/500] 85.00% | Loss: 0.4943 |  Accuracy: 0.98 | Confidence: 0.63
Epoch [426/500] 85.20% | Loss: 0.4938 |  Accuracy: 0.98 | Confidence: 0.63
Epoch [427/500] 85.40% | Loss: 0.4933 |  Accuracy: 0.98 | Confidence: 0.63
Epoch [428/500] 85.60% | Loss: 0.4928 |  Accuracy: 0.98 | Confidence: 0.63
Epoch [429/500] 85.80% | Loss: 0.4924 |  Accuracy: 0.98 | Confidence: 0.63
Epoch [430/500] 86.00% | Loss: 0.4919 |  Accuracy: 0.98 | Confidence: 0.63
Epoch [431/500] 86.20% | Loss: 0.4914 |  Accuracy: 0.98 | Confidence: 0.63
Epoch [432/500] 86.40% | Loss: 0.4910 |  Accuracy: 0.98 | Confidence: 0.63
Epoch [433/500] 86.60% | Loss: 0.4905 |  Accuracy: 0.98 | Confidence: 0.64
Epoch [434/500] 86.80% | Loss: 0.4900 |  Accuracy: 0.98 | Confidence: 0.64
Epoch [435/500] 87.00% | Loss: 0.4896 |  Accuracy: 0.98 | Confidence: 0.64
Epoch [436/500] 87.20% | Loss: 0.4891 |  Accuracy: 0.98 | Confidence: 0.64
Epoch [437/500] 87.40% | Loss: 0.4887 |  Accuracy: 0.98 | Confidence: 0.64
Epoch [438/500] 87.60% | Loss: 0.4882 |  Accuracy: 0.98 | Confidence: 0.64
Epoch [439/500] 87.80% | Loss: 0.4878 |  Accuracy: 0.98 | Confidence: 0.64
Epoch [440/500] 88.00% | Loss: 0.4873 |  Accuracy: 0.98 | Confidence: 0.64
Epoch [441/500] 88.20% | Loss: 0.4869 |  Accuracy: 0.98 | Confidence: 0.64
Epoch [442/500] 88.40% | Loss: 0.4864 |  Accuracy: 0.98 | Confidence: 0.64
Epoch [443/500] 88.60% | Loss: 0.4860 |  Accuracy: 0.98 | Confidence: 0.64
Epoch [444/500] 88.80% | Loss: 0.4855 |  Accuracy: 0.98 | Confidence: 0.64
Epoch [445/500] 89.00% | Loss: 0.4851 |  Accuracy: 0.98 | Confidence: 0.64
Epoch [446/500] 89.20% | Loss: 0.4846 |  Accuracy: 0.98 | Confidence: 0.64
Epoch [447/500] 89.40% | Loss: 0.4842 |  Accuracy: 0.98 | Confidence: 0.64
Epoch [448/500] 89.60% | Loss: 0.4837 |  Accuracy: 0.98 | Confidence: 0.64
Epoch [449/500] 89.80% | Loss: 0.4833 |  Accuracy: 0.98 | Confidence: 0.64
Epoch [450/500] 90.00% | Loss: 0.4829 |  Accuracy: 0.98 | Confidence: 0.64
Epoch [451/500] 90.20% | Loss: 0.4824 |  Accuracy: 0.98 | Confidence: 0.64
Epoch [452/500] 90.40% | Loss: 0.4820 |  Accuracy: 0.98 | Confidence: 0.64
Epoch [453/500] 90.60% | Loss: 0.4816 |  Accuracy: 0.98 | Confidence: 0.64
Epoch [454/500] 90.80% | Loss: 0.4811 |  Accuracy: 0.98 | Confidence: 0.64
Epoch [455/500] 91.00% | Loss: 0.4807 |  Accuracy: 0.98 | Confidence: 0.64
Epoch [456/500] 91.20% | Loss: 0.4803 |  Accuracy: 0.98 | Confidence: 0.64
Epoch [457/500] 91.40% | Loss: 0.4798 |  Accuracy: 0.98 | Confidence: 0.64
Epoch [458/500] 91.60% | Loss: 0.4794 |  Accuracy: 0.98 | Confidence: 0.64
Epoch [459/500] 91.80% | Loss: 0.4790 |  Accuracy: 0.98 | Confidence: 0.64
Epoch [460/500] 92.00% | Loss: 0.4786 |  Accuracy: 0.98 | Confidence: 0.64
Epoch [461/500] 92.20% | Loss: 0.4781 |  Accuracy: 0.98 | Confidence: 0.64
Epoch [462/500] 92.40% | Loss: 0.4777 |  Accuracy: 0.98 | Confidence: 0.64
Epoch [463/500] 92.60% | Loss: 0.4773 |  Accuracy: 0.98 | Confidence: 0.64
Epoch [464/500] 92.80% | Loss: 0.4769 |  Accuracy: 0.98 | Confidence: 0.64
Epoch [465/500] 93.00% | Loss: 0.4765 |  Accuracy: 0.98 | Confidence: 0.64
Epoch [466/500] 93.20% | Loss: 0.4760 |  Accuracy: 1.00 | Confidence: 0.64
Epoch [467/500] 93.40% | Loss: 0.4756 |  Accuracy: 1.00 | Confidence: 0.64
Epoch [468/500] 93.60% | Loss: 0.4752 |  Accuracy: 1.00 | Confidence: 0.64
Epoch [469/500] 93.80% | Loss: 0.4748 |  Accuracy: 1.00 | Confidence: 0.64
Epoch [470/500] 94.00% | Loss: 0.4744 |  Accuracy: 1.00 | Confidence: 0.64
Epoch [471/500] 94.20% | Loss: 0.4740 |  Accuracy: 1.00 | Confidence: 0.64
Epoch [472/500] 94.40% | Loss: 0.4736 |  Accuracy: 1.00 | Confidence: 0.64
Epoch [473/500] 94.60% | Loss: 0.4731 |  Accuracy: 1.00 | Confidence: 0.64
Epoch [474/500] 94.80% | Loss: 0.4727 |  Accuracy: 1.00 | Confidence: 0.64
Epoch [475/500] 95.00% | Loss: 0.4723 |  Accuracy: 1.00 | Confidence: 0.64
Epoch [476/500] 95.20% | Loss: 0.4719 |  Accuracy: 1.00 | Confidence: 0.64
Epoch [477/500] 95.40% | Loss: 0.4715 |  Accuracy: 1.00 | Confidence: 0.64
Epoch [478/500] 95.60% | Loss: 0.4711 |  Accuracy: 1.00 | Confidence: 0.64
Epoch [479/500] 95.80% | Loss: 0.4707 |  Accuracy: 1.00 | Confidence: 0.65
Epoch [480/500] 96.00% | Loss: 0.4703 |  Accuracy: 1.00 | Confidence: 0.65
Epoch [481/500] 96.20% | Loss: 0.4699 |  Accuracy: 1.00 | Confidence: 0.65
Epoch [482/500] 96.40% | Loss: 0.4695 |  Accuracy: 1.00 | Confidence: 0.65
Epoch [483/500] 96.60% | Loss: 0.4691 |  Accuracy: 1.00 | Confidence: 0.65
Epoch [484/500] 96.80% | Loss: 0.4687 |  Accuracy: 1.00 | Confidence: 0.65
Epoch [485/500] 97.00% | Loss: 0.4683 |  Accuracy: 1.00 | Confidence: 0.65
Epoch [486/500] 97.20% | Loss: 0.4679 |  Accuracy: 1.00 | Confidence: 0.65
Epoch [487/500] 97.40% | Loss: 0.4675 |  Accuracy: 1.00 | Confidence: 0.65
Epoch [488/500] 97.60% | Loss: 0.4671 |  Accuracy: 1.00 | Confidence: 0.65
Epoch [489/500] 97.80% | Loss: 0.4668 |  Accuracy: 1.00 | Confidence: 0.65
Epoch [490/500] 98.00% | Loss: 0.4664 |  Accuracy: 1.00 | Confidence: 0.65
Epoch [491/500] 98.20% | Loss: 0.4660 |  Accuracy: 1.00 | Confidence: 0.65
Epoch [492/500] 98.40% | Loss: 0.4656 |  Accuracy: 1.00 | Confidence: 0.65
Epoch [493/500] 98.60% | Loss: 0.4652 |  Accuracy: 1.00 | Confidence: 0.65
Epoch [494/500] 98.80% | Loss: 0.4648 |  Accuracy: 1.00 | Confidence: 0.65
Epoch [495/500] 99.00% | Loss: 0.4644 |  Accuracy: 1.00 | Confidence: 0.65
Epoch [496/500] 99.20% | Loss: 0.4640 |  Accuracy: 1.00 | Confidence: 0.65
Epoch [497/500] 99.40% | Loss: 0.4637 |  Accuracy: 1.00 | Confidence: 0.65
Epoch [498/500] 99.60% | Loss: 0.4633 |  Accuracy: 1.00 | Confidence: 0.65
Epoch [499/500] 99.80% | Loss: 0.4629 |  Accuracy: 1.00 | Confidence: 0.65
Epoch [500/500] 100.00% | Loss: 0.4625 |  Accuracy: 1.00 | Confidence: 0.65
Test Accuracy 86.66666666666667 | Confidence {0: 0.53, 1: 0.74, 2: 0.59}
