columns are
Index(['att1', 'att2', 'att3', 'att4', 'att5', 'att6', 'att7', 'att8', 'att9',
       'att10',
       ...
       'att1016', 'att1017', 'att1018', 'att1019', 'att1020', 'att1021',
       'att1022', 'att1023', 'att1024', 'target'],
      dtype='object', length=1025)
Loading test data . . .
Loading meta file . . .
Meta file loaded successfully
Hyperparams:

{
  "loss": "mse",
  "learning_rate": 0.005,
  "num_epochs": 150,
  "num_classes": 5,
  "batch_size": 10,
  "model_save_path": "/Users/prathyushsp/Git/TimeSeriesSaliencyMaps/nte/trained_models//all_bbms/",
  "model_name": "MixedShapes_cnn_mse"
}



Epoch [1/150] 0.67% | Loss: 0.1082 |  Accuracy: 0.58 | Confidence: 0.54
Epoch [2/150] 1.33% | Loss: 0.0779 |  Accuracy: 0.69 | Confidence: 0.66
Epoch [3/150] 2.00% | Loss: 0.0605 |  Accuracy: 0.82 | Confidence: 0.69
Epoch [4/150] 2.67% | Loss: 0.0481 |  Accuracy: 0.89 | Confidence: 0.71
Epoch [5/150] 3.33% | Loss: 0.0403 |  Accuracy: 0.91 | Confidence: 0.75
Epoch [6/150] 4.00% | Loss: 0.0355 |  Accuracy: 0.91 | Confidence: 0.79
Epoch [7/150] 4.67% | Loss: 0.0309 |  Accuracy: 0.94 | Confidence: 0.80
Epoch [8/150] 5.33% | Loss: 0.0279 |  Accuracy: 0.94 | Confidence: 0.83
Epoch [9/150] 6.00% | Loss: 0.0273 |  Accuracy: 0.94 | Confidence: 0.84
Epoch [10/150] 6.67% | Loss: 0.0261 |  Accuracy: 0.95 | Confidence: 0.84
Epoch [11/150] 7.33% | Loss: 0.0236 |  Accuracy: 0.94 | Confidence: 0.86
Epoch [12/150] 8.00% | Loss: 0.0249 |  Accuracy: 0.91 | Confidence: 0.87
Epoch [13/150] 8.67% | Loss: 0.0219 |  Accuracy: 0.94 | Confidence: 0.87
Epoch [14/150] 9.33% | Loss: 0.0215 |  Accuracy: 0.94 | Confidence: 0.87
Epoch [15/150] 10.00% | Loss: 0.0197 |  Accuracy: 0.96 | Confidence: 0.88
Epoch [16/150] 10.67% | Loss: 0.0180 |  Accuracy: 0.96 | Confidence: 0.88
Epoch [17/150] 11.33% | Loss: 0.0158 |  Accuracy: 0.97 | Confidence: 0.89
Epoch [18/150] 12.00% | Loss: 0.0156 |  Accuracy: 0.97 | Confidence: 0.89
Epoch [19/150] 12.67% | Loss: 0.0148 |  Accuracy: 0.96 | Confidence: 0.90
Epoch [20/150] 13.33% | Loss: 0.0141 |  Accuracy: 0.97 | Confidence: 0.90
Epoch [21/150] 14.00% | Loss: 0.0124 |  Accuracy: 0.97 | Confidence: 0.90
Epoch [22/150] 14.67% | Loss: 0.0122 |  Accuracy: 0.96 | Confidence: 0.91
Epoch [23/150] 15.33% | Loss: 0.0110 |  Accuracy: 0.98 | Confidence: 0.90
Epoch [24/150] 16.00% | Loss: 0.0119 |  Accuracy: 0.98 | Confidence: 0.90
Epoch [25/150] 16.67% | Loss: 0.0124 |  Accuracy: 0.98 | Confidence: 0.90
Epoch [26/150] 17.33% | Loss: 0.0142 |  Accuracy: 0.97 | Confidence: 0.90
Epoch [27/150] 18.00% | Loss: 0.0146 |  Accuracy: 0.95 | Confidence: 0.90
Epoch [28/150] 18.67% | Loss: 0.0105 |  Accuracy: 0.98 | Confidence: 0.90
Epoch [29/150] 19.33% | Loss: 0.0108 |  Accuracy: 0.97 | Confidence: 0.91
Epoch [30/150] 20.00% | Loss: 0.0091 |  Accuracy: 0.98 | Confidence: 0.91
Epoch [31/150] 20.67% | Loss: 0.0086 |  Accuracy: 0.98 | Confidence: 0.92
Epoch [32/150] 21.33% | Loss: 0.0113 |  Accuracy: 0.97 | Confidence: 0.92
Epoch [33/150] 22.00% | Loss: 0.0102 |  Accuracy: 0.96 | Confidence: 0.92
Epoch [34/150] 22.67% | Loss: 0.0090 |  Accuracy: 0.97 | Confidence: 0.93
Epoch [35/150] 23.33% | Loss: 0.0071 |  Accuracy: 0.98 | Confidence: 0.92
Epoch [36/150] 24.00% | Loss: 0.0103 |  Accuracy: 0.97 | Confidence: 0.92
Epoch [37/150] 24.67% | Loss: 0.0110 |  Accuracy: 0.97 | Confidence: 0.92
Epoch [38/150] 25.33% | Loss: 0.0109 |  Accuracy: 0.98 | Confidence: 0.91
Epoch [39/150] 26.00% | Loss: 0.0115 |  Accuracy: 0.97 | Confidence: 0.91
Epoch [40/150] 26.67% | Loss: 0.0110 |  Accuracy: 0.98 | Confidence: 0.90
Epoch [41/150] 27.33% | Loss: 0.0129 |  Accuracy: 0.96 | Confidence: 0.92
Epoch [42/150] 28.00% | Loss: 0.0099 |  Accuracy: 0.99 | Confidence: 0.91
Epoch [43/150] 28.67% | Loss: 0.0107 |  Accuracy: 0.98 | Confidence: 0.92
Epoch [44/150] 29.33% | Loss: 0.0139 |  Accuracy: 0.96 | Confidence: 0.92
Epoch [45/150] 30.00% | Loss: 0.0140 |  Accuracy: 0.97 | Confidence: 0.91
Epoch [46/150] 30.67% | Loss: 0.0204 |  Accuracy: 0.94 | Confidence: 0.91
Epoch [47/150] 31.33% | Loss: 0.0111 |  Accuracy: 0.98 | Confidence: 0.91
Epoch [48/150] 32.00% | Loss: 0.0122 |  Accuracy: 0.97 | Confidence: 0.91
Epoch [49/150] 32.67% | Loss: 0.0086 |  Accuracy: 0.98 | Confidence: 0.92
Epoch [50/150] 33.33% | Loss: 0.0132 |  Accuracy: 0.96 | Confidence: 0.93
Epoch [51/150] 34.00% | Loss: 0.0111 |  Accuracy: 0.97 | Confidence: 0.93
Epoch [52/150] 34.67% | Loss: 0.0137 |  Accuracy: 0.96 | Confidence: 0.93
Epoch [53/150] 35.33% | Loss: 0.0111 |  Accuracy: 0.96 | Confidence: 0.93
Epoch [54/150] 36.00% | Loss: 0.0066 |  Accuracy: 0.99 | Confidence: 0.93
Epoch [55/150] 36.67% | Loss: 0.0101 |  Accuracy: 0.97 | Confidence: 0.93
Epoch [56/150] 37.33% | Loss: 0.0103 |  Accuracy: 0.97 | Confidence: 0.93
Epoch [57/150] 38.00% | Loss: 0.0124 |  Accuracy: 0.96 | Confidence: 0.94
Epoch [58/150] 38.67% | Loss: 0.0091 |  Accuracy: 0.97 | Confidence: 0.94
Epoch [59/150] 39.33% | Loss: 0.0252 |  Accuracy: 0.91 | Confidence: 0.94
Epoch [60/150] 40.00% | Loss: 0.0222 |  Accuracy: 0.92 | Confidence: 0.90
Epoch [61/150] 40.67% | Loss: 0.0229 |  Accuracy: 0.89 | Confidence: 0.91
Epoch [62/150] 41.33% | Loss: 0.0171 |  Accuracy: 0.97 | Confidence: 0.89
Epoch [63/150] 42.00% | Loss: 0.0163 |  Accuracy: 0.96 | Confidence: 0.90
Epoch [64/150] 42.67% | Loss: 0.0207 |  Accuracy: 0.94 | Confidence: 0.91
Epoch [65/150] 43.33% | Loss: 0.0147 |  Accuracy: 0.97 | Confidence: 0.89
Epoch [66/150] 44.00% | Loss: 0.0199 |  Accuracy: 0.94 | Confidence: 0.90
Epoch [67/150] 44.67% | Loss: 0.0169 |  Accuracy: 0.96 | Confidence: 0.90
Epoch [68/150] 45.33% | Loss: 0.0173 |  Accuracy: 0.95 | Confidence: 0.91
Epoch [69/150] 46.00% | Loss: 0.0158 |  Accuracy: 0.95 | Confidence: 0.91
Epoch [70/150] 46.67% | Loss: 0.0139 |  Accuracy: 0.96 | Confidence: 0.92
Epoch [71/150] 47.33% | Loss: 0.0175 |  Accuracy: 0.94 | Confidence: 0.92
Epoch [72/150] 48.00% | Loss: 0.0133 |  Accuracy: 0.96 | Confidence: 0.92
Epoch [73/150] 48.67% | Loss: 0.0105 |  Accuracy: 0.98 | Confidence: 0.91
Epoch [74/150] 49.33% | Loss: 0.0140 |  Accuracy: 0.96 | Confidence: 0.92
Epoch [75/150] 50.00% | Loss: 0.0123 |  Accuracy: 0.96 | Confidence: 0.93
Epoch [76/150] 50.67% | Loss: 0.0122 |  Accuracy: 0.97 | Confidence: 0.91
Epoch [77/150] 51.33% | Loss: 0.0146 |  Accuracy: 0.96 | Confidence: 0.92
Epoch [78/150] 52.00% | Loss: 0.0086 |  Accuracy: 0.99 | Confidence: 0.92
Epoch [79/150] 52.67% | Loss: 0.0155 |  Accuracy: 0.96 | Confidence: 0.92
Epoch [80/150] 53.33% | Loss: 0.0210 |  Accuracy: 0.94 | Confidence: 0.92
Epoch [81/150] 54.00% | Loss: 0.0156 |  Accuracy: 0.93 | Confidence: 0.92
Epoch [82/150] 54.67% | Loss: 0.0087 |  Accuracy: 0.99 | Confidence: 0.91
Epoch [83/150] 55.33% | Loss: 0.0080 |  Accuracy: 0.99 | Confidence: 0.92
Epoch [84/150] 56.00% | Loss: 0.0091 |  Accuracy: 0.97 | Confidence: 0.93
Epoch [85/150] 56.67% | Loss: 0.0077 |  Accuracy: 0.99 | Confidence: 0.92
Epoch [86/150] 57.33% | Loss: 0.0074 |  Accuracy: 0.99 | Confidence: 0.93
Epoch [87/150] 58.00% | Loss: 0.0069 |  Accuracy: 0.99 | Confidence: 0.93
Epoch [88/150] 58.67% | Loss: 0.0068 |  Accuracy: 0.99 | Confidence: 0.93
Epoch [89/150] 59.33% | Loss: 0.0065 |  Accuracy: 0.99 | Confidence: 0.93
Epoch [90/150] 60.00% | Loss: 0.0082 |  Accuracy: 0.98 | Confidence: 0.93
Epoch [91/150] 60.67% | Loss: 0.0087 |  Accuracy: 0.98 | Confidence: 0.92
Epoch [92/150] 61.33% | Loss: 0.0126 |  Accuracy: 0.97 | Confidence: 0.93
Epoch [93/150] 62.00% | Loss: 0.0089 |  Accuracy: 0.98 | Confidence: 0.93
Epoch [94/150] 62.67% | Loss: 0.0104 |  Accuracy: 0.97 | Confidence: 0.92
Epoch [95/150] 63.33% | Loss: 0.0182 |  Accuracy: 0.95 | Confidence: 0.91
Epoch [96/150] 64.00% | Loss: 0.0137 |  Accuracy: 0.98 | Confidence: 0.92
Epoch [97/150] 64.67% | Loss: 0.0106 |  Accuracy: 0.97 | Confidence: 0.94
Epoch [98/150] 65.33% | Loss: 0.0128 |  Accuracy: 0.96 | Confidence: 0.93
Epoch [99/150] 66.00% | Loss: 0.0124 |  Accuracy: 0.97 | Confidence: 0.92
Epoch [100/150] 66.67% | Loss: 0.0091 |  Accuracy: 0.98 | Confidence: 0.94
Epoch [101/150] 67.33% | Loss: 0.0082 |  Accuracy: 0.98 | Confidence: 0.94
Epoch [102/150] 68.00% | Loss: 0.0068 |  Accuracy: 0.99 | Confidence: 0.94
Epoch [103/150] 68.67% | Loss: 0.0035 |  Accuracy: 1.00 | Confidence: 0.94
Epoch [104/150] 69.33% | Loss: 0.0034 |  Accuracy: 0.99 | Confidence: 0.95
Epoch [105/150] 70.00% | Loss: 0.0026 |  Accuracy: 0.99 | Confidence: 0.96
Epoch [106/150] 70.67% | Loss: 0.0060 |  Accuracy: 0.98 | Confidence: 0.96
Epoch [107/150] 71.33% | Loss: 0.0042 |  Accuracy: 0.99 | Confidence: 0.96
Epoch [108/150] 72.00% | Loss: 0.0034 |  Accuracy: 1.00 | Confidence: 0.95
Epoch [109/150] 72.67% | Loss: 0.0047 |  Accuracy: 0.99 | Confidence: 0.97
Epoch [110/150] 73.33% | Loss: 0.0054 |  Accuracy: 0.99 | Confidence: 0.96
Epoch [111/150] 74.00% | Loss: 0.0029 |  Accuracy: 0.99 | Confidence: 0.96
Epoch [112/150] 74.67% | Loss: 0.0015 |  Accuracy: 1.00 | Confidence: 0.96
Epoch [113/150] 75.33% | Loss: 0.0017 |  Accuracy: 1.00 | Confidence: 0.96
Epoch [114/150] 76.00% | Loss: 0.0023 |  Accuracy: 1.00 | Confidence: 0.96
Epoch [115/150] 76.67% | Loss: 0.0042 |  Accuracy: 0.99 | Confidence: 0.97
Epoch [116/150] 77.33% | Loss: 0.0017 |  Accuracy: 1.00 | Confidence: 0.96
Epoch [117/150] 78.00% | Loss: 0.0090 |  Accuracy: 0.97 | Confidence: 0.97
Epoch [118/150] 78.67% | Loss: 0.0065 |  Accuracy: 0.99 | Confidence: 0.94
Epoch [119/150] 79.33% | Loss: 0.0098 |  Accuracy: 0.97 | Confidence: 0.96
Epoch [120/150] 80.00% | Loss: 0.0061 |  Accuracy: 0.98 | Confidence: 0.95
Epoch [121/150] 80.67% | Loss: 0.0105 |  Accuracy: 0.96 | Confidence: 0.94
Epoch [122/150] 81.33% | Loss: 0.0110 |  Accuracy: 0.96 | Confidence: 0.95
Epoch [123/150] 82.00% | Loss: 0.0095 |  Accuracy: 0.98 | Confidence: 0.95
Epoch [124/150] 82.67% | Loss: 0.0043 |  Accuracy: 0.99 | Confidence: 0.96
Epoch [125/150] 83.33% | Loss: 0.0025 |  Accuracy: 0.99 | Confidence: 0.97
Epoch [126/150] 84.00% | Loss: 0.0017 |  Accuracy: 1.00 | Confidence: 0.96
Epoch [127/150] 84.67% | Loss: 0.0028 |  Accuracy: 0.99 | Confidence: 0.97
Epoch [128/150] 85.33% | Loss: 0.0023 |  Accuracy: 0.99 | Confidence: 0.97
Epoch [129/150] 86.00% | Loss: 0.0044 |  Accuracy: 0.99 | Confidence: 0.96
Epoch [130/150] 86.67% | Loss: 0.0033 |  Accuracy: 1.00 | Confidence: 0.95
Epoch [131/150] 87.33% | Loss: 0.0021 |  Accuracy: 1.00 | Confidence: 0.96
Epoch [132/150] 88.00% | Loss: 0.0019 |  Accuracy: 1.00 | Confidence: 0.96
Epoch [133/150] 88.67% | Loss: 0.0022 |  Accuracy: 1.00 | Confidence: 0.96
Epoch [134/150] 89.33% | Loss: 0.0014 |  Accuracy: 1.00 | Confidence: 0.97
Epoch [135/150] 90.00% | Loss: 0.0009 |  Accuracy: 1.00 | Confidence: 0.97
Epoch [136/150] 90.67% | Loss: 0.0008 |  Accuracy: 1.00 | Confidence: 0.97
Epoch [137/150] 91.33% | Loss: 0.0006 |  Accuracy: 1.00 | Confidence: 0.97
Epoch [138/150] 92.00% | Loss: 0.0006 |  Accuracy: 1.00 | Confidence: 0.97
Epoch [139/150] 92.67% | Loss: 0.0006 |  Accuracy: 1.00 | Confidence: 0.97
Epoch [140/150] 93.33% | Loss: 0.0005 |  Accuracy: 1.00 | Confidence: 0.98
Epoch [141/150] 94.00% | Loss: 0.0005 |  Accuracy: 1.00 | Confidence: 0.98
Epoch [142/150] 94.67% | Loss: 0.0005 |  Accuracy: 1.00 | Confidence: 0.98
Epoch [143/150] 95.33% | Loss: 0.0005 |  Accuracy: 1.00 | Confidence: 0.98
Epoch [144/150] 96.00% | Loss: 0.0004 |  Accuracy: 1.00 | Confidence: 0.98
Epoch [145/150] 96.67% | Loss: 0.0004 |  Accuracy: 1.00 | Confidence: 0.98
Epoch [146/150] 97.33% | Loss: 0.0004 |  Accuracy: 1.00 | Confidence: 0.98
Epoch [147/150] 98.00% | Loss: 0.0004 |  Accuracy: 1.00 | Confidence: 0.98
Epoch [148/150] 98.67% | Loss: 0.0004 |  Accuracy: 1.00 | Confidence: 0.98
Epoch [149/150] 99.33% | Loss: 0.0004 |  Accuracy: 1.00 | Confidence: 0.98
Epoch [150/150] 100.00% | Loss: 0.0004 |  Accuracy: 1.00 | Confidence: 0.98
Test Accuracy 79.91752577319588 | Confidence {1: 0.98, 4: 0.98, 3: 0.86, 0: 0.96, 2: 0.92}
