Config: 
 {
  "model_name": "ford_b_dnn_ce",
  "model_save_path": "/tmp/",
  "model": "dnn",
  "loss": "ce",
  "timesteps": 500,
  "num_classes": 2,
  "rnn_config": {
    "ninp": 1,
    "nhid": 20,
    "nlayers": 1,
    "nclasses": 2
  },
  "dnn_config": {
    "layers": [
      10,
      10,
      2
    ]
  },
  "batch_size": 32,
  "num_epochs": 500,
  "learning_rate": 0.0005,
  "dependency_meta": ""
}
Model: 
 Linear(
  (layers): ModuleList(
    (0): Linear(in_features=500, out_features=10, bias=True)
    (1): Linear(in_features=10, out_features=10, bias=True)
    (2): Linear(in_features=10, out_features=2, bias=True)
  )
  (sigmoid_activation): Sigmoid()
  (softmax_activation): Softmax(dim=-1)
)
Epoch [1/500] | Loss: 0.6961 |  Accuracy: 0.5087 | Prediction Confidence: 0.53 | Class 0:0.5334 | Class 1:0.5020
Epoch [2/500] | Loss: 0.6915 |  Accuracy: 0.5256 | Prediction Confidence: 0.51 | Class 0:0.5182 | Class 1:0.5074
Epoch [3/500] | Loss: 0.6900 |  Accuracy: 0.5386 | Prediction Confidence: 0.52 | Class 0:0.5248 | Class 1:0.5127
Epoch [4/500] | Loss: 0.6885 |  Accuracy: 0.5462 | Prediction Confidence: 0.53 | Class 0:0.5321 | Class 1:0.5188
Epoch [5/500] | Loss: 0.6869 |  Accuracy: 0.5503 | Prediction Confidence: 0.53 | Class 0:0.5392 | Class 1:0.5244
Epoch [6/500] | Loss: 0.6853 |  Accuracy: 0.5563 | Prediction Confidence: 0.54 | Class 0:0.5460 | Class 1:0.5298
Epoch [7/500] | Loss: 0.6835 |  Accuracy: 0.5585 | Prediction Confidence: 0.54 | Class 0:0.5524 | Class 1:0.5349
Epoch [8/500] | Loss: 0.6816 |  Accuracy: 0.5659 | Prediction Confidence: 0.55 | Class 0:0.5581 | Class 1:0.5393
Epoch [9/500] | Loss: 0.6795 |  Accuracy: 0.5692 | Prediction Confidence: 0.55 | Class 0:0.5644 | Class 1:0.5433
Epoch [10/500] | Loss: 0.6773 |  Accuracy: 0.5731 | Prediction Confidence: 0.56 | Class 0:0.5702 | Class 1:0.5474
Epoch [11/500] | Loss: 0.6749 |  Accuracy: 0.5788 | Prediction Confidence: 0.56 | Class 0:0.5762 | Class 1:0.5507
Epoch [12/500] | Loss: 0.6725 |  Accuracy: 0.5816 | Prediction Confidence: 0.57 | Class 0:0.5825 | Class 1:0.5546
Epoch [13/500] | Loss: 0.6698 |  Accuracy: 0.5832 | Prediction Confidence: 0.57 | Class 0:0.5889 | Class 1:0.5587
Epoch [14/500] | Loss: 0.6670 |  Accuracy: 0.5898 | Prediction Confidence: 0.58 | Class 0:0.5947 | Class 1:0.5621
Epoch [15/500] | Loss: 0.6640 |  Accuracy: 0.5975 | Prediction Confidence: 0.58 | Class 0:0.5998 | Class 1:0.5657
Epoch [16/500] | Loss: 0.6607 |  Accuracy: 0.6038 | Prediction Confidence: 0.59 | Class 0:0.6054 | Class 1:0.5685
Epoch [17/500] | Loss: 0.6574 |  Accuracy: 0.6101 | Prediction Confidence: 0.59 | Class 0:0.6115 | Class 1:0.5719
Epoch [18/500] | Loss: 0.6540 |  Accuracy: 0.6169 | Prediction Confidence: 0.60 | Class 0:0.6179 | Class 1:0.5751
Epoch [19/500] | Loss: 0.6505 |  Accuracy: 0.6227 | Prediction Confidence: 0.60 | Class 0:0.6240 | Class 1:0.5796
Epoch [20/500] | Loss: 0.6470 |  Accuracy: 0.6246 | Prediction Confidence: 0.61 | Class 0:0.6311 | Class 1:0.5833
Epoch [21/500] | Loss: 0.6435 |  Accuracy: 0.6318 | Prediction Confidence: 0.61 | Class 0:0.6371 | Class 1:0.5867
Epoch [22/500] | Loss: 0.6400 |  Accuracy: 0.6373 | Prediction Confidence: 0.62 | Class 0:0.6429 | Class 1:0.5904
Epoch [23/500] | Loss: 0.6366 |  Accuracy: 0.6439 | Prediction Confidence: 0.62 | Class 0:0.6475 | Class 1:0.5941
Epoch [24/500] | Loss: 0.6331 |  Accuracy: 0.6476 | Prediction Confidence: 0.63 | Class 0:0.6535 | Class 1:0.5982
Epoch [25/500] | Loss: 0.6296 |  Accuracy: 0.6517 | Prediction Confidence: 0.63 | Class 0:0.6596 | Class 1:0.6014
Epoch [26/500] | Loss: 0.6262 |  Accuracy: 0.6594 | Prediction Confidence: 0.63 | Class 0:0.6637 | Class 1:0.6044
Epoch [27/500] | Loss: 0.6227 |  Accuracy: 0.6611 | Prediction Confidence: 0.64 | Class 0:0.6705 | Class 1:0.6073
Epoch [28/500] | Loss: 0.6192 |  Accuracy: 0.6622 | Prediction Confidence: 0.64 | Class 0:0.6767 | Class 1:0.6112
Epoch [29/500] | Loss: 0.6157 |  Accuracy: 0.6677 | Prediction Confidence: 0.65 | Class 0:0.6812 | Class 1:0.6148
Epoch [30/500] | Loss: 0.6122 |  Accuracy: 0.6715 | Prediction Confidence: 0.65 | Class 0:0.6863 | Class 1:0.6183
Epoch [31/500] | Loss: 0.6087 |  Accuracy: 0.6743 | Prediction Confidence: 0.66 | Class 0:0.6905 | Class 1:0.6222
Epoch [32/500] | Loss: 0.6052 |  Accuracy: 0.6794 | Prediction Confidence: 0.66 | Class 0:0.6952 | Class 1:0.6251
Epoch [33/500] | Loss: 0.6017 |  Accuracy: 0.6816 | Prediction Confidence: 0.66 | Class 0:0.6999 | Class 1:0.6289
Epoch [34/500] | Loss: 0.5981 |  Accuracy: 0.6863 | Prediction Confidence: 0.67 | Class 0:0.7036 | Class 1:0.6320
Epoch [35/500] | Loss: 0.5946 |  Accuracy: 0.6896 | Prediction Confidence: 0.67 | Class 0:0.7082 | Class 1:0.6355
Epoch [36/500] | Loss: 0.5910 |  Accuracy: 0.6942 | Prediction Confidence: 0.68 | Class 0:0.7120 | Class 1:0.6388
Epoch [37/500] | Loss: 0.5876 |  Accuracy: 0.6986 | Prediction Confidence: 0.68 | Class 0:0.7160 | Class 1:0.6416
Epoch [38/500] | Loss: 0.5841 |  Accuracy: 0.7019 | Prediction Confidence: 0.68 | Class 0:0.7201 | Class 1:0.6448
Epoch [39/500] | Loss: 0.5808 |  Accuracy: 0.7049 | Prediction Confidence: 0.69 | Class 0:0.7238 | Class 1:0.6479
Epoch [40/500] | Loss: 0.5775 |  Accuracy: 0.7107 | Prediction Confidence: 0.69 | Class 0:0.7266 | Class 1:0.6502
Epoch [41/500] | Loss: 0.5742 |  Accuracy: 0.7140 | Prediction Confidence: 0.69 | Class 0:0.7298 | Class 1:0.6533
Epoch [42/500] | Loss: 0.5710 |  Accuracy: 0.7162 | Prediction Confidence: 0.70 | Class 0:0.7334 | Class 1:0.6562
Epoch [43/500] | Loss: 0.5678 |  Accuracy: 0.7159 | Prediction Confidence: 0.70 | Class 0:0.7363 | Class 1:0.6601
Epoch [44/500] | Loss: 0.5647 |  Accuracy: 0.7190 | Prediction Confidence: 0.70 | Class 0:0.7391 | Class 1:0.6618
Epoch [45/500] | Loss: 0.5614 |  Accuracy: 0.7234 | Prediction Confidence: 0.70 | Class 0:0.7400 | Class 1:0.6640
Epoch [46/500] | Loss: 0.5581 |  Accuracy: 0.7261 | Prediction Confidence: 0.70 | Class 0:0.7424 | Class 1:0.6666
Epoch [47/500] | Loss: 0.5547 |  Accuracy: 0.7266 | Prediction Confidence: 0.71 | Class 0:0.7453 | Class 1:0.6699
Epoch [48/500] | Loss: 0.5513 |  Accuracy: 0.7313 | Prediction Confidence: 0.71 | Class 0:0.7477 | Class 1:0.6725
Epoch [49/500] | Loss: 0.5479 |  Accuracy: 0.7305 | Prediction Confidence: 0.71 | Class 0:0.7508 | Class 1:0.6777
Epoch [50/500] | Loss: 0.5446 |  Accuracy: 0.7325 | Prediction Confidence: 0.72 | Class 0:0.7527 | Class 1:0.6818
Epoch [51/500] | Loss: 0.5413 |  Accuracy: 0.7355 | Prediction Confidence: 0.72 | Class 0:0.7548 | Class 1:0.6852
Epoch [52/500] | Loss: 0.5381 |  Accuracy: 0.7366 | Prediction Confidence: 0.72 | Class 0:0.7562 | Class 1:0.6895
Epoch [53/500] | Loss: 0.5349 |  Accuracy: 0.7383 | Prediction Confidence: 0.73 | Class 0:0.7584 | Class 1:0.6932
Epoch [54/500] | Loss: 0.5319 |  Accuracy: 0.7394 | Prediction Confidence: 0.73 | Class 0:0.7606 | Class 1:0.6967
Epoch [55/500] | Loss: 0.5290 |  Accuracy: 0.7446 | Prediction Confidence: 0.73 | Class 0:0.7618 | Class 1:0.6986
Epoch [56/500] | Loss: 0.5261 |  Accuracy: 0.7462 | Prediction Confidence: 0.73 | Class 0:0.7642 | Class 1:0.7016
Epoch [57/500] | Loss: 0.5234 |  Accuracy: 0.7479 | Prediction Confidence: 0.74 | Class 0:0.7669 | Class 1:0.7047
Epoch [58/500] | Loss: 0.5207 |  Accuracy: 0.7484 | Prediction Confidence: 0.74 | Class 0:0.7699 | Class 1:0.7077
Epoch [59/500] | Loss: 0.5181 |  Accuracy: 0.7495 | Prediction Confidence: 0.74 | Class 0:0.7726 | Class 1:0.7106
Epoch [60/500] | Loss: 0.5156 |  Accuracy: 0.7520 | Prediction Confidence: 0.74 | Class 0:0.7748 | Class 1:0.7125
Epoch [61/500] | Loss: 0.5131 |  Accuracy: 0.7534 | Prediction Confidence: 0.75 | Class 0:0.7783 | Class 1:0.7153
Epoch [62/500] | Loss: 0.5107 |  Accuracy: 0.7567 | Prediction Confidence: 0.75 | Class 0:0.7794 | Class 1:0.7174
Epoch [63/500] | Loss: 0.5083 |  Accuracy: 0.7581 | Prediction Confidence: 0.75 | Class 0:0.7812 | Class 1:0.7199
Epoch [64/500] | Loss: 0.5060 |  Accuracy: 0.7594 | Prediction Confidence: 0.75 | Class 0:0.7838 | Class 1:0.7221
Epoch [65/500] | Loss: 0.5038 |  Accuracy: 0.7619 | Prediction Confidence: 0.75 | Class 0:0.7852 | Class 1:0.7242
Epoch [66/500] | Loss: 0.5016 |  Accuracy: 0.7649 | Prediction Confidence: 0.76 | Class 0:0.7868 | Class 1:0.7258
Epoch [67/500] | Loss: 0.4994 |  Accuracy: 0.7663 | Prediction Confidence: 0.76 | Class 0:0.7886 | Class 1:0.7277
Epoch [68/500] | Loss: 0.4973 |  Accuracy: 0.7693 | Prediction Confidence: 0.76 | Class 0:0.7893 | Class 1:0.7294
Epoch [69/500] | Loss: 0.4953 |  Accuracy: 0.7704 | Prediction Confidence: 0.76 | Class 0:0.7909 | Class 1:0.7313
Epoch [70/500] | Loss: 0.4933 |  Accuracy: 0.7721 | Prediction Confidence: 0.76 | Class 0:0.7923 | Class 1:0.7333
Epoch [71/500] | Loss: 0.4914 |  Accuracy: 0.7762 | Prediction Confidence: 0.76 | Class 0:0.7931 | Class 1:0.7349
Epoch [72/500] | Loss: 0.4895 |  Accuracy: 0.7773 | Prediction Confidence: 0.77 | Class 0:0.7932 | Class 1:0.7373
Epoch [73/500] | Loss: 0.4877 |  Accuracy: 0.7789 | Prediction Confidence: 0.77 | Class 0:0.7942 | Class 1:0.7391
Epoch [74/500] | Loss: 0.4860 |  Accuracy: 0.7814 | Prediction Confidence: 0.77 | Class 0:0.7952 | Class 1:0.7404
Epoch [75/500] | Loss: 0.4843 |  Accuracy: 0.7820 | Prediction Confidence: 0.77 | Class 0:0.7963 | Class 1:0.7427
Epoch [76/500] | Loss: 0.4826 |  Accuracy: 0.7844 | Prediction Confidence: 0.77 | Class 0:0.7973 | Class 1:0.7440
Epoch [77/500] | Loss: 0.4810 |  Accuracy: 0.7853 | Prediction Confidence: 0.77 | Class 0:0.7989 | Class 1:0.7456
Epoch [78/500] | Loss: 0.4795 |  Accuracy: 0.7866 | Prediction Confidence: 0.77 | Class 0:0.8001 | Class 1:0.7469
Epoch [79/500] | Loss: 0.4779 |  Accuracy: 0.7875 | Prediction Confidence: 0.78 | Class 0:0.8020 | Class 1:0.7477
Epoch [80/500] | Loss: 0.4764 |  Accuracy: 0.7866 | Prediction Confidence: 0.78 | Class 0:0.8046 | Class 1:0.7495
Epoch [81/500] | Loss: 0.4749 |  Accuracy: 0.7880 | Prediction Confidence: 0.78 | Class 0:0.8046 | Class 1:0.7507
Epoch [82/500] | Loss: 0.4734 |  Accuracy: 0.7866 | Prediction Confidence: 0.78 | Class 0:0.8080 | Class 1:0.7529
Epoch [83/500] | Loss: 0.4719 |  Accuracy: 0.7875 | Prediction Confidence: 0.78 | Class 0:0.8082 | Class 1:0.7545
Epoch [84/500] | Loss: 0.4705 |  Accuracy: 0.7880 | Prediction Confidence: 0.78 | Class 0:0.8089 | Class 1:0.7562
Epoch [85/500] | Loss: 0.4690 |  Accuracy: 0.7891 | Prediction Confidence: 0.78 | Class 0:0.8097 | Class 1:0.7575
Epoch [86/500] | Loss: 0.4676 |  Accuracy: 0.7908 | Prediction Confidence: 0.78 | Class 0:0.8104 | Class 1:0.7585
Epoch [87/500] | Loss: 0.4662 |  Accuracy: 0.7916 | Prediction Confidence: 0.79 | Class 0:0.8116 | Class 1:0.7593
Epoch [88/500] | Loss: 0.4649 |  Accuracy: 0.7929 | Prediction Confidence: 0.79 | Class 0:0.8121 | Class 1:0.7605
Epoch [89/500] | Loss: 0.4635 |  Accuracy: 0.7960 | Prediction Confidence: 0.79 | Class 0:0.8129 | Class 1:0.7604
Epoch [90/500] | Loss: 0.4622 |  Accuracy: 0.7971 | Prediction Confidence: 0.79 | Class 0:0.8139 | Class 1:0.7614
Epoch [91/500] | Loss: 0.4609 |  Accuracy: 0.7968 | Prediction Confidence: 0.79 | Class 0:0.8157 | Class 1:0.7626
Epoch [92/500] | Loss: 0.4596 |  Accuracy: 0.7973 | Prediction Confidence: 0.79 | Class 0:0.8169 | Class 1:0.7638
Epoch [93/500] | Loss: 0.4583 |  Accuracy: 0.7997 | Prediction Confidence: 0.79 | Class 0:0.8172 | Class 1:0.7646
Epoch [94/500] | Loss: 0.4571 |  Accuracy: 0.7995 | Prediction Confidence: 0.79 | Class 0:0.8185 | Class 1:0.7656
Epoch [95/500] | Loss: 0.4558 |  Accuracy: 0.7995 | Prediction Confidence: 0.79 | Class 0:0.8190 | Class 1:0.7669
Epoch [96/500] | Loss: 0.4546 |  Accuracy: 0.8000 | Prediction Confidence: 0.79 | Class 0:0.8197 | Class 1:0.7678
Epoch [97/500] | Loss: 0.4534 |  Accuracy: 0.8008 | Prediction Confidence: 0.79 | Class 0:0.8198 | Class 1:0.7696
Epoch [98/500] | Loss: 0.4522 |  Accuracy: 0.8025 | Prediction Confidence: 0.80 | Class 0:0.8202 | Class 1:0.7702
Epoch [99/500] | Loss: 0.4510 |  Accuracy: 0.8033 | Prediction Confidence: 0.80 | Class 0:0.8217 | Class 1:0.7703
Epoch [100/500] | Loss: 0.4498 |  Accuracy: 0.8044 | Prediction Confidence: 0.80 | Class 0:0.8220 | Class 1:0.7711
Epoch [101/500] | Loss: 0.4487 |  Accuracy: 0.8058 | Prediction Confidence: 0.80 | Class 0:0.8218 | Class 1:0.7722
Epoch [102/500] | Loss: 0.4475 |  Accuracy: 0.8060 | Prediction Confidence: 0.80 | Class 0:0.8227 | Class 1:0.7736
Epoch [103/500] | Loss: 0.4464 |  Accuracy: 0.8063 | Prediction Confidence: 0.80 | Class 0:0.8243 | Class 1:0.7743
Epoch [104/500] | Loss: 0.4452 |  Accuracy: 0.8077 | Prediction Confidence: 0.80 | Class 0:0.8245 | Class 1:0.7748
Epoch [105/500] | Loss: 0.4441 |  Accuracy: 0.8091 | Prediction Confidence: 0.80 | Class 0:0.8249 | Class 1:0.7758
Epoch [106/500] | Loss: 0.4431 |  Accuracy: 0.8102 | Prediction Confidence: 0.80 | Class 0:0.8254 | Class 1:0.7765
Epoch [107/500] | Loss: 0.4420 |  Accuracy: 0.8093 | Prediction Confidence: 0.80 | Class 0:0.8266 | Class 1:0.7781
Epoch [108/500] | Loss: 0.4410 |  Accuracy: 0.8104 | Prediction Confidence: 0.80 | Class 0:0.8268 | Class 1:0.7789
Epoch [109/500] | Loss: 0.4400 |  Accuracy: 0.8107 | Prediction Confidence: 0.80 | Class 0:0.8274 | Class 1:0.7800
Epoch [110/500] | Loss: 0.4390 |  Accuracy: 0.8124 | Prediction Confidence: 0.80 | Class 0:0.8281 | Class 1:0.7803
Epoch [111/500] | Loss: 0.4380 |  Accuracy: 0.8126 | Prediction Confidence: 0.81 | Class 0:0.8289 | Class 1:0.7811
Epoch [112/500] | Loss: 0.4370 |  Accuracy: 0.8140 | Prediction Confidence: 0.81 | Class 0:0.8297 | Class 1:0.7813
Epoch [113/500] | Loss: 0.4361 |  Accuracy: 0.8146 | Prediction Confidence: 0.81 | Class 0:0.8304 | Class 1:0.7825
Epoch [114/500] | Loss: 0.4351 |  Accuracy: 0.8151 | Prediction Confidence: 0.81 | Class 0:0.8311 | Class 1:0.7833
Epoch [115/500] | Loss: 0.4342 |  Accuracy: 0.8173 | Prediction Confidence: 0.81 | Class 0:0.8314 | Class 1:0.7836
Epoch [116/500] | Loss: 0.4333 |  Accuracy: 0.8179 | Prediction Confidence: 0.81 | Class 0:0.8320 | Class 1:0.7845
Epoch [117/500] | Loss: 0.4323 |  Accuracy: 0.8190 | Prediction Confidence: 0.81 | Class 0:0.8328 | Class 1:0.7849
Epoch [118/500] | Loss: 0.4314 |  Accuracy: 0.8190 | Prediction Confidence: 0.81 | Class 0:0.8338 | Class 1:0.7855
Epoch [119/500] | Loss: 0.4305 |  Accuracy: 0.8192 | Prediction Confidence: 0.81 | Class 0:0.8346 | Class 1:0.7863
Epoch [120/500] | Loss: 0.4296 |  Accuracy: 0.8190 | Prediction Confidence: 0.81 | Class 0:0.8355 | Class 1:0.7876
Epoch [121/500] | Loss: 0.4287 |  Accuracy: 0.8190 | Prediction Confidence: 0.81 | Class 0:0.8364 | Class 1:0.7880
Epoch [122/500] | Loss: 0.4277 |  Accuracy: 0.8198 | Prediction Confidence: 0.81 | Class 0:0.8362 | Class 1:0.7887
Epoch [123/500] | Loss: 0.4268 |  Accuracy: 0.8203 | Prediction Confidence: 0.81 | Class 0:0.8369 | Class 1:0.7895
Epoch [124/500] | Loss: 0.4259 |  Accuracy: 0.8203 | Prediction Confidence: 0.81 | Class 0:0.8383 | Class 1:0.7901
Epoch [125/500] | Loss: 0.4250 |  Accuracy: 0.8214 | Prediction Confidence: 0.81 | Class 0:0.8385 | Class 1:0.7905
Epoch [126/500] | Loss: 0.4241 |  Accuracy: 0.8214 | Prediction Confidence: 0.82 | Class 0:0.8396 | Class 1:0.7912
Epoch [127/500] | Loss: 0.4232 |  Accuracy: 0.8217 | Prediction Confidence: 0.82 | Class 0:0.8404 | Class 1:0.7918
Epoch [128/500] | Loss: 0.4223 |  Accuracy: 0.8231 | Prediction Confidence: 0.82 | Class 0:0.8398 | Class 1:0.7927
Epoch [129/500] | Loss: 0.4215 |  Accuracy: 0.8223 | Prediction Confidence: 0.82 | Class 0:0.8412 | Class 1:0.7937
Epoch [130/500] | Loss: 0.4206 |  Accuracy: 0.8234 | Prediction Confidence: 0.82 | Class 0:0.8415 | Class 1:0.7944
Epoch [131/500] | Loss: 0.4197 |  Accuracy: 0.8245 | Prediction Confidence: 0.82 | Class 0:0.8414 | Class 1:0.7950
Epoch [132/500] | Loss: 0.4189 |  Accuracy: 0.8250 | Prediction Confidence: 0.82 | Class 0:0.8422 | Class 1:0.7954
Epoch [133/500] | Loss: 0.4180 |  Accuracy: 0.8258 | Prediction Confidence: 0.82 | Class 0:0.8429 | Class 1:0.7959
Epoch [134/500] | Loss: 0.4172 |  Accuracy: 0.8255 | Prediction Confidence: 0.82 | Class 0:0.8438 | Class 1:0.7967
Epoch [135/500] | Loss: 0.4164 |  Accuracy: 0.8255 | Prediction Confidence: 0.82 | Class 0:0.8446 | Class 1:0.7975
Epoch [136/500] | Loss: 0.4156 |  Accuracy: 0.8255 | Prediction Confidence: 0.82 | Class 0:0.8455 | Class 1:0.7983
Epoch [137/500] | Loss: 0.4149 |  Accuracy: 0.8261 | Prediction Confidence: 0.82 | Class 0:0.8460 | Class 1:0.7989
Epoch [138/500] | Loss: 0.4141 |  Accuracy: 0.8261 | Prediction Confidence: 0.82 | Class 0:0.8466 | Class 1:0.8002
Epoch [139/500] | Loss: 0.4134 |  Accuracy: 0.8250 | Prediction Confidence: 0.82 | Class 0:0.8475 | Class 1:0.8018
Epoch [140/500] | Loss: 0.4126 |  Accuracy: 0.8253 | Prediction Confidence: 0.83 | Class 0:0.8480 | Class 1:0.8024
Epoch [141/500] | Loss: 0.4119 |  Accuracy: 0.8269 | Prediction Confidence: 0.83 | Class 0:0.8476 | Class 1:0.8030
Epoch [142/500] | Loss: 0.4111 |  Accuracy: 0.8269 | Prediction Confidence: 0.83 | Class 0:0.8484 | Class 1:0.8037
Epoch [143/500] | Loss: 0.4104 |  Accuracy: 0.8277 | Prediction Confidence: 0.83 | Class 0:0.8489 | Class 1:0.8037
Epoch [144/500] | Loss: 0.4097 |  Accuracy: 0.8277 | Prediction Confidence: 0.83 | Class 0:0.8494 | Class 1:0.8044
Epoch [145/500] | Loss: 0.4089 |  Accuracy: 0.8283 | Prediction Confidence: 0.83 | Class 0:0.8501 | Class 1:0.8044
Epoch [146/500] | Loss: 0.4082 |  Accuracy: 0.8291 | Prediction Confidence: 0.83 | Class 0:0.8509 | Class 1:0.8045
Epoch [147/500] | Loss: 0.4075 |  Accuracy: 0.8294 | Prediction Confidence: 0.83 | Class 0:0.8509 | Class 1:0.8050
Epoch [148/500] | Loss: 0.4068 |  Accuracy: 0.8288 | Prediction Confidence: 0.83 | Class 0:0.8521 | Class 1:0.8057
Epoch [149/500] | Loss: 0.4060 |  Accuracy: 0.8299 | Prediction Confidence: 0.83 | Class 0:0.8523 | Class 1:0.8060
Epoch [150/500] | Loss: 0.4053 |  Accuracy: 0.8305 | Prediction Confidence: 0.83 | Class 0:0.8522 | Class 1:0.8066
Epoch [151/500] | Loss: 0.4046 |  Accuracy: 0.8308 | Prediction Confidence: 0.83 | Class 0:0.8526 | Class 1:0.8073
Epoch [152/500] | Loss: 0.4039 |  Accuracy: 0.8305 | Prediction Confidence: 0.83 | Class 0:0.8531 | Class 1:0.8081
Epoch [153/500] | Loss: 0.4032 |  Accuracy: 0.8308 | Prediction Confidence: 0.83 | Class 0:0.8541 | Class 1:0.8084
Epoch [154/500] | Loss: 0.4025 |  Accuracy: 0.8308 | Prediction Confidence: 0.83 | Class 0:0.8547 | Class 1:0.8090
Epoch [155/500] | Loss: 0.4019 |  Accuracy: 0.8316 | Prediction Confidence: 0.83 | Class 0:0.8549 | Class 1:0.8094
Epoch [156/500] | Loss: 0.4012 |  Accuracy: 0.8316 | Prediction Confidence: 0.83 | Class 0:0.8555 | Class 1:0.8099
Epoch [157/500] | Loss: 0.4005 |  Accuracy: 0.8321 | Prediction Confidence: 0.83 | Class 0:0.8559 | Class 1:0.8104
Epoch [158/500] | Loss: 0.3999 |  Accuracy: 0.8321 | Prediction Confidence: 0.83 | Class 0:0.8566 | Class 1:0.8109
Epoch [159/500] | Loss: 0.3992 |  Accuracy: 0.8313 | Prediction Confidence: 0.84 | Class 0:0.8579 | Class 1:0.8119
Epoch [160/500] | Loss: 0.3986 |  Accuracy: 0.8324 | Prediction Confidence: 0.84 | Class 0:0.8579 | Class 1:0.8121
Epoch [161/500] | Loss: 0.3980 |  Accuracy: 0.8324 | Prediction Confidence: 0.84 | Class 0:0.8583 | Class 1:0.8130
Epoch [162/500] | Loss: 0.3974 |  Accuracy: 0.8324 | Prediction Confidence: 0.84 | Class 0:0.8587 | Class 1:0.8136
Epoch [163/500] | Loss: 0.3967 |  Accuracy: 0.8332 | Prediction Confidence: 0.84 | Class 0:0.8590 | Class 1:0.8134
Epoch [164/500] | Loss: 0.3961 |  Accuracy: 0.8343 | Prediction Confidence: 0.84 | Class 0:0.8587 | Class 1:0.8137
Epoch [165/500] | Loss: 0.3955 |  Accuracy: 0.8349 | Prediction Confidence: 0.84 | Class 0:0.8591 | Class 1:0.8141
Epoch [166/500] | Loss: 0.3949 |  Accuracy: 0.8343 | Prediction Confidence: 0.84 | Class 0:0.8599 | Class 1:0.8147
Epoch [167/500] | Loss: 0.3943 |  Accuracy: 0.8352 | Prediction Confidence: 0.84 | Class 0:0.8603 | Class 1:0.8150
Epoch [168/500] | Loss: 0.3937 |  Accuracy: 0.8360 | Prediction Confidence: 0.84 | Class 0:0.8603 | Class 1:0.8155
Epoch [169/500] | Loss: 0.3931 |  Accuracy: 0.8368 | Prediction Confidence: 0.84 | Class 0:0.8602 | Class 1:0.8160
Epoch [170/500] | Loss: 0.3925 |  Accuracy: 0.8371 | Prediction Confidence: 0.84 | Class 0:0.8607 | Class 1:0.8163
Epoch [171/500] | Loss: 0.3920 |  Accuracy: 0.8376 | Prediction Confidence: 0.84 | Class 0:0.8615 | Class 1:0.8158
Epoch [172/500] | Loss: 0.3914 |  Accuracy: 0.8376 | Prediction Confidence: 0.84 | Class 0:0.8620 | Class 1:0.8163
Epoch [173/500] | Loss: 0.3908 |  Accuracy: 0.8379 | Prediction Confidence: 0.84 | Class 0:0.8619 | Class 1:0.8170
Epoch [174/500] | Loss: 0.3902 |  Accuracy: 0.8398 | Prediction Confidence: 0.84 | Class 0:0.8613 | Class 1:0.8168
Epoch [175/500] | Loss: 0.3897 |  Accuracy: 0.8407 | Prediction Confidence: 0.84 | Class 0:0.8615 | Class 1:0.8168
Epoch [176/500] | Loss: 0.3891 |  Accuracy: 0.8420 | Prediction Confidence: 0.84 | Class 0:0.8612 | Class 1:0.8167
Epoch [177/500] | Loss: 0.3886 |  Accuracy: 0.8429 | Prediction Confidence: 0.84 | Class 0:0.8615 | Class 1:0.8168
Epoch [178/500] | Loss: 0.3880 |  Accuracy: 0.8442 | Prediction Confidence: 0.84 | Class 0:0.8610 | Class 1:0.8171
Epoch [179/500] | Loss: 0.3874 |  Accuracy: 0.8445 | Prediction Confidence: 0.84 | Class 0:0.8608 | Class 1:0.8175
Epoch [180/500] | Loss: 0.3869 |  Accuracy: 0.8442 | Prediction Confidence: 0.84 | Class 0:0.8614 | Class 1:0.8180
Epoch [181/500] | Loss: 0.3863 |  Accuracy: 0.8445 | Prediction Confidence: 0.84 | Class 0:0.8619 | Class 1:0.8185
Epoch [182/500] | Loss: 0.3858 |  Accuracy: 0.8451 | Prediction Confidence: 0.84 | Class 0:0.8623 | Class 1:0.8186
Epoch [183/500] | Loss: 0.3852 |  Accuracy: 0.8462 | Prediction Confidence: 0.84 | Class 0:0.8622 | Class 1:0.8189
Epoch [184/500] | Loss: 0.3846 |  Accuracy: 0.8467 | Prediction Confidence: 0.84 | Class 0:0.8626 | Class 1:0.8187
Epoch [185/500] | Loss: 0.3841 |  Accuracy: 0.8467 | Prediction Confidence: 0.84 | Class 0:0.8631 | Class 1:0.8191
Epoch [186/500] | Loss: 0.3835 |  Accuracy: 0.8470 | Prediction Confidence: 0.84 | Class 0:0.8637 | Class 1:0.8193
Epoch [187/500] | Loss: 0.3830 |  Accuracy: 0.8478 | Prediction Confidence: 0.84 | Class 0:0.8637 | Class 1:0.8194
Epoch [188/500] | Loss: 0.3825 |  Accuracy: 0.8481 | Prediction Confidence: 0.84 | Class 0:0.8640 | Class 1:0.8198
Epoch [189/500] | Loss: 0.3820 |  Accuracy: 0.8484 | Prediction Confidence: 0.84 | Class 0:0.8645 | Class 1:0.8201
Epoch [190/500] | Loss: 0.3814 |  Accuracy: 0.8484 | Prediction Confidence: 0.84 | Class 0:0.8649 | Class 1:0.8204
Epoch [191/500] | Loss: 0.3809 |  Accuracy: 0.8484 | Prediction Confidence: 0.84 | Class 0:0.8653 | Class 1:0.8209
Epoch [192/500] | Loss: 0.3805 |  Accuracy: 0.8484 | Prediction Confidence: 0.84 | Class 0:0.8658 | Class 1:0.8213
Epoch [193/500] | Loss: 0.3800 |  Accuracy: 0.8489 | Prediction Confidence: 0.84 | Class 0:0.8662 | Class 1:0.8212
Epoch [194/500] | Loss: 0.3795 |  Accuracy: 0.8492 | Prediction Confidence: 0.84 | Class 0:0.8666 | Class 1:0.8214
Epoch [195/500] | Loss: 0.3790 |  Accuracy: 0.8495 | Prediction Confidence: 0.84 | Class 0:0.8670 | Class 1:0.8216
Epoch [196/500] | Loss: 0.3786 |  Accuracy: 0.8500 | Prediction Confidence: 0.84 | Class 0:0.8673 | Class 1:0.8218
Epoch [197/500] | Loss: 0.3781 |  Accuracy: 0.8500 | Prediction Confidence: 0.85 | Class 0:0.8677 | Class 1:0.8222
Epoch [198/500] | Loss: 0.3777 |  Accuracy: 0.8500 | Prediction Confidence: 0.85 | Class 0:0.8679 | Class 1:0.8229
Epoch [199/500] | Loss: 0.3772 |  Accuracy: 0.8500 | Prediction Confidence: 0.85 | Class 0:0.8683 | Class 1:0.8233
Epoch [200/500] | Loss: 0.3768 |  Accuracy: 0.8505 | Prediction Confidence: 0.85 | Class 0:0.8686 | Class 1:0.8235
Epoch [201/500] | Loss: 0.3763 |  Accuracy: 0.8505 | Prediction Confidence: 0.85 | Class 0:0.8690 | Class 1:0.8239
Epoch [202/500] | Loss: 0.3759 |  Accuracy: 0.8511 | Prediction Confidence: 0.85 | Class 0:0.8692 | Class 1:0.8240
Epoch [203/500] | Loss: 0.3755 |  Accuracy: 0.8516 | Prediction Confidence: 0.85 | Class 0:0.8694 | Class 1:0.8241
Epoch [204/500] | Loss: 0.3751 |  Accuracy: 0.8525 | Prediction Confidence: 0.85 | Class 0:0.8694 | Class 1:0.8243
Epoch [205/500] | Loss: 0.3746 |  Accuracy: 0.8525 | Prediction Confidence: 0.85 | Class 0:0.8698 | Class 1:0.8247
Epoch [206/500] | Loss: 0.3742 |  Accuracy: 0.8525 | Prediction Confidence: 0.85 | Class 0:0.8702 | Class 1:0.8250
Epoch [207/500] | Loss: 0.3738 |  Accuracy: 0.8530 | Prediction Confidence: 0.85 | Class 0:0.8705 | Class 1:0.8249
Epoch [208/500] | Loss: 0.3734 |  Accuracy: 0.8530 | Prediction Confidence: 0.85 | Class 0:0.8709 | Class 1:0.8253
Epoch [209/500] | Loss: 0.3730 |  Accuracy: 0.8533 | Prediction Confidence: 0.85 | Class 0:0.8713 | Class 1:0.8253
Epoch [210/500] | Loss: 0.3726 |  Accuracy: 0.8533 | Prediction Confidence: 0.85 | Class 0:0.8716 | Class 1:0.8256
Epoch [211/500] | Loss: 0.3722 |  Accuracy: 0.8536 | Prediction Confidence: 0.85 | Class 0:0.8718 | Class 1:0.8260
Epoch [212/500] | Loss: 0.3718 |  Accuracy: 0.8538 | Prediction Confidence: 0.85 | Class 0:0.8721 | Class 1:0.8262
Epoch [213/500] | Loss: 0.3714 |  Accuracy: 0.8538 | Prediction Confidence: 0.85 | Class 0:0.8723 | Class 1:0.8269
Epoch [214/500] | Loss: 0.3710 |  Accuracy: 0.8544 | Prediction Confidence: 0.85 | Class 0:0.8721 | Class 1:0.8270
Epoch [215/500] | Loss: 0.3706 |  Accuracy: 0.8544 | Prediction Confidence: 0.85 | Class 0:0.8725 | Class 1:0.8273
Epoch [216/500] | Loss: 0.3702 |  Accuracy: 0.8544 | Prediction Confidence: 0.85 | Class 0:0.8728 | Class 1:0.8276
Epoch [217/500] | Loss: 0.3698 |  Accuracy: 0.8549 | Prediction Confidence: 0.85 | Class 0:0.8726 | Class 1:0.8280
Epoch [218/500] | Loss: 0.3694 |  Accuracy: 0.8549 | Prediction Confidence: 0.85 | Class 0:0.8729 | Class 1:0.8283
Epoch [219/500] | Loss: 0.3691 |  Accuracy: 0.8552 | Prediction Confidence: 0.85 | Class 0:0.8733 | Class 1:0.8285
Epoch [220/500] | Loss: 0.3687 |  Accuracy: 0.8552 | Prediction Confidence: 0.85 | Class 0:0.8736 | Class 1:0.8288
Epoch [221/500] | Loss: 0.3683 |  Accuracy: 0.8555 | Prediction Confidence: 0.85 | Class 0:0.8739 | Class 1:0.8282
Epoch [222/500] | Loss: 0.3679 |  Accuracy: 0.8555 | Prediction Confidence: 0.85 | Class 0:0.8742 | Class 1:0.8285
Epoch [223/500] | Loss: 0.3675 |  Accuracy: 0.8552 | Prediction Confidence: 0.85 | Class 0:0.8748 | Class 1:0.8288
Epoch [224/500] | Loss: 0.3672 |  Accuracy: 0.8555 | Prediction Confidence: 0.85 | Class 0:0.8749 | Class 1:0.8291
Epoch [225/500] | Loss: 0.3668 |  Accuracy: 0.8563 | Prediction Confidence: 0.85 | Class 0:0.8746 | Class 1:0.8290
Epoch [226/500] | Loss: 0.3664 |  Accuracy: 0.8569 | Prediction Confidence: 0.85 | Class 0:0.8747 | Class 1:0.8292
Epoch [227/500] | Loss: 0.3661 |  Accuracy: 0.8569 | Prediction Confidence: 0.85 | Class 0:0.8750 | Class 1:0.8295
Epoch [228/500] | Loss: 0.3657 |  Accuracy: 0.8569 | Prediction Confidence: 0.85 | Class 0:0.8754 | Class 1:0.8298
Epoch [229/500] | Loss: 0.3653 |  Accuracy: 0.8577 | Prediction Confidence: 0.85 | Class 0:0.8753 | Class 1:0.8300
Epoch [230/500] | Loss: 0.3649 |  Accuracy: 0.8580 | Prediction Confidence: 0.85 | Class 0:0.8756 | Class 1:0.8300
Epoch [231/500] | Loss: 0.3646 |  Accuracy: 0.8580 | Prediction Confidence: 0.85 | Class 0:0.8759 | Class 1:0.8302
Epoch [232/500] | Loss: 0.3642 |  Accuracy: 0.8591 | Prediction Confidence: 0.85 | Class 0:0.8757 | Class 1:0.8302
Epoch [233/500] | Loss: 0.3639 |  Accuracy: 0.8593 | Prediction Confidence: 0.85 | Class 0:0.8760 | Class 1:0.8301
Epoch [234/500] | Loss: 0.3635 |  Accuracy: 0.8593 | Prediction Confidence: 0.85 | Class 0:0.8763 | Class 1:0.8304
Epoch [235/500] | Loss: 0.3631 |  Accuracy: 0.8593 | Prediction Confidence: 0.85 | Class 0:0.8766 | Class 1:0.8309
Epoch [236/500] | Loss: 0.3628 |  Accuracy: 0.8593 | Prediction Confidence: 0.85 | Class 0:0.8768 | Class 1:0.8313
Epoch [237/500] | Loss: 0.3624 |  Accuracy: 0.8596 | Prediction Confidence: 0.85 | Class 0:0.8771 | Class 1:0.8314
Epoch [238/500] | Loss: 0.3621 |  Accuracy: 0.8599 | Prediction Confidence: 0.85 | Class 0:0.8774 | Class 1:0.8316
Epoch [239/500] | Loss: 0.3617 |  Accuracy: 0.8602 | Prediction Confidence: 0.85 | Class 0:0.8777 | Class 1:0.8316
Epoch [240/500] | Loss: 0.3614 |  Accuracy: 0.8602 | Prediction Confidence: 0.86 | Class 0:0.8780 | Class 1:0.8319
Epoch [241/500] | Loss: 0.3610 |  Accuracy: 0.8604 | Prediction Confidence: 0.86 | Class 0:0.8785 | Class 1:0.8319
Epoch [242/500] | Loss: 0.3607 |  Accuracy: 0.8604 | Prediction Confidence: 0.86 | Class 0:0.8788 | Class 1:0.8321
Epoch [243/500] | Loss: 0.3603 |  Accuracy: 0.8607 | Prediction Confidence: 0.86 | Class 0:0.8791 | Class 1:0.8322
Epoch [244/500] | Loss: 0.3600 |  Accuracy: 0.8607 | Prediction Confidence: 0.86 | Class 0:0.8794 | Class 1:0.8325
Epoch [245/500] | Loss: 0.3597 |  Accuracy: 0.8607 | Prediction Confidence: 0.86 | Class 0:0.8796 | Class 1:0.8328
Epoch [246/500] | Loss: 0.3593 |  Accuracy: 0.8607 | Prediction Confidence: 0.86 | Class 0:0.8799 | Class 1:0.8330
Epoch [247/500] | Loss: 0.3590 |  Accuracy: 0.8607 | Prediction Confidence: 0.86 | Class 0:0.8802 | Class 1:0.8333
Epoch [248/500] | Loss: 0.3586 |  Accuracy: 0.8610 | Prediction Confidence: 0.86 | Class 0:0.8805 | Class 1:0.8334
Epoch [249/500] | Loss: 0.3583 |  Accuracy: 0.8618 | Prediction Confidence: 0.86 | Class 0:0.8805 | Class 1:0.8333
Epoch [250/500] | Loss: 0.3580 |  Accuracy: 0.8624 | Prediction Confidence: 0.86 | Class 0:0.8808 | Class 1:0.8332
Epoch [251/500] | Loss: 0.3576 |  Accuracy: 0.8624 | Prediction Confidence: 0.86 | Class 0:0.8811 | Class 1:0.8334
Epoch [252/500] | Loss: 0.3573 |  Accuracy: 0.8624 | Prediction Confidence: 0.86 | Class 0:0.8813 | Class 1:0.8337
Epoch [253/500] | Loss: 0.3569 |  Accuracy: 0.8624 | Prediction Confidence: 0.86 | Class 0:0.8816 | Class 1:0.8339
Epoch [254/500] | Loss: 0.3566 |  Accuracy: 0.8629 | Prediction Confidence: 0.86 | Class 0:0.8818 | Class 1:0.8338
Epoch [255/500] | Loss: 0.3563 |  Accuracy: 0.8632 | Prediction Confidence: 0.86 | Class 0:0.8821 | Class 1:0.8339
Epoch [256/500] | Loss: 0.3559 |  Accuracy: 0.8635 | Prediction Confidence: 0.86 | Class 0:0.8819 | Class 1:0.8345
Epoch [257/500] | Loss: 0.3556 |  Accuracy: 0.8637 | Prediction Confidence: 0.86 | Class 0:0.8819 | Class 1:0.8347
Epoch [258/500] | Loss: 0.3553 |  Accuracy: 0.8646 | Prediction Confidence: 0.86 | Class 0:0.8818 | Class 1:0.8347
Epoch [259/500] | Loss: 0.3549 |  Accuracy: 0.8646 | Prediction Confidence: 0.86 | Class 0:0.8819 | Class 1:0.8352
Epoch [260/500] | Loss: 0.3546 |  Accuracy: 0.8648 | Prediction Confidence: 0.86 | Class 0:0.8819 | Class 1:0.8354
Epoch [261/500] | Loss: 0.3543 |  Accuracy: 0.8651 | Prediction Confidence: 0.86 | Class 0:0.8822 | Class 1:0.8355
Epoch [262/500] | Loss: 0.3539 |  Accuracy: 0.8648 | Prediction Confidence: 0.86 | Class 0:0.8821 | Class 1:0.8360
Epoch [263/500] | Loss: 0.3536 |  Accuracy: 0.8651 | Prediction Confidence: 0.86 | Class 0:0.8823 | Class 1:0.8363
Epoch [264/500] | Loss: 0.3532 |  Accuracy: 0.8654 | Prediction Confidence: 0.86 | Class 0:0.8825 | Class 1:0.8364
Epoch [265/500] | Loss: 0.3529 |  Accuracy: 0.8657 | Prediction Confidence: 0.86 | Class 0:0.8828 | Class 1:0.8364
Epoch [266/500] | Loss: 0.3526 |  Accuracy: 0.8654 | Prediction Confidence: 0.86 | Class 0:0.8834 | Class 1:0.8367
Epoch [267/500] | Loss: 0.3522 |  Accuracy: 0.8657 | Prediction Confidence: 0.86 | Class 0:0.8835 | Class 1:0.8369
Epoch [268/500] | Loss: 0.3519 |  Accuracy: 0.8657 | Prediction Confidence: 0.86 | Class 0:0.8838 | Class 1:0.8372
Epoch [269/500] | Loss: 0.3516 |  Accuracy: 0.8662 | Prediction Confidence: 0.86 | Class 0:0.8838 | Class 1:0.8373
Epoch [270/500] | Loss: 0.3513 |  Accuracy: 0.8670 | Prediction Confidence: 0.86 | Class 0:0.8836 | Class 1:0.8371
Epoch [271/500] | Loss: 0.3509 |  Accuracy: 0.8668 | Prediction Confidence: 0.86 | Class 0:0.8840 | Class 1:0.8373
Epoch [272/500] | Loss: 0.3506 |  Accuracy: 0.8668 | Prediction Confidence: 0.86 | Class 0:0.8842 | Class 1:0.8376
Epoch [273/500] | Loss: 0.3503 |  Accuracy: 0.8668 | Prediction Confidence: 0.86 | Class 0:0.8845 | Class 1:0.8378
Epoch [274/500] | Loss: 0.3500 |  Accuracy: 0.8673 | Prediction Confidence: 0.86 | Class 0:0.8846 | Class 1:0.8379
Epoch [275/500] | Loss: 0.3497 |  Accuracy: 0.8676 | Prediction Confidence: 0.86 | Class 0:0.8850 | Class 1:0.8375
Epoch [276/500] | Loss: 0.3494 |  Accuracy: 0.8679 | Prediction Confidence: 0.86 | Class 0:0.8851 | Class 1:0.8377
Epoch [277/500] | Loss: 0.3491 |  Accuracy: 0.8679 | Prediction Confidence: 0.86 | Class 0:0.8853 | Class 1:0.8380
Epoch [278/500] | Loss: 0.3488 |  Accuracy: 0.8679 | Prediction Confidence: 0.86 | Class 0:0.8856 | Class 1:0.8382
Epoch [279/500] | Loss: 0.3485 |  Accuracy: 0.8679 | Prediction Confidence: 0.86 | Class 0:0.8858 | Class 1:0.8384
Epoch [280/500] | Loss: 0.3482 |  Accuracy: 0.8679 | Prediction Confidence: 0.86 | Class 0:0.8861 | Class 1:0.8386
Epoch [281/500] | Loss: 0.3479 |  Accuracy: 0.8681 | Prediction Confidence: 0.86 | Class 0:0.8863 | Class 1:0.8388
Epoch [282/500] | Loss: 0.3476 |  Accuracy: 0.8684 | Prediction Confidence: 0.86 | Class 0:0.8863 | Class 1:0.8391
Epoch [283/500] | Loss: 0.3473 |  Accuracy: 0.8681 | Prediction Confidence: 0.86 | Class 0:0.8866 | Class 1:0.8396
Epoch [284/500] | Loss: 0.3470 |  Accuracy: 0.8684 | Prediction Confidence: 0.86 | Class 0:0.8868 | Class 1:0.8395
Epoch [285/500] | Loss: 0.3467 |  Accuracy: 0.8681 | Prediction Confidence: 0.86 | Class 0:0.8873 | Class 1:0.8398
Epoch [286/500] | Loss: 0.3464 |  Accuracy: 0.8681 | Prediction Confidence: 0.86 | Class 0:0.8875 | Class 1:0.8400
Epoch [287/500] | Loss: 0.3461 |  Accuracy: 0.8681 | Prediction Confidence: 0.86 | Class 0:0.8878 | Class 1:0.8402
Epoch [288/500] | Loss: 0.3458 |  Accuracy: 0.8687 | Prediction Confidence: 0.86 | Class 0:0.8880 | Class 1:0.8400
Epoch [289/500] | Loss: 0.3455 |  Accuracy: 0.8684 | Prediction Confidence: 0.86 | Class 0:0.8887 | Class 1:0.8402
Epoch [290/500] | Loss: 0.3452 |  Accuracy: 0.8692 | Prediction Confidence: 0.86 | Class 0:0.8887 | Class 1:0.8400
Epoch [291/500] | Loss: 0.3449 |  Accuracy: 0.8695 | Prediction Confidence: 0.86 | Class 0:0.8889 | Class 1:0.8401
Epoch [292/500] | Loss: 0.3446 |  Accuracy: 0.8701 | Prediction Confidence: 0.86 | Class 0:0.8889 | Class 1:0.8402
Epoch [293/500] | Loss: 0.3443 |  Accuracy: 0.8701 | Prediction Confidence: 0.86 | Class 0:0.8892 | Class 1:0.8404
Epoch [294/500] | Loss: 0.3440 |  Accuracy: 0.8703 | Prediction Confidence: 0.87 | Class 0:0.8893 | Class 1:0.8406
Epoch [295/500] | Loss: 0.3437 |  Accuracy: 0.8703 | Prediction Confidence: 0.87 | Class 0:0.8895 | Class 1:0.8408
Epoch [296/500] | Loss: 0.3435 |  Accuracy: 0.8703 | Prediction Confidence: 0.87 | Class 0:0.8898 | Class 1:0.8410
Epoch [297/500] | Loss: 0.3432 |  Accuracy: 0.8703 | Prediction Confidence: 0.87 | Class 0:0.8900 | Class 1:0.8412
Epoch [298/500] | Loss: 0.3429 |  Accuracy: 0.8706 | Prediction Confidence: 0.87 | Class 0:0.8902 | Class 1:0.8414
Epoch [299/500] | Loss: 0.3426 |  Accuracy: 0.8712 | Prediction Confidence: 0.87 | Class 0:0.8905 | Class 1:0.8411
Epoch [300/500] | Loss: 0.3423 |  Accuracy: 0.8714 | Prediction Confidence: 0.87 | Class 0:0.8904 | Class 1:0.8413
Epoch [301/500] | Loss: 0.3420 |  Accuracy: 0.8723 | Prediction Confidence: 0.87 | Class 0:0.8906 | Class 1:0.8408
Epoch [302/500] | Loss: 0.3418 |  Accuracy: 0.8723 | Prediction Confidence: 0.87 | Class 0:0.8908 | Class 1:0.8410
Epoch [303/500] | Loss: 0.3415 |  Accuracy: 0.8723 | Prediction Confidence: 0.87 | Class 0:0.8910 | Class 1:0.8412
Epoch [304/500] | Loss: 0.3412 |  Accuracy: 0.8723 | Prediction Confidence: 0.87 | Class 0:0.8913 | Class 1:0.8414
Epoch [305/500] | Loss: 0.3409 |  Accuracy: 0.8728 | Prediction Confidence: 0.87 | Class 0:0.8910 | Class 1:0.8416
Epoch [306/500] | Loss: 0.3407 |  Accuracy: 0.8728 | Prediction Confidence: 0.87 | Class 0:0.8914 | Class 1:0.8414
Epoch [307/500] | Loss: 0.3404 |  Accuracy: 0.8734 | Prediction Confidence: 0.87 | Class 0:0.8915 | Class 1:0.8414
Epoch [308/500] | Loss: 0.3401 |  Accuracy: 0.8736 | Prediction Confidence: 0.87 | Class 0:0.8917 | Class 1:0.8414
Epoch [309/500] | Loss: 0.3399 |  Accuracy: 0.8739 | Prediction Confidence: 0.87 | Class 0:0.8919 | Class 1:0.8414
Epoch [310/500] | Loss: 0.3396 |  Accuracy: 0.8739 | Prediction Confidence: 0.87 | Class 0:0.8921 | Class 1:0.8416
Epoch [311/500] | Loss: 0.3393 |  Accuracy: 0.8745 | Prediction Confidence: 0.87 | Class 0:0.8923 | Class 1:0.8413
Epoch [312/500] | Loss: 0.3391 |  Accuracy: 0.8745 | Prediction Confidence: 0.87 | Class 0:0.8925 | Class 1:0.8415
Epoch [313/500] | Loss: 0.3388 |  Accuracy: 0.8750 | Prediction Confidence: 0.87 | Class 0:0.8923 | Class 1:0.8417
Epoch [314/500] | Loss: 0.3385 |  Accuracy: 0.8753 | Prediction Confidence: 0.87 | Class 0:0.8922 | Class 1:0.8419
Epoch [315/500] | Loss: 0.3383 |  Accuracy: 0.8753 | Prediction Confidence: 0.87 | Class 0:0.8924 | Class 1:0.8421
Epoch [316/500] | Loss: 0.3380 |  Accuracy: 0.8753 | Prediction Confidence: 0.87 | Class 0:0.8926 | Class 1:0.8423
Epoch [317/500] | Loss: 0.3378 |  Accuracy: 0.8753 | Prediction Confidence: 0.87 | Class 0:0.8928 | Class 1:0.8425
Epoch [318/500] | Loss: 0.3375 |  Accuracy: 0.8753 | Prediction Confidence: 0.87 | Class 0:0.8930 | Class 1:0.8426
Epoch [319/500] | Loss: 0.3373 |  Accuracy: 0.8753 | Prediction Confidence: 0.87 | Class 0:0.8932 | Class 1:0.8428
Epoch [320/500] | Loss: 0.3370 |  Accuracy: 0.8753 | Prediction Confidence: 0.87 | Class 0:0.8934 | Class 1:0.8430
Epoch [321/500] | Loss: 0.3368 |  Accuracy: 0.8755 | Prediction Confidence: 0.87 | Class 0:0.8936 | Class 1:0.8430
Epoch [322/500] | Loss: 0.3365 |  Accuracy: 0.8755 | Prediction Confidence: 0.87 | Class 0:0.8938 | Class 1:0.8432
Epoch [323/500] | Loss: 0.3362 |  Accuracy: 0.8758 | Prediction Confidence: 0.87 | Class 0:0.8939 | Class 1:0.8432
Epoch [324/500] | Loss: 0.3360 |  Accuracy: 0.8758 | Prediction Confidence: 0.87 | Class 0:0.8941 | Class 1:0.8434
Epoch [325/500] | Loss: 0.3358 |  Accuracy: 0.8758 | Prediction Confidence: 0.87 | Class 0:0.8943 | Class 1:0.8436
Epoch [326/500] | Loss: 0.3355 |  Accuracy: 0.8758 | Prediction Confidence: 0.87 | Class 0:0.8945 | Class 1:0.8437
Epoch [327/500] | Loss: 0.3353 |  Accuracy: 0.8758 | Prediction Confidence: 0.87 | Class 0:0.8947 | Class 1:0.8439
Epoch [328/500] | Loss: 0.3350 |  Accuracy: 0.8758 | Prediction Confidence: 0.87 | Class 0:0.8949 | Class 1:0.8441
Epoch [329/500] | Loss: 0.3348 |  Accuracy: 0.8758 | Prediction Confidence: 0.87 | Class 0:0.8951 | Class 1:0.8443
Epoch [330/500] | Loss: 0.3345 |  Accuracy: 0.8761 | Prediction Confidence: 0.87 | Class 0:0.8952 | Class 1:0.8443
Epoch [331/500] | Loss: 0.3343 |  Accuracy: 0.8769 | Prediction Confidence: 0.87 | Class 0:0.8948 | Class 1:0.8440
Epoch [332/500] | Loss: 0.3340 |  Accuracy: 0.8764 | Prediction Confidence: 0.87 | Class 0:0.8952 | Class 1:0.8445
Epoch [333/500] | Loss: 0.3338 |  Accuracy: 0.8764 | Prediction Confidence: 0.87 | Class 0:0.8954 | Class 1:0.8446
Epoch [334/500] | Loss: 0.3336 |  Accuracy: 0.8766 | Prediction Confidence: 0.87 | Class 0:0.8953 | Class 1:0.8448
Epoch [335/500] | Loss: 0.3333 |  Accuracy: 0.8769 | Prediction Confidence: 0.87 | Class 0:0.8955 | Class 1:0.8448
Epoch [336/500] | Loss: 0.3331 |  Accuracy: 0.8772 | Prediction Confidence: 0.87 | Class 0:0.8953 | Class 1:0.8450
Epoch [337/500] | Loss: 0.3328 |  Accuracy: 0.8772 | Prediction Confidence: 0.87 | Class 0:0.8955 | Class 1:0.8452
Epoch [338/500] | Loss: 0.3326 |  Accuracy: 0.8772 | Prediction Confidence: 0.87 | Class 0:0.8956 | Class 1:0.8453
Epoch [339/500] | Loss: 0.3324 |  Accuracy: 0.8772 | Prediction Confidence: 0.87 | Class 0:0.8958 | Class 1:0.8455
Epoch [340/500] | Loss: 0.3321 |  Accuracy: 0.8780 | Prediction Confidence: 0.87 | Class 0:0.8960 | Class 1:0.8453
Epoch [341/500] | Loss: 0.3319 |  Accuracy: 0.8780 | Prediction Confidence: 0.87 | Class 0:0.8962 | Class 1:0.8454
Epoch [342/500] | Loss: 0.3317 |  Accuracy: 0.8780 | Prediction Confidence: 0.87 | Class 0:0.8963 | Class 1:0.8456
Epoch [343/500] | Loss: 0.3314 |  Accuracy: 0.8780 | Prediction Confidence: 0.87 | Class 0:0.8965 | Class 1:0.8458
Epoch [344/500] | Loss: 0.3312 |  Accuracy: 0.8783 | Prediction Confidence: 0.87 | Class 0:0.8964 | Class 1:0.8459
Epoch [345/500] | Loss: 0.3310 |  Accuracy: 0.8783 | Prediction Confidence: 0.87 | Class 0:0.8965 | Class 1:0.8461
Epoch [346/500] | Loss: 0.3307 |  Accuracy: 0.8780 | Prediction Confidence: 0.87 | Class 0:0.8967 | Class 1:0.8464
Epoch [347/500] | Loss: 0.3305 |  Accuracy: 0.8780 | Prediction Confidence: 0.87 | Class 0:0.8969 | Class 1:0.8466
Epoch [348/500] | Loss: 0.3303 |  Accuracy: 0.8783 | Prediction Confidence: 0.87 | Class 0:0.8970 | Class 1:0.8466
Epoch [349/500] | Loss: 0.3300 |  Accuracy: 0.8780 | Prediction Confidence: 0.87 | Class 0:0.8976 | Class 1:0.8465
Epoch [350/500] | Loss: 0.3298 |  Accuracy: 0.8783 | Prediction Confidence: 0.87 | Class 0:0.8978 | Class 1:0.8464
Epoch [351/500] | Loss: 0.3295 |  Accuracy: 0.8783 | Prediction Confidence: 0.87 | Class 0:0.8979 | Class 1:0.8465
Epoch [352/500] | Loss: 0.3293 |  Accuracy: 0.8783 | Prediction Confidence: 0.87 | Class 0:0.8981 | Class 1:0.8467
Epoch [353/500] | Loss: 0.3291 |  Accuracy: 0.8783 | Prediction Confidence: 0.87 | Class 0:0.8982 | Class 1:0.8469
Epoch [354/500] | Loss: 0.3288 |  Accuracy: 0.8783 | Prediction Confidence: 0.87 | Class 0:0.8984 | Class 1:0.8470
Epoch [355/500] | Loss: 0.3286 |  Accuracy: 0.8786 | Prediction Confidence: 0.87 | Class 0:0.8986 | Class 1:0.8469
Epoch [356/500] | Loss: 0.3284 |  Accuracy: 0.8783 | Prediction Confidence: 0.87 | Class 0:0.8987 | Class 1:0.8472
Epoch [357/500] | Loss: 0.3281 |  Accuracy: 0.8780 | Prediction Confidence: 0.87 | Class 0:0.8992 | Class 1:0.8473
Epoch [358/500] | Loss: 0.3279 |  Accuracy: 0.8780 | Prediction Confidence: 0.87 | Class 0:0.8994 | Class 1:0.8475
Epoch [359/500] | Loss: 0.3277 |  Accuracy: 0.8780 | Prediction Confidence: 0.87 | Class 0:0.8995 | Class 1:0.8476
Epoch [360/500] | Loss: 0.3275 |  Accuracy: 0.8786 | Prediction Confidence: 0.87 | Class 0:0.8992 | Class 1:0.8477
Epoch [361/500] | Loss: 0.3272 |  Accuracy: 0.8786 | Prediction Confidence: 0.87 | Class 0:0.8994 | Class 1:0.8478
Epoch [362/500] | Loss: 0.3270 |  Accuracy: 0.8786 | Prediction Confidence: 0.87 | Class 0:0.8996 | Class 1:0.8480
Epoch [363/500] | Loss: 0.3268 |  Accuracy: 0.8783 | Prediction Confidence: 0.87 | Class 0:0.8997 | Class 1:0.8484
Epoch [364/500] | Loss: 0.3266 |  Accuracy: 0.8783 | Prediction Confidence: 0.87 | Class 0:0.8999 | Class 1:0.8485
Epoch [365/500] | Loss: 0.3263 |  Accuracy: 0.8783 | Prediction Confidence: 0.87 | Class 0:0.9000 | Class 1:0.8487
Epoch [366/500] | Loss: 0.3261 |  Accuracy: 0.8780 | Prediction Confidence: 0.87 | Class 0:0.9002 | Class 1:0.8489
Epoch [367/500] | Loss: 0.3259 |  Accuracy: 0.8783 | Prediction Confidence: 0.87 | Class 0:0.8999 | Class 1:0.8491
Epoch [368/500] | Loss: 0.3257 |  Accuracy: 0.8783 | Prediction Confidence: 0.87 | Class 0:0.9001 | Class 1:0.8493
Epoch [369/500] | Loss: 0.3254 |  Accuracy: 0.8783 | Prediction Confidence: 0.88 | Class 0:0.9003 | Class 1:0.8494
Epoch [370/500] | Loss: 0.3252 |  Accuracy: 0.8783 | Prediction Confidence: 0.88 | Class 0:0.9004 | Class 1:0.8496
Epoch [371/500] | Loss: 0.3250 |  Accuracy: 0.8783 | Prediction Confidence: 0.88 | Class 0:0.9006 | Class 1:0.8497
Epoch [372/500] | Loss: 0.3248 |  Accuracy: 0.8786 | Prediction Confidence: 0.88 | Class 0:0.9007 | Class 1:0.8496
Epoch [373/500] | Loss: 0.3245 |  Accuracy: 0.8786 | Prediction Confidence: 0.88 | Class 0:0.9009 | Class 1:0.8498
Epoch [374/500] | Loss: 0.3243 |  Accuracy: 0.8788 | Prediction Confidence: 0.88 | Class 0:0.9011 | Class 1:0.8498
Epoch [375/500] | Loss: 0.3241 |  Accuracy: 0.8788 | Prediction Confidence: 0.88 | Class 0:0.9012 | Class 1:0.8499
Epoch [376/500] | Loss: 0.3239 |  Accuracy: 0.8791 | Prediction Confidence: 0.88 | Class 0:0.9014 | Class 1:0.8498
Epoch [377/500] | Loss: 0.3236 |  Accuracy: 0.8794 | Prediction Confidence: 0.88 | Class 0:0.9015 | Class 1:0.8497
Epoch [378/500] | Loss: 0.3234 |  Accuracy: 0.8797 | Prediction Confidence: 0.88 | Class 0:0.9017 | Class 1:0.8497
Epoch [379/500] | Loss: 0.3232 |  Accuracy: 0.8797 | Prediction Confidence: 0.88 | Class 0:0.9019 | Class 1:0.8498
Epoch [380/500] | Loss: 0.3230 |  Accuracy: 0.8799 | Prediction Confidence: 0.88 | Class 0:0.9020 | Class 1:0.8496
Epoch [381/500] | Loss: 0.3228 |  Accuracy: 0.8799 | Prediction Confidence: 0.88 | Class 0:0.9022 | Class 1:0.8497
Epoch [382/500] | Loss: 0.3226 |  Accuracy: 0.8799 | Prediction Confidence: 0.88 | Class 0:0.9023 | Class 1:0.8499
Epoch [383/500] | Loss: 0.3223 |  Accuracy: 0.8799 | Prediction Confidence: 0.88 | Class 0:0.9025 | Class 1:0.8500
Epoch [384/500] | Loss: 0.3221 |  Accuracy: 0.8802 | Prediction Confidence: 0.88 | Class 0:0.9026 | Class 1:0.8501
Epoch [385/500] | Loss: 0.3219 |  Accuracy: 0.8802 | Prediction Confidence: 0.88 | Class 0:0.9028 | Class 1:0.8502
Epoch [386/500] | Loss: 0.3217 |  Accuracy: 0.8802 | Prediction Confidence: 0.88 | Class 0:0.9029 | Class 1:0.8504
Epoch [387/500] | Loss: 0.3215 |  Accuracy: 0.8802 | Prediction Confidence: 0.88 | Class 0:0.9031 | Class 1:0.8505
Epoch [388/500] | Loss: 0.3213 |  Accuracy: 0.8802 | Prediction Confidence: 0.88 | Class 0:0.9032 | Class 1:0.8507
Epoch [389/500] | Loss: 0.3211 |  Accuracy: 0.8802 | Prediction Confidence: 0.88 | Class 0:0.9034 | Class 1:0.8508
Epoch [390/500] | Loss: 0.3208 |  Accuracy: 0.8802 | Prediction Confidence: 0.88 | Class 0:0.9035 | Class 1:0.8509
Epoch [391/500] | Loss: 0.3206 |  Accuracy: 0.8810 | Prediction Confidence: 0.88 | Class 0:0.9034 | Class 1:0.8507
Epoch [392/500] | Loss: 0.3204 |  Accuracy: 0.8816 | Prediction Confidence: 0.88 | Class 0:0.9033 | Class 1:0.8506
Epoch [393/500] | Loss: 0.3202 |  Accuracy: 0.8816 | Prediction Confidence: 0.88 | Class 0:0.9035 | Class 1:0.8507
Epoch [394/500] | Loss: 0.3200 |  Accuracy: 0.8816 | Prediction Confidence: 0.88 | Class 0:0.9036 | Class 1:0.8509
Epoch [395/500] | Loss: 0.3198 |  Accuracy: 0.8816 | Prediction Confidence: 0.88 | Class 0:0.9038 | Class 1:0.8510
Epoch [396/500] | Loss: 0.3196 |  Accuracy: 0.8816 | Prediction Confidence: 0.88 | Class 0:0.9039 | Class 1:0.8511
Epoch [397/500] | Loss: 0.3194 |  Accuracy: 0.8816 | Prediction Confidence: 0.88 | Class 0:0.9041 | Class 1:0.8513
Epoch [398/500] | Loss: 0.3192 |  Accuracy: 0.8813 | Prediction Confidence: 0.88 | Class 0:0.9042 | Class 1:0.8516
Epoch [399/500] | Loss: 0.3190 |  Accuracy: 0.8816 | Prediction Confidence: 0.88 | Class 0:0.9040 | Class 1:0.8517
Epoch [400/500] | Loss: 0.3188 |  Accuracy: 0.8816 | Prediction Confidence: 0.88 | Class 0:0.9042 | Class 1:0.8519
Epoch [401/500] | Loss: 0.3186 |  Accuracy: 0.8816 | Prediction Confidence: 0.88 | Class 0:0.9043 | Class 1:0.8520
Epoch [402/500] | Loss: 0.3184 |  Accuracy: 0.8816 | Prediction Confidence: 0.88 | Class 0:0.9045 | Class 1:0.8522
Epoch [403/500] | Loss: 0.3182 |  Accuracy: 0.8816 | Prediction Confidence: 0.88 | Class 0:0.9046 | Class 1:0.8523
Epoch [404/500] | Loss: 0.3179 |  Accuracy: 0.8816 | Prediction Confidence: 0.88 | Class 0:0.9048 | Class 1:0.8524
Epoch [405/500] | Loss: 0.3177 |  Accuracy: 0.8819 | Prediction Confidence: 0.88 | Class 0:0.9049 | Class 1:0.8524
Epoch [406/500] | Loss: 0.3175 |  Accuracy: 0.8821 | Prediction Confidence: 0.88 | Class 0:0.9051 | Class 1:0.8524
Epoch [407/500] | Loss: 0.3173 |  Accuracy: 0.8824 | Prediction Confidence: 0.88 | Class 0:0.9050 | Class 1:0.8526
Epoch [408/500] | Loss: 0.3171 |  Accuracy: 0.8821 | Prediction Confidence: 0.88 | Class 0:0.9053 | Class 1:0.8527
Epoch [409/500] | Loss: 0.3169 |  Accuracy: 0.8824 | Prediction Confidence: 0.88 | Class 0:0.9055 | Class 1:0.8526
Epoch [410/500] | Loss: 0.3167 |  Accuracy: 0.8824 | Prediction Confidence: 0.88 | Class 0:0.9056 | Class 1:0.8527
Epoch [411/500] | Loss: 0.3165 |  Accuracy: 0.8827 | Prediction Confidence: 0.88 | Class 0:0.9058 | Class 1:0.8527
Epoch [412/500] | Loss: 0.3163 |  Accuracy: 0.8827 | Prediction Confidence: 0.88 | Class 0:0.9059 | Class 1:0.8528
Epoch [413/500] | Loss: 0.3161 |  Accuracy: 0.8827 | Prediction Confidence: 0.88 | Class 0:0.9060 | Class 1:0.8529
Epoch [414/500] | Loss: 0.3159 |  Accuracy: 0.8835 | Prediction Confidence: 0.88 | Class 0:0.9057 | Class 1:0.8529
Epoch [415/500] | Loss: 0.3157 |  Accuracy: 0.8838 | Prediction Confidence: 0.88 | Class 0:0.9058 | Class 1:0.8527
Epoch [416/500] | Loss: 0.3155 |  Accuracy: 0.8838 | Prediction Confidence: 0.88 | Class 0:0.9060 | Class 1:0.8528
Epoch [417/500] | Loss: 0.3153 |  Accuracy: 0.8843 | Prediction Confidence: 0.88 | Class 0:0.9057 | Class 1:0.8529
Epoch [418/500] | Loss: 0.3151 |  Accuracy: 0.8852 | Prediction Confidence: 0.88 | Class 0:0.9057 | Class 1:0.8524
Epoch [419/500] | Loss: 0.3149 |  Accuracy: 0.8854 | Prediction Confidence: 0.88 | Class 0:0.9058 | Class 1:0.8524
Epoch [420/500] | Loss: 0.3147 |  Accuracy: 0.8854 | Prediction Confidence: 0.88 | Class 0:0.9060 | Class 1:0.8525
Epoch [421/500] | Loss: 0.3145 |  Accuracy: 0.8857 | Prediction Confidence: 0.88 | Class 0:0.9059 | Class 1:0.8527
Epoch [422/500] | Loss: 0.3143 |  Accuracy: 0.8857 | Prediction Confidence: 0.88 | Class 0:0.9060 | Class 1:0.8528
Epoch [423/500] | Loss: 0.3141 |  Accuracy: 0.8860 | Prediction Confidence: 0.88 | Class 0:0.9059 | Class 1:0.8529
Epoch [424/500] | Loss: 0.3139 |  Accuracy: 0.8863 | Prediction Confidence: 0.88 | Class 0:0.9057 | Class 1:0.8531
Epoch [425/500] | Loss: 0.3137 |  Accuracy: 0.8863 | Prediction Confidence: 0.88 | Class 0:0.9059 | Class 1:0.8532
Epoch [426/500] | Loss: 0.3135 |  Accuracy: 0.8860 | Prediction Confidence: 0.88 | Class 0:0.9064 | Class 1:0.8533
Epoch [427/500] | Loss: 0.3133 |  Accuracy: 0.8860 | Prediction Confidence: 0.88 | Class 0:0.9065 | Class 1:0.8535
Epoch [428/500] | Loss: 0.3131 |  Accuracy: 0.8860 | Prediction Confidence: 0.88 | Class 0:0.9067 | Class 1:0.8536
Epoch [429/500] | Loss: 0.3129 |  Accuracy: 0.8863 | Prediction Confidence: 0.88 | Class 0:0.9066 | Class 1:0.8538
Epoch [430/500] | Loss: 0.3127 |  Accuracy: 0.8863 | Prediction Confidence: 0.88 | Class 0:0.9067 | Class 1:0.8539
Epoch [431/500] | Loss: 0.3125 |  Accuracy: 0.8871 | Prediction Confidence: 0.88 | Class 0:0.9065 | Class 1:0.8538
Epoch [432/500] | Loss: 0.3124 |  Accuracy: 0.8871 | Prediction Confidence: 0.88 | Class 0:0.9067 | Class 1:0.8540
Epoch [433/500] | Loss: 0.3122 |  Accuracy: 0.8871 | Prediction Confidence: 0.88 | Class 0:0.9068 | Class 1:0.8541
Epoch [434/500] | Loss: 0.3120 |  Accuracy: 0.8871 | Prediction Confidence: 0.88 | Class 0:0.9069 | Class 1:0.8542
Epoch [435/500] | Loss: 0.3118 |  Accuracy: 0.8871 | Prediction Confidence: 0.88 | Class 0:0.9071 | Class 1:0.8544
Epoch [436/500] | Loss: 0.3116 |  Accuracy: 0.8871 | Prediction Confidence: 0.88 | Class 0:0.9072 | Class 1:0.8545
Epoch [437/500] | Loss: 0.3114 |  Accuracy: 0.8871 | Prediction Confidence: 0.88 | Class 0:0.9073 | Class 1:0.8546
Epoch [438/500] | Loss: 0.3112 |  Accuracy: 0.8871 | Prediction Confidence: 0.88 | Class 0:0.9075 | Class 1:0.8548
Epoch [439/500] | Loss: 0.3110 |  Accuracy: 0.8871 | Prediction Confidence: 0.88 | Class 0:0.9076 | Class 1:0.8549
Epoch [440/500] | Loss: 0.3108 |  Accuracy: 0.8874 | Prediction Confidence: 0.88 | Class 0:0.9074 | Class 1:0.8550
Epoch [441/500] | Loss: 0.3106 |  Accuracy: 0.8874 | Prediction Confidence: 0.88 | Class 0:0.9075 | Class 1:0.8551
Epoch [442/500] | Loss: 0.3105 |  Accuracy: 0.8876 | Prediction Confidence: 0.88 | Class 0:0.9076 | Class 1:0.8551
Epoch [443/500] | Loss: 0.3103 |  Accuracy: 0.8879 | Prediction Confidence: 0.88 | Class 0:0.9075 | Class 1:0.8552
Epoch [444/500] | Loss: 0.3101 |  Accuracy: 0.8879 | Prediction Confidence: 0.88 | Class 0:0.9077 | Class 1:0.8554
Epoch [445/500] | Loss: 0.3099 |  Accuracy: 0.8879 | Prediction Confidence: 0.88 | Class 0:0.9078 | Class 1:0.8555
Epoch [446/500] | Loss: 0.3097 |  Accuracy: 0.8882 | Prediction Confidence: 0.88 | Class 0:0.9079 | Class 1:0.8554
Epoch [447/500] | Loss: 0.3095 |  Accuracy: 0.8885 | Prediction Confidence: 0.88 | Class 0:0.9080 | Class 1:0.8554
Epoch [448/500] | Loss: 0.3093 |  Accuracy: 0.8885 | Prediction Confidence: 0.88 | Class 0:0.9082 | Class 1:0.8555
Epoch [449/500] | Loss: 0.3091 |  Accuracy: 0.8885 | Prediction Confidence: 0.88 | Class 0:0.9083 | Class 1:0.8556
Epoch [450/500] | Loss: 0.3090 |  Accuracy: 0.8882 | Prediction Confidence: 0.88 | Class 0:0.9087 | Class 1:0.8558
Epoch [451/500] | Loss: 0.3088 |  Accuracy: 0.8882 | Prediction Confidence: 0.88 | Class 0:0.9088 | Class 1:0.8559
Epoch [452/500] | Loss: 0.3086 |  Accuracy: 0.8885 | Prediction Confidence: 0.88 | Class 0:0.9089 | Class 1:0.8558
Epoch [453/500] | Loss: 0.3084 |  Accuracy: 0.8885 | Prediction Confidence: 0.88 | Class 0:0.9090 | Class 1:0.8559
Epoch [454/500] | Loss: 0.3082 |  Accuracy: 0.8887 | Prediction Confidence: 0.88 | Class 0:0.9087 | Class 1:0.8560
Epoch [455/500] | Loss: 0.3080 |  Accuracy: 0.8893 | Prediction Confidence: 0.88 | Class 0:0.9084 | Class 1:0.8561
Epoch [456/500] | Loss: 0.3078 |  Accuracy: 0.8893 | Prediction Confidence: 0.88 | Class 0:0.9085 | Class 1:0.8562
Epoch [457/500] | Loss: 0.3076 |  Accuracy: 0.8893 | Prediction Confidence: 0.88 | Class 0:0.9086 | Class 1:0.8563
Epoch [458/500] | Loss: 0.3074 |  Accuracy: 0.8893 | Prediction Confidence: 0.88 | Class 0:0.9087 | Class 1:0.8564
Epoch [459/500] | Loss: 0.3072 |  Accuracy: 0.8898 | Prediction Confidence: 0.88 | Class 0:0.9086 | Class 1:0.8564
Epoch [460/500] | Loss: 0.3070 |  Accuracy: 0.8898 | Prediction Confidence: 0.88 | Class 0:0.9088 | Class 1:0.8566
Epoch [461/500] | Loss: 0.3068 |  Accuracy: 0.8898 | Prediction Confidence: 0.88 | Class 0:0.9089 | Class 1:0.8567
Epoch [462/500] | Loss: 0.3066 |  Accuracy: 0.8904 | Prediction Confidence: 0.88 | Class 0:0.9087 | Class 1:0.8567
Epoch [463/500] | Loss: 0.3064 |  Accuracy: 0.8904 | Prediction Confidence: 0.88 | Class 0:0.9088 | Class 1:0.8568
Epoch [464/500] | Loss: 0.3062 |  Accuracy: 0.8909 | Prediction Confidence: 0.88 | Class 0:0.9087 | Class 1:0.8568
Epoch [465/500] | Loss: 0.3060 |  Accuracy: 0.8912 | Prediction Confidence: 0.88 | Class 0:0.9087 | Class 1:0.8570
Epoch [466/500] | Loss: 0.3058 |  Accuracy: 0.8912 | Prediction Confidence: 0.88 | Class 0:0.9088 | Class 1:0.8571
Epoch [467/500] | Loss: 0.3056 |  Accuracy: 0.8912 | Prediction Confidence: 0.88 | Class 0:0.9090 | Class 1:0.8572
Epoch [468/500] | Loss: 0.3055 |  Accuracy: 0.8912 | Prediction Confidence: 0.88 | Class 0:0.9091 | Class 1:0.8573
Epoch [469/500] | Loss: 0.3053 |  Accuracy: 0.8912 | Prediction Confidence: 0.88 | Class 0:0.9092 | Class 1:0.8575
Epoch [470/500] | Loss: 0.3051 |  Accuracy: 0.8912 | Prediction Confidence: 0.88 | Class 0:0.9094 | Class 1:0.8576
Epoch [471/500] | Loss: 0.3049 |  Accuracy: 0.8912 | Prediction Confidence: 0.88 | Class 0:0.9095 | Class 1:0.8577
Epoch [472/500] | Loss: 0.3047 |  Accuracy: 0.8915 | Prediction Confidence: 0.88 | Class 0:0.9096 | Class 1:0.8576
Epoch [473/500] | Loss: 0.3045 |  Accuracy: 0.8915 | Prediction Confidence: 0.88 | Class 0:0.9098 | Class 1:0.8577
Epoch [474/500] | Loss: 0.3044 |  Accuracy: 0.8915 | Prediction Confidence: 0.88 | Class 0:0.9099 | Class 1:0.8579
Epoch [475/500] | Loss: 0.3042 |  Accuracy: 0.8915 | Prediction Confidence: 0.88 | Class 0:0.9100 | Class 1:0.8580
Epoch [476/500] | Loss: 0.3040 |  Accuracy: 0.8915 | Prediction Confidence: 0.88 | Class 0:0.9102 | Class 1:0.8581
Epoch [477/500] | Loss: 0.3038 |  Accuracy: 0.8915 | Prediction Confidence: 0.88 | Class 0:0.9103 | Class 1:0.8582
Epoch [478/500] | Loss: 0.3037 |  Accuracy: 0.8918 | Prediction Confidence: 0.88 | Class 0:0.9102 | Class 1:0.8583
Epoch [479/500] | Loss: 0.3035 |  Accuracy: 0.8923 | Prediction Confidence: 0.88 | Class 0:0.9102 | Class 1:0.8583
Epoch [480/500] | Loss: 0.3033 |  Accuracy: 0.8926 | Prediction Confidence: 0.88 | Class 0:0.9103 | Class 1:0.8583
Epoch [481/500] | Loss: 0.3032 |  Accuracy: 0.8929 | Prediction Confidence: 0.88 | Class 0:0.9105 | Class 1:0.8583
Epoch [482/500] | Loss: 0.3030 |  Accuracy: 0.8929 | Prediction Confidence: 0.88 | Class 0:0.9106 | Class 1:0.8584
Epoch [483/500] | Loss: 0.3028 |  Accuracy: 0.8929 | Prediction Confidence: 0.88 | Class 0:0.9107 | Class 1:0.8585
Epoch [484/500] | Loss: 0.3026 |  Accuracy: 0.8929 | Prediction Confidence: 0.88 | Class 0:0.9108 | Class 1:0.8587
Epoch [485/500] | Loss: 0.3025 |  Accuracy: 0.8929 | Prediction Confidence: 0.89 | Class 0:0.9110 | Class 1:0.8588
Epoch [486/500] | Loss: 0.3023 |  Accuracy: 0.8929 | Prediction Confidence: 0.89 | Class 0:0.9111 | Class 1:0.8589
Epoch [487/500] | Loss: 0.3021 |  Accuracy: 0.8931 | Prediction Confidence: 0.89 | Class 0:0.9112 | Class 1:0.8588
Epoch [488/500] | Loss: 0.3020 |  Accuracy: 0.8931 | Prediction Confidence: 0.89 | Class 0:0.9113 | Class 1:0.8589
Epoch [489/500] | Loss: 0.3018 |  Accuracy: 0.8934 | Prediction Confidence: 0.89 | Class 0:0.9115 | Class 1:0.8589
Epoch [490/500] | Loss: 0.3016 |  Accuracy: 0.8934 | Prediction Confidence: 0.89 | Class 0:0.9116 | Class 1:0.8590
Epoch [491/500] | Loss: 0.3015 |  Accuracy: 0.8934 | Prediction Confidence: 0.89 | Class 0:0.9117 | Class 1:0.8591
Epoch [492/500] | Loss: 0.3013 |  Accuracy: 0.8934 | Prediction Confidence: 0.89 | Class 0:0.9118 | Class 1:0.8592
Epoch [493/500] | Loss: 0.3012 |  Accuracy: 0.8934 | Prediction Confidence: 0.89 | Class 0:0.9120 | Class 1:0.8593
Epoch [494/500] | Loss: 0.3010 |  Accuracy: 0.8934 | Prediction Confidence: 0.89 | Class 0:0.9121 | Class 1:0.8594
Epoch [495/500] | Loss: 0.3008 |  Accuracy: 0.8934 | Prediction Confidence: 0.89 | Class 0:0.9122 | Class 1:0.8595
Epoch [496/500] | Loss: 0.3006 |  Accuracy: 0.8934 | Prediction Confidence: 0.89 | Class 0:0.9123 | Class 1:0.8596
Epoch [497/500] | Loss: 0.3005 |  Accuracy: 0.8937 | Prediction Confidence: 0.89 | Class 0:0.9124 | Class 1:0.8595
Epoch [498/500] | Loss: 0.3003 |  Accuracy: 0.8937 | Prediction Confidence: 0.89 | Class 0:0.9122 | Class 1:0.8597
Epoch [499/500] | Loss: 0.3001 |  Accuracy: 0.8940 | Prediction Confidence: 0.89 | Class 0:0.9124 | Class 1:0.8596
Epoch [500/500] | Loss: 0.2999 |  Accuracy: 0.8942 | Prediction Confidence: 0.89 | Class 0:0.9124 | Class 1:0.8597
Test Accuracy 50.49382716049383 | Confidence ({0: array([0.8827341], dtype=float32), 1: array([0.84316254], dtype=float32)}, 0.8629483)
