Config: 
 {
  "model_name": "ptb_heart_rate_dnn_ce",
  "model_save_path": "/tmp/",
  "model": "dnn",
  "loss": "ce",
  "timesteps": 187,
  "num_classes": 2,
  "rnn_config": {
    "ninp": 1,
    "nhid": 20,
    "nlayers": 1,
    "nclasses": 2
  },
  "dnn_config": {
    "layers": [
      10,
      10,
      10,
      10,
      2
    ]
  },
  "batch_size": 32,
  "num_epochs": 500,
  "learning_rate": 0.005,
  "dependency_meta": ""
}
Model: 
 Linear(
  (layers): ModuleList(
    (0): Linear(in_features=187, out_features=10, bias=True)
    (1): Linear(in_features=10, out_features=10, bias=True)
    (2): Linear(in_features=10, out_features=10, bias=True)
    (3): Linear(in_features=10, out_features=10, bias=True)
    (4): Linear(in_features=10, out_features=2, bias=True)
  )
  (sigmoid_activation): Sigmoid()
  (softmax_activation): Softmax(dim=-1)
)
Epoch [1/500] | Loss: 0.5690 |  Accuracy: 0.7144 | Prediction Confidence: 0.72 | Class 0:0.5248 | Class 1:0.7309
Epoch [2/500] | Loss: 0.4381 |  Accuracy: 0.7699 | Prediction Confidence: 0.75 | Class 0:0.5738 | Class 1:0.8800
Epoch [3/500] | Loss: 0.4179 |  Accuracy: 0.7884 | Prediction Confidence: 0.77 | Class 0:0.6012 | Class 1:0.9019
Epoch [4/500] | Loss: 0.4082 |  Accuracy: 0.7918 | Prediction Confidence: 0.78 | Class 0:0.6172 | Class 1:0.9100
Epoch [5/500] | Loss: 0.4007 |  Accuracy: 0.8014 | Prediction Confidence: 0.78 | Class 0:0.6278 | Class 1:0.9122
Epoch [6/500] | Loss: 0.3940 |  Accuracy: 0.8103 | Prediction Confidence: 0.79 | Class 0:0.6363 | Class 1:0.9152
Epoch [7/500] | Loss: 0.3878 |  Accuracy: 0.8134 | Prediction Confidence: 0.79 | Class 0:0.6470 | Class 1:0.9193
Epoch [8/500] | Loss: 0.3818 |  Accuracy: 0.8188 | Prediction Confidence: 0.80 | Class 0:0.6550 | Class 1:0.9219
Epoch [9/500] | Loss: 0.3758 |  Accuracy: 0.8247 | Prediction Confidence: 0.80 | Class 0:0.6615 | Class 1:0.9251
Epoch [10/500] | Loss: 0.3699 |  Accuracy: 0.8318 | Prediction Confidence: 0.81 | Class 0:0.6678 | Class 1:0.9265
Epoch [11/500] | Loss: 0.3640 |  Accuracy: 0.8346 | Prediction Confidence: 0.81 | Class 0:0.6758 | Class 1:0.9289
Epoch [12/500] | Loss: 0.3580 |  Accuracy: 0.8390 | Prediction Confidence: 0.81 | Class 0:0.6834 | Class 1:0.9303
Epoch [13/500] | Loss: 0.3516 |  Accuracy: 0.8397 | Prediction Confidence: 0.82 | Class 0:0.6947 | Class 1:0.9331
Epoch [14/500] | Loss: 0.3440 |  Accuracy: 0.8466 | Prediction Confidence: 0.83 | Class 0:0.7053 | Class 1:0.9343
Epoch [15/500] | Loss: 0.3353 |  Accuracy: 0.8565 | Prediction Confidence: 0.83 | Class 0:0.7177 | Class 1:0.9343
Epoch [16/500] | Loss: 0.3268 |  Accuracy: 0.8599 | Prediction Confidence: 0.84 | Class 0:0.7322 | Class 1:0.9373
Epoch [17/500] | Loss: 0.3186 |  Accuracy: 0.8658 | Prediction Confidence: 0.85 | Class 0:0.7475 | Class 1:0.9386
Epoch [18/500] | Loss: 0.3107 |  Accuracy: 0.8712 | Prediction Confidence: 0.86 | Class 0:0.7606 | Class 1:0.9390
Epoch [19/500] | Loss: 0.3025 |  Accuracy: 0.8760 | Prediction Confidence: 0.86 | Class 0:0.7720 | Class 1:0.9417
Epoch [20/500] | Loss: 0.2946 |  Accuracy: 0.8832 | Prediction Confidence: 0.87 | Class 0:0.7816 | Class 1:0.9420
Epoch [21/500] | Loss: 0.2864 |  Accuracy: 0.8853 | Prediction Confidence: 0.88 | Class 0:0.7945 | Class 1:0.9450
Epoch [22/500] | Loss: 0.2789 |  Accuracy: 0.8904 | Prediction Confidence: 0.88 | Class 0:0.8057 | Class 1:0.9462
Epoch [23/500] | Loss: 0.2726 |  Accuracy: 0.8952 | Prediction Confidence: 0.89 | Class 0:0.8145 | Class 1:0.9472
Epoch [24/500] | Loss: 0.2665 |  Accuracy: 0.8997 | Prediction Confidence: 0.89 | Class 0:0.8206 | Class 1:0.9493
Epoch [25/500] | Loss: 0.2618 |  Accuracy: 0.9024 | Prediction Confidence: 0.89 | Class 0:0.8265 | Class 1:0.9503
Epoch [26/500] | Loss: 0.2555 |  Accuracy: 0.9051 | Prediction Confidence: 0.90 | Class 0:0.8320 | Class 1:0.9527
Epoch [27/500] | Loss: 0.2513 |  Accuracy: 0.9103 | Prediction Confidence: 0.90 | Class 0:0.8364 | Class 1:0.9531
Epoch [28/500] | Loss: 0.2460 |  Accuracy: 0.9137 | Prediction Confidence: 0.90 | Class 0:0.8430 | Class 1:0.9542
Epoch [29/500] | Loss: 0.2405 |  Accuracy: 0.9188 | Prediction Confidence: 0.90 | Class 0:0.8471 | Class 1:0.9540
Epoch [30/500] | Loss: 0.2364 |  Accuracy: 0.9216 | Prediction Confidence: 0.91 | Class 0:0.8516 | Class 1:0.9556
Epoch [31/500] | Loss: 0.2329 |  Accuracy: 0.9243 | Prediction Confidence: 0.91 | Class 0:0.8521 | Class 1:0.9571
Epoch [32/500] | Loss: 0.2304 |  Accuracy: 0.9257 | Prediction Confidence: 0.91 | Class 0:0.8542 | Class 1:0.9582
Epoch [33/500] | Loss: 0.2234 |  Accuracy: 0.9271 | Prediction Confidence: 0.91 | Class 0:0.8626 | Class 1:0.9593
Epoch [34/500] | Loss: 0.2267 |  Accuracy: 0.9271 | Prediction Confidence: 0.91 | Class 0:0.8599 | Class 1:0.9594
Epoch [35/500] | Loss: 0.2254 |  Accuracy: 0.9257 | Prediction Confidence: 0.92 | Class 0:0.8651 | Class 1:0.9597
Epoch [36/500] | Loss: 0.2206 |  Accuracy: 0.9267 | Prediction Confidence: 0.92 | Class 0:0.8670 | Class 1:0.9607
Epoch [37/500] | Loss: 0.2161 |  Accuracy: 0.9284 | Prediction Confidence: 0.92 | Class 0:0.8724 | Class 1:0.9623
Epoch [38/500] | Loss: 0.2141 |  Accuracy: 0.9318 | Prediction Confidence: 0.92 | Class 0:0.8727 | Class 1:0.9620
Epoch [39/500] | Loss: 0.2098 |  Accuracy: 0.9322 | Prediction Confidence: 0.92 | Class 0:0.8795 | Class 1:0.9646
Epoch [40/500] | Loss: 0.2138 |  Accuracy: 0.9339 | Prediction Confidence: 0.92 | Class 0:0.8774 | Class 1:0.9617
Epoch [41/500] | Loss: 0.2109 |  Accuracy: 0.9342 | Prediction Confidence: 0.92 | Class 0:0.8782 | Class 1:0.9618
Epoch [42/500] | Loss: 0.2058 |  Accuracy: 0.9377 | Prediction Confidence: 0.93 | Class 0:0.8869 | Class 1:0.9631
Epoch [43/500] | Loss: 0.2196 |  Accuracy: 0.9281 | Prediction Confidence: 0.92 | Class 0:0.8773 | Class 1:0.9623
Epoch [44/500] | Loss: 0.2065 |  Accuracy: 0.9339 | Prediction Confidence: 0.92 | Class 0:0.8809 | Class 1:0.9630
Epoch [45/500] | Loss: 0.2010 |  Accuracy: 0.9401 | Prediction Confidence: 0.93 | Class 0:0.8830 | Class 1:0.9647
Epoch [46/500] | Loss: 0.1952 |  Accuracy: 0.9421 | Prediction Confidence: 0.93 | Class 0:0.8892 | Class 1:0.9655
Epoch [47/500] | Loss: 0.1891 |  Accuracy: 0.9466 | Prediction Confidence: 0.93 | Class 0:0.8939 | Class 1:0.9678
Epoch [48/500] | Loss: 0.1937 |  Accuracy: 0.9455 | Prediction Confidence: 0.93 | Class 0:0.8936 | Class 1:0.9651
Epoch [49/500] | Loss: 0.1948 |  Accuracy: 0.9411 | Prediction Confidence: 0.93 | Class 0:0.8923 | Class 1:0.9671
Epoch [50/500] | Loss: 0.1881 |  Accuracy: 0.9428 | Prediction Confidence: 0.93 | Class 0:0.8947 | Class 1:0.9694
Epoch [51/500] | Loss: 0.1860 |  Accuracy: 0.9455 | Prediction Confidence: 0.93 | Class 0:0.8960 | Class 1:0.9698
Epoch [52/500] | Loss: 0.2029 |  Accuracy: 0.9360 | Prediction Confidence: 0.93 | Class 0:0.8857 | Class 1:0.9672
Epoch [53/500] | Loss: 0.1859 |  Accuracy: 0.9462 | Prediction Confidence: 0.93 | Class 0:0.8966 | Class 1:0.9691
Epoch [54/500] | Loss: 0.1804 |  Accuracy: 0.9473 | Prediction Confidence: 0.94 | Class 0:0.9033 | Class 1:0.9705
Epoch [55/500] | Loss: 0.1929 |  Accuracy: 0.9414 | Prediction Confidence: 0.94 | Class 0:0.9007 | Class 1:0.9687
Epoch [56/500] | Loss: 0.1770 |  Accuracy: 0.9503 | Prediction Confidence: 0.94 | Class 0:0.8992 | Class 1:0.9705
Epoch [57/500] | Loss: 0.1794 |  Accuracy: 0.9479 | Prediction Confidence: 0.94 | Class 0:0.9047 | Class 1:0.9723
Epoch [58/500] | Loss: 0.1721 |  Accuracy: 0.9534 | Prediction Confidence: 0.94 | Class 0:0.9064 | Class 1:0.9711
Epoch [59/500] | Loss: 0.1703 |  Accuracy: 0.9524 | Prediction Confidence: 0.94 | Class 0:0.9132 | Class 1:0.9734
Epoch [60/500] | Loss: 0.1840 |  Accuracy: 0.9462 | Prediction Confidence: 0.94 | Class 0:0.9038 | Class 1:0.9711
Epoch [61/500] | Loss: 0.1903 |  Accuracy: 0.9449 | Prediction Confidence: 0.93 | Class 0:0.8990 | Class 1:0.9672
Epoch [62/500] | Loss: 0.1947 |  Accuracy: 0.9394 | Prediction Confidence: 0.94 | Class 0:0.9027 | Class 1:0.9686
Epoch [63/500] | Loss: 0.1719 |  Accuracy: 0.9507 | Prediction Confidence: 0.94 | Class 0:0.8974 | Class 1:0.9722
Epoch [64/500] | Loss: 0.1698 |  Accuracy: 0.9521 | Prediction Confidence: 0.95 | Class 0:0.9145 | Class 1:0.9725
Epoch [65/500] | Loss: 0.1681 |  Accuracy: 0.9538 | Prediction Confidence: 0.94 | Class 0:0.9108 | Class 1:0.9743
Epoch [66/500] | Loss: 0.1798 |  Accuracy: 0.9469 | Prediction Confidence: 0.94 | Class 0:0.9076 | Class 1:0.9715
Epoch [67/500] | Loss: 0.1877 |  Accuracy: 0.9411 | Prediction Confidence: 0.94 | Class 0:0.9082 | Class 1:0.9694
Epoch [68/500] | Loss: 0.1689 |  Accuracy: 0.9521 | Prediction Confidence: 0.94 | Class 0:0.9125 | Class 1:0.9717
Epoch [69/500] | Loss: 0.1698 |  Accuracy: 0.9517 | Prediction Confidence: 0.95 | Class 0:0.9148 | Class 1:0.9734
Epoch [70/500] | Loss: 0.1802 |  Accuracy: 0.9462 | Prediction Confidence: 0.94 | Class 0:0.9029 | Class 1:0.9726
Epoch [71/500] | Loss: 0.1720 |  Accuracy: 0.9517 | Prediction Confidence: 0.94 | Class 0:0.9101 | Class 1:0.9721
Epoch [72/500] | Loss: 0.1622 |  Accuracy: 0.9579 | Prediction Confidence: 0.95 | Class 0:0.9191 | Class 1:0.9730
Epoch [73/500] | Loss: 0.1681 |  Accuracy: 0.9541 | Prediction Confidence: 0.95 | Class 0:0.9148 | Class 1:0.9733
Epoch [74/500] | Loss: 0.1718 |  Accuracy: 0.9500 | Prediction Confidence: 0.94 | Class 0:0.9080 | Class 1:0.9733
Epoch [75/500] | Loss: 0.1613 |  Accuracy: 0.9558 | Prediction Confidence: 0.95 | Class 0:0.9200 | Class 1:0.9757
Epoch [76/500] | Loss: 0.1679 |  Accuracy: 0.9527 | Prediction Confidence: 0.95 | Class 0:0.9193 | Class 1:0.9735
Epoch [77/500] | Loss: 0.1563 |  Accuracy: 0.9596 | Prediction Confidence: 0.95 | Class 0:0.9207 | Class 1:0.9743
Epoch [78/500] | Loss: 0.1726 |  Accuracy: 0.9510 | Prediction Confidence: 0.95 | Class 0:0.9186 | Class 1:0.9733
Epoch [79/500] | Loss: 0.1629 |  Accuracy: 0.9558 | Prediction Confidence: 0.95 | Class 0:0.9172 | Class 1:0.9731
Epoch [80/500] | Loss: 0.1598 |  Accuracy: 0.9565 | Prediction Confidence: 0.95 | Class 0:0.9248 | Class 1:0.9728
Epoch [81/500] | Loss: 0.1739 |  Accuracy: 0.9486 | Prediction Confidence: 0.95 | Class 0:0.9199 | Class 1:0.9717
Epoch [82/500] | Loss: 0.1744 |  Accuracy: 0.9510 | Prediction Confidence: 0.94 | Class 0:0.9135 | Class 1:0.9710
Epoch [83/500] | Loss: 0.1681 |  Accuracy: 0.9517 | Prediction Confidence: 0.95 | Class 0:0.9152 | Class 1:0.9737
Epoch [84/500] | Loss: 0.1625 |  Accuracy: 0.9555 | Prediction Confidence: 0.95 | Class 0:0.9135 | Class 1:0.9742
Epoch [85/500] | Loss: 0.1669 |  Accuracy: 0.9538 | Prediction Confidence: 0.95 | Class 0:0.9152 | Class 1:0.9752
Epoch [86/500] | Loss: 0.1484 |  Accuracy: 0.9634 | Prediction Confidence: 0.95 | Class 0:0.9274 | Class 1:0.9753
Epoch [87/500] | Loss: 0.1615 |  Accuracy: 0.9558 | Prediction Confidence: 0.95 | Class 0:0.9257 | Class 1:0.9749
Epoch [88/500] | Loss: 0.1583 |  Accuracy: 0.9599 | Prediction Confidence: 0.95 | Class 0:0.9266 | Class 1:0.9731
Epoch [89/500] | Loss: 0.1636 |  Accuracy: 0.9558 | Prediction Confidence: 0.95 | Class 0:0.9152 | Class 1:0.9741
Epoch [90/500] | Loss: 0.1640 |  Accuracy: 0.9551 | Prediction Confidence: 0.95 | Class 0:0.9194 | Class 1:0.9732
Epoch [91/500] | Loss: 0.1541 |  Accuracy: 0.9586 | Prediction Confidence: 0.95 | Class 0:0.9268 | Class 1:0.9757
Epoch [92/500] | Loss: 0.1552 |  Accuracy: 0.9613 | Prediction Confidence: 0.95 | Class 0:0.9211 | Class 1:0.9734
Epoch [93/500] | Loss: 0.1653 |  Accuracy: 0.9541 | Prediction Confidence: 0.95 | Class 0:0.9261 | Class 1:0.9746
Epoch [94/500] | Loss: 0.1599 |  Accuracy: 0.9582 | Prediction Confidence: 0.95 | Class 0:0.9213 | Class 1:0.9726
Epoch [95/500] | Loss: 0.1674 |  Accuracy: 0.9538 | Prediction Confidence: 0.95 | Class 0:0.9175 | Class 1:0.9735
Epoch [96/500] | Loss: 0.1531 |  Accuracy: 0.9606 | Prediction Confidence: 0.95 | Class 0:0.9253 | Class 1:0.9735
Epoch [97/500] | Loss: 0.1480 |  Accuracy: 0.9613 | Prediction Confidence: 0.95 | Class 0:0.9303 | Class 1:0.9769
Epoch [98/500] | Loss: 0.1590 |  Accuracy: 0.9582 | Prediction Confidence: 0.95 | Class 0:0.9301 | Class 1:0.9730
Epoch [99/500] | Loss: 0.1601 |  Accuracy: 0.9562 | Prediction Confidence: 0.95 | Class 0:0.9262 | Class 1:0.9738
Epoch [100/500] | Loss: 0.1701 |  Accuracy: 0.9527 | Prediction Confidence: 0.95 | Class 0:0.9177 | Class 1:0.9714
Epoch [101/500] | Loss: 0.1427 |  Accuracy: 0.9658 | Prediction Confidence: 0.96 | Class 0:0.9352 | Class 1:0.9752
Epoch [102/500] | Loss: 0.1572 |  Accuracy: 0.9586 | Prediction Confidence: 0.95 | Class 0:0.9283 | Class 1:0.9745
Epoch [103/500] | Loss: 0.1567 |  Accuracy: 0.9592 | Prediction Confidence: 0.95 | Class 0:0.9257 | Class 1:0.9732
Epoch [104/500] | Loss: 0.1421 |  Accuracy: 0.9644 | Prediction Confidence: 0.96 | Class 0:0.9349 | Class 1:0.9777
Epoch [105/500] | Loss: 0.1515 |  Accuracy: 0.9603 | Prediction Confidence: 0.95 | Class 0:0.9324 | Class 1:0.9749
Epoch [106/500] | Loss: 0.1627 |  Accuracy: 0.9555 | Prediction Confidence: 0.95 | Class 0:0.9221 | Class 1:0.9729
Epoch [107/500] | Loss: 0.1474 |  Accuracy: 0.9613 | Prediction Confidence: 0.96 | Class 0:0.9308 | Class 1:0.9771
Epoch [108/500] | Loss: 0.1557 |  Accuracy: 0.9592 | Prediction Confidence: 0.95 | Class 0:0.9252 | Class 1:0.9745
Epoch [109/500] | Loss: 0.1431 |  Accuracy: 0.9640 | Prediction Confidence: 0.96 | Class 0:0.9340 | Class 1:0.9776
Epoch [110/500] | Loss: 0.1635 |  Accuracy: 0.9562 | Prediction Confidence: 0.95 | Class 0:0.9322 | Class 1:0.9709
Epoch [111/500] | Loss: 0.1514 |  Accuracy: 0.9579 | Prediction Confidence: 0.95 | Class 0:0.9307 | Class 1:0.9757
Epoch [112/500] | Loss: 0.1396 |  Accuracy: 0.9664 | Prediction Confidence: 0.96 | Class 0:0.9374 | Class 1:0.9754
Epoch [113/500] | Loss: 0.1400 |  Accuracy: 0.9651 | Prediction Confidence: 0.96 | Class 0:0.9429 | Class 1:0.9761
Epoch [114/500] | Loss: 0.1757 |  Accuracy: 0.9490 | Prediction Confidence: 0.95 | Class 0:0.9173 | Class 1:0.9722
Epoch [115/500] | Loss: 0.1441 |  Accuracy: 0.9630 | Prediction Confidence: 0.96 | Class 0:0.9345 | Class 1:0.9764
Epoch [116/500] | Loss: 0.1418 |  Accuracy: 0.9651 | Prediction Confidence: 0.96 | Class 0:0.9372 | Class 1:0.9768
Epoch [117/500] | Loss: 0.1420 |  Accuracy: 0.9630 | Prediction Confidence: 0.96 | Class 0:0.9378 | Class 1:0.9776
Epoch [118/500] | Loss: 0.1465 |  Accuracy: 0.9640 | Prediction Confidence: 0.96 | Class 0:0.9407 | Class 1:0.9746
Epoch [119/500] | Loss: 0.1555 |  Accuracy: 0.9599 | Prediction Confidence: 0.96 | Class 0:0.9337 | Class 1:0.9749
Epoch [120/500] | Loss: 0.1477 |  Accuracy: 0.9623 | Prediction Confidence: 0.96 | Class 0:0.9370 | Class 1:0.9741
Epoch [121/500] | Loss: 0.1510 |  Accuracy: 0.9603 | Prediction Confidence: 0.96 | Class 0:0.9386 | Class 1:0.9745
Epoch [122/500] | Loss: 0.1498 |  Accuracy: 0.9616 | Prediction Confidence: 0.96 | Class 0:0.9356 | Class 1:0.9747
Epoch [123/500] | Loss: 0.1472 |  Accuracy: 0.9640 | Prediction Confidence: 0.95 | Class 0:0.9300 | Class 1:0.9746
Epoch [124/500] | Loss: 0.1496 |  Accuracy: 0.9603 | Prediction Confidence: 0.96 | Class 0:0.9362 | Class 1:0.9757
Epoch [125/500] | Loss: 0.1413 |  Accuracy: 0.9647 | Prediction Confidence: 0.96 | Class 0:0.9374 | Class 1:0.9760
Epoch [126/500] | Loss: 0.1477 |  Accuracy: 0.9637 | Prediction Confidence: 0.96 | Class 0:0.9381 | Class 1:0.9734
Epoch [127/500] | Loss: 0.1562 |  Accuracy: 0.9579 | Prediction Confidence: 0.95 | Class 0:0.9239 | Class 1:0.9754
Epoch [128/500] | Loss: 0.1543 |  Accuracy: 0.9599 | Prediction Confidence: 0.95 | Class 0:0.9259 | Class 1:0.9762
Epoch [129/500] | Loss: 0.1444 |  Accuracy: 0.9627 | Prediction Confidence: 0.96 | Class 0:0.9381 | Class 1:0.9767
Epoch [130/500] | Loss: 0.1460 |  Accuracy: 0.9637 | Prediction Confidence: 0.95 | Class 0:0.9283 | Class 1:0.9770
Epoch [131/500] | Loss: 0.1403 |  Accuracy: 0.9658 | Prediction Confidence: 0.96 | Class 0:0.9362 | Class 1:0.9779
Epoch [132/500] | Loss: 0.1677 |  Accuracy: 0.9548 | Prediction Confidence: 0.95 | Class 0:0.9242 | Class 1:0.9727
Epoch [133/500] | Loss: 0.1414 |  Accuracy: 0.9654 | Prediction Confidence: 0.96 | Class 0:0.9355 | Class 1:0.9757
Epoch [134/500] | Loss: 0.1327 |  Accuracy: 0.9678 | Prediction Confidence: 0.96 | Class 0:0.9429 | Class 1:0.9789
Epoch [135/500] | Loss: 0.1642 |  Accuracy: 0.9541 | Prediction Confidence: 0.95 | Class 0:0.9326 | Class 1:0.9719
Epoch [136/500] | Loss: 0.1506 |  Accuracy: 0.9596 | Prediction Confidence: 0.96 | Class 0:0.9369 | Class 1:0.9756
Epoch [137/500] | Loss: 0.1483 |  Accuracy: 0.9606 | Prediction Confidence: 0.96 | Class 0:0.9343 | Class 1:0.9760
Epoch [138/500] | Loss: 0.1387 |  Accuracy: 0.9661 | Prediction Confidence: 0.96 | Class 0:0.9375 | Class 1:0.9762
Epoch [139/500] | Loss: 0.1382 |  Accuracy: 0.9668 | Prediction Confidence: 0.96 | Class 0:0.9433 | Class 1:0.9765
Epoch [140/500] | Loss: 0.1543 |  Accuracy: 0.9613 | Prediction Confidence: 0.95 | Class 0:0.9318 | Class 1:0.9740
Epoch [141/500] | Loss: 0.1429 |  Accuracy: 0.9644 | Prediction Confidence: 0.96 | Class 0:0.9382 | Class 1:0.9758
Epoch [142/500] | Loss: 0.1401 |  Accuracy: 0.9644 | Prediction Confidence: 0.96 | Class 0:0.9429 | Class 1:0.9769
Epoch [143/500] | Loss: 0.1346 |  Accuracy: 0.9688 | Prediction Confidence: 0.96 | Class 0:0.9444 | Class 1:0.9768
Epoch [144/500] | Loss: 0.1529 |  Accuracy: 0.9623 | Prediction Confidence: 0.96 | Class 0:0.9422 | Class 1:0.9741
Epoch [145/500] | Loss: 0.1460 |  Accuracy: 0.9634 | Prediction Confidence: 0.96 | Class 0:0.9368 | Class 1:0.9750
Epoch [146/500] | Loss: 0.1468 |  Accuracy: 0.9627 | Prediction Confidence: 0.96 | Class 0:0.9410 | Class 1:0.9756
Epoch [147/500] | Loss: 0.1453 |  Accuracy: 0.9627 | Prediction Confidence: 0.96 | Class 0:0.9403 | Class 1:0.9757
Epoch [148/500] | Loss: 0.1404 |  Accuracy: 0.9658 | Prediction Confidence: 0.96 | Class 0:0.9356 | Class 1:0.9774
Epoch [149/500] | Loss: 0.1426 |  Accuracy: 0.9640 | Prediction Confidence: 0.96 | Class 0:0.9413 | Class 1:0.9758
Epoch [150/500] | Loss: 0.1456 |  Accuracy: 0.9644 | Prediction Confidence: 0.96 | Class 0:0.9403 | Class 1:0.9749
Epoch [151/500] | Loss: 0.1464 |  Accuracy: 0.9623 | Prediction Confidence: 0.96 | Class 0:0.9412 | Class 1:0.9745
Epoch [152/500] | Loss: 0.1434 |  Accuracy: 0.9634 | Prediction Confidence: 0.96 | Class 0:0.9367 | Class 1:0.9753
Epoch [153/500] | Loss: 0.1328 |  Accuracy: 0.9688 | Prediction Confidence: 0.96 | Class 0:0.9473 | Class 1:0.9774
Epoch [154/500] | Loss: 0.1316 |  Accuracy: 0.9699 | Prediction Confidence: 0.96 | Class 0:0.9472 | Class 1:0.9785
Epoch [155/500] | Loss: 0.1358 |  Accuracy: 0.9661 | Prediction Confidence: 0.96 | Class 0:0.9481 | Class 1:0.9782
Epoch [156/500] | Loss: 0.1369 |  Accuracy: 0.9678 | Prediction Confidence: 0.96 | Class 0:0.9448 | Class 1:0.9762
Epoch [157/500] | Loss: 0.1378 |  Accuracy: 0.9678 | Prediction Confidence: 0.96 | Class 0:0.9451 | Class 1:0.9765
Epoch [158/500] | Loss: 0.1498 |  Accuracy: 0.9620 | Prediction Confidence: 0.96 | Class 0:0.9384 | Class 1:0.9758
Epoch [159/500] | Loss: 0.1466 |  Accuracy: 0.9640 | Prediction Confidence: 0.96 | Class 0:0.9371 | Class 1:0.9736
Epoch [160/500] | Loss: 0.1484 |  Accuracy: 0.9634 | Prediction Confidence: 0.96 | Class 0:0.9419 | Class 1:0.9731
Epoch [161/500] | Loss: 0.1386 |  Accuracy: 0.9644 | Prediction Confidence: 0.96 | Class 0:0.9441 | Class 1:0.9775
Epoch [162/500] | Loss: 0.1288 |  Accuracy: 0.9695 | Prediction Confidence: 0.96 | Class 0:0.9501 | Class 1:0.9778
Epoch [163/500] | Loss: 0.1281 |  Accuracy: 0.9712 | Prediction Confidence: 0.97 | Class 0:0.9507 | Class 1:0.9784
Epoch [164/500] | Loss: 0.1343 |  Accuracy: 0.9671 | Prediction Confidence: 0.96 | Class 0:0.9449 | Class 1:0.9787
Epoch [165/500] | Loss: 0.1413 |  Accuracy: 0.9634 | Prediction Confidence: 0.96 | Class 0:0.9462 | Class 1:0.9752
Epoch [166/500] | Loss: 0.1297 |  Accuracy: 0.9692 | Prediction Confidence: 0.96 | Class 0:0.9494 | Class 1:0.9785
Epoch [167/500] | Loss: 0.1428 |  Accuracy: 0.9637 | Prediction Confidence: 0.96 | Class 0:0.9490 | Class 1:0.9758
Epoch [168/500] | Loss: 0.1369 |  Accuracy: 0.9661 | Prediction Confidence: 0.96 | Class 0:0.9416 | Class 1:0.9766
Epoch [169/500] | Loss: 0.1421 |  Accuracy: 0.9634 | Prediction Confidence: 0.96 | Class 0:0.9426 | Class 1:0.9769
Epoch [170/500] | Loss: 0.1427 |  Accuracy: 0.9637 | Prediction Confidence: 0.96 | Class 0:0.9416 | Class 1:0.9751
Epoch [171/500] | Loss: 0.1306 |  Accuracy: 0.9685 | Prediction Confidence: 0.96 | Class 0:0.9459 | Class 1:0.9776
Epoch [172/500] | Loss: 0.1254 |  Accuracy: 0.9705 | Prediction Confidence: 0.97 | Class 0:0.9518 | Class 1:0.9793
Epoch [173/500] | Loss: 0.1263 |  Accuracy: 0.9699 | Prediction Confidence: 0.97 | Class 0:0.9526 | Class 1:0.9793
Epoch [174/500] | Loss: 0.1329 |  Accuracy: 0.9678 | Prediction Confidence: 0.97 | Class 0:0.9508 | Class 1:0.9781
Epoch [175/500] | Loss: 0.1431 |  Accuracy: 0.9620 | Prediction Confidence: 0.96 | Class 0:0.9438 | Class 1:0.9733
Epoch [176/500] | Loss: 0.1312 |  Accuracy: 0.9695 | Prediction Confidence: 0.96 | Class 0:0.9479 | Class 1:0.9770
Epoch [177/500] | Loss: 0.1218 |  Accuracy: 0.9723 | Prediction Confidence: 0.97 | Class 0:0.9549 | Class 1:0.9801
Epoch [178/500] | Loss: 0.1377 |  Accuracy: 0.9644 | Prediction Confidence: 0.96 | Class 0:0.9413 | Class 1:0.9772
Epoch [179/500] | Loss: 0.1294 |  Accuracy: 0.9678 | Prediction Confidence: 0.96 | Class 0:0.9487 | Class 1:0.9776
Epoch [180/500] | Loss: 0.1203 |  Accuracy: 0.9719 | Prediction Confidence: 0.97 | Class 0:0.9540 | Class 1:0.9796
Epoch [181/500] | Loss: 0.1299 |  Accuracy: 0.9671 | Prediction Confidence: 0.97 | Class 0:0.9507 | Class 1:0.9782
Epoch [182/500] | Loss: 0.1556 |  Accuracy: 0.9599 | Prediction Confidence: 0.95 | Class 0:0.9252 | Class 1:0.9753
Epoch [183/500] | Loss: 0.1312 |  Accuracy: 0.9675 | Prediction Confidence: 0.96 | Class 0:0.9501 | Class 1:0.9762
Epoch [184/500] | Loss: 0.1299 |  Accuracy: 0.9682 | Prediction Confidence: 0.96 | Class 0:0.9509 | Class 1:0.9773
Epoch [185/500] | Loss: 0.1173 |  Accuracy: 0.9740 | Prediction Confidence: 0.97 | Class 0:0.9553 | Class 1:0.9802
Epoch [186/500] | Loss: 0.1399 |  Accuracy: 0.9654 | Prediction Confidence: 0.96 | Class 0:0.9404 | Class 1:0.9773
Epoch [187/500] | Loss: 0.1325 |  Accuracy: 0.9661 | Prediction Confidence: 0.96 | Class 0:0.9501 | Class 1:0.9761
Epoch [188/500] | Loss: 0.1243 |  Accuracy: 0.9699 | Prediction Confidence: 0.97 | Class 0:0.9542 | Class 1:0.9786
Epoch [189/500] | Loss: 0.1232 |  Accuracy: 0.9712 | Prediction Confidence: 0.97 | Class 0:0.9531 | Class 1:0.9785
Epoch [190/500] | Loss: 0.1262 |  Accuracy: 0.9692 | Prediction Confidence: 0.97 | Class 0:0.9521 | Class 1:0.9785
Epoch [191/500] | Loss: 0.1248 |  Accuracy: 0.9705 | Prediction Confidence: 0.97 | Class 0:0.9517 | Class 1:0.9784
Epoch [192/500] | Loss: 0.1253 |  Accuracy: 0.9695 | Prediction Confidence: 0.97 | Class 0:0.9508 | Class 1:0.9796
Epoch [193/500] | Loss: 0.1229 |  Accuracy: 0.9692 | Prediction Confidence: 0.97 | Class 0:0.9541 | Class 1:0.9794
Epoch [194/500] | Loss: 0.1450 |  Accuracy: 0.9610 | Prediction Confidence: 0.96 | Class 0:0.9445 | Class 1:0.9746
Epoch [195/500] | Loss: 0.1369 |  Accuracy: 0.9644 | Prediction Confidence: 0.96 | Class 0:0.9483 | Class 1:0.9748
Epoch [196/500] | Loss: 0.1156 |  Accuracy: 0.9747 | Prediction Confidence: 0.97 | Class 0:0.9553 | Class 1:0.9790
Epoch [197/500] | Loss: 0.1206 |  Accuracy: 0.9705 | Prediction Confidence: 0.97 | Class 0:0.9545 | Class 1:0.9791
Epoch [198/500] | Loss: 0.1506 |  Accuracy: 0.9616 | Prediction Confidence: 0.96 | Class 0:0.9326 | Class 1:0.9752
Epoch [199/500] | Loss: 0.1131 |  Accuracy: 0.9736 | Prediction Confidence: 0.97 | Class 0:0.9586 | Class 1:0.9804
Epoch [200/500] | Loss: 0.1137 |  Accuracy: 0.9729 | Prediction Confidence: 0.97 | Class 0:0.9607 | Class 1:0.9803
Epoch [201/500] | Loss: 0.1383 |  Accuracy: 0.9644 | Prediction Confidence: 0.96 | Class 0:0.9483 | Class 1:0.9765
Epoch [202/500] | Loss: 0.1287 |  Accuracy: 0.9682 | Prediction Confidence: 0.96 | Class 0:0.9457 | Class 1:0.9775
Epoch [203/500] | Loss: 0.1148 |  Accuracy: 0.9740 | Prediction Confidence: 0.97 | Class 0:0.9571 | Class 1:0.9801
Epoch [204/500] | Loss: 0.1134 |  Accuracy: 0.9740 | Prediction Confidence: 0.97 | Class 0:0.9587 | Class 1:0.9805
Epoch [205/500] | Loss: 0.1342 |  Accuracy: 0.9647 | Prediction Confidence: 0.97 | Class 0:0.9575 | Class 1:0.9791
Epoch [206/500] | Loss: 0.1617 |  Accuracy: 0.9568 | Prediction Confidence: 0.95 | Class 0:0.9306 | Class 1:0.9681
Epoch [207/500] | Loss: 0.1220 |  Accuracy: 0.9692 | Prediction Confidence: 0.97 | Class 0:0.9510 | Class 1:0.9785
Epoch [208/500] | Loss: 0.1164 |  Accuracy: 0.9726 | Prediction Confidence: 0.97 | Class 0:0.9553 | Class 1:0.9790
Epoch [209/500] | Loss: 0.1286 |  Accuracy: 0.9678 | Prediction Confidence: 0.97 | Class 0:0.9528 | Class 1:0.9776
Epoch [210/500] | Loss: 0.1242 |  Accuracy: 0.9692 | Prediction Confidence: 0.96 | Class 0:0.9492 | Class 1:0.9776
Epoch [211/500] | Loss: 0.1237 |  Accuracy: 0.9682 | Prediction Confidence: 0.97 | Class 0:0.9534 | Class 1:0.9785
Epoch [212/500] | Loss: 0.1189 |  Accuracy: 0.9716 | Prediction Confidence: 0.97 | Class 0:0.9548 | Class 1:0.9789
Epoch [213/500] | Loss: 0.1182 |  Accuracy: 0.9702 | Prediction Confidence: 0.97 | Class 0:0.9595 | Class 1:0.9785
Epoch [214/500] | Loss: 0.1217 |  Accuracy: 0.9702 | Prediction Confidence: 0.97 | Class 0:0.9547 | Class 1:0.9790
Epoch [215/500] | Loss: 0.1163 |  Accuracy: 0.9733 | Prediction Confidence: 0.97 | Class 0:0.9558 | Class 1:0.9791
Epoch [216/500] | Loss: 0.1283 |  Accuracy: 0.9682 | Prediction Confidence: 0.97 | Class 0:0.9534 | Class 1:0.9782
Epoch [217/500] | Loss: 0.1264 |  Accuracy: 0.9678 | Prediction Confidence: 0.96 | Class 0:0.9513 | Class 1:0.9766
Epoch [218/500] | Loss: 0.1121 |  Accuracy: 0.9726 | Prediction Confidence: 0.97 | Class 0:0.9594 | Class 1:0.9804
Epoch [219/500] | Loss: 0.1447 |  Accuracy: 0.9630 | Prediction Confidence: 0.96 | Class 0:0.9471 | Class 1:0.9722
Epoch [220/500] | Loss: 0.1145 |  Accuracy: 0.9723 | Prediction Confidence: 0.97 | Class 0:0.9595 | Class 1:0.9801
Epoch [221/500] | Loss: 0.1192 |  Accuracy: 0.9699 | Prediction Confidence: 0.97 | Class 0:0.9547 | Class 1:0.9787
Epoch [222/500] | Loss: 0.1175 |  Accuracy: 0.9705 | Prediction Confidence: 0.97 | Class 0:0.9552 | Class 1:0.9792
Epoch [223/500] | Loss: 0.1156 |  Accuracy: 0.9716 | Prediction Confidence: 0.97 | Class 0:0.9583 | Class 1:0.9792
Epoch [224/500] | Loss: 0.1325 |  Accuracy: 0.9664 | Prediction Confidence: 0.96 | Class 0:0.9497 | Class 1:0.9763
Epoch [225/500] | Loss: 0.1277 |  Accuracy: 0.9682 | Prediction Confidence: 0.96 | Class 0:0.9511 | Class 1:0.9775
Epoch [226/500] | Loss: 0.1231 |  Accuracy: 0.9685 | Prediction Confidence: 0.97 | Class 0:0.9551 | Class 1:0.9782
Epoch [227/500] | Loss: 0.1119 |  Accuracy: 0.9719 | Prediction Confidence: 0.97 | Class 0:0.9599 | Class 1:0.9798
Epoch [228/500] | Loss: 0.1082 |  Accuracy: 0.9740 | Prediction Confidence: 0.97 | Class 0:0.9603 | Class 1:0.9805
Epoch [229/500] | Loss: 0.1332 |  Accuracy: 0.9664 | Prediction Confidence: 0.96 | Class 0:0.9497 | Class 1:0.9762
Epoch [230/500] | Loss: 0.1104 |  Accuracy: 0.9729 | Prediction Confidence: 0.97 | Class 0:0.9614 | Class 1:0.9797
Epoch [231/500] | Loss: 0.1397 |  Accuracy: 0.9634 | Prediction Confidence: 0.96 | Class 0:0.9487 | Class 1:0.9758
Epoch [232/500] | Loss: 0.1150 |  Accuracy: 0.9699 | Prediction Confidence: 0.97 | Class 0:0.9592 | Class 1:0.9784
Epoch [233/500] | Loss: 0.1148 |  Accuracy: 0.9712 | Prediction Confidence: 0.97 | Class 0:0.9562 | Class 1:0.9796
Epoch [234/500] | Loss: 0.1203 |  Accuracy: 0.9682 | Prediction Confidence: 0.97 | Class 0:0.9580 | Class 1:0.9776
Epoch [235/500] | Loss: 0.1088 |  Accuracy: 0.9729 | Prediction Confidence: 0.97 | Class 0:0.9617 | Class 1:0.9795
Epoch [236/500] | Loss: 0.1076 |  Accuracy: 0.9736 | Prediction Confidence: 0.97 | Class 0:0.9630 | Class 1:0.9805
Epoch [237/500] | Loss: 0.1244 |  Accuracy: 0.9692 | Prediction Confidence: 0.97 | Class 0:0.9567 | Class 1:0.9780
Epoch [238/500] | Loss: 0.1252 |  Accuracy: 0.9668 | Prediction Confidence: 0.97 | Class 0:0.9556 | Class 1:0.9758
Epoch [239/500] | Loss: 0.1071 |  Accuracy: 0.9743 | Prediction Confidence: 0.97 | Class 0:0.9624 | Class 1:0.9799
Epoch [240/500] | Loss: 0.1037 |  Accuracy: 0.9747 | Prediction Confidence: 0.97 | Class 0:0.9677 | Class 1:0.9809
Epoch [241/500] | Loss: 0.1043 |  Accuracy: 0.9743 | Prediction Confidence: 0.97 | Class 0:0.9670 | Class 1:0.9804
Epoch [242/500] | Loss: 0.1432 |  Accuracy: 0.9613 | Prediction Confidence: 0.96 | Class 0:0.9512 | Class 1:0.9731
Epoch [243/500] | Loss: 0.1035 |  Accuracy: 0.9743 | Prediction Confidence: 0.97 | Class 0:0.9637 | Class 1:0.9805
Epoch [244/500] | Loss: 0.1183 |  Accuracy: 0.9692 | Prediction Confidence: 0.97 | Class 0:0.9597 | Class 1:0.9802
Epoch [245/500] | Loss: 0.1113 |  Accuracy: 0.9705 | Prediction Confidence: 0.97 | Class 0:0.9592 | Class 1:0.9788
Epoch [246/500] | Loss: 0.1080 |  Accuracy: 0.9726 | Prediction Confidence: 0.97 | Class 0:0.9623 | Class 1:0.9798
Epoch [247/500] | Loss: 0.1255 |  Accuracy: 0.9654 | Prediction Confidence: 0.97 | Class 0:0.9575 | Class 1:0.9768
Epoch [248/500] | Loss: 0.1075 |  Accuracy: 0.9723 | Prediction Confidence: 0.97 | Class 0:0.9631 | Class 1:0.9785
Epoch [249/500] | Loss: 0.1106 |  Accuracy: 0.9726 | Prediction Confidence: 0.97 | Class 0:0.9622 | Class 1:0.9807
Epoch [250/500] | Loss: 0.1481 |  Accuracy: 0.9610 | Prediction Confidence: 0.96 | Class 0:0.9417 | Class 1:0.9719
Epoch [251/500] | Loss: 0.1106 |  Accuracy: 0.9719 | Prediction Confidence: 0.97 | Class 0:0.9621 | Class 1:0.9792
Epoch [252/500] | Loss: 0.1059 |  Accuracy: 0.9736 | Prediction Confidence: 0.97 | Class 0:0.9631 | Class 1:0.9803
Epoch [253/500] | Loss: 0.1040 |  Accuracy: 0.9743 | Prediction Confidence: 0.97 | Class 0:0.9617 | Class 1:0.9801
Epoch [254/500] | Loss: 0.1103 |  Accuracy: 0.9719 | Prediction Confidence: 0.97 | Class 0:0.9626 | Class 1:0.9805
Epoch [255/500] | Loss: 0.1281 |  Accuracy: 0.9668 | Prediction Confidence: 0.96 | Class 0:0.9536 | Class 1:0.9750
Epoch [256/500] | Loss: 0.1269 |  Accuracy: 0.9654 | Prediction Confidence: 0.97 | Class 0:0.9544 | Class 1:0.9751
Epoch [257/500] | Loss: 0.1011 |  Accuracy: 0.9747 | Prediction Confidence: 0.97 | Class 0:0.9666 | Class 1:0.9797
Epoch [258/500] | Loss: 0.1160 |  Accuracy: 0.9695 | Prediction Confidence: 0.97 | Class 0:0.9595 | Class 1:0.9795
Epoch [259/500] | Loss: 0.1043 |  Accuracy: 0.9723 | Prediction Confidence: 0.97 | Class 0:0.9653 | Class 1:0.9794
Epoch [260/500] | Loss: 0.1176 |  Accuracy: 0.9682 | Prediction Confidence: 0.97 | Class 0:0.9579 | Class 1:0.9788
Epoch [261/500] | Loss: 0.1264 |  Accuracy: 0.9651 | Prediction Confidence: 0.97 | Class 0:0.9574 | Class 1:0.9768
Epoch [262/500] | Loss: 0.1017 |  Accuracy: 0.9736 | Prediction Confidence: 0.97 | Class 0:0.9632 | Class 1:0.9796
Epoch [263/500] | Loss: 0.0950 |  Accuracy: 0.9764 | Prediction Confidence: 0.98 | Class 0:0.9699 | Class 1:0.9811
Epoch [264/500] | Loss: 0.1013 |  Accuracy: 0.9736 | Prediction Confidence: 0.97 | Class 0:0.9680 | Class 1:0.9809
Epoch [265/500] | Loss: 0.1200 |  Accuracy: 0.9671 | Prediction Confidence: 0.97 | Class 0:0.9578 | Class 1:0.9782
Epoch [266/500] | Loss: 0.1079 |  Accuracy: 0.9695 | Prediction Confidence: 0.97 | Class 0:0.9644 | Class 1:0.9787
Epoch [267/500] | Loss: 0.0953 |  Accuracy: 0.9757 | Prediction Confidence: 0.97 | Class 0:0.9687 | Class 1:0.9806
Epoch [268/500] | Loss: 0.1212 |  Accuracy: 0.9678 | Prediction Confidence: 0.97 | Class 0:0.9597 | Class 1:0.9790
Epoch [269/500] | Loss: 0.1133 |  Accuracy: 0.9661 | Prediction Confidence: 0.97 | Class 0:0.9625 | Class 1:0.9786
Epoch [270/500] | Loss: 0.1168 |  Accuracy: 0.9685 | Prediction Confidence: 0.97 | Class 0:0.9592 | Class 1:0.9782
Epoch [271/500] | Loss: 0.1138 |  Accuracy: 0.9668 | Prediction Confidence: 0.97 | Class 0:0.9605 | Class 1:0.9770
Epoch [272/500] | Loss: 0.1043 |  Accuracy: 0.9716 | Prediction Confidence: 0.97 | Class 0:0.9627 | Class 1:0.9788
Epoch [273/500] | Loss: 0.0965 |  Accuracy: 0.9750 | Prediction Confidence: 0.97 | Class 0:0.9672 | Class 1:0.9803
Epoch [274/500] | Loss: 0.0963 |  Accuracy: 0.9743 | Prediction Confidence: 0.98 | Class 0:0.9732 | Class 1:0.9807
Epoch [275/500] | Loss: 0.1221 |  Accuracy: 0.9668 | Prediction Confidence: 0.97 | Class 0:0.9611 | Class 1:0.9763
Epoch [276/500] | Loss: 0.1021 |  Accuracy: 0.9729 | Prediction Confidence: 0.97 | Class 0:0.9646 | Class 1:0.9785
Epoch [277/500] | Loss: 0.0981 |  Accuracy: 0.9726 | Prediction Confidence: 0.98 | Class 0:0.9697 | Class 1:0.9806
Epoch [278/500] | Loss: 0.1082 |  Accuracy: 0.9692 | Prediction Confidence: 0.97 | Class 0:0.9679 | Class 1:0.9786
Epoch [279/500] | Loss: 0.0940 |  Accuracy: 0.9753 | Prediction Confidence: 0.98 | Class 0:0.9730 | Class 1:0.9798
Epoch [280/500] | Loss: 0.0974 |  Accuracy: 0.9736 | Prediction Confidence: 0.98 | Class 0:0.9717 | Class 1:0.9806
Epoch [281/500] | Loss: 0.1084 |  Accuracy: 0.9699 | Prediction Confidence: 0.97 | Class 0:0.9704 | Class 1:0.9783
Epoch [282/500] | Loss: 0.1469 |  Accuracy: 0.9592 | Prediction Confidence: 0.97 | Class 0:0.9638 | Class 1:0.9679
Epoch [283/500] | Loss: 0.0969 |  Accuracy: 0.9743 | Prediction Confidence: 0.98 | Class 0:0.9736 | Class 1:0.9772
Epoch [284/500] | Loss: 0.1022 |  Accuracy: 0.9716 | Prediction Confidence: 0.98 | Class 0:0.9706 | Class 1:0.9801
Epoch [285/500] | Loss: 0.1067 |  Accuracy: 0.9695 | Prediction Confidence: 0.98 | Class 0:0.9739 | Class 1:0.9760
Epoch [286/500] | Loss: 0.0920 |  Accuracy: 0.9750 | Prediction Confidence: 0.98 | Class 0:0.9776 | Class 1:0.9796
Epoch [287/500] | Loss: 0.0976 |  Accuracy: 0.9736 | Prediction Confidence: 0.98 | Class 0:0.9738 | Class 1:0.9797
Epoch [288/500] | Loss: 0.1231 |  Accuracy: 0.9658 | Prediction Confidence: 0.97 | Class 0:0.9690 | Class 1:0.9727
Epoch [289/500] | Loss: 0.1025 |  Accuracy: 0.9705 | Prediction Confidence: 0.98 | Class 0:0.9764 | Class 1:0.9779
Epoch [290/500] | Loss: 0.0939 |  Accuracy: 0.9740 | Prediction Confidence: 0.98 | Class 0:0.9752 | Class 1:0.9795
Epoch [291/500] | Loss: 0.0913 |  Accuracy: 0.9753 | Prediction Confidence: 0.98 | Class 0:0.9796 | Class 1:0.9794
Epoch [292/500] | Loss: 0.1324 |  Accuracy: 0.9637 | Prediction Confidence: 0.97 | Class 0:0.9657 | Class 1:0.9714
Epoch [293/500] | Loss: 0.0992 |  Accuracy: 0.9719 | Prediction Confidence: 0.98 | Class 0:0.9768 | Class 1:0.9769
Epoch [294/500] | Loss: 0.0963 |  Accuracy: 0.9750 | Prediction Confidence: 0.98 | Class 0:0.9745 | Class 1:0.9786
Epoch [295/500] | Loss: 0.1209 |  Accuracy: 0.9634 | Prediction Confidence: 0.97 | Class 0:0.9705 | Class 1:0.9743
Epoch [296/500] | Loss: 0.0929 |  Accuracy: 0.9750 | Prediction Confidence: 0.98 | Class 0:0.9765 | Class 1:0.9782
Epoch [297/500] | Loss: 0.0895 |  Accuracy: 0.9760 | Prediction Confidence: 0.98 | Class 0:0.9806 | Class 1:0.9794
Epoch [298/500] | Loss: 0.1192 |  Accuracy: 0.9661 | Prediction Confidence: 0.97 | Class 0:0.9750 | Class 1:0.9749
Epoch [299/500] | Loss: 0.0978 |  Accuracy: 0.9729 | Prediction Confidence: 0.98 | Class 0:0.9778 | Class 1:0.9755
Epoch [300/500] | Loss: 0.0908 |  Accuracy: 0.9760 | Prediction Confidence: 0.98 | Class 0:0.9808 | Class 1:0.9777
Epoch [301/500] | Loss: 0.0879 |  Accuracy: 0.9753 | Prediction Confidence: 0.98 | Class 0:0.9854 | Class 1:0.9789
Epoch [302/500] | Loss: 0.0864 |  Accuracy: 0.9767 | Prediction Confidence: 0.98 | Class 0:0.9867 | Class 1:0.9787
Epoch [303/500] | Loss: 0.0868 |  Accuracy: 0.9771 | Prediction Confidence: 0.98 | Class 0:0.9862 | Class 1:0.9785
Epoch [304/500] | Loss: 0.0873 |  Accuracy: 0.9760 | Prediction Confidence: 0.98 | Class 0:0.9889 | Class 1:0.9783
Epoch [305/500] | Loss: 0.1514 |  Accuracy: 0.9562 | Prediction Confidence: 0.97 | Class 0:0.9712 | Class 1:0.9683
Epoch [306/500] | Loss: 0.1126 |  Accuracy: 0.9671 | Prediction Confidence: 0.97 | Class 0:0.9718 | Class 1:0.9749
Epoch [307/500] | Loss: 0.1044 |  Accuracy: 0.9709 | Prediction Confidence: 0.98 | Class 0:0.9753 | Class 1:0.9758
Epoch [308/500] | Loss: 0.0957 |  Accuracy: 0.9736 | Prediction Confidence: 0.98 | Class 0:0.9783 | Class 1:0.9776
Epoch [309/500] | Loss: 0.0864 |  Accuracy: 0.9771 | Prediction Confidence: 0.98 | Class 0:0.9863 | Class 1:0.9783
Epoch [310/500] | Loss: 0.0854 |  Accuracy: 0.9767 | Prediction Confidence: 0.98 | Class 0:0.9876 | Class 1:0.9788
Epoch [311/500] | Loss: 0.0878 |  Accuracy: 0.9764 | Prediction Confidence: 0.98 | Class 0:0.9895 | Class 1:0.9780
Epoch [312/500] | Loss: 0.1162 |  Accuracy: 0.9668 | Prediction Confidence: 0.97 | Class 0:0.9765 | Class 1:0.9733
Epoch [313/500] | Loss: 0.0949 |  Accuracy: 0.9753 | Prediction Confidence: 0.98 | Class 0:0.9839 | Class 1:0.9750
Epoch [314/500] | Loss: 0.0983 |  Accuracy: 0.9733 | Prediction Confidence: 0.98 | Class 0:0.9810 | Class 1:0.9754
Epoch [315/500] | Loss: 0.0865 |  Accuracy: 0.9771 | Prediction Confidence: 0.98 | Class 0:0.9881 | Class 1:0.9779
Epoch [316/500] | Loss: 0.0851 |  Accuracy: 0.9781 | Prediction Confidence: 0.98 | Class 0:0.9889 | Class 1:0.9778
Epoch [317/500] | Loss: 0.0845 |  Accuracy: 0.9791 | Prediction Confidence: 0.98 | Class 0:0.9909 | Class 1:0.9773
Epoch [318/500] | Loss: 0.1603 |  Accuracy: 0.9555 | Prediction Confidence: 0.97 | Class 0:0.9763 | Class 1:0.9567
Epoch [319/500] | Loss: 0.1040 |  Accuracy: 0.9705 | Prediction Confidence: 0.98 | Class 0:0.9813 | Class 1:0.9735
Epoch [320/500] | Loss: 0.0913 |  Accuracy: 0.9753 | Prediction Confidence: 0.98 | Class 0:0.9834 | Class 1:0.9763
Epoch [321/500] | Loss: 0.0850 |  Accuracy: 0.9777 | Prediction Confidence: 0.98 | Class 0:0.9895 | Class 1:0.9773
Epoch [322/500] | Loss: 0.0835 |  Accuracy: 0.9788 | Prediction Confidence: 0.98 | Class 0:0.9918 | Class 1:0.9778
Epoch [323/500] | Loss: 0.0832 |  Accuracy: 0.9795 | Prediction Confidence: 0.98 | Class 0:0.9924 | Class 1:0.9774
Epoch [324/500] | Loss: 0.1260 |  Accuracy: 0.9647 | Prediction Confidence: 0.98 | Class 0:0.9858 | Class 1:0.9727
Epoch [325/500] | Loss: 0.1102 |  Accuracy: 0.9692 | Prediction Confidence: 0.97 | Class 0:0.9773 | Class 1:0.9702
Epoch [326/500] | Loss: 0.0952 |  Accuracy: 0.9733 | Prediction Confidence: 0.98 | Class 0:0.9852 | Class 1:0.9768
Epoch [327/500] | Loss: 0.1140 |  Accuracy: 0.9678 | Prediction Confidence: 0.97 | Class 0:0.9780 | Class 1:0.9718
Epoch [328/500] | Loss: 0.0965 |  Accuracy: 0.9740 | Prediction Confidence: 0.98 | Class 0:0.9844 | Class 1:0.9739
Epoch [329/500] | Loss: 0.0882 |  Accuracy: 0.9777 | Prediction Confidence: 0.98 | Class 0:0.9852 | Class 1:0.9766
Epoch [330/500] | Loss: 0.1000 |  Accuracy: 0.9733 | Prediction Confidence: 0.98 | Class 0:0.9845 | Class 1:0.9764
Epoch [331/500] | Loss: 0.0984 |  Accuracy: 0.9747 | Prediction Confidence: 0.98 | Class 0:0.9826 | Class 1:0.9747
Epoch [332/500] | Loss: 0.0876 |  Accuracy: 0.9788 | Prediction Confidence: 0.98 | Class 0:0.9859 | Class 1:0.9753
Epoch [333/500] | Loss: 0.0968 |  Accuracy: 0.9760 | Prediction Confidence: 0.98 | Class 0:0.9862 | Class 1:0.9751
Epoch [334/500] | Loss: 0.1123 |  Accuracy: 0.9682 | Prediction Confidence: 0.98 | Class 0:0.9814 | Class 1:0.9727
Epoch [335/500] | Loss: 0.0862 |  Accuracy: 0.9777 | Prediction Confidence: 0.98 | Class 0:0.9885 | Class 1:0.9765
Epoch [336/500] | Loss: 0.0958 |  Accuracy: 0.9736 | Prediction Confidence: 0.98 | Class 0:0.9858 | Class 1:0.9752
Epoch [337/500] | Loss: 0.0951 |  Accuracy: 0.9771 | Prediction Confidence: 0.98 | Class 0:0.9848 | Class 1:0.9756
Epoch [338/500] | Loss: 0.0832 |  Accuracy: 0.9805 | Prediction Confidence: 0.98 | Class 0:0.9915 | Class 1:0.9766
Epoch [339/500] | Loss: 0.0869 |  Accuracy: 0.9784 | Prediction Confidence: 0.98 | Class 0:0.9900 | Class 1:0.9771
Epoch [340/500] | Loss: 0.1104 |  Accuracy: 0.9682 | Prediction Confidence: 0.98 | Class 0:0.9842 | Class 1:0.9736
Epoch [341/500] | Loss: 0.0939 |  Accuracy: 0.9764 | Prediction Confidence: 0.98 | Class 0:0.9871 | Class 1:0.9763
Epoch [342/500] | Loss: 0.0826 |  Accuracy: 0.9801 | Prediction Confidence: 0.98 | Class 0:0.9916 | Class 1:0.9772
Epoch [343/500] | Loss: 0.0819 |  Accuracy: 0.9805 | Prediction Confidence: 0.99 | Class 0:0.9936 | Class 1:0.9772
Epoch [344/500] | Loss: 0.0815 |  Accuracy: 0.9812 | Prediction Confidence: 0.99 | Class 0:0.9945 | Class 1:0.9770
Epoch [345/500] | Loss: 0.0812 |  Accuracy: 0.9815 | Prediction Confidence: 0.99 | Class 0:0.9953 | Class 1:0.9770
Epoch [346/500] | Loss: 0.0809 |  Accuracy: 0.9815 | Prediction Confidence: 0.99 | Class 0:0.9957 | Class 1:0.9772
Epoch [347/500] | Loss: 0.0807 |  Accuracy: 0.9815 | Prediction Confidence: 0.99 | Class 0:0.9961 | Class 1:0.9774
Epoch [348/500] | Loss: 0.0806 |  Accuracy: 0.9815 | Prediction Confidence: 0.99 | Class 0:0.9962 | Class 1:0.9775
Epoch [349/500] | Loss: 0.0806 |  Accuracy: 0.9815 | Prediction Confidence: 0.99 | Class 0:0.9962 | Class 1:0.9775
Epoch [350/500] | Loss: 0.1811 |  Accuracy: 0.9479 | Prediction Confidence: 0.96 | Class 0:0.9643 | Class 1:0.9609
Epoch [351/500] | Loss: 0.1005 |  Accuracy: 0.9743 | Prediction Confidence: 0.98 | Class 0:0.9773 | Class 1:0.9727
Epoch [352/500] | Loss: 0.0952 |  Accuracy: 0.9774 | Prediction Confidence: 0.98 | Class 0:0.9847 | Class 1:0.9749
Epoch [353/500] | Loss: 0.0891 |  Accuracy: 0.9784 | Prediction Confidence: 0.98 | Class 0:0.9880 | Class 1:0.9765
Epoch [354/500] | Loss: 0.0960 |  Accuracy: 0.9750 | Prediction Confidence: 0.98 | Class 0:0.9862 | Class 1:0.9751
Epoch [355/500] | Loss: 0.0916 |  Accuracy: 0.9777 | Prediction Confidence: 0.98 | Class 0:0.9875 | Class 1:0.9759
Epoch [356/500] | Loss: 0.0843 |  Accuracy: 0.9798 | Prediction Confidence: 0.98 | Class 0:0.9888 | Class 1:0.9767
Epoch [357/500] | Loss: 0.0808 |  Accuracy: 0.9815 | Prediction Confidence: 0.99 | Class 0:0.9945 | Class 1:0.9771
Epoch [358/500] | Loss: 0.0808 |  Accuracy: 0.9815 | Prediction Confidence: 0.99 | Class 0:0.9954 | Class 1:0.9772
Epoch [359/500] | Loss: 0.0806 |  Accuracy: 0.9815 | Prediction Confidence: 0.99 | Class 0:0.9955 | Class 1:0.9773
Epoch [360/500] | Loss: 0.0803 |  Accuracy: 0.9818 | Prediction Confidence: 0.99 | Class 0:0.9961 | Class 1:0.9772
Epoch [361/500] | Loss: 0.0802 |  Accuracy: 0.9818 | Prediction Confidence: 0.99 | Class 0:0.9964 | Class 1:0.9773
Epoch [362/500] | Loss: 0.0801 |  Accuracy: 0.9818 | Prediction Confidence: 0.99 | Class 0:0.9964 | Class 1:0.9774
Epoch [363/500] | Loss: 0.1390 |  Accuracy: 0.9620 | Prediction Confidence: 0.97 | Class 0:0.9765 | Class 1:0.9686
Epoch [364/500] | Loss: 0.1083 |  Accuracy: 0.9705 | Prediction Confidence: 0.97 | Class 0:0.9742 | Class 1:0.9730
Epoch [365/500] | Loss: 0.0897 |  Accuracy: 0.9781 | Prediction Confidence: 0.98 | Class 0:0.9858 | Class 1:0.9755
Epoch [366/500] | Loss: 0.0923 |  Accuracy: 0.9750 | Prediction Confidence: 0.98 | Class 0:0.9877 | Class 1:0.9754
Epoch [367/500] | Loss: 0.1055 |  Accuracy: 0.9719 | Prediction Confidence: 0.98 | Class 0:0.9884 | Class 1:0.9743
Epoch [368/500] | Loss: 0.0944 |  Accuracy: 0.9753 | Prediction Confidence: 0.98 | Class 0:0.9844 | Class 1:0.9743
Epoch [369/500] | Loss: 0.0870 |  Accuracy: 0.9791 | Prediction Confidence: 0.98 | Class 0:0.9894 | Class 1:0.9751
Epoch [370/500] | Loss: 0.0814 |  Accuracy: 0.9815 | Prediction Confidence: 0.99 | Class 0:0.9941 | Class 1:0.9767
Epoch [371/500] | Loss: 0.0981 |  Accuracy: 0.9753 | Prediction Confidence: 0.98 | Class 0:0.9882 | Class 1:0.9755
Epoch [372/500] | Loss: 0.0829 |  Accuracy: 0.9801 | Prediction Confidence: 0.98 | Class 0:0.9925 | Class 1:0.9766
Epoch [373/500] | Loss: 0.0812 |  Accuracy: 0.9815 | Prediction Confidence: 0.99 | Class 0:0.9948 | Class 1:0.9767
Epoch [374/500] | Loss: 0.1059 |  Accuracy: 0.9726 | Prediction Confidence: 0.98 | Class 0:0.9898 | Class 1:0.9731
Epoch [375/500] | Loss: 0.0844 |  Accuracy: 0.9798 | Prediction Confidence: 0.98 | Class 0:0.9907 | Class 1:0.9758
Epoch [376/500] | Loss: 0.0812 |  Accuracy: 0.9812 | Prediction Confidence: 0.99 | Class 0:0.9941 | Class 1:0.9770
Epoch [377/500] | Loss: 0.1184 |  Accuracy: 0.9675 | Prediction Confidence: 0.98 | Class 0:0.9837 | Class 1:0.9704
Epoch [378/500] | Loss: 0.1119 |  Accuracy: 0.9705 | Prediction Confidence: 0.97 | Class 0:0.9779 | Class 1:0.9708
Epoch [379/500] | Loss: 0.0952 |  Accuracy: 0.9753 | Prediction Confidence: 0.98 | Class 0:0.9863 | Class 1:0.9757
Epoch [380/500] | Loss: 0.0862 |  Accuracy: 0.9781 | Prediction Confidence: 0.98 | Class 0:0.9899 | Class 1:0.9757
Epoch [381/500] | Loss: 0.0860 |  Accuracy: 0.9795 | Prediction Confidence: 0.98 | Class 0:0.9929 | Class 1:0.9765
Epoch [382/500] | Loss: 0.0949 |  Accuracy: 0.9750 | Prediction Confidence: 0.98 | Class 0:0.9857 | Class 1:0.9746
Epoch [383/500] | Loss: 0.1008 |  Accuracy: 0.9729 | Prediction Confidence: 0.98 | Class 0:0.9854 | Class 1:0.9744
Epoch [384/500] | Loss: 0.0908 |  Accuracy: 0.9777 | Prediction Confidence: 0.98 | Class 0:0.9908 | Class 1:0.9756
Epoch [385/500] | Loss: 0.0918 |  Accuracy: 0.9771 | Prediction Confidence: 0.98 | Class 0:0.9902 | Class 1:0.9754
Epoch [386/500] | Loss: 0.1016 |  Accuracy: 0.9729 | Prediction Confidence: 0.98 | Class 0:0.9885 | Class 1:0.9724
Epoch [387/500] | Loss: 0.0815 |  Accuracy: 0.9815 | Prediction Confidence: 0.98 | Class 0:0.9935 | Class 1:0.9764
Epoch [388/500] | Loss: 0.0802 |  Accuracy: 0.9818 | Prediction Confidence: 0.99 | Class 0:0.9953 | Class 1:0.9771
Epoch [389/500] | Loss: 0.0858 |  Accuracy: 0.9791 | Prediction Confidence: 0.98 | Class 0:0.9929 | Class 1:0.9769
Epoch [390/500] | Loss: 0.1029 |  Accuracy: 0.9729 | Prediction Confidence: 0.98 | Class 0:0.9871 | Class 1:0.9757
Epoch [391/500] | Loss: 0.1193 |  Accuracy: 0.9664 | Prediction Confidence: 0.97 | Class 0:0.9781 | Class 1:0.9712
Epoch [392/500] | Loss: 0.0861 |  Accuracy: 0.9795 | Prediction Confidence: 0.98 | Class 0:0.9873 | Class 1:0.9755
Epoch [393/500] | Loss: 0.0901 |  Accuracy: 0.9781 | Prediction Confidence: 0.98 | Class 0:0.9899 | Class 1:0.9753
Epoch [394/500] | Loss: 0.0832 |  Accuracy: 0.9801 | Prediction Confidence: 0.98 | Class 0:0.9923 | Class 1:0.9761
Epoch [395/500] | Loss: 0.0866 |  Accuracy: 0.9791 | Prediction Confidence: 0.98 | Class 0:0.9920 | Class 1:0.9770
Epoch [396/500] | Loss: 0.0879 |  Accuracy: 0.9791 | Prediction Confidence: 0.98 | Class 0:0.9928 | Class 1:0.9755
Epoch [397/500] | Loss: 0.0967 |  Accuracy: 0.9753 | Prediction Confidence: 0.98 | Class 0:0.9890 | Class 1:0.9746
Epoch [398/500] | Loss: 0.0966 |  Accuracy: 0.9774 | Prediction Confidence: 0.98 | Class 0:0.9874 | Class 1:0.9748
Epoch [399/500] | Loss: 0.0914 |  Accuracy: 0.9753 | Prediction Confidence: 0.98 | Class 0:0.9904 | Class 1:0.9751
Epoch [400/500] | Loss: 0.0895 |  Accuracy: 0.9767 | Prediction Confidence: 0.98 | Class 0:0.9916 | Class 1:0.9745
Epoch [401/500] | Loss: 0.1063 |  Accuracy: 0.9716 | Prediction Confidence: 0.98 | Class 0:0.9857 | Class 1:0.9739
Epoch [402/500] | Loss: 0.0883 |  Accuracy: 0.9781 | Prediction Confidence: 0.98 | Class 0:0.9898 | Class 1:0.9755
Epoch [403/500] | Loss: 0.0868 |  Accuracy: 0.9784 | Prediction Confidence: 0.98 | Class 0:0.9926 | Class 1:0.9757
Epoch [404/500] | Loss: 0.0880 |  Accuracy: 0.9788 | Prediction Confidence: 0.98 | Class 0:0.9936 | Class 1:0.9757
Epoch [405/500] | Loss: 0.0807 |  Accuracy: 0.9818 | Prediction Confidence: 0.99 | Class 0:0.9937 | Class 1:0.9773
Epoch [406/500] | Loss: 0.1100 |  Accuracy: 0.9699 | Prediction Confidence: 0.98 | Class 0:0.9890 | Class 1:0.9730
Epoch [407/500] | Loss: 0.0867 |  Accuracy: 0.9791 | Prediction Confidence: 0.98 | Class 0:0.9898 | Class 1:0.9748
Epoch [408/500] | Loss: 0.0855 |  Accuracy: 0.9795 | Prediction Confidence: 0.98 | Class 0:0.9920 | Class 1:0.9764
Epoch [409/500] | Loss: 0.0890 |  Accuracy: 0.9777 | Prediction Confidence: 0.98 | Class 0:0.9912 | Class 1:0.9760
Epoch [410/500] | Loss: 0.1006 |  Accuracy: 0.9743 | Prediction Confidence: 0.98 | Class 0:0.9883 | Class 1:0.9745
Epoch [411/500] | Loss: 0.0854 |  Accuracy: 0.9791 | Prediction Confidence: 0.98 | Class 0:0.9926 | Class 1:0.9763
Epoch [412/500] | Loss: 0.0808 |  Accuracy: 0.9815 | Prediction Confidence: 0.99 | Class 0:0.9946 | Class 1:0.9768
Epoch [413/500] | Loss: 0.0966 |  Accuracy: 0.9753 | Prediction Confidence: 0.98 | Class 0:0.9887 | Class 1:0.9745
Epoch [414/500] | Loss: 0.0853 |  Accuracy: 0.9791 | Prediction Confidence: 0.99 | Class 0:0.9942 | Class 1:0.9775
Epoch [415/500] | Loss: 0.0903 |  Accuracy: 0.9777 | Prediction Confidence: 0.98 | Class 0:0.9885 | Class 1:0.9759
Epoch [416/500] | Loss: 0.1123 |  Accuracy: 0.9661 | Prediction Confidence: 0.98 | Class 0:0.9827 | Class 1:0.9735
Epoch [417/500] | Loss: 0.0857 |  Accuracy: 0.9812 | Prediction Confidence: 0.98 | Class 0:0.9885 | Class 1:0.9755
Epoch [418/500] | Loss: 0.0939 |  Accuracy: 0.9767 | Prediction Confidence: 0.98 | Class 0:0.9889 | Class 1:0.9739
Epoch [419/500] | Loss: 0.0849 |  Accuracy: 0.9795 | Prediction Confidence: 0.98 | Class 0:0.9927 | Class 1:0.9756
Epoch [420/500] | Loss: 0.0918 |  Accuracy: 0.9767 | Prediction Confidence: 0.98 | Class 0:0.9928 | Class 1:0.9753
Epoch [421/500] | Loss: 0.0812 |  Accuracy: 0.9815 | Prediction Confidence: 0.99 | Class 0:0.9950 | Class 1:0.9761
Epoch [422/500] | Loss: 0.0892 |  Accuracy: 0.9784 | Prediction Confidence: 0.98 | Class 0:0.9910 | Class 1:0.9760
Epoch [423/500] | Loss: 0.0985 |  Accuracy: 0.9726 | Prediction Confidence: 0.98 | Class 0:0.9877 | Class 1:0.9731
Epoch [424/500] | Loss: 0.0829 |  Accuracy: 0.9801 | Prediction Confidence: 0.99 | Class 0:0.9947 | Class 1:0.9767
Epoch [425/500] | Loss: 0.0913 |  Accuracy: 0.9753 | Prediction Confidence: 0.98 | Class 0:0.9902 | Class 1:0.9761
Epoch [426/500] | Loss: 0.0865 |  Accuracy: 0.9795 | Prediction Confidence: 0.98 | Class 0:0.9929 | Class 1:0.9770
Epoch [427/500] | Loss: 0.0881 |  Accuracy: 0.9774 | Prediction Confidence: 0.98 | Class 0:0.9915 | Class 1:0.9761
Epoch [428/500] | Loss: 0.0934 |  Accuracy: 0.9760 | Prediction Confidence: 0.98 | Class 0:0.9901 | Class 1:0.9762
Epoch [429/500] | Loss: 0.0991 |  Accuracy: 0.9743 | Prediction Confidence: 0.98 | Class 0:0.9875 | Class 1:0.9743
Epoch [430/500] | Loss: 0.0823 |  Accuracy: 0.9818 | Prediction Confidence: 0.98 | Class 0:0.9909 | Class 1:0.9772
Epoch [431/500] | Loss: 0.0881 |  Accuracy: 0.9777 | Prediction Confidence: 0.98 | Class 0:0.9914 | Class 1:0.9776
Epoch [432/500] | Loss: 0.0789 |  Accuracy: 0.9825 | Prediction Confidence: 0.99 | Class 0:0.9935 | Class 1:0.9776
Epoch [433/500] | Loss: 0.0785 |  Accuracy: 0.9822 | Prediction Confidence: 0.99 | Class 0:0.9952 | Class 1:0.9783
Epoch [434/500] | Loss: 0.0891 |  Accuracy: 0.9795 | Prediction Confidence: 0.99 | Class 0:0.9946 | Class 1:0.9775
Epoch [435/500] | Loss: 0.0992 |  Accuracy: 0.9747 | Prediction Confidence: 0.98 | Class 0:0.9860 | Class 1:0.9743
Epoch [436/500] | Loss: 0.0897 |  Accuracy: 0.9795 | Prediction Confidence: 0.98 | Class 0:0.9889 | Class 1:0.9766
Epoch [437/500] | Loss: 0.0862 |  Accuracy: 0.9801 | Prediction Confidence: 0.98 | Class 0:0.9911 | Class 1:0.9764
Epoch [438/500] | Loss: 0.0955 |  Accuracy: 0.9760 | Prediction Confidence: 0.98 | Class 0:0.9851 | Class 1:0.9760
Epoch [439/500] | Loss: 0.0795 |  Accuracy: 0.9822 | Prediction Confidence: 0.98 | Class 0:0.9921 | Class 1:0.9778
Epoch [440/500] | Loss: 0.0779 |  Accuracy: 0.9829 | Prediction Confidence: 0.99 | Class 0:0.9953 | Class 1:0.9782
Epoch [441/500] | Loss: 0.0900 |  Accuracy: 0.9784 | Prediction Confidence: 0.98 | Class 0:0.9921 | Class 1:0.9775
Epoch [442/500] | Loss: 0.1048 |  Accuracy: 0.9709 | Prediction Confidence: 0.98 | Class 0:0.9833 | Class 1:0.9733
Epoch [443/500] | Loss: 0.0913 |  Accuracy: 0.9767 | Prediction Confidence: 0.98 | Class 0:0.9882 | Class 1:0.9757
Epoch [444/500] | Loss: 0.0995 |  Accuracy: 0.9750 | Prediction Confidence: 0.98 | Class 0:0.9810 | Class 1:0.9740
Epoch [445/500] | Loss: 0.0787 |  Accuracy: 0.9832 | Prediction Confidence: 0.98 | Class 0:0.9912 | Class 1:0.9779
Epoch [446/500] | Loss: 0.0842 |  Accuracy: 0.9805 | Prediction Confidence: 0.98 | Class 0:0.9916 | Class 1:0.9781
Epoch [447/500] | Loss: 0.0923 |  Accuracy: 0.9764 | Prediction Confidence: 0.98 | Class 0:0.9837 | Class 1:0.9763
Epoch [448/500] | Loss: 0.0899 |  Accuracy: 0.9791 | Prediction Confidence: 0.98 | Class 0:0.9855 | Class 1:0.9755
Epoch [449/500] | Loss: 0.0826 |  Accuracy: 0.9818 | Prediction Confidence: 0.98 | Class 0:0.9897 | Class 1:0.9770
Epoch [450/500] | Loss: 0.0809 |  Accuracy: 0.9825 | Prediction Confidence: 0.98 | Class 0:0.9915 | Class 1:0.9771
Epoch [451/500] | Loss: 0.0779 |  Accuracy: 0.9832 | Prediction Confidence: 0.99 | Class 0:0.9937 | Class 1:0.9781
Epoch [452/500] | Loss: 0.0983 |  Accuracy: 0.9747 | Prediction Confidence: 0.98 | Class 0:0.9876 | Class 1:0.9755
Epoch [453/500] | Loss: 0.0933 |  Accuracy: 0.9767 | Prediction Confidence: 0.98 | Class 0:0.9824 | Class 1:0.9773
Epoch [454/500] | Loss: 0.0822 |  Accuracy: 0.9808 | Prediction Confidence: 0.98 | Class 0:0.9903 | Class 1:0.9774
Epoch [455/500] | Loss: 0.0954 |  Accuracy: 0.9771 | Prediction Confidence: 0.98 | Class 0:0.9857 | Class 1:0.9763
Epoch [456/500] | Loss: 0.0782 |  Accuracy: 0.9836 | Prediction Confidence: 0.98 | Class 0:0.9903 | Class 1:0.9779
Epoch [457/500] | Loss: 0.0774 |  Accuracy: 0.9836 | Prediction Confidence: 0.99 | Class 0:0.9919 | Class 1:0.9788
Epoch [458/500] | Loss: 0.0794 |  Accuracy: 0.9832 | Prediction Confidence: 0.98 | Class 0:0.9915 | Class 1:0.9778
Epoch [459/500] | Loss: 0.1090 |  Accuracy: 0.9736 | Prediction Confidence: 0.98 | Class 0:0.9851 | Class 1:0.9742
Epoch [460/500] | Loss: 0.1100 |  Accuracy: 0.9702 | Prediction Confidence: 0.98 | Class 0:0.9769 | Class 1:0.9740
Epoch [461/500] | Loss: 0.0990 |  Accuracy: 0.9743 | Prediction Confidence: 0.98 | Class 0:0.9840 | Class 1:0.9752
Epoch [462/500] | Loss: 0.0892 |  Accuracy: 0.9764 | Prediction Confidence: 0.98 | Class 0:0.9860 | Class 1:0.9781
Epoch [463/500] | Loss: 0.0879 |  Accuracy: 0.9791 | Prediction Confidence: 0.98 | Class 0:0.9850 | Class 1:0.9765
Epoch [464/500] | Loss: 0.0779 |  Accuracy: 0.9832 | Prediction Confidence: 0.98 | Class 0:0.9911 | Class 1:0.9785
Epoch [465/500] | Loss: 0.0771 |  Accuracy: 0.9832 | Prediction Confidence: 0.99 | Class 0:0.9930 | Class 1:0.9792
Epoch [466/500] | Loss: 0.0769 |  Accuracy: 0.9836 | Prediction Confidence: 0.99 | Class 0:0.9933 | Class 1:0.9788
Epoch [467/500] | Loss: 0.0772 |  Accuracy: 0.9836 | Prediction Confidence: 0.99 | Class 0:0.9928 | Class 1:0.9789
Epoch [468/500] | Loss: 0.0768 |  Accuracy: 0.9836 | Prediction Confidence: 0.99 | Class 0:0.9931 | Class 1:0.9792
Epoch [469/500] | Loss: 0.1290 |  Accuracy: 0.9675 | Prediction Confidence: 0.98 | Class 0:0.9871 | Class 1:0.9737
Epoch [470/500] | Loss: 0.1173 |  Accuracy: 0.9671 | Prediction Confidence: 0.96 | Class 0:0.9578 | Class 1:0.9702
Epoch [471/500] | Loss: 0.0925 |  Accuracy: 0.9764 | Prediction Confidence: 0.98 | Class 0:0.9843 | Class 1:0.9765
Epoch [472/500] | Loss: 0.0833 |  Accuracy: 0.9812 | Prediction Confidence: 0.98 | Class 0:0.9872 | Class 1:0.9783
Epoch [473/500] | Loss: 0.0880 |  Accuracy: 0.9791 | Prediction Confidence: 0.98 | Class 0:0.9848 | Class 1:0.9781
Epoch [474/500] | Loss: 0.0790 |  Accuracy: 0.9815 | Prediction Confidence: 0.98 | Class 0:0.9907 | Class 1:0.9791
Epoch [475/500] | Loss: 0.0772 |  Accuracy: 0.9829 | Prediction Confidence: 0.99 | Class 0:0.9933 | Class 1:0.9788
Epoch [476/500] | Loss: 0.0772 |  Accuracy: 0.9825 | Prediction Confidence: 0.99 | Class 0:0.9929 | Class 1:0.9791
Epoch [477/500] | Loss: 0.0861 |  Accuracy: 0.9801 | Prediction Confidence: 0.98 | Class 0:0.9905 | Class 1:0.9777
Epoch [478/500] | Loss: 0.1122 |  Accuracy: 0.9709 | Prediction Confidence: 0.98 | Class 0:0.9811 | Class 1:0.9730
Epoch [479/500] | Loss: 0.0930 |  Accuracy: 0.9781 | Prediction Confidence: 0.98 | Class 0:0.9859 | Class 1:0.9759
Epoch [480/500] | Loss: 0.0791 |  Accuracy: 0.9818 | Prediction Confidence: 0.98 | Class 0:0.9881 | Class 1:0.9789
Epoch [481/500] | Loss: 0.0827 |  Accuracy: 0.9791 | Prediction Confidence: 0.98 | Class 0:0.9902 | Class 1:0.9784
Epoch [482/500] | Loss: 0.1085 |  Accuracy: 0.9692 | Prediction Confidence: 0.98 | Class 0:0.9787 | Class 1:0.9748
Epoch [483/500] | Loss: 0.0956 |  Accuracy: 0.9743 | Prediction Confidence: 0.98 | Class 0:0.9819 | Class 1:0.9762
Epoch [484/500] | Loss: 0.0811 |  Accuracy: 0.9829 | Prediction Confidence: 0.98 | Class 0:0.9871 | Class 1:0.9780
Epoch [485/500] | Loss: 0.0770 |  Accuracy: 0.9832 | Prediction Confidence: 0.98 | Class 0:0.9911 | Class 1:0.9793
Epoch [486/500] | Loss: 0.0878 |  Accuracy: 0.9784 | Prediction Confidence: 0.98 | Class 0:0.9914 | Class 1:0.9780
Epoch [487/500] | Loss: 0.0852 |  Accuracy: 0.9801 | Prediction Confidence: 0.98 | Class 0:0.9876 | Class 1:0.9775
Epoch [488/500] | Loss: 0.1126 |  Accuracy: 0.9719 | Prediction Confidence: 0.98 | Class 0:0.9787 | Class 1:0.9765
Epoch [489/500] | Loss: 0.1027 |  Accuracy: 0.9743 | Prediction Confidence: 0.98 | Class 0:0.9754 | Class 1:0.9774
Epoch [490/500] | Loss: 0.0882 |  Accuracy: 0.9788 | Prediction Confidence: 0.98 | Class 0:0.9836 | Class 1:0.9785
Epoch [491/500] | Loss: 0.0781 |  Accuracy: 0.9836 | Prediction Confidence: 0.98 | Class 0:0.9877 | Class 1:0.9784
Epoch [492/500] | Loss: 0.0763 |  Accuracy: 0.9836 | Prediction Confidence: 0.98 | Class 0:0.9904 | Class 1:0.9784
Epoch [493/500] | Loss: 0.0752 |  Accuracy: 0.9829 | Prediction Confidence: 0.99 | Class 0:0.9936 | Class 1:0.9793
Epoch [494/500] | Loss: 0.0963 |  Accuracy: 0.9777 | Prediction Confidence: 0.98 | Class 0:0.9871 | Class 1:0.9752
Epoch [495/500] | Loss: 0.0868 |  Accuracy: 0.9781 | Prediction Confidence: 0.98 | Class 0:0.9923 | Class 1:0.9773
Epoch [496/500] | Loss: 0.0757 |  Accuracy: 0.9829 | Prediction Confidence: 0.99 | Class 0:0.9921 | Class 1:0.9790
Epoch [497/500] | Loss: 0.1003 |  Accuracy: 0.9743 | Prediction Confidence: 0.98 | Class 0:0.9861 | Class 1:0.9777
Epoch [498/500] | Loss: 0.0825 |  Accuracy: 0.9822 | Prediction Confidence: 0.98 | Class 0:0.9851 | Class 1:0.9772
Epoch [499/500] | Loss: 0.1083 |  Accuracy: 0.9719 | Prediction Confidence: 0.98 | Class 0:0.9863 | Class 1:0.9759
Epoch [500/500] | Loss: 0.0793 |  Accuracy: 0.9829 | Prediction Confidence: 0.98 | Class 0:0.9847 | Class 1:0.9776
Test Accuracy 98.3167296461697 | Confidence ({0: array([0.990631], dtype=float32), 1: array([0.9823884], dtype=float32)}, 0.9865097)
