Config: 
 {
  "model_name": "WaferDataset_model_dnn_loss_ce_lr_0.0005_epochs_200",
  "model_save_path": "/home/ramesh/work/TimeSeriesSaliencyMaps/nte/trained_models/all_bbms/",
  "model": "dnn",
  "loss": "ce",
  "timesteps": 152,
  "num_classes": 2,
  "rnn_config": {
    "ninp": 1,
    "nhid": 20,
    "nlayers": 1,
    "nclasses": 2
  },
  "dnn_config": {
    "layers": [
      10,
      10,
      2
    ]
  },
  "batch_size": 32,
  "num_epochs": 200,
  "learning_rate": 0.0005,
  "data_set": "WaferDataset",
  "dependency_meta": ""
}
Model: 
 Linear(
  (layers): ModuleList(
    (0): Linear(in_features=152, out_features=10, bias=True)
    (1): Linear(in_features=10, out_features=10, bias=True)
    (2): Linear(in_features=10, out_features=2, bias=True)
  )
  (sigmoid_activation): Sigmoid()
  (softmax_activation): Softmax(dim=-1)
)
Epoch [1/200] | Loss: 0.7151 |  Accuracy: 0.4784 | Prediction Confidence: nan | Class 0:0.5635 | Class 1:0.5077
Epoch [2/200] | Loss: 0.7064 |  Accuracy: 0.4699 | Prediction Confidence: nan | Class 0:0.5473 | Class 1:0.5187
Epoch [3/200] | Loss: 0.7050 |  Accuracy: 0.4595 | Prediction Confidence: nan | Class 0:0.5414 | Class 1:0.5246
Epoch [4/200] | Loss: 0.7020 |  Accuracy: 0.4634 | Prediction Confidence: nan | Class 0:0.5379 | Class 1:0.5270
Epoch [5/200] | Loss: 0.6973 |  Accuracy: 0.4817 | Prediction Confidence: nan | Class 0:0.5388 | Class 1:0.5325
Epoch [6/200] | Loss: 0.6913 |  Accuracy: 0.4902 | Prediction Confidence: nan | Class 0:0.5389 | Class 1:0.5379
Epoch [7/200] | Loss: 0.6844 |  Accuracy: 0.5203 | Prediction Confidence: nan | Class 0:0.5410 | Class 1:0.5421
Epoch [8/200] | Loss: 0.6768 |  Accuracy: 0.5693 | Prediction Confidence: nan | Class 0:0.5442 | Class 1:0.5473
Epoch [9/200] | Loss: 0.6688 |  Accuracy: 0.6294 | Prediction Confidence: 0.55 | Class 0:0.5485 | Class 1:0.5599
Epoch [10/200] | Loss: 0.6608 |  Accuracy: 0.6523 | Prediction Confidence: 0.57 | Class 0:0.5570 | Class 1:0.5743
Epoch [11/200] | Loss: 0.6527 |  Accuracy: 0.6673 | Prediction Confidence: 0.58 | Class 0:0.5659 | Class 1:0.5892
Epoch [12/200] | Loss: 0.6447 |  Accuracy: 0.6745 | Prediction Confidence: 0.59 | Class 0:0.5741 | Class 1:0.6059
Epoch [13/200] | Loss: 0.6367 |  Accuracy: 0.6837 | Prediction Confidence: 0.60 | Class 0:0.5817 | Class 1:0.6223
Epoch [14/200] | Loss: 0.6285 |  Accuracy: 0.6876 | Prediction Confidence: 0.61 | Class 0:0.5898 | Class 1:0.6383
Epoch [15/200] | Loss: 0.6200 |  Accuracy: 0.6987 | Prediction Confidence: 0.63 | Class 0:0.5958 | Class 1:0.6547
Epoch [16/200] | Loss: 0.6110 |  Accuracy: 0.7046 | Prediction Confidence: 0.64 | Class 0:0.6022 | Class 1:0.6716
Epoch [17/200] | Loss: 0.6016 |  Accuracy: 0.7065 | Prediction Confidence: 0.65 | Class 0:0.6096 | Class 1:0.6883
Epoch [18/200] | Loss: 0.5917 |  Accuracy: 0.7118 | Prediction Confidence: 0.66 | Class 0:0.6163 | Class 1:0.7051
Epoch [19/200] | Loss: 0.5814 |  Accuracy: 0.7216 | Prediction Confidence: 0.67 | Class 0:0.6211 | Class 1:0.7219
Epoch [20/200] | Loss: 0.5709 |  Accuracy: 0.7314 | Prediction Confidence: 0.68 | Class 0:0.6269 | Class 1:0.7387
Epoch [21/200] | Loss: 0.5603 |  Accuracy: 0.7418 | Prediction Confidence: 0.69 | Class 0:0.6323 | Class 1:0.7555
Epoch [22/200] | Loss: 0.5496 |  Accuracy: 0.7510 | Prediction Confidence: 0.71 | Class 0:0.6379 | Class 1:0.7720
Epoch [23/200] | Loss: 0.5391 |  Accuracy: 0.7654 | Prediction Confidence: 0.71 | Class 0:0.6415 | Class 1:0.7883
Epoch [24/200] | Loss: 0.5287 |  Accuracy: 0.7784 | Prediction Confidence: 0.73 | Class 0:0.6459 | Class 1:0.8040
Epoch [25/200] | Loss: 0.5186 |  Accuracy: 0.7915 | Prediction Confidence: 0.73 | Class 0:0.6505 | Class 1:0.8192
Epoch [26/200] | Loss: 0.5089 |  Accuracy: 0.8020 | Prediction Confidence: 0.74 | Class 0:0.6554 | Class 1:0.8337
Epoch [27/200] | Loss: 0.4997 |  Accuracy: 0.8111 | Prediction Confidence: 0.75 | Class 0:0.6606 | Class 1:0.8474
Epoch [28/200] | Loss: 0.4909 |  Accuracy: 0.8170 | Prediction Confidence: 0.76 | Class 0:0.6663 | Class 1:0.8602
Epoch [29/200] | Loss: 0.4826 |  Accuracy: 0.8190 | Prediction Confidence: 0.77 | Class 0:0.6729 | Class 1:0.8722
Epoch [30/200] | Loss: 0.4749 |  Accuracy: 0.8196 | Prediction Confidence: 0.78 | Class 0:0.6794 | Class 1:0.8833
Epoch [31/200] | Loss: 0.4677 |  Accuracy: 0.8242 | Prediction Confidence: 0.79 | Class 0:0.6842 | Class 1:0.8935
Epoch [32/200] | Loss: 0.4610 |  Accuracy: 0.8248 | Prediction Confidence: 0.80 | Class 0:0.6898 | Class 1:0.9028
Epoch [33/200] | Loss: 0.4549 |  Accuracy: 0.8255 | Prediction Confidence: 0.80 | Class 0:0.6949 | Class 1:0.9112
Epoch [34/200] | Loss: 0.4492 |  Accuracy: 0.8255 | Prediction Confidence: 0.81 | Class 0:0.6997 | Class 1:0.9189
Epoch [35/200] | Loss: 0.4440 |  Accuracy: 0.8255 | Prediction Confidence: 0.81 | Class 0:0.7041 | Class 1:0.9259
Epoch [36/200] | Loss: 0.4392 |  Accuracy: 0.8255 | Prediction Confidence: 0.82 | Class 0:0.7081 | Class 1:0.9322
Epoch [37/200] | Loss: 0.4348 |  Accuracy: 0.8261 | Prediction Confidence: 0.82 | Class 0:0.7117 | Class 1:0.9371
Epoch [38/200] | Loss: 0.4307 |  Accuracy: 0.8268 | Prediction Confidence: 0.83 | Class 0:0.7147 | Class 1:0.9423
Epoch [39/200] | Loss: 0.4269 |  Accuracy: 0.8275 | Prediction Confidence: 0.83 | Class 0:0.7174 | Class 1:0.9469
Epoch [40/200] | Loss: 0.4234 |  Accuracy: 0.8281 | Prediction Confidence: 0.84 | Class 0:0.7199 | Class 1:0.9511
Epoch [41/200] | Loss: 0.4201 |  Accuracy: 0.8281 | Prediction Confidence: 0.84 | Class 0:0.7224 | Class 1:0.9548
Epoch [42/200] | Loss: 0.4170 |  Accuracy: 0.8281 | Prediction Confidence: 0.84 | Class 0:0.7246 | Class 1:0.9582
Epoch [43/200] | Loss: 0.4140 |  Accuracy: 0.8281 | Prediction Confidence: 0.84 | Class 0:0.7267 | Class 1:0.9613
Epoch [44/200] | Loss: 0.4112 |  Accuracy: 0.8281 | Prediction Confidence: 0.85 | Class 0:0.7287 | Class 1:0.9640
Epoch [45/200] | Loss: 0.4085 |  Accuracy: 0.8281 | Prediction Confidence: 0.85 | Class 0:0.7305 | Class 1:0.9665
Epoch [46/200] | Loss: 0.4059 |  Accuracy: 0.8281 | Prediction Confidence: 0.85 | Class 0:0.7322 | Class 1:0.9688
Epoch [47/200] | Loss: 0.4033 |  Accuracy: 0.8281 | Prediction Confidence: 0.85 | Class 0:0.7339 | Class 1:0.9709
Epoch [48/200] | Loss: 0.4008 |  Accuracy: 0.8281 | Prediction Confidence: 0.85 | Class 0:0.7354 | Class 1:0.9727
Epoch [49/200] | Loss: 0.3983 |  Accuracy: 0.8281 | Prediction Confidence: 0.86 | Class 0:0.7370 | Class 1:0.9744
Epoch [50/200] | Loss: 0.3957 |  Accuracy: 0.8281 | Prediction Confidence: 0.86 | Class 0:0.7385 | Class 1:0.9760
Epoch [51/200] | Loss: 0.3931 |  Accuracy: 0.8281 | Prediction Confidence: 0.86 | Class 0:0.7400 | Class 1:0.9773
Epoch [52/200] | Loss: 0.3904 |  Accuracy: 0.8281 | Prediction Confidence: 0.86 | Class 0:0.7415 | Class 1:0.9786
Epoch [53/200] | Loss: 0.3877 |  Accuracy: 0.8281 | Prediction Confidence: 0.86 | Class 0:0.7430 | Class 1:0.9797
Epoch [54/200] | Loss: 0.3848 |  Accuracy: 0.8281 | Prediction Confidence: 0.86 | Class 0:0.7446 | Class 1:0.9808
Epoch [55/200] | Loss: 0.3818 |  Accuracy: 0.8281 | Prediction Confidence: 0.86 | Class 0:0.7462 | Class 1:0.9817
Epoch [56/200] | Loss: 0.3786 |  Accuracy: 0.8281 | Prediction Confidence: 0.87 | Class 0:0.7479 | Class 1:0.9826
Epoch [57/200] | Loss: 0.3753 |  Accuracy: 0.8288 | Prediction Confidence: 0.87 | Class 0:0.7496 | Class 1:0.9824
Epoch [58/200] | Loss: 0.3718 |  Accuracy: 0.8294 | Prediction Confidence: 0.87 | Class 0:0.7511 | Class 1:0.9831
Epoch [59/200] | Loss: 0.3681 |  Accuracy: 0.8301 | Prediction Confidence: 0.87 | Class 0:0.7526 | Class 1:0.9838
Epoch [60/200] | Loss: 0.3641 |  Accuracy: 0.8307 | Prediction Confidence: 0.87 | Class 0:0.7544 | Class 1:0.9830
Epoch [61/200] | Loss: 0.3598 |  Accuracy: 0.8314 | Prediction Confidence: 0.87 | Class 0:0.7562 | Class 1:0.9828
Epoch [62/200] | Loss: 0.3552 |  Accuracy: 0.8333 | Prediction Confidence: 0.87 | Class 0:0.7580 | Class 1:0.9808
Epoch [63/200] | Loss: 0.3501 |  Accuracy: 0.8333 | Prediction Confidence: 0.87 | Class 0:0.7598 | Class 1:0.9814
Epoch [64/200] | Loss: 0.3445 |  Accuracy: 0.8346 | Prediction Confidence: 0.87 | Class 0:0.7615 | Class 1:0.9803
Epoch [65/200] | Loss: 0.3385 |  Accuracy: 0.8379 | Prediction Confidence: 0.87 | Class 0:0.7633 | Class 1:0.9767
Epoch [66/200] | Loss: 0.3320 |  Accuracy: 0.8399 | Prediction Confidence: 0.87 | Class 0:0.7653 | Class 1:0.9743
Epoch [67/200] | Loss: 0.3252 |  Accuracy: 0.8412 | Prediction Confidence: 0.87 | Class 0:0.7674 | Class 1:0.9740
Epoch [68/200] | Loss: 0.3180 |  Accuracy: 0.8418 | Prediction Confidence: 0.87 | Class 0:0.7697 | Class 1:0.9746
Epoch [69/200] | Loss: 0.3105 |  Accuracy: 0.8431 | Prediction Confidence: 0.87 | Class 0:0.7724 | Class 1:0.9749
Epoch [70/200] | Loss: 0.3026 |  Accuracy: 0.8451 | Prediction Confidence: 0.87 | Class 0:0.7755 | Class 1:0.9744
Epoch [71/200] | Loss: 0.2945 |  Accuracy: 0.8464 | Prediction Confidence: 0.88 | Class 0:0.7789 | Class 1:0.9749
Epoch [72/200] | Loss: 0.2860 |  Accuracy: 0.8464 | Prediction Confidence: 0.88 | Class 0:0.7827 | Class 1:0.9767
Epoch [73/200] | Loss: 0.2771 |  Accuracy: 0.8490 | Prediction Confidence: 0.88 | Class 0:0.7869 | Class 1:0.9754
Epoch [74/200] | Loss: 0.2680 |  Accuracy: 0.8549 | Prediction Confidence: 0.88 | Class 0:0.7914 | Class 1:0.9707
Epoch [75/200] | Loss: 0.2587 |  Accuracy: 0.8641 | Prediction Confidence: 0.88 | Class 0:0.7964 | Class 1:0.9623
Epoch [76/200] | Loss: 0.2491 |  Accuracy: 0.8797 | Prediction Confidence: 0.88 | Class 0:0.8017 | Class 1:0.9492
Epoch [77/200] | Loss: 0.2395 |  Accuracy: 0.9072 | Prediction Confidence: 0.86 | Class 0:0.8076 | Class 1:0.9224
Epoch [78/200] | Loss: 0.2297 |  Accuracy: 0.9203 | Prediction Confidence: 0.86 | Class 0:0.8136 | Class 1:0.9136
Epoch [79/200] | Loss: 0.2198 |  Accuracy: 0.9392 | Prediction Confidence: 0.86 | Class 0:0.8198 | Class 1:0.8995
Epoch [80/200] | Loss: 0.2100 |  Accuracy: 0.9595 | Prediction Confidence: 0.86 | Class 0:0.8262 | Class 1:0.8846
Epoch [81/200] | Loss: 0.2002 |  Accuracy: 0.9732 | Prediction Confidence: 0.86 | Class 0:0.8329 | Class 1:0.8794
Epoch [82/200] | Loss: 0.1904 |  Accuracy: 0.9817 | Prediction Confidence: 0.86 | Class 0:0.8396 | Class 1:0.8792
Epoch [83/200] | Loss: 0.1808 |  Accuracy: 0.9850 | Prediction Confidence: 0.86 | Class 0:0.8464 | Class 1:0.8832
Epoch [84/200] | Loss: 0.1713 |  Accuracy: 0.9869 | Prediction Confidence: 0.87 | Class 0:0.8533 | Class 1:0.8887
Epoch [85/200] | Loss: 0.1621 |  Accuracy: 0.9869 | Prediction Confidence: 0.88 | Class 0:0.8602 | Class 1:0.8954
Epoch [86/200] | Loss: 0.1532 |  Accuracy: 0.9869 | Prediction Confidence: 0.88 | Class 0:0.8675 | Class 1:0.9015
Epoch [87/200] | Loss: 0.1445 |  Accuracy: 0.9869 | Prediction Confidence: 0.89 | Class 0:0.8742 | Class 1:0.9079
Epoch [88/200] | Loss: 0.1363 |  Accuracy: 0.9876 | Prediction Confidence: 0.90 | Class 0:0.8808 | Class 1:0.9136
Epoch [89/200] | Loss: 0.1283 |  Accuracy: 0.9882 | Prediction Confidence: 0.90 | Class 0:0.8872 | Class 1:0.9191
Epoch [90/200] | Loss: 0.1208 |  Accuracy: 0.9882 | Prediction Confidence: 0.91 | Class 0:0.8935 | Class 1:0.9247
Epoch [91/200] | Loss: 0.1137 |  Accuracy: 0.9882 | Prediction Confidence: 0.91 | Class 0:0.8995 | Class 1:0.9301
Epoch [92/200] | Loss: 0.1070 |  Accuracy: 0.9895 | Prediction Confidence: 0.92 | Class 0:0.9053 | Class 1:0.9341
Epoch [93/200] | Loss: 0.1007 |  Accuracy: 0.9902 | Prediction Confidence: 0.92 | Class 0:0.9108 | Class 1:0.9383
Epoch [94/200] | Loss: 0.0947 |  Accuracy: 0.9908 | Prediction Confidence: 0.93 | Class 0:0.9161 | Class 1:0.9424
Epoch [95/200] | Loss: 0.0891 |  Accuracy: 0.9908 | Prediction Confidence: 0.93 | Class 0:0.9211 | Class 1:0.9468
Epoch [96/200] | Loss: 0.0838 |  Accuracy: 0.9908 | Prediction Confidence: 0.94 | Class 0:0.9259 | Class 1:0.9509
Epoch [97/200] | Loss: 0.0787 |  Accuracy: 0.9908 | Prediction Confidence: 0.94 | Class 0:0.9304 | Class 1:0.9548
Epoch [98/200] | Loss: 0.0740 |  Accuracy: 0.9908 | Prediction Confidence: 0.95 | Class 0:0.9347 | Class 1:0.9584
Epoch [99/200] | Loss: 0.0695 |  Accuracy: 0.9908 | Prediction Confidence: 0.95 | Class 0:0.9387 | Class 1:0.9618
Epoch [100/200] | Loss: 0.0652 |  Accuracy: 0.9915 | Prediction Confidence: 0.95 | Class 0:0.9419 | Class 1:0.9649
Epoch [101/200] | Loss: 0.0610 |  Accuracy: 0.9915 | Prediction Confidence: 0.96 | Class 0:0.9454 | Class 1:0.9678
Epoch [102/200] | Loss: 0.0571 |  Accuracy: 0.9922 | Prediction Confidence: 0.96 | Class 0:0.9488 | Class 1:0.9698
Epoch [103/200] | Loss: 0.0534 |  Accuracy: 0.9935 | Prediction Confidence: 0.96 | Class 0:0.9520 | Class 1:0.9711
Epoch [104/200] | Loss: 0.0500 |  Accuracy: 0.9941 | Prediction Confidence: 0.96 | Class 0:0.9551 | Class 1:0.9729
Epoch [105/200] | Loss: 0.0469 |  Accuracy: 0.9941 | Prediction Confidence: 0.97 | Class 0:0.9581 | Class 1:0.9753
Epoch [106/200] | Loss: 0.0442 |  Accuracy: 0.9941 | Prediction Confidence: 0.97 | Class 0:0.9609 | Class 1:0.9774
Epoch [107/200] | Loss: 0.0417 |  Accuracy: 0.9941 | Prediction Confidence: 0.97 | Class 0:0.9634 | Class 1:0.9793
Epoch [108/200] | Loss: 0.0394 |  Accuracy: 0.9941 | Prediction Confidence: 0.97 | Class 0:0.9657 | Class 1:0.9810
Epoch [109/200] | Loss: 0.0373 |  Accuracy: 0.9941 | Prediction Confidence: 0.98 | Class 0:0.9678 | Class 1:0.9826
Epoch [110/200] | Loss: 0.0353 |  Accuracy: 0.9941 | Prediction Confidence: 0.98 | Class 0:0.9697 | Class 1:0.9840
Epoch [111/200] | Loss: 0.0335 |  Accuracy: 0.9948 | Prediction Confidence: 0.98 | Class 0:0.9714 | Class 1:0.9847
Epoch [112/200] | Loss: 0.0318 |  Accuracy: 0.9948 | Prediction Confidence: 0.98 | Class 0:0.9730 | Class 1:0.9859
Epoch [113/200] | Loss: 0.0302 |  Accuracy: 0.9948 | Prediction Confidence: 0.98 | Class 0:0.9744 | Class 1:0.9869
Epoch [114/200] | Loss: 0.0286 |  Accuracy: 0.9961 | Prediction Confidence: 0.98 | Class 0:0.9757 | Class 1:0.9866
Epoch [115/200] | Loss: 0.0272 |  Accuracy: 0.9974 | Prediction Confidence: 0.98 | Class 0:0.9763 | Class 1:0.9869
Epoch [116/200] | Loss: 0.0258 |  Accuracy: 0.9974 | Prediction Confidence: 0.98 | Class 0:0.9774 | Class 1:0.9878
Epoch [117/200] | Loss: 0.0245 |  Accuracy: 0.9974 | Prediction Confidence: 0.98 | Class 0:0.9785 | Class 1:0.9886
Epoch [118/200] | Loss: 0.0233 |  Accuracy: 0.9974 | Prediction Confidence: 0.98 | Class 0:0.9795 | Class 1:0.9894
Epoch [119/200] | Loss: 0.0221 |  Accuracy: 0.9974 | Prediction Confidence: 0.99 | Class 0:0.9804 | Class 1:0.9901
Epoch [120/200] | Loss: 0.0210 |  Accuracy: 0.9974 | Prediction Confidence: 0.99 | Class 0:0.9813 | Class 1:0.9907
Epoch [121/200] | Loss: 0.0199 |  Accuracy: 0.9974 | Prediction Confidence: 0.99 | Class 0:0.9821 | Class 1:0.9912
Epoch [122/200] | Loss: 0.0189 |  Accuracy: 0.9974 | Prediction Confidence: 0.99 | Class 0:0.9828 | Class 1:0.9917
Epoch [123/200] | Loss: 0.0179 |  Accuracy: 0.9980 | Prediction Confidence: 0.99 | Class 0:0.9836 | Class 1:0.9915
Epoch [124/200] | Loss: 0.0170 |  Accuracy: 0.9980 | Prediction Confidence: 0.99 | Class 0:0.9843 | Class 1:0.9921
Epoch [125/200] | Loss: 0.0162 |  Accuracy: 0.9980 | Prediction Confidence: 0.99 | Class 0:0.9850 | Class 1:0.9925
Epoch [126/200] | Loss: 0.0154 |  Accuracy: 0.9980 | Prediction Confidence: 0.99 | Class 0:0.9856 | Class 1:0.9930
Epoch [127/200] | Loss: 0.0146 |  Accuracy: 0.9980 | Prediction Confidence: 0.99 | Class 0:0.9863 | Class 1:0.9933
Epoch [128/200] | Loss: 0.0139 |  Accuracy: 0.9980 | Prediction Confidence: 0.99 | Class 0:0.9869 | Class 1:0.9937
Epoch [129/200] | Loss: 0.0132 |  Accuracy: 0.9980 | Prediction Confidence: 0.99 | Class 0:0.9875 | Class 1:0.9940
Epoch [130/200] | Loss: 0.0126 |  Accuracy: 0.9980 | Prediction Confidence: 0.99 | Class 0:0.9881 | Class 1:0.9943
Epoch [131/200] | Loss: 0.0120 |  Accuracy: 0.9980 | Prediction Confidence: 0.99 | Class 0:0.9886 | Class 1:0.9946
Epoch [132/200] | Loss: 0.0115 |  Accuracy: 0.9987 | Prediction Confidence: 0.99 | Class 0:0.9892 | Class 1:0.9942
Epoch [133/200] | Loss: 0.0110 |  Accuracy: 0.9987 | Prediction Confidence: 0.99 | Class 0:0.9897 | Class 1:0.9945
Epoch [134/200] | Loss: 0.0105 |  Accuracy: 0.9993 | Prediction Confidence: 0.99 | Class 0:0.9901 | Class 1:0.9942
Epoch [135/200] | Loss: 0.0101 |  Accuracy: 0.9993 | Prediction Confidence: 0.99 | Class 0:0.9906 | Class 1:0.9945
Epoch [136/200] | Loss: 0.0097 |  Accuracy: 0.9993 | Prediction Confidence: 0.99 | Class 0:0.9910 | Class 1:0.9948
Epoch [137/200] | Loss: 0.0093 |  Accuracy: 0.9993 | Prediction Confidence: 0.99 | Class 0:0.9915 | Class 1:0.9950
Epoch [138/200] | Loss: 0.0090 |  Accuracy: 0.9993 | Prediction Confidence: 0.99 | Class 0:0.9918 | Class 1:0.9953
Epoch [139/200] | Loss: 0.0087 |  Accuracy: 0.9993 | Prediction Confidence: 0.99 | Class 0:0.9922 | Class 1:0.9955
Epoch [140/200] | Loss: 0.0084 |  Accuracy: 0.9993 | Prediction Confidence: 0.99 | Class 0:0.9925 | Class 1:0.9957
Epoch [141/200] | Loss: 0.0081 |  Accuracy: 0.9993 | Prediction Confidence: 0.99 | Class 0:0.9929 | Class 1:0.9959
Epoch [142/200] | Loss: 0.0078 |  Accuracy: 0.9993 | Prediction Confidence: 0.99 | Class 0:0.9932 | Class 1:0.9961
Epoch [143/200] | Loss: 0.0076 |  Accuracy: 0.9993 | Prediction Confidence: 0.99 | Class 0:0.9934 | Class 1:0.9963
Epoch [144/200] | Loss: 0.0074 |  Accuracy: 0.9993 | Prediction Confidence: 1.00 | Class 0:0.9937 | Class 1:0.9965
Epoch [145/200] | Loss: 0.0071 |  Accuracy: 0.9993 | Prediction Confidence: 1.00 | Class 0:0.9939 | Class 1:0.9967
Epoch [146/200] | Loss: 0.0069 |  Accuracy: 0.9993 | Prediction Confidence: 1.00 | Class 0:0.9942 | Class 1:0.9968
Epoch [147/200] | Loss: 0.0067 |  Accuracy: 0.9993 | Prediction Confidence: 1.00 | Class 0:0.9944 | Class 1:0.9970
Epoch [148/200] | Loss: 0.0066 |  Accuracy: 0.9993 | Prediction Confidence: 1.00 | Class 0:0.9946 | Class 1:0.9971
Epoch [149/200] | Loss: 0.0064 |  Accuracy: 0.9993 | Prediction Confidence: 1.00 | Class 0:0.9948 | Class 1:0.9973
Epoch [150/200] | Loss: 0.0062 |  Accuracy: 0.9993 | Prediction Confidence: 1.00 | Class 0:0.9950 | Class 1:0.9974
Epoch [151/200] | Loss: 0.0061 |  Accuracy: 0.9993 | Prediction Confidence: 1.00 | Class 0:0.9951 | Class 1:0.9975
Epoch [152/200] | Loss: 0.0059 |  Accuracy: 0.9993 | Prediction Confidence: 1.00 | Class 0:0.9953 | Class 1:0.9976
Epoch [153/200] | Loss: 0.0058 |  Accuracy: 0.9993 | Prediction Confidence: 1.00 | Class 0:0.9955 | Class 1:0.9977
Epoch [154/200] | Loss: 0.0056 |  Accuracy: 0.9993 | Prediction Confidence: 1.00 | Class 0:0.9956 | Class 1:0.9978
Epoch [155/200] | Loss: 0.0055 |  Accuracy: 0.9993 | Prediction Confidence: 1.00 | Class 0:0.9957 | Class 1:0.9979
Epoch [156/200] | Loss: 0.0054 |  Accuracy: 0.9993 | Prediction Confidence: 1.00 | Class 0:0.9959 | Class 1:0.9980
Epoch [157/200] | Loss: 0.0053 |  Accuracy: 0.9993 | Prediction Confidence: 1.00 | Class 0:0.9960 | Class 1:0.9981
Epoch [158/200] | Loss: 0.0051 |  Accuracy: 0.9993 | Prediction Confidence: 1.00 | Class 0:0.9961 | Class 1:0.9982
Epoch [159/200] | Loss: 0.0050 |  Accuracy: 0.9993 | Prediction Confidence: 1.00 | Class 0:0.9962 | Class 1:0.9983
Epoch [160/200] | Loss: 0.0049 |  Accuracy: 0.9993 | Prediction Confidence: 1.00 | Class 0:0.9963 | Class 1:0.9983
Epoch [161/200] | Loss: 0.0048 |  Accuracy: 0.9993 | Prediction Confidence: 1.00 | Class 0:0.9964 | Class 1:0.9984
Epoch [162/200] | Loss: 0.0047 |  Accuracy: 0.9993 | Prediction Confidence: 1.00 | Class 0:0.9965 | Class 1:0.9985
Epoch [163/200] | Loss: 0.0046 |  Accuracy: 0.9993 | Prediction Confidence: 1.00 | Class 0:0.9966 | Class 1:0.9985
Epoch [164/200] | Loss: 0.0045 |  Accuracy: 0.9993 | Prediction Confidence: 1.00 | Class 0:0.9967 | Class 1:0.9986
Epoch [165/200] | Loss: 0.0044 |  Accuracy: 0.9993 | Prediction Confidence: 1.00 | Class 0:0.9967 | Class 1:0.9986
Epoch [166/200] | Loss: 0.0043 |  Accuracy: 0.9993 | Prediction Confidence: 1.00 | Class 0:0.9968 | Class 1:0.9987
Epoch [167/200] | Loss: 0.0043 |  Accuracy: 0.9993 | Prediction Confidence: 1.00 | Class 0:0.9969 | Class 1:0.9987
Epoch [168/200] | Loss: 0.0042 |  Accuracy: 0.9993 | Prediction Confidence: 1.00 | Class 0:0.9970 | Class 1:0.9988
Epoch [169/200] | Loss: 0.0041 |  Accuracy: 0.9993 | Prediction Confidence: 1.00 | Class 0:0.9970 | Class 1:0.9988
Epoch [170/200] | Loss: 0.0040 |  Accuracy: 0.9993 | Prediction Confidence: 1.00 | Class 0:0.9971 | Class 1:0.9989
Epoch [171/200] | Loss: 0.0039 |  Accuracy: 0.9993 | Prediction Confidence: 1.00 | Class 0:0.9971 | Class 1:0.9989
Epoch [172/200] | Loss: 0.0038 |  Accuracy: 0.9993 | Prediction Confidence: 1.00 | Class 0:0.9972 | Class 1:0.9989
Epoch [173/200] | Loss: 0.0038 |  Accuracy: 0.9993 | Prediction Confidence: 1.00 | Class 0:0.9972 | Class 1:0.9990
Epoch [174/200] | Loss: 0.0037 |  Accuracy: 0.9993 | Prediction Confidence: 1.00 | Class 0:0.9973 | Class 1:0.9990
Epoch [175/200] | Loss: 0.0036 |  Accuracy: 0.9993 | Prediction Confidence: 1.00 | Class 0:0.9973 | Class 1:0.9991
Epoch [176/200] | Loss: 0.0035 |  Accuracy: 0.9993 | Prediction Confidence: 1.00 | Class 0:0.9974 | Class 1:0.9991
Epoch [177/200] | Loss: 0.0035 |  Accuracy: 0.9993 | Prediction Confidence: 1.00 | Class 0:0.9974 | Class 1:0.9991
Epoch [178/200] | Loss: 0.0034 |  Accuracy: 0.9993 | Prediction Confidence: 1.00 | Class 0:0.9975 | Class 1:0.9991
Epoch [179/200] | Loss: 0.0033 |  Accuracy: 0.9993 | Prediction Confidence: 1.00 | Class 0:0.9975 | Class 1:0.9992
Epoch [180/200] | Loss: 0.0033 |  Accuracy: 0.9993 | Prediction Confidence: 1.00 | Class 0:0.9976 | Class 1:0.9992
Epoch [181/200] | Loss: 0.0032 |  Accuracy: 0.9993 | Prediction Confidence: 1.00 | Class 0:0.9976 | Class 1:0.9992
Epoch [182/200] | Loss: 0.0031 |  Accuracy: 0.9993 | Prediction Confidence: 1.00 | Class 0:0.9976 | Class 1:0.9992
Epoch [183/200] | Loss: 0.0030 |  Accuracy: 0.9993 | Prediction Confidence: 1.00 | Class 0:0.9977 | Class 1:0.9993
Epoch [184/200] | Loss: 0.0030 |  Accuracy: 0.9993 | Prediction Confidence: 1.00 | Class 0:0.9977 | Class 1:0.9993
Epoch [185/200] | Loss: 0.0029 |  Accuracy: 0.9993 | Prediction Confidence: 1.00 | Class 0:0.9978 | Class 1:0.9993
Epoch [186/200] | Loss: 0.0028 |  Accuracy: 0.9993 | Prediction Confidence: 1.00 | Class 0:0.9978 | Class 1:0.9993
Epoch [187/200] | Loss: 0.0028 |  Accuracy: 0.9993 | Prediction Confidence: 1.00 | Class 0:0.9978 | Class 1:0.9994
Epoch [188/200] | Loss: 0.0027 |  Accuracy: 0.9993 | Prediction Confidence: 1.00 | Class 0:0.9979 | Class 1:0.9994
Epoch [189/200] | Loss: 0.0026 |  Accuracy: 0.9993 | Prediction Confidence: 1.00 | Class 0:0.9979 | Class 1:0.9994
Epoch [190/200] | Loss: 0.0026 |  Accuracy: 0.9993 | Prediction Confidence: 1.00 | Class 0:0.9979 | Class 1:0.9994
Epoch [191/200] | Loss: 0.0025 |  Accuracy: 0.9993 | Prediction Confidence: 1.00 | Class 0:0.9980 | Class 1:0.9994
Epoch [192/200] | Loss: 0.0025 |  Accuracy: 0.9993 | Prediction Confidence: 1.00 | Class 0:0.9980 | Class 1:0.9994
Epoch [193/200] | Loss: 0.0024 |  Accuracy: 0.9993 | Prediction Confidence: 1.00 | Class 0:0.9980 | Class 1:0.9995
Epoch [194/200] | Loss: 0.0023 |  Accuracy: 0.9993 | Prediction Confidence: 1.00 | Class 0:0.9981 | Class 1:0.9995
Epoch [195/200] | Loss: 0.0023 |  Accuracy: 0.9993 | Prediction Confidence: 1.00 | Class 0:0.9981 | Class 1:0.9995
Epoch [196/200] | Loss: 0.0022 |  Accuracy: 0.9993 | Prediction Confidence: 1.00 | Class 0:0.9981 | Class 1:0.9995
Epoch [197/200] | Loss: 0.0022 |  Accuracy: 0.9993 | Prediction Confidence: 1.00 | Class 0:0.9982 | Class 1:0.9995
Epoch [198/200] | Loss: 0.0021 |  Accuracy: 0.9993 | Prediction Confidence: 1.00 | Class 0:0.9982 | Class 1:0.9995
Epoch [199/200] | Loss: 0.0020 |  Accuracy: 0.9993 | Prediction Confidence: 1.00 | Class 0:0.9982 | Class 1:0.9995
Epoch [200/200] | Loss: 0.0020 |  Accuracy: 0.9993 | Prediction Confidence: 1.00 | Class 0:0.9983 | Class 1:0.9996
Test Accuracy 100.0 | Confidence ({0: array([0.9991078], dtype=float32), 1: array([0.99978703], dtype=float32)}, 0.9994474)
