Config: 
 {
  "model_name": "WaferDataset_model_rnn_loss_ce_lr_0.0005_epochs_200",
  "model_save_path": "/home/ramesh/work/TimeSeriesSaliencyMaps/nte/trained_models/all_bbms/",
  "model": "rnn",
  "loss": "ce",
  "timesteps": 152,
  "num_classes": 2,
  "rnn_config": {
    "ninp": 1,
    "nhid": 20,
    "nlayers": 1,
    "nclasses": 2
  },
  "dnn_config": {
    "layers": [
      10,
      10,
      2
    ]
  },
  "batch_size": 32,
  "num_epochs": 200,
  "learning_rate": 0.0005,
  "data_set": "WaferDataset",
  "dependency_meta": ""
}
Model: 
 RNN(
  (rnn_cell): GRU(1, 20, batch_first=True)
  (fc1): Linear(in_features=20, out_features=2, bias=True)
)
Epoch [1/200] | Loss: 0.7245 |  Accuracy: 0.4124 | Prediction Confidence: nan | Class 0:0.5560 | Class 1:0.5040
Epoch [2/200] | Loss: 0.7082 |  Accuracy: 0.4379 | Prediction Confidence: nan | Class 0:0.5344 | Class 1:0.5069
Epoch [3/200] | Loss: 0.7067 |  Accuracy: 0.4196 | Prediction Confidence: nan | Class 0:0.5245 | Class 1:0.5089
Epoch [4/200] | Loss: 0.7056 |  Accuracy: 0.4111 | Prediction Confidence: nan | Class 0:0.5194 | Class 1:0.5094
Epoch [5/200] | Loss: 0.7048 |  Accuracy: 0.4046 | Prediction Confidence: nan | Class 0:0.5159 | Class 1:0.5099
Epoch [6/200] | Loss: 0.7041 |  Accuracy: 0.3987 | Prediction Confidence: nan | Class 0:0.5136 | Class 1:0.5098
Epoch [7/200] | Loss: 0.7035 |  Accuracy: 0.3993 | Prediction Confidence: nan | Class 0:0.5118 | Class 1:0.5099
Epoch [8/200] | Loss: 0.7029 |  Accuracy: 0.3928 | Prediction Confidence: nan | Class 0:0.5102 | Class 1:0.5100
Epoch [9/200] | Loss: 0.7024 |  Accuracy: 0.3908 | Prediction Confidence: nan | Class 0:0.5088 | Class 1:0.5099
Epoch [10/200] | Loss: 0.7020 |  Accuracy: 0.3922 | Prediction Confidence: nan | Class 0:0.5084 | Class 1:0.5095
Epoch [11/200] | Loss: 0.7015 |  Accuracy: 0.3935 | Prediction Confidence: nan | Class 0:0.5074 | Class 1:0.5093
Epoch [12/200] | Loss: 0.7011 |  Accuracy: 0.3915 | Prediction Confidence: nan | Class 0:0.5067 | Class 1:0.5091
Epoch [13/200] | Loss: 0.7008 |  Accuracy: 0.3876 | Prediction Confidence: nan | Class 0:0.5061 | Class 1:0.5089
Epoch [14/200] | Loss: 0.7004 |  Accuracy: 0.3889 | Prediction Confidence: nan | Class 0:0.5057 | Class 1:0.5086
Epoch [15/200] | Loss: 0.7001 |  Accuracy: 0.3941 | Prediction Confidence: nan | Class 0:0.5051 | Class 1:0.5084
Epoch [16/200] | Loss: 0.6998 |  Accuracy: 0.3967 | Prediction Confidence: nan | Class 0:0.5045 | Class 1:0.5081
Epoch [17/200] | Loss: 0.6995 |  Accuracy: 0.3935 | Prediction Confidence: nan | Class 0:0.5043 | Class 1:0.5079
Epoch [18/200] | Loss: 0.6993 |  Accuracy: 0.3902 | Prediction Confidence: nan | Class 0:0.5040 | Class 1:0.5079
Epoch [19/200] | Loss: 0.6990 |  Accuracy: 0.3889 | Prediction Confidence: nan | Class 0:0.5038 | Class 1:0.5077
Epoch [20/200] | Loss: 0.6988 |  Accuracy: 0.3863 | Prediction Confidence: nan | Class 0:0.5037 | Class 1:0.5076
Epoch [21/200] | Loss: 0.6986 |  Accuracy: 0.3843 | Prediction Confidence: nan | Class 0:0.5037 | Class 1:0.5074
Epoch [22/200] | Loss: 0.6984 |  Accuracy: 0.3869 | Prediction Confidence: nan | Class 0:0.5033 | Class 1:0.5073
Epoch [23/200] | Loss: 0.6983 |  Accuracy: 0.3876 | Prediction Confidence: nan | Class 0:0.5030 | Class 1:0.5073
Epoch [24/200] | Loss: 0.6981 |  Accuracy: 0.3882 | Prediction Confidence: nan | Class 0:0.5028 | Class 1:0.5072
Epoch [25/200] | Loss: 0.6980 |  Accuracy: 0.3889 | Prediction Confidence: nan | Class 0:0.5026 | Class 1:0.5073
Epoch [26/200] | Loss: 0.6982 |  Accuracy: 0.3876 | Prediction Confidence: nan | Class 0:0.5026 | Class 1:0.5070
Epoch [27/200] | Loss: 0.6978 |  Accuracy: 0.3889 | Prediction Confidence: nan | Class 0:0.5024 | Class 1:0.5068
Epoch [28/200] | Loss: 0.6976 |  Accuracy: 0.3889 | Prediction Confidence: nan | Class 0:0.5022 | Class 1:0.5069
Epoch [29/200] | Loss: 0.6975 |  Accuracy: 0.3882 | Prediction Confidence: nan | Class 0:0.5021 | Class 1:0.5069
Epoch [30/200] | Loss: 0.6975 |  Accuracy: 0.3882 | Prediction Confidence: nan | Class 0:0.5022 | Class 1:0.5068
Epoch [31/200] | Loss: 0.6974 |  Accuracy: 0.3876 | Prediction Confidence: nan | Class 0:0.5021 | Class 1:0.5067
Epoch [32/200] | Loss: 0.6975 |  Accuracy: 0.3895 | Prediction Confidence: nan | Class 0:0.5020 | Class 1:0.5067
Epoch [33/200] | Loss: 0.6974 |  Accuracy: 0.3889 | Prediction Confidence: nan | Class 0:0.5019 | Class 1:0.5066
Epoch [34/200] | Loss: 0.6973 |  Accuracy: 0.3902 | Prediction Confidence: nan | Class 0:0.5019 | Class 1:0.5066
Epoch [35/200] | Loss: 0.6972 |  Accuracy: 0.3895 | Prediction Confidence: nan | Class 0:0.5019 | Class 1:0.5065
Epoch [36/200] | Loss: 0.6972 |  Accuracy: 0.3895 | Prediction Confidence: nan | Class 0:0.5019 | Class 1:0.5064
Epoch [37/200] | Loss: 0.6972 |  Accuracy: 0.3902 | Prediction Confidence: nan | Class 0:0.5020 | Class 1:0.5064
Epoch [38/200] | Loss: 0.6972 |  Accuracy: 0.3941 | Prediction Confidence: nan | Class 0:0.5021 | Class 1:0.5063
Epoch [39/200] | Loss: 0.6973 |  Accuracy: 0.3974 | Prediction Confidence: nan | Class 0:0.5024 | Class 1:0.5064
Epoch [40/200] | Loss: 0.6973 |  Accuracy: 0.3948 | Prediction Confidence: nan | Class 0:0.5021 | Class 1:0.5063
Epoch [41/200] | Loss: 0.6972 |  Accuracy: 0.3876 | Prediction Confidence: nan | Class 0:0.5016 | Class 1:0.5061
Epoch [42/200] | Loss: 0.6971 |  Accuracy: 0.3895 | Prediction Confidence: nan | Class 0:0.5017 | Class 1:0.5061
Epoch [43/200] | Loss: 0.6971 |  Accuracy: 0.3895 | Prediction Confidence: nan | Class 0:0.5019 | Class 1:0.5059
Epoch [44/200] | Loss: 0.6971 |  Accuracy: 0.3876 | Prediction Confidence: nan | Class 0:0.5019 | Class 1:0.5059
Epoch [45/200] | Loss: 0.6971 |  Accuracy: 0.3922 | Prediction Confidence: nan | Class 0:0.5019 | Class 1:0.5058
Epoch [46/200] | Loss: 0.6970 |  Accuracy: 0.3928 | Prediction Confidence: nan | Class 0:0.5020 | Class 1:0.5056
Epoch [47/200] | Loss: 0.6970 |  Accuracy: 0.3922 | Prediction Confidence: nan | Class 0:0.5022 | Class 1:0.5057
Epoch [48/200] | Loss: 0.6971 |  Accuracy: 0.3935 | Prediction Confidence: nan | Class 0:0.5023 | Class 1:0.5057
Epoch [49/200] | Loss: 0.6971 |  Accuracy: 0.3902 | Prediction Confidence: nan | Class 0:0.5024 | Class 1:0.5055
Epoch [50/200] | Loss: 0.6970 |  Accuracy: 0.3876 | Prediction Confidence: nan | Class 0:0.5022 | Class 1:0.5055
Epoch [51/200] | Loss: 0.6970 |  Accuracy: 0.3882 | Prediction Confidence: nan | Class 0:0.5024 | Class 1:0.5057
Epoch [52/200] | Loss: 0.6971 |  Accuracy: 0.3876 | Prediction Confidence: nan | Class 0:0.5023 | Class 1:0.5056
Epoch [53/200] | Loss: 0.6972 |  Accuracy: 0.3856 | Prediction Confidence: nan | Class 0:0.5026 | Class 1:0.5053
Epoch [54/200] | Loss: 0.6970 |  Accuracy: 0.3856 | Prediction Confidence: nan | Class 0:0.5026 | Class 1:0.5053
Epoch [55/200] | Loss: 0.6969 |  Accuracy: 0.3895 | Prediction Confidence: nan | Class 0:0.5027 | Class 1:0.5054
Epoch [56/200] | Loss: 0.6971 |  Accuracy: 0.3882 | Prediction Confidence: nan | Class 0:0.5028 | Class 1:0.5055
Epoch [57/200] | Loss: 0.6972 |  Accuracy: 0.3882 | Prediction Confidence: nan | Class 0:0.5028 | Class 1:0.5053
Epoch [58/200] | Loss: 0.6971 |  Accuracy: 0.3961 | Prediction Confidence: nan | Class 0:0.5028 | Class 1:0.5053
Epoch [59/200] | Loss: 0.6970 |  Accuracy: 0.3948 | Prediction Confidence: nan | Class 0:0.5025 | Class 1:0.5053
Epoch [60/200] | Loss: 0.6969 |  Accuracy: 0.3902 | Prediction Confidence: nan | Class 0:0.5024 | Class 1:0.5054
Epoch [61/200] | Loss: 0.6972 |  Accuracy: 0.3882 | Prediction Confidence: nan | Class 0:0.5026 | Class 1:0.5054
Epoch [62/200] | Loss: 0.6971 |  Accuracy: 0.3915 | Prediction Confidence: nan | Class 0:0.5028 | Class 1:0.5053
Epoch [63/200] | Loss: 0.6969 |  Accuracy: 0.3922 | Prediction Confidence: nan | Class 0:0.5029 | Class 1:0.5056
Epoch [64/200] | Loss: 0.6975 |  Accuracy: 0.3895 | Prediction Confidence: nan | Class 0:0.5029 | Class 1:0.5054
Epoch [65/200] | Loss: 0.6971 |  Accuracy: 0.3889 | Prediction Confidence: nan | Class 0:0.5029 | Class 1:0.5052
Epoch [66/200] | Loss: 0.6970 |  Accuracy: 0.3935 | Prediction Confidence: nan | Class 0:0.5032 | Class 1:0.5052
Epoch [67/200] | Loss: 0.6970 |  Accuracy: 0.3935 | Prediction Confidence: nan | Class 0:0.5035 | Class 1:0.5055
Epoch [68/200] | Loss: 0.6970 |  Accuracy: 0.3915 | Prediction Confidence: nan | Class 0:0.5031 | Class 1:0.5055
Epoch [69/200] | Loss: 0.6971 |  Accuracy: 0.3967 | Prediction Confidence: nan | Class 0:0.5033 | Class 1:0.5054
Epoch [70/200] | Loss: 0.6972 |  Accuracy: 0.4020 | Prediction Confidence: nan | Class 0:0.5037 | Class 1:0.5053
Epoch [71/200] | Loss: 0.6969 |  Accuracy: 0.4065 | Prediction Confidence: nan | Class 0:0.5040 | Class 1:0.5057
Epoch [72/200] | Loss: 0.6964 |  Accuracy: 0.4203 | Prediction Confidence: nan | Class 0:0.5044 | Class 1:0.5066
Epoch [73/200] | Loss: 0.6946 |  Accuracy: 0.4353 | Prediction Confidence: nan | Class 0:0.5059 | Class 1:0.5104
Epoch [74/200] | Loss: 0.6924 |  Accuracy: 0.4699 | Prediction Confidence: nan | Class 0:0.5109 | Class 1:0.5238
Epoch [75/200] | Loss: 0.7056 |  Accuracy: 0.5170 | Prediction Confidence: nan | Class 0:0.5139 | Class 1:0.5185
Epoch [76/200] | Loss: 0.6528 |  Accuracy: 0.5980 | Prediction Confidence: nan | Class 0:0.5112 | Class 1:0.5640
Epoch [77/200] | Loss: 0.6936 |  Accuracy: 0.6830 | Prediction Confidence: nan | Class 0:0.5227 | Class 1:0.5326
Epoch [78/200] | Loss: 0.6190 |  Accuracy: 0.7359 | Prediction Confidence: nan | Class 0:0.5251 | Class 1:0.5847
Epoch [79/200] | Loss: 0.6161 |  Accuracy: 0.7314 | Prediction Confidence: 0.60 | Class 0:0.5341 | Class 1:0.6607
Epoch [80/200] | Loss: 0.5540 |  Accuracy: 0.8078 | Prediction Confidence: 0.64 | Class 0:0.5664 | Class 1:0.7073
Epoch [81/200] | Loss: 0.4844 |  Accuracy: 0.8621 | Prediction Confidence: 0.67 | Class 0:0.6122 | Class 1:0.7178
Epoch [82/200] | Loss: 0.4457 |  Accuracy: 0.8464 | Prediction Confidence: nan | Class 0:0.6462 | Class 1:0.7825
Epoch [83/200] | Loss: 0.4147 |  Accuracy: 0.8556 | Prediction Confidence: nan | Class 0:0.6873 | Class 1:0.8048
Epoch [84/200] | Loss: 0.3681 |  Accuracy: 0.8719 | Prediction Confidence: nan | Class 0:0.7298 | Class 1:0.8304
Epoch [85/200] | Loss: 0.3304 |  Accuracy: 0.8850 | Prediction Confidence: 0.81 | Class 0:0.7607 | Class 1:0.8497
Epoch [86/200] | Loss: 0.2973 |  Accuracy: 0.9046 | Prediction Confidence: 0.82 | Class 0:0.7852 | Class 1:0.8636
Epoch [87/200] | Loss: 0.2713 |  Accuracy: 0.9098 | Prediction Confidence: 0.85 | Class 0:0.8135 | Class 1:0.8800
Epoch [88/200] | Loss: 0.2522 |  Accuracy: 0.9163 | Prediction Confidence: 0.86 | Class 0:0.8363 | Class 1:0.8915
Epoch [89/200] | Loss: 0.2374 |  Accuracy: 0.9183 | Prediction Confidence: 0.88 | Class 0:0.8548 | Class 1:0.9014
Epoch [90/200] | Loss: 0.2284 |  Accuracy: 0.9216 | Prediction Confidence: 0.89 | Class 0:0.8685 | Class 1:0.9079
Epoch [91/200] | Loss: 0.2308 |  Accuracy: 0.9183 | Prediction Confidence: 0.90 | Class 0:0.8799 | Class 1:0.9114
Epoch [92/200] | Loss: 0.2647 |  Accuracy: 0.9020 | Prediction Confidence: 0.90 | Class 0:0.8897 | Class 1:0.9064
Epoch [93/200] | Loss: 0.2353 |  Accuracy: 0.9190 | Prediction Confidence: 0.90 | Class 0:0.8864 | Class 1:0.9133
Epoch [94/200] | Loss: 0.2212 |  Accuracy: 0.9255 | Prediction Confidence: 0.90 | Class 0:0.8898 | Class 1:0.9158
Epoch [95/200] | Loss: 0.2035 |  Accuracy: 0.9353 | Prediction Confidence: 0.91 | Class 0:0.8928 | Class 1:0.9210
Epoch [96/200] | Loss: 0.2005 |  Accuracy: 0.9346 | Prediction Confidence: 0.91 | Class 0:0.9040 | Class 1:0.9240
Epoch [97/200] | Loss: 0.1880 |  Accuracy: 0.9379 | Prediction Confidence: 0.92 | Class 0:0.9142 | Class 1:0.9299
Epoch [98/200] | Loss: 0.1726 |  Accuracy: 0.9438 | Prediction Confidence: 0.93 | Class 0:0.9231 | Class 1:0.9335
Epoch [99/200] | Loss: 0.1589 |  Accuracy: 0.9490 | Prediction Confidence: 0.93 | Class 0:0.9309 | Class 1:0.9378
Epoch [100/200] | Loss: 0.1458 |  Accuracy: 0.9503 | Prediction Confidence: 0.94 | Class 0:0.9424 | Class 1:0.9437
Epoch [101/200] | Loss: 0.1359 |  Accuracy: 0.9497 | Prediction Confidence: 0.95 | Class 0:0.9517 | Class 1:0.9504
Epoch [102/200] | Loss: 0.1306 |  Accuracy: 0.9529 | Prediction Confidence: 0.95 | Class 0:0.9566 | Class 1:0.9519
Epoch [103/200] | Loss: 0.1172 |  Accuracy: 0.9582 | Prediction Confidence: 0.96 | Class 0:0.9620 | Class 1:0.9539
Epoch [104/200] | Loss: 0.1089 |  Accuracy: 0.9601 | Prediction Confidence: 0.96 | Class 0:0.9627 | Class 1:0.9586
Epoch [105/200] | Loss: 0.1013 |  Accuracy: 0.9608 | Prediction Confidence: 0.96 | Class 0:0.9652 | Class 1:0.9620
Epoch [106/200] | Loss: 0.0943 |  Accuracy: 0.9634 | Prediction Confidence: 0.97 | Class 0:0.9671 | Class 1:0.9639
Epoch [107/200] | Loss: 0.0881 |  Accuracy: 0.9680 | Prediction Confidence: 0.97 | Class 0:0.9679 | Class 1:0.9650
Epoch [108/200] | Loss: 0.0829 |  Accuracy: 0.9693 | Prediction Confidence: 0.97 | Class 0:0.9703 | Class 1:0.9670
Epoch [109/200] | Loss: 0.0785 |  Accuracy: 0.9699 | Prediction Confidence: 0.97 | Class 0:0.9718 | Class 1:0.9698
Epoch [110/200] | Loss: 0.0748 |  Accuracy: 0.9719 | Prediction Confidence: 0.97 | Class 0:0.9736 | Class 1:0.9704
Epoch [111/200] | Loss: 0.0716 |  Accuracy: 0.9719 | Prediction Confidence: 0.97 | Class 0:0.9750 | Class 1:0.9725
Epoch [112/200] | Loss: 0.0687 |  Accuracy: 0.9725 | Prediction Confidence: 0.98 | Class 0:0.9756 | Class 1:0.9744
Epoch [113/200] | Loss: 0.0662 |  Accuracy: 0.9725 | Prediction Confidence: 0.98 | Class 0:0.9766 | Class 1:0.9762
Epoch [114/200] | Loss: 0.0641 |  Accuracy: 0.9739 | Prediction Confidence: 0.98 | Class 0:0.9762 | Class 1:0.9778
Epoch [115/200] | Loss: 0.0622 |  Accuracy: 0.9745 | Prediction Confidence: 0.98 | Class 0:0.9770 | Class 1:0.9786
Epoch [116/200] | Loss: 0.0606 |  Accuracy: 0.9752 | Prediction Confidence: 0.98 | Class 0:0.9777 | Class 1:0.9792
Epoch [117/200] | Loss: 0.0593 |  Accuracy: 0.9758 | Prediction Confidence: 0.98 | Class 0:0.9777 | Class 1:0.9804
Epoch [118/200] | Loss: 0.0582 |  Accuracy: 0.9765 | Prediction Confidence: 0.98 | Class 0:0.9781 | Class 1:0.9807
Epoch [119/200] | Loss: 0.0573 |  Accuracy: 0.9771 | Prediction Confidence: 0.98 | Class 0:0.9785 | Class 1:0.9810
Epoch [120/200] | Loss: 0.0566 |  Accuracy: 0.9765 | Prediction Confidence: 0.98 | Class 0:0.9787 | Class 1:0.9825
Epoch [121/200] | Loss: 0.0559 |  Accuracy: 0.9771 | Prediction Confidence: 0.98 | Class 0:0.9784 | Class 1:0.9832
Epoch [122/200] | Loss: 0.0552 |  Accuracy: 0.9778 | Prediction Confidence: 0.98 | Class 0:0.9785 | Class 1:0.9833
Epoch [123/200] | Loss: 0.0545 |  Accuracy: 0.9778 | Prediction Confidence: 0.98 | Class 0:0.9787 | Class 1:0.9839
Epoch [124/200] | Loss: 0.0537 |  Accuracy: 0.9778 | Prediction Confidence: 0.98 | Class 0:0.9794 | Class 1:0.9839
Epoch [125/200] | Loss: 0.0528 |  Accuracy: 0.9778 | Prediction Confidence: 0.98 | Class 0:0.9796 | Class 1:0.9845
Epoch [126/200] | Loss: 0.0519 |  Accuracy: 0.9778 | Prediction Confidence: 0.98 | Class 0:0.9798 | Class 1:0.9851
Epoch [127/200] | Loss: 0.0508 |  Accuracy: 0.9791 | Prediction Confidence: 0.98 | Class 0:0.9800 | Class 1:0.9844
Epoch [128/200] | Loss: 0.0497 |  Accuracy: 0.9810 | Prediction Confidence: 0.98 | Class 0:0.9778 | Class 1:0.9861
Epoch [129/200] | Loss: 0.0486 |  Accuracy: 0.9824 | Prediction Confidence: 0.98 | Class 0:0.9781 | Class 1:0.9854
Epoch [130/200] | Loss: 0.0474 |  Accuracy: 0.9837 | Prediction Confidence: 0.98 | Class 0:0.9778 | Class 1:0.9854
Epoch [131/200] | Loss: 0.0462 |  Accuracy: 0.9837 | Prediction Confidence: 0.98 | Class 0:0.9782 | Class 1:0.9861
Epoch [132/200] | Loss: 0.0450 |  Accuracy: 0.9837 | Prediction Confidence: 0.98 | Class 0:0.9786 | Class 1:0.9868
Epoch [133/200] | Loss: 0.0438 |  Accuracy: 0.9837 | Prediction Confidence: 0.98 | Class 0:0.9790 | Class 1:0.9874
Epoch [134/200] | Loss: 0.0426 |  Accuracy: 0.9843 | Prediction Confidence: 0.98 | Class 0:0.9794 | Class 1:0.9874
Epoch [135/200] | Loss: 0.0414 |  Accuracy: 0.9850 | Prediction Confidence: 0.98 | Class 0:0.9798 | Class 1:0.9870
Epoch [136/200] | Loss: 0.0403 |  Accuracy: 0.9843 | Prediction Confidence: 0.98 | Class 0:0.9807 | Class 1:0.9876
Epoch [137/200] | Loss: 0.0391 |  Accuracy: 0.9843 | Prediction Confidence: 0.98 | Class 0:0.9811 | Class 1:0.9882
Epoch [138/200] | Loss: 0.0380 |  Accuracy: 0.9843 | Prediction Confidence: 0.99 | Class 0:0.9815 | Class 1:0.9888
Epoch [139/200] | Loss: 0.0370 |  Accuracy: 0.9850 | Prediction Confidence: 0.99 | Class 0:0.9819 | Class 1:0.9888
Epoch [140/200] | Loss: 0.0359 |  Accuracy: 0.9856 | Prediction Confidence: 0.99 | Class 0:0.9823 | Class 1:0.9887
Epoch [141/200] | Loss: 0.0348 |  Accuracy: 0.9856 | Prediction Confidence: 0.99 | Class 0:0.9826 | Class 1:0.9893
Epoch [142/200] | Loss: 0.0338 |  Accuracy: 0.9863 | Prediction Confidence: 0.99 | Class 0:0.9819 | Class 1:0.9905
Epoch [143/200] | Loss: 0.0328 |  Accuracy: 0.9863 | Prediction Confidence: 0.99 | Class 0:0.9823 | Class 1:0.9911
Epoch [144/200] | Loss: 0.0318 |  Accuracy: 0.9863 | Prediction Confidence: 0.99 | Class 0:0.9827 | Class 1:0.9916
Epoch [145/200] | Loss: 0.0308 |  Accuracy: 0.9863 | Prediction Confidence: 0.99 | Class 0:0.9831 | Class 1:0.9921
Epoch [146/200] | Loss: 0.0299 |  Accuracy: 0.9876 | Prediction Confidence: 0.99 | Class 0:0.9829 | Class 1:0.9918
Epoch [147/200] | Loss: 0.0290 |  Accuracy: 0.9882 | Prediction Confidence: 0.99 | Class 0:0.9827 | Class 1:0.9923
Epoch [148/200] | Loss: 0.0281 |  Accuracy: 0.9889 | Prediction Confidence: 0.99 | Class 0:0.9825 | Class 1:0.9927
Epoch [149/200] | Loss: 0.0273 |  Accuracy: 0.9889 | Prediction Confidence: 0.99 | Class 0:0.9829 | Class 1:0.9931
Epoch [150/200] | Loss: 0.0265 |  Accuracy: 0.9902 | Prediction Confidence: 0.99 | Class 0:0.9834 | Class 1:0.9920
Epoch [151/200] | Loss: 0.0258 |  Accuracy: 0.9908 | Prediction Confidence: 0.99 | Class 0:0.9832 | Class 1:0.9924
Epoch [152/200] | Loss: 0.0251 |  Accuracy: 0.9922 | Prediction Confidence: 0.99 | Class 0:0.9830 | Class 1:0.9921
Epoch [153/200] | Loss: 0.0244 |  Accuracy: 0.9928 | Prediction Confidence: 0.99 | Class 0:0.9834 | Class 1:0.9920
Epoch [154/200] | Loss: 0.0238 |  Accuracy: 0.9928 | Prediction Confidence: 0.99 | Class 0:0.9838 | Class 1:0.9924
Epoch [155/200] | Loss: 0.0232 |  Accuracy: 0.9928 | Prediction Confidence: 0.99 | Class 0:0.9842 | Class 1:0.9927
Epoch [156/200] | Loss: 0.0226 |  Accuracy: 0.9928 | Prediction Confidence: 0.99 | Class 0:0.9845 | Class 1:0.9930
Epoch [157/200] | Loss: 0.0220 |  Accuracy: 0.9935 | Prediction Confidence: 0.99 | Class 0:0.9849 | Class 1:0.9929
Epoch [158/200] | Loss: 0.0215 |  Accuracy: 0.9935 | Prediction Confidence: 0.99 | Class 0:0.9852 | Class 1:0.9932
Epoch [159/200] | Loss: 0.0210 |  Accuracy: 0.9941 | Prediction Confidence: 0.99 | Class 0:0.9849 | Class 1:0.9934
Epoch [160/200] | Loss: 0.0205 |  Accuracy: 0.9948 | Prediction Confidence: 0.99 | Class 0:0.9853 | Class 1:0.9930
Epoch [161/200] | Loss: 0.0200 |  Accuracy: 0.9961 | Prediction Confidence: 0.99 | Class 0:0.9857 | Class 1:0.9917
Epoch [162/200] | Loss: 0.0196 |  Accuracy: 0.9961 | Prediction Confidence: 0.99 | Class 0:0.9860 | Class 1:0.9919
Epoch [163/200] | Loss: 0.0192 |  Accuracy: 0.9961 | Prediction Confidence: 0.99 | Class 0:0.9864 | Class 1:0.9921
Epoch [164/200] | Loss: 0.0190 |  Accuracy: 0.9954 | Prediction Confidence: 0.99 | Class 0:0.9873 | Class 1:0.9922
Epoch [165/200] | Loss: 0.0190 |  Accuracy: 0.9954 | Prediction Confidence: 0.99 | Class 0:0.9875 | Class 1:0.9923
Epoch [166/200] | Loss: 0.0191 |  Accuracy: 0.9961 | Prediction Confidence: 0.99 | Class 0:0.9876 | Class 1:0.9916
Epoch [167/200] | Loss: 0.0194 |  Accuracy: 0.9954 | Prediction Confidence: 0.99 | Class 0:0.9875 | Class 1:0.9922
Epoch [168/200] | Loss: 0.0199 |  Accuracy: 0.9941 | Prediction Confidence: 0.99 | Class 0:0.9879 | Class 1:0.9928
Epoch [169/200] | Loss: 0.0205 |  Accuracy: 0.9941 | Prediction Confidence: 0.99 | Class 0:0.9876 | Class 1:0.9927
Epoch [170/200] | Loss: 0.0213 |  Accuracy: 0.9928 | Prediction Confidence: 0.99 | Class 0:0.9885 | Class 1:0.9925
Epoch [171/200] | Loss: 0.0223 |  Accuracy: 0.9915 | Prediction Confidence: 0.99 | Class 0:0.9893 | Class 1:0.9923
Epoch [172/200] | Loss: 0.0236 |  Accuracy: 0.9902 | Prediction Confidence: 0.99 | Class 0:0.9898 | Class 1:0.9921
Epoch [173/200] | Loss: 0.0251 |  Accuracy: 0.9902 | Prediction Confidence: 0.99 | Class 0:0.9891 | Class 1:0.9918
Epoch [174/200] | Loss: 0.0268 |  Accuracy: 0.9895 | Prediction Confidence: 0.99 | Class 0:0.9890 | Class 1:0.9917
Epoch [175/200] | Loss: 0.0275 |  Accuracy: 0.9889 | Prediction Confidence: 0.99 | Class 0:0.9892 | Class 1:0.9921
Epoch [176/200] | Loss: 0.0257 |  Accuracy: 0.9902 | Prediction Confidence: 0.99 | Class 0:0.9880 | Class 1:0.9940
Epoch [177/200] | Loss: 0.0238 |  Accuracy: 0.9915 | Prediction Confidence: 0.99 | Class 0:0.9891 | Class 1:0.9933
Epoch [178/200] | Loss: 0.0216 |  Accuracy: 0.9928 | Prediction Confidence: 0.99 | Class 0:0.9892 | Class 1:0.9939
Epoch [179/200] | Loss: 0.0198 |  Accuracy: 0.9935 | Prediction Confidence: 0.99 | Class 0:0.9898 | Class 1:0.9942
Epoch [180/200] | Loss: 0.0187 |  Accuracy: 0.9948 | Prediction Confidence: 0.99 | Class 0:0.9893 | Class 1:0.9943
Epoch [181/200] | Loss: 0.0180 |  Accuracy: 0.9948 | Prediction Confidence: 0.99 | Class 0:0.9897 | Class 1:0.9944
Epoch [182/200] | Loss: 0.0175 |  Accuracy: 0.9954 | Prediction Confidence: 0.99 | Class 0:0.9893 | Class 1:0.9945
Epoch [183/200] | Loss: 0.0171 |  Accuracy: 0.9948 | Prediction Confidence: 0.99 | Class 0:0.9901 | Class 1:0.9946
Epoch [184/200] | Loss: 0.0168 |  Accuracy: 0.9948 | Prediction Confidence: 0.99 | Class 0:0.9902 | Class 1:0.9948
Epoch [185/200] | Loss: 0.0165 |  Accuracy: 0.9948 | Prediction Confidence: 0.99 | Class 0:0.9903 | Class 1:0.9949
Epoch [186/200] | Loss: 0.0163 |  Accuracy: 0.9954 | Prediction Confidence: 0.99 | Class 0:0.9904 | Class 1:0.9944
Epoch [187/200] | Loss: 0.0160 |  Accuracy: 0.9954 | Prediction Confidence: 0.99 | Class 0:0.9905 | Class 1:0.9946
Epoch [188/200] | Loss: 0.0158 |  Accuracy: 0.9961 | Prediction Confidence: 0.99 | Class 0:0.9899 | Class 1:0.9947
Epoch [189/200] | Loss: 0.0156 |  Accuracy: 0.9961 | Prediction Confidence: 0.99 | Class 0:0.9900 | Class 1:0.9949
Epoch [190/200] | Loss: 0.0154 |  Accuracy: 0.9961 | Prediction Confidence: 0.99 | Class 0:0.9901 | Class 1:0.9950
Epoch [191/200] | Loss: 0.0152 |  Accuracy: 0.9961 | Prediction Confidence: 0.99 | Class 0:0.9902 | Class 1:0.9951
Epoch [192/200] | Loss: 0.0150 |  Accuracy: 0.9961 | Prediction Confidence: 0.99 | Class 0:0.9910 | Class 1:0.9946
Epoch [193/200] | Loss: 0.0148 |  Accuracy: 0.9961 | Prediction Confidence: 0.99 | Class 0:0.9912 | Class 1:0.9947
Epoch [194/200] | Loss: 0.0146 |  Accuracy: 0.9961 | Prediction Confidence: 0.99 | Class 0:0.9913 | Class 1:0.9948
Epoch [195/200] | Loss: 0.0144 |  Accuracy: 0.9961 | Prediction Confidence: 0.99 | Class 0:0.9915 | Class 1:0.9949
Epoch [196/200] | Loss: 0.0142 |  Accuracy: 0.9954 | Prediction Confidence: 0.99 | Class 0:0.9922 | Class 1:0.9950
Epoch [197/200] | Loss: 0.0141 |  Accuracy: 0.9954 | Prediction Confidence: 0.99 | Class 0:0.9923 | Class 1:0.9950
Epoch [198/200] | Loss: 0.0140 |  Accuracy: 0.9954 | Prediction Confidence: 0.99 | Class 0:0.9924 | Class 1:0.9950
Epoch [199/200] | Loss: 0.0138 |  Accuracy: 0.9961 | Prediction Confidence: 0.99 | Class 0:0.9920 | Class 1:0.9949
Epoch [200/200] | Loss: 0.0147 |  Accuracy: 0.9967 | Prediction Confidence: 0.99 | Class 0:0.9918 | Class 1:0.9939
Test Accuracy 93.42105263157895 | Confidence ({0: array([0.93190104], dtype=float32), 1: array([0.99993473], dtype=float32)}, 0.9659179)
