Config: 
 {
  "model_name": "WaferDataset_model_rnn_loss_ce_lr_0.05_epochs_200",
  "model_save_path": "/home/ramesh/work/TimeSeriesSaliencyMaps/nte/trained_models/all_bbms/",
  "model": "rnn",
  "loss": "ce",
  "timesteps": 152,
  "num_classes": 2,
  "rnn_config": {
    "ninp": 1,
    "nhid": 20,
    "nlayers": 1,
    "nclasses": 2
  },
  "dnn_config": {
    "layers": [
      10,
      10,
      2
    ]
  },
  "batch_size": 32,
  "num_epochs": 200,
  "learning_rate": 0.0005,
  "data_set": "WaferDataset",
  "dependency_meta": ""
}
Model: 
 RNN(
  (rnn_cell): GRU(1, 20, batch_first=True)
  (fc1): Linear(in_features=20, out_features=2, bias=True)
)
Epoch [1/200] | Loss: 0.7655 |  Accuracy: 0.4980 | Prediction Confidence: nan | Class 0:0.6528 | Class 1:nan
Epoch [2/200] | Loss: 0.7094 |  Accuracy: 0.4980 | Prediction Confidence: nan | Class 0:0.5918 | Class 1:nan
Epoch [3/200] | Loss: 0.7073 |  Accuracy: 0.4980 | Prediction Confidence: nan | Class 0:0.5558 | Class 1:nan
Epoch [4/200] | Loss: 0.7077 |  Accuracy: 0.5150 | Prediction Confidence: nan | Class 0:0.5361 | Class 1:0.5025
Epoch [5/200] | Loss: 0.7076 |  Accuracy: 0.4229 | Prediction Confidence: nan | Class 0:0.5304 | Class 1:0.5044
Epoch [6/200] | Loss: 0.7071 |  Accuracy: 0.4111 | Prediction Confidence: nan | Class 0:0.5274 | Class 1:0.5052
Epoch [7/200] | Loss: 0.7064 |  Accuracy: 0.4078 | Prediction Confidence: nan | Class 0:0.5239 | Class 1:0.5058
Epoch [8/200] | Loss: 0.7057 |  Accuracy: 0.4020 | Prediction Confidence: nan | Class 0:0.5208 | Class 1:0.5060
Epoch [9/200] | Loss: 0.7050 |  Accuracy: 0.4026 | Prediction Confidence: nan | Class 0:0.5185 | Class 1:0.5063
Epoch [10/200] | Loss: 0.7043 |  Accuracy: 0.4020 | Prediction Confidence: nan | Class 0:0.5167 | Class 1:0.5063
Epoch [11/200] | Loss: 0.7037 |  Accuracy: 0.3993 | Prediction Confidence: nan | Class 0:0.5153 | Class 1:0.5063
Epoch [12/200] | Loss: 0.7033 |  Accuracy: 0.3961 | Prediction Confidence: nan | Class 0:0.5141 | Class 1:0.5061
Epoch [13/200] | Loss: 0.7026 |  Accuracy: 0.3948 | Prediction Confidence: nan | Class 0:0.5134 | Class 1:0.5058
Epoch [14/200] | Loss: 0.7022 |  Accuracy: 0.3954 | Prediction Confidence: nan | Class 0:0.5126 | Class 1:0.5056
Epoch [15/200] | Loss: 0.7017 |  Accuracy: 0.3935 | Prediction Confidence: nan | Class 0:0.5119 | Class 1:0.5056
Epoch [16/200] | Loss: 0.7013 |  Accuracy: 0.3928 | Prediction Confidence: nan | Class 0:0.5114 | Class 1:0.5053
Epoch [17/200] | Loss: 0.7010 |  Accuracy: 0.3954 | Prediction Confidence: nan | Class 0:0.5106 | Class 1:0.5052
Epoch [18/200] | Loss: 0.7006 |  Accuracy: 0.3908 | Prediction Confidence: nan | Class 0:0.5099 | Class 1:0.5049
Epoch [19/200] | Loss: 0.7003 |  Accuracy: 0.3908 | Prediction Confidence: nan | Class 0:0.5093 | Class 1:0.5049
Epoch [20/200] | Loss: 0.7000 |  Accuracy: 0.3922 | Prediction Confidence: nan | Class 0:0.5089 | Class 1:0.5048
Epoch [21/200] | Loss: 0.6997 |  Accuracy: 0.3908 | Prediction Confidence: nan | Class 0:0.5084 | Class 1:0.5045
Epoch [22/200] | Loss: 0.6994 |  Accuracy: 0.3902 | Prediction Confidence: nan | Class 0:0.5079 | Class 1:0.5044
Epoch [23/200] | Loss: 0.6992 |  Accuracy: 0.3902 | Prediction Confidence: nan | Class 0:0.5075 | Class 1:0.5043
Epoch [24/200] | Loss: 0.6990 |  Accuracy: 0.3895 | Prediction Confidence: nan | Class 0:0.5072 | Class 1:0.5042
Epoch [25/200] | Loss: 0.6987 |  Accuracy: 0.3889 | Prediction Confidence: nan | Class 0:0.5068 | Class 1:0.5042
Epoch [26/200] | Loss: 0.6986 |  Accuracy: 0.3876 | Prediction Confidence: nan | Class 0:0.5066 | Class 1:0.5042
Epoch [27/200] | Loss: 0.6985 |  Accuracy: 0.3856 | Prediction Confidence: nan | Class 0:0.5063 | Class 1:0.5038
Epoch [28/200] | Loss: 0.6982 |  Accuracy: 0.3837 | Prediction Confidence: nan | Class 0:0.5062 | Class 1:0.5037
Epoch [29/200] | Loss: 0.6980 |  Accuracy: 0.3850 | Prediction Confidence: nan | Class 0:0.5059 | Class 1:0.5036
Epoch [30/200] | Loss: 0.6979 |  Accuracy: 0.3850 | Prediction Confidence: nan | Class 0:0.5057 | Class 1:0.5035
Epoch [31/200] | Loss: 0.6977 |  Accuracy: 0.3856 | Prediction Confidence: nan | Class 0:0.5056 | Class 1:0.5035
Epoch [32/200] | Loss: 0.6976 |  Accuracy: 0.3837 | Prediction Confidence: nan | Class 0:0.5054 | Class 1:0.5033
Epoch [33/200] | Loss: 0.6975 |  Accuracy: 0.3830 | Prediction Confidence: nan | Class 0:0.5052 | Class 1:0.5033
Epoch [34/200] | Loss: 0.6974 |  Accuracy: 0.3837 | Prediction Confidence: nan | Class 0:0.5051 | Class 1:0.5033
Epoch [35/200] | Loss: 0.6973 |  Accuracy: 0.3882 | Prediction Confidence: nan | Class 0:0.5049 | Class 1:0.5033
Epoch [36/200] | Loss: 0.6972 |  Accuracy: 0.3856 | Prediction Confidence: nan | Class 0:0.5049 | Class 1:0.5033
Epoch [37/200] | Loss: 0.6972 |  Accuracy: 0.3830 | Prediction Confidence: nan | Class 0:0.5048 | Class 1:0.5033
Epoch [38/200] | Loss: 0.6970 |  Accuracy: 0.3843 | Prediction Confidence: nan | Class 0:0.5047 | Class 1:0.5033
Epoch [39/200] | Loss: 0.6970 |  Accuracy: 0.3889 | Prediction Confidence: nan | Class 0:0.5045 | Class 1:0.5034
Epoch [40/200] | Loss: 0.6970 |  Accuracy: 0.3837 | Prediction Confidence: nan | Class 0:0.5045 | Class 1:0.5035
Epoch [41/200] | Loss: 0.6970 |  Accuracy: 0.3863 | Prediction Confidence: nan | Class 0:0.5044 | Class 1:0.5035
Epoch [42/200] | Loss: 0.6969 |  Accuracy: 0.3876 | Prediction Confidence: nan | Class 0:0.5042 | Class 1:0.5036
Epoch [43/200] | Loss: 0.6969 |  Accuracy: 0.3876 | Prediction Confidence: nan | Class 0:0.5041 | Class 1:0.5037
Epoch [44/200] | Loss: 0.6969 |  Accuracy: 0.3876 | Prediction Confidence: nan | Class 0:0.5040 | Class 1:0.5038
Epoch [45/200] | Loss: 0.6969 |  Accuracy: 0.3922 | Prediction Confidence: nan | Class 0:0.5041 | Class 1:0.5039
Epoch [46/200] | Loss: 0.6969 |  Accuracy: 0.3863 | Prediction Confidence: nan | Class 0:0.5041 | Class 1:0.5039
Epoch [47/200] | Loss: 0.6969 |  Accuracy: 0.3869 | Prediction Confidence: nan | Class 0:0.5041 | Class 1:0.5040
Epoch [48/200] | Loss: 0.6969 |  Accuracy: 0.3908 | Prediction Confidence: nan | Class 0:0.5039 | Class 1:0.5041
Epoch [49/200] | Loss: 0.6969 |  Accuracy: 0.3882 | Prediction Confidence: nan | Class 0:0.5038 | Class 1:0.5040
Epoch [50/200] | Loss: 0.6969 |  Accuracy: 0.3922 | Prediction Confidence: nan | Class 0:0.5039 | Class 1:0.5044
Epoch [51/200] | Loss: 0.6971 |  Accuracy: 0.3863 | Prediction Confidence: nan | Class 0:0.5039 | Class 1:0.5045
Epoch [52/200] | Loss: 0.6971 |  Accuracy: 0.3895 | Prediction Confidence: nan | Class 0:0.5036 | Class 1:0.5043
Epoch [53/200] | Loss: 0.6969 |  Accuracy: 0.3902 | Prediction Confidence: nan | Class 0:0.5036 | Class 1:0.5044
Epoch [54/200] | Loss: 0.6969 |  Accuracy: 0.3895 | Prediction Confidence: nan | Class 0:0.5039 | Class 1:0.5046
Epoch [55/200] | Loss: 0.6972 |  Accuracy: 0.3908 | Prediction Confidence: nan | Class 0:0.5036 | Class 1:0.5045
Epoch [56/200] | Loss: 0.6969 |  Accuracy: 0.3928 | Prediction Confidence: nan | Class 0:0.5036 | Class 1:0.5045
Epoch [57/200] | Loss: 0.6970 |  Accuracy: 0.3948 | Prediction Confidence: nan | Class 0:0.5037 | Class 1:0.5047
Epoch [58/200] | Loss: 0.6971 |  Accuracy: 0.3974 | Prediction Confidence: nan | Class 0:0.5037 | Class 1:0.5047
Epoch [59/200] | Loss: 0.6971 |  Accuracy: 0.3974 | Prediction Confidence: nan | Class 0:0.5038 | Class 1:0.5047
Epoch [60/200] | Loss: 0.6969 |  Accuracy: 0.3980 | Prediction Confidence: nan | Class 0:0.5037 | Class 1:0.5050
Epoch [61/200] | Loss: 0.6969 |  Accuracy: 0.4000 | Prediction Confidence: nan | Class 0:0.5040 | Class 1:0.5050
Epoch [62/200] | Loss: 0.6970 |  Accuracy: 0.4039 | Prediction Confidence: nan | Class 0:0.5041 | Class 1:0.5053
Epoch [63/200] | Loss: 0.6969 |  Accuracy: 0.4098 | Prediction Confidence: nan | Class 0:0.5046 | Class 1:0.5053
Epoch [64/200] | Loss: 0.6971 |  Accuracy: 0.4222 | Prediction Confidence: nan | Class 0:0.5053 | Class 1:0.5057
Epoch [65/200] | Loss: 0.6973 |  Accuracy: 0.4275 | Prediction Confidence: nan | Class 0:0.5057 | Class 1:0.5061
Epoch [66/200] | Loss: 0.6961 |  Accuracy: 0.4366 | Prediction Confidence: nan | Class 0:0.5049 | Class 1:0.5068
Epoch [67/200] | Loss: 0.6959 |  Accuracy: 0.4582 | Prediction Confidence: nan | Class 0:0.5065 | Class 1:0.5082
Epoch [68/200] | Loss: 0.6952 |  Accuracy: 0.4641 | Prediction Confidence: nan | Class 0:0.5060 | Class 1:0.5098
Epoch [69/200] | Loss: 0.6925 |  Accuracy: 0.4961 | Prediction Confidence: nan | Class 0:0.5075 | Class 1:0.5142
Epoch [70/200] | Loss: 0.6932 |  Accuracy: 0.5157 | Prediction Confidence: nan | Class 0:0.5081 | Class 1:0.5174
Epoch [71/200] | Loss: 0.6867 |  Accuracy: 0.5477 | Prediction Confidence: nan | Class 0:0.5091 | Class 1:0.5231
Epoch [72/200] | Loss: 0.6755 |  Accuracy: 0.5980 | Prediction Confidence: nan | Class 0:0.5130 | Class 1:0.5387
Epoch [73/200] | Loss: 0.6656 |  Accuracy: 0.6203 | Prediction Confidence: nan | Class 0:0.5289 | Class 1:0.5600
Epoch [74/200] | Loss: 0.5515 |  Accuracy: 0.7735 | Prediction Confidence: nan | Class 0:0.5380 | Class 1:0.6886
Epoch [75/200] | Loss: 0.6572 |  Accuracy: 0.7601 | Prediction Confidence: nan | Class 0:0.5619 | Class 1:0.5877
Epoch [76/200] | Loss: 0.5649 |  Accuracy: 0.7908 | Prediction Confidence: 0.60 | Class 0:0.5716 | Class 1:0.6379
Epoch [77/200] | Loss: 0.5205 |  Accuracy: 0.7915 | Prediction Confidence: nan | Class 0:0.6147 | Class 1:0.6858
Epoch [78/200] | Loss: 0.3783 |  Accuracy: 0.8641 | Prediction Confidence: 0.75 | Class 0:0.6776 | Class 1:0.8180
Epoch [79/200] | Loss: 0.6078 |  Accuracy: 0.7261 | Prediction Confidence: nan | Class 0:0.6747 | Class 1:0.6944
Epoch [80/200] | Loss: 0.4574 |  Accuracy: 0.8170 | Prediction Confidence: 0.73 | Class 0:0.7405 | Class 1:0.7277
Epoch [81/200] | Loss: 0.3474 |  Accuracy: 0.8791 | Prediction Confidence: 0.82 | Class 0:0.7841 | Class 1:0.8457
Epoch [82/200] | Loss: 0.3656 |  Accuracy: 0.8608 | Prediction Confidence: 0.82 | Class 0:0.8133 | Class 1:0.8349
Epoch [83/200] | Loss: 0.2456 |  Accuracy: 0.9098 | Prediction Confidence: 0.88 | Class 0:0.8716 | Class 1:0.8801
Epoch [84/200] | Loss: 0.2724 |  Accuracy: 0.9052 | Prediction Confidence: 0.86 | Class 0:0.8440 | Class 1:0.8789
Epoch [85/200] | Loss: 0.2237 |  Accuracy: 0.9111 | Prediction Confidence: 0.89 | Class 0:0.8911 | Class 1:0.8963
Epoch [86/200] | Loss: 0.2304 |  Accuracy: 0.9078 | Prediction Confidence: 0.89 | Class 0:0.8932 | Class 1:0.8939
Epoch [87/200] | Loss: 0.2114 |  Accuracy: 0.9137 | Prediction Confidence: 0.91 | Class 0:0.9104 | Class 1:0.9003
Epoch [88/200] | Loss: 0.2020 |  Accuracy: 0.9176 | Prediction Confidence: 0.91 | Class 0:0.9151 | Class 1:0.9053
Epoch [89/200] | Loss: 0.1937 |  Accuracy: 0.9222 | Prediction Confidence: 0.91 | Class 0:0.9178 | Class 1:0.9111
Epoch [90/200] | Loss: 0.1877 |  Accuracy: 0.9209 | Prediction Confidence: 0.92 | Class 0:0.9211 | Class 1:0.9174
Epoch [91/200] | Loss: 0.1829 |  Accuracy: 0.9209 | Prediction Confidence: 0.92 | Class 0:0.9230 | Class 1:0.9231
Epoch [92/200] | Loss: 0.1780 |  Accuracy: 0.9229 | Prediction Confidence: 0.93 | Class 0:0.9252 | Class 1:0.9265
Epoch [93/200] | Loss: 0.1737 |  Accuracy: 0.9261 | Prediction Confidence: 0.93 | Class 0:0.9259 | Class 1:0.9292
Epoch [94/200] | Loss: 0.1715 |  Accuracy: 0.9268 | Prediction Confidence: 0.93 | Class 0:0.9260 | Class 1:0.9314
Epoch [95/200] | Loss: 0.1706 |  Accuracy: 0.9248 | Prediction Confidence: 0.93 | Class 0:0.9280 | Class 1:0.9326
Epoch [96/200] | Loss: 0.1690 |  Accuracy: 0.9281 | Prediction Confidence: 0.93 | Class 0:0.9269 | Class 1:0.9333
Epoch [97/200] | Loss: 0.1668 |  Accuracy: 0.9333 | Prediction Confidence: 0.93 | Class 0:0.9251 | Class 1:0.9343
Epoch [98/200] | Loss: 0.1641 |  Accuracy: 0.9366 | Prediction Confidence: 0.93 | Class 0:0.9258 | Class 1:0.9362
Epoch [99/200] | Loss: 0.1594 |  Accuracy: 0.9373 | Prediction Confidence: 0.93 | Class 0:0.9301 | Class 1:0.9377
Epoch [100/200] | Loss: 0.1512 |  Accuracy: 0.9425 | Prediction Confidence: 0.94 | Class 0:0.9329 | Class 1:0.9411
Epoch [101/200] | Loss: 0.1436 |  Accuracy: 0.9458 | Prediction Confidence: 0.94 | Class 0:0.9384 | Class 1:0.9442
Epoch [102/200] | Loss: 0.1382 |  Accuracy: 0.9464 | Prediction Confidence: 0.95 | Class 0:0.9433 | Class 1:0.9476
Epoch [103/200] | Loss: 0.1341 |  Accuracy: 0.9497 | Prediction Confidence: 0.95 | Class 0:0.9465 | Class 1:0.9483
Epoch [104/200] | Loss: 0.1299 |  Accuracy: 0.9523 | Prediction Confidence: 0.95 | Class 0:0.9489 | Class 1:0.9490
Epoch [105/200] | Loss: 0.1258 |  Accuracy: 0.9510 | Prediction Confidence: 0.95 | Class 0:0.9513 | Class 1:0.9535
Epoch [106/200] | Loss: 0.1224 |  Accuracy: 0.9523 | Prediction Confidence: 0.95 | Class 0:0.9542 | Class 1:0.9551
Epoch [107/200] | Loss: 0.1194 |  Accuracy: 0.9529 | Prediction Confidence: 0.96 | Class 0:0.9567 | Class 1:0.9568
Epoch [108/200] | Loss: 0.1167 |  Accuracy: 0.9542 | Prediction Confidence: 0.96 | Class 0:0.9574 | Class 1:0.9594
Epoch [109/200] | Loss: 0.1143 |  Accuracy: 0.9549 | Prediction Confidence: 0.96 | Class 0:0.9590 | Class 1:0.9611
Epoch [110/200] | Loss: 0.1120 |  Accuracy: 0.9575 | Prediction Confidence: 0.96 | Class 0:0.9610 | Class 1:0.9601
Epoch [111/200] | Loss: 0.1098 |  Accuracy: 0.9595 | Prediction Confidence: 0.96 | Class 0:0.9615 | Class 1:0.9610
Epoch [112/200] | Loss: 0.1077 |  Accuracy: 0.9595 | Prediction Confidence: 0.96 | Class 0:0.9620 | Class 1:0.9636
Epoch [113/200] | Loss: 0.1056 |  Accuracy: 0.9595 | Prediction Confidence: 0.96 | Class 0:0.9635 | Class 1:0.9649
Epoch [114/200] | Loss: 0.1033 |  Accuracy: 0.9601 | Prediction Confidence: 0.97 | Class 0:0.9643 | Class 1:0.9663
Epoch [115/200] | Loss: 0.1007 |  Accuracy: 0.9601 | Prediction Confidence: 0.97 | Class 0:0.9655 | Class 1:0.9678
Epoch [116/200] | Loss: 0.0978 |  Accuracy: 0.9595 | Prediction Confidence: 0.97 | Class 0:0.9674 | Class 1:0.9694
Epoch [117/200] | Loss: 0.0948 |  Accuracy: 0.9627 | Prediction Confidence: 0.97 | Class 0:0.9673 | Class 1:0.9692
Epoch [118/200] | Loss: 0.0917 |  Accuracy: 0.9667 | Prediction Confidence: 0.97 | Class 0:0.9668 | Class 1:0.9690
Epoch [119/200] | Loss: 0.0887 |  Accuracy: 0.9693 | Prediction Confidence: 0.97 | Class 0:0.9665 | Class 1:0.9702
Epoch [120/200] | Loss: 0.0859 |  Accuracy: 0.9699 | Prediction Confidence: 0.97 | Class 0:0.9680 | Class 1:0.9713
Epoch [121/200] | Loss: 0.0832 |  Accuracy: 0.9712 | Prediction Confidence: 0.97 | Class 0:0.9683 | Class 1:0.9729
Epoch [122/200] | Loss: 0.0806 |  Accuracy: 0.9712 | Prediction Confidence: 0.97 | Class 0:0.9697 | Class 1:0.9744
Epoch [123/200] | Loss: 0.0783 |  Accuracy: 0.9712 | Prediction Confidence: 0.97 | Class 0:0.9708 | Class 1:0.9757
Epoch [124/200] | Loss: 0.0761 |  Accuracy: 0.9712 | Prediction Confidence: 0.97 | Class 0:0.9721 | Class 1:0.9769
Epoch [125/200] | Loss: 0.0741 |  Accuracy: 0.9719 | Prediction Confidence: 0.98 | Class 0:0.9732 | Class 1:0.9775
Epoch [126/200] | Loss: 0.0723 |  Accuracy: 0.9725 | Prediction Confidence: 0.98 | Class 0:0.9743 | Class 1:0.9780
Epoch [127/200] | Loss: 0.0706 |  Accuracy: 0.9725 | Prediction Confidence: 0.98 | Class 0:0.9752 | Class 1:0.9790
Epoch [128/200] | Loss: 0.0689 |  Accuracy: 0.9725 | Prediction Confidence: 0.98 | Class 0:0.9762 | Class 1:0.9800
Epoch [129/200] | Loss: 0.0674 |  Accuracy: 0.9739 | Prediction Confidence: 0.98 | Class 0:0.9759 | Class 1:0.9809
Epoch [130/200] | Loss: 0.0660 |  Accuracy: 0.9745 | Prediction Confidence: 0.98 | Class 0:0.9762 | Class 1:0.9818
Epoch [131/200] | Loss: 0.0646 |  Accuracy: 0.9752 | Prediction Confidence: 0.98 | Class 0:0.9765 | Class 1:0.9826
Epoch [132/200] | Loss: 0.0633 |  Accuracy: 0.9765 | Prediction Confidence: 0.98 | Class 0:0.9774 | Class 1:0.9820
Epoch [133/200] | Loss: 0.0620 |  Accuracy: 0.9771 | Prediction Confidence: 0.98 | Class 0:0.9782 | Class 1:0.9822
Epoch [134/200] | Loss: 0.0608 |  Accuracy: 0.9778 | Prediction Confidence: 0.98 | Class 0:0.9784 | Class 1:0.9830
Epoch [135/200] | Loss: 0.0596 |  Accuracy: 0.9778 | Prediction Confidence: 0.98 | Class 0:0.9791 | Class 1:0.9838
Epoch [136/200] | Loss: 0.0585 |  Accuracy: 0.9778 | Prediction Confidence: 0.98 | Class 0:0.9798 | Class 1:0.9844
Epoch [137/200] | Loss: 0.0573 |  Accuracy: 0.9771 | Prediction Confidence: 0.98 | Class 0:0.9811 | Class 1:0.9851
Epoch [138/200] | Loss: 0.0562 |  Accuracy: 0.9771 | Prediction Confidence: 0.98 | Class 0:0.9817 | Class 1:0.9857
Epoch [139/200] | Loss: 0.0551 |  Accuracy: 0.9771 | Prediction Confidence: 0.98 | Class 0:0.9823 | Class 1:0.9863
Epoch [140/200] | Loss: 0.0540 |  Accuracy: 0.9778 | Prediction Confidence: 0.98 | Class 0:0.9828 | Class 1:0.9863
Epoch [141/200] | Loss: 0.0530 |  Accuracy: 0.9791 | Prediction Confidence: 0.98 | Class 0:0.9833 | Class 1:0.9855
Epoch [142/200] | Loss: 0.0519 |  Accuracy: 0.9797 | Prediction Confidence: 0.98 | Class 0:0.9838 | Class 1:0.9856
Epoch [143/200] | Loss: 0.0509 |  Accuracy: 0.9797 | Prediction Confidence: 0.99 | Class 0:0.9842 | Class 1:0.9861
Epoch [144/200] | Loss: 0.0499 |  Accuracy: 0.9797 | Prediction Confidence: 0.99 | Class 0:0.9846 | Class 1:0.9866
Epoch [145/200] | Loss: 0.0490 |  Accuracy: 0.9817 | Prediction Confidence: 0.99 | Class 0:0.9843 | Class 1:0.9858
Epoch [146/200] | Loss: 0.0480 |  Accuracy: 0.9810 | Prediction Confidence: 0.99 | Class 0:0.9847 | Class 1:0.9870
Epoch [147/200] | Loss: 0.0471 |  Accuracy: 0.9810 | Prediction Confidence: 0.99 | Class 0:0.9850 | Class 1:0.9874
Epoch [148/200] | Loss: 0.0463 |  Accuracy: 0.9817 | Prediction Confidence: 0.99 | Class 0:0.9849 | Class 1:0.9879
Epoch [149/200] | Loss: 0.0458 |  Accuracy: 0.9817 | Prediction Confidence: 0.99 | Class 0:0.9849 | Class 1:0.9880
Epoch [150/200] | Loss: 0.0454 |  Accuracy: 0.9817 | Prediction Confidence: 0.99 | Class 0:0.9848 | Class 1:0.9883
Epoch [151/200] | Loss: 0.0452 |  Accuracy: 0.9810 | Prediction Confidence: 0.99 | Class 0:0.9847 | Class 1:0.9892
Epoch [152/200] | Loss: 0.0439 |  Accuracy: 0.9810 | Prediction Confidence: 0.99 | Class 0:0.9852 | Class 1:0.9898
Epoch [153/200] | Loss: 0.0447 |  Accuracy: 0.9830 | Prediction Confidence: 0.99 | Class 0:0.9842 | Class 1:0.9883
Epoch [154/200] | Loss: 0.0503 |  Accuracy: 0.9810 | Prediction Confidence: 0.98 | Class 0:0.9846 | Class 1:0.9848
Epoch [155/200] | Loss: 0.0474 |  Accuracy: 0.9837 | Prediction Confidence: 0.98 | Class 0:0.9825 | Class 1:0.9857
Epoch [156/200] | Loss: 0.0465 |  Accuracy: 0.9824 | Prediction Confidence: 0.99 | Class 0:0.9835 | Class 1:0.9869
Epoch [157/200] | Loss: 0.0447 |  Accuracy: 0.9837 | Prediction Confidence: 0.99 | Class 0:0.9832 | Class 1:0.9872
Epoch [158/200] | Loss: 0.0422 |  Accuracy: 0.9850 | Prediction Confidence: 0.99 | Class 0:0.9838 | Class 1:0.9873
Epoch [159/200] | Loss: 0.0395 |  Accuracy: 0.9856 | Prediction Confidence: 0.99 | Class 0:0.9841 | Class 1:0.9887
Epoch [160/200] | Loss: 0.0373 |  Accuracy: 0.9856 | Prediction Confidence: 0.99 | Class 0:0.9851 | Class 1:0.9896
Epoch [161/200] | Loss: 0.0355 |  Accuracy: 0.9876 | Prediction Confidence: 0.99 | Class 0:0.9854 | Class 1:0.9892
Epoch [162/200] | Loss: 0.0337 |  Accuracy: 0.9876 | Prediction Confidence: 0.99 | Class 0:0.9864 | Class 1:0.9904
Epoch [163/200] | Loss: 0.0319 |  Accuracy: 0.9889 | Prediction Confidence: 0.99 | Class 0:0.9874 | Class 1:0.9904
Epoch [164/200] | Loss: 0.0299 |  Accuracy: 0.9889 | Prediction Confidence: 0.99 | Class 0:0.9883 | Class 1:0.9917
Epoch [165/200] | Loss: 0.0279 |  Accuracy: 0.9889 | Prediction Confidence: 0.99 | Class 0:0.9892 | Class 1:0.9929
Epoch [166/200] | Loss: 0.0303 |  Accuracy: 0.9876 | Prediction Confidence: 0.99 | Class 0:0.9885 | Class 1:0.9938
Epoch [167/200] | Loss: 0.0370 |  Accuracy: 0.9869 | Prediction Confidence: 0.99 | Class 0:0.9834 | Class 1:0.9902
Epoch [168/200] | Loss: 0.0270 |  Accuracy: 0.9895 | Prediction Confidence: 0.99 | Class 0:0.9887 | Class 1:0.9934
Epoch [169/200] | Loss: 0.0253 |  Accuracy: 0.9908 | Prediction Confidence: 0.99 | Class 0:0.9896 | Class 1:0.9933
Epoch [170/200] | Loss: 0.0241 |  Accuracy: 0.9915 | Prediction Confidence: 0.99 | Class 0:0.9893 | Class 1:0.9937
Epoch [171/200] | Loss: 0.0234 |  Accuracy: 0.9908 | Prediction Confidence: 0.99 | Class 0:0.9884 | Class 1:0.9952
Epoch [172/200] | Loss: 0.0289 |  Accuracy: 0.9902 | Prediction Confidence: 0.99 | Class 0:0.9901 | Class 1:0.9929
Epoch [173/200] | Loss: 0.0250 |  Accuracy: 0.9902 | Prediction Confidence: 0.99 | Class 0:0.9897 | Class 1:0.9935
Epoch [174/200] | Loss: 0.0251 |  Accuracy: 0.9922 | Prediction Confidence: 0.99 | Class 0:0.9900 | Class 1:0.9933
Epoch [175/200] | Loss: 0.0283 |  Accuracy: 0.9895 | Prediction Confidence: 0.99 | Class 0:0.9897 | Class 1:0.9931
Epoch [176/200] | Loss: 0.0250 |  Accuracy: 0.9922 | Prediction Confidence: 0.99 | Class 0:0.9888 | Class 1:0.9931
Epoch [177/200] | Loss: 0.0247 |  Accuracy: 0.9922 | Prediction Confidence: 0.99 | Class 0:0.9883 | Class 1:0.9936
Epoch [178/200] | Loss: 0.0218 |  Accuracy: 0.9915 | Prediction Confidence: 0.99 | Class 0:0.9901 | Class 1:0.9934
Epoch [179/200] | Loss: 0.0207 |  Accuracy: 0.9954 | Prediction Confidence: 0.99 | Class 0:0.9882 | Class 1:0.9922
Epoch [180/200] | Loss: 0.0199 |  Accuracy: 0.9954 | Prediction Confidence: 0.99 | Class 0:0.9891 | Class 1:0.9926
Epoch [181/200] | Loss: 0.0256 |  Accuracy: 0.9915 | Prediction Confidence: 0.99 | Class 0:0.9901 | Class 1:0.9925
Epoch [182/200] | Loss: 0.0286 |  Accuracy: 0.9908 | Prediction Confidence: 0.99 | Class 0:0.9889 | Class 1:0.9935
Epoch [183/200] | Loss: 0.0446 |  Accuracy: 0.9810 | Prediction Confidence: 0.99 | Class 0:0.9880 | Class 1:0.9877
Epoch [184/200] | Loss: 0.0288 |  Accuracy: 0.9915 | Prediction Confidence: 0.99 | Class 0:0.9867 | Class 1:0.9930
Epoch [185/200] | Loss: 0.0268 |  Accuracy: 0.9928 | Prediction Confidence: 0.99 | Class 0:0.9877 | Class 1:0.9934
Epoch [186/200] | Loss: 0.0235 |  Accuracy: 0.9928 | Prediction Confidence: 0.99 | Class 0:0.9886 | Class 1:0.9943
Epoch [187/200] | Loss: 0.0213 |  Accuracy: 0.9928 | Prediction Confidence: 0.99 | Class 0:0.9890 | Class 1:0.9958
Epoch [188/200] | Loss: 0.0208 |  Accuracy: 0.9935 | Prediction Confidence: 0.99 | Class 0:0.9903 | Class 1:0.9949
Epoch [189/200] | Loss: 0.0231 |  Accuracy: 0.9935 | Prediction Confidence: 0.99 | Class 0:0.9898 | Class 1:0.9914
Epoch [190/200] | Loss: 0.0238 |  Accuracy: 0.9928 | Prediction Confidence: 0.99 | Class 0:0.9888 | Class 1:0.9934
Epoch [191/200] | Loss: 0.0287 |  Accuracy: 0.9915 | Prediction Confidence: 0.99 | Class 0:0.9865 | Class 1:0.9945
Epoch [192/200] | Loss: 0.0234 |  Accuracy: 0.9928 | Prediction Confidence: 0.99 | Class 0:0.9889 | Class 1:0.9950
Epoch [193/200] | Loss: 0.0191 |  Accuracy: 0.9941 | Prediction Confidence: 0.99 | Class 0:0.9870 | Class 1:0.9943
Epoch [194/200] | Loss: 0.0207 |  Accuracy: 0.9928 | Prediction Confidence: 0.99 | Class 0:0.9897 | Class 1:0.9948
Epoch [195/200] | Loss: 0.0204 |  Accuracy: 0.9935 | Prediction Confidence: 0.99 | Class 0:0.9905 | Class 1:0.9949
Epoch [196/200] | Loss: 0.0198 |  Accuracy: 0.9935 | Prediction Confidence: 0.99 | Class 0:0.9912 | Class 1:0.9946
Epoch [197/200] | Loss: 0.0189 |  Accuracy: 0.9941 | Prediction Confidence: 0.99 | Class 0:0.9918 | Class 1:0.9941
Epoch [198/200] | Loss: 0.0181 |  Accuracy: 0.9928 | Prediction Confidence: 0.99 | Class 0:0.9923 | Class 1:0.9956
Epoch [199/200] | Loss: 0.0193 |  Accuracy: 0.9954 | Prediction Confidence: 0.99 | Class 0:0.9902 | Class 1:0.9924
Epoch [200/200] | Loss: 0.0195 |  Accuracy: 0.9922 | Prediction Confidence: 0.99 | Class 0:0.9929 | Class 1:0.9945
Test Accuracy 98.02631578947368 | Confidence ({0: array([0.99199355], dtype=float32), 1: array([0.9987941], dtype=float32)}, 0.9953938)
