Config: 
 {
  "model_name": "wafer_rnn_ce",
  "model_save_path": "/tmp/",
  "model": "rnn",
  "loss": "ce",
  "timesteps": 152,
  "num_classes": 2,
  "rnn_config": {
    "ninp": 1,
    "nhid": 20,
    "nlayers": 1,
    "nclasses": 2
  },
  "dnn_config": {
    "layers": [
      10,
      10,
      2
    ]
  },
  "batch_size": 32,
  "num_epochs": 120,
  "learning_rate": 0.0005,
  "dependency_meta": ""
}
Model: 
 RNN(
  (rnn_cell): GRU(1, 20, batch_first=True)
  (fc1): Linear(in_features=20, out_features=2, bias=True)
)
Epoch [1/120] | Loss: 0.7511 |  Accuracy: 0.4980 | Prediction Confidence: nan | Class 0:0.6365 | Class 1:nan
Epoch [2/120] | Loss: 0.7107 |  Accuracy: 0.4980 | Prediction Confidence: nan | Class 0:0.5903 | Class 1:nan
Epoch [3/120] | Loss: 0.7078 |  Accuracy: 0.4980 | Prediction Confidence: nan | Class 0:0.5585 | Class 1:nan
Epoch [4/120] | Loss: 0.7073 |  Accuracy: 0.4980 | Prediction Confidence: nan | Class 0:0.5404 | Class 1:nan
Epoch [5/120] | Loss: 0.7069 |  Accuracy: 0.4967 | Prediction Confidence: nan | Class 0:0.5295 | Class 1:0.5012
Epoch [6/120] | Loss: 0.7063 |  Accuracy: 0.4216 | Prediction Confidence: nan | Class 0:0.5276 | Class 1:0.5028
Epoch [7/120] | Loss: 0.7056 |  Accuracy: 0.4046 | Prediction Confidence: nan | Class 0:0.5252 | Class 1:0.5034
Epoch [8/120] | Loss: 0.7050 |  Accuracy: 0.4020 | Prediction Confidence: nan | Class 0:0.5220 | Class 1:0.5037
Epoch [9/120] | Loss: 0.7044 |  Accuracy: 0.4020 | Prediction Confidence: nan | Class 0:0.5200 | Class 1:0.5043
Epoch [10/120] | Loss: 0.7039 |  Accuracy: 0.4000 | Prediction Confidence: nan | Class 0:0.5185 | Class 1:0.5042
Epoch [11/120] | Loss: 0.7034 |  Accuracy: 0.3961 | Prediction Confidence: nan | Class 0:0.5169 | Class 1:0.5044
Epoch [12/120] | Loss: 0.7031 |  Accuracy: 0.3935 | Prediction Confidence: nan | Class 0:0.5156 | Class 1:0.5049
Epoch [13/120] | Loss: 0.7028 |  Accuracy: 0.3974 | Prediction Confidence: nan | Class 0:0.5145 | Class 1:0.5048
Epoch [14/120] | Loss: 0.7025 |  Accuracy: 0.3961 | Prediction Confidence: nan | Class 0:0.5138 | Class 1:0.5048
Epoch [15/120] | Loss: 0.7023 |  Accuracy: 0.3980 | Prediction Confidence: nan | Class 0:0.5131 | Class 1:0.5049
Epoch [16/120] | Loss: 0.7021 |  Accuracy: 0.3948 | Prediction Confidence: nan | Class 0:0.5127 | Class 1:0.5047
Epoch [17/120] | Loss: 0.7019 |  Accuracy: 0.3967 | Prediction Confidence: nan | Class 0:0.5123 | Class 1:0.5048
Epoch [18/120] | Loss: 0.7018 |  Accuracy: 0.3967 | Prediction Confidence: nan | Class 0:0.5120 | Class 1:0.5049
Epoch [19/120] | Loss: 0.7017 |  Accuracy: 0.3967 | Prediction Confidence: nan | Class 0:0.5118 | Class 1:0.5050
Epoch [20/120] | Loss: 0.7016 |  Accuracy: 0.3954 | Prediction Confidence: nan | Class 0:0.5116 | Class 1:0.5048
Epoch [21/120] | Loss: 0.7015 |  Accuracy: 0.3948 | Prediction Confidence: nan | Class 0:0.5114 | Class 1:0.5048
Epoch [22/120] | Loss: 0.7014 |  Accuracy: 0.3961 | Prediction Confidence: nan | Class 0:0.5113 | Class 1:0.5048
Epoch [23/120] | Loss: 0.7013 |  Accuracy: 0.3961 | Prediction Confidence: nan | Class 0:0.5112 | Class 1:0.5049
Epoch [24/120] | Loss: 0.7012 |  Accuracy: 0.3967 | Prediction Confidence: nan | Class 0:0.5111 | Class 1:0.5050
Epoch [25/120] | Loss: 0.7012 |  Accuracy: 0.3967 | Prediction Confidence: nan | Class 0:0.5110 | Class 1:0.5051
Epoch [26/120] | Loss: 0.7011 |  Accuracy: 0.3967 | Prediction Confidence: nan | Class 0:0.5109 | Class 1:0.5052
Epoch [27/120] | Loss: 0.7010 |  Accuracy: 0.3974 | Prediction Confidence: nan | Class 0:0.5107 | Class 1:0.5050
Epoch [28/120] | Loss: 0.7009 |  Accuracy: 0.3980 | Prediction Confidence: nan | Class 0:0.5106 | Class 1:0.5048
Epoch [29/120] | Loss: 0.7008 |  Accuracy: 0.3980 | Prediction Confidence: nan | Class 0:0.5105 | Class 1:0.5049
Epoch [30/120] | Loss: 0.7007 |  Accuracy: 0.4013 | Prediction Confidence: nan | Class 0:0.5104 | Class 1:0.5050
Epoch [31/120] | Loss: 0.7006 |  Accuracy: 0.4026 | Prediction Confidence: nan | Class 0:0.5103 | Class 1:0.5053
Epoch [32/120] | Loss: 0.7006 |  Accuracy: 0.4020 | Prediction Confidence: nan | Class 0:0.5104 | Class 1:0.5051
Epoch [33/120] | Loss: 0.7004 |  Accuracy: 0.4033 | Prediction Confidence: nan | Class 0:0.5103 | Class 1:0.5053
Epoch [34/120] | Loss: 0.7002 |  Accuracy: 0.4078 | Prediction Confidence: nan | Class 0:0.5102 | Class 1:0.5055
Epoch [35/120] | Loss: 0.7000 |  Accuracy: 0.4085 | Prediction Confidence: nan | Class 0:0.5101 | Class 1:0.5064
Epoch [36/120] | Loss: 0.7000 |  Accuracy: 0.4150 | Prediction Confidence: nan | Class 0:0.5104 | Class 1:0.5059
Epoch [37/120] | Loss: 0.6985 |  Accuracy: 0.4255 | Prediction Confidence: nan | Class 0:0.5108 | Class 1:0.5098
Epoch [38/120] | Loss: 0.7015 |  Accuracy: 0.4431 | Prediction Confidence: nan | Class 0:0.5127 | Class 1:0.5093
Epoch [39/120] | Loss: 0.6904 |  Accuracy: 0.4542 | Prediction Confidence: nan | Class 0:0.5099 | Class 1:0.5282
Epoch [40/120] | Loss: 0.7139 |  Accuracy: 0.4850 | Prediction Confidence: nan | Class 0:0.5209 | Class 1:0.5164
Epoch [41/120] | Loss: 0.6906 |  Accuracy: 0.5007 | Prediction Confidence: nan | Class 0:0.5104 | Class 1:0.5222
Epoch [42/120] | Loss: 0.6856 |  Accuracy: 0.5229 | Prediction Confidence: nan | Class 0:0.5114 | Class 1:0.5347
Epoch [43/120] | Loss: 0.6938 |  Accuracy: 0.5301 | Prediction Confidence: nan | Class 0:0.5167 | Class 1:0.5374
Epoch [44/120] | Loss: 0.6762 |  Accuracy: 0.5654 | Prediction Confidence: nan | Class 0:0.5126 | Class 1:0.5496
Epoch [45/120] | Loss: 0.6904 |  Accuracy: 0.5621 | Prediction Confidence: nan | Class 0:0.5207 | Class 1:0.5503
Epoch [46/120] | Loss: 0.6554 |  Accuracy: 0.6209 | Prediction Confidence: nan | Class 0:0.5151 | Class 1:0.5844
Epoch [47/120] | Loss: 0.6905 |  Accuracy: 0.6098 | Prediction Confidence: nan | Class 0:0.5237 | Class 1:0.5633
Epoch [48/120] | Loss: 0.6115 |  Accuracy: 0.7170 | Prediction Confidence: nan | Class 0:0.5193 | Class 1:0.6350
Epoch [49/120] | Loss: 0.8171 |  Accuracy: 0.3961 | Prediction Confidence: nan | Class 0:0.5273 | Class 1:0.5509
Epoch [50/120] | Loss: 0.6812 |  Accuracy: 0.5667 | Prediction Confidence: nan | Class 0:0.5339 | Class 1:0.5412
Epoch [51/120] | Loss: 0.6355 |  Accuracy: 0.7000 | Prediction Confidence: nan | Class 0:0.5398 | Class 1:0.5705
Epoch [52/120] | Loss: 0.6299 |  Accuracy: 0.7268 | Prediction Confidence: nan | Class 0:0.5621 | Class 1:0.6138
Epoch [53/120] | Loss: 0.5924 |  Accuracy: 0.7915 | Prediction Confidence: 0.60 | Class 0:0.5792 | Class 1:0.6207
Epoch [54/120] | Loss: 0.5475 |  Accuracy: 0.8288 | Prediction Confidence: 0.63 | Class 0:0.6072 | Class 1:0.6448
Epoch [55/120] | Loss: 0.4966 |  Accuracy: 0.8529 | Prediction Confidence: 0.66 | Class 0:0.6468 | Class 1:0.6783
Epoch [56/120] | Loss: 0.4593 |  Accuracy: 0.8490 | Prediction Confidence: 0.70 | Class 0:0.6889 | Class 1:0.7112
Epoch [57/120] | Loss: 0.4303 |  Accuracy: 0.8425 | Prediction Confidence: 0.74 | Class 0:0.7259 | Class 1:0.7552
Epoch [58/120] | Loss: 0.4316 |  Accuracy: 0.8301 | Prediction Confidence: 0.76 | Class 0:0.7539 | Class 1:0.7601
Epoch [59/120] | Loss: 0.4016 |  Accuracy: 0.8412 | Prediction Confidence: 0.77 | Class 0:0.7599 | Class 1:0.7822
Epoch [60/120] | Loss: 0.3691 |  Accuracy: 0.8562 | Prediction Confidence: 0.79 | Class 0:0.7811 | Class 1:0.7970
Epoch [61/120] | Loss: 0.2067 |  Accuracy: 0.9111 | Prediction Confidence: 0.89 | Class 0:0.8577 | Class 1:0.9148
Epoch [62/120] | Loss: 0.1995 |  Accuracy: 0.9477 | Prediction Confidence: 0.88 | Class 0:0.8372 | Class 1:0.9215
Epoch [63/120] | Loss: 0.2248 |  Accuracy: 0.9275 | Prediction Confidence: 0.87 | Class 0:0.8803 | Class 1:0.8690
Epoch [64/120] | Loss: 0.1730 |  Accuracy: 0.9458 | Prediction Confidence: 0.91 | Class 0:0.9161 | Class 1:0.9036
Epoch [65/120] | Loss: 0.1341 |  Accuracy: 0.9536 | Prediction Confidence: 0.93 | Class 0:0.9202 | Class 1:0.9393
Epoch [66/120] | Loss: 0.1351 |  Accuracy: 0.9536 | Prediction Confidence: 0.93 | Class 0:0.9287 | Class 1:0.9406
Epoch [67/120] | Loss: 0.1218 |  Accuracy: 0.9588 | Prediction Confidence: 0.94 | Class 0:0.9344 | Class 1:0.9451
Epoch [68/120] | Loss: 0.1191 |  Accuracy: 0.9556 | Prediction Confidence: 0.95 | Class 0:0.9419 | Class 1:0.9487
Epoch [69/120] | Loss: 0.1144 |  Accuracy: 0.9582 | Prediction Confidence: 0.95 | Class 0:0.9447 | Class 1:0.9516
Epoch [70/120] | Loss: 0.1156 |  Accuracy: 0.9549 | Prediction Confidence: 0.95 | Class 0:0.9502 | Class 1:0.9543
Epoch [71/120] | Loss: 0.1150 |  Accuracy: 0.9556 | Prediction Confidence: 0.95 | Class 0:0.9532 | Class 1:0.9562
Epoch [72/120] | Loss: 0.1139 |  Accuracy: 0.9562 | Prediction Confidence: 0.96 | Class 0:0.9564 | Class 1:0.9573
Epoch [73/120] | Loss: 0.1114 |  Accuracy: 0.9582 | Prediction Confidence: 0.96 | Class 0:0.9594 | Class 1:0.9574
Epoch [74/120] | Loss: 0.1073 |  Accuracy: 0.9595 | Prediction Confidence: 0.96 | Class 0:0.9622 | Class 1:0.9583
Epoch [75/120] | Loss: 0.1027 |  Accuracy: 0.9608 | Prediction Confidence: 0.96 | Class 0:0.9645 | Class 1:0.9596
Epoch [76/120] | Loss: 0.0982 |  Accuracy: 0.9647 | Prediction Confidence: 0.96 | Class 0:0.9639 | Class 1:0.9611
Epoch [77/120] | Loss: 0.0935 |  Accuracy: 0.9647 | Prediction Confidence: 0.96 | Class 0:0.9661 | Class 1:0.9634
Epoch [78/120] | Loss: 0.0878 |  Accuracy: 0.9680 | Prediction Confidence: 0.97 | Class 0:0.9645 | Class 1:0.9664
Epoch [79/120] | Loss: 0.0825 |  Accuracy: 0.9686 | Prediction Confidence: 0.97 | Class 0:0.9657 | Class 1:0.9692
Epoch [80/120] | Loss: 0.0771 |  Accuracy: 0.9719 | Prediction Confidence: 0.97 | Class 0:0.9654 | Class 1:0.9705
Epoch [81/120] | Loss: 0.0758 |  Accuracy: 0.9699 | Prediction Confidence: 0.97 | Class 0:0.9663 | Class 1:0.9723
Epoch [82/120] | Loss: 0.0760 |  Accuracy: 0.9725 | Prediction Confidence: 0.97 | Class 0:0.9661 | Class 1:0.9714
Epoch [83/120] | Loss: 0.0748 |  Accuracy: 0.9739 | Prediction Confidence: 0.97 | Class 0:0.9665 | Class 1:0.9726
Epoch [84/120] | Loss: 0.0727 |  Accuracy: 0.9758 | Prediction Confidence: 0.97 | Class 0:0.9688 | Class 1:0.9727
Epoch [85/120] | Loss: 0.0705 |  Accuracy: 0.9752 | Prediction Confidence: 0.97 | Class 0:0.9708 | Class 1:0.9752
Epoch [86/120] | Loss: 0.0687 |  Accuracy: 0.9752 | Prediction Confidence: 0.97 | Class 0:0.9730 | Class 1:0.9760
Epoch [87/120] | Loss: 0.0670 |  Accuracy: 0.9765 | Prediction Confidence: 0.98 | Class 0:0.9740 | Class 1:0.9764
Epoch [88/120] | Loss: 0.0721 |  Accuracy: 0.9752 | Prediction Confidence: 0.98 | Class 0:0.9757 | Class 1:0.9744
Epoch [89/120] | Loss: 0.0646 |  Accuracy: 0.9765 | Prediction Confidence: 0.98 | Class 0:0.9765 | Class 1:0.9792
Epoch [90/120] | Loss: 0.0661 |  Accuracy: 0.9758 | Prediction Confidence: 0.98 | Class 0:0.9775 | Class 1:0.9792
Epoch [91/120] | Loss: 0.0716 |  Accuracy: 0.9752 | Prediction Confidence: 0.98 | Class 0:0.9790 | Class 1:0.9781
Epoch [92/120] | Loss: 0.0560 |  Accuracy: 0.9824 | Prediction Confidence: 0.98 | Class 0:0.9757 | Class 1:0.9801
Epoch [93/120] | Loss: 0.0707 |  Accuracy: 0.9758 | Prediction Confidence: 0.98 | Class 0:0.9817 | Class 1:0.9762
Epoch [94/120] | Loss: 0.0500 |  Accuracy: 0.9810 | Prediction Confidence: 0.98 | Class 0:0.9804 | Class 1:0.9830
Epoch [95/120] | Loss: 0.0502 |  Accuracy: 0.9824 | Prediction Confidence: 0.98 | Class 0:0.9814 | Class 1:0.9835
Epoch [96/120] | Loss: 0.0538 |  Accuracy: 0.9804 | Prediction Confidence: 0.98 | Class 0:0.9810 | Class 1:0.9832
Epoch [97/120] | Loss: 0.0632 |  Accuracy: 0.9778 | Prediction Confidence: 0.98 | Class 0:0.9815 | Class 1:0.9820
Epoch [98/120] | Loss: 0.0610 |  Accuracy: 0.9817 | Prediction Confidence: 0.98 | Class 0:0.9812 | Class 1:0.9792
Epoch [99/120] | Loss: 0.0405 |  Accuracy: 0.9863 | Prediction Confidence: 0.98 | Class 0:0.9784 | Class 1:0.9834
Epoch [100/120] | Loss: 0.0384 |  Accuracy: 0.9876 | Prediction Confidence: 0.98 | Class 0:0.9799 | Class 1:0.9826
Epoch [101/120] | Loss: 0.0389 |  Accuracy: 0.9869 | Prediction Confidence: 0.98 | Class 0:0.9800 | Class 1:0.9842
Epoch [102/120] | Loss: 0.0510 |  Accuracy: 0.9830 | Prediction Confidence: 0.98 | Class 0:0.9805 | Class 1:0.9808
Epoch [103/120] | Loss: 0.0425 |  Accuracy: 0.9856 | Prediction Confidence: 0.98 | Class 0:0.9822 | Class 1:0.9846
Epoch [104/120] | Loss: 0.0457 |  Accuracy: 0.9876 | Prediction Confidence: 0.98 | Class 0:0.9802 | Class 1:0.9821
Epoch [105/120] | Loss: 0.0437 |  Accuracy: 0.9882 | Prediction Confidence: 0.98 | Class 0:0.9819 | Class 1:0.9839
Epoch [106/120] | Loss: 0.0446 |  Accuracy: 0.9869 | Prediction Confidence: 0.98 | Class 0:0.9816 | Class 1:0.9794
Epoch [107/120] | Loss: 0.1003 |  Accuracy: 0.9784 | Prediction Confidence: 0.98 | Class 0:0.9818 | Class 1:0.9808
Epoch [108/120] | Loss: 0.0580 |  Accuracy: 0.9850 | Prediction Confidence: 0.98 | Class 0:0.9765 | Class 1:0.9819
Epoch [109/120] | Loss: 0.0381 |  Accuracy: 0.9882 | Prediction Confidence: 0.98 | Class 0:0.9832 | Class 1:0.9818
Epoch [110/120] | Loss: 0.0365 |  Accuracy: 0.9908 | Prediction Confidence: 0.98 | Class 0:0.9831 | Class 1:0.9812
Epoch [111/120] | Loss: 0.0352 |  Accuracy: 0.9895 | Prediction Confidence: 0.98 | Class 0:0.9844 | Class 1:0.9831
Epoch [112/120] | Loss: 0.0335 |  Accuracy: 0.9902 | Prediction Confidence: 0.98 | Class 0:0.9854 | Class 1:0.9833
Epoch [113/120] | Loss: 0.0313 |  Accuracy: 0.9922 | Prediction Confidence: 0.98 | Class 0:0.9847 | Class 1:0.9838
Epoch [114/120] | Loss: 0.0306 |  Accuracy: 0.9922 | Prediction Confidence: 0.98 | Class 0:0.9849 | Class 1:0.9852
Epoch [115/120] | Loss: 0.0307 |  Accuracy: 0.9928 | Prediction Confidence: 0.99 | Class 0:0.9851 | Class 1:0.9853
Epoch [116/120] | Loss: 0.0305 |  Accuracy: 0.9935 | Prediction Confidence: 0.99 | Class 0:0.9854 | Class 1:0.9852
Epoch [117/120] | Loss: 0.0301 |  Accuracy: 0.9935 | Prediction Confidence: 0.99 | Class 0:0.9859 | Class 1:0.9858
Epoch [118/120] | Loss: 0.0298 |  Accuracy: 0.9922 | Prediction Confidence: 0.99 | Class 0:0.9869 | Class 1:0.9867
Epoch [119/120] | Loss: 0.0286 |  Accuracy: 0.9922 | Prediction Confidence: 0.99 | Class 0:0.9871 | Class 1:0.9869
Epoch [120/120] | Loss: 0.0281 |  Accuracy: 0.9922 | Prediction Confidence: 0.99 | Class 0:0.9870 | Class 1:0.9869
Test Accuracy 98.68421052631578 | Confidence ({0: array([0.98116916], dtype=float32), 1: array([0.99641126], dtype=float32)}, 0.9887902)
