Config: 
 {
  "model_save_path": "/tmp/",
  "model": "dnn",
  "loss": "ce",
  "model_name": "blip_mc_dnn_ce_mc",
  "dependency_meta": "",
  "timesteps": 10,
  "num_classes": 10,
  "rnn_config": {
    "ninp": 1,
    "nhid": 1000,
    "nlayers": 3,
    "nclasses": 10
  },
  "dnn_config": {
    "layers": [
      300,
      200,
      100,
      10
    ]
  },
  "batch_size": 32,
  "num_epochs": 100,
  "learning_rate": 0.001
}
Model: 
 Linear(
  (layers): ModuleList(
    (0): Linear(in_features=10, out_features=300, bias=True)
    (1): Linear(in_features=300, out_features=200, bias=True)
    (2): Linear(in_features=200, out_features=100, bias=True)
    (3): Linear(in_features=100, out_features=10, bias=True)
  )
  (sigmoid_activation): Sigmoid()
  (softmax_activation): Softmax(dim=-1)
)
Epoch[1/100] | Loss:2.3249 |Acc: 9.2500|Pred Confidence: nan | C 0:0.1240 | C 1:0.1391 | C 2:0.1134| C 3:0.1221| C 4:0.1333| C 5:nan| C 6:nan| C 7:0.1188| C 8:0.1233| C 9:0.1250| C 10:nan| C 11:nan
Epoch[2/100] | Loss:2.2712 |Acc: 15.1250|Pred Confidence: nan | C 0:0.1248 | C 1:0.1343 | C 2:nan| C 3:0.1292| C 4:0.1197| C 5:0.1290| C 6:0.1347| C 7:0.1248| C 8:0.1325| C 9:0.1352| C 10:nan| C 11:nan
Epoch[3/100] | Loss:1.8666 |Acc: 46.8750|Pred Confidence: nan | C 0:0.1589 | C 1:0.1749 | C 2:0.1775| C 3:0.1497| C 4:0.1759| C 5:0.2108| C 6:0.2089| C 7:0.2040| C 8:0.2516| C 9:0.1789| C 10:nan| C 11:nan
Epoch[4/100] | Loss:1.1456 |Acc: 87.2500|Pred Confidence: 0.35 | C 0:0.2624 | C 1:0.2897 | C 2:0.2416| C 3:0.2483| C 4:0.3152| C 5:0.3498| C 6:0.4660| C 7:0.5056| C 8:0.4109| C 9:0.3586| C 10:nan| C 11:nan
Epoch[5/100] | Loss:0.6978 |Acc: 100.0000|Pred Confidence: 0.51 | C 0:0.4158 | C 1:0.4253 | C 2:0.3838| C 3:0.4634| C 4:0.5103| C 5:0.5484| C 6:0.6473| C 7:0.6959| C 8:0.5351| C 9:0.4986| C 10:nan| C 11:nan
Epoch[6/100] | Loss:0.3952 |Acc: 100.0000|Pred Confidence: 0.68 | C 0:0.5857 | C 1:0.5968 | C 2:0.6035| C 3:0.6988| C 4:0.6800| C 5:0.7220| C 6:0.7720| C 7:0.7926| C 8:0.6916| C 9:0.6647| C 10:nan| C 11:nan
Epoch[7/100] | Loss:0.2350 |Acc: 100.0000|Pred Confidence: 0.79 | C 0:0.7172 | C 1:0.7316 | C 2:0.7659| C 3:0.8187| C 4:0.7824| C 5:0.8196| C 6:0.8459| C 7:0.8562| C 8:0.8073| C 9:0.7916| C 10:nan| C 11:nan
Epoch[8/100] | Loss:0.1542 |Acc: 100.0000|Pred Confidence: 0.86 | C 0:0.8017 | C 1:0.8145 | C 2:0.8513| C 3:0.8802| C 4:0.8464| C 5:0.8741| C 6:0.8899| C 7:0.8970| C 8:0.8704| C 9:0.8614| C 10:nan| C 11:nan
Epoch[9/100] | Loss:0.1093 |Acc: 100.0000|Pred Confidence: 0.90 | C 0:0.8546 | C 1:0.8645 | C 2:0.8975| C 3:0.9150| C 4:0.8872| C 5:0.9072| C 6:0.9177| C 7:0.9229| C 8:0.9065| C 9:0.9008| C 10:nan| C 11:nan
Epoch[10/100] | Loss:0.0820 |Acc: 100.0000|Pred Confidence: 0.92 | C 0:0.8887 | C 1:0.8963 | C 2:0.9246| C 3:0.9363| C 4:0.9140| C 5:0.9287| C 6:0.9362| C 7:0.9401| C 8:0.9288| C 9:0.9251| C 10:nan| C 11:nan
Epoch[11/100] | Loss:0.0641 |Acc: 100.0000|Pred Confidence: 0.94 | C 0:0.9118 | C 1:0.9178 | C 2:0.9419| C 3:0.9504| C 4:0.9323| C 5:0.9434| C 6:0.9490| C 7:0.9521| C 8:0.9436| C 9:0.9411| C 10:nan| C 11:nan
Epoch[12/100] | Loss:0.0516 |Acc: 100.0000|Pred Confidence: 0.95 | C 0:0.9283 | C 1:0.9331 | C 2:0.9537| C 3:0.9601| C 4:0.9453| C 5:0.9539| C 6:0.9583| C 7:0.9608| C 8:0.9540| C 9:0.9524| C 10:nan| C 11:nan
Epoch[13/100] | Loss:0.0426 |Acc: 100.0000|Pred Confidence: 0.96 | C 0:0.9404 | C 1:0.9444 | C 2:0.9621| C 3:0.9671| C 4:0.9549| C 5:0.9617| C 6:0.9652| C 7:0.9672| C 8:0.9617| C 9:0.9606| C 10:nan| C 11:nan
Epoch[14/100] | Loss:0.0358 |Acc: 100.0000|Pred Confidence: 0.97 | C 0:0.9497 | C 1:0.9530 | C 2:0.9683| C 3:0.9724| C 4:0.9621| C 5:0.9676| C 6:0.9705| C 7:0.9722| C 8:0.9676| C 9:0.9668| C 10:nan| C 11:nan
Epoch[15/100] | Loss:0.0306 |Acc: 100.0000|Pred Confidence: 0.97 | C 0:0.9569 | C 1:0.9598 | C 2:0.9731| C 3:0.9765| C 4:0.9677| C 5:0.9722| C 6:0.9746| C 7:0.9761| C 8:0.9721| C 9:0.9717| C 10:nan| C 11:nan
Epoch[16/100] | Loss:0.0264 |Acc: 100.0000|Pred Confidence: 0.97 | C 0:0.9627 | C 1:0.9651 | C 2:0.9768| C 3:0.9797| C 4:0.9722| C 5:0.9759| C 6:0.9780| C 7:0.9792| C 8:0.9758| C 9:0.9755| C 10:nan| C 11:nan
Epoch[17/100] | Loss:0.0230 |Acc: 100.0000|Pred Confidence: 0.98 | C 0:0.9673 | C 1:0.9695 | C 2:0.9798| C 3:0.9822| C 4:0.9758| C 5:0.9789| C 6:0.9807| C 7:0.9817| C 8:0.9787| C 9:0.9786| C 10:nan| C 11:nan
Epoch[18/100] | Loss:0.0203 |Acc: 100.0000|Pred Confidence: 0.98 | C 0:0.9712 | C 1:0.9731 | C 2:0.9822| C 3:0.9844| C 4:0.9787| C 5:0.9814| C 6:0.9829| C 7:0.9838| C 8:0.9812| C 9:0.9812| C 10:nan| C 11:nan
Epoch[19/100] | Loss:0.0180 |Acc: 100.0000|Pred Confidence: 0.98 | C 0:0.9744 | C 1:0.9760 | C 2:0.9842| C 3:0.9861| C 4:0.9812| C 5:0.9834| C 6:0.9848| C 7:0.9856| C 8:0.9833| C 9:0.9833| C 10:nan| C 11:nan
Epoch[20/100] | Loss:0.0161 |Acc: 100.0000|Pred Confidence: 0.98 | C 0:0.9770 | C 1:0.9785 | C 2:0.9859| C 3:0.9876| C 4:0.9832| C 5:0.9852| C 6:0.9864| C 7:0.9871| C 8:0.9850| C 9:0.9851| C 10:nan| C 11:nan
Epoch[21/100] | Loss:0.0145 |Acc: 100.0000|Pred Confidence: 0.99 | C 0:0.9793 | C 1:0.9807 | C 2:0.9874| C 3:0.9889| C 4:0.9850| C 5:0.9866| C 6:0.9877| C 7:0.9883| C 8:0.9865| C 9:0.9866| C 10:nan| C 11:nan
Epoch[22/100] | Loss:0.0131 |Acc: 100.0000|Pred Confidence: 0.99 | C 0:0.9813 | C 1:0.9825 | C 2:0.9886| C 3:0.9899| C 4:0.9865| C 5:0.9879| C 6:0.9889| C 7:0.9894| C 8:0.9878| C 9:0.9879| C 10:nan| C 11:nan
Epoch[23/100] | Loss:0.0119 |Acc: 100.0000|Pred Confidence: 0.99 | C 0:0.9830 | C 1:0.9841 | C 2:0.9897| C 3:0.9909| C 4:0.9877| C 5:0.9890| C 6:0.9899| C 7:0.9904| C 8:0.9889| C 9:0.9890| C 10:nan| C 11:nan
Epoch[24/100] | Loss:0.0108 |Acc: 100.0000|Pred Confidence: 0.99 | C 0:0.9845 | C 1:0.9855 | C 2:0.9906| C 3:0.9917| C 4:0.9889| C 5:0.9900| C 6:0.9908| C 7:0.9912| C 8:0.9899| C 9:0.9900| C 10:nan| C 11:nan
Epoch[25/100] | Loss:0.0099 |Acc: 100.0000|Pred Confidence: 0.99 | C 0:0.9858 | C 1:0.9867 | C 2:0.9914| C 3:0.9924| C 4:0.9898| C 5:0.9908| C 6:0.9916| C 7:0.9920| C 8:0.9907| C 9:0.9909| C 10:nan| C 11:nan
Epoch[26/100] | Loss:0.0091 |Acc: 100.0000|Pred Confidence: 0.99 | C 0:0.9870 | C 1:0.9877 | C 2:0.9921| C 3:0.9930| C 4:0.9907| C 5:0.9916| C 6:0.9922| C 7:0.9926| C 8:0.9915| C 9:0.9916| C 10:nan| C 11:nan
Epoch[27/100] | Loss:0.0083 |Acc: 100.0000|Pred Confidence: 0.99 | C 0:0.9880 | C 1:0.9887 | C 2:0.9928| C 3:0.9936| C 4:0.9915| C 5:0.9922| C 6:0.9929| C 7:0.9932| C 8:0.9922| C 9:0.9923| C 10:nan| C 11:nan
Epoch[28/100] | Loss:0.0077 |Acc: 100.0000|Pred Confidence: 0.99 | C 0:0.9889 | C 1:0.9896 | C 2:0.9933| C 3:0.9941| C 4:0.9921| C 5:0.9928| C 6:0.9934| C 7:0.9937| C 8:0.9928| C 9:0.9929| C 10:nan| C 11:nan
Epoch[29/100] | Loss:0.0071 |Acc: 100.0000|Pred Confidence: 0.99 | C 0:0.9897 | C 1:0.9903 | C 2:0.9938| C 3:0.9945| C 4:0.9927| C 5:0.9934| C 6:0.9939| C 7:0.9942| C 8:0.9933| C 9:0.9934| C 10:nan| C 11:nan
Epoch[30/100] | Loss:0.0066 |Acc: 100.0000|Pred Confidence: 0.99 | C 0:0.9905 | C 1:0.9910 | C 2:0.9943| C 3:0.9949| C 4:0.9933| C 5:0.9938| C 6:0.9943| C 7:0.9946| C 8:0.9938| C 9:0.9939| C 10:nan| C 11:nan
Epoch[31/100] | Loss:0.0061 |Acc: 100.0000|Pred Confidence: 0.99 | C 0:0.9911 | C 1:0.9916 | C 2:0.9947| C 3:0.9953| C 4:0.9938| C 5:0.9943| C 6:0.9947| C 7:0.9950| C 8:0.9942| C 9:0.9943| C 10:nan| C 11:nan
Epoch[32/100] | Loss:0.0057 |Acc: 100.0000|Pred Confidence: 0.99 | C 0:0.9917 | C 1:0.9922 | C 2:0.9951| C 3:0.9956| C 4:0.9942| C 5:0.9947| C 6:0.9951| C 7:0.9953| C 8:0.9946| C 9:0.9947| C 10:nan| C 11:nan
Epoch[33/100] | Loss:0.0053 |Acc: 100.0000|Pred Confidence: 0.99 | C 0:0.9923 | C 1:0.9927 | C 2:0.9954| C 3:0.9959| C 4:0.9946| C 5:0.9950| C 6:0.9954| C 7:0.9956| C 8:0.9950| C 9:0.9951| C 10:nan| C 11:nan
Epoch[34/100] | Loss:0.0050 |Acc: 100.0000|Pred Confidence: 1.00 | C 0:0.9928 | C 1:0.9932 | C 2:0.9957| C 3:0.9962| C 4:0.9950| C 5:0.9954| C 6:0.9957| C 7:0.9959| C 8:0.9953| C 9:0.9954| C 10:nan| C 11:nan
Epoch[35/100] | Loss:0.0047 |Acc: 100.0000|Pred Confidence: 1.00 | C 0:0.9932 | C 1:0.9936 | C 2:0.9960| C 3:0.9964| C 4:0.9953| C 5:0.9957| C 6:0.9960| C 7:0.9962| C 8:0.9956| C 9:0.9957| C 10:nan| C 11:nan
Epoch[36/100] | Loss:0.0044 |Acc: 100.0000|Pred Confidence: 1.00 | C 0:0.9937 | C 1:0.9940 | C 2:0.9962| C 3:0.9966| C 4:0.9956| C 5:0.9959| C 6:0.9963| C 7:0.9964| C 8:0.9959| C 9:0.9960| C 10:nan| C 11:nan
Epoch[37/100] | Loss:0.0041 |Acc: 100.0000|Pred Confidence: 1.00 | C 0:0.9941 | C 1:0.9944 | C 2:0.9965| C 3:0.9968| C 4:0.9959| C 5:0.9962| C 6:0.9965| C 7:0.9966| C 8:0.9961| C 9:0.9962| C 10:nan| C 11:nan
Epoch[38/100] | Loss:0.0038 |Acc: 100.0000|Pred Confidence: 1.00 | C 0:0.9944 | C 1:0.9947 | C 2:0.9967| C 3:0.9970| C 4:0.9961| C 5:0.9964| C 6:0.9967| C 7:0.9968| C 8:0.9964| C 9:0.9964| C 10:nan| C 11:nan
Epoch[39/100] | Loss:0.0036 |Acc: 100.0000|Pred Confidence: 1.00 | C 0:0.9947 | C 1:0.9950 | C 2:0.9969| C 3:0.9972| C 4:0.9964| C 5:0.9966| C 6:0.9969| C 7:0.9970| C 8:0.9966| C 9:0.9967| C 10:nan| C 11:nan
Epoch[40/100] | Loss:0.0034 |Acc: 100.0000|Pred Confidence: 1.00 | C 0:0.9950 | C 1:0.9953 | C 2:0.9971| C 3:0.9974| C 4:0.9966| C 5:0.9968| C 6:0.9971| C 7:0.9972| C 8:0.9968| C 9:0.9968| C 10:nan| C 11:nan
Epoch[41/100] | Loss:0.0032 |Acc: 100.0000|Pred Confidence: 1.00 | C 0:0.9953 | C 1:0.9956 | C 2:0.9972| C 3:0.9975| C 4:0.9968| C 5:0.9970| C 6:0.9972| C 7:0.9974| C 8:0.9970| C 9:0.9970| C 10:nan| C 11:nan
Epoch[42/100] | Loss:0.0030 |Acc: 100.0000|Pred Confidence: 1.00 | C 0:0.9956 | C 1:0.9958 | C 2:0.9974| C 3:0.9977| C 4:0.9970| C 5:0.9972| C 6:0.9974| C 7:0.9975| C 8:0.9971| C 9:0.9972| C 10:nan| C 11:nan
Epoch[43/100] | Loss:0.0029 |Acc: 100.0000|Pred Confidence: 1.00 | C 0:0.9958 | C 1:0.9961 | C 2:0.9976| C 3:0.9978| C 4:0.9971| C 5:0.9973| C 6:0.9976| C 7:0.9976| C 8:0.9973| C 9:0.9974| C 10:nan| C 11:nan
Epoch[44/100] | Loss:0.0027 |Acc: 100.0000|Pred Confidence: 1.00 | C 0:0.9961 | C 1:0.9963 | C 2:0.9977| C 3:0.9979| C 4:0.9973| C 5:0.9975| C 6:0.9977| C 7:0.9978| C 8:0.9974| C 9:0.9975| C 10:nan| C 11:nan
Epoch[45/100] | Loss:0.0026 |Acc: 100.0000|Pred Confidence: 1.00 | C 0:0.9963 | C 1:0.9965 | C 2:0.9978| C 3:0.9980| C 4:0.9974| C 5:0.9976| C 6:0.9978| C 7:0.9979| C 8:0.9976| C 9:0.9976| C 10:nan| C 11:nan
Epoch[46/100] | Loss:0.0024 |Acc: 100.0000|Pred Confidence: 1.00 | C 0:0.9965 | C 1:0.9967 | C 2:0.9979| C 3:0.9981| C 4:0.9976| C 5:0.9978| C 6:0.9979| C 7:0.9980| C 8:0.9977| C 9:0.9978| C 10:nan| C 11:nan
Epoch[47/100] | Loss:0.0023 |Acc: 100.0000|Pred Confidence: 1.00 | C 0:0.9967 | C 1:0.9968 | C 2:0.9980| C 3:0.9982| C 4:0.9977| C 5:0.9979| C 6:0.9980| C 7:0.9981| C 8:0.9978| C 9:0.9979| C 10:nan| C 11:nan
Epoch[48/100] | Loss:0.0022 |Acc: 100.0000|Pred Confidence: 1.00 | C 0:0.9968 | C 1:0.9970 | C 2:0.9981| C 3:0.9983| C 4:0.9978| C 5:0.9980| C 6:0.9981| C 7:0.9982| C 8:0.9979| C 9:0.9980| C 10:nan| C 11:nan
Epoch[49/100] | Loss:0.0021 |Acc: 100.0000|Pred Confidence: 1.00 | C 0:0.9970 | C 1:0.9971 | C 2:0.9982| C 3:0.9984| C 4:0.9979| C 5:0.9981| C 6:0.9982| C 7:0.9983| C 8:0.9981| C 9:0.9981| C 10:nan| C 11:nan
Epoch[50/100] | Loss:0.0020 |Acc: 100.0000|Pred Confidence: 1.00 | C 0:0.9971 | C 1:0.9973 | C 2:0.9983| C 3:0.9985| C 4:0.9981| C 5:0.9982| C 6:0.9983| C 7:0.9984| C 8:0.9982| C 9:0.9982| C 10:nan| C 11:nan
Epoch[51/100] | Loss:0.0019 |Acc: 100.0000|Pred Confidence: 1.00 | C 0:0.9973 | C 1:0.9974 | C 2:0.9984| C 3:0.9986| C 4:0.9982| C 5:0.9983| C 6:0.9984| C 7:0.9985| C 8:0.9982| C 9:0.9983| C 10:nan| C 11:nan
Epoch[52/100] | Loss:0.0018 |Acc: 100.0000|Pred Confidence: 1.00 | C 0:0.9974 | C 1:0.9976 | C 2:0.9985| C 3:0.9986| C 4:0.9982| C 5:0.9984| C 6:0.9985| C 7:0.9985| C 8:0.9983| C 9:0.9984| C 10:nan| C 11:nan
Epoch[53/100] | Loss:0.0017 |Acc: 100.0000|Pred Confidence: 1.00 | C 0:0.9975 | C 1:0.9977 | C 2:0.9986| C 3:0.9987| C 4:0.9983| C 5:0.9984| C 6:0.9986| C 7:0.9986| C 8:0.9984| C 9:0.9984| C 10:nan| C 11:nan
Epoch[54/100] | Loss:0.0016 |Acc: 100.0000|Pred Confidence: 1.00 | C 0:0.9977 | C 1:0.9978 | C 2:0.9986| C 3:0.9988| C 4:0.9984| C 5:0.9985| C 6:0.9986| C 7:0.9987| C 8:0.9985| C 9:0.9985| C 10:nan| C 11:nan
Epoch[55/100] | Loss:0.0015 |Acc: 100.0000|Pred Confidence: 1.00 | C 0:0.9978 | C 1:0.9979 | C 2:0.9987| C 3:0.9988| C 4:0.9985| C 5:0.9986| C 6:0.9987| C 7:0.9987| C 8:0.9986| C 9:0.9986| C 10:nan| C 11:nan
Epoch[56/100] | Loss:0.0014 |Acc: 100.0000|Pred Confidence: 1.00 | C 0:0.9979 | C 1:0.9980 | C 2:0.9988| C 3:0.9989| C 4:0.9986| C 5:0.9987| C 6:0.9988| C 7:0.9988| C 8:0.9986| C 9:0.9987| C 10:nan| C 11:nan
Epoch[57/100] | Loss:0.0014 |Acc: 100.0000|Pred Confidence: 1.00 | C 0:0.9980 | C 1:0.9981 | C 2:0.9988| C 3:0.9989| C 4:0.9986| C 5:0.9987| C 6:0.9988| C 7:0.9989| C 8:0.9987| C 9:0.9987| C 10:nan| C 11:nan
Epoch[58/100] | Loss:0.0013 |Acc: 100.0000|Pred Confidence: 1.00 | C 0:0.9981 | C 1:0.9982 | C 2:0.9989| C 3:0.9990| C 4:0.9987| C 5:0.9988| C 6:0.9989| C 7:0.9989| C 8:0.9988| C 9:0.9988| C 10:nan| C 11:nan
Epoch[59/100] | Loss:0.0012 |Acc: 100.0000|Pred Confidence: 1.00 | C 0:0.9982 | C 1:0.9983 | C 2:0.9989| C 3:0.9990| C 4:0.9988| C 5:0.9988| C 6:0.9989| C 7:0.9990| C 8:0.9988| C 9:0.9988| C 10:nan| C 11:nan
Epoch[60/100] | Loss:0.0012 |Acc: 100.0000|Pred Confidence: 1.00 | C 0:0.9983 | C 1:0.9983 | C 2:0.9990| C 3:0.9991| C 4:0.9988| C 5:0.9989| C 6:0.9990| C 7:0.9990| C 8:0.9989| C 9:0.9989| C 10:nan| C 11:nan
Epoch[61/100] | Loss:0.0011 |Acc: 100.0000|Pred Confidence: 1.00 | C 0:0.9983 | C 1:0.9984 | C 2:0.9990| C 3:0.9991| C 4:0.9989| C 5:0.9990| C 6:0.9990| C 7:0.9991| C 8:0.9989| C 9:0.9990| C 10:nan| C 11:nan
Epoch[62/100] | Loss:0.0011 |Acc: 100.0000|Pred Confidence: 1.00 | C 0:0.9984 | C 1:0.9985 | C 2:0.9991| C 3:0.9992| C 4:0.9989| C 5:0.9990| C 6:0.9991| C 7:0.9991| C 8:0.9990| C 9:0.9990| C 10:nan| C 11:nan
Epoch[63/100] | Loss:0.0010 |Acc: 100.0000|Pred Confidence: 1.00 | C 0:0.9985 | C 1:0.9986 | C 2:0.9991| C 3:0.9992| C 4:0.9990| C 5:0.9990| C 6:0.9991| C 7:0.9991| C 8:0.9990| C 9:0.9990| C 10:nan| C 11:nan
Epoch[64/100] | Loss:0.0010 |Acc: 100.0000|Pred Confidence: 1.00 | C 0:0.9986 | C 1:0.9986 | C 2:0.9992| C 3:0.9992| C 4:0.9990| C 5:0.9991| C 6:0.9992| C 7:0.9992| C 8:0.9991| C 9:0.9991| C 10:nan| C 11:nan
Epoch[65/100] | Loss:0.0009 |Acc: 100.0000|Pred Confidence: 1.00 | C 0:0.9986 | C 1:0.9987 | C 2:0.9992| C 3:0.9993| C 4:0.9991| C 5:0.9991| C 6:0.9992| C 7:0.9992| C 8:0.9991| C 9:0.9991| C 10:nan| C 11:nan
Epoch[66/100] | Loss:0.0009 |Acc: 100.0000|Pred Confidence: 1.00 | C 0:0.9987 | C 1:0.9988 | C 2:0.9992| C 3:0.9993| C 4:0.9991| C 5:0.9992| C 6:0.9992| C 7:0.9993| C 8:0.9992| C 9:0.9992| C 10:nan| C 11:nan
Epoch[67/100] | Loss:0.0009 |Acc: 100.0000|Pred Confidence: 1.00 | C 0:0.9987 | C 1:0.9988 | C 2:0.9993| C 3:0.9993| C 4:0.9992| C 5:0.9992| C 6:0.9993| C 7:0.9993| C 8:0.9992| C 9:0.9992| C 10:nan| C 11:nan
Epoch[68/100] | Loss:0.0008 |Acc: 100.0000|Pred Confidence: 1.00 | C 0:0.9988 | C 1:0.9989 | C 2:0.9993| C 3:0.9994| C 4:0.9992| C 5:0.9992| C 6:0.9993| C 7:0.9993| C 8:0.9992| C 9:0.9992| C 10:nan| C 11:nan
Epoch[69/100] | Loss:0.0008 |Acc: 100.0000|Pred Confidence: 1.00 | C 0:0.9989 | C 1:0.9989 | C 2:0.9993| C 3:0.9994| C 4:0.9992| C 5:0.9993| C 6:0.9993| C 7:0.9994| C 8:0.9993| C 9:0.9993| C 10:nan| C 11:nan
Epoch[70/100] | Loss:0.0007 |Acc: 100.0000|Pred Confidence: 1.00 | C 0:0.9989 | C 1:0.9990 | C 2:0.9994| C 3:0.9994| C 4:0.9993| C 5:0.9993| C 6:0.9994| C 7:0.9994| C 8:0.9993| C 9:0.9993| C 10:nan| C 11:nan
Epoch[71/100] | Loss:0.0007 |Acc: 100.0000|Pred Confidence: 1.00 | C 0:0.9990 | C 1:0.9990 | C 2:0.9994| C 3:0.9995| C 4:0.9993| C 5:0.9993| C 6:0.9994| C 7:0.9994| C 8:0.9993| C 9:0.9993| C 10:nan| C 11:nan
Epoch[72/100] | Loss:0.0007 |Acc: 100.0000|Pred Confidence: 1.00 | C 0:0.9990 | C 1:0.9991 | C 2:0.9994| C 3:0.9995| C 4:0.9993| C 5:0.9994| C 6:0.9994| C 7:0.9994| C 8:0.9994| C 9:0.9994| C 10:nan| C 11:nan
Epoch[73/100] | Loss:0.0006 |Acc: 100.0000|Pred Confidence: 1.00 | C 0:0.9990 | C 1:0.9991 | C 2:0.9994| C 3:0.9995| C 4:0.9994| C 5:0.9994| C 6:0.9994| C 7:0.9995| C 8:0.9994| C 9:0.9994| C 10:nan| C 11:nan
Epoch[74/100] | Loss:0.0006 |Acc: 100.0000|Pred Confidence: 1.00 | C 0:0.9991 | C 1:0.9991 | C 2:0.9995| C 3:0.9995| C 4:0.9994| C 5:0.9994| C 6:0.9995| C 7:0.9995| C 8:0.9994| C 9:0.9994| C 10:nan| C 11:nan
Epoch[75/100] | Loss:0.0006 |Acc: 100.0000|Pred Confidence: 1.00 | C 0:0.9991 | C 1:0.9992 | C 2:0.9995| C 3:0.9995| C 4:0.9994| C 5:0.9995| C 6:0.9995| C 7:0.9995| C 8:0.9994| C 9:0.9994| C 10:nan| C 11:nan
Epoch[76/100] | Loss:0.0006 |Acc: 100.0000|Pred Confidence: 1.00 | C 0:0.9992 | C 1:0.9992 | C 2:0.9995| C 3:0.9996| C 4:0.9994| C 5:0.9995| C 6:0.9995| C 7:0.9995| C 8:0.9995| C 9:0.9995| C 10:nan| C 11:nan
Epoch[77/100] | Loss:0.0005 |Acc: 100.0000|Pred Confidence: 1.00 | C 0:0.9992 | C 1:0.9992 | C 2:0.9995| C 3:0.9996| C 4:0.9995| C 5:0.9995| C 6:0.9995| C 7:0.9996| C 8:0.9995| C 9:0.9995| C 10:nan| C 11:nan
Epoch[78/100] | Loss:0.0005 |Acc: 100.0000|Pred Confidence: 1.00 | C 0:0.9992 | C 1:0.9993 | C 2:0.9996| C 3:0.9996| C 4:0.9995| C 5:0.9995| C 6:0.9996| C 7:0.9996| C 8:0.9995| C 9:0.9995| C 10:nan| C 11:nan
Epoch[79/100] | Loss:0.0005 |Acc: 100.0000|Pred Confidence: 1.00 | C 0:0.9993 | C 1:0.9993 | C 2:0.9996| C 3:0.9996| C 4:0.9995| C 5:0.9995| C 6:0.9996| C 7:0.9996| C 8:0.9995| C 9:0.9995| C 10:nan| C 11:nan
Epoch[80/100] | Loss:0.0005 |Acc: 100.0000|Pred Confidence: 1.00 | C 0:0.9993 | C 1:0.9993 | C 2:0.9996| C 3:0.9996| C 4:0.9995| C 5:0.9996| C 6:0.9996| C 7:0.9996| C 8:0.9995| C 9:0.9996| C 10:nan| C 11:nan
Epoch[81/100] | Loss:0.0005 |Acc: 100.0000|Pred Confidence: 1.00 | C 0:0.9993 | C 1:0.9994 | C 2:0.9996| C 3:0.9996| C 4:0.9995| C 5:0.9996| C 6:0.9996| C 7:0.9996| C 8:0.9996| C 9:0.9996| C 10:nan| C 11:nan
Epoch[82/100] | Loss:0.0004 |Acc: 100.0000|Pred Confidence: 1.00 | C 0:0.9994 | C 1:0.9994 | C 2:0.9996| C 3:0.9997| C 4:0.9996| C 5:0.9996| C 6:0.9996| C 7:0.9996| C 8:0.9996| C 9:0.9996| C 10:nan| C 11:nan
Epoch[83/100] | Loss:0.0004 |Acc: 100.0000|Pred Confidence: 1.00 | C 0:0.9994 | C 1:0.9994 | C 2:0.9996| C 3:0.9997| C 4:0.9996| C 5:0.9996| C 6:0.9996| C 7:0.9997| C 8:0.9996| C 9:0.9996| C 10:nan| C 11:nan
Epoch[84/100] | Loss:0.0004 |Acc: 100.0000|Pred Confidence: 1.00 | C 0:0.9994 | C 1:0.9994 | C 2:0.9997| C 3:0.9997| C 4:0.9996| C 5:0.9996| C 6:0.9997| C 7:0.9997| C 8:0.9996| C 9:0.9996| C 10:nan| C 11:nan
Epoch[85/100] | Loss:0.0004 |Acc: 100.0000|Pred Confidence: 1.00 | C 0:0.9994 | C 1:0.9995 | C 2:0.9997| C 3:0.9997| C 4:0.9996| C 5:0.9996| C 6:0.9997| C 7:0.9997| C 8:0.9996| C 9:0.9996| C 10:nan| C 11:nan
Epoch[86/100] | Loss:0.0004 |Acc: 100.0000|Pred Confidence: 1.00 | C 0:0.9995 | C 1:0.9995 | C 2:0.9997| C 3:0.9997| C 4:0.9996| C 5:0.9997| C 6:0.9997| C 7:0.9997| C 8:0.9997| C 9:0.9997| C 10:nan| C 11:nan
Epoch[87/100] | Loss:0.0004 |Acc: 100.0000|Pred Confidence: 1.00 | C 0:0.9995 | C 1:0.9995 | C 2:0.9997| C 3:0.9997| C 4:0.9996| C 5:0.9997| C 6:0.9997| C 7:0.9997| C 8:0.9997| C 9:0.9997| C 10:nan| C 11:nan
Epoch[88/100] | Loss:0.0003 |Acc: 100.0000|Pred Confidence: 1.00 | C 0:0.9995 | C 1:0.9995 | C 2:0.9997| C 3:0.9997| C 4:0.9997| C 5:0.9997| C 6:0.9997| C 7:0.9997| C 8:0.9997| C 9:0.9997| C 10:nan| C 11:nan
Epoch[89/100] | Loss:0.0003 |Acc: 100.0000|Pred Confidence: 1.00 | C 0:0.9995 | C 1:0.9995 | C 2:0.9997| C 3:0.9997| C 4:0.9997| C 5:0.9997| C 6:0.9997| C 7:0.9997| C 8:0.9997| C 9:0.9997| C 10:nan| C 11:nan
Epoch[90/100] | Loss:0.0003 |Acc: 100.0000|Pred Confidence: 1.00 | C 0:0.9995 | C 1:0.9996 | C 2:0.9997| C 3:0.9998| C 4:0.9997| C 5:0.9997| C 6:0.9997| C 7:0.9998| C 8:0.9997| C 9:0.9997| C 10:nan| C 11:nan
Epoch[91/100] | Loss:0.0003 |Acc: 100.0000|Pred Confidence: 1.00 | C 0:0.9996 | C 1:0.9996 | C 2:0.9997| C 3:0.9998| C 4:0.9997| C 5:0.9997| C 6:0.9997| C 7:0.9998| C 8:0.9997| C 9:0.9997| C 10:nan| C 11:nan
Epoch[92/100] | Loss:0.0003 |Acc: 100.0000|Pred Confidence: 1.00 | C 0:0.9996 | C 1:0.9996 | C 2:0.9998| C 3:0.9998| C 4:0.9997| C 5:0.9997| C 6:0.9998| C 7:0.9998| C 8:0.9997| C 9:0.9997| C 10:nan| C 11:nan
Epoch[93/100] | Loss:0.0003 |Acc: 100.0000|Pred Confidence: 1.00 | C 0:0.9996 | C 1:0.9996 | C 2:0.9998| C 3:0.9998| C 4:0.9997| C 5:0.9997| C 6:0.9998| C 7:0.9998| C 8:0.9997| C 9:0.9997| C 10:nan| C 11:nan
Epoch[94/100] | Loss:0.0003 |Acc: 100.0000|Pred Confidence: 1.00 | C 0:0.9996 | C 1:0.9996 | C 2:0.9998| C 3:0.9998| C 4:0.9997| C 5:0.9998| C 6:0.9998| C 7:0.9998| C 8:0.9998| C 9:0.9998| C 10:nan| C 11:nan
Epoch[95/100] | Loss:0.0003 |Acc: 100.0000|Pred Confidence: 1.00 | C 0:0.9996 | C 1:0.9996 | C 2:0.9998| C 3:0.9998| C 4:0.9998| C 5:0.9998| C 6:0.9998| C 7:0.9998| C 8:0.9998| C 9:0.9998| C 10:nan| C 11:nan
Epoch[96/100] | Loss:0.0002 |Acc: 100.0000|Pred Confidence: 1.00 | C 0:0.9996 | C 1:0.9997 | C 2:0.9998| C 3:0.9998| C 4:0.9998| C 5:0.9998| C 6:0.9998| C 7:0.9998| C 8:0.9998| C 9:0.9998| C 10:nan| C 11:nan
Epoch[97/100] | Loss:0.0002 |Acc: 100.0000|Pred Confidence: 1.00 | C 0:0.9997 | C 1:0.9997 | C 2:0.9998| C 3:0.9998| C 4:0.9998| C 5:0.9998| C 6:0.9998| C 7:0.9998| C 8:0.9998| C 9:0.9998| C 10:nan| C 11:nan
Epoch[98/100] | Loss:0.0002 |Acc: 100.0000|Pred Confidence: 1.00 | C 0:0.9997 | C 1:0.9997 | C 2:0.9998| C 3:0.9998| C 4:0.9998| C 5:0.9998| C 6:0.9998| C 7:0.9998| C 8:0.9998| C 9:0.9998| C 10:nan| C 11:nan
Epoch[99/100] | Loss:0.0002 |Acc: 100.0000|Pred Confidence: 1.00 | C 0:0.9997 | C 1:0.9997 | C 2:0.9998| C 3:0.9998| C 4:0.9998| C 5:0.9998| C 6:0.9998| C 7:0.9998| C 8:0.9998| C 9:0.9998| C 10:nan| C 11:nan
Epoch[100/100] | Loss:0.0002 |Acc: 100.0000|Pred Confidence: 1.00 | C 0:0.9997 | C 1:0.9997 | C 2:0.9998| C 3:0.9998| C 4:0.9998| C 5:0.9998| C 6:0.9998| C 7:0.9998| C 8:0.9998| C 9:0.9998| C 10:nan| C 11:nan
Test 1 Accuracy 100.0 | Confidence ({0: array([0.9997029], dtype=float32), 1: array([0.9997211], dtype=float32), 2: array([0.9998306], dtype=float32), 3: array([0.99984455], dtype=float32), 4: array([0.9998011], dtype=float32), 5: array([0.999819], dtype=float32), 6: array([0.99983263], dtype=float32), 7: array([0.9998411], dtype=float32), 8: array([0.9998147], dtype=float32), 9: array([0.9998141], dtype=float32)}, 0.99980223)
Train 1 Accuracy 100.0 | Confidence ({0: array([0.9997029], dtype=float32), 1: array([0.99972093], dtype=float32), 2: array([0.9998307], dtype=float32), 3: array([0.99984473], dtype=float32), 4: array([0.9998011], dtype=float32), 5: array([0.9998188], dtype=float32), 6: array([0.9998326], dtype=float32), 7: array([0.9998411], dtype=float32), 8: array([0.9998148], dtype=float32), 9: array([0.9998142], dtype=float32)}, 0.99980223)
