Config: 
 {
  "model_save_path": "/tmp/",
  "model": "dnn",
  "loss": "ce",
  "model_name": "blip_mc_dnn_ce_mc",
  "dependency_meta": "",
  "timesteps": 10,
  "num_classes": 10,
  "rnn_config": {
    "ninp": 1,
    "nhid": 1000,
    "nlayers": 3,
    "nclasses": 10
  },
  "dnn_config": {
    "layers": [
      300,
      200,
      100,
      10
    ]
  },
  "batch_size": 32,
  "num_epochs": 200,
  "learning_rate": 0.001
}
Model: 
 Linear(
  (layers): ModuleList(
    (0): Linear(in_features=10, out_features=300, bias=True)
    (1): Linear(in_features=300, out_features=200, bias=True)
    (2): Linear(in_features=200, out_features=100, bias=True)
    (3): Linear(in_features=100, out_features=10, bias=True)
  )
  (sigmoid_activation): Sigmoid()
  (softmax_activation): Softmax(dim=-1)
)
Epoch[1/200] | Loss:2.3211 |Acc: 10.6250|Pred Confidence: nan | C 0:0.1178 | C 1:0.1311 | C 2:nan| C 3:0.1440| C 4:0.1234| C 5:0.1386| C 6:nan| C 7:nan| C 8:0.1329| C 9:0.1610| C 10:nan| C 11:nan
Epoch[2/200] | Loss:2.2792 |Acc: 15.7500|Pred Confidence: nan | C 0:0.1210 | C 1:0.1180 | C 2:nan| C 3:0.1491| C 4:0.1232| C 5:0.1311| C 6:nan| C 7:0.1135| C 8:0.1259| C 9:0.1205| C 10:nan| C 11:nan
Epoch[3/200] | Loss:1.9820 |Acc: 45.6250|Pred Confidence: nan | C 0:0.1807 | C 1:0.1370 | C 2:nan| C 3:0.2020| C 4:0.1521| C 5:0.1607| C 6:0.1787| C 7:0.1563| C 8:0.1706| C 9:0.1405| C 10:nan| C 11:nan
Epoch[4/200] | Loss:1.2794 |Acc: 68.5000|Pred Confidence: 0.35 | C 0:0.5166 | C 1:0.3102 | C 2:0.2887| C 3:0.3874| C 4:0.3286| C 5:0.3157| C 6:0.2636| C 7:0.2606| C 8:0.2724| C 9:0.2503| C 10:nan| C 11:nan
Epoch[5/200] | Loss:0.8385 |Acc: 82.6250|Pred Confidence: 0.50 | C 0:0.7342 | C 1:0.4529 | C 2:0.3632| C 3:0.5890| C 4:0.5164| C 5:0.5294| C 6:0.4351| C 7:0.3171| C 8:0.3305| C 9:0.3608| C 10:nan| C 11:nan
Epoch[6/200] | Loss:0.5600 |Acc: 94.8750|Pred Confidence: 0.61 | C 0:0.8197 | C 1:0.5608 | C 2:0.4426| C 3:0.7320| C 4:0.7010| C 5:0.7106| C 6:0.6063| C 7:0.3758| C 8:0.4053| C 9:0.5295| C 10:nan| C 11:nan
Epoch[7/200] | Loss:0.3235 |Acc: 100.0000|Pred Confidence: 0.74 | C 0:0.8805 | C 1:0.7165 | C 2:0.6077| C 3:0.8268| C 4:0.8229| C 5:0.8382| C 6:0.7366| C 7:0.5401| C 8:0.5915| C 9:0.6968| C 10:nan| C 11:nan
Epoch[8/200] | Loss:0.1714 |Acc: 100.0000|Pred Confidence: 0.85 | C 0:0.9223 | C 1:0.8360 | C 2:0.7749| C 3:0.8951| C 4:0.8891| C 5:0.9025| C 6:0.8329| C 7:0.7547| C 8:0.7830| C 9:0.8079| C 10:nan| C 11:nan
Epoch[9/200] | Loss:0.1048 |Acc: 100.0000|Pred Confidence: 0.90 | C 0:0.9478 | C 1:0.8968 | C 2:0.8610| C 3:0.9326| C 4:0.9223| C 5:0.9328| C 6:0.8906| C 7:0.8544| C 8:0.8719| C 9:0.8730| C 10:nan| C 11:nan
Epoch[10/200] | Loss:0.0727 |Acc: 100.0000|Pred Confidence: 0.93 | C 0:0.9622 | C 1:0.9277 | C 2:0.9054| C 3:0.9520| C 4:0.9413| C 5:0.9500| C 6:0.9217| C 7:0.8998| C 8:0.9132| C 9:0.9095| C 10:nan| C 11:nan
Epoch[11/200] | Loss:0.0544 |Acc: 100.0000|Pred Confidence: 0.95 | C 0:0.9713 | C 1:0.9456 | C 2:0.9294| C 3:0.9635| C 4:0.9539| C 5:0.9609| C 6:0.9401| C 7:0.9252| C 8:0.9362| C 9:0.9318| C 10:nan| C 11:nan
Epoch[12/200] | Loss:0.0428 |Acc: 100.0000|Pred Confidence: 0.96 | C 0:0.9773 | C 1:0.9570 | C 2:0.9444| C 3:0.9709| C 4:0.9626| C 5:0.9683| C 6:0.9521| C 7:0.9413| C 8:0.9506| C 9:0.9466| C 10:nan| C 11:nan
Epoch[13/200] | Loss:0.0348 |Acc: 100.0000|Pred Confidence: 0.97 | C 0:0.9815 | C 1:0.9649 | C 2:0.9548| C 3:0.9761| C 4:0.9690| C 5:0.9736| C 6:0.9606| C 7:0.9523| C 8:0.9603| C 9:0.9569| C 10:nan| C 11:nan
Epoch[14/200] | Loss:0.0290 |Acc: 100.0000|Pred Confidence: 0.97 | C 0:0.9845 | C 1:0.9706 | C 2:0.9623| C 3:0.9799| C 4:0.9738| C 5:0.9777| C 6:0.9669| C 7:0.9604| C 8:0.9673| C 9:0.9644| C 10:nan| C 11:nan
Epoch[15/200] | Loss:0.0245 |Acc: 100.0000|Pred Confidence: 0.98 | C 0:0.9868 | C 1:0.9750 | C 2:0.9680| C 3:0.9828| C 4:0.9775| C 5:0.9808| C 6:0.9717| C 7:0.9664| C 8:0.9726| C 9:0.9700| C 10:nan| C 11:nan
Epoch[16/200] | Loss:0.0211 |Acc: 100.0000|Pred Confidence: 0.98 | C 0:0.9886 | C 1:0.9785 | C 2:0.9725| C 3:0.9851| C 4:0.9804| C 5:0.9833| C 6:0.9755| C 7:0.9711| C 8:0.9767| C 9:0.9744| C 10:nan| C 11:nan
Epoch[17/200] | Loss:0.0184 |Acc: 100.0000|Pred Confidence: 0.98 | C 0:0.9900 | C 1:0.9812 | C 2:0.9760| C 3:0.9869| C 4:0.9828| C 5:0.9853| C 6:0.9785| C 7:0.9749| C 8:0.9799| C 9:0.9779| C 10:nan| C 11:nan
Epoch[18/200] | Loss:0.0161 |Acc: 100.0000|Pred Confidence: 0.98 | C 0:0.9912 | C 1:0.9834 | C 2:0.9789| C 3:0.9885| C 4:0.9848| C 5:0.9870| C 6:0.9810| C 7:0.9780| C 8:0.9825| C 9:0.9807| C 10:nan| C 11:nan
Epoch[19/200] | Loss:0.0143 |Acc: 100.0000|Pred Confidence: 0.99 | C 0:0.9922 | C 1:0.9853 | C 2:0.9813| C 3:0.9897| C 4:0.9864| C 5:0.9884| C 6:0.9831| C 7:0.9805| C 8:0.9846| C 9:0.9831| C 10:nan| C 11:nan
Epoch[20/200] | Loss:0.0128 |Acc: 100.0000|Pred Confidence: 0.99 | C 0:0.9930 | C 1:0.9869 | C 2:0.9833| C 3:0.9908| C 4:0.9878| C 5:0.9896| C 6:0.9849| C 7:0.9826| C 8:0.9864| C 9:0.9850| C 10:nan| C 11:nan
Epoch[21/200] | Loss:0.0115 |Acc: 100.0000|Pred Confidence: 0.99 | C 0:0.9937 | C 1:0.9882 | C 2:0.9850| C 3:0.9917| C 4:0.9890| C 5:0.9906| C 6:0.9864| C 7:0.9844| C 8:0.9878| C 9:0.9866| C 10:nan| C 11:nan
Epoch[22/200] | Loss:0.0103 |Acc: 100.0000|Pred Confidence: 0.99 | C 0:0.9943 | C 1:0.9893 | C 2:0.9864| C 3:0.9924| C 4:0.9900| C 5:0.9915| C 6:0.9877| C 7:0.9859| C 8:0.9891| C 9:0.9880| C 10:nan| C 11:nan
Epoch[23/200] | Loss:0.0094 |Acc: 100.0000|Pred Confidence: 0.99 | C 0:0.9948 | C 1:0.9903 | C 2:0.9877| C 3:0.9931| C 4:0.9909| C 5:0.9923| C 6:0.9888| C 7:0.9872| C 8:0.9901| C 9:0.9892| C 10:nan| C 11:nan
Epoch[24/200] | Loss:0.0085 |Acc: 100.0000|Pred Confidence: 0.99 | C 0:0.9953 | C 1:0.9911 | C 2:0.9888| C 3:0.9937| C 4:0.9917| C 5:0.9929| C 6:0.9898| C 7:0.9884| C 8:0.9910| C 9:0.9902| C 10:nan| C 11:nan
Epoch[25/200] | Loss:0.0078 |Acc: 100.0000|Pred Confidence: 0.99 | C 0:0.9957 | C 1:0.9919 | C 2:0.9897| C 3:0.9942| C 4:0.9924| C 5:0.9935| C 6:0.9906| C 7:0.9894| C 8:0.9918| C 9:0.9911| C 10:nan| C 11:nan
Epoch[26/200] | Loss:0.0072 |Acc: 100.0000|Pred Confidence: 0.99 | C 0:0.9960 | C 1:0.9926 | C 2:0.9906| C 3:0.9947| C 4:0.9930| C 5:0.9940| C 6:0.9914| C 7:0.9903| C 8:0.9925| C 9:0.9919| C 10:nan| C 11:nan
Epoch[27/200] | Loss:0.0066 |Acc: 100.0000|Pred Confidence: 0.99 | C 0:0.9963 | C 1:0.9931 | C 2:0.9913| C 3:0.9951| C 4:0.9935| C 5:0.9945| C 6:0.9920| C 7:0.9910| C 8:0.9931| C 9:0.9925| C 10:nan| C 11:nan
Epoch[28/200] | Loss:0.0061 |Acc: 100.0000|Pred Confidence: 0.99 | C 0:0.9966 | C 1:0.9937 | C 2:0.9920| C 3:0.9954| C 4:0.9940| C 5:0.9949| C 6:0.9926| C 7:0.9917| C 8:0.9937| C 9:0.9931| C 10:nan| C 11:nan
Epoch[29/200] | Loss:0.0056 |Acc: 100.0000|Pred Confidence: 0.99 | C 0:0.9968 | C 1:0.9941 | C 2:0.9926| C 3:0.9958| C 4:0.9944| C 5:0.9953| C 6:0.9932| C 7:0.9924| C 8:0.9942| C 9:0.9937| C 10:nan| C 11:nan
Epoch[30/200] | Loss:0.0052 |Acc: 100.0000|Pred Confidence: 0.99 | C 0:0.9971 | C 1:0.9946 | C 2:0.9931| C 3:0.9961| C 4:0.9948| C 5:0.9956| C 6:0.9937| C 7:0.9929| C 8:0.9946| C 9:0.9942| C 10:nan| C 11:nan
Epoch[31/200] | Loss:0.0049 |Acc: 100.0000|Pred Confidence: 1.00 | C 0:0.9973 | C 1:0.9949 | C 2:0.9936| C 3:0.9963| C 4:0.9952| C 5:0.9959| C 6:0.9941| C 7:0.9934| C 8:0.9950| C 9:0.9946| C 10:nan| C 11:nan
Epoch[32/200] | Loss:0.0045 |Acc: 100.0000|Pred Confidence: 1.00 | C 0:0.9975 | C 1:0.9953 | C 2:0.9940| C 3:0.9966| C 4:0.9955| C 5:0.9962| C 6:0.9945| C 7:0.9939| C 8:0.9954| C 9:0.9950| C 10:nan| C 11:nan
Epoch[33/200] | Loss:0.0042 |Acc: 100.0000|Pred Confidence: 1.00 | C 0:0.9976 | C 1:0.9956 | C 2:0.9944| C 3:0.9968| C 4:0.9958| C 5:0.9964| C 6:0.9949| C 7:0.9943| C 8:0.9957| C 9:0.9953| C 10:nan| C 11:nan
Epoch[34/200] | Loss:0.0039 |Acc: 100.0000|Pred Confidence: 1.00 | C 0:0.9978 | C 1:0.9959 | C 2:0.9948| C 3:0.9970| C 4:0.9961| C 5:0.9967| C 6:0.9952| C 7:0.9947| C 8:0.9960| C 9:0.9957| C 10:nan| C 11:nan
Epoch[35/200] | Loss:0.0037 |Acc: 100.0000|Pred Confidence: 1.00 | C 0:0.9979 | C 1:0.9961 | C 2:0.9951| C 3:0.9972| C 4:0.9963| C 5:0.9969| C 6:0.9955| C 7:0.9950| C 8:0.9962| C 9:0.9959| C 10:nan| C 11:nan
Epoch[36/200] | Loss:0.0035 |Acc: 100.0000|Pred Confidence: 1.00 | C 0:0.9980 | C 1:0.9964 | C 2:0.9954| C 3:0.9974| C 4:0.9966| C 5:0.9971| C 6:0.9958| C 7:0.9953| C 8:0.9965| C 9:0.9962| C 10:nan| C 11:nan
Epoch[37/200] | Loss:0.0032 |Acc: 100.0000|Pred Confidence: 1.00 | C 0:0.9982 | C 1:0.9966 | C 2:0.9957| C 3:0.9975| C 4:0.9968| C 5:0.9973| C 6:0.9960| C 7:0.9956| C 8:0.9967| C 9:0.9965| C 10:nan| C 11:nan
Epoch[38/200] | Loss:0.0031 |Acc: 100.0000|Pred Confidence: 1.00 | C 0:0.9983 | C 1:0.9968 | C 2:0.9960| C 3:0.9977| C 4:0.9970| C 5:0.9974| C 6:0.9963| C 7:0.9959| C 8:0.9969| C 9:0.9967| C 10:nan| C 11:nan
Epoch[39/200] | Loss:0.0029 |Acc: 100.0000|Pred Confidence: 1.00 | C 0:0.9984 | C 1:0.9970 | C 2:0.9962| C 3:0.9978| C 4:0.9971| C 5:0.9976| C 6:0.9965| C 7:0.9961| C 8:0.9971| C 9:0.9969| C 10:nan| C 11:nan
Epoch[40/200] | Loss:0.0027 |Acc: 100.0000|Pred Confidence: 1.00 | C 0:0.9985 | C 1:0.9972 | C 2:0.9964| C 3:0.9979| C 4:0.9973| C 5:0.9977| C 6:0.9967| C 7:0.9964| C 8:0.9973| C 9:0.9971| C 10:nan| C 11:nan
Epoch[41/200] | Loss:0.0025 |Acc: 100.0000|Pred Confidence: 1.00 | C 0:0.9985 | C 1:0.9973 | C 2:0.9966| C 3:0.9980| C 4:0.9975| C 5:0.9978| C 6:0.9969| C 7:0.9966| C 8:0.9974| C 9:0.9972| C 10:nan| C 11:nan
Epoch[42/200] | Loss:0.0024 |Acc: 100.0000|Pred Confidence: 1.00 | C 0:0.9986 | C 1:0.9975 | C 2:0.9968| C 3:0.9981| C 4:0.9976| C 5:0.9980| C 6:0.9971| C 7:0.9968| C 8:0.9976| C 9:0.9974| C 10:nan| C 11:nan
Epoch[43/200] | Loss:0.0023 |Acc: 100.0000|Pred Confidence: 1.00 | C 0:0.9987 | C 1:0.9976 | C 2:0.9970| C 3:0.9982| C 4:0.9977| C 5:0.9981| C 6:0.9972| C 7:0.9969| C 8:0.9977| C 9:0.9976| C 10:nan| C 11:nan
Epoch[44/200] | Loss:0.0021 |Acc: 100.0000|Pred Confidence: 1.00 | C 0:0.9988 | C 1:0.9978 | C 2:0.9972| C 3:0.9983| C 4:0.9979| C 5:0.9982| C 6:0.9974| C 7:0.9971| C 8:0.9978| C 9:0.9977| C 10:nan| C 11:nan
Epoch[45/200] | Loss:0.0020 |Acc: 100.0000|Pred Confidence: 1.00 | C 0:0.9988 | C 1:0.9979 | C 2:0.9973| C 3:0.9984| C 4:0.9980| C 5:0.9983| C 6:0.9975| C 7:0.9973| C 8:0.9980| C 9:0.9978| C 10:nan| C 11:nan
Epoch[46/200] | Loss:0.0019 |Acc: 100.0000|Pred Confidence: 1.00 | C 0:0.9989 | C 1:0.9980 | C 2:0.9975| C 3:0.9985| C 4:0.9981| C 5:0.9984| C 6:0.9977| C 7:0.9974| C 8:0.9981| C 9:0.9979| C 10:nan| C 11:nan
Epoch[47/200] | Loss:0.0018 |Acc: 100.0000|Pred Confidence: 1.00 | C 0:0.9990 | C 1:0.9981 | C 2:0.9976| C 3:0.9986| C 4:0.9982| C 5:0.9984| C 6:0.9978| C 7:0.9976| C 8:0.9982| C 9:0.9981| C 10:nan| C 11:nan
Epoch[48/200] | Loss:0.0017 |Acc: 100.0000|Pred Confidence: 1.00 | C 0:0.9990 | C 1:0.9982 | C 2:0.9977| C 3:0.9987| C 4:0.9983| C 5:0.9985| C 6:0.9979| C 7:0.9977| C 8:0.9983| C 9:0.9982| C 10:nan| C 11:nan
Epoch[49/200] | Loss:0.0016 |Acc: 100.0000|Pred Confidence: 1.00 | C 0:0.9991 | C 1:0.9983 | C 2:0.9978| C 3:0.9987| C 4:0.9984| C 5:0.9986| C 6:0.9980| C 7:0.9978| C 8:0.9984| C 9:0.9983| C 10:nan| C 11:nan
Epoch[50/200] | Loss:0.0016 |Acc: 100.0000|Pred Confidence: 1.00 | C 0:0.9991 | C 1:0.9984 | C 2:0.9979| C 3:0.9988| C 4:0.9984| C 5:0.9987| C 6:0.9981| C 7:0.9979| C 8:0.9985| C 9:0.9984| C 10:nan| C 11:nan
Epoch[51/200] | Loss:0.0015 |Acc: 100.0000|Pred Confidence: 1.00 | C 0:0.9991 | C 1:0.9985 | C 2:0.9981| C 3:0.9989| C 4:0.9985| C 5:0.9987| C 6:0.9982| C 7:0.9980| C 8:0.9985| C 9:0.9984| C 10:nan| C 11:nan
Epoch[52/200] | Loss:0.0014 |Acc: 100.0000|Pred Confidence: 1.00 | C 0:0.9992 | C 1:0.9985 | C 2:0.9981| C 3:0.9989| C 4:0.9986| C 5:0.9988| C 6:0.9983| C 7:0.9981| C 8:0.9986| C 9:0.9985| C 10:nan| C 11:nan
Epoch[53/200] | Loss:0.0013 |Acc: 100.0000|Pred Confidence: 1.00 | C 0:0.9992 | C 1:0.9986 | C 2:0.9982| C 3:0.9990| C 4:0.9987| C 5:0.9989| C 6:0.9984| C 7:0.9982| C 8:0.9987| C 9:0.9986| C 10:nan| C 11:nan
Epoch[54/200] | Loss:0.0013 |Acc: 100.0000|Pred Confidence: 1.00 | C 0:0.9993 | C 1:0.9987 | C 2:0.9983| C 3:0.9990| C 4:0.9987| C 5:0.9989| C 6:0.9985| C 7:0.9983| C 8:0.9987| C 9:0.9987| C 10:nan| C 11:nan
Epoch[55/200] | Loss:0.0012 |Acc: 100.0000|Pred Confidence: 1.00 | C 0:0.9993 | C 1:0.9987 | C 2:0.9984| C 3:0.9991| C 4:0.9988| C 5:0.9990| C 6:0.9985| C 7:0.9984| C 8:0.9988| C 9:0.9987| C 10:nan| C 11:nan
Epoch[56/200] | Loss:0.0011 |Acc: 100.0000|Pred Confidence: 1.00 | C 0:0.9993 | C 1:0.9988 | C 2:0.9985| C 3:0.9991| C 4:0.9988| C 5:0.9990| C 6:0.9986| C 7:0.9985| C 8:0.9989| C 9:0.9988| C 10:nan| C 11:nan
Epoch[57/200] | Loss:0.0011 |Acc: 100.0000|Pred Confidence: 1.00 | C 0:0.9994 | C 1:0.9989 | C 2:0.9986| C 3:0.9991| C 4:0.9989| C 5:0.9991| C 6:0.9987| C 7:0.9985| C 8:0.9989| C 9:0.9989| C 10:nan| C 11:nan
Epoch[58/200] | Loss:0.0010 |Acc: 100.0000|Pred Confidence: 1.00 | C 0:0.9994 | C 1:0.9989 | C 2:0.9986| C 3:0.9992| C 4:0.9990| C 5:0.9991| C 6:0.9987| C 7:0.9986| C 8:0.9990| C 9:0.9989| C 10:nan| C 11:nan
Epoch[59/200] | Loss:0.0010 |Acc: 100.0000|Pred Confidence: 1.00 | C 0:0.9994 | C 1:0.9990 | C 2:0.9987| C 3:0.9992| C 4:0.9990| C 5:0.9992| C 6:0.9988| C 7:0.9987| C 8:0.9990| C 9:0.9990| C 10:nan| C 11:nan
Epoch[60/200] | Loss:0.0009 |Acc: 100.0000|Pred Confidence: 1.00 | C 0:0.9994 | C 1:0.9990 | C 2:0.9988| C 3:0.9993| C 4:0.9990| C 5:0.9992| C 6:0.9988| C 7:0.9987| C 8:0.9991| C 9:0.9990| C 10:nan| C 11:nan
Epoch[61/200] | Loss:0.0009 |Acc: 100.0000|Pred Confidence: 1.00 | C 0:0.9995 | C 1:0.9991 | C 2:0.9988| C 3:0.9993| C 4:0.9991| C 5:0.9992| C 6:0.9989| C 7:0.9988| C 8:0.9991| C 9:0.9991| C 10:nan| C 11:nan
Epoch[62/200] | Loss:0.0009 |Acc: 100.0000|Pred Confidence: 1.00 | C 0:0.9995 | C 1:0.9991 | C 2:0.9989| C 3:0.9993| C 4:0.9991| C 5:0.9993| C 6:0.9989| C 7:0.9989| C 8:0.9992| C 9:0.9991| C 10:nan| C 11:nan
Epoch[63/200] | Loss:0.0008 |Acc: 100.0000|Pred Confidence: 1.00 | C 0:0.9995 | C 1:0.9991 | C 2:0.9989| C 3:0.9994| C 4:0.9992| C 5:0.9993| C 6:0.9990| C 7:0.9989| C 8:0.9992| C 9:0.9991| C 10:nan| C 11:nan
Epoch[64/200] | Loss:0.0008 |Acc: 100.0000|Pred Confidence: 1.00 | C 0:0.9995 | C 1:0.9992 | C 2:0.9990| C 3:0.9994| C 4:0.9992| C 5:0.9993| C 6:0.9990| C 7:0.9990| C 8:0.9992| C 9:0.9992| C 10:nan| C 11:nan
Epoch[65/200] | Loss:0.0007 |Acc: 100.0000|Pred Confidence: 1.00 | C 0:0.9996 | C 1:0.9992 | C 2:0.9990| C 3:0.9994| C 4:0.9992| C 5:0.9994| C 6:0.9991| C 7:0.9990| C 8:0.9993| C 9:0.9992| C 10:nan| C 11:nan
Epoch[66/200] | Loss:0.0007 |Acc: 100.0000|Pred Confidence: 1.00 | C 0:0.9996 | C 1:0.9992 | C 2:0.9991| C 3:0.9994| C 4:0.9993| C 5:0.9994| C 6:0.9991| C 7:0.9991| C 8:0.9993| C 9:0.9993| C 10:nan| C 11:nan
Epoch[67/200] | Loss:0.0007 |Acc: 100.0000|Pred Confidence: 1.00 | C 0:0.9996 | C 1:0.9993 | C 2:0.9991| C 3:0.9995| C 4:0.9993| C 5:0.9994| C 6:0.9992| C 7:0.9991| C 8:0.9993| C 9:0.9993| C 10:nan| C 11:nan
Epoch[68/200] | Loss:0.0006 |Acc: 100.0000|Pred Confidence: 1.00 | C 0:0.9996 | C 1:0.9993 | C 2:0.9991| C 3:0.9995| C 4:0.9993| C 5:0.9994| C 6:0.9992| C 7:0.9991| C 8:0.9994| C 9:0.9993| C 10:nan| C 11:nan
Epoch[69/200] | Loss:0.0006 |Acc: 100.0000|Pred Confidence: 1.00 | C 0:0.9996 | C 1:0.9993 | C 2:0.9992| C 3:0.9995| C 4:0.9994| C 5:0.9995| C 6:0.9992| C 7:0.9992| C 8:0.9994| C 9:0.9994| C 10:nan| C 11:nan
Epoch[70/200] | Loss:0.0006 |Acc: 100.0000|Pred Confidence: 1.00 | C 0:0.9996 | C 1:0.9994 | C 2:0.9992| C 3:0.9995| C 4:0.9994| C 5:0.9995| C 6:0.9993| C 7:0.9992| C 8:0.9994| C 9:0.9994| C 10:nan| C 11:nan
Epoch[71/200] | Loss:0.0006 |Acc: 100.0000|Pred Confidence: 1.00 | C 0:0.9997 | C 1:0.9994 | C 2:0.9992| C 3:0.9995| C 4:0.9994| C 5:0.9995| C 6:0.9993| C 7:0.9992| C 8:0.9994| C 9:0.9994| C 10:nan| C 11:nan
Epoch[72/200] | Loss:0.0005 |Acc: 100.0000|Pred Confidence: 1.00 | C 0:0.9997 | C 1:0.9994 | C 2:0.9993| C 3:0.9996| C 4:0.9995| C 5:0.9995| C 6:0.9993| C 7:0.9993| C 8:0.9995| C 9:0.9994| C 10:nan| C 11:nan
Epoch[73/200] | Loss:0.0005 |Acc: 100.0000|Pred Confidence: 1.00 | C 0:0.9997 | C 1:0.9995 | C 2:0.9993| C 3:0.9996| C 4:0.9995| C 5:0.9996| C 6:0.9994| C 7:0.9993| C 8:0.9995| C 9:0.9995| C 10:nan| C 11:nan
Epoch[74/200] | Loss:0.0005 |Acc: 100.0000|Pred Confidence: 1.00 | C 0:0.9997 | C 1:0.9995 | C 2:0.9993| C 3:0.9996| C 4:0.9995| C 5:0.9996| C 6:0.9994| C 7:0.9993| C 8:0.9995| C 9:0.9995| C 10:nan| C 11:nan
Epoch[75/200] | Loss:0.0005 |Acc: 100.0000|Pred Confidence: 1.00 | C 0:0.9997 | C 1:0.9995 | C 2:0.9994| C 3:0.9996| C 4:0.9995| C 5:0.9996| C 6:0.9994| C 7:0.9994| C 8:0.9995| C 9:0.9995| C 10:nan| C 11:nan
Epoch[76/200] | Loss:0.0005 |Acc: 100.0000|Pred Confidence: 1.00 | C 0:0.9997 | C 1:0.9995 | C 2:0.9994| C 3:0.9996| C 4:0.9995| C 5:0.9996| C 6:0.9994| C 7:0.9994| C 8:0.9996| C 9:0.9995| C 10:nan| C 11:nan
Epoch[77/200] | Loss:0.0004 |Acc: 100.0000|Pred Confidence: 1.00 | C 0:0.9997 | C 1:0.9995 | C 2:0.9994| C 3:0.9997| C 4:0.9996| C 5:0.9996| C 6:0.9995| C 7:0.9994| C 8:0.9996| C 9:0.9996| C 10:nan| C 11:nan
Epoch[78/200] | Loss:0.0004 |Acc: 100.0000|Pred Confidence: 1.00 | C 0:0.9998 | C 1:0.9996 | C 2:0.9994| C 3:0.9997| C 4:0.9996| C 5:0.9996| C 6:0.9995| C 7:0.9994| C 8:0.9996| C 9:0.9996| C 10:nan| C 11:nan
Epoch[79/200] | Loss:0.0004 |Acc: 100.0000|Pred Confidence: 1.00 | C 0:0.9998 | C 1:0.9996 | C 2:0.9995| C 3:0.9997| C 4:0.9996| C 5:0.9997| C 6:0.9995| C 7:0.9995| C 8:0.9996| C 9:0.9996| C 10:nan| C 11:nan
Epoch[80/200] | Loss:0.0004 |Acc: 100.0000|Pred Confidence: 1.00 | C 0:0.9998 | C 1:0.9996 | C 2:0.9995| C 3:0.9997| C 4:0.9996| C 5:0.9997| C 6:0.9995| C 7:0.9995| C 8:0.9996| C 9:0.9996| C 10:nan| C 11:nan
Epoch[81/200] | Loss:0.0004 |Acc: 100.0000|Pred Confidence: 1.00 | C 0:0.9998 | C 1:0.9996 | C 2:0.9995| C 3:0.9997| C 4:0.9996| C 5:0.9997| C 6:0.9996| C 7:0.9995| C 8:0.9996| C 9:0.9996| C 10:nan| C 11:nan
Epoch[82/200] | Loss:0.0003 |Acc: 100.0000|Pred Confidence: 1.00 | C 0:0.9998 | C 1:0.9996 | C 2:0.9995| C 3:0.9997| C 4:0.9996| C 5:0.9997| C 6:0.9996| C 7:0.9995| C 8:0.9997| C 9:0.9996| C 10:nan| C 11:nan
Epoch[83/200] | Loss:0.0003 |Acc: 100.0000|Pred Confidence: 1.00 | C 0:0.9998 | C 1:0.9996 | C 2:0.9996| C 3:0.9997| C 4:0.9997| C 5:0.9997| C 6:0.9996| C 7:0.9996| C 8:0.9997| C 9:0.9997| C 10:nan| C 11:nan
Epoch[84/200] | Loss:0.0003 |Acc: 100.0000|Pred Confidence: 1.00 | C 0:0.9998 | C 1:0.9997 | C 2:0.9996| C 3:0.9997| C 4:0.9997| C 5:0.9997| C 6:0.9996| C 7:0.9996| C 8:0.9997| C 9:0.9997| C 10:nan| C 11:nan
Epoch[85/200] | Loss:0.0003 |Acc: 100.0000|Pred Confidence: 1.00 | C 0:0.9998 | C 1:0.9997 | C 2:0.9996| C 3:0.9998| C 4:0.9997| C 5:0.9997| C 6:0.9996| C 7:0.9996| C 8:0.9997| C 9:0.9997| C 10:nan| C 11:nan
Epoch[86/200] | Loss:0.0003 |Acc: 100.0000|Pred Confidence: 1.00 | C 0:0.9998 | C 1:0.9997 | C 2:0.9996| C 3:0.9998| C 4:0.9997| C 5:0.9997| C 6:0.9996| C 7:0.9996| C 8:0.9997| C 9:0.9997| C 10:nan| C 11:nan
Epoch[87/200] | Loss:0.0003 |Acc: 100.0000|Pred Confidence: 1.00 | C 0:0.9998 | C 1:0.9997 | C 2:0.9996| C 3:0.9998| C 4:0.9997| C 5:0.9998| C 6:0.9997| C 7:0.9996| C 8:0.9997| C 9:0.9997| C 10:nan| C 11:nan
Epoch[88/200] | Loss:0.0003 |Acc: 100.0000|Pred Confidence: 1.00 | C 0:0.9998 | C 1:0.9997 | C 2:0.9996| C 3:0.9998| C 4:0.9997| C 5:0.9998| C 6:0.9997| C 7:0.9996| C 8:0.9997| C 9:0.9997| C 10:nan| C 11:nan
Epoch[89/200] | Loss:0.0003 |Acc: 100.0000|Pred Confidence: 1.00 | C 0:0.9998 | C 1:0.9997 | C 2:0.9997| C 3:0.9998| C 4:0.9997| C 5:0.9998| C 6:0.9997| C 7:0.9997| C 8:0.9997| C 9:0.9997| C 10:nan| C 11:nan
Epoch[90/200] | Loss:0.0002 |Acc: 100.0000|Pred Confidence: 1.00 | C 0:0.9999 | C 1:0.9997 | C 2:0.9997| C 3:0.9998| C 4:0.9997| C 5:0.9998| C 6:0.9997| C 7:0.9997| C 8:0.9998| C 9:0.9997| C 10:nan| C 11:nan
Epoch[91/200] | Loss:0.0002 |Acc: 100.0000|Pred Confidence: 1.00 | C 0:0.9999 | C 1:0.9997 | C 2:0.9997| C 3:0.9998| C 4:0.9998| C 5:0.9998| C 6:0.9997| C 7:0.9997| C 8:0.9998| C 9:0.9998| C 10:nan| C 11:nan
Epoch[92/200] | Loss:0.0002 |Acc: 100.0000|Pred Confidence: 1.00 | C 0:0.9999 | C 1:0.9998 | C 2:0.9997| C 3:0.9998| C 4:0.9998| C 5:0.9998| C 6:0.9997| C 7:0.9997| C 8:0.9998| C 9:0.9998| C 10:nan| C 11:nan
Epoch[93/200] | Loss:0.0002 |Acc: 100.0000|Pred Confidence: 1.00 | C 0:0.9999 | C 1:0.9998 | C 2:0.9997| C 3:0.9998| C 4:0.9998| C 5:0.9998| C 6:0.9997| C 7:0.9997| C 8:0.9998| C 9:0.9998| C 10:nan| C 11:nan
Epoch[94/200] | Loss:0.0002 |Acc: 100.0000|Pred Confidence: 1.00 | C 0:0.9999 | C 1:0.9998 | C 2:0.9997| C 3:0.9998| C 4:0.9998| C 5:0.9998| C 6:0.9997| C 7:0.9997| C 8:0.9998| C 9:0.9998| C 10:nan| C 11:nan
Epoch[95/200] | Loss:0.0002 |Acc: 100.0000|Pred Confidence: 1.00 | C 0:0.9999 | C 1:0.9998 | C 2:0.9997| C 3:0.9998| C 4:0.9998| C 5:0.9998| C 6:0.9998| C 7:0.9997| C 8:0.9998| C 9:0.9998| C 10:nan| C 11:nan
Epoch[96/200] | Loss:0.0002 |Acc: 100.0000|Pred Confidence: 1.00 | C 0:0.9999 | C 1:0.9998 | C 2:0.9997| C 3:0.9998| C 4:0.9998| C 5:0.9998| C 6:0.9998| C 7:0.9997| C 8:0.9998| C 9:0.9998| C 10:nan| C 11:nan
Epoch[97/200] | Loss:0.0002 |Acc: 100.0000|Pred Confidence: 1.00 | C 0:0.9999 | C 1:0.9998 | C 2:0.9998| C 3:0.9998| C 4:0.9998| C 5:0.9998| C 6:0.9998| C 7:0.9998| C 8:0.9998| C 9:0.9998| C 10:nan| C 11:nan
Epoch[98/200] | Loss:0.0002 |Acc: 100.0000|Pred Confidence: 1.00 | C 0:0.9999 | C 1:0.9998 | C 2:0.9998| C 3:0.9999| C 4:0.9998| C 5:0.9998| C 6:0.9998| C 7:0.9998| C 8:0.9998| C 9:0.9998| C 10:nan| C 11:nan
Epoch[99/200] | Loss:0.0002 |Acc: 100.0000|Pred Confidence: 1.00 | C 0:0.9999 | C 1:0.9998 | C 2:0.9998| C 3:0.9999| C 4:0.9998| C 5:0.9999| C 6:0.9998| C 7:0.9998| C 8:0.9998| C 9:0.9998| C 10:nan| C 11:nan
Epoch[100/200] | Loss:0.0002 |Acc: 100.0000|Pred Confidence: 1.00 | C 0:0.9999 | C 1:0.9998 | C 2:0.9998| C 3:0.9999| C 4:0.9998| C 5:0.9999| C 6:0.9998| C 7:0.9998| C 8:0.9998| C 9:0.9998| C 10:nan| C 11:nan
Epoch[101/200] | Loss:0.0002 |Acc: 100.0000|Pred Confidence: 1.00 | C 0:0.9999 | C 1:0.9998 | C 2:0.9998| C 3:0.9999| C 4:0.9998| C 5:0.9999| C 6:0.9998| C 7:0.9998| C 8:0.9998| C 9:0.9998| C 10:nan| C 11:nan
Epoch[102/200] | Loss:0.0001 |Acc: 100.0000|Pred Confidence: 1.00 | C 0:0.9999 | C 1:0.9998 | C 2:0.9998| C 3:0.9999| C 4:0.9998| C 5:0.9999| C 6:0.9998| C 7:0.9998| C 8:0.9999| C 9:0.9998| C 10:nan| C 11:nan
Epoch[103/200] | Loss:0.0001 |Acc: 100.0000|Pred Confidence: 1.00 | C 0:0.9999 | C 1:0.9998 | C 2:0.9998| C 3:0.9999| C 4:0.9999| C 5:0.9999| C 6:0.9998| C 7:0.9998| C 8:0.9999| C 9:0.9999| C 10:nan| C 11:nan
Epoch[104/200] | Loss:0.0001 |Acc: 100.0000|Pred Confidence: 1.00 | C 0:0.9999 | C 1:0.9999 | C 2:0.9998| C 3:0.9999| C 4:0.9999| C 5:0.9999| C 6:0.9998| C 7:0.9998| C 8:0.9999| C 9:0.9999| C 10:nan| C 11:nan
Epoch[105/200] | Loss:0.0001 |Acc: 100.0000|Pred Confidence: 1.00 | C 0:0.9999 | C 1:0.9999 | C 2:0.9998| C 3:0.9999| C 4:0.9999| C 5:0.9999| C 6:0.9998| C 7:0.9998| C 8:0.9999| C 9:0.9999| C 10:nan| C 11:nan
Epoch[106/200] | Loss:0.0001 |Acc: 100.0000|Pred Confidence: 1.00 | C 0:0.9999 | C 1:0.9999 | C 2:0.9998| C 3:0.9999| C 4:0.9999| C 5:0.9999| C 6:0.9998| C 7:0.9998| C 8:0.9999| C 9:0.9999| C 10:nan| C 11:nan
Epoch[107/200] | Loss:0.0001 |Acc: 100.0000|Pred Confidence: 1.00 | C 0:0.9999 | C 1:0.9999 | C 2:0.9998| C 3:0.9999| C 4:0.9999| C 5:0.9999| C 6:0.9999| C 7:0.9998| C 8:0.9999| C 9:0.9999| C 10:nan| C 11:nan
Epoch[108/200] | Loss:0.0001 |Acc: 100.0000|Pred Confidence: 1.00 | C 0:0.9999 | C 1:0.9999 | C 2:0.9998| C 3:0.9999| C 4:0.9999| C 5:0.9999| C 6:0.9999| C 7:0.9998| C 8:0.9999| C 9:0.9999| C 10:nan| C 11:nan
Epoch[109/200] | Loss:0.0001 |Acc: 100.0000|Pred Confidence: 1.00 | C 0:0.9999 | C 1:0.9999 | C 2:0.9999| C 3:0.9999| C 4:0.9999| C 5:0.9999| C 6:0.9999| C 7:0.9999| C 8:0.9999| C 9:0.9999| C 10:nan| C 11:nan
Epoch[110/200] | Loss:0.0001 |Acc: 100.0000|Pred Confidence: 1.00 | C 0:0.9999 | C 1:0.9999 | C 2:0.9999| C 3:0.9999| C 4:0.9999| C 5:0.9999| C 6:0.9999| C 7:0.9999| C 8:0.9999| C 9:0.9999| C 10:nan| C 11:nan
Epoch[111/200] | Loss:0.0001 |Acc: 100.0000|Pred Confidence: 1.00 | C 0:0.9999 | C 1:0.9999 | C 2:0.9999| C 3:0.9999| C 4:0.9999| C 5:0.9999| C 6:0.9999| C 7:0.9999| C 8:0.9999| C 9:0.9999| C 10:nan| C 11:nan
Epoch[112/200] | Loss:0.0001 |Acc: 100.0000|Pred Confidence: 1.00 | C 0:0.9999 | C 1:0.9999 | C 2:0.9999| C 3:0.9999| C 4:0.9999| C 5:0.9999| C 6:0.9999| C 7:0.9999| C 8:0.9999| C 9:0.9999| C 10:nan| C 11:nan
Epoch[113/200] | Loss:0.0001 |Acc: 100.0000|Pred Confidence: 1.00 | C 0:0.9999 | C 1:0.9999 | C 2:0.9999| C 3:0.9999| C 4:0.9999| C 5:0.9999| C 6:0.9999| C 7:0.9999| C 8:0.9999| C 9:0.9999| C 10:nan| C 11:nan
Epoch[114/200] | Loss:0.0001 |Acc: 100.0000|Pred Confidence: 1.00 | C 0:0.9999 | C 1:0.9999 | C 2:0.9999| C 3:0.9999| C 4:0.9999| C 5:0.9999| C 6:0.9999| C 7:0.9999| C 8:0.9999| C 9:0.9999| C 10:nan| C 11:nan
Epoch[115/200] | Loss:0.0001 |Acc: 100.0000|Pred Confidence: 1.00 | C 0:0.9999 | C 1:0.9999 | C 2:0.9999| C 3:0.9999| C 4:0.9999| C 5:0.9999| C 6:0.9999| C 7:0.9999| C 8:0.9999| C 9:0.9999| C 10:nan| C 11:nan
Epoch[116/200] | Loss:0.0001 |Acc: 100.0000|Pred Confidence: 1.00 | C 0:0.9999 | C 1:0.9999 | C 2:0.9999| C 3:0.9999| C 4:0.9999| C 5:0.9999| C 6:0.9999| C 7:0.9999| C 8:0.9999| C 9:0.9999| C 10:nan| C 11:nan
Epoch[117/200] | Loss:0.0001 |Acc: 100.0000|Pred Confidence: 1.00 | C 0:1.0000 | C 1:0.9999 | C 2:0.9999| C 3:0.9999| C 4:0.9999| C 5:0.9999| C 6:0.9999| C 7:0.9999| C 8:0.9999| C 9:0.9999| C 10:nan| C 11:nan
Epoch[118/200] | Loss:0.0001 |Acc: 100.0000|Pred Confidence: 1.00 | C 0:1.0000 | C 1:0.9999 | C 2:0.9999| C 3:0.9999| C 4:0.9999| C 5:0.9999| C 6:0.9999| C 7:0.9999| C 8:0.9999| C 9:0.9999| C 10:nan| C 11:nan
Epoch[119/200] | Loss:0.0001 |Acc: 100.0000|Pred Confidence: 1.00 | C 0:1.0000 | C 1:0.9999 | C 2:0.9999| C 3:0.9999| C 4:0.9999| C 5:0.9999| C 6:0.9999| C 7:0.9999| C 8:0.9999| C 9:0.9999| C 10:nan| C 11:nan
Epoch[120/200] | Loss:0.0001 |Acc: 100.0000|Pred Confidence: 1.00 | C 0:1.0000 | C 1:0.9999 | C 2:0.9999| C 3:0.9999| C 4:0.9999| C 5:0.9999| C 6:0.9999| C 7:0.9999| C 8:0.9999| C 9:0.9999| C 10:nan| C 11:nan
Epoch[121/200] | Loss:0.0001 |Acc: 100.0000|Pred Confidence: 1.00 | C 0:1.0000 | C 1:0.9999 | C 2:0.9999| C 3:0.9999| C 4:0.9999| C 5:0.9999| C 6:0.9999| C 7:0.9999| C 8:0.9999| C 9:0.9999| C 10:nan| C 11:nan
Epoch[122/200] | Loss:0.0001 |Acc: 100.0000|Pred Confidence: 1.00 | C 0:1.0000 | C 1:0.9999 | C 2:0.9999| C 3:0.9999| C 4:0.9999| C 5:0.9999| C 6:0.9999| C 7:0.9999| C 8:0.9999| C 9:0.9999| C 10:nan| C 11:nan
Epoch[123/200] | Loss:0.0001 |Acc: 100.0000|Pred Confidence: 1.00 | C 0:1.0000 | C 1:0.9999 | C 2:0.9999| C 3:0.9999| C 4:0.9999| C 5:0.9999| C 6:0.9999| C 7:0.9999| C 8:0.9999| C 9:0.9999| C 10:nan| C 11:nan
Epoch[124/200] | Loss:0.0001 |Acc: 100.0000|Pred Confidence: 1.00 | C 0:1.0000 | C 1:0.9999 | C 2:0.9999| C 3:1.0000| C 4:0.9999| C 5:0.9999| C 6:0.9999| C 7:0.9999| C 8:0.9999| C 9:0.9999| C 10:nan| C 11:nan
Epoch[125/200] | Loss:0.0001 |Acc: 100.0000|Pred Confidence: 1.00 | C 0:1.0000 | C 1:0.9999 | C 2:0.9999| C 3:1.0000| C 4:0.9999| C 5:1.0000| C 6:0.9999| C 7:0.9999| C 8:0.9999| C 9:0.9999| C 10:nan| C 11:nan
Epoch[126/200] | Loss:0.0001 |Acc: 100.0000|Pred Confidence: 1.00 | C 0:1.0000 | C 1:0.9999 | C 2:0.9999| C 3:1.0000| C 4:0.9999| C 5:1.0000| C 6:0.9999| C 7:0.9999| C 8:0.9999| C 9:0.9999| C 10:nan| C 11:nan
Epoch[127/200] | Loss:0.0001 |Acc: 100.0000|Pred Confidence: 1.00 | C 0:1.0000 | C 1:0.9999 | C 2:0.9999| C 3:1.0000| C 4:0.9999| C 5:1.0000| C 6:0.9999| C 7:0.9999| C 8:0.9999| C 9:0.9999| C 10:nan| C 11:nan
Epoch[128/200] | Loss:0.0001 |Acc: 100.0000|Pred Confidence: 1.00 | C 0:1.0000 | C 1:0.9999 | C 2:0.9999| C 3:1.0000| C 4:0.9999| C 5:1.0000| C 6:0.9999| C 7:0.9999| C 8:0.9999| C 9:0.9999| C 10:nan| C 11:nan
Epoch[129/200] | Loss:0.0000 |Acc: 100.0000|Pred Confidence: 1.00 | C 0:1.0000 | C 1:0.9999 | C 2:0.9999| C 3:1.0000| C 4:0.9999| C 5:1.0000| C 6:0.9999| C 7:0.9999| C 8:1.0000| C 9:1.0000| C 10:nan| C 11:nan
Epoch[130/200] | Loss:0.0000 |Acc: 100.0000|Pred Confidence: 1.00 | C 0:1.0000 | C 1:0.9999 | C 2:0.9999| C 3:1.0000| C 4:1.0000| C 5:1.0000| C 6:0.9999| C 7:0.9999| C 8:1.0000| C 9:1.0000| C 10:nan| C 11:nan
Epoch[131/200] | Loss:0.0000 |Acc: 100.0000|Pred Confidence: 1.00 | C 0:1.0000 | C 1:1.0000 | C 2:0.9999| C 3:1.0000| C 4:1.0000| C 5:1.0000| C 6:0.9999| C 7:0.9999| C 8:1.0000| C 9:1.0000| C 10:nan| C 11:nan
Epoch[132/200] | Loss:0.0000 |Acc: 100.0000|Pred Confidence: 1.00 | C 0:1.0000 | C 1:1.0000 | C 2:0.9999| C 3:1.0000| C 4:1.0000| C 5:1.0000| C 6:0.9999| C 7:0.9999| C 8:1.0000| C 9:1.0000| C 10:nan| C 11:nan
Epoch[133/200] | Loss:0.0000 |Acc: 100.0000|Pred Confidence: 1.00 | C 0:1.0000 | C 1:1.0000 | C 2:0.9999| C 3:1.0000| C 4:1.0000| C 5:1.0000| C 6:0.9999| C 7:0.9999| C 8:1.0000| C 9:1.0000| C 10:nan| C 11:nan
Epoch[134/200] | Loss:0.0000 |Acc: 100.0000|Pred Confidence: 1.00 | C 0:1.0000 | C 1:1.0000 | C 2:0.9999| C 3:1.0000| C 4:1.0000| C 5:1.0000| C 6:1.0000| C 7:0.9999| C 8:1.0000| C 9:1.0000| C 10:nan| C 11:nan
Epoch[135/200] | Loss:0.0000 |Acc: 100.0000|Pred Confidence: 1.00 | C 0:1.0000 | C 1:1.0000 | C 2:0.9999| C 3:1.0000| C 4:1.0000| C 5:1.0000| C 6:1.0000| C 7:1.0000| C 8:1.0000| C 9:1.0000| C 10:nan| C 11:nan
Epoch[136/200] | Loss:0.0000 |Acc: 100.0000|Pred Confidence: 1.00 | C 0:1.0000 | C 1:1.0000 | C 2:1.0000| C 3:1.0000| C 4:1.0000| C 5:1.0000| C 6:1.0000| C 7:1.0000| C 8:1.0000| C 9:1.0000| C 10:nan| C 11:nan
Epoch[137/200] | Loss:0.0000 |Acc: 100.0000|Pred Confidence: 1.00 | C 0:1.0000 | C 1:1.0000 | C 2:1.0000| C 3:1.0000| C 4:1.0000| C 5:1.0000| C 6:1.0000| C 7:1.0000| C 8:1.0000| C 9:1.0000| C 10:nan| C 11:nan
Epoch[138/200] | Loss:0.0000 |Acc: 100.0000|Pred Confidence: 1.00 | C 0:1.0000 | C 1:1.0000 | C 2:1.0000| C 3:1.0000| C 4:1.0000| C 5:1.0000| C 6:1.0000| C 7:1.0000| C 8:1.0000| C 9:1.0000| C 10:nan| C 11:nan
Epoch[139/200] | Loss:0.0000 |Acc: 100.0000|Pred Confidence: 1.00 | C 0:1.0000 | C 1:1.0000 | C 2:1.0000| C 3:1.0000| C 4:1.0000| C 5:1.0000| C 6:1.0000| C 7:1.0000| C 8:1.0000| C 9:1.0000| C 10:nan| C 11:nan
Epoch[140/200] | Loss:0.0000 |Acc: 100.0000|Pred Confidence: 1.00 | C 0:1.0000 | C 1:1.0000 | C 2:1.0000| C 3:1.0000| C 4:1.0000| C 5:1.0000| C 6:1.0000| C 7:1.0000| C 8:1.0000| C 9:1.0000| C 10:nan| C 11:nan
Epoch[141/200] | Loss:0.0000 |Acc: 100.0000|Pred Confidence: 1.00 | C 0:1.0000 | C 1:1.0000 | C 2:1.0000| C 3:1.0000| C 4:1.0000| C 5:1.0000| C 6:1.0000| C 7:1.0000| C 8:1.0000| C 9:1.0000| C 10:nan| C 11:nan
Epoch[142/200] | Loss:0.0000 |Acc: 100.0000|Pred Confidence: 1.00 | C 0:1.0000 | C 1:1.0000 | C 2:1.0000| C 3:1.0000| C 4:1.0000| C 5:1.0000| C 6:1.0000| C 7:1.0000| C 8:1.0000| C 9:1.0000| C 10:nan| C 11:nan
Epoch[143/200] | Loss:0.0000 |Acc: 100.0000|Pred Confidence: 1.00 | C 0:1.0000 | C 1:1.0000 | C 2:1.0000| C 3:1.0000| C 4:1.0000| C 5:1.0000| C 6:1.0000| C 7:1.0000| C 8:1.0000| C 9:1.0000| C 10:nan| C 11:nan
Epoch[144/200] | Loss:0.0000 |Acc: 100.0000|Pred Confidence: 1.00 | C 0:1.0000 | C 1:1.0000 | C 2:1.0000| C 3:1.0000| C 4:1.0000| C 5:1.0000| C 6:1.0000| C 7:1.0000| C 8:1.0000| C 9:1.0000| C 10:nan| C 11:nan
Epoch[145/200] | Loss:0.0000 |Acc: 100.0000|Pred Confidence: 1.00 | C 0:1.0000 | C 1:1.0000 | C 2:1.0000| C 3:1.0000| C 4:1.0000| C 5:1.0000| C 6:1.0000| C 7:1.0000| C 8:1.0000| C 9:1.0000| C 10:nan| C 11:nan
Epoch[146/200] | Loss:0.0000 |Acc: 100.0000|Pred Confidence: 1.00 | C 0:1.0000 | C 1:1.0000 | C 2:1.0000| C 3:1.0000| C 4:1.0000| C 5:1.0000| C 6:1.0000| C 7:1.0000| C 8:1.0000| C 9:1.0000| C 10:nan| C 11:nan
Epoch[147/200] | Loss:0.0000 |Acc: 100.0000|Pred Confidence: 1.00 | C 0:1.0000 | C 1:1.0000 | C 2:1.0000| C 3:1.0000| C 4:1.0000| C 5:1.0000| C 6:1.0000| C 7:1.0000| C 8:1.0000| C 9:1.0000| C 10:nan| C 11:nan
Epoch[148/200] | Loss:0.0000 |Acc: 100.0000|Pred Confidence: 1.00 | C 0:1.0000 | C 1:1.0000 | C 2:1.0000| C 3:1.0000| C 4:1.0000| C 5:1.0000| C 6:1.0000| C 7:1.0000| C 8:1.0000| C 9:1.0000| C 10:nan| C 11:nan
Epoch[149/200] | Loss:0.0000 |Acc: 100.0000|Pred Confidence: 1.00 | C 0:1.0000 | C 1:1.0000 | C 2:1.0000| C 3:1.0000| C 4:1.0000| C 5:1.0000| C 6:1.0000| C 7:1.0000| C 8:1.0000| C 9:1.0000| C 10:nan| C 11:nan
Epoch[150/200] | Loss:0.0000 |Acc: 100.0000|Pred Confidence: 1.00 | C 0:1.0000 | C 1:1.0000 | C 2:1.0000| C 3:1.0000| C 4:1.0000| C 5:1.0000| C 6:1.0000| C 7:1.0000| C 8:1.0000| C 9:1.0000| C 10:nan| C 11:nan
Epoch[151/200] | Loss:0.0000 |Acc: 100.0000|Pred Confidence: 1.00 | C 0:1.0000 | C 1:1.0000 | C 2:1.0000| C 3:1.0000| C 4:1.0000| C 5:1.0000| C 6:1.0000| C 7:1.0000| C 8:1.0000| C 9:1.0000| C 10:nan| C 11:nan
Epoch[152/200] | Loss:0.0000 |Acc: 100.0000|Pred Confidence: 1.00 | C 0:1.0000 | C 1:1.0000 | C 2:1.0000| C 3:1.0000| C 4:1.0000| C 5:1.0000| C 6:1.0000| C 7:1.0000| C 8:1.0000| C 9:1.0000| C 10:nan| C 11:nan
Epoch[153/200] | Loss:0.0000 |Acc: 100.0000|Pred Confidence: 1.00 | C 0:1.0000 | C 1:1.0000 | C 2:1.0000| C 3:1.0000| C 4:1.0000| C 5:1.0000| C 6:1.0000| C 7:1.0000| C 8:1.0000| C 9:1.0000| C 10:nan| C 11:nan
Epoch[154/200] | Loss:0.0000 |Acc: 100.0000|Pred Confidence: 1.00 | C 0:1.0000 | C 1:1.0000 | C 2:1.0000| C 3:1.0000| C 4:1.0000| C 5:1.0000| C 6:1.0000| C 7:1.0000| C 8:1.0000| C 9:1.0000| C 10:nan| C 11:nan
Epoch[155/200] | Loss:0.0000 |Acc: 100.0000|Pred Confidence: 1.00 | C 0:1.0000 | C 1:1.0000 | C 2:1.0000| C 3:1.0000| C 4:1.0000| C 5:1.0000| C 6:1.0000| C 7:1.0000| C 8:1.0000| C 9:1.0000| C 10:nan| C 11:nan
Epoch[156/200] | Loss:0.0000 |Acc: 100.0000|Pred Confidence: 1.00 | C 0:1.0000 | C 1:1.0000 | C 2:1.0000| C 3:1.0000| C 4:1.0000| C 5:1.0000| C 6:1.0000| C 7:1.0000| C 8:1.0000| C 9:1.0000| C 10:nan| C 11:nan
Epoch[157/200] | Loss:0.0000 |Acc: 100.0000|Pred Confidence: 1.00 | C 0:1.0000 | C 1:1.0000 | C 2:1.0000| C 3:1.0000| C 4:1.0000| C 5:1.0000| C 6:1.0000| C 7:1.0000| C 8:1.0000| C 9:1.0000| C 10:nan| C 11:nan
Epoch[158/200] | Loss:0.0000 |Acc: 100.0000|Pred Confidence: 1.00 | C 0:1.0000 | C 1:1.0000 | C 2:1.0000| C 3:1.0000| C 4:1.0000| C 5:1.0000| C 6:1.0000| C 7:1.0000| C 8:1.0000| C 9:1.0000| C 10:nan| C 11:nan
Epoch[159/200] | Loss:0.0000 |Acc: 100.0000|Pred Confidence: 1.00 | C 0:1.0000 | C 1:1.0000 | C 2:1.0000| C 3:1.0000| C 4:1.0000| C 5:1.0000| C 6:1.0000| C 7:1.0000| C 8:1.0000| C 9:1.0000| C 10:nan| C 11:nan
Epoch[160/200] | Loss:0.0000 |Acc: 100.0000|Pred Confidence: 1.00 | C 0:1.0000 | C 1:1.0000 | C 2:1.0000| C 3:1.0000| C 4:1.0000| C 5:1.0000| C 6:1.0000| C 7:1.0000| C 8:1.0000| C 9:1.0000| C 10:nan| C 11:nan
Epoch[161/200] | Loss:0.0000 |Acc: 100.0000|Pred Confidence: 1.00 | C 0:1.0000 | C 1:1.0000 | C 2:1.0000| C 3:1.0000| C 4:1.0000| C 5:1.0000| C 6:1.0000| C 7:1.0000| C 8:1.0000| C 9:1.0000| C 10:nan| C 11:nan
Epoch[162/200] | Loss:0.0000 |Acc: 100.0000|Pred Confidence: 1.00 | C 0:1.0000 | C 1:1.0000 | C 2:1.0000| C 3:1.0000| C 4:1.0000| C 5:1.0000| C 6:1.0000| C 7:1.0000| C 8:1.0000| C 9:1.0000| C 10:nan| C 11:nan
Epoch[163/200] | Loss:0.0000 |Acc: 100.0000|Pred Confidence: 1.00 | C 0:1.0000 | C 1:1.0000 | C 2:1.0000| C 3:1.0000| C 4:1.0000| C 5:1.0000| C 6:1.0000| C 7:1.0000| C 8:1.0000| C 9:1.0000| C 10:nan| C 11:nan
Epoch[164/200] | Loss:0.0000 |Acc: 100.0000|Pred Confidence: 1.00 | C 0:1.0000 | C 1:1.0000 | C 2:1.0000| C 3:1.0000| C 4:1.0000| C 5:1.0000| C 6:1.0000| C 7:1.0000| C 8:1.0000| C 9:1.0000| C 10:nan| C 11:nan
Epoch[165/200] | Loss:0.0000 |Acc: 100.0000|Pred Confidence: 1.00 | C 0:1.0000 | C 1:1.0000 | C 2:1.0000| C 3:1.0000| C 4:1.0000| C 5:1.0000| C 6:1.0000| C 7:1.0000| C 8:1.0000| C 9:1.0000| C 10:nan| C 11:nan
Epoch[166/200] | Loss:0.0000 |Acc: 100.0000|Pred Confidence: 1.00 | C 0:1.0000 | C 1:1.0000 | C 2:1.0000| C 3:1.0000| C 4:1.0000| C 5:1.0000| C 6:1.0000| C 7:1.0000| C 8:1.0000| C 9:1.0000| C 10:nan| C 11:nan
Epoch[167/200] | Loss:0.0000 |Acc: 100.0000|Pred Confidence: 1.00 | C 0:1.0000 | C 1:1.0000 | C 2:1.0000| C 3:1.0000| C 4:1.0000| C 5:1.0000| C 6:1.0000| C 7:1.0000| C 8:1.0000| C 9:1.0000| C 10:nan| C 11:nan
Epoch[168/200] | Loss:0.0000 |Acc: 100.0000|Pred Confidence: 1.00 | C 0:1.0000 | C 1:1.0000 | C 2:1.0000| C 3:1.0000| C 4:1.0000| C 5:1.0000| C 6:1.0000| C 7:1.0000| C 8:1.0000| C 9:1.0000| C 10:nan| C 11:nan
Epoch[169/200] | Loss:0.0000 |Acc: 100.0000|Pred Confidence: 1.00 | C 0:1.0000 | C 1:1.0000 | C 2:1.0000| C 3:1.0000| C 4:1.0000| C 5:1.0000| C 6:1.0000| C 7:1.0000| C 8:1.0000| C 9:1.0000| C 10:nan| C 11:nan
Epoch[170/200] | Loss:0.0000 |Acc: 100.0000|Pred Confidence: 1.00 | C 0:1.0000 | C 1:1.0000 | C 2:1.0000| C 3:1.0000| C 4:1.0000| C 5:1.0000| C 6:1.0000| C 7:1.0000| C 8:1.0000| C 9:1.0000| C 10:nan| C 11:nan
Epoch[171/200] | Loss:0.0000 |Acc: 100.0000|Pred Confidence: 1.00 | C 0:1.0000 | C 1:1.0000 | C 2:1.0000| C 3:1.0000| C 4:1.0000| C 5:1.0000| C 6:1.0000| C 7:1.0000| C 8:1.0000| C 9:1.0000| C 10:nan| C 11:nan
Epoch[172/200] | Loss:0.0000 |Acc: 100.0000|Pred Confidence: 1.00 | C 0:1.0000 | C 1:1.0000 | C 2:1.0000| C 3:1.0000| C 4:1.0000| C 5:1.0000| C 6:1.0000| C 7:1.0000| C 8:1.0000| C 9:1.0000| C 10:nan| C 11:nan
Epoch[173/200] | Loss:0.0000 |Acc: 100.0000|Pred Confidence: 1.00 | C 0:1.0000 | C 1:1.0000 | C 2:1.0000| C 3:1.0000| C 4:1.0000| C 5:1.0000| C 6:1.0000| C 7:1.0000| C 8:1.0000| C 9:1.0000| C 10:nan| C 11:nan
Epoch[174/200] | Loss:0.0000 |Acc: 100.0000|Pred Confidence: 1.00 | C 0:1.0000 | C 1:1.0000 | C 2:1.0000| C 3:1.0000| C 4:1.0000| C 5:1.0000| C 6:1.0000| C 7:1.0000| C 8:1.0000| C 9:1.0000| C 10:nan| C 11:nan
Epoch[175/200] | Loss:0.0000 |Acc: 100.0000|Pred Confidence: 1.00 | C 0:1.0000 | C 1:1.0000 | C 2:1.0000| C 3:1.0000| C 4:1.0000| C 5:1.0000| C 6:1.0000| C 7:1.0000| C 8:1.0000| C 9:1.0000| C 10:nan| C 11:nan
Epoch[176/200] | Loss:0.0000 |Acc: 100.0000|Pred Confidence: 1.00 | C 0:1.0000 | C 1:1.0000 | C 2:1.0000| C 3:1.0000| C 4:1.0000| C 5:1.0000| C 6:1.0000| C 7:1.0000| C 8:1.0000| C 9:1.0000| C 10:nan| C 11:nan
Epoch[177/200] | Loss:0.0000 |Acc: 100.0000|Pred Confidence: 1.00 | C 0:1.0000 | C 1:1.0000 | C 2:1.0000| C 3:1.0000| C 4:1.0000| C 5:1.0000| C 6:1.0000| C 7:1.0000| C 8:1.0000| C 9:1.0000| C 10:nan| C 11:nan
Epoch[178/200] | Loss:0.0000 |Acc: 100.0000|Pred Confidence: 1.00 | C 0:1.0000 | C 1:1.0000 | C 2:1.0000| C 3:1.0000| C 4:1.0000| C 5:1.0000| C 6:1.0000| C 7:1.0000| C 8:1.0000| C 9:1.0000| C 10:nan| C 11:nan
Epoch[179/200] | Loss:0.0000 |Acc: 100.0000|Pred Confidence: 1.00 | C 0:1.0000 | C 1:1.0000 | C 2:1.0000| C 3:1.0000| C 4:1.0000| C 5:1.0000| C 6:1.0000| C 7:1.0000| C 8:1.0000| C 9:1.0000| C 10:nan| C 11:nan
Epoch[180/200] | Loss:0.0000 |Acc: 100.0000|Pred Confidence: 1.00 | C 0:1.0000 | C 1:1.0000 | C 2:1.0000| C 3:1.0000| C 4:1.0000| C 5:1.0000| C 6:1.0000| C 7:1.0000| C 8:1.0000| C 9:1.0000| C 10:nan| C 11:nan
Epoch[181/200] | Loss:0.0000 |Acc: 100.0000|Pred Confidence: 1.00 | C 0:1.0000 | C 1:1.0000 | C 2:1.0000| C 3:1.0000| C 4:1.0000| C 5:1.0000| C 6:1.0000| C 7:1.0000| C 8:1.0000| C 9:1.0000| C 10:nan| C 11:nan
Epoch[182/200] | Loss:0.0000 |Acc: 100.0000|Pred Confidence: 1.00 | C 0:1.0000 | C 1:1.0000 | C 2:1.0000| C 3:1.0000| C 4:1.0000| C 5:1.0000| C 6:1.0000| C 7:1.0000| C 8:1.0000| C 9:1.0000| C 10:nan| C 11:nan
Epoch[183/200] | Loss:0.0000 |Acc: 100.0000|Pred Confidence: 1.00 | C 0:1.0000 | C 1:1.0000 | C 2:1.0000| C 3:1.0000| C 4:1.0000| C 5:1.0000| C 6:1.0000| C 7:1.0000| C 8:1.0000| C 9:1.0000| C 10:nan| C 11:nan
Epoch[184/200] | Loss:0.0000 |Acc: 100.0000|Pred Confidence: 1.00 | C 0:1.0000 | C 1:1.0000 | C 2:1.0000| C 3:1.0000| C 4:1.0000| C 5:1.0000| C 6:1.0000| C 7:1.0000| C 8:1.0000| C 9:1.0000| C 10:nan| C 11:nan
Epoch[185/200] | Loss:0.0000 |Acc: 100.0000|Pred Confidence: 1.00 | C 0:1.0000 | C 1:1.0000 | C 2:1.0000| C 3:1.0000| C 4:1.0000| C 5:1.0000| C 6:1.0000| C 7:1.0000| C 8:1.0000| C 9:1.0000| C 10:nan| C 11:nan
Epoch[186/200] | Loss:0.0000 |Acc: 100.0000|Pred Confidence: 1.00 | C 0:1.0000 | C 1:1.0000 | C 2:1.0000| C 3:1.0000| C 4:1.0000| C 5:1.0000| C 6:1.0000| C 7:1.0000| C 8:1.0000| C 9:1.0000| C 10:nan| C 11:nan
Epoch[187/200] | Loss:0.0000 |Acc: 100.0000|Pred Confidence: 1.00 | C 0:1.0000 | C 1:1.0000 | C 2:1.0000| C 3:1.0000| C 4:1.0000| C 5:1.0000| C 6:1.0000| C 7:1.0000| C 8:1.0000| C 9:1.0000| C 10:nan| C 11:nan
Epoch[188/200] | Loss:0.0000 |Acc: 100.0000|Pred Confidence: 1.00 | C 0:1.0000 | C 1:1.0000 | C 2:1.0000| C 3:1.0000| C 4:1.0000| C 5:1.0000| C 6:1.0000| C 7:1.0000| C 8:1.0000| C 9:1.0000| C 10:nan| C 11:nan
Epoch[189/200] | Loss:0.0000 |Acc: 100.0000|Pred Confidence: 1.00 | C 0:1.0000 | C 1:1.0000 | C 2:1.0000| C 3:1.0000| C 4:1.0000| C 5:1.0000| C 6:1.0000| C 7:1.0000| C 8:1.0000| C 9:1.0000| C 10:nan| C 11:nan
Epoch[190/200] | Loss:0.0000 |Acc: 100.0000|Pred Confidence: 1.00 | C 0:1.0000 | C 1:1.0000 | C 2:1.0000| C 3:1.0000| C 4:1.0000| C 5:1.0000| C 6:1.0000| C 7:1.0000| C 8:1.0000| C 9:1.0000| C 10:nan| C 11:nan
Epoch[191/200] | Loss:0.0000 |Acc: 100.0000|Pred Confidence: 1.00 | C 0:1.0000 | C 1:1.0000 | C 2:1.0000| C 3:1.0000| C 4:1.0000| C 5:1.0000| C 6:1.0000| C 7:1.0000| C 8:1.0000| C 9:1.0000| C 10:nan| C 11:nan
Epoch[192/200] | Loss:0.0000 |Acc: 100.0000|Pred Confidence: 1.00 | C 0:1.0000 | C 1:1.0000 | C 2:1.0000| C 3:1.0000| C 4:1.0000| C 5:1.0000| C 6:1.0000| C 7:1.0000| C 8:1.0000| C 9:1.0000| C 10:nan| C 11:nan
Epoch[193/200] | Loss:0.0000 |Acc: 100.0000|Pred Confidence: 1.00 | C 0:1.0000 | C 1:1.0000 | C 2:1.0000| C 3:1.0000| C 4:1.0000| C 5:1.0000| C 6:1.0000| C 7:1.0000| C 8:1.0000| C 9:1.0000| C 10:nan| C 11:nan
Epoch[194/200] | Loss:0.0000 |Acc: 100.0000|Pred Confidence: 1.00 | C 0:1.0000 | C 1:1.0000 | C 2:1.0000| C 3:1.0000| C 4:1.0000| C 5:1.0000| C 6:1.0000| C 7:1.0000| C 8:1.0000| C 9:1.0000| C 10:nan| C 11:nan
Epoch[195/200] | Loss:0.0000 |Acc: 100.0000|Pred Confidence: 1.00 | C 0:1.0000 | C 1:1.0000 | C 2:1.0000| C 3:1.0000| C 4:1.0000| C 5:1.0000| C 6:1.0000| C 7:1.0000| C 8:1.0000| C 9:1.0000| C 10:nan| C 11:nan
Epoch[196/200] | Loss:0.0000 |Acc: 100.0000|Pred Confidence: 1.00 | C 0:1.0000 | C 1:1.0000 | C 2:1.0000| C 3:1.0000| C 4:1.0000| C 5:1.0000| C 6:1.0000| C 7:1.0000| C 8:1.0000| C 9:1.0000| C 10:nan| C 11:nan
Epoch[197/200] | Loss:0.0000 |Acc: 100.0000|Pred Confidence: 1.00 | C 0:1.0000 | C 1:1.0000 | C 2:1.0000| C 3:1.0000| C 4:1.0000| C 5:1.0000| C 6:1.0000| C 7:1.0000| C 8:1.0000| C 9:1.0000| C 10:nan| C 11:nan
Epoch[198/200] | Loss:0.0000 |Acc: 100.0000|Pred Confidence: 1.00 | C 0:1.0000 | C 1:1.0000 | C 2:1.0000| C 3:1.0000| C 4:1.0000| C 5:1.0000| C 6:1.0000| C 7:1.0000| C 8:1.0000| C 9:1.0000| C 10:nan| C 11:nan
Epoch[199/200] | Loss:0.0000 |Acc: 100.0000|Pred Confidence: 1.00 | C 0:1.0000 | C 1:1.0000 | C 2:1.0000| C 3:1.0000| C 4:1.0000| C 5:1.0000| C 6:1.0000| C 7:1.0000| C 8:1.0000| C 9:1.0000| C 10:nan| C 11:nan
Epoch[200/200] | Loss:0.0000 |Acc: 100.0000|Pred Confidence: 1.00 | C 0:1.0000 | C 1:1.0000 | C 2:1.0000| C 3:1.0000| C 4:1.0000| C 5:1.0000| C 6:1.0000| C 7:1.0000| C 8:1.0000| C 9:1.0000| C 10:nan| C 11:nan
Test 1 Accuracy 100.0 | Confidence ({0: array([0.99999833], dtype=float32), 1: array([0.9999969], dtype=float32), 2: array([0.9999963], dtype=float32), 3: array([0.9999976], dtype=float32), 4: array([0.99999714], dtype=float32), 5: array([0.9999976], dtype=float32), 6: array([0.99999666], dtype=float32), 7: array([0.99999654], dtype=float32), 8: array([0.9999974], dtype=float32), 9: array([0.9999974], dtype=float32)}, 0.99999714)
Train 1 Accuracy 100.0 | Confidence ({0: array([0.99999815], dtype=float32), 1: array([0.99999714], dtype=float32), 2: array([0.9999964], dtype=float32), 3: array([0.99999785], dtype=float32), 4: array([0.9999972], dtype=float32), 5: array([0.99999785], dtype=float32), 6: array([0.9999969], dtype=float32), 7: array([0.9999968], dtype=float32), 8: array([0.99999726], dtype=float32), 9: array([0.9999975], dtype=float32)}, 0.99999726)
